[2021-09-21 01:17:14,160] {processor.py:162} INFO - Started process (PID=114) to work on /home/airflow/.local/lib/python3.6/site-packages/airflow/example_dags/example_branch_datetime_operator.py
[2021-09-21 01:17:14,163] {processor.py:613} INFO - Processing file /home/airflow/.local/lib/python3.6/site-packages/airflow/example_dags/example_branch_datetime_operator.py for tasks to queue
[2021-09-21 01:17:14,165] {logging_mixin.py:109} INFO - [2021-09-21 01:17:14,165] {dagbag.py:496} INFO - Filling up the DagBag from /home/airflow/.local/lib/python3.6/site-packages/airflow/example_dags/example_branch_datetime_operator.py
[2021-09-21 01:17:14,198] {processor.py:623} INFO - DAG(s) dict_keys(['example_branch_datetime_operator_2']) retrieved from /home/airflow/.local/lib/python3.6/site-packages/airflow/example_dags/example_branch_datetime_operator.py
[2021-09-21 01:17:17,778] {logging_mixin.py:109} INFO - [2021-09-21 01:17:17,777] {dag.py:1834} INFO - Sync 1 DAGs
[2021-09-21 01:17:17,793] {logging_mixin.py:109} INFO - [2021-09-21 01:17:17,791] {dag.py:1853} INFO - Creating ORM DAG for example_branch_datetime_operator_2
[2021-09-21 01:17:17,807] {logging_mixin.py:109} INFO - [2021-09-21 01:17:17,807] {dag.py:2287} INFO - Setting next_dagrun for example_branch_datetime_operator_2 to 2021-09-19 00:00:00+00:00
[2021-09-21 01:17:17,824] {processor.py:170} INFO - Processing /home/airflow/.local/lib/python3.6/site-packages/airflow/example_dags/example_branch_datetime_operator.py took 3.671 seconds
[2021-09-21 01:17:48,901] {processor.py:162} INFO - Started process (PID=309) to work on /home/airflow/.local/lib/python3.6/site-packages/airflow/example_dags/example_branch_datetime_operator.py
[2021-09-21 01:17:48,903] {processor.py:613} INFO - Processing file /home/airflow/.local/lib/python3.6/site-packages/airflow/example_dags/example_branch_datetime_operator.py for tasks to queue
[2021-09-21 01:17:48,905] {logging_mixin.py:109} INFO - [2021-09-21 01:17:48,905] {dagbag.py:496} INFO - Filling up the DagBag from /home/airflow/.local/lib/python3.6/site-packages/airflow/example_dags/example_branch_datetime_operator.py
[2021-09-21 01:17:48,921] {processor.py:623} INFO - DAG(s) dict_keys(['example_branch_datetime_operator_2']) retrieved from /home/airflow/.local/lib/python3.6/site-packages/airflow/example_dags/example_branch_datetime_operator.py
[2021-09-21 01:17:48,947] {logging_mixin.py:109} INFO - [2021-09-21 01:17:48,947] {dag.py:1834} INFO - Sync 1 DAGs
[2021-09-21 01:17:48,965] {logging_mixin.py:109} INFO - [2021-09-21 01:17:48,965] {dag.py:2287} INFO - Setting next_dagrun for example_branch_datetime_operator_2 to 2021-09-19 00:00:00+00:00
[2021-09-21 01:17:48,978] {processor.py:170} INFO - Processing /home/airflow/.local/lib/python3.6/site-packages/airflow/example_dags/example_branch_datetime_operator.py took 0.082 seconds
[2021-09-21 01:18:19,759] {processor.py:162} INFO - Started process (PID=372) to work on /home/airflow/.local/lib/python3.6/site-packages/airflow/example_dags/example_branch_datetime_operator.py
[2021-09-21 01:18:19,761] {processor.py:613} INFO - Processing file /home/airflow/.local/lib/python3.6/site-packages/airflow/example_dags/example_branch_datetime_operator.py for tasks to queue
[2021-09-21 01:18:19,763] {logging_mixin.py:109} INFO - [2021-09-21 01:18:19,763] {dagbag.py:496} INFO - Filling up the DagBag from /home/airflow/.local/lib/python3.6/site-packages/airflow/example_dags/example_branch_datetime_operator.py
[2021-09-21 01:18:19,778] {processor.py:623} INFO - DAG(s) dict_keys(['example_branch_datetime_operator_2']) retrieved from /home/airflow/.local/lib/python3.6/site-packages/airflow/example_dags/example_branch_datetime_operator.py
[2021-09-21 01:18:19,807] {logging_mixin.py:109} INFO - [2021-09-21 01:18:19,807] {dag.py:1834} INFO - Sync 1 DAGs
[2021-09-21 01:18:19,833] {logging_mixin.py:109} INFO - [2021-09-21 01:18:19,833] {dag.py:2287} INFO - Setting next_dagrun for example_branch_datetime_operator_2 to 2021-09-19 00:00:00+00:00
[2021-09-21 01:18:19,845] {processor.py:170} INFO - Processing /home/airflow/.local/lib/python3.6/site-packages/airflow/example_dags/example_branch_datetime_operator.py took 0.090 seconds
[2021-09-21 01:18:49,918] {processor.py:162} INFO - Started process (PID=426) to work on /home/airflow/.local/lib/python3.6/site-packages/airflow/example_dags/example_branch_datetime_operator.py
[2021-09-21 01:18:49,920] {processor.py:613} INFO - Processing file /home/airflow/.local/lib/python3.6/site-packages/airflow/example_dags/example_branch_datetime_operator.py for tasks to queue
[2021-09-21 01:18:49,922] {logging_mixin.py:109} INFO - [2021-09-21 01:18:49,922] {dagbag.py:496} INFO - Filling up the DagBag from /home/airflow/.local/lib/python3.6/site-packages/airflow/example_dags/example_branch_datetime_operator.py
[2021-09-21 01:18:49,937] {processor.py:623} INFO - DAG(s) dict_keys(['example_branch_datetime_operator_2']) retrieved from /home/airflow/.local/lib/python3.6/site-packages/airflow/example_dags/example_branch_datetime_operator.py
[2021-09-21 01:18:49,962] {logging_mixin.py:109} INFO - [2021-09-21 01:18:49,962] {dag.py:1834} INFO - Sync 1 DAGs
[2021-09-21 01:18:49,982] {logging_mixin.py:109} INFO - [2021-09-21 01:18:49,982] {dag.py:2287} INFO - Setting next_dagrun for example_branch_datetime_operator_2 to 2021-09-19 00:00:00+00:00
[2021-09-21 01:18:49,994] {processor.py:170} INFO - Processing /home/airflow/.local/lib/python3.6/site-packages/airflow/example_dags/example_branch_datetime_operator.py took 0.080 seconds
[2021-09-21 01:19:20,052] {processor.py:162} INFO - Started process (PID=489) to work on /home/airflow/.local/lib/python3.6/site-packages/airflow/example_dags/example_branch_datetime_operator.py
[2021-09-21 01:19:20,054] {processor.py:613} INFO - Processing file /home/airflow/.local/lib/python3.6/site-packages/airflow/example_dags/example_branch_datetime_operator.py for tasks to queue
[2021-09-21 01:19:20,056] {logging_mixin.py:109} INFO - [2021-09-21 01:19:20,056] {dagbag.py:496} INFO - Filling up the DagBag from /home/airflow/.local/lib/python3.6/site-packages/airflow/example_dags/example_branch_datetime_operator.py
[2021-09-21 01:19:20,071] {processor.py:623} INFO - DAG(s) dict_keys(['example_branch_datetime_operator_2']) retrieved from /home/airflow/.local/lib/python3.6/site-packages/airflow/example_dags/example_branch_datetime_operator.py
[2021-09-21 01:19:20,099] {logging_mixin.py:109} INFO - [2021-09-21 01:19:20,099] {dag.py:1834} INFO - Sync 1 DAGs
[2021-09-21 01:19:20,119] {logging_mixin.py:109} INFO - [2021-09-21 01:19:20,119] {dag.py:2287} INFO - Setting next_dagrun for example_branch_datetime_operator_2 to 2021-09-19 00:00:00+00:00
[2021-09-21 01:19:20,135] {processor.py:170} INFO - Processing /home/airflow/.local/lib/python3.6/site-packages/airflow/example_dags/example_branch_datetime_operator.py took 0.089 seconds
[2021-09-21 01:19:50,188] {processor.py:162} INFO - Started process (PID=553) to work on /home/airflow/.local/lib/python3.6/site-packages/airflow/example_dags/example_branch_datetime_operator.py
[2021-09-21 01:19:50,190] {processor.py:613} INFO - Processing file /home/airflow/.local/lib/python3.6/site-packages/airflow/example_dags/example_branch_datetime_operator.py for tasks to queue
[2021-09-21 01:19:50,191] {logging_mixin.py:109} INFO - [2021-09-21 01:19:50,191] {dagbag.py:496} INFO - Filling up the DagBag from /home/airflow/.local/lib/python3.6/site-packages/airflow/example_dags/example_branch_datetime_operator.py
[2021-09-21 01:19:50,204] {processor.py:623} INFO - DAG(s) dict_keys(['example_branch_datetime_operator_2']) retrieved from /home/airflow/.local/lib/python3.6/site-packages/airflow/example_dags/example_branch_datetime_operator.py
[2021-09-21 01:19:50,226] {logging_mixin.py:109} INFO - [2021-09-21 01:19:50,226] {dag.py:1834} INFO - Sync 1 DAGs
[2021-09-21 01:19:50,244] {logging_mixin.py:109} INFO - [2021-09-21 01:19:50,244] {dag.py:2287} INFO - Setting next_dagrun for example_branch_datetime_operator_2 to 2021-09-19 00:00:00+00:00
[2021-09-21 01:19:50,257] {processor.py:170} INFO - Processing /home/airflow/.local/lib/python3.6/site-packages/airflow/example_dags/example_branch_datetime_operator.py took 0.073 seconds
[2021-09-21 01:20:20,484] {processor.py:162} INFO - Started process (PID=606) to work on /home/airflow/.local/lib/python3.6/site-packages/airflow/example_dags/example_branch_datetime_operator.py
[2021-09-21 01:20:20,486] {processor.py:613} INFO - Processing file /home/airflow/.local/lib/python3.6/site-packages/airflow/example_dags/example_branch_datetime_operator.py for tasks to queue
[2021-09-21 01:20:20,488] {logging_mixin.py:109} INFO - [2021-09-21 01:20:20,487] {dagbag.py:496} INFO - Filling up the DagBag from /home/airflow/.local/lib/python3.6/site-packages/airflow/example_dags/example_branch_datetime_operator.py
[2021-09-21 01:20:20,507] {processor.py:623} INFO - DAG(s) dict_keys(['example_branch_datetime_operator_2']) retrieved from /home/airflow/.local/lib/python3.6/site-packages/airflow/example_dags/example_branch_datetime_operator.py
[2021-09-21 01:20:20,531] {logging_mixin.py:109} INFO - [2021-09-21 01:20:20,530] {dag.py:1834} INFO - Sync 1 DAGs
[2021-09-21 01:20:20,548] {logging_mixin.py:109} INFO - [2021-09-21 01:20:20,548] {dag.py:2287} INFO - Setting next_dagrun for example_branch_datetime_operator_2 to 2021-09-19 00:00:00+00:00
[2021-09-21 01:20:20,559] {processor.py:170} INFO - Processing /home/airflow/.local/lib/python3.6/site-packages/airflow/example_dags/example_branch_datetime_operator.py took 0.079 seconds
[2021-09-21 01:20:50,981] {processor.py:162} INFO - Started process (PID=672) to work on /home/airflow/.local/lib/python3.6/site-packages/airflow/example_dags/example_branch_datetime_operator.py
[2021-09-21 01:20:50,984] {processor.py:613} INFO - Processing file /home/airflow/.local/lib/python3.6/site-packages/airflow/example_dags/example_branch_datetime_operator.py for tasks to queue
[2021-09-21 01:20:50,987] {logging_mixin.py:109} INFO - [2021-09-21 01:20:50,987] {dagbag.py:496} INFO - Filling up the DagBag from /home/airflow/.local/lib/python3.6/site-packages/airflow/example_dags/example_branch_datetime_operator.py
[2021-09-21 01:20:51,010] {processor.py:623} INFO - DAG(s) dict_keys(['example_branch_datetime_operator_2']) retrieved from /home/airflow/.local/lib/python3.6/site-packages/airflow/example_dags/example_branch_datetime_operator.py
[2021-09-21 01:20:51,044] {logging_mixin.py:109} INFO - [2021-09-21 01:20:51,044] {dag.py:1834} INFO - Sync 1 DAGs
[2021-09-21 01:20:51,078] {logging_mixin.py:109} INFO - [2021-09-21 01:20:51,077] {dag.py:2287} INFO - Setting next_dagrun for example_branch_datetime_operator_2 to 2021-09-19 00:00:00+00:00
[2021-09-21 01:20:51,097] {processor.py:170} INFO - Processing /home/airflow/.local/lib/python3.6/site-packages/airflow/example_dags/example_branch_datetime_operator.py took 0.122 seconds
[2021-09-21 01:21:22,090] {processor.py:162} INFO - Started process (PID=725) to work on /home/airflow/.local/lib/python3.6/site-packages/airflow/example_dags/example_branch_datetime_operator.py
[2021-09-21 01:21:22,093] {processor.py:613} INFO - Processing file /home/airflow/.local/lib/python3.6/site-packages/airflow/example_dags/example_branch_datetime_operator.py for tasks to queue
[2021-09-21 01:21:22,095] {logging_mixin.py:109} INFO - [2021-09-21 01:21:22,095] {dagbag.py:496} INFO - Filling up the DagBag from /home/airflow/.local/lib/python3.6/site-packages/airflow/example_dags/example_branch_datetime_operator.py
[2021-09-21 01:21:22,111] {processor.py:623} INFO - DAG(s) dict_keys(['example_branch_datetime_operator_2']) retrieved from /home/airflow/.local/lib/python3.6/site-packages/airflow/example_dags/example_branch_datetime_operator.py
[2021-09-21 01:21:22,138] {logging_mixin.py:109} INFO - [2021-09-21 01:21:22,138] {dag.py:1834} INFO - Sync 1 DAGs
[2021-09-21 01:21:22,160] {logging_mixin.py:109} INFO - [2021-09-21 01:21:22,160] {dag.py:2287} INFO - Setting next_dagrun for example_branch_datetime_operator_2 to 2021-09-19 00:00:00+00:00
[2021-09-21 01:21:22,174] {processor.py:170} INFO - Processing /home/airflow/.local/lib/python3.6/site-packages/airflow/example_dags/example_branch_datetime_operator.py took 0.088 seconds
[2021-09-21 01:21:52,934] {processor.py:162} INFO - Started process (PID=788) to work on /home/airflow/.local/lib/python3.6/site-packages/airflow/example_dags/example_branch_datetime_operator.py
[2021-09-21 01:21:52,937] {processor.py:613} INFO - Processing file /home/airflow/.local/lib/python3.6/site-packages/airflow/example_dags/example_branch_datetime_operator.py for tasks to queue
[2021-09-21 01:21:52,938] {logging_mixin.py:109} INFO - [2021-09-21 01:21:52,938] {dagbag.py:496} INFO - Filling up the DagBag from /home/airflow/.local/lib/python3.6/site-packages/airflow/example_dags/example_branch_datetime_operator.py
[2021-09-21 01:21:52,954] {processor.py:623} INFO - DAG(s) dict_keys(['example_branch_datetime_operator_2']) retrieved from /home/airflow/.local/lib/python3.6/site-packages/airflow/example_dags/example_branch_datetime_operator.py
[2021-09-21 01:21:52,981] {logging_mixin.py:109} INFO - [2021-09-21 01:21:52,981] {dag.py:1834} INFO - Sync 1 DAGs
[2021-09-21 01:21:53,004] {logging_mixin.py:109} INFO - [2021-09-21 01:21:53,004] {dag.py:2287} INFO - Setting next_dagrun for example_branch_datetime_operator_2 to 2021-09-19 00:00:00+00:00
[2021-09-21 01:21:53,016] {processor.py:170} INFO - Processing /home/airflow/.local/lib/python3.6/site-packages/airflow/example_dags/example_branch_datetime_operator.py took 0.087 seconds
[2021-09-21 01:22:23,130] {processor.py:162} INFO - Started process (PID=853) to work on /home/airflow/.local/lib/python3.6/site-packages/airflow/example_dags/example_branch_datetime_operator.py
[2021-09-21 01:22:23,133] {processor.py:613} INFO - Processing file /home/airflow/.local/lib/python3.6/site-packages/airflow/example_dags/example_branch_datetime_operator.py for tasks to queue
[2021-09-21 01:22:23,135] {logging_mixin.py:109} INFO - [2021-09-21 01:22:23,135] {dagbag.py:496} INFO - Filling up the DagBag from /home/airflow/.local/lib/python3.6/site-packages/airflow/example_dags/example_branch_datetime_operator.py
[2021-09-21 01:22:23,150] {processor.py:623} INFO - DAG(s) dict_keys(['example_branch_datetime_operator_2']) retrieved from /home/airflow/.local/lib/python3.6/site-packages/airflow/example_dags/example_branch_datetime_operator.py
[2021-09-21 01:22:23,182] {logging_mixin.py:109} INFO - [2021-09-21 01:22:23,182] {dag.py:1834} INFO - Sync 1 DAGs
[2021-09-21 01:22:23,206] {logging_mixin.py:109} INFO - [2021-09-21 01:22:23,205] {dag.py:2287} INFO - Setting next_dagrun for example_branch_datetime_operator_2 to 2021-09-19 00:00:00+00:00
[2021-09-21 01:22:23,220] {processor.py:170} INFO - Processing /home/airflow/.local/lib/python3.6/site-packages/airflow/example_dags/example_branch_datetime_operator.py took 0.097 seconds
[2021-09-21 01:22:53,935] {processor.py:162} INFO - Started process (PID=905) to work on /home/airflow/.local/lib/python3.6/site-packages/airflow/example_dags/example_branch_datetime_operator.py
[2021-09-21 01:22:53,952] {processor.py:613} INFO - Processing file /home/airflow/.local/lib/python3.6/site-packages/airflow/example_dags/example_branch_datetime_operator.py for tasks to queue
[2021-09-21 01:22:53,966] {logging_mixin.py:109} INFO - [2021-09-21 01:22:53,964] {dagbag.py:496} INFO - Filling up the DagBag from /home/airflow/.local/lib/python3.6/site-packages/airflow/example_dags/example_branch_datetime_operator.py
[2021-09-21 01:22:54,044] {processor.py:623} INFO - DAG(s) dict_keys(['example_branch_datetime_operator_2']) retrieved from /home/airflow/.local/lib/python3.6/site-packages/airflow/example_dags/example_branch_datetime_operator.py
[2021-09-21 01:22:54,290] {logging_mixin.py:109} INFO - [2021-09-21 01:22:54,289] {dag.py:1834} INFO - Sync 1 DAGs
[2021-09-21 01:22:54,392] {logging_mixin.py:109} INFO - [2021-09-21 01:22:54,392] {dag.py:2287} INFO - Setting next_dagrun for example_branch_datetime_operator_2 to 2021-09-19 00:00:00+00:00
[2021-09-21 01:22:54,465] {processor.py:170} INFO - Processing /home/airflow/.local/lib/python3.6/site-packages/airflow/example_dags/example_branch_datetime_operator.py took 0.557 seconds
[2021-09-21 01:23:25,233] {processor.py:162} INFO - Started process (PID=958) to work on /home/airflow/.local/lib/python3.6/site-packages/airflow/example_dags/example_branch_datetime_operator.py
[2021-09-21 01:23:25,240] {processor.py:613} INFO - Processing file /home/airflow/.local/lib/python3.6/site-packages/airflow/example_dags/example_branch_datetime_operator.py for tasks to queue
[2021-09-21 01:23:25,248] {logging_mixin.py:109} INFO - [2021-09-21 01:23:25,245] {dagbag.py:496} INFO - Filling up the DagBag from /home/airflow/.local/lib/python3.6/site-packages/airflow/example_dags/example_branch_datetime_operator.py
[2021-09-21 01:23:25,292] {processor.py:623} INFO - DAG(s) dict_keys(['example_branch_datetime_operator_2']) retrieved from /home/airflow/.local/lib/python3.6/site-packages/airflow/example_dags/example_branch_datetime_operator.py
[2021-09-21 01:23:25,369] {logging_mixin.py:109} INFO - [2021-09-21 01:23:25,368] {dag.py:1834} INFO - Sync 1 DAGs
[2021-09-21 01:23:25,477] {logging_mixin.py:109} INFO - [2021-09-21 01:23:25,476] {dag.py:2287} INFO - Setting next_dagrun for example_branch_datetime_operator_2 to 2021-09-19 00:00:00+00:00
[2021-09-21 01:23:25,520] {processor.py:170} INFO - Processing /home/airflow/.local/lib/python3.6/site-packages/airflow/example_dags/example_branch_datetime_operator.py took 0.316 seconds
[2021-09-21 01:23:55,831] {processor.py:162} INFO - Started process (PID=1012) to work on /home/airflow/.local/lib/python3.6/site-packages/airflow/example_dags/example_branch_datetime_operator.py
[2021-09-21 01:23:55,833] {processor.py:613} INFO - Processing file /home/airflow/.local/lib/python3.6/site-packages/airflow/example_dags/example_branch_datetime_operator.py for tasks to queue
[2021-09-21 01:23:55,834] {logging_mixin.py:109} INFO - [2021-09-21 01:23:55,834] {dagbag.py:496} INFO - Filling up the DagBag from /home/airflow/.local/lib/python3.6/site-packages/airflow/example_dags/example_branch_datetime_operator.py
[2021-09-21 01:23:55,846] {processor.py:623} INFO - DAG(s) dict_keys(['example_branch_datetime_operator_2']) retrieved from /home/airflow/.local/lib/python3.6/site-packages/airflow/example_dags/example_branch_datetime_operator.py
[2021-09-21 01:23:55,869] {logging_mixin.py:109} INFO - [2021-09-21 01:23:55,869] {dag.py:1834} INFO - Sync 1 DAGs
[2021-09-21 01:23:55,885] {logging_mixin.py:109} INFO - [2021-09-21 01:23:55,885] {dag.py:2287} INFO - Setting next_dagrun for example_branch_datetime_operator_2 to 2021-09-19 00:00:00+00:00
[2021-09-21 01:23:55,895] {processor.py:170} INFO - Processing /home/airflow/.local/lib/python3.6/site-packages/airflow/example_dags/example_branch_datetime_operator.py took 0.067 seconds
[2021-09-21 01:24:25,975] {processor.py:162} INFO - Started process (PID=1063) to work on /home/airflow/.local/lib/python3.6/site-packages/airflow/example_dags/example_branch_datetime_operator.py
[2021-09-21 01:24:25,977] {processor.py:613} INFO - Processing file /home/airflow/.local/lib/python3.6/site-packages/airflow/example_dags/example_branch_datetime_operator.py for tasks to queue
[2021-09-21 01:24:25,982] {logging_mixin.py:109} INFO - [2021-09-21 01:24:25,982] {dagbag.py:496} INFO - Filling up the DagBag from /home/airflow/.local/lib/python3.6/site-packages/airflow/example_dags/example_branch_datetime_operator.py
[2021-09-21 01:24:25,998] {processor.py:623} INFO - DAG(s) dict_keys(['example_branch_datetime_operator_2']) retrieved from /home/airflow/.local/lib/python3.6/site-packages/airflow/example_dags/example_branch_datetime_operator.py
[2021-09-21 01:24:26,028] {logging_mixin.py:109} INFO - [2021-09-21 01:24:26,027] {dag.py:1834} INFO - Sync 1 DAGs
[2021-09-21 01:24:26,049] {logging_mixin.py:109} INFO - [2021-09-21 01:24:26,049] {dag.py:2287} INFO - Setting next_dagrun for example_branch_datetime_operator_2 to 2021-09-19 00:00:00+00:00
[2021-09-21 01:24:26,062] {processor.py:170} INFO - Processing /home/airflow/.local/lib/python3.6/site-packages/airflow/example_dags/example_branch_datetime_operator.py took 0.091 seconds
[2021-09-21 01:24:56,650] {processor.py:162} INFO - Started process (PID=1125) to work on /home/airflow/.local/lib/python3.6/site-packages/airflow/example_dags/example_branch_datetime_operator.py
[2021-09-21 01:24:56,653] {processor.py:613} INFO - Processing file /home/airflow/.local/lib/python3.6/site-packages/airflow/example_dags/example_branch_datetime_operator.py for tasks to queue
[2021-09-21 01:24:56,658] {logging_mixin.py:109} INFO - [2021-09-21 01:24:56,658] {dagbag.py:496} INFO - Filling up the DagBag from /home/airflow/.local/lib/python3.6/site-packages/airflow/example_dags/example_branch_datetime_operator.py
[2021-09-21 01:24:56,691] {processor.py:623} INFO - DAG(s) dict_keys(['example_branch_datetime_operator_2']) retrieved from /home/airflow/.local/lib/python3.6/site-packages/airflow/example_dags/example_branch_datetime_operator.py
[2021-09-21 01:24:56,732] {logging_mixin.py:109} INFO - [2021-09-21 01:24:56,732] {dag.py:1834} INFO - Sync 1 DAGs
[2021-09-21 01:24:56,778] {logging_mixin.py:109} INFO - [2021-09-21 01:24:56,778] {dag.py:2287} INFO - Setting next_dagrun for example_branch_datetime_operator_2 to 2021-09-19 00:00:00+00:00
[2021-09-21 01:24:56,796] {processor.py:170} INFO - Processing /home/airflow/.local/lib/python3.6/site-packages/airflow/example_dags/example_branch_datetime_operator.py took 0.151 seconds
[2021-09-21 01:25:27,244] {processor.py:162} INFO - Started process (PID=1168) to work on /home/airflow/.local/lib/python3.6/site-packages/airflow/example_dags/example_branch_datetime_operator.py
[2021-09-21 01:25:27,246] {processor.py:613} INFO - Processing file /home/airflow/.local/lib/python3.6/site-packages/airflow/example_dags/example_branch_datetime_operator.py for tasks to queue
[2021-09-21 01:25:27,248] {logging_mixin.py:109} INFO - [2021-09-21 01:25:27,248] {dagbag.py:496} INFO - Filling up the DagBag from /home/airflow/.local/lib/python3.6/site-packages/airflow/example_dags/example_branch_datetime_operator.py
[2021-09-21 01:25:27,267] {processor.py:623} INFO - DAG(s) dict_keys(['example_branch_datetime_operator_2']) retrieved from /home/airflow/.local/lib/python3.6/site-packages/airflow/example_dags/example_branch_datetime_operator.py
[2021-09-21 01:25:27,297] {logging_mixin.py:109} INFO - [2021-09-21 01:25:27,297] {dag.py:1834} INFO - Sync 1 DAGs
[2021-09-21 01:25:27,322] {logging_mixin.py:109} INFO - [2021-09-21 01:25:27,322] {dag.py:2287} INFO - Setting next_dagrun for example_branch_datetime_operator_2 to 2021-09-19 00:00:00+00:00
[2021-09-21 01:25:27,338] {processor.py:170} INFO - Processing /home/airflow/.local/lib/python3.6/site-packages/airflow/example_dags/example_branch_datetime_operator.py took 0.099 seconds
[2021-09-21 01:25:58,051] {processor.py:162} INFO - Started process (PID=1232) to work on /home/airflow/.local/lib/python3.6/site-packages/airflow/example_dags/example_branch_datetime_operator.py
[2021-09-21 01:25:58,053] {processor.py:613} INFO - Processing file /home/airflow/.local/lib/python3.6/site-packages/airflow/example_dags/example_branch_datetime_operator.py for tasks to queue
[2021-09-21 01:25:58,055] {logging_mixin.py:109} INFO - [2021-09-21 01:25:58,054] {dagbag.py:496} INFO - Filling up the DagBag from /home/airflow/.local/lib/python3.6/site-packages/airflow/example_dags/example_branch_datetime_operator.py
[2021-09-21 01:25:58,071] {processor.py:623} INFO - DAG(s) dict_keys(['example_branch_datetime_operator_2']) retrieved from /home/airflow/.local/lib/python3.6/site-packages/airflow/example_dags/example_branch_datetime_operator.py
[2021-09-21 01:25:58,100] {logging_mixin.py:109} INFO - [2021-09-21 01:25:58,100] {dag.py:1834} INFO - Sync 1 DAGs
[2021-09-21 01:25:58,121] {logging_mixin.py:109} INFO - [2021-09-21 01:25:58,121] {dag.py:2287} INFO - Setting next_dagrun for example_branch_datetime_operator_2 to 2021-09-19 00:00:00+00:00
[2021-09-21 01:25:58,136] {processor.py:170} INFO - Processing /home/airflow/.local/lib/python3.6/site-packages/airflow/example_dags/example_branch_datetime_operator.py took 0.089 seconds
[2021-09-21 01:26:28,683] {processor.py:162} INFO - Started process (PID=1284) to work on /home/airflow/.local/lib/python3.6/site-packages/airflow/example_dags/example_branch_datetime_operator.py
[2021-09-21 01:26:28,687] {processor.py:613} INFO - Processing file /home/airflow/.local/lib/python3.6/site-packages/airflow/example_dags/example_branch_datetime_operator.py for tasks to queue
[2021-09-21 01:26:28,693] {logging_mixin.py:109} INFO - [2021-09-21 01:26:28,692] {dagbag.py:496} INFO - Filling up the DagBag from /home/airflow/.local/lib/python3.6/site-packages/airflow/example_dags/example_branch_datetime_operator.py
[2021-09-21 01:26:28,725] {processor.py:623} INFO - DAG(s) dict_keys(['example_branch_datetime_operator_2']) retrieved from /home/airflow/.local/lib/python3.6/site-packages/airflow/example_dags/example_branch_datetime_operator.py
[2021-09-21 01:26:28,801] {logging_mixin.py:109} INFO - [2021-09-21 01:26:28,801] {dag.py:1834} INFO - Sync 1 DAGs
[2021-09-21 01:26:28,873] {logging_mixin.py:109} INFO - [2021-09-21 01:26:28,873] {dag.py:2287} INFO - Setting next_dagrun for example_branch_datetime_operator_2 to 2021-09-19 00:00:00+00:00
[2021-09-21 01:26:28,909] {processor.py:170} INFO - Processing /home/airflow/.local/lib/python3.6/site-packages/airflow/example_dags/example_branch_datetime_operator.py took 0.235 seconds
[2021-09-21 01:26:59,148] {processor.py:162} INFO - Started process (PID=1334) to work on /home/airflow/.local/lib/python3.6/site-packages/airflow/example_dags/example_branch_datetime_operator.py
[2021-09-21 01:26:59,151] {processor.py:613} INFO - Processing file /home/airflow/.local/lib/python3.6/site-packages/airflow/example_dags/example_branch_datetime_operator.py for tasks to queue
[2021-09-21 01:26:59,154] {logging_mixin.py:109} INFO - [2021-09-21 01:26:59,153] {dagbag.py:496} INFO - Filling up the DagBag from /home/airflow/.local/lib/python3.6/site-packages/airflow/example_dags/example_branch_datetime_operator.py
[2021-09-21 01:26:59,184] {processor.py:623} INFO - DAG(s) dict_keys(['example_branch_datetime_operator_2']) retrieved from /home/airflow/.local/lib/python3.6/site-packages/airflow/example_dags/example_branch_datetime_operator.py
[2021-09-21 01:26:59,221] {logging_mixin.py:109} INFO - [2021-09-21 01:26:59,221] {dag.py:1834} INFO - Sync 1 DAGs
[2021-09-21 01:26:59,244] {logging_mixin.py:109} INFO - [2021-09-21 01:26:59,244] {dag.py:2287} INFO - Setting next_dagrun for example_branch_datetime_operator_2 to 2021-09-19 00:00:00+00:00
[2021-09-21 01:26:59,262] {processor.py:170} INFO - Processing /home/airflow/.local/lib/python3.6/site-packages/airflow/example_dags/example_branch_datetime_operator.py took 0.118 seconds
[2021-09-21 01:27:30,500] {processor.py:162} INFO - Started process (PID=1385) to work on /home/airflow/.local/lib/python3.6/site-packages/airflow/example_dags/example_branch_datetime_operator.py
[2021-09-21 01:27:30,503] {processor.py:613} INFO - Processing file /home/airflow/.local/lib/python3.6/site-packages/airflow/example_dags/example_branch_datetime_operator.py for tasks to queue
[2021-09-21 01:27:30,505] {logging_mixin.py:109} INFO - [2021-09-21 01:27:30,505] {dagbag.py:496} INFO - Filling up the DagBag from /home/airflow/.local/lib/python3.6/site-packages/airflow/example_dags/example_branch_datetime_operator.py
[2021-09-21 01:27:30,528] {processor.py:623} INFO - DAG(s) dict_keys(['example_branch_datetime_operator_2']) retrieved from /home/airflow/.local/lib/python3.6/site-packages/airflow/example_dags/example_branch_datetime_operator.py
[2021-09-21 01:27:30,563] {logging_mixin.py:109} INFO - [2021-09-21 01:27:30,563] {dag.py:1834} INFO - Sync 1 DAGs
[2021-09-21 01:27:30,581] {logging_mixin.py:109} INFO - [2021-09-21 01:27:30,580] {dag.py:2287} INFO - Setting next_dagrun for example_branch_datetime_operator_2 to 2021-09-19 00:00:00+00:00
[2021-09-21 01:27:30,594] {processor.py:170} INFO - Processing /home/airflow/.local/lib/python3.6/site-packages/airflow/example_dags/example_branch_datetime_operator.py took 0.098 seconds
[2021-09-21 01:28:01,029] {processor.py:162} INFO - Started process (PID=1437) to work on /home/airflow/.local/lib/python3.6/site-packages/airflow/example_dags/example_branch_datetime_operator.py
[2021-09-21 01:28:01,032] {processor.py:613} INFO - Processing file /home/airflow/.local/lib/python3.6/site-packages/airflow/example_dags/example_branch_datetime_operator.py for tasks to queue
[2021-09-21 01:28:01,033] {logging_mixin.py:109} INFO - [2021-09-21 01:28:01,033] {dagbag.py:496} INFO - Filling up the DagBag from /home/airflow/.local/lib/python3.6/site-packages/airflow/example_dags/example_branch_datetime_operator.py
[2021-09-21 01:28:01,049] {processor.py:623} INFO - DAG(s) dict_keys(['example_branch_datetime_operator_2']) retrieved from /home/airflow/.local/lib/python3.6/site-packages/airflow/example_dags/example_branch_datetime_operator.py
[2021-09-21 01:28:01,073] {logging_mixin.py:109} INFO - [2021-09-21 01:28:01,072] {dag.py:1834} INFO - Sync 1 DAGs
[2021-09-21 01:28:01,091] {logging_mixin.py:109} INFO - [2021-09-21 01:28:01,091] {dag.py:2287} INFO - Setting next_dagrun for example_branch_datetime_operator_2 to 2021-09-19 00:00:00+00:00
[2021-09-21 01:28:01,104] {processor.py:170} INFO - Processing /home/airflow/.local/lib/python3.6/site-packages/airflow/example_dags/example_branch_datetime_operator.py took 0.079 seconds
[2021-09-21 01:28:31,867] {processor.py:162} INFO - Started process (PID=1501) to work on /home/airflow/.local/lib/python3.6/site-packages/airflow/example_dags/example_branch_datetime_operator.py
[2021-09-21 01:28:31,870] {processor.py:613} INFO - Processing file /home/airflow/.local/lib/python3.6/site-packages/airflow/example_dags/example_branch_datetime_operator.py for tasks to queue
[2021-09-21 01:28:31,872] {logging_mixin.py:109} INFO - [2021-09-21 01:28:31,872] {dagbag.py:496} INFO - Filling up the DagBag from /home/airflow/.local/lib/python3.6/site-packages/airflow/example_dags/example_branch_datetime_operator.py
[2021-09-21 01:28:31,885] {processor.py:623} INFO - DAG(s) dict_keys(['example_branch_datetime_operator_2']) retrieved from /home/airflow/.local/lib/python3.6/site-packages/airflow/example_dags/example_branch_datetime_operator.py
[2021-09-21 01:28:31,908] {logging_mixin.py:109} INFO - [2021-09-21 01:28:31,908] {dag.py:1834} INFO - Sync 1 DAGs
[2021-09-21 01:28:31,925] {logging_mixin.py:109} INFO - [2021-09-21 01:28:31,925] {dag.py:2287} INFO - Setting next_dagrun for example_branch_datetime_operator_2 to 2021-09-19 00:00:00+00:00
[2021-09-21 01:28:31,937] {processor.py:170} INFO - Processing /home/airflow/.local/lib/python3.6/site-packages/airflow/example_dags/example_branch_datetime_operator.py took 0.072 seconds
[2021-09-21 01:29:02,418] {processor.py:162} INFO - Started process (PID=1562) to work on /home/airflow/.local/lib/python3.6/site-packages/airflow/example_dags/example_branch_datetime_operator.py
[2021-09-21 01:29:02,421] {processor.py:613} INFO - Processing file /home/airflow/.local/lib/python3.6/site-packages/airflow/example_dags/example_branch_datetime_operator.py for tasks to queue
[2021-09-21 01:29:02,422] {logging_mixin.py:109} INFO - [2021-09-21 01:29:02,422] {dagbag.py:496} INFO - Filling up the DagBag from /home/airflow/.local/lib/python3.6/site-packages/airflow/example_dags/example_branch_datetime_operator.py
[2021-09-21 01:29:02,438] {processor.py:623} INFO - DAG(s) dict_keys(['example_branch_datetime_operator_2']) retrieved from /home/airflow/.local/lib/python3.6/site-packages/airflow/example_dags/example_branch_datetime_operator.py
[2021-09-21 01:29:02,468] {logging_mixin.py:109} INFO - [2021-09-21 01:29:02,468] {dag.py:1834} INFO - Sync 1 DAGs
[2021-09-21 01:29:02,491] {logging_mixin.py:109} INFO - [2021-09-21 01:29:02,491] {dag.py:2287} INFO - Setting next_dagrun for example_branch_datetime_operator_2 to 2021-09-19 00:00:00+00:00
[2021-09-21 01:29:02,510] {processor.py:170} INFO - Processing /home/airflow/.local/lib/python3.6/site-packages/airflow/example_dags/example_branch_datetime_operator.py took 0.095 seconds
[2021-09-21 01:29:33,470] {processor.py:162} INFO - Started process (PID=1618) to work on /home/airflow/.local/lib/python3.6/site-packages/airflow/example_dags/example_branch_datetime_operator.py
[2021-09-21 01:29:33,474] {processor.py:613} INFO - Processing file /home/airflow/.local/lib/python3.6/site-packages/airflow/example_dags/example_branch_datetime_operator.py for tasks to queue
[2021-09-21 01:29:33,478] {logging_mixin.py:109} INFO - [2021-09-21 01:29:33,477] {dagbag.py:496} INFO - Filling up the DagBag from /home/airflow/.local/lib/python3.6/site-packages/airflow/example_dags/example_branch_datetime_operator.py
[2021-09-21 01:29:33,506] {processor.py:623} INFO - DAG(s) dict_keys(['example_branch_datetime_operator_2']) retrieved from /home/airflow/.local/lib/python3.6/site-packages/airflow/example_dags/example_branch_datetime_operator.py
[2021-09-21 01:29:33,545] {logging_mixin.py:109} INFO - [2021-09-21 01:29:33,545] {dag.py:1834} INFO - Sync 1 DAGs
[2021-09-21 01:29:33,567] {logging_mixin.py:109} INFO - [2021-09-21 01:29:33,567] {dag.py:2287} INFO - Setting next_dagrun for example_branch_datetime_operator_2 to 2021-09-19 00:00:00+00:00
[2021-09-21 01:29:33,579] {processor.py:170} INFO - Processing /home/airflow/.local/lib/python3.6/site-packages/airflow/example_dags/example_branch_datetime_operator.py took 0.115 seconds
[2021-09-21 01:30:03,745] {processor.py:162} INFO - Started process (PID=1682) to work on /home/airflow/.local/lib/python3.6/site-packages/airflow/example_dags/example_branch_datetime_operator.py
[2021-09-21 01:30:03,747] {processor.py:613} INFO - Processing file /home/airflow/.local/lib/python3.6/site-packages/airflow/example_dags/example_branch_datetime_operator.py for tasks to queue
[2021-09-21 01:30:03,748] {logging_mixin.py:109} INFO - [2021-09-21 01:30:03,748] {dagbag.py:496} INFO - Filling up the DagBag from /home/airflow/.local/lib/python3.6/site-packages/airflow/example_dags/example_branch_datetime_operator.py
[2021-09-21 01:30:03,765] {processor.py:623} INFO - DAG(s) dict_keys(['example_branch_datetime_operator_2']) retrieved from /home/airflow/.local/lib/python3.6/site-packages/airflow/example_dags/example_branch_datetime_operator.py
[2021-09-21 01:30:03,793] {logging_mixin.py:109} INFO - [2021-09-21 01:30:03,793] {dag.py:1834} INFO - Sync 1 DAGs
[2021-09-21 01:30:03,813] {logging_mixin.py:109} INFO - [2021-09-21 01:30:03,813] {dag.py:2287} INFO - Setting next_dagrun for example_branch_datetime_operator_2 to 2021-09-19 00:00:00+00:00
[2021-09-21 01:30:03,828] {processor.py:170} INFO - Processing /home/airflow/.local/lib/python3.6/site-packages/airflow/example_dags/example_branch_datetime_operator.py took 0.087 seconds
[2021-09-21 01:30:34,498] {processor.py:162} INFO - Started process (PID=1734) to work on /home/airflow/.local/lib/python3.6/site-packages/airflow/example_dags/example_branch_datetime_operator.py
[2021-09-21 01:30:34,499] {processor.py:613} INFO - Processing file /home/airflow/.local/lib/python3.6/site-packages/airflow/example_dags/example_branch_datetime_operator.py for tasks to queue
[2021-09-21 01:30:34,501] {logging_mixin.py:109} INFO - [2021-09-21 01:30:34,501] {dagbag.py:496} INFO - Filling up the DagBag from /home/airflow/.local/lib/python3.6/site-packages/airflow/example_dags/example_branch_datetime_operator.py
[2021-09-21 01:30:34,515] {processor.py:623} INFO - DAG(s) dict_keys(['example_branch_datetime_operator_2']) retrieved from /home/airflow/.local/lib/python3.6/site-packages/airflow/example_dags/example_branch_datetime_operator.py
[2021-09-21 01:30:34,548] {logging_mixin.py:109} INFO - [2021-09-21 01:30:34,548] {dag.py:1834} INFO - Sync 1 DAGs
[2021-09-21 01:30:34,567] {logging_mixin.py:109} INFO - [2021-09-21 01:30:34,567] {dag.py:2287} INFO - Setting next_dagrun for example_branch_datetime_operator_2 to 2021-09-19 00:00:00+00:00
[2021-09-21 01:30:34,579] {processor.py:170} INFO - Processing /home/airflow/.local/lib/python3.6/site-packages/airflow/example_dags/example_branch_datetime_operator.py took 0.085 seconds
[2021-09-21 01:31:04,651] {processor.py:162} INFO - Started process (PID=1797) to work on /home/airflow/.local/lib/python3.6/site-packages/airflow/example_dags/example_branch_datetime_operator.py
[2021-09-21 01:31:04,653] {processor.py:613} INFO - Processing file /home/airflow/.local/lib/python3.6/site-packages/airflow/example_dags/example_branch_datetime_operator.py for tasks to queue
[2021-09-21 01:31:04,654] {logging_mixin.py:109} INFO - [2021-09-21 01:31:04,654] {dagbag.py:496} INFO - Filling up the DagBag from /home/airflow/.local/lib/python3.6/site-packages/airflow/example_dags/example_branch_datetime_operator.py
[2021-09-21 01:31:04,668] {processor.py:623} INFO - DAG(s) dict_keys(['example_branch_datetime_operator_2']) retrieved from /home/airflow/.local/lib/python3.6/site-packages/airflow/example_dags/example_branch_datetime_operator.py
[2021-09-21 01:31:04,692] {logging_mixin.py:109} INFO - [2021-09-21 01:31:04,692] {dag.py:1834} INFO - Sync 1 DAGs
[2021-09-21 01:31:04,711] {logging_mixin.py:109} INFO - [2021-09-21 01:31:04,710] {dag.py:2287} INFO - Setting next_dagrun for example_branch_datetime_operator_2 to 2021-09-19 00:00:00+00:00
[2021-09-21 01:31:04,722] {processor.py:170} INFO - Processing /home/airflow/.local/lib/python3.6/site-packages/airflow/example_dags/example_branch_datetime_operator.py took 0.075 seconds
[2021-09-21 01:31:35,882] {processor.py:162} INFO - Started process (PID=1861) to work on /home/airflow/.local/lib/python3.6/site-packages/airflow/example_dags/example_branch_datetime_operator.py
[2021-09-21 01:31:35,890] {processor.py:613} INFO - Processing file /home/airflow/.local/lib/python3.6/site-packages/airflow/example_dags/example_branch_datetime_operator.py for tasks to queue
[2021-09-21 01:31:35,897] {logging_mixin.py:109} INFO - [2021-09-21 01:31:35,896] {dagbag.py:496} INFO - Filling up the DagBag from /home/airflow/.local/lib/python3.6/site-packages/airflow/example_dags/example_branch_datetime_operator.py
[2021-09-21 01:31:35,925] {processor.py:623} INFO - DAG(s) dict_keys(['example_branch_datetime_operator_2']) retrieved from /home/airflow/.local/lib/python3.6/site-packages/airflow/example_dags/example_branch_datetime_operator.py
[2021-09-21 01:31:36,015] {logging_mixin.py:109} INFO - [2021-09-21 01:31:36,015] {dag.py:1834} INFO - Sync 1 DAGs
[2021-09-21 01:31:36,124] {logging_mixin.py:109} INFO - [2021-09-21 01:31:36,123] {dag.py:2287} INFO - Setting next_dagrun for example_branch_datetime_operator_2 to 2021-09-19 00:00:00+00:00
[2021-09-21 01:31:36,149] {processor.py:170} INFO - Processing /home/airflow/.local/lib/python3.6/site-packages/airflow/example_dags/example_branch_datetime_operator.py took 0.272 seconds
[2021-09-21 01:32:06,924] {processor.py:162} INFO - Started process (PID=1914) to work on /home/airflow/.local/lib/python3.6/site-packages/airflow/example_dags/example_branch_datetime_operator.py
[2021-09-21 01:32:06,929] {processor.py:613} INFO - Processing file /home/airflow/.local/lib/python3.6/site-packages/airflow/example_dags/example_branch_datetime_operator.py for tasks to queue
[2021-09-21 01:32:06,930] {logging_mixin.py:109} INFO - [2021-09-21 01:32:06,930] {dagbag.py:496} INFO - Filling up the DagBag from /home/airflow/.local/lib/python3.6/site-packages/airflow/example_dags/example_branch_datetime_operator.py
[2021-09-21 01:32:06,945] {processor.py:623} INFO - DAG(s) dict_keys(['example_branch_datetime_operator_2']) retrieved from /home/airflow/.local/lib/python3.6/site-packages/airflow/example_dags/example_branch_datetime_operator.py
[2021-09-21 01:32:06,970] {logging_mixin.py:109} INFO - [2021-09-21 01:32:06,970] {dag.py:1834} INFO - Sync 1 DAGs
[2021-09-21 01:32:06,990] {logging_mixin.py:109} INFO - [2021-09-21 01:32:06,989] {dag.py:2287} INFO - Setting next_dagrun for example_branch_datetime_operator_2 to 2021-09-19 00:00:00+00:00
[2021-09-21 01:32:07,001] {processor.py:170} INFO - Processing /home/airflow/.local/lib/python3.6/site-packages/airflow/example_dags/example_branch_datetime_operator.py took 0.080 seconds
[2021-09-21 01:32:37,539] {processor.py:162} INFO - Started process (PID=1976) to work on /home/airflow/.local/lib/python3.6/site-packages/airflow/example_dags/example_branch_datetime_operator.py
[2021-09-21 01:32:37,541] {processor.py:613} INFO - Processing file /home/airflow/.local/lib/python3.6/site-packages/airflow/example_dags/example_branch_datetime_operator.py for tasks to queue
[2021-09-21 01:32:37,543] {logging_mixin.py:109} INFO - [2021-09-21 01:32:37,542] {dagbag.py:496} INFO - Filling up the DagBag from /home/airflow/.local/lib/python3.6/site-packages/airflow/example_dags/example_branch_datetime_operator.py
[2021-09-21 01:32:37,558] {processor.py:623} INFO - DAG(s) dict_keys(['example_branch_datetime_operator_2']) retrieved from /home/airflow/.local/lib/python3.6/site-packages/airflow/example_dags/example_branch_datetime_operator.py
[2021-09-21 01:32:37,582] {logging_mixin.py:109} INFO - [2021-09-21 01:32:37,582] {dag.py:1834} INFO - Sync 1 DAGs
[2021-09-21 01:32:37,600] {logging_mixin.py:109} INFO - [2021-09-21 01:32:37,600] {dag.py:2287} INFO - Setting next_dagrun for example_branch_datetime_operator_2 to 2021-09-19 00:00:00+00:00
[2021-09-21 01:32:37,611] {processor.py:170} INFO - Processing /home/airflow/.local/lib/python3.6/site-packages/airflow/example_dags/example_branch_datetime_operator.py took 0.076 seconds
[2021-09-21 01:33:08,301] {processor.py:162} INFO - Started process (PID=2031) to work on /home/airflow/.local/lib/python3.6/site-packages/airflow/example_dags/example_branch_datetime_operator.py
[2021-09-21 01:33:08,303] {processor.py:613} INFO - Processing file /home/airflow/.local/lib/python3.6/site-packages/airflow/example_dags/example_branch_datetime_operator.py for tasks to queue
[2021-09-21 01:33:08,305] {logging_mixin.py:109} INFO - [2021-09-21 01:33:08,305] {dagbag.py:496} INFO - Filling up the DagBag from /home/airflow/.local/lib/python3.6/site-packages/airflow/example_dags/example_branch_datetime_operator.py
[2021-09-21 01:33:08,321] {processor.py:623} INFO - DAG(s) dict_keys(['example_branch_datetime_operator_2']) retrieved from /home/airflow/.local/lib/python3.6/site-packages/airflow/example_dags/example_branch_datetime_operator.py
[2021-09-21 01:33:08,347] {logging_mixin.py:109} INFO - [2021-09-21 01:33:08,347] {dag.py:1834} INFO - Sync 1 DAGs
[2021-09-21 01:33:08,368] {logging_mixin.py:109} INFO - [2021-09-21 01:33:08,368] {dag.py:2287} INFO - Setting next_dagrun for example_branch_datetime_operator_2 to 2021-09-19 00:00:00+00:00
[2021-09-21 01:33:08,381] {processor.py:170} INFO - Processing /home/airflow/.local/lib/python3.6/site-packages/airflow/example_dags/example_branch_datetime_operator.py took 0.084 seconds
[2021-09-21 01:33:39,093] {processor.py:162} INFO - Started process (PID=2094) to work on /home/airflow/.local/lib/python3.6/site-packages/airflow/example_dags/example_branch_datetime_operator.py
[2021-09-21 01:33:39,095] {processor.py:613} INFO - Processing file /home/airflow/.local/lib/python3.6/site-packages/airflow/example_dags/example_branch_datetime_operator.py for tasks to queue
[2021-09-21 01:33:39,097] {logging_mixin.py:109} INFO - [2021-09-21 01:33:39,097] {dagbag.py:496} INFO - Filling up the DagBag from /home/airflow/.local/lib/python3.6/site-packages/airflow/example_dags/example_branch_datetime_operator.py
[2021-09-21 01:33:39,112] {processor.py:623} INFO - DAG(s) dict_keys(['example_branch_datetime_operator_2']) retrieved from /home/airflow/.local/lib/python3.6/site-packages/airflow/example_dags/example_branch_datetime_operator.py
[2021-09-21 01:33:39,138] {logging_mixin.py:109} INFO - [2021-09-21 01:33:39,137] {dag.py:1834} INFO - Sync 1 DAGs
[2021-09-21 01:33:39,155] {logging_mixin.py:109} INFO - [2021-09-21 01:33:39,155] {dag.py:2287} INFO - Setting next_dagrun for example_branch_datetime_operator_2 to 2021-09-19 00:00:00+00:00
[2021-09-21 01:33:39,166] {processor.py:170} INFO - Processing /home/airflow/.local/lib/python3.6/site-packages/airflow/example_dags/example_branch_datetime_operator.py took 0.077 seconds
[2021-09-21 01:34:09,788] {processor.py:162} INFO - Started process (PID=2158) to work on /home/airflow/.local/lib/python3.6/site-packages/airflow/example_dags/example_branch_datetime_operator.py
[2021-09-21 01:34:09,790] {processor.py:613} INFO - Processing file /home/airflow/.local/lib/python3.6/site-packages/airflow/example_dags/example_branch_datetime_operator.py for tasks to queue
[2021-09-21 01:34:09,792] {logging_mixin.py:109} INFO - [2021-09-21 01:34:09,792] {dagbag.py:496} INFO - Filling up the DagBag from /home/airflow/.local/lib/python3.6/site-packages/airflow/example_dags/example_branch_datetime_operator.py
[2021-09-21 01:34:09,805] {processor.py:623} INFO - DAG(s) dict_keys(['example_branch_datetime_operator_2']) retrieved from /home/airflow/.local/lib/python3.6/site-packages/airflow/example_dags/example_branch_datetime_operator.py
[2021-09-21 01:34:09,828] {logging_mixin.py:109} INFO - [2021-09-21 01:34:09,828] {dag.py:1834} INFO - Sync 1 DAGs
[2021-09-21 01:34:09,847] {logging_mixin.py:109} INFO - [2021-09-21 01:34:09,847] {dag.py:2287} INFO - Setting next_dagrun for example_branch_datetime_operator_2 to 2021-09-19 00:00:00+00:00
[2021-09-21 01:34:09,859] {processor.py:170} INFO - Processing /home/airflow/.local/lib/python3.6/site-packages/airflow/example_dags/example_branch_datetime_operator.py took 0.075 seconds
[2021-09-21 01:34:40,489] {processor.py:162} INFO - Started process (PID=2211) to work on /home/airflow/.local/lib/python3.6/site-packages/airflow/example_dags/example_branch_datetime_operator.py
[2021-09-21 01:34:40,493] {processor.py:613} INFO - Processing file /home/airflow/.local/lib/python3.6/site-packages/airflow/example_dags/example_branch_datetime_operator.py for tasks to queue
[2021-09-21 01:34:40,495] {logging_mixin.py:109} INFO - [2021-09-21 01:34:40,494] {dagbag.py:496} INFO - Filling up the DagBag from /home/airflow/.local/lib/python3.6/site-packages/airflow/example_dags/example_branch_datetime_operator.py
[2021-09-21 01:34:40,515] {processor.py:623} INFO - DAG(s) dict_keys(['example_branch_datetime_operator_2']) retrieved from /home/airflow/.local/lib/python3.6/site-packages/airflow/example_dags/example_branch_datetime_operator.py
[2021-09-21 01:34:40,539] {logging_mixin.py:109} INFO - [2021-09-21 01:34:40,539] {dag.py:1834} INFO - Sync 1 DAGs
[2021-09-21 01:34:40,557] {logging_mixin.py:109} INFO - [2021-09-21 01:34:40,557] {dag.py:2287} INFO - Setting next_dagrun for example_branch_datetime_operator_2 to 2021-09-19 00:00:00+00:00
[2021-09-21 01:34:40,571] {processor.py:170} INFO - Processing /home/airflow/.local/lib/python3.6/site-packages/airflow/example_dags/example_branch_datetime_operator.py took 0.085 seconds
[2021-09-21 01:35:10,869] {processor.py:162} INFO - Started process (PID=2273) to work on /home/airflow/.local/lib/python3.6/site-packages/airflow/example_dags/example_branch_datetime_operator.py
[2021-09-21 01:35:10,873] {processor.py:613} INFO - Processing file /home/airflow/.local/lib/python3.6/site-packages/airflow/example_dags/example_branch_datetime_operator.py for tasks to queue
[2021-09-21 01:35:10,875] {logging_mixin.py:109} INFO - [2021-09-21 01:35:10,875] {dagbag.py:496} INFO - Filling up the DagBag from /home/airflow/.local/lib/python3.6/site-packages/airflow/example_dags/example_branch_datetime_operator.py
[2021-09-21 01:35:10,895] {processor.py:623} INFO - DAG(s) dict_keys(['example_branch_datetime_operator_2']) retrieved from /home/airflow/.local/lib/python3.6/site-packages/airflow/example_dags/example_branch_datetime_operator.py
[2021-09-21 01:35:10,934] {logging_mixin.py:109} INFO - [2021-09-21 01:35:10,934] {dag.py:1834} INFO - Sync 1 DAGs
[2021-09-21 01:35:10,961] {logging_mixin.py:109} INFO - [2021-09-21 01:35:10,961] {dag.py:2287} INFO - Setting next_dagrun for example_branch_datetime_operator_2 to 2021-09-19 00:00:00+00:00
[2021-09-21 01:35:10,978] {processor.py:170} INFO - Processing /home/airflow/.local/lib/python3.6/site-packages/airflow/example_dags/example_branch_datetime_operator.py took 0.113 seconds
[2021-09-21 01:35:41,388] {processor.py:162} INFO - Started process (PID=2327) to work on /home/airflow/.local/lib/python3.6/site-packages/airflow/example_dags/example_branch_datetime_operator.py
[2021-09-21 01:35:41,390] {processor.py:613} INFO - Processing file /home/airflow/.local/lib/python3.6/site-packages/airflow/example_dags/example_branch_datetime_operator.py for tasks to queue
[2021-09-21 01:35:41,391] {logging_mixin.py:109} INFO - [2021-09-21 01:35:41,391] {dagbag.py:496} INFO - Filling up the DagBag from /home/airflow/.local/lib/python3.6/site-packages/airflow/example_dags/example_branch_datetime_operator.py
[2021-09-21 01:35:41,407] {processor.py:623} INFO - DAG(s) dict_keys(['example_branch_datetime_operator_2']) retrieved from /home/airflow/.local/lib/python3.6/site-packages/airflow/example_dags/example_branch_datetime_operator.py
[2021-09-21 01:35:41,432] {logging_mixin.py:109} INFO - [2021-09-21 01:35:41,432] {dag.py:1834} INFO - Sync 1 DAGs
[2021-09-21 01:35:41,450] {logging_mixin.py:109} INFO - [2021-09-21 01:35:41,450] {dag.py:2287} INFO - Setting next_dagrun for example_branch_datetime_operator_2 to 2021-09-19 00:00:00+00:00
[2021-09-21 01:35:41,461] {processor.py:170} INFO - Processing /home/airflow/.local/lib/python3.6/site-packages/airflow/example_dags/example_branch_datetime_operator.py took 0.077 seconds
[2021-09-21 01:36:12,311] {processor.py:162} INFO - Started process (PID=2392) to work on /home/airflow/.local/lib/python3.6/site-packages/airflow/example_dags/example_branch_datetime_operator.py
[2021-09-21 01:36:12,314] {processor.py:613} INFO - Processing file /home/airflow/.local/lib/python3.6/site-packages/airflow/example_dags/example_branch_datetime_operator.py for tasks to queue
[2021-09-21 01:36:12,316] {logging_mixin.py:109} INFO - [2021-09-21 01:36:12,315] {dagbag.py:496} INFO - Filling up the DagBag from /home/airflow/.local/lib/python3.6/site-packages/airflow/example_dags/example_branch_datetime_operator.py
[2021-09-21 01:36:12,331] {processor.py:623} INFO - DAG(s) dict_keys(['example_branch_datetime_operator_2']) retrieved from /home/airflow/.local/lib/python3.6/site-packages/airflow/example_dags/example_branch_datetime_operator.py
[2021-09-21 01:36:12,355] {logging_mixin.py:109} INFO - [2021-09-21 01:36:12,355] {dag.py:1834} INFO - Sync 1 DAGs
[2021-09-21 01:36:12,373] {logging_mixin.py:109} INFO - [2021-09-21 01:36:12,373] {dag.py:2287} INFO - Setting next_dagrun for example_branch_datetime_operator_2 to 2021-09-19 00:00:00+00:00
[2021-09-21 01:36:12,383] {processor.py:170} INFO - Processing /home/airflow/.local/lib/python3.6/site-packages/airflow/example_dags/example_branch_datetime_operator.py took 0.076 seconds
[2021-09-21 01:36:44,071] {processor.py:162} INFO - Started process (PID=2446) to work on /home/airflow/.local/lib/python3.6/site-packages/airflow/example_dags/example_branch_datetime_operator.py
[2021-09-21 01:36:44,079] {processor.py:613} INFO - Processing file /home/airflow/.local/lib/python3.6/site-packages/airflow/example_dags/example_branch_datetime_operator.py for tasks to queue
[2021-09-21 01:36:44,093] {logging_mixin.py:109} INFO - [2021-09-21 01:36:44,092] {dagbag.py:496} INFO - Filling up the DagBag from /home/airflow/.local/lib/python3.6/site-packages/airflow/example_dags/example_branch_datetime_operator.py
[2021-09-21 01:36:44,148] {processor.py:623} INFO - DAG(s) dict_keys(['example_branch_datetime_operator_2']) retrieved from /home/airflow/.local/lib/python3.6/site-packages/airflow/example_dags/example_branch_datetime_operator.py
[2021-09-21 01:36:44,254] {logging_mixin.py:109} INFO - [2021-09-21 01:36:44,254] {dag.py:1834} INFO - Sync 1 DAGs
[2021-09-21 01:36:44,311] {logging_mixin.py:109} INFO - [2021-09-21 01:36:44,310] {dag.py:2287} INFO - Setting next_dagrun for example_branch_datetime_operator_2 to 2021-09-19 00:00:00+00:00
[2021-09-21 01:36:44,339] {processor.py:170} INFO - Processing /home/airflow/.local/lib/python3.6/site-packages/airflow/example_dags/example_branch_datetime_operator.py took 0.278 seconds
[2021-09-21 01:37:16,064] {processor.py:162} INFO - Started process (PID=2509) to work on /home/airflow/.local/lib/python3.6/site-packages/airflow/example_dags/example_branch_datetime_operator.py
[2021-09-21 01:37:16,066] {processor.py:613} INFO - Processing file /home/airflow/.local/lib/python3.6/site-packages/airflow/example_dags/example_branch_datetime_operator.py for tasks to queue
[2021-09-21 01:37:16,068] {logging_mixin.py:109} INFO - [2021-09-21 01:37:16,068] {dagbag.py:496} INFO - Filling up the DagBag from /home/airflow/.local/lib/python3.6/site-packages/airflow/example_dags/example_branch_datetime_operator.py
[2021-09-21 01:37:16,105] {processor.py:623} INFO - DAG(s) dict_keys(['example_branch_datetime_operator_2']) retrieved from /home/airflow/.local/lib/python3.6/site-packages/airflow/example_dags/example_branch_datetime_operator.py
[2021-09-21 01:37:16,141] {logging_mixin.py:109} INFO - [2021-09-21 01:37:16,141] {dag.py:1834} INFO - Sync 1 DAGs
[2021-09-21 01:37:16,168] {logging_mixin.py:109} INFO - [2021-09-21 01:37:16,168] {dag.py:2287} INFO - Setting next_dagrun for example_branch_datetime_operator_2 to 2021-09-19 00:00:00+00:00
[2021-09-21 01:37:16,182] {processor.py:170} INFO - Processing /home/airflow/.local/lib/python3.6/site-packages/airflow/example_dags/example_branch_datetime_operator.py took 0.124 seconds
[2021-09-21 01:37:47,098] {processor.py:162} INFO - Started process (PID=2564) to work on /home/airflow/.local/lib/python3.6/site-packages/airflow/example_dags/example_branch_datetime_operator.py
[2021-09-21 01:37:47,100] {processor.py:613} INFO - Processing file /home/airflow/.local/lib/python3.6/site-packages/airflow/example_dags/example_branch_datetime_operator.py for tasks to queue
[2021-09-21 01:37:47,101] {logging_mixin.py:109} INFO - [2021-09-21 01:37:47,101] {dagbag.py:496} INFO - Filling up the DagBag from /home/airflow/.local/lib/python3.6/site-packages/airflow/example_dags/example_branch_datetime_operator.py
[2021-09-21 01:37:47,116] {processor.py:623} INFO - DAG(s) dict_keys(['example_branch_datetime_operator_2']) retrieved from /home/airflow/.local/lib/python3.6/site-packages/airflow/example_dags/example_branch_datetime_operator.py
[2021-09-21 01:37:47,142] {logging_mixin.py:109} INFO - [2021-09-21 01:37:47,141] {dag.py:1834} INFO - Sync 1 DAGs
[2021-09-21 01:37:47,160] {logging_mixin.py:109} INFO - [2021-09-21 01:37:47,160] {dag.py:2287} INFO - Setting next_dagrun for example_branch_datetime_operator_2 to 2021-09-19 00:00:00+00:00
[2021-09-21 01:37:47,173] {processor.py:170} INFO - Processing /home/airflow/.local/lib/python3.6/site-packages/airflow/example_dags/example_branch_datetime_operator.py took 0.079 seconds
[2021-09-21 01:38:17,696] {processor.py:162} INFO - Started process (PID=2629) to work on /home/airflow/.local/lib/python3.6/site-packages/airflow/example_dags/example_branch_datetime_operator.py
[2021-09-21 01:38:17,701] {processor.py:613} INFO - Processing file /home/airflow/.local/lib/python3.6/site-packages/airflow/example_dags/example_branch_datetime_operator.py for tasks to queue
[2021-09-21 01:38:17,705] {logging_mixin.py:109} INFO - [2021-09-21 01:38:17,705] {dagbag.py:496} INFO - Filling up the DagBag from /home/airflow/.local/lib/python3.6/site-packages/airflow/example_dags/example_branch_datetime_operator.py
[2021-09-21 01:38:17,748] {processor.py:623} INFO - DAG(s) dict_keys(['example_branch_datetime_operator_2']) retrieved from /home/airflow/.local/lib/python3.6/site-packages/airflow/example_dags/example_branch_datetime_operator.py
[2021-09-21 01:38:17,815] {logging_mixin.py:109} INFO - [2021-09-21 01:38:17,815] {dag.py:1834} INFO - Sync 1 DAGs
[2021-09-21 01:38:17,848] {logging_mixin.py:109} INFO - [2021-09-21 01:38:17,848] {dag.py:2287} INFO - Setting next_dagrun for example_branch_datetime_operator_2 to 2021-09-19 00:00:00+00:00
[2021-09-21 01:38:17,871] {processor.py:170} INFO - Processing /home/airflow/.local/lib/python3.6/site-packages/airflow/example_dags/example_branch_datetime_operator.py took 0.185 seconds
[2021-09-21 01:38:48,421] {processor.py:162} INFO - Started process (PID=2681) to work on /home/airflow/.local/lib/python3.6/site-packages/airflow/example_dags/example_branch_datetime_operator.py
[2021-09-21 01:38:48,425] {processor.py:613} INFO - Processing file /home/airflow/.local/lib/python3.6/site-packages/airflow/example_dags/example_branch_datetime_operator.py for tasks to queue
[2021-09-21 01:38:48,426] {logging_mixin.py:109} INFO - [2021-09-21 01:38:48,426] {dagbag.py:496} INFO - Filling up the DagBag from /home/airflow/.local/lib/python3.6/site-packages/airflow/example_dags/example_branch_datetime_operator.py
[2021-09-21 01:38:48,443] {processor.py:623} INFO - DAG(s) dict_keys(['example_branch_datetime_operator_2']) retrieved from /home/airflow/.local/lib/python3.6/site-packages/airflow/example_dags/example_branch_datetime_operator.py
[2021-09-21 01:38:48,473] {logging_mixin.py:109} INFO - [2021-09-21 01:38:48,473] {dag.py:1834} INFO - Sync 1 DAGs
[2021-09-21 01:38:48,497] {logging_mixin.py:109} INFO - [2021-09-21 01:38:48,497] {dag.py:2287} INFO - Setting next_dagrun for example_branch_datetime_operator_2 to 2021-09-19 00:00:00+00:00
[2021-09-21 01:38:48,511] {processor.py:170} INFO - Processing /home/airflow/.local/lib/python3.6/site-packages/airflow/example_dags/example_branch_datetime_operator.py took 0.095 seconds
[2021-09-21 01:39:18,685] {processor.py:162} INFO - Started process (PID=2744) to work on /home/airflow/.local/lib/python3.6/site-packages/airflow/example_dags/example_branch_datetime_operator.py
[2021-09-21 01:39:18,688] {processor.py:613} INFO - Processing file /home/airflow/.local/lib/python3.6/site-packages/airflow/example_dags/example_branch_datetime_operator.py for tasks to queue
[2021-09-21 01:39:18,689] {logging_mixin.py:109} INFO - [2021-09-21 01:39:18,689] {dagbag.py:496} INFO - Filling up the DagBag from /home/airflow/.local/lib/python3.6/site-packages/airflow/example_dags/example_branch_datetime_operator.py
[2021-09-21 01:39:18,702] {processor.py:623} INFO - DAG(s) dict_keys(['example_branch_datetime_operator_2']) retrieved from /home/airflow/.local/lib/python3.6/site-packages/airflow/example_dags/example_branch_datetime_operator.py
[2021-09-21 01:39:18,727] {logging_mixin.py:109} INFO - [2021-09-21 01:39:18,727] {dag.py:1834} INFO - Sync 1 DAGs
[2021-09-21 01:39:18,745] {logging_mixin.py:109} INFO - [2021-09-21 01:39:18,745] {dag.py:2287} INFO - Setting next_dagrun for example_branch_datetime_operator_2 to 2021-09-19 00:00:00+00:00
[2021-09-21 01:39:18,756] {processor.py:170} INFO - Processing /home/airflow/.local/lib/python3.6/site-packages/airflow/example_dags/example_branch_datetime_operator.py took 0.076 seconds
[2021-09-21 01:39:48,844] {processor.py:162} INFO - Started process (PID=2796) to work on /home/airflow/.local/lib/python3.6/site-packages/airflow/example_dags/example_branch_datetime_operator.py
[2021-09-21 01:39:48,846] {processor.py:613} INFO - Processing file /home/airflow/.local/lib/python3.6/site-packages/airflow/example_dags/example_branch_datetime_operator.py for tasks to queue
[2021-09-21 01:39:48,847] {logging_mixin.py:109} INFO - [2021-09-21 01:39:48,847] {dagbag.py:496} INFO - Filling up the DagBag from /home/airflow/.local/lib/python3.6/site-packages/airflow/example_dags/example_branch_datetime_operator.py
[2021-09-21 01:39:48,860] {processor.py:623} INFO - DAG(s) dict_keys(['example_branch_datetime_operator_2']) retrieved from /home/airflow/.local/lib/python3.6/site-packages/airflow/example_dags/example_branch_datetime_operator.py
[2021-09-21 01:39:48,886] {logging_mixin.py:109} INFO - [2021-09-21 01:39:48,886] {dag.py:1834} INFO - Sync 1 DAGs
[2021-09-21 01:39:48,904] {logging_mixin.py:109} INFO - [2021-09-21 01:39:48,904] {dag.py:2287} INFO - Setting next_dagrun for example_branch_datetime_operator_2 to 2021-09-19 00:00:00+00:00
[2021-09-21 01:39:48,915] {processor.py:170} INFO - Processing /home/airflow/.local/lib/python3.6/site-packages/airflow/example_dags/example_branch_datetime_operator.py took 0.075 seconds
[2021-09-21 01:40:18,960] {processor.py:162} INFO - Started process (PID=2859) to work on /home/airflow/.local/lib/python3.6/site-packages/airflow/example_dags/example_branch_datetime_operator.py
[2021-09-21 01:40:18,961] {processor.py:613} INFO - Processing file /home/airflow/.local/lib/python3.6/site-packages/airflow/example_dags/example_branch_datetime_operator.py for tasks to queue
[2021-09-21 01:40:18,963] {logging_mixin.py:109} INFO - [2021-09-21 01:40:18,962] {dagbag.py:496} INFO - Filling up the DagBag from /home/airflow/.local/lib/python3.6/site-packages/airflow/example_dags/example_branch_datetime_operator.py
[2021-09-21 01:40:18,976] {processor.py:623} INFO - DAG(s) dict_keys(['example_branch_datetime_operator_2']) retrieved from /home/airflow/.local/lib/python3.6/site-packages/airflow/example_dags/example_branch_datetime_operator.py
[2021-09-21 01:40:19,000] {logging_mixin.py:109} INFO - [2021-09-21 01:40:19,000] {dag.py:1834} INFO - Sync 1 DAGs
[2021-09-21 01:40:19,018] {logging_mixin.py:109} INFO - [2021-09-21 01:40:19,017] {dag.py:2287} INFO - Setting next_dagrun for example_branch_datetime_operator_2 to 2021-09-19 00:00:00+00:00
[2021-09-21 01:40:19,029] {processor.py:170} INFO - Processing /home/airflow/.local/lib/python3.6/site-packages/airflow/example_dags/example_branch_datetime_operator.py took 0.073 seconds
[2021-09-21 01:40:49,613] {processor.py:162} INFO - Started process (PID=2922) to work on /home/airflow/.local/lib/python3.6/site-packages/airflow/example_dags/example_branch_datetime_operator.py
[2021-09-21 01:40:49,615] {processor.py:613} INFO - Processing file /home/airflow/.local/lib/python3.6/site-packages/airflow/example_dags/example_branch_datetime_operator.py for tasks to queue
[2021-09-21 01:40:49,617] {logging_mixin.py:109} INFO - [2021-09-21 01:40:49,617] {dagbag.py:496} INFO - Filling up the DagBag from /home/airflow/.local/lib/python3.6/site-packages/airflow/example_dags/example_branch_datetime_operator.py
[2021-09-21 01:40:49,631] {processor.py:623} INFO - DAG(s) dict_keys(['example_branch_datetime_operator_2']) retrieved from /home/airflow/.local/lib/python3.6/site-packages/airflow/example_dags/example_branch_datetime_operator.py
[2021-09-21 01:40:49,660] {logging_mixin.py:109} INFO - [2021-09-21 01:40:49,660] {dag.py:1834} INFO - Sync 1 DAGs
[2021-09-21 01:40:49,684] {logging_mixin.py:109} INFO - [2021-09-21 01:40:49,684] {dag.py:2287} INFO - Setting next_dagrun for example_branch_datetime_operator_2 to 2021-09-19 00:00:00+00:00
[2021-09-21 01:40:49,695] {processor.py:170} INFO - Processing /home/airflow/.local/lib/python3.6/site-packages/airflow/example_dags/example_branch_datetime_operator.py took 0.086 seconds
[2021-09-21 01:41:20,488] {processor.py:162} INFO - Started process (PID=2975) to work on /home/airflow/.local/lib/python3.6/site-packages/airflow/example_dags/example_branch_datetime_operator.py
[2021-09-21 01:41:20,490] {processor.py:613} INFO - Processing file /home/airflow/.local/lib/python3.6/site-packages/airflow/example_dags/example_branch_datetime_operator.py for tasks to queue
[2021-09-21 01:41:20,491] {logging_mixin.py:109} INFO - [2021-09-21 01:41:20,491] {dagbag.py:496} INFO - Filling up the DagBag from /home/airflow/.local/lib/python3.6/site-packages/airflow/example_dags/example_branch_datetime_operator.py
[2021-09-21 01:41:20,505] {processor.py:623} INFO - DAG(s) dict_keys(['example_branch_datetime_operator_2']) retrieved from /home/airflow/.local/lib/python3.6/site-packages/airflow/example_dags/example_branch_datetime_operator.py
[2021-09-21 01:41:20,529] {logging_mixin.py:109} INFO - [2021-09-21 01:41:20,529] {dag.py:1834} INFO - Sync 1 DAGs
[2021-09-21 01:41:20,548] {logging_mixin.py:109} INFO - [2021-09-21 01:41:20,548] {dag.py:2287} INFO - Setting next_dagrun for example_branch_datetime_operator_2 to 2021-09-19 00:00:00+00:00
[2021-09-21 01:41:20,559] {processor.py:170} INFO - Processing /home/airflow/.local/lib/python3.6/site-packages/airflow/example_dags/example_branch_datetime_operator.py took 0.075 seconds
[2021-09-21 01:41:50,761] {processor.py:162} INFO - Started process (PID=3040) to work on /home/airflow/.local/lib/python3.6/site-packages/airflow/example_dags/example_branch_datetime_operator.py
[2021-09-21 01:41:50,764] {processor.py:613} INFO - Processing file /home/airflow/.local/lib/python3.6/site-packages/airflow/example_dags/example_branch_datetime_operator.py for tasks to queue
[2021-09-21 01:41:50,765] {logging_mixin.py:109} INFO - [2021-09-21 01:41:50,765] {dagbag.py:496} INFO - Filling up the DagBag from /home/airflow/.local/lib/python3.6/site-packages/airflow/example_dags/example_branch_datetime_operator.py
[2021-09-21 01:41:50,781] {processor.py:623} INFO - DAG(s) dict_keys(['example_branch_datetime_operator_2']) retrieved from /home/airflow/.local/lib/python3.6/site-packages/airflow/example_dags/example_branch_datetime_operator.py
[2021-09-21 01:41:50,807] {logging_mixin.py:109} INFO - [2021-09-21 01:41:50,807] {dag.py:1834} INFO - Sync 1 DAGs
[2021-09-21 01:41:50,826] {logging_mixin.py:109} INFO - [2021-09-21 01:41:50,826] {dag.py:2287} INFO - Setting next_dagrun for example_branch_datetime_operator_2 to 2021-09-19 00:00:00+00:00
[2021-09-21 01:41:50,844] {processor.py:170} INFO - Processing /home/airflow/.local/lib/python3.6/site-packages/airflow/example_dags/example_branch_datetime_operator.py took 0.087 seconds
[2021-09-21 01:42:20,903] {processor.py:162} INFO - Started process (PID=3095) to work on /home/airflow/.local/lib/python3.6/site-packages/airflow/example_dags/example_branch_datetime_operator.py
[2021-09-21 01:42:20,905] {processor.py:613} INFO - Processing file /home/airflow/.local/lib/python3.6/site-packages/airflow/example_dags/example_branch_datetime_operator.py for tasks to queue
[2021-09-21 01:42:20,907] {logging_mixin.py:109} INFO - [2021-09-21 01:42:20,907] {dagbag.py:496} INFO - Filling up the DagBag from /home/airflow/.local/lib/python3.6/site-packages/airflow/example_dags/example_branch_datetime_operator.py
[2021-09-21 01:42:20,920] {processor.py:623} INFO - DAG(s) dict_keys(['example_branch_datetime_operator_2']) retrieved from /home/airflow/.local/lib/python3.6/site-packages/airflow/example_dags/example_branch_datetime_operator.py
[2021-09-21 01:42:20,946] {logging_mixin.py:109} INFO - [2021-09-21 01:42:20,945] {dag.py:1834} INFO - Sync 1 DAGs
[2021-09-21 01:42:20,963] {logging_mixin.py:109} INFO - [2021-09-21 01:42:20,963] {dag.py:2287} INFO - Setting next_dagrun for example_branch_datetime_operator_2 to 2021-09-19 00:00:00+00:00
[2021-09-21 01:42:20,974] {processor.py:170} INFO - Processing /home/airflow/.local/lib/python3.6/site-packages/airflow/example_dags/example_branch_datetime_operator.py took 0.074 seconds
[2021-09-21 01:42:51,144] {processor.py:162} INFO - Started process (PID=3160) to work on /home/airflow/.local/lib/python3.6/site-packages/airflow/example_dags/example_branch_datetime_operator.py
[2021-09-21 01:42:51,147] {processor.py:613} INFO - Processing file /home/airflow/.local/lib/python3.6/site-packages/airflow/example_dags/example_branch_datetime_operator.py for tasks to queue
[2021-09-21 01:42:51,148] {logging_mixin.py:109} INFO - [2021-09-21 01:42:51,148] {dagbag.py:496} INFO - Filling up the DagBag from /home/airflow/.local/lib/python3.6/site-packages/airflow/example_dags/example_branch_datetime_operator.py
[2021-09-21 01:42:51,162] {processor.py:623} INFO - DAG(s) dict_keys(['example_branch_datetime_operator_2']) retrieved from /home/airflow/.local/lib/python3.6/site-packages/airflow/example_dags/example_branch_datetime_operator.py
[2021-09-21 01:42:51,188] {logging_mixin.py:109} INFO - [2021-09-21 01:42:51,188] {dag.py:1834} INFO - Sync 1 DAGs
[2021-09-21 01:42:51,206] {logging_mixin.py:109} INFO - [2021-09-21 01:42:51,206] {dag.py:2287} INFO - Setting next_dagrun for example_branch_datetime_operator_2 to 2021-09-19 00:00:00+00:00
[2021-09-21 01:42:51,217] {processor.py:170} INFO - Processing /home/airflow/.local/lib/python3.6/site-packages/airflow/example_dags/example_branch_datetime_operator.py took 0.076 seconds
[2021-09-21 01:43:25,105] {processor.py:162} INFO - Started process (PID=3221) to work on /home/airflow/.local/lib/python3.6/site-packages/airflow/example_dags/example_branch_datetime_operator.py
[2021-09-21 01:43:25,108] {processor.py:613} INFO - Processing file /home/airflow/.local/lib/python3.6/site-packages/airflow/example_dags/example_branch_datetime_operator.py for tasks to queue
[2021-09-21 01:43:25,112] {logging_mixin.py:109} INFO - [2021-09-21 01:43:25,112] {dagbag.py:496} INFO - Filling up the DagBag from /home/airflow/.local/lib/python3.6/site-packages/airflow/example_dags/example_branch_datetime_operator.py
[2021-09-21 01:43:25,151] {processor.py:623} INFO - DAG(s) dict_keys(['example_branch_datetime_operator_2']) retrieved from /home/airflow/.local/lib/python3.6/site-packages/airflow/example_dags/example_branch_datetime_operator.py
[2021-09-21 01:43:25,196] {logging_mixin.py:109} INFO - [2021-09-21 01:43:25,196] {dag.py:1834} INFO - Sync 1 DAGs
[2021-09-21 01:43:25,233] {logging_mixin.py:109} INFO - [2021-09-21 01:43:25,233] {dag.py:2287} INFO - Setting next_dagrun for example_branch_datetime_operator_2 to 2021-09-19 00:00:00+00:00
[2021-09-21 01:43:25,253] {processor.py:170} INFO - Processing /home/airflow/.local/lib/python3.6/site-packages/airflow/example_dags/example_branch_datetime_operator.py took 0.154 seconds
[2021-09-21 01:43:55,939] {processor.py:162} INFO - Started process (PID=3271) to work on /home/airflow/.local/lib/python3.6/site-packages/airflow/example_dags/example_branch_datetime_operator.py
[2021-09-21 01:43:55,942] {processor.py:613} INFO - Processing file /home/airflow/.local/lib/python3.6/site-packages/airflow/example_dags/example_branch_datetime_operator.py for tasks to queue
[2021-09-21 01:43:55,944] {logging_mixin.py:109} INFO - [2021-09-21 01:43:55,944] {dagbag.py:496} INFO - Filling up the DagBag from /home/airflow/.local/lib/python3.6/site-packages/airflow/example_dags/example_branch_datetime_operator.py
[2021-09-21 01:43:55,959] {processor.py:623} INFO - DAG(s) dict_keys(['example_branch_datetime_operator_2']) retrieved from /home/airflow/.local/lib/python3.6/site-packages/airflow/example_dags/example_branch_datetime_operator.py
[2021-09-21 01:43:55,985] {logging_mixin.py:109} INFO - [2021-09-21 01:43:55,985] {dag.py:1834} INFO - Sync 1 DAGs
[2021-09-21 01:43:56,003] {logging_mixin.py:109} INFO - [2021-09-21 01:43:56,003] {dag.py:2287} INFO - Setting next_dagrun for example_branch_datetime_operator_2 to 2021-09-19 00:00:00+00:00
[2021-09-21 01:43:56,014] {processor.py:170} INFO - Processing /home/airflow/.local/lib/python3.6/site-packages/airflow/example_dags/example_branch_datetime_operator.py took 0.079 seconds
[2021-09-21 01:44:26,643] {processor.py:162} INFO - Started process (PID=3335) to work on /home/airflow/.local/lib/python3.6/site-packages/airflow/example_dags/example_branch_datetime_operator.py
[2021-09-21 01:44:26,645] {processor.py:613} INFO - Processing file /home/airflow/.local/lib/python3.6/site-packages/airflow/example_dags/example_branch_datetime_operator.py for tasks to queue
[2021-09-21 01:44:26,646] {logging_mixin.py:109} INFO - [2021-09-21 01:44:26,646] {dagbag.py:496} INFO - Filling up the DagBag from /home/airflow/.local/lib/python3.6/site-packages/airflow/example_dags/example_branch_datetime_operator.py
[2021-09-21 01:44:26,659] {processor.py:623} INFO - DAG(s) dict_keys(['example_branch_datetime_operator_2']) retrieved from /home/airflow/.local/lib/python3.6/site-packages/airflow/example_dags/example_branch_datetime_operator.py
[2021-09-21 01:44:26,683] {logging_mixin.py:109} INFO - [2021-09-21 01:44:26,683] {dag.py:1834} INFO - Sync 1 DAGs
[2021-09-21 01:44:26,702] {logging_mixin.py:109} INFO - [2021-09-21 01:44:26,702] {dag.py:2287} INFO - Setting next_dagrun for example_branch_datetime_operator_2 to 2021-09-19 00:00:00+00:00
[2021-09-21 01:44:26,719] {processor.py:170} INFO - Processing /home/airflow/.local/lib/python3.6/site-packages/airflow/example_dags/example_branch_datetime_operator.py took 0.080 seconds
[2021-09-21 01:44:56,808] {processor.py:162} INFO - Started process (PID=3387) to work on /home/airflow/.local/lib/python3.6/site-packages/airflow/example_dags/example_branch_datetime_operator.py
[2021-09-21 01:44:56,810] {processor.py:613} INFO - Processing file /home/airflow/.local/lib/python3.6/site-packages/airflow/example_dags/example_branch_datetime_operator.py for tasks to queue
[2021-09-21 01:44:56,812] {logging_mixin.py:109} INFO - [2021-09-21 01:44:56,811] {dagbag.py:496} INFO - Filling up the DagBag from /home/airflow/.local/lib/python3.6/site-packages/airflow/example_dags/example_branch_datetime_operator.py
[2021-09-21 01:44:56,825] {processor.py:623} INFO - DAG(s) dict_keys(['example_branch_datetime_operator_2']) retrieved from /home/airflow/.local/lib/python3.6/site-packages/airflow/example_dags/example_branch_datetime_operator.py
[2021-09-21 01:44:56,846] {logging_mixin.py:109} INFO - [2021-09-21 01:44:56,846] {dag.py:1834} INFO - Sync 1 DAGs
[2021-09-21 01:44:56,861] {logging_mixin.py:109} INFO - [2021-09-21 01:44:56,861] {dag.py:2287} INFO - Setting next_dagrun for example_branch_datetime_operator_2 to 2021-09-19 00:00:00+00:00
[2021-09-21 01:44:56,871] {processor.py:170} INFO - Processing /home/airflow/.local/lib/python3.6/site-packages/airflow/example_dags/example_branch_datetime_operator.py took 0.067 seconds
[2021-09-21 01:45:27,681] {processor.py:162} INFO - Started process (PID=3451) to work on /home/airflow/.local/lib/python3.6/site-packages/airflow/example_dags/example_branch_datetime_operator.py
[2021-09-21 01:45:27,683] {processor.py:613} INFO - Processing file /home/airflow/.local/lib/python3.6/site-packages/airflow/example_dags/example_branch_datetime_operator.py for tasks to queue
[2021-09-21 01:45:27,684] {logging_mixin.py:109} INFO - [2021-09-21 01:45:27,684] {dagbag.py:496} INFO - Filling up the DagBag from /home/airflow/.local/lib/python3.6/site-packages/airflow/example_dags/example_branch_datetime_operator.py
[2021-09-21 01:45:27,698] {processor.py:623} INFO - DAG(s) dict_keys(['example_branch_datetime_operator_2']) retrieved from /home/airflow/.local/lib/python3.6/site-packages/airflow/example_dags/example_branch_datetime_operator.py
[2021-09-21 01:45:27,726] {logging_mixin.py:109} INFO - [2021-09-21 01:45:27,726] {dag.py:1834} INFO - Sync 1 DAGs
[2021-09-21 01:45:27,748] {logging_mixin.py:109} INFO - [2021-09-21 01:45:27,748] {dag.py:2287} INFO - Setting next_dagrun for example_branch_datetime_operator_2 to 2021-09-19 00:00:00+00:00
[2021-09-21 01:45:27,763] {processor.py:170} INFO - Processing /home/airflow/.local/lib/python3.6/site-packages/airflow/example_dags/example_branch_datetime_operator.py took 0.086 seconds
[2021-09-21 01:45:58,513] {processor.py:162} INFO - Started process (PID=3514) to work on /home/airflow/.local/lib/python3.6/site-packages/airflow/example_dags/example_branch_datetime_operator.py
[2021-09-21 01:45:58,515] {processor.py:613} INFO - Processing file /home/airflow/.local/lib/python3.6/site-packages/airflow/example_dags/example_branch_datetime_operator.py for tasks to queue
[2021-09-21 01:45:58,517] {logging_mixin.py:109} INFO - [2021-09-21 01:45:58,516] {dagbag.py:496} INFO - Filling up the DagBag from /home/airflow/.local/lib/python3.6/site-packages/airflow/example_dags/example_branch_datetime_operator.py
[2021-09-21 01:45:58,531] {processor.py:623} INFO - DAG(s) dict_keys(['example_branch_datetime_operator_2']) retrieved from /home/airflow/.local/lib/python3.6/site-packages/airflow/example_dags/example_branch_datetime_operator.py
[2021-09-21 01:45:58,555] {logging_mixin.py:109} INFO - [2021-09-21 01:45:58,555] {dag.py:1834} INFO - Sync 1 DAGs
[2021-09-21 01:45:58,573] {logging_mixin.py:109} INFO - [2021-09-21 01:45:58,573] {dag.py:2287} INFO - Setting next_dagrun for example_branch_datetime_operator_2 to 2021-09-19 00:00:00+00:00
[2021-09-21 01:45:58,584] {processor.py:170} INFO - Processing /home/airflow/.local/lib/python3.6/site-packages/airflow/example_dags/example_branch_datetime_operator.py took 0.075 seconds
[2021-09-21 01:46:29,697] {processor.py:162} INFO - Started process (PID=3576) to work on /home/airflow/.local/lib/python3.6/site-packages/airflow/example_dags/example_branch_datetime_operator.py
[2021-09-21 01:46:29,699] {processor.py:613} INFO - Processing file /home/airflow/.local/lib/python3.6/site-packages/airflow/example_dags/example_branch_datetime_operator.py for tasks to queue
[2021-09-21 01:46:29,701] {logging_mixin.py:109} INFO - [2021-09-21 01:46:29,701] {dagbag.py:496} INFO - Filling up the DagBag from /home/airflow/.local/lib/python3.6/site-packages/airflow/example_dags/example_branch_datetime_operator.py
[2021-09-21 01:46:29,722] {processor.py:623} INFO - DAG(s) dict_keys(['example_branch_datetime_operator_2']) retrieved from /home/airflow/.local/lib/python3.6/site-packages/airflow/example_dags/example_branch_datetime_operator.py
[2021-09-21 01:46:29,755] {logging_mixin.py:109} INFO - [2021-09-21 01:46:29,755] {dag.py:1834} INFO - Sync 1 DAGs
[2021-09-21 01:46:29,786] {logging_mixin.py:109} INFO - [2021-09-21 01:46:29,785] {dag.py:2287} INFO - Setting next_dagrun for example_branch_datetime_operator_2 to 2021-09-19 00:00:00+00:00
[2021-09-21 01:46:29,801] {processor.py:170} INFO - Processing /home/airflow/.local/lib/python3.6/site-packages/airflow/example_dags/example_branch_datetime_operator.py took 0.109 seconds
[2021-09-21 01:47:00,803] {processor.py:162} INFO - Started process (PID=3632) to work on /home/airflow/.local/lib/python3.6/site-packages/airflow/example_dags/example_branch_datetime_operator.py
[2021-09-21 01:47:00,807] {processor.py:613} INFO - Processing file /home/airflow/.local/lib/python3.6/site-packages/airflow/example_dags/example_branch_datetime_operator.py for tasks to queue
[2021-09-21 01:47:00,813] {logging_mixin.py:109} INFO - [2021-09-21 01:47:00,813] {dagbag.py:496} INFO - Filling up the DagBag from /home/airflow/.local/lib/python3.6/site-packages/airflow/example_dags/example_branch_datetime_operator.py
[2021-09-21 01:47:00,880] {processor.py:623} INFO - DAG(s) dict_keys(['example_branch_datetime_operator_2']) retrieved from /home/airflow/.local/lib/python3.6/site-packages/airflow/example_dags/example_branch_datetime_operator.py
[2021-09-21 01:47:00,940] {logging_mixin.py:109} INFO - [2021-09-21 01:47:00,940] {dag.py:1834} INFO - Sync 1 DAGs
[2021-09-21 01:47:00,966] {logging_mixin.py:109} INFO - [2021-09-21 01:47:00,965] {dag.py:2287} INFO - Setting next_dagrun for example_branch_datetime_operator_2 to 2021-09-19 00:00:00+00:00
[2021-09-21 01:47:00,986] {processor.py:170} INFO - Processing /home/airflow/.local/lib/python3.6/site-packages/airflow/example_dags/example_branch_datetime_operator.py took 0.196 seconds
[2021-09-21 01:47:31,168] {processor.py:162} INFO - Started process (PID=3697) to work on /home/airflow/.local/lib/python3.6/site-packages/airflow/example_dags/example_branch_datetime_operator.py
[2021-09-21 01:47:31,170] {processor.py:613} INFO - Processing file /home/airflow/.local/lib/python3.6/site-packages/airflow/example_dags/example_branch_datetime_operator.py for tasks to queue
[2021-09-21 01:47:31,173] {logging_mixin.py:109} INFO - [2021-09-21 01:47:31,173] {dagbag.py:496} INFO - Filling up the DagBag from /home/airflow/.local/lib/python3.6/site-packages/airflow/example_dags/example_branch_datetime_operator.py
[2021-09-21 01:47:31,192] {processor.py:623} INFO - DAG(s) dict_keys(['example_branch_datetime_operator_2']) retrieved from /home/airflow/.local/lib/python3.6/site-packages/airflow/example_dags/example_branch_datetime_operator.py
[2021-09-21 01:47:31,226] {logging_mixin.py:109} INFO - [2021-09-21 01:47:31,226] {dag.py:1834} INFO - Sync 1 DAGs
[2021-09-21 01:47:31,249] {logging_mixin.py:109} INFO - [2021-09-21 01:47:31,249] {dag.py:2287} INFO - Setting next_dagrun for example_branch_datetime_operator_2 to 2021-09-19 00:00:00+00:00
[2021-09-21 01:47:31,264] {processor.py:170} INFO - Processing /home/airflow/.local/lib/python3.6/site-packages/airflow/example_dags/example_branch_datetime_operator.py took 0.102 seconds
[2021-09-21 01:48:02,193] {processor.py:162} INFO - Started process (PID=3750) to work on /home/airflow/.local/lib/python3.6/site-packages/airflow/example_dags/example_branch_datetime_operator.py
[2021-09-21 01:48:02,195] {processor.py:613} INFO - Processing file /home/airflow/.local/lib/python3.6/site-packages/airflow/example_dags/example_branch_datetime_operator.py for tasks to queue
[2021-09-21 01:48:02,197] {logging_mixin.py:109} INFO - [2021-09-21 01:48:02,196] {dagbag.py:496} INFO - Filling up the DagBag from /home/airflow/.local/lib/python3.6/site-packages/airflow/example_dags/example_branch_datetime_operator.py
[2021-09-21 01:48:02,212] {processor.py:623} INFO - DAG(s) dict_keys(['example_branch_datetime_operator_2']) retrieved from /home/airflow/.local/lib/python3.6/site-packages/airflow/example_dags/example_branch_datetime_operator.py
[2021-09-21 01:48:02,240] {logging_mixin.py:109} INFO - [2021-09-21 01:48:02,240] {dag.py:1834} INFO - Sync 1 DAGs
[2021-09-21 01:48:02,259] {logging_mixin.py:109} INFO - [2021-09-21 01:48:02,259] {dag.py:2287} INFO - Setting next_dagrun for example_branch_datetime_operator_2 to 2021-09-19 00:00:00+00:00
[2021-09-21 01:48:02,271] {processor.py:170} INFO - Processing /home/airflow/.local/lib/python3.6/site-packages/airflow/example_dags/example_branch_datetime_operator.py took 0.083 seconds
[2021-09-21 01:48:32,593] {processor.py:162} INFO - Started process (PID=3815) to work on /home/airflow/.local/lib/python3.6/site-packages/airflow/example_dags/example_branch_datetime_operator.py
[2021-09-21 01:48:32,595] {processor.py:613} INFO - Processing file /home/airflow/.local/lib/python3.6/site-packages/airflow/example_dags/example_branch_datetime_operator.py for tasks to queue
[2021-09-21 01:48:32,597] {logging_mixin.py:109} INFO - [2021-09-21 01:48:32,596] {dagbag.py:496} INFO - Filling up the DagBag from /home/airflow/.local/lib/python3.6/site-packages/airflow/example_dags/example_branch_datetime_operator.py
[2021-09-21 01:48:32,613] {processor.py:623} INFO - DAG(s) dict_keys(['example_branch_datetime_operator_2']) retrieved from /home/airflow/.local/lib/python3.6/site-packages/airflow/example_dags/example_branch_datetime_operator.py
[2021-09-21 01:48:32,638] {logging_mixin.py:109} INFO - [2021-09-21 01:48:32,638] {dag.py:1834} INFO - Sync 1 DAGs
[2021-09-21 01:48:32,657] {logging_mixin.py:109} INFO - [2021-09-21 01:48:32,657] {dag.py:2287} INFO - Setting next_dagrun for example_branch_datetime_operator_2 to 2021-09-19 00:00:00+00:00
[2021-09-21 01:48:32,668] {processor.py:170} INFO - Processing /home/airflow/.local/lib/python3.6/site-packages/airflow/example_dags/example_branch_datetime_operator.py took 0.081 seconds
[2021-09-21 01:49:02,860] {processor.py:162} INFO - Started process (PID=3867) to work on /home/airflow/.local/lib/python3.6/site-packages/airflow/example_dags/example_branch_datetime_operator.py
[2021-09-21 01:49:02,862] {processor.py:613} INFO - Processing file /home/airflow/.local/lib/python3.6/site-packages/airflow/example_dags/example_branch_datetime_operator.py for tasks to queue
[2021-09-21 01:49:02,864] {logging_mixin.py:109} INFO - [2021-09-21 01:49:02,864] {dagbag.py:496} INFO - Filling up the DagBag from /home/airflow/.local/lib/python3.6/site-packages/airflow/example_dags/example_branch_datetime_operator.py
[2021-09-21 01:49:02,880] {processor.py:623} INFO - DAG(s) dict_keys(['example_branch_datetime_operator_2']) retrieved from /home/airflow/.local/lib/python3.6/site-packages/airflow/example_dags/example_branch_datetime_operator.py
[2021-09-21 01:49:02,907] {logging_mixin.py:109} INFO - [2021-09-21 01:49:02,907] {dag.py:1834} INFO - Sync 1 DAGs
[2021-09-21 01:49:02,926] {logging_mixin.py:109} INFO - [2021-09-21 01:49:02,926] {dag.py:2287} INFO - Setting next_dagrun for example_branch_datetime_operator_2 to 2021-09-19 00:00:00+00:00
[2021-09-21 01:49:02,937] {processor.py:170} INFO - Processing /home/airflow/.local/lib/python3.6/site-packages/airflow/example_dags/example_branch_datetime_operator.py took 0.082 seconds
[2021-09-21 01:49:33,247] {processor.py:162} INFO - Started process (PID=3930) to work on /home/airflow/.local/lib/python3.6/site-packages/airflow/example_dags/example_branch_datetime_operator.py
[2021-09-21 01:49:33,250] {processor.py:613} INFO - Processing file /home/airflow/.local/lib/python3.6/site-packages/airflow/example_dags/example_branch_datetime_operator.py for tasks to queue
[2021-09-21 01:49:33,251] {logging_mixin.py:109} INFO - [2021-09-21 01:49:33,251] {dagbag.py:496} INFO - Filling up the DagBag from /home/airflow/.local/lib/python3.6/site-packages/airflow/example_dags/example_branch_datetime_operator.py
[2021-09-21 01:49:33,267] {processor.py:623} INFO - DAG(s) dict_keys(['example_branch_datetime_operator_2']) retrieved from /home/airflow/.local/lib/python3.6/site-packages/airflow/example_dags/example_branch_datetime_operator.py
[2021-09-21 01:49:33,292] {logging_mixin.py:109} INFO - [2021-09-21 01:49:33,292] {dag.py:1834} INFO - Sync 1 DAGs
[2021-09-21 01:49:33,317] {logging_mixin.py:109} INFO - [2021-09-21 01:49:33,317] {dag.py:2287} INFO - Setting next_dagrun for example_branch_datetime_operator_2 to 2021-09-19 00:00:00+00:00
[2021-09-21 01:49:33,329] {processor.py:170} INFO - Processing /home/airflow/.local/lib/python3.6/site-packages/airflow/example_dags/example_branch_datetime_operator.py took 0.086 seconds
[2021-09-21 01:50:03,542] {processor.py:162} INFO - Started process (PID=3994) to work on /home/airflow/.local/lib/python3.6/site-packages/airflow/example_dags/example_branch_datetime_operator.py
[2021-09-21 01:50:03,546] {processor.py:613} INFO - Processing file /home/airflow/.local/lib/python3.6/site-packages/airflow/example_dags/example_branch_datetime_operator.py for tasks to queue
[2021-09-21 01:50:03,548] {logging_mixin.py:109} INFO - [2021-09-21 01:50:03,548] {dagbag.py:496} INFO - Filling up the DagBag from /home/airflow/.local/lib/python3.6/site-packages/airflow/example_dags/example_branch_datetime_operator.py
[2021-09-21 01:50:03,572] {processor.py:623} INFO - DAG(s) dict_keys(['example_branch_datetime_operator_2']) retrieved from /home/airflow/.local/lib/python3.6/site-packages/airflow/example_dags/example_branch_datetime_operator.py
[2021-09-21 01:50:03,625] {logging_mixin.py:109} INFO - [2021-09-21 01:50:03,625] {dag.py:1834} INFO - Sync 1 DAGs
[2021-09-21 01:50:03,651] {logging_mixin.py:109} INFO - [2021-09-21 01:50:03,651] {dag.py:2287} INFO - Setting next_dagrun for example_branch_datetime_operator_2 to 2021-09-19 00:00:00+00:00
[2021-09-21 01:50:03,670] {processor.py:170} INFO - Processing /home/airflow/.local/lib/python3.6/site-packages/airflow/example_dags/example_branch_datetime_operator.py took 0.135 seconds
[2021-09-21 01:50:34,446] {processor.py:162} INFO - Started process (PID=4045) to work on /home/airflow/.local/lib/python3.6/site-packages/airflow/example_dags/example_branch_datetime_operator.py
[2021-09-21 01:50:34,448] {processor.py:613} INFO - Processing file /home/airflow/.local/lib/python3.6/site-packages/airflow/example_dags/example_branch_datetime_operator.py for tasks to queue
[2021-09-21 01:50:34,450] {logging_mixin.py:109} INFO - [2021-09-21 01:50:34,449] {dagbag.py:496} INFO - Filling up the DagBag from /home/airflow/.local/lib/python3.6/site-packages/airflow/example_dags/example_branch_datetime_operator.py
[2021-09-21 01:50:34,464] {processor.py:623} INFO - DAG(s) dict_keys(['example_branch_datetime_operator_2']) retrieved from /home/airflow/.local/lib/python3.6/site-packages/airflow/example_dags/example_branch_datetime_operator.py
[2021-09-21 01:50:34,489] {logging_mixin.py:109} INFO - [2021-09-21 01:50:34,488] {dag.py:1834} INFO - Sync 1 DAGs
[2021-09-21 01:50:34,507] {logging_mixin.py:109} INFO - [2021-09-21 01:50:34,507] {dag.py:2287} INFO - Setting next_dagrun for example_branch_datetime_operator_2 to 2021-09-19 00:00:00+00:00
[2021-09-21 01:50:34,518] {processor.py:170} INFO - Processing /home/airflow/.local/lib/python3.6/site-packages/airflow/example_dags/example_branch_datetime_operator.py took 0.076 seconds
[2021-09-21 01:51:04,783] {processor.py:162} INFO - Started process (PID=4109) to work on /home/airflow/.local/lib/python3.6/site-packages/airflow/example_dags/example_branch_datetime_operator.py
[2021-09-21 01:51:04,787] {processor.py:613} INFO - Processing file /home/airflow/.local/lib/python3.6/site-packages/airflow/example_dags/example_branch_datetime_operator.py for tasks to queue
[2021-09-21 01:51:04,789] {logging_mixin.py:109} INFO - [2021-09-21 01:51:04,789] {dagbag.py:496} INFO - Filling up the DagBag from /home/airflow/.local/lib/python3.6/site-packages/airflow/example_dags/example_branch_datetime_operator.py
[2021-09-21 01:51:04,808] {processor.py:623} INFO - DAG(s) dict_keys(['example_branch_datetime_operator_2']) retrieved from /home/airflow/.local/lib/python3.6/site-packages/airflow/example_dags/example_branch_datetime_operator.py
[2021-09-21 01:51:04,837] {logging_mixin.py:109} INFO - [2021-09-21 01:51:04,837] {dag.py:1834} INFO - Sync 1 DAGs
[2021-09-21 01:51:04,859] {logging_mixin.py:109} INFO - [2021-09-21 01:51:04,859] {dag.py:2287} INFO - Setting next_dagrun for example_branch_datetime_operator_2 to 2021-09-19 00:00:00+00:00
[2021-09-21 01:51:04,874] {processor.py:170} INFO - Processing /home/airflow/.local/lib/python3.6/site-packages/airflow/example_dags/example_branch_datetime_operator.py took 0.094 seconds
[2021-09-21 01:51:35,060] {processor.py:162} INFO - Started process (PID=4162) to work on /home/airflow/.local/lib/python3.6/site-packages/airflow/example_dags/example_branch_datetime_operator.py
[2021-09-21 01:51:35,062] {processor.py:613} INFO - Processing file /home/airflow/.local/lib/python3.6/site-packages/airflow/example_dags/example_branch_datetime_operator.py for tasks to queue
[2021-09-21 01:51:35,063] {logging_mixin.py:109} INFO - [2021-09-21 01:51:35,063] {dagbag.py:496} INFO - Filling up the DagBag from /home/airflow/.local/lib/python3.6/site-packages/airflow/example_dags/example_branch_datetime_operator.py
[2021-09-21 01:51:35,079] {processor.py:623} INFO - DAG(s) dict_keys(['example_branch_datetime_operator_2']) retrieved from /home/airflow/.local/lib/python3.6/site-packages/airflow/example_dags/example_branch_datetime_operator.py
[2021-09-21 01:51:35,106] {logging_mixin.py:109} INFO - [2021-09-21 01:51:35,105] {dag.py:1834} INFO - Sync 1 DAGs
[2021-09-21 01:51:35,125] {logging_mixin.py:109} INFO - [2021-09-21 01:51:35,125] {dag.py:2287} INFO - Setting next_dagrun for example_branch_datetime_operator_2 to 2021-09-19 00:00:00+00:00
[2021-09-21 01:51:35,137] {processor.py:170} INFO - Processing /home/airflow/.local/lib/python3.6/site-packages/airflow/example_dags/example_branch_datetime_operator.py took 0.081 seconds
[2021-09-21 01:52:05,305] {processor.py:162} INFO - Started process (PID=4224) to work on /home/airflow/.local/lib/python3.6/site-packages/airflow/example_dags/example_branch_datetime_operator.py
[2021-09-21 01:52:05,309] {processor.py:613} INFO - Processing file /home/airflow/.local/lib/python3.6/site-packages/airflow/example_dags/example_branch_datetime_operator.py for tasks to queue
[2021-09-21 01:52:05,311] {logging_mixin.py:109} INFO - [2021-09-21 01:52:05,310] {dagbag.py:496} INFO - Filling up the DagBag from /home/airflow/.local/lib/python3.6/site-packages/airflow/example_dags/example_branch_datetime_operator.py
[2021-09-21 01:52:05,326] {processor.py:623} INFO - DAG(s) dict_keys(['example_branch_datetime_operator_2']) retrieved from /home/airflow/.local/lib/python3.6/site-packages/airflow/example_dags/example_branch_datetime_operator.py
[2021-09-21 01:52:05,360] {logging_mixin.py:109} INFO - [2021-09-21 01:52:05,360] {dag.py:1834} INFO - Sync 1 DAGs
[2021-09-21 01:52:05,381] {logging_mixin.py:109} INFO - [2021-09-21 01:52:05,381] {dag.py:2287} INFO - Setting next_dagrun for example_branch_datetime_operator_2 to 2021-09-19 00:00:00+00:00
[2021-09-21 01:52:05,394] {processor.py:170} INFO - Processing /home/airflow/.local/lib/python3.6/site-packages/airflow/example_dags/example_branch_datetime_operator.py took 0.095 seconds
[2021-09-21 01:52:35,704] {processor.py:162} INFO - Started process (PID=4280) to work on /home/airflow/.local/lib/python3.6/site-packages/airflow/example_dags/example_branch_datetime_operator.py
[2021-09-21 01:52:35,706] {processor.py:613} INFO - Processing file /home/airflow/.local/lib/python3.6/site-packages/airflow/example_dags/example_branch_datetime_operator.py for tasks to queue
[2021-09-21 01:52:35,708] {logging_mixin.py:109} INFO - [2021-09-21 01:52:35,708] {dagbag.py:496} INFO - Filling up the DagBag from /home/airflow/.local/lib/python3.6/site-packages/airflow/example_dags/example_branch_datetime_operator.py
[2021-09-21 01:52:35,727] {processor.py:623} INFO - DAG(s) dict_keys(['example_branch_datetime_operator_2']) retrieved from /home/airflow/.local/lib/python3.6/site-packages/airflow/example_dags/example_branch_datetime_operator.py
[2021-09-21 01:52:35,757] {logging_mixin.py:109} INFO - [2021-09-21 01:52:35,757] {dag.py:1834} INFO - Sync 1 DAGs
[2021-09-21 01:52:35,782] {logging_mixin.py:109} INFO - [2021-09-21 01:52:35,782] {dag.py:2287} INFO - Setting next_dagrun for example_branch_datetime_operator_2 to 2021-09-19 00:00:00+00:00
[2021-09-21 01:52:35,794] {processor.py:170} INFO - Processing /home/airflow/.local/lib/python3.6/site-packages/airflow/example_dags/example_branch_datetime_operator.py took 0.094 seconds
