[2021-09-21 01:17:11,529] {processor.py:162} INFO - Started process (PID=100) to work on /home/airflow/.local/lib/python3.6/site-packages/airflow/example_dags/example_short_circuit_operator.py
[2021-09-21 01:17:11,531] {processor.py:613} INFO - Processing file /home/airflow/.local/lib/python3.6/site-packages/airflow/example_dags/example_short_circuit_operator.py for tasks to queue
[2021-09-21 01:17:11,538] {logging_mixin.py:109} INFO - [2021-09-21 01:17:11,537] {dagbag.py:496} INFO - Filling up the DagBag from /home/airflow/.local/lib/python3.6/site-packages/airflow/example_dags/example_short_circuit_operator.py
[2021-09-21 01:17:11,558] {processor.py:623} INFO - DAG(s) dict_keys(['example_short_circuit_operator']) retrieved from /home/airflow/.local/lib/python3.6/site-packages/airflow/example_dags/example_short_circuit_operator.py
[2021-09-21 01:17:13,972] {logging_mixin.py:109} INFO - [2021-09-21 01:17:13,967] {dag.py:1834} INFO - Sync 1 DAGs
[2021-09-21 01:17:14,036] {logging_mixin.py:109} INFO - [2021-09-21 01:17:14,030] {dag.py:1853} INFO - Creating ORM DAG for example_short_circuit_operator
[2021-09-21 01:17:14,048] {logging_mixin.py:109} INFO - [2021-09-21 01:17:14,048] {dag.py:2287} INFO - Setting next_dagrun for example_short_circuit_operator to 2021-09-19 00:00:00+00:00
[2021-09-21 01:17:14,078] {processor.py:170} INFO - Processing /home/airflow/.local/lib/python3.6/site-packages/airflow/example_dags/example_short_circuit_operator.py took 2.554 seconds
[2021-09-21 01:17:44,763] {processor.py:162} INFO - Started process (PID=307) to work on /home/airflow/.local/lib/python3.6/site-packages/airflow/example_dags/example_short_circuit_operator.py
[2021-09-21 01:17:44,766] {processor.py:613} INFO - Processing file /home/airflow/.local/lib/python3.6/site-packages/airflow/example_dags/example_short_circuit_operator.py for tasks to queue
[2021-09-21 01:17:44,768] {logging_mixin.py:109} INFO - [2021-09-21 01:17:44,768] {dagbag.py:496} INFO - Filling up the DagBag from /home/airflow/.local/lib/python3.6/site-packages/airflow/example_dags/example_short_circuit_operator.py
[2021-09-21 01:17:44,787] {processor.py:623} INFO - DAG(s) dict_keys(['example_short_circuit_operator']) retrieved from /home/airflow/.local/lib/python3.6/site-packages/airflow/example_dags/example_short_circuit_operator.py
[2021-09-21 01:17:44,818] {logging_mixin.py:109} INFO - [2021-09-21 01:17:44,817] {dag.py:1834} INFO - Sync 1 DAGs
[2021-09-21 01:17:44,837] {logging_mixin.py:109} INFO - [2021-09-21 01:17:44,837] {dag.py:2287} INFO - Setting next_dagrun for example_short_circuit_operator to 2021-09-19 00:00:00+00:00
[2021-09-21 01:17:44,852] {processor.py:170} INFO - Processing /home/airflow/.local/lib/python3.6/site-packages/airflow/example_dags/example_short_circuit_operator.py took 0.094 seconds
[2021-09-21 01:18:15,637] {processor.py:162} INFO - Started process (PID=359) to work on /home/airflow/.local/lib/python3.6/site-packages/airflow/example_dags/example_short_circuit_operator.py
[2021-09-21 01:18:15,639] {processor.py:613} INFO - Processing file /home/airflow/.local/lib/python3.6/site-packages/airflow/example_dags/example_short_circuit_operator.py for tasks to queue
[2021-09-21 01:18:15,640] {logging_mixin.py:109} INFO - [2021-09-21 01:18:15,640] {dagbag.py:496} INFO - Filling up the DagBag from /home/airflow/.local/lib/python3.6/site-packages/airflow/example_dags/example_short_circuit_operator.py
[2021-09-21 01:18:15,657] {processor.py:623} INFO - DAG(s) dict_keys(['example_short_circuit_operator']) retrieved from /home/airflow/.local/lib/python3.6/site-packages/airflow/example_dags/example_short_circuit_operator.py
[2021-09-21 01:18:15,683] {logging_mixin.py:109} INFO - [2021-09-21 01:18:15,683] {dag.py:1834} INFO - Sync 1 DAGs
[2021-09-21 01:18:15,707] {logging_mixin.py:109} INFO - [2021-09-21 01:18:15,707] {dag.py:2287} INFO - Setting next_dagrun for example_short_circuit_operator to 2021-09-19 00:00:00+00:00
[2021-09-21 01:18:15,718] {processor.py:170} INFO - Processing /home/airflow/.local/lib/python3.6/site-packages/airflow/example_dags/example_short_circuit_operator.py took 0.085 seconds
[2021-09-21 01:18:45,759] {processor.py:162} INFO - Started process (PID=424) to work on /home/airflow/.local/lib/python3.6/site-packages/airflow/example_dags/example_short_circuit_operator.py
[2021-09-21 01:18:45,762] {processor.py:613} INFO - Processing file /home/airflow/.local/lib/python3.6/site-packages/airflow/example_dags/example_short_circuit_operator.py for tasks to queue
[2021-09-21 01:18:45,764] {logging_mixin.py:109} INFO - [2021-09-21 01:18:45,764] {dagbag.py:496} INFO - Filling up the DagBag from /home/airflow/.local/lib/python3.6/site-packages/airflow/example_dags/example_short_circuit_operator.py
[2021-09-21 01:18:45,788] {processor.py:623} INFO - DAG(s) dict_keys(['example_short_circuit_operator']) retrieved from /home/airflow/.local/lib/python3.6/site-packages/airflow/example_dags/example_short_circuit_operator.py
[2021-09-21 01:18:45,824] {logging_mixin.py:109} INFO - [2021-09-21 01:18:45,824] {dag.py:1834} INFO - Sync 1 DAGs
[2021-09-21 01:18:45,848] {logging_mixin.py:109} INFO - [2021-09-21 01:18:45,848] {dag.py:2287} INFO - Setting next_dagrun for example_short_circuit_operator to 2021-09-19 00:00:00+00:00
[2021-09-21 01:18:45,867] {processor.py:170} INFO - Processing /home/airflow/.local/lib/python3.6/site-packages/airflow/example_dags/example_short_circuit_operator.py took 0.112 seconds
[2021-09-21 01:19:15,933] {processor.py:162} INFO - Started process (PID=487) to work on /home/airflow/.local/lib/python3.6/site-packages/airflow/example_dags/example_short_circuit_operator.py
[2021-09-21 01:19:15,935] {processor.py:613} INFO - Processing file /home/airflow/.local/lib/python3.6/site-packages/airflow/example_dags/example_short_circuit_operator.py for tasks to queue
[2021-09-21 01:19:15,937] {logging_mixin.py:109} INFO - [2021-09-21 01:19:15,937] {dagbag.py:496} INFO - Filling up the DagBag from /home/airflow/.local/lib/python3.6/site-packages/airflow/example_dags/example_short_circuit_operator.py
[2021-09-21 01:19:15,951] {processor.py:623} INFO - DAG(s) dict_keys(['example_short_circuit_operator']) retrieved from /home/airflow/.local/lib/python3.6/site-packages/airflow/example_dags/example_short_circuit_operator.py
[2021-09-21 01:19:15,977] {logging_mixin.py:109} INFO - [2021-09-21 01:19:15,977] {dag.py:1834} INFO - Sync 1 DAGs
[2021-09-21 01:19:15,993] {logging_mixin.py:109} INFO - [2021-09-21 01:19:15,993] {dag.py:2287} INFO - Setting next_dagrun for example_short_circuit_operator to 2021-09-19 00:00:00+00:00
[2021-09-21 01:19:16,002] {processor.py:170} INFO - Processing /home/airflow/.local/lib/python3.6/site-packages/airflow/example_dags/example_short_circuit_operator.py took 0.073 seconds
[2021-09-21 01:19:46,066] {processor.py:162} INFO - Started process (PID=540) to work on /home/airflow/.local/lib/python3.6/site-packages/airflow/example_dags/example_short_circuit_operator.py
[2021-09-21 01:19:46,068] {processor.py:613} INFO - Processing file /home/airflow/.local/lib/python3.6/site-packages/airflow/example_dags/example_short_circuit_operator.py for tasks to queue
[2021-09-21 01:19:46,069] {logging_mixin.py:109} INFO - [2021-09-21 01:19:46,069] {dagbag.py:496} INFO - Filling up the DagBag from /home/airflow/.local/lib/python3.6/site-packages/airflow/example_dags/example_short_circuit_operator.py
[2021-09-21 01:19:46,085] {processor.py:623} INFO - DAG(s) dict_keys(['example_short_circuit_operator']) retrieved from /home/airflow/.local/lib/python3.6/site-packages/airflow/example_dags/example_short_circuit_operator.py
[2021-09-21 01:19:46,112] {logging_mixin.py:109} INFO - [2021-09-21 01:19:46,112] {dag.py:1834} INFO - Sync 1 DAGs
[2021-09-21 01:19:46,127] {logging_mixin.py:109} INFO - [2021-09-21 01:19:46,127] {dag.py:2287} INFO - Setting next_dagrun for example_short_circuit_operator to 2021-09-19 00:00:00+00:00
[2021-09-21 01:19:46,138] {processor.py:170} INFO - Processing /home/airflow/.local/lib/python3.6/site-packages/airflow/example_dags/example_short_circuit_operator.py took 0.076 seconds
[2021-09-21 01:20:16,455] {processor.py:162} INFO - Started process (PID=604) to work on /home/airflow/.local/lib/python3.6/site-packages/airflow/example_dags/example_short_circuit_operator.py
[2021-09-21 01:20:16,457] {processor.py:613} INFO - Processing file /home/airflow/.local/lib/python3.6/site-packages/airflow/example_dags/example_short_circuit_operator.py for tasks to queue
[2021-09-21 01:20:16,459] {logging_mixin.py:109} INFO - [2021-09-21 01:20:16,459] {dagbag.py:496} INFO - Filling up the DagBag from /home/airflow/.local/lib/python3.6/site-packages/airflow/example_dags/example_short_circuit_operator.py
[2021-09-21 01:20:16,478] {processor.py:623} INFO - DAG(s) dict_keys(['example_short_circuit_operator']) retrieved from /home/airflow/.local/lib/python3.6/site-packages/airflow/example_dags/example_short_circuit_operator.py
[2021-09-21 01:20:16,517] {logging_mixin.py:109} INFO - [2021-09-21 01:20:16,517] {dag.py:1834} INFO - Sync 1 DAGs
[2021-09-21 01:20:16,536] {logging_mixin.py:109} INFO - [2021-09-21 01:20:16,536] {dag.py:2287} INFO - Setting next_dagrun for example_short_circuit_operator to 2021-09-19 00:00:00+00:00
[2021-09-21 01:20:16,549] {processor.py:170} INFO - Processing /home/airflow/.local/lib/python3.6/site-packages/airflow/example_dags/example_short_circuit_operator.py took 0.098 seconds
[2021-09-21 01:20:46,851] {processor.py:162} INFO - Started process (PID=670) to work on /home/airflow/.local/lib/python3.6/site-packages/airflow/example_dags/example_short_circuit_operator.py
[2021-09-21 01:20:46,853] {processor.py:613} INFO - Processing file /home/airflow/.local/lib/python3.6/site-packages/airflow/example_dags/example_short_circuit_operator.py for tasks to queue
[2021-09-21 01:20:46,855] {logging_mixin.py:109} INFO - [2021-09-21 01:20:46,854] {dagbag.py:496} INFO - Filling up the DagBag from /home/airflow/.local/lib/python3.6/site-packages/airflow/example_dags/example_short_circuit_operator.py
[2021-09-21 01:20:46,872] {processor.py:623} INFO - DAG(s) dict_keys(['example_short_circuit_operator']) retrieved from /home/airflow/.local/lib/python3.6/site-packages/airflow/example_dags/example_short_circuit_operator.py
[2021-09-21 01:20:46,904] {logging_mixin.py:109} INFO - [2021-09-21 01:20:46,903] {dag.py:1834} INFO - Sync 1 DAGs
[2021-09-21 01:20:46,928] {logging_mixin.py:109} INFO - [2021-09-21 01:20:46,928] {dag.py:2287} INFO - Setting next_dagrun for example_short_circuit_operator to 2021-09-19 00:00:00+00:00
[2021-09-21 01:20:46,946] {processor.py:170} INFO - Processing /home/airflow/.local/lib/python3.6/site-packages/airflow/example_dags/example_short_circuit_operator.py took 0.099 seconds
[2021-09-21 01:21:17,543] {processor.py:162} INFO - Started process (PID=723) to work on /home/airflow/.local/lib/python3.6/site-packages/airflow/example_dags/example_short_circuit_operator.py
[2021-09-21 01:21:17,546] {processor.py:613} INFO - Processing file /home/airflow/.local/lib/python3.6/site-packages/airflow/example_dags/example_short_circuit_operator.py for tasks to queue
[2021-09-21 01:21:17,549] {logging_mixin.py:109} INFO - [2021-09-21 01:21:17,548] {dagbag.py:496} INFO - Filling up the DagBag from /home/airflow/.local/lib/python3.6/site-packages/airflow/example_dags/example_short_circuit_operator.py
[2021-09-21 01:21:17,663] {processor.py:623} INFO - DAG(s) dict_keys(['example_short_circuit_operator']) retrieved from /home/airflow/.local/lib/python3.6/site-packages/airflow/example_dags/example_short_circuit_operator.py
[2021-09-21 01:21:17,773] {logging_mixin.py:109} INFO - [2021-09-21 01:21:17,773] {dag.py:1834} INFO - Sync 1 DAGs
[2021-09-21 01:21:17,999] {logging_mixin.py:109} INFO - [2021-09-21 01:21:17,999] {dag.py:2287} INFO - Setting next_dagrun for example_short_circuit_operator to 2021-09-19 00:00:00+00:00
[2021-09-21 01:21:18,049] {processor.py:170} INFO - Processing /home/airflow/.local/lib/python3.6/site-packages/airflow/example_dags/example_short_circuit_operator.py took 0.535 seconds
[2021-09-21 01:21:48,842] {processor.py:162} INFO - Started process (PID=786) to work on /home/airflow/.local/lib/python3.6/site-packages/airflow/example_dags/example_short_circuit_operator.py
[2021-09-21 01:21:48,845] {processor.py:613} INFO - Processing file /home/airflow/.local/lib/python3.6/site-packages/airflow/example_dags/example_short_circuit_operator.py for tasks to queue
[2021-09-21 01:21:48,846] {logging_mixin.py:109} INFO - [2021-09-21 01:21:48,846] {dagbag.py:496} INFO - Filling up the DagBag from /home/airflow/.local/lib/python3.6/site-packages/airflow/example_dags/example_short_circuit_operator.py
[2021-09-21 01:21:48,869] {processor.py:623} INFO - DAG(s) dict_keys(['example_short_circuit_operator']) retrieved from /home/airflow/.local/lib/python3.6/site-packages/airflow/example_dags/example_short_circuit_operator.py
[2021-09-21 01:21:48,910] {logging_mixin.py:109} INFO - [2021-09-21 01:21:48,910] {dag.py:1834} INFO - Sync 1 DAGs
[2021-09-21 01:21:48,933] {logging_mixin.py:109} INFO - [2021-09-21 01:21:48,933] {dag.py:2287} INFO - Setting next_dagrun for example_short_circuit_operator to 2021-09-19 00:00:00+00:00
[2021-09-21 01:21:48,945] {processor.py:170} INFO - Processing /home/airflow/.local/lib/python3.6/site-packages/airflow/example_dags/example_short_circuit_operator.py took 0.108 seconds
[2021-09-21 01:22:19,138] {processor.py:162} INFO - Started process (PID=840) to work on /home/airflow/.local/lib/python3.6/site-packages/airflow/example_dags/example_short_circuit_operator.py
[2021-09-21 01:22:19,140] {processor.py:613} INFO - Processing file /home/airflow/.local/lib/python3.6/site-packages/airflow/example_dags/example_short_circuit_operator.py for tasks to queue
[2021-09-21 01:22:19,142] {logging_mixin.py:109} INFO - [2021-09-21 01:22:19,142] {dagbag.py:496} INFO - Filling up the DagBag from /home/airflow/.local/lib/python3.6/site-packages/airflow/example_dags/example_short_circuit_operator.py
[2021-09-21 01:22:19,159] {processor.py:623} INFO - DAG(s) dict_keys(['example_short_circuit_operator']) retrieved from /home/airflow/.local/lib/python3.6/site-packages/airflow/example_dags/example_short_circuit_operator.py
[2021-09-21 01:22:19,184] {logging_mixin.py:109} INFO - [2021-09-21 01:22:19,183] {dag.py:1834} INFO - Sync 1 DAGs
[2021-09-21 01:22:19,200] {logging_mixin.py:109} INFO - [2021-09-21 01:22:19,200] {dag.py:2287} INFO - Setting next_dagrun for example_short_circuit_operator to 2021-09-19 00:00:00+00:00
[2021-09-21 01:22:19,211] {processor.py:170} INFO - Processing /home/airflow/.local/lib/python3.6/site-packages/airflow/example_dags/example_short_circuit_operator.py took 0.078 seconds
[2021-09-21 01:22:49,727] {processor.py:162} INFO - Started process (PID=903) to work on /home/airflow/.local/lib/python3.6/site-packages/airflow/example_dags/example_short_circuit_operator.py
[2021-09-21 01:22:49,737] {processor.py:613} INFO - Processing file /home/airflow/.local/lib/python3.6/site-packages/airflow/example_dags/example_short_circuit_operator.py for tasks to queue
[2021-09-21 01:22:49,745] {logging_mixin.py:109} INFO - [2021-09-21 01:22:49,745] {dagbag.py:496} INFO - Filling up the DagBag from /home/airflow/.local/lib/python3.6/site-packages/airflow/example_dags/example_short_circuit_operator.py
[2021-09-21 01:22:49,796] {processor.py:623} INFO - DAG(s) dict_keys(['example_short_circuit_operator']) retrieved from /home/airflow/.local/lib/python3.6/site-packages/airflow/example_dags/example_short_circuit_operator.py
[2021-09-21 01:22:49,884] {logging_mixin.py:109} INFO - [2021-09-21 01:22:49,884] {dag.py:1834} INFO - Sync 1 DAGs
[2021-09-21 01:22:49,932] {logging_mixin.py:109} INFO - [2021-09-21 01:22:49,932] {dag.py:2287} INFO - Setting next_dagrun for example_short_circuit_operator to 2021-09-19 00:00:00+00:00
[2021-09-21 01:22:49,965] {processor.py:170} INFO - Processing /home/airflow/.local/lib/python3.6/site-packages/airflow/example_dags/example_short_circuit_operator.py took 0.248 seconds
[2021-09-21 01:23:23,760] {processor.py:162} INFO - Started process (PID=955) to work on /home/airflow/.local/lib/python3.6/site-packages/airflow/example_dags/example_short_circuit_operator.py
[2021-09-21 01:23:23,849] {processor.py:613} INFO - Processing file /home/airflow/.local/lib/python3.6/site-packages/airflow/example_dags/example_short_circuit_operator.py for tasks to queue
[2021-09-21 01:23:23,858] {logging_mixin.py:109} INFO - [2021-09-21 01:23:23,857] {dagbag.py:496} INFO - Filling up the DagBag from /home/airflow/.local/lib/python3.6/site-packages/airflow/example_dags/example_short_circuit_operator.py
[2021-09-21 01:23:23,906] {processor.py:623} INFO - DAG(s) dict_keys(['example_short_circuit_operator']) retrieved from /home/airflow/.local/lib/python3.6/site-packages/airflow/example_dags/example_short_circuit_operator.py
[2021-09-21 01:23:24,006] {logging_mixin.py:109} INFO - [2021-09-21 01:23:24,005] {dag.py:1834} INFO - Sync 1 DAGs
[2021-09-21 01:23:24,067] {logging_mixin.py:109} INFO - [2021-09-21 01:23:24,066] {dag.py:2287} INFO - Setting next_dagrun for example_short_circuit_operator to 2021-09-19 00:00:00+00:00
[2021-09-21 01:23:24,122] {processor.py:170} INFO - Processing /home/airflow/.local/lib/python3.6/site-packages/airflow/example_dags/example_short_circuit_operator.py took 0.381 seconds
[2021-09-21 01:23:54,696] {processor.py:162} INFO - Started process (PID=1009) to work on /home/airflow/.local/lib/python3.6/site-packages/airflow/example_dags/example_short_circuit_operator.py
[2021-09-21 01:23:54,700] {processor.py:613} INFO - Processing file /home/airflow/.local/lib/python3.6/site-packages/airflow/example_dags/example_short_circuit_operator.py for tasks to queue
[2021-09-21 01:23:54,702] {logging_mixin.py:109} INFO - [2021-09-21 01:23:54,702] {dagbag.py:496} INFO - Filling up the DagBag from /home/airflow/.local/lib/python3.6/site-packages/airflow/example_dags/example_short_circuit_operator.py
[2021-09-21 01:23:54,720] {processor.py:623} INFO - DAG(s) dict_keys(['example_short_circuit_operator']) retrieved from /home/airflow/.local/lib/python3.6/site-packages/airflow/example_dags/example_short_circuit_operator.py
[2021-09-21 01:23:54,750] {logging_mixin.py:109} INFO - [2021-09-21 01:23:54,750] {dag.py:1834} INFO - Sync 1 DAGs
[2021-09-21 01:23:54,769] {logging_mixin.py:109} INFO - [2021-09-21 01:23:54,769] {dag.py:2287} INFO - Setting next_dagrun for example_short_circuit_operator to 2021-09-19 00:00:00+00:00
[2021-09-21 01:23:54,779] {processor.py:170} INFO - Processing /home/airflow/.local/lib/python3.6/site-packages/airflow/example_dags/example_short_circuit_operator.py took 0.087 seconds
[2021-09-21 01:24:24,849] {processor.py:162} INFO - Started process (PID=1061) to work on /home/airflow/.local/lib/python3.6/site-packages/airflow/example_dags/example_short_circuit_operator.py
[2021-09-21 01:24:24,852] {processor.py:613} INFO - Processing file /home/airflow/.local/lib/python3.6/site-packages/airflow/example_dags/example_short_circuit_operator.py for tasks to queue
[2021-09-21 01:24:24,854] {logging_mixin.py:109} INFO - [2021-09-21 01:24:24,854] {dagbag.py:496} INFO - Filling up the DagBag from /home/airflow/.local/lib/python3.6/site-packages/airflow/example_dags/example_short_circuit_operator.py
[2021-09-21 01:24:24,873] {processor.py:623} INFO - DAG(s) dict_keys(['example_short_circuit_operator']) retrieved from /home/airflow/.local/lib/python3.6/site-packages/airflow/example_dags/example_short_circuit_operator.py
[2021-09-21 01:24:24,910] {logging_mixin.py:109} INFO - [2021-09-21 01:24:24,910] {dag.py:1834} INFO - Sync 1 DAGs
[2021-09-21 01:24:24,929] {logging_mixin.py:109} INFO - [2021-09-21 01:24:24,929] {dag.py:2287} INFO - Setting next_dagrun for example_short_circuit_operator to 2021-09-19 00:00:00+00:00
[2021-09-21 01:24:24,945] {processor.py:170} INFO - Processing /home/airflow/.local/lib/python3.6/site-packages/airflow/example_dags/example_short_circuit_operator.py took 0.103 seconds
[2021-09-21 01:24:55,495] {processor.py:162} INFO - Started process (PID=1113) to work on /home/airflow/.local/lib/python3.6/site-packages/airflow/example_dags/example_short_circuit_operator.py
[2021-09-21 01:24:55,499] {processor.py:613} INFO - Processing file /home/airflow/.local/lib/python3.6/site-packages/airflow/example_dags/example_short_circuit_operator.py for tasks to queue
[2021-09-21 01:24:55,502] {logging_mixin.py:109} INFO - [2021-09-21 01:24:55,501] {dagbag.py:496} INFO - Filling up the DagBag from /home/airflow/.local/lib/python3.6/site-packages/airflow/example_dags/example_short_circuit_operator.py
[2021-09-21 01:24:55,529] {processor.py:623} INFO - DAG(s) dict_keys(['example_short_circuit_operator']) retrieved from /home/airflow/.local/lib/python3.6/site-packages/airflow/example_dags/example_short_circuit_operator.py
[2021-09-21 01:24:55,570] {logging_mixin.py:109} INFO - [2021-09-21 01:24:55,569] {dag.py:1834} INFO - Sync 1 DAGs
[2021-09-21 01:24:55,595] {logging_mixin.py:109} INFO - [2021-09-21 01:24:55,595] {dag.py:2287} INFO - Setting next_dagrun for example_short_circuit_operator to 2021-09-19 00:00:00+00:00
[2021-09-21 01:24:55,613] {processor.py:170} INFO - Processing /home/airflow/.local/lib/python3.6/site-packages/airflow/example_dags/example_short_circuit_operator.py took 0.126 seconds
[2021-09-21 01:25:26,057] {processor.py:162} INFO - Started process (PID=1166) to work on /home/airflow/.local/lib/python3.6/site-packages/airflow/example_dags/example_short_circuit_operator.py
[2021-09-21 01:25:26,061] {processor.py:613} INFO - Processing file /home/airflow/.local/lib/python3.6/site-packages/airflow/example_dags/example_short_circuit_operator.py for tasks to queue
[2021-09-21 01:25:26,063] {logging_mixin.py:109} INFO - [2021-09-21 01:25:26,063] {dagbag.py:496} INFO - Filling up the DagBag from /home/airflow/.local/lib/python3.6/site-packages/airflow/example_dags/example_short_circuit_operator.py
[2021-09-21 01:25:26,088] {processor.py:623} INFO - DAG(s) dict_keys(['example_short_circuit_operator']) retrieved from /home/airflow/.local/lib/python3.6/site-packages/airflow/example_dags/example_short_circuit_operator.py
[2021-09-21 01:25:26,139] {logging_mixin.py:109} INFO - [2021-09-21 01:25:26,139] {dag.py:1834} INFO - Sync 1 DAGs
[2021-09-21 01:25:26,185] {logging_mixin.py:109} INFO - [2021-09-21 01:25:26,185] {dag.py:2287} INFO - Setting next_dagrun for example_short_circuit_operator to 2021-09-19 00:00:00+00:00
[2021-09-21 01:25:26,206] {processor.py:170} INFO - Processing /home/airflow/.local/lib/python3.6/site-packages/airflow/example_dags/example_short_circuit_operator.py took 0.156 seconds
[2021-09-21 01:25:56,925] {processor.py:162} INFO - Started process (PID=1230) to work on /home/airflow/.local/lib/python3.6/site-packages/airflow/example_dags/example_short_circuit_operator.py
[2021-09-21 01:25:56,927] {processor.py:613} INFO - Processing file /home/airflow/.local/lib/python3.6/site-packages/airflow/example_dags/example_short_circuit_operator.py for tasks to queue
[2021-09-21 01:25:56,929] {logging_mixin.py:109} INFO - [2021-09-21 01:25:56,929] {dagbag.py:496} INFO - Filling up the DagBag from /home/airflow/.local/lib/python3.6/site-packages/airflow/example_dags/example_short_circuit_operator.py
[2021-09-21 01:25:56,948] {processor.py:623} INFO - DAG(s) dict_keys(['example_short_circuit_operator']) retrieved from /home/airflow/.local/lib/python3.6/site-packages/airflow/example_dags/example_short_circuit_operator.py
[2021-09-21 01:25:56,982] {logging_mixin.py:109} INFO - [2021-09-21 01:25:56,982] {dag.py:1834} INFO - Sync 1 DAGs
[2021-09-21 01:25:56,999] {logging_mixin.py:109} INFO - [2021-09-21 01:25:56,999] {dag.py:2287} INFO - Setting next_dagrun for example_short_circuit_operator to 2021-09-19 00:00:00+00:00
[2021-09-21 01:25:57,012] {processor.py:170} INFO - Processing /home/airflow/.local/lib/python3.6/site-packages/airflow/example_dags/example_short_circuit_operator.py took 0.091 seconds
[2021-09-21 01:26:27,808] {processor.py:162} INFO - Started process (PID=1280) to work on /home/airflow/.local/lib/python3.6/site-packages/airflow/example_dags/example_short_circuit_operator.py
[2021-09-21 01:26:27,813] {processor.py:613} INFO - Processing file /home/airflow/.local/lib/python3.6/site-packages/airflow/example_dags/example_short_circuit_operator.py for tasks to queue
[2021-09-21 01:26:27,817] {logging_mixin.py:109} INFO - [2021-09-21 01:26:27,816] {dagbag.py:496} INFO - Filling up the DagBag from /home/airflow/.local/lib/python3.6/site-packages/airflow/example_dags/example_short_circuit_operator.py
[2021-09-21 01:26:28,044] {processor.py:623} INFO - DAG(s) dict_keys(['example_short_circuit_operator']) retrieved from /home/airflow/.local/lib/python3.6/site-packages/airflow/example_dags/example_short_circuit_operator.py
[2021-09-21 01:26:28,167] {logging_mixin.py:109} INFO - [2021-09-21 01:26:28,167] {dag.py:1834} INFO - Sync 1 DAGs
[2021-09-21 01:26:28,231] {logging_mixin.py:109} INFO - [2021-09-21 01:26:28,231] {dag.py:2287} INFO - Setting next_dagrun for example_short_circuit_operator to 2021-09-19 00:00:00+00:00
[2021-09-21 01:26:28,306] {processor.py:170} INFO - Processing /home/airflow/.local/lib/python3.6/site-packages/airflow/example_dags/example_short_circuit_operator.py took 0.512 seconds
[2021-09-21 01:26:58,990] {processor.py:162} INFO - Started process (PID=1332) to work on /home/airflow/.local/lib/python3.6/site-packages/airflow/example_dags/example_short_circuit_operator.py
[2021-09-21 01:26:58,994] {processor.py:613} INFO - Processing file /home/airflow/.local/lib/python3.6/site-packages/airflow/example_dags/example_short_circuit_operator.py for tasks to queue
[2021-09-21 01:26:58,996] {logging_mixin.py:109} INFO - [2021-09-21 01:26:58,996] {dagbag.py:496} INFO - Filling up the DagBag from /home/airflow/.local/lib/python3.6/site-packages/airflow/example_dags/example_short_circuit_operator.py
[2021-09-21 01:26:59,018] {processor.py:623} INFO - DAG(s) dict_keys(['example_short_circuit_operator']) retrieved from /home/airflow/.local/lib/python3.6/site-packages/airflow/example_dags/example_short_circuit_operator.py
[2021-09-21 01:26:59,059] {logging_mixin.py:109} INFO - [2021-09-21 01:26:59,058] {dag.py:1834} INFO - Sync 1 DAGs
[2021-09-21 01:26:59,085] {logging_mixin.py:109} INFO - [2021-09-21 01:26:59,085] {dag.py:2287} INFO - Setting next_dagrun for example_short_circuit_operator to 2021-09-19 00:00:00+00:00
[2021-09-21 01:26:59,107] {processor.py:170} INFO - Processing /home/airflow/.local/lib/python3.6/site-packages/airflow/example_dags/example_short_circuit_operator.py took 0.123 seconds
[2021-09-21 01:27:30,354] {processor.py:162} INFO - Started process (PID=1383) to work on /home/airflow/.local/lib/python3.6/site-packages/airflow/example_dags/example_short_circuit_operator.py
[2021-09-21 01:27:30,358] {processor.py:613} INFO - Processing file /home/airflow/.local/lib/python3.6/site-packages/airflow/example_dags/example_short_circuit_operator.py for tasks to queue
[2021-09-21 01:27:30,361] {logging_mixin.py:109} INFO - [2021-09-21 01:27:30,361] {dagbag.py:496} INFO - Filling up the DagBag from /home/airflow/.local/lib/python3.6/site-packages/airflow/example_dags/example_short_circuit_operator.py
[2021-09-21 01:27:30,384] {processor.py:623} INFO - DAG(s) dict_keys(['example_short_circuit_operator']) retrieved from /home/airflow/.local/lib/python3.6/site-packages/airflow/example_dags/example_short_circuit_operator.py
[2021-09-21 01:27:30,418] {logging_mixin.py:109} INFO - [2021-09-21 01:27:30,418] {dag.py:1834} INFO - Sync 1 DAGs
[2021-09-21 01:27:30,445] {logging_mixin.py:109} INFO - [2021-09-21 01:27:30,445] {dag.py:2287} INFO - Setting next_dagrun for example_short_circuit_operator to 2021-09-19 00:00:00+00:00
[2021-09-21 01:27:30,468] {processor.py:170} INFO - Processing /home/airflow/.local/lib/python3.6/site-packages/airflow/example_dags/example_short_circuit_operator.py took 0.117 seconds
[2021-09-21 01:28:00,923] {processor.py:162} INFO - Started process (PID=1435) to work on /home/airflow/.local/lib/python3.6/site-packages/airflow/example_dags/example_short_circuit_operator.py
[2021-09-21 01:28:00,925] {processor.py:613} INFO - Processing file /home/airflow/.local/lib/python3.6/site-packages/airflow/example_dags/example_short_circuit_operator.py for tasks to queue
[2021-09-21 01:28:00,927] {logging_mixin.py:109} INFO - [2021-09-21 01:28:00,927] {dagbag.py:496} INFO - Filling up the DagBag from /home/airflow/.local/lib/python3.6/site-packages/airflow/example_dags/example_short_circuit_operator.py
[2021-09-21 01:28:00,944] {processor.py:623} INFO - DAG(s) dict_keys(['example_short_circuit_operator']) retrieved from /home/airflow/.local/lib/python3.6/site-packages/airflow/example_dags/example_short_circuit_operator.py
[2021-09-21 01:28:00,973] {logging_mixin.py:109} INFO - [2021-09-21 01:28:00,973] {dag.py:1834} INFO - Sync 1 DAGs
[2021-09-21 01:28:00,991] {logging_mixin.py:109} INFO - [2021-09-21 01:28:00,990] {dag.py:2287} INFO - Setting next_dagrun for example_short_circuit_operator to 2021-09-19 00:00:00+00:00
[2021-09-21 01:28:01,004] {processor.py:170} INFO - Processing /home/airflow/.local/lib/python3.6/site-packages/airflow/example_dags/example_short_circuit_operator.py took 0.084 seconds
[2021-09-21 01:28:31,764] {processor.py:162} INFO - Started process (PID=1499) to work on /home/airflow/.local/lib/python3.6/site-packages/airflow/example_dags/example_short_circuit_operator.py
[2021-09-21 01:28:31,766] {processor.py:613} INFO - Processing file /home/airflow/.local/lib/python3.6/site-packages/airflow/example_dags/example_short_circuit_operator.py for tasks to queue
[2021-09-21 01:28:31,767] {logging_mixin.py:109} INFO - [2021-09-21 01:28:31,767] {dagbag.py:496} INFO - Filling up the DagBag from /home/airflow/.local/lib/python3.6/site-packages/airflow/example_dags/example_short_circuit_operator.py
[2021-09-21 01:28:31,788] {processor.py:623} INFO - DAG(s) dict_keys(['example_short_circuit_operator']) retrieved from /home/airflow/.local/lib/python3.6/site-packages/airflow/example_dags/example_short_circuit_operator.py
[2021-09-21 01:28:31,817] {logging_mixin.py:109} INFO - [2021-09-21 01:28:31,816] {dag.py:1834} INFO - Sync 1 DAGs
[2021-09-21 01:28:31,836] {logging_mixin.py:109} INFO - [2021-09-21 01:28:31,836] {dag.py:2287} INFO - Setting next_dagrun for example_short_circuit_operator to 2021-09-19 00:00:00+00:00
[2021-09-21 01:28:31,850] {processor.py:170} INFO - Processing /home/airflow/.local/lib/python3.6/site-packages/airflow/example_dags/example_short_circuit_operator.py took 0.090 seconds
[2021-09-21 01:29:02,304] {processor.py:162} INFO - Started process (PID=1559) to work on /home/airflow/.local/lib/python3.6/site-packages/airflow/example_dags/example_short_circuit_operator.py
[2021-09-21 01:29:02,307] {processor.py:613} INFO - Processing file /home/airflow/.local/lib/python3.6/site-packages/airflow/example_dags/example_short_circuit_operator.py for tasks to queue
[2021-09-21 01:29:02,309] {logging_mixin.py:109} INFO - [2021-09-21 01:29:02,309] {dagbag.py:496} INFO - Filling up the DagBag from /home/airflow/.local/lib/python3.6/site-packages/airflow/example_dags/example_short_circuit_operator.py
[2021-09-21 01:29:02,325] {processor.py:623} INFO - DAG(s) dict_keys(['example_short_circuit_operator']) retrieved from /home/airflow/.local/lib/python3.6/site-packages/airflow/example_dags/example_short_circuit_operator.py
[2021-09-21 01:29:02,350] {logging_mixin.py:109} INFO - [2021-09-21 01:29:02,350] {dag.py:1834} INFO - Sync 1 DAGs
[2021-09-21 01:29:02,370] {logging_mixin.py:109} INFO - [2021-09-21 01:29:02,370] {dag.py:2287} INFO - Setting next_dagrun for example_short_circuit_operator to 2021-09-19 00:00:00+00:00
[2021-09-21 01:29:02,383] {processor.py:170} INFO - Processing /home/airflow/.local/lib/python3.6/site-packages/airflow/example_dags/example_short_circuit_operator.py took 0.083 seconds
[2021-09-21 01:29:33,335] {processor.py:162} INFO - Started process (PID=1616) to work on /home/airflow/.local/lib/python3.6/site-packages/airflow/example_dags/example_short_circuit_operator.py
[2021-09-21 01:29:33,337] {processor.py:613} INFO - Processing file /home/airflow/.local/lib/python3.6/site-packages/airflow/example_dags/example_short_circuit_operator.py for tasks to queue
[2021-09-21 01:29:33,339] {logging_mixin.py:109} INFO - [2021-09-21 01:29:33,338] {dagbag.py:496} INFO - Filling up the DagBag from /home/airflow/.local/lib/python3.6/site-packages/airflow/example_dags/example_short_circuit_operator.py
[2021-09-21 01:29:33,355] {processor.py:623} INFO - DAG(s) dict_keys(['example_short_circuit_operator']) retrieved from /home/airflow/.local/lib/python3.6/site-packages/airflow/example_dags/example_short_circuit_operator.py
[2021-09-21 01:29:33,385] {logging_mixin.py:109} INFO - [2021-09-21 01:29:33,385] {dag.py:1834} INFO - Sync 1 DAGs
[2021-09-21 01:29:33,404] {logging_mixin.py:109} INFO - [2021-09-21 01:29:33,404] {dag.py:2287} INFO - Setting next_dagrun for example_short_circuit_operator to 2021-09-19 00:00:00+00:00
[2021-09-21 01:29:33,431] {processor.py:170} INFO - Processing /home/airflow/.local/lib/python3.6/site-packages/airflow/example_dags/example_short_circuit_operator.py took 0.101 seconds
[2021-09-21 01:30:03,626] {processor.py:162} INFO - Started process (PID=1680) to work on /home/airflow/.local/lib/python3.6/site-packages/airflow/example_dags/example_short_circuit_operator.py
[2021-09-21 01:30:03,631] {processor.py:613} INFO - Processing file /home/airflow/.local/lib/python3.6/site-packages/airflow/example_dags/example_short_circuit_operator.py for tasks to queue
[2021-09-21 01:30:03,633] {logging_mixin.py:109} INFO - [2021-09-21 01:30:03,632] {dagbag.py:496} INFO - Filling up the DagBag from /home/airflow/.local/lib/python3.6/site-packages/airflow/example_dags/example_short_circuit_operator.py
[2021-09-21 01:30:03,656] {processor.py:623} INFO - DAG(s) dict_keys(['example_short_circuit_operator']) retrieved from /home/airflow/.local/lib/python3.6/site-packages/airflow/example_dags/example_short_circuit_operator.py
[2021-09-21 01:30:03,686] {logging_mixin.py:109} INFO - [2021-09-21 01:30:03,686] {dag.py:1834} INFO - Sync 1 DAGs
[2021-09-21 01:30:03,706] {logging_mixin.py:109} INFO - [2021-09-21 01:30:03,705] {dag.py:2287} INFO - Setting next_dagrun for example_short_circuit_operator to 2021-09-19 00:00:00+00:00
[2021-09-21 01:30:03,720] {processor.py:170} INFO - Processing /home/airflow/.local/lib/python3.6/site-packages/airflow/example_dags/example_short_circuit_operator.py took 0.098 seconds
[2021-09-21 01:30:34,392] {processor.py:162} INFO - Started process (PID=1732) to work on /home/airflow/.local/lib/python3.6/site-packages/airflow/example_dags/example_short_circuit_operator.py
[2021-09-21 01:30:34,394] {processor.py:613} INFO - Processing file /home/airflow/.local/lib/python3.6/site-packages/airflow/example_dags/example_short_circuit_operator.py for tasks to queue
[2021-09-21 01:30:34,395] {logging_mixin.py:109} INFO - [2021-09-21 01:30:34,395] {dagbag.py:496} INFO - Filling up the DagBag from /home/airflow/.local/lib/python3.6/site-packages/airflow/example_dags/example_short_circuit_operator.py
[2021-09-21 01:30:34,412] {processor.py:623} INFO - DAG(s) dict_keys(['example_short_circuit_operator']) retrieved from /home/airflow/.local/lib/python3.6/site-packages/airflow/example_dags/example_short_circuit_operator.py
[2021-09-21 01:30:34,441] {logging_mixin.py:109} INFO - [2021-09-21 01:30:34,441] {dag.py:1834} INFO - Sync 1 DAGs
[2021-09-21 01:30:34,460] {logging_mixin.py:109} INFO - [2021-09-21 01:30:34,460] {dag.py:2287} INFO - Setting next_dagrun for example_short_circuit_operator to 2021-09-19 00:00:00+00:00
[2021-09-21 01:30:34,474] {processor.py:170} INFO - Processing /home/airflow/.local/lib/python3.6/site-packages/airflow/example_dags/example_short_circuit_operator.py took 0.086 seconds
[2021-09-21 01:31:04,556] {processor.py:162} INFO - Started process (PID=1795) to work on /home/airflow/.local/lib/python3.6/site-packages/airflow/example_dags/example_short_circuit_operator.py
[2021-09-21 01:31:04,558] {processor.py:613} INFO - Processing file /home/airflow/.local/lib/python3.6/site-packages/airflow/example_dags/example_short_circuit_operator.py for tasks to queue
[2021-09-21 01:31:04,559] {logging_mixin.py:109} INFO - [2021-09-21 01:31:04,559] {dagbag.py:496} INFO - Filling up the DagBag from /home/airflow/.local/lib/python3.6/site-packages/airflow/example_dags/example_short_circuit_operator.py
[2021-09-21 01:31:04,574] {processor.py:623} INFO - DAG(s) dict_keys(['example_short_circuit_operator']) retrieved from /home/airflow/.local/lib/python3.6/site-packages/airflow/example_dags/example_short_circuit_operator.py
[2021-09-21 01:31:04,601] {logging_mixin.py:109} INFO - [2021-09-21 01:31:04,601] {dag.py:1834} INFO - Sync 1 DAGs
[2021-09-21 01:31:04,617] {logging_mixin.py:109} INFO - [2021-09-21 01:31:04,617] {dag.py:2287} INFO - Setting next_dagrun for example_short_circuit_operator to 2021-09-19 00:00:00+00:00
[2021-09-21 01:31:04,628] {processor.py:170} INFO - Processing /home/airflow/.local/lib/python3.6/site-packages/airflow/example_dags/example_short_circuit_operator.py took 0.076 seconds
[2021-09-21 01:31:34,848] {processor.py:162} INFO - Started process (PID=1858) to work on /home/airflow/.local/lib/python3.6/site-packages/airflow/example_dags/example_short_circuit_operator.py
[2021-09-21 01:31:34,850] {processor.py:613} INFO - Processing file /home/airflow/.local/lib/python3.6/site-packages/airflow/example_dags/example_short_circuit_operator.py for tasks to queue
[2021-09-21 01:31:34,851] {logging_mixin.py:109} INFO - [2021-09-21 01:31:34,851] {dagbag.py:496} INFO - Filling up the DagBag from /home/airflow/.local/lib/python3.6/site-packages/airflow/example_dags/example_short_circuit_operator.py
[2021-09-21 01:31:34,865] {processor.py:623} INFO - DAG(s) dict_keys(['example_short_circuit_operator']) retrieved from /home/airflow/.local/lib/python3.6/site-packages/airflow/example_dags/example_short_circuit_operator.py
[2021-09-21 01:31:34,894] {logging_mixin.py:109} INFO - [2021-09-21 01:31:34,894] {dag.py:1834} INFO - Sync 1 DAGs
[2021-09-21 01:31:34,910] {logging_mixin.py:109} INFO - [2021-09-21 01:31:34,910] {dag.py:2287} INFO - Setting next_dagrun for example_short_circuit_operator to 2021-09-19 00:00:00+00:00
[2021-09-21 01:31:34,925] {processor.py:170} INFO - Processing /home/airflow/.local/lib/python3.6/site-packages/airflow/example_dags/example_short_circuit_operator.py took 0.080 seconds
[2021-09-21 01:32:05,812] {processor.py:162} INFO - Started process (PID=1912) to work on /home/airflow/.local/lib/python3.6/site-packages/airflow/example_dags/example_short_circuit_operator.py
[2021-09-21 01:32:05,814] {processor.py:613} INFO - Processing file /home/airflow/.local/lib/python3.6/site-packages/airflow/example_dags/example_short_circuit_operator.py for tasks to queue
[2021-09-21 01:32:05,816] {logging_mixin.py:109} INFO - [2021-09-21 01:32:05,815] {dagbag.py:496} INFO - Filling up the DagBag from /home/airflow/.local/lib/python3.6/site-packages/airflow/example_dags/example_short_circuit_operator.py
[2021-09-21 01:32:05,833] {processor.py:623} INFO - DAG(s) dict_keys(['example_short_circuit_operator']) retrieved from /home/airflow/.local/lib/python3.6/site-packages/airflow/example_dags/example_short_circuit_operator.py
[2021-09-21 01:32:05,862] {logging_mixin.py:109} INFO - [2021-09-21 01:32:05,862] {dag.py:1834} INFO - Sync 1 DAGs
[2021-09-21 01:32:05,886] {logging_mixin.py:109} INFO - [2021-09-21 01:32:05,886] {dag.py:2287} INFO - Setting next_dagrun for example_short_circuit_operator to 2021-09-19 00:00:00+00:00
[2021-09-21 01:32:05,899] {processor.py:170} INFO - Processing /home/airflow/.local/lib/python3.6/site-packages/airflow/example_dags/example_short_circuit_operator.py took 0.092 seconds
[2021-09-21 01:32:36,440] {processor.py:162} INFO - Started process (PID=1974) to work on /home/airflow/.local/lib/python3.6/site-packages/airflow/example_dags/example_short_circuit_operator.py
[2021-09-21 01:32:36,441] {processor.py:613} INFO - Processing file /home/airflow/.local/lib/python3.6/site-packages/airflow/example_dags/example_short_circuit_operator.py for tasks to queue
[2021-09-21 01:32:36,443] {logging_mixin.py:109} INFO - [2021-09-21 01:32:36,442] {dagbag.py:496} INFO - Filling up the DagBag from /home/airflow/.local/lib/python3.6/site-packages/airflow/example_dags/example_short_circuit_operator.py
[2021-09-21 01:32:36,458] {processor.py:623} INFO - DAG(s) dict_keys(['example_short_circuit_operator']) retrieved from /home/airflow/.local/lib/python3.6/site-packages/airflow/example_dags/example_short_circuit_operator.py
[2021-09-21 01:32:36,482] {logging_mixin.py:109} INFO - [2021-09-21 01:32:36,482] {dag.py:1834} INFO - Sync 1 DAGs
[2021-09-21 01:32:36,497] {logging_mixin.py:109} INFO - [2021-09-21 01:32:36,497] {dag.py:2287} INFO - Setting next_dagrun for example_short_circuit_operator to 2021-09-19 00:00:00+00:00
[2021-09-21 01:32:36,508] {processor.py:170} INFO - Processing /home/airflow/.local/lib/python3.6/site-packages/airflow/example_dags/example_short_circuit_operator.py took 0.072 seconds
[2021-09-21 01:33:07,281] {processor.py:162} INFO - Started process (PID=2029) to work on /home/airflow/.local/lib/python3.6/site-packages/airflow/example_dags/example_short_circuit_operator.py
[2021-09-21 01:33:07,283] {processor.py:613} INFO - Processing file /home/airflow/.local/lib/python3.6/site-packages/airflow/example_dags/example_short_circuit_operator.py for tasks to queue
[2021-09-21 01:33:07,284] {logging_mixin.py:109} INFO - [2021-09-21 01:33:07,284] {dagbag.py:496} INFO - Filling up the DagBag from /home/airflow/.local/lib/python3.6/site-packages/airflow/example_dags/example_short_circuit_operator.py
[2021-09-21 01:33:07,298] {processor.py:623} INFO - DAG(s) dict_keys(['example_short_circuit_operator']) retrieved from /home/airflow/.local/lib/python3.6/site-packages/airflow/example_dags/example_short_circuit_operator.py
[2021-09-21 01:33:07,320] {logging_mixin.py:109} INFO - [2021-09-21 01:33:07,320] {dag.py:1834} INFO - Sync 1 DAGs
[2021-09-21 01:33:07,333] {logging_mixin.py:109} INFO - [2021-09-21 01:33:07,333] {dag.py:2287} INFO - Setting next_dagrun for example_short_circuit_operator to 2021-09-19 00:00:00+00:00
[2021-09-21 01:33:07,342] {processor.py:170} INFO - Processing /home/airflow/.local/lib/python3.6/site-packages/airflow/example_dags/example_short_circuit_operator.py took 0.065 seconds
[2021-09-21 01:33:38,073] {processor.py:162} INFO - Started process (PID=2092) to work on /home/airflow/.local/lib/python3.6/site-packages/airflow/example_dags/example_short_circuit_operator.py
[2021-09-21 01:33:38,076] {processor.py:613} INFO - Processing file /home/airflow/.local/lib/python3.6/site-packages/airflow/example_dags/example_short_circuit_operator.py for tasks to queue
[2021-09-21 01:33:38,078] {logging_mixin.py:109} INFO - [2021-09-21 01:33:38,077] {dagbag.py:496} INFO - Filling up the DagBag from /home/airflow/.local/lib/python3.6/site-packages/airflow/example_dags/example_short_circuit_operator.py
[2021-09-21 01:33:38,092] {processor.py:623} INFO - DAG(s) dict_keys(['example_short_circuit_operator']) retrieved from /home/airflow/.local/lib/python3.6/site-packages/airflow/example_dags/example_short_circuit_operator.py
[2021-09-21 01:33:38,112] {logging_mixin.py:109} INFO - [2021-09-21 01:33:38,112] {dag.py:1834} INFO - Sync 1 DAGs
[2021-09-21 01:33:38,125] {logging_mixin.py:109} INFO - [2021-09-21 01:33:38,125] {dag.py:2287} INFO - Setting next_dagrun for example_short_circuit_operator to 2021-09-19 00:00:00+00:00
[2021-09-21 01:33:38,134] {processor.py:170} INFO - Processing /home/airflow/.local/lib/python3.6/site-packages/airflow/example_dags/example_short_circuit_operator.py took 0.064 seconds
[2021-09-21 01:34:08,699] {processor.py:162} INFO - Started process (PID=2156) to work on /home/airflow/.local/lib/python3.6/site-packages/airflow/example_dags/example_short_circuit_operator.py
[2021-09-21 01:34:08,702] {processor.py:613} INFO - Processing file /home/airflow/.local/lib/python3.6/site-packages/airflow/example_dags/example_short_circuit_operator.py for tasks to queue
[2021-09-21 01:34:08,703] {logging_mixin.py:109} INFO - [2021-09-21 01:34:08,703] {dagbag.py:496} INFO - Filling up the DagBag from /home/airflow/.local/lib/python3.6/site-packages/airflow/example_dags/example_short_circuit_operator.py
[2021-09-21 01:34:08,717] {processor.py:623} INFO - DAG(s) dict_keys(['example_short_circuit_operator']) retrieved from /home/airflow/.local/lib/python3.6/site-packages/airflow/example_dags/example_short_circuit_operator.py
[2021-09-21 01:34:08,741] {logging_mixin.py:109} INFO - [2021-09-21 01:34:08,741] {dag.py:1834} INFO - Sync 1 DAGs
[2021-09-21 01:34:08,757] {logging_mixin.py:109} INFO - [2021-09-21 01:34:08,757] {dag.py:2287} INFO - Setting next_dagrun for example_short_circuit_operator to 2021-09-19 00:00:00+00:00
[2021-09-21 01:34:08,768] {processor.py:170} INFO - Processing /home/airflow/.local/lib/python3.6/site-packages/airflow/example_dags/example_short_circuit_operator.py took 0.073 seconds
[2021-09-21 01:34:39,374] {processor.py:162} INFO - Started process (PID=2209) to work on /home/airflow/.local/lib/python3.6/site-packages/airflow/example_dags/example_short_circuit_operator.py
[2021-09-21 01:34:39,376] {processor.py:613} INFO - Processing file /home/airflow/.local/lib/python3.6/site-packages/airflow/example_dags/example_short_circuit_operator.py for tasks to queue
[2021-09-21 01:34:39,378] {logging_mixin.py:109} INFO - [2021-09-21 01:34:39,377] {dagbag.py:496} INFO - Filling up the DagBag from /home/airflow/.local/lib/python3.6/site-packages/airflow/example_dags/example_short_circuit_operator.py
[2021-09-21 01:34:39,393] {processor.py:623} INFO - DAG(s) dict_keys(['example_short_circuit_operator']) retrieved from /home/airflow/.local/lib/python3.6/site-packages/airflow/example_dags/example_short_circuit_operator.py
[2021-09-21 01:34:39,416] {logging_mixin.py:109} INFO - [2021-09-21 01:34:39,416] {dag.py:1834} INFO - Sync 1 DAGs
[2021-09-21 01:34:39,432] {logging_mixin.py:109} INFO - [2021-09-21 01:34:39,432] {dag.py:2287} INFO - Setting next_dagrun for example_short_circuit_operator to 2021-09-19 00:00:00+00:00
[2021-09-21 01:34:39,446] {processor.py:170} INFO - Processing /home/airflow/.local/lib/python3.6/site-packages/airflow/example_dags/example_short_circuit_operator.py took 0.076 seconds
[2021-09-21 01:35:09,840] {processor.py:162} INFO - Started process (PID=2271) to work on /home/airflow/.local/lib/python3.6/site-packages/airflow/example_dags/example_short_circuit_operator.py
[2021-09-21 01:35:09,841] {processor.py:613} INFO - Processing file /home/airflow/.local/lib/python3.6/site-packages/airflow/example_dags/example_short_circuit_operator.py for tasks to queue
[2021-09-21 01:35:09,844] {logging_mixin.py:109} INFO - [2021-09-21 01:35:09,844] {dagbag.py:496} INFO - Filling up the DagBag from /home/airflow/.local/lib/python3.6/site-packages/airflow/example_dags/example_short_circuit_operator.py
[2021-09-21 01:35:09,863] {processor.py:623} INFO - DAG(s) dict_keys(['example_short_circuit_operator']) retrieved from /home/airflow/.local/lib/python3.6/site-packages/airflow/example_dags/example_short_circuit_operator.py
[2021-09-21 01:35:09,890] {logging_mixin.py:109} INFO - [2021-09-21 01:35:09,890] {dag.py:1834} INFO - Sync 1 DAGs
[2021-09-21 01:35:09,907] {logging_mixin.py:109} INFO - [2021-09-21 01:35:09,907] {dag.py:2287} INFO - Setting next_dagrun for example_short_circuit_operator to 2021-09-19 00:00:00+00:00
[2021-09-21 01:35:09,920] {processor.py:170} INFO - Processing /home/airflow/.local/lib/python3.6/site-packages/airflow/example_dags/example_short_circuit_operator.py took 0.084 seconds
[2021-09-21 01:35:40,290] {processor.py:162} INFO - Started process (PID=2325) to work on /home/airflow/.local/lib/python3.6/site-packages/airflow/example_dags/example_short_circuit_operator.py
[2021-09-21 01:35:40,292] {processor.py:613} INFO - Processing file /home/airflow/.local/lib/python3.6/site-packages/airflow/example_dags/example_short_circuit_operator.py for tasks to queue
[2021-09-21 01:35:40,293] {logging_mixin.py:109} INFO - [2021-09-21 01:35:40,293] {dagbag.py:496} INFO - Filling up the DagBag from /home/airflow/.local/lib/python3.6/site-packages/airflow/example_dags/example_short_circuit_operator.py
[2021-09-21 01:35:40,308] {processor.py:623} INFO - DAG(s) dict_keys(['example_short_circuit_operator']) retrieved from /home/airflow/.local/lib/python3.6/site-packages/airflow/example_dags/example_short_circuit_operator.py
[2021-09-21 01:35:40,338] {logging_mixin.py:109} INFO - [2021-09-21 01:35:40,338] {dag.py:1834} INFO - Sync 1 DAGs
[2021-09-21 01:35:40,355] {logging_mixin.py:109} INFO - [2021-09-21 01:35:40,355] {dag.py:2287} INFO - Setting next_dagrun for example_short_circuit_operator to 2021-09-19 00:00:00+00:00
[2021-09-21 01:35:40,367] {processor.py:170} INFO - Processing /home/airflow/.local/lib/python3.6/site-packages/airflow/example_dags/example_short_circuit_operator.py took 0.081 seconds
[2021-09-21 01:36:11,297] {processor.py:162} INFO - Started process (PID=2390) to work on /home/airflow/.local/lib/python3.6/site-packages/airflow/example_dags/example_short_circuit_operator.py
[2021-09-21 01:36:11,299] {processor.py:613} INFO - Processing file /home/airflow/.local/lib/python3.6/site-packages/airflow/example_dags/example_short_circuit_operator.py for tasks to queue
[2021-09-21 01:36:11,300] {logging_mixin.py:109} INFO - [2021-09-21 01:36:11,300] {dagbag.py:496} INFO - Filling up the DagBag from /home/airflow/.local/lib/python3.6/site-packages/airflow/example_dags/example_short_circuit_operator.py
[2021-09-21 01:36:11,314] {processor.py:623} INFO - DAG(s) dict_keys(['example_short_circuit_operator']) retrieved from /home/airflow/.local/lib/python3.6/site-packages/airflow/example_dags/example_short_circuit_operator.py
[2021-09-21 01:36:11,335] {logging_mixin.py:109} INFO - [2021-09-21 01:36:11,335] {dag.py:1834} INFO - Sync 1 DAGs
[2021-09-21 01:36:11,348] {logging_mixin.py:109} INFO - [2021-09-21 01:36:11,348] {dag.py:2287} INFO - Setting next_dagrun for example_short_circuit_operator to 2021-09-19 00:00:00+00:00
[2021-09-21 01:36:11,357] {processor.py:170} INFO - Processing /home/airflow/.local/lib/python3.6/site-packages/airflow/example_dags/example_short_circuit_operator.py took 0.064 seconds
[2021-09-21 01:36:43,775] {processor.py:162} INFO - Started process (PID=2444) to work on /home/airflow/.local/lib/python3.6/site-packages/airflow/example_dags/example_short_circuit_operator.py
[2021-09-21 01:36:43,800] {processor.py:613} INFO - Processing file /home/airflow/.local/lib/python3.6/site-packages/airflow/example_dags/example_short_circuit_operator.py for tasks to queue
[2021-09-21 01:36:43,807] {logging_mixin.py:109} INFO - [2021-09-21 01:36:43,807] {dagbag.py:496} INFO - Filling up the DagBag from /home/airflow/.local/lib/python3.6/site-packages/airflow/example_dags/example_short_circuit_operator.py
[2021-09-21 01:36:43,872] {processor.py:623} INFO - DAG(s) dict_keys(['example_short_circuit_operator']) retrieved from /home/airflow/.local/lib/python3.6/site-packages/airflow/example_dags/example_short_circuit_operator.py
[2021-09-21 01:36:43,934] {logging_mixin.py:109} INFO - [2021-09-21 01:36:43,933] {dag.py:1834} INFO - Sync 1 DAGs
[2021-09-21 01:36:43,981] {logging_mixin.py:109} INFO - [2021-09-21 01:36:43,981] {dag.py:2287} INFO - Setting next_dagrun for example_short_circuit_operator to 2021-09-19 00:00:00+00:00
[2021-09-21 01:36:44,018] {processor.py:170} INFO - Processing /home/airflow/.local/lib/python3.6/site-packages/airflow/example_dags/example_short_circuit_operator.py took 0.272 seconds
[2021-09-21 01:37:15,675] {processor.py:162} INFO - Started process (PID=2507) to work on /home/airflow/.local/lib/python3.6/site-packages/airflow/example_dags/example_short_circuit_operator.py
[2021-09-21 01:37:15,692] {processor.py:613} INFO - Processing file /home/airflow/.local/lib/python3.6/site-packages/airflow/example_dags/example_short_circuit_operator.py for tasks to queue
[2021-09-21 01:37:15,695] {logging_mixin.py:109} INFO - [2021-09-21 01:37:15,695] {dagbag.py:496} INFO - Filling up the DagBag from /home/airflow/.local/lib/python3.6/site-packages/airflow/example_dags/example_short_circuit_operator.py
[2021-09-21 01:37:15,747] {processor.py:623} INFO - DAG(s) dict_keys(['example_short_circuit_operator']) retrieved from /home/airflow/.local/lib/python3.6/site-packages/airflow/example_dags/example_short_circuit_operator.py
[2021-09-21 01:37:15,867] {logging_mixin.py:109} INFO - [2021-09-21 01:37:15,866] {dag.py:1834} INFO - Sync 1 DAGs
[2021-09-21 01:37:15,925] {logging_mixin.py:109} INFO - [2021-09-21 01:37:15,925] {dag.py:2287} INFO - Setting next_dagrun for example_short_circuit_operator to 2021-09-19 00:00:00+00:00
[2021-09-21 01:37:15,948] {processor.py:170} INFO - Processing /home/airflow/.local/lib/python3.6/site-packages/airflow/example_dags/example_short_circuit_operator.py took 0.287 seconds
[2021-09-21 01:37:46,997] {processor.py:162} INFO - Started process (PID=2562) to work on /home/airflow/.local/lib/python3.6/site-packages/airflow/example_dags/example_short_circuit_operator.py
[2021-09-21 01:37:46,999] {processor.py:613} INFO - Processing file /home/airflow/.local/lib/python3.6/site-packages/airflow/example_dags/example_short_circuit_operator.py for tasks to queue
[2021-09-21 01:37:47,000] {logging_mixin.py:109} INFO - [2021-09-21 01:37:47,000] {dagbag.py:496} INFO - Filling up the DagBag from /home/airflow/.local/lib/python3.6/site-packages/airflow/example_dags/example_short_circuit_operator.py
[2021-09-21 01:37:47,018] {processor.py:623} INFO - DAG(s) dict_keys(['example_short_circuit_operator']) retrieved from /home/airflow/.local/lib/python3.6/site-packages/airflow/example_dags/example_short_circuit_operator.py
[2021-09-21 01:37:47,044] {logging_mixin.py:109} INFO - [2021-09-21 01:37:47,044] {dag.py:1834} INFO - Sync 1 DAGs
[2021-09-21 01:37:47,061] {logging_mixin.py:109} INFO - [2021-09-21 01:37:47,061] {dag.py:2287} INFO - Setting next_dagrun for example_short_circuit_operator to 2021-09-19 00:00:00+00:00
[2021-09-21 01:37:47,073] {processor.py:170} INFO - Processing /home/airflow/.local/lib/python3.6/site-packages/airflow/example_dags/example_short_circuit_operator.py took 0.080 seconds
[2021-09-21 01:38:17,391] {processor.py:162} INFO - Started process (PID=2627) to work on /home/airflow/.local/lib/python3.6/site-packages/airflow/example_dags/example_short_circuit_operator.py
[2021-09-21 01:38:17,393] {processor.py:613} INFO - Processing file /home/airflow/.local/lib/python3.6/site-packages/airflow/example_dags/example_short_circuit_operator.py for tasks to queue
[2021-09-21 01:38:17,395] {logging_mixin.py:109} INFO - [2021-09-21 01:38:17,395] {dagbag.py:496} INFO - Filling up the DagBag from /home/airflow/.local/lib/python3.6/site-packages/airflow/example_dags/example_short_circuit_operator.py
[2021-09-21 01:38:17,422] {processor.py:623} INFO - DAG(s) dict_keys(['example_short_circuit_operator']) retrieved from /home/airflow/.local/lib/python3.6/site-packages/airflow/example_dags/example_short_circuit_operator.py
[2021-09-21 01:38:17,461] {logging_mixin.py:109} INFO - [2021-09-21 01:38:17,461] {dag.py:1834} INFO - Sync 1 DAGs
[2021-09-21 01:38:17,482] {logging_mixin.py:109} INFO - [2021-09-21 01:38:17,481] {dag.py:2287} INFO - Setting next_dagrun for example_short_circuit_operator to 2021-09-19 00:00:00+00:00
[2021-09-21 01:38:17,495] {processor.py:170} INFO - Processing /home/airflow/.local/lib/python3.6/site-packages/airflow/example_dags/example_short_circuit_operator.py took 0.109 seconds
[2021-09-21 01:38:48,199] {processor.py:162} INFO - Started process (PID=2679) to work on /home/airflow/.local/lib/python3.6/site-packages/airflow/example_dags/example_short_circuit_operator.py
[2021-09-21 01:38:48,201] {processor.py:613} INFO - Processing file /home/airflow/.local/lib/python3.6/site-packages/airflow/example_dags/example_short_circuit_operator.py for tasks to queue
[2021-09-21 01:38:48,203] {logging_mixin.py:109} INFO - [2021-09-21 01:38:48,203] {dagbag.py:496} INFO - Filling up the DagBag from /home/airflow/.local/lib/python3.6/site-packages/airflow/example_dags/example_short_circuit_operator.py
[2021-09-21 01:38:48,220] {processor.py:623} INFO - DAG(s) dict_keys(['example_short_circuit_operator']) retrieved from /home/airflow/.local/lib/python3.6/site-packages/airflow/example_dags/example_short_circuit_operator.py
[2021-09-21 01:38:48,251] {logging_mixin.py:109} INFO - [2021-09-21 01:38:48,251] {dag.py:1834} INFO - Sync 1 DAGs
[2021-09-21 01:38:48,269] {logging_mixin.py:109} INFO - [2021-09-21 01:38:48,269] {dag.py:2287} INFO - Setting next_dagrun for example_short_circuit_operator to 2021-09-19 00:00:00+00:00
[2021-09-21 01:38:48,282] {processor.py:170} INFO - Processing /home/airflow/.local/lib/python3.6/site-packages/airflow/example_dags/example_short_circuit_operator.py took 0.088 seconds
[2021-09-21 01:39:18,495] {processor.py:162} INFO - Started process (PID=2742) to work on /home/airflow/.local/lib/python3.6/site-packages/airflow/example_dags/example_short_circuit_operator.py
[2021-09-21 01:39:18,498] {processor.py:613} INFO - Processing file /home/airflow/.local/lib/python3.6/site-packages/airflow/example_dags/example_short_circuit_operator.py for tasks to queue
[2021-09-21 01:39:18,499] {logging_mixin.py:109} INFO - [2021-09-21 01:39:18,499] {dagbag.py:496} INFO - Filling up the DagBag from /home/airflow/.local/lib/python3.6/site-packages/airflow/example_dags/example_short_circuit_operator.py
[2021-09-21 01:39:18,512] {processor.py:623} INFO - DAG(s) dict_keys(['example_short_circuit_operator']) retrieved from /home/airflow/.local/lib/python3.6/site-packages/airflow/example_dags/example_short_circuit_operator.py
[2021-09-21 01:39:18,535] {logging_mixin.py:109} INFO - [2021-09-21 01:39:18,535] {dag.py:1834} INFO - Sync 1 DAGs
[2021-09-21 01:39:18,559] {logging_mixin.py:109} INFO - [2021-09-21 01:39:18,559] {dag.py:2287} INFO - Setting next_dagrun for example_short_circuit_operator to 2021-09-19 00:00:00+00:00
[2021-09-21 01:39:18,570] {processor.py:170} INFO - Processing /home/airflow/.local/lib/python3.6/site-packages/airflow/example_dags/example_short_circuit_operator.py took 0.078 seconds
[2021-09-21 01:39:48,652] {processor.py:162} INFO - Started process (PID=2794) to work on /home/airflow/.local/lib/python3.6/site-packages/airflow/example_dags/example_short_circuit_operator.py
[2021-09-21 01:39:48,654] {processor.py:613} INFO - Processing file /home/airflow/.local/lib/python3.6/site-packages/airflow/example_dags/example_short_circuit_operator.py for tasks to queue
[2021-09-21 01:39:48,656] {logging_mixin.py:109} INFO - [2021-09-21 01:39:48,656] {dagbag.py:496} INFO - Filling up the DagBag from /home/airflow/.local/lib/python3.6/site-packages/airflow/example_dags/example_short_circuit_operator.py
[2021-09-21 01:39:48,672] {processor.py:623} INFO - DAG(s) dict_keys(['example_short_circuit_operator']) retrieved from /home/airflow/.local/lib/python3.6/site-packages/airflow/example_dags/example_short_circuit_operator.py
[2021-09-21 01:39:48,698] {logging_mixin.py:109} INFO - [2021-09-21 01:39:48,698] {dag.py:1834} INFO - Sync 1 DAGs
[2021-09-21 01:39:48,716] {logging_mixin.py:109} INFO - [2021-09-21 01:39:48,716] {dag.py:2287} INFO - Setting next_dagrun for example_short_circuit_operator to 2021-09-19 00:00:00+00:00
[2021-09-21 01:39:48,728] {processor.py:170} INFO - Processing /home/airflow/.local/lib/python3.6/site-packages/airflow/example_dags/example_short_circuit_operator.py took 0.080 seconds
[2021-09-21 01:40:18,867] {processor.py:162} INFO - Started process (PID=2857) to work on /home/airflow/.local/lib/python3.6/site-packages/airflow/example_dags/example_short_circuit_operator.py
[2021-09-21 01:40:18,869] {processor.py:613} INFO - Processing file /home/airflow/.local/lib/python3.6/site-packages/airflow/example_dags/example_short_circuit_operator.py for tasks to queue
[2021-09-21 01:40:18,871] {logging_mixin.py:109} INFO - [2021-09-21 01:40:18,871] {dagbag.py:496} INFO - Filling up the DagBag from /home/airflow/.local/lib/python3.6/site-packages/airflow/example_dags/example_short_circuit_operator.py
[2021-09-21 01:40:18,885] {processor.py:623} INFO - DAG(s) dict_keys(['example_short_circuit_operator']) retrieved from /home/airflow/.local/lib/python3.6/site-packages/airflow/example_dags/example_short_circuit_operator.py
[2021-09-21 01:40:18,908] {logging_mixin.py:109} INFO - [2021-09-21 01:40:18,908] {dag.py:1834} INFO - Sync 1 DAGs
[2021-09-21 01:40:18,921] {logging_mixin.py:109} INFO - [2021-09-21 01:40:18,921] {dag.py:2287} INFO - Setting next_dagrun for example_short_circuit_operator to 2021-09-19 00:00:00+00:00
[2021-09-21 01:40:18,931] {processor.py:170} INFO - Processing /home/airflow/.local/lib/python3.6/site-packages/airflow/example_dags/example_short_circuit_operator.py took 0.067 seconds
[2021-09-21 01:40:49,514] {processor.py:162} INFO - Started process (PID=2920) to work on /home/airflow/.local/lib/python3.6/site-packages/airflow/example_dags/example_short_circuit_operator.py
[2021-09-21 01:40:49,516] {processor.py:613} INFO - Processing file /home/airflow/.local/lib/python3.6/site-packages/airflow/example_dags/example_short_circuit_operator.py for tasks to queue
[2021-09-21 01:40:49,517] {logging_mixin.py:109} INFO - [2021-09-21 01:40:49,517] {dagbag.py:496} INFO - Filling up the DagBag from /home/airflow/.local/lib/python3.6/site-packages/airflow/example_dags/example_short_circuit_operator.py
[2021-09-21 01:40:49,533] {processor.py:623} INFO - DAG(s) dict_keys(['example_short_circuit_operator']) retrieved from /home/airflow/.local/lib/python3.6/site-packages/airflow/example_dags/example_short_circuit_operator.py
[2021-09-21 01:40:49,558] {logging_mixin.py:109} INFO - [2021-09-21 01:40:49,558] {dag.py:1834} INFO - Sync 1 DAGs
[2021-09-21 01:40:49,576] {logging_mixin.py:109} INFO - [2021-09-21 01:40:49,576] {dag.py:2287} INFO - Setting next_dagrun for example_short_circuit_operator to 2021-09-19 00:00:00+00:00
[2021-09-21 01:40:49,587] {processor.py:170} INFO - Processing /home/airflow/.local/lib/python3.6/site-packages/airflow/example_dags/example_short_circuit_operator.py took 0.077 seconds
[2021-09-21 01:41:20,392] {processor.py:162} INFO - Started process (PID=2973) to work on /home/airflow/.local/lib/python3.6/site-packages/airflow/example_dags/example_short_circuit_operator.py
[2021-09-21 01:41:20,394] {processor.py:613} INFO - Processing file /home/airflow/.local/lib/python3.6/site-packages/airflow/example_dags/example_short_circuit_operator.py for tasks to queue
[2021-09-21 01:41:20,396] {logging_mixin.py:109} INFO - [2021-09-21 01:41:20,395] {dagbag.py:496} INFO - Filling up the DagBag from /home/airflow/.local/lib/python3.6/site-packages/airflow/example_dags/example_short_circuit_operator.py
[2021-09-21 01:41:20,411] {processor.py:623} INFO - DAG(s) dict_keys(['example_short_circuit_operator']) retrieved from /home/airflow/.local/lib/python3.6/site-packages/airflow/example_dags/example_short_circuit_operator.py
[2021-09-21 01:41:20,437] {logging_mixin.py:109} INFO - [2021-09-21 01:41:20,437] {dag.py:1834} INFO - Sync 1 DAGs
[2021-09-21 01:41:20,453] {logging_mixin.py:109} INFO - [2021-09-21 01:41:20,453] {dag.py:2287} INFO - Setting next_dagrun for example_short_circuit_operator to 2021-09-19 00:00:00+00:00
[2021-09-21 01:41:20,465] {processor.py:170} INFO - Processing /home/airflow/.local/lib/python3.6/site-packages/airflow/example_dags/example_short_circuit_operator.py took 0.078 seconds
[2021-09-21 01:41:50,667] {processor.py:162} INFO - Started process (PID=3038) to work on /home/airflow/.local/lib/python3.6/site-packages/airflow/example_dags/example_short_circuit_operator.py
[2021-09-21 01:41:50,669] {processor.py:613} INFO - Processing file /home/airflow/.local/lib/python3.6/site-packages/airflow/example_dags/example_short_circuit_operator.py for tasks to queue
[2021-09-21 01:41:50,670] {logging_mixin.py:109} INFO - [2021-09-21 01:41:50,670] {dagbag.py:496} INFO - Filling up the DagBag from /home/airflow/.local/lib/python3.6/site-packages/airflow/example_dags/example_short_circuit_operator.py
[2021-09-21 01:41:50,685] {processor.py:623} INFO - DAG(s) dict_keys(['example_short_circuit_operator']) retrieved from /home/airflow/.local/lib/python3.6/site-packages/airflow/example_dags/example_short_circuit_operator.py
[2021-09-21 01:41:50,712] {logging_mixin.py:109} INFO - [2021-09-21 01:41:50,712] {dag.py:1834} INFO - Sync 1 DAGs
[2021-09-21 01:41:50,727] {logging_mixin.py:109} INFO - [2021-09-21 01:41:50,727] {dag.py:2287} INFO - Setting next_dagrun for example_short_circuit_operator to 2021-09-19 00:00:00+00:00
[2021-09-21 01:41:50,737] {processor.py:170} INFO - Processing /home/airflow/.local/lib/python3.6/site-packages/airflow/example_dags/example_short_circuit_operator.py took 0.074 seconds
[2021-09-21 01:42:20,809] {processor.py:162} INFO - Started process (PID=3093) to work on /home/airflow/.local/lib/python3.6/site-packages/airflow/example_dags/example_short_circuit_operator.py
[2021-09-21 01:42:20,811] {processor.py:613} INFO - Processing file /home/airflow/.local/lib/python3.6/site-packages/airflow/example_dags/example_short_circuit_operator.py for tasks to queue
[2021-09-21 01:42:20,812] {logging_mixin.py:109} INFO - [2021-09-21 01:42:20,812] {dagbag.py:496} INFO - Filling up the DagBag from /home/airflow/.local/lib/python3.6/site-packages/airflow/example_dags/example_short_circuit_operator.py
[2021-09-21 01:42:20,826] {processor.py:623} INFO - DAG(s) dict_keys(['example_short_circuit_operator']) retrieved from /home/airflow/.local/lib/python3.6/site-packages/airflow/example_dags/example_short_circuit_operator.py
[2021-09-21 01:42:20,850] {logging_mixin.py:109} INFO - [2021-09-21 01:42:20,850] {dag.py:1834} INFO - Sync 1 DAGs
[2021-09-21 01:42:20,874] {logging_mixin.py:109} INFO - [2021-09-21 01:42:20,874] {dag.py:2287} INFO - Setting next_dagrun for example_short_circuit_operator to 2021-09-19 00:00:00+00:00
[2021-09-21 01:42:20,888] {processor.py:170} INFO - Processing /home/airflow/.local/lib/python3.6/site-packages/airflow/example_dags/example_short_circuit_operator.py took 0.083 seconds
[2021-09-21 01:42:51,047] {processor.py:162} INFO - Started process (PID=3158) to work on /home/airflow/.local/lib/python3.6/site-packages/airflow/example_dags/example_short_circuit_operator.py
[2021-09-21 01:42:51,051] {processor.py:613} INFO - Processing file /home/airflow/.local/lib/python3.6/site-packages/airflow/example_dags/example_short_circuit_operator.py for tasks to queue
[2021-09-21 01:42:51,052] {logging_mixin.py:109} INFO - [2021-09-21 01:42:51,052] {dagbag.py:496} INFO - Filling up the DagBag from /home/airflow/.local/lib/python3.6/site-packages/airflow/example_dags/example_short_circuit_operator.py
[2021-09-21 01:42:51,067] {processor.py:623} INFO - DAG(s) dict_keys(['example_short_circuit_operator']) retrieved from /home/airflow/.local/lib/python3.6/site-packages/airflow/example_dags/example_short_circuit_operator.py
[2021-09-21 01:42:51,093] {logging_mixin.py:109} INFO - [2021-09-21 01:42:51,092] {dag.py:1834} INFO - Sync 1 DAGs
[2021-09-21 01:42:51,109] {logging_mixin.py:109} INFO - [2021-09-21 01:42:51,109] {dag.py:2287} INFO - Setting next_dagrun for example_short_circuit_operator to 2021-09-19 00:00:00+00:00
[2021-09-21 01:42:51,120] {processor.py:170} INFO - Processing /home/airflow/.local/lib/python3.6/site-packages/airflow/example_dags/example_short_circuit_operator.py took 0.077 seconds
[2021-09-21 01:43:24,713] {processor.py:162} INFO - Started process (PID=3216) to work on /home/airflow/.local/lib/python3.6/site-packages/airflow/example_dags/example_short_circuit_operator.py
[2021-09-21 01:43:24,717] {processor.py:613} INFO - Processing file /home/airflow/.local/lib/python3.6/site-packages/airflow/example_dags/example_short_circuit_operator.py for tasks to queue
[2021-09-21 01:43:24,720] {logging_mixin.py:109} INFO - [2021-09-21 01:43:24,719] {dagbag.py:496} INFO - Filling up the DagBag from /home/airflow/.local/lib/python3.6/site-packages/airflow/example_dags/example_short_circuit_operator.py
[2021-09-21 01:43:24,747] {processor.py:623} INFO - DAG(s) dict_keys(['example_short_circuit_operator']) retrieved from /home/airflow/.local/lib/python3.6/site-packages/airflow/example_dags/example_short_circuit_operator.py
[2021-09-21 01:43:24,797] {logging_mixin.py:109} INFO - [2021-09-21 01:43:24,796] {dag.py:1834} INFO - Sync 1 DAGs
[2021-09-21 01:43:24,830] {logging_mixin.py:109} INFO - [2021-09-21 01:43:24,830] {dag.py:2287} INFO - Setting next_dagrun for example_short_circuit_operator to 2021-09-19 00:00:00+00:00
[2021-09-21 01:43:24,860] {processor.py:170} INFO - Processing /home/airflow/.local/lib/python3.6/site-packages/airflow/example_dags/example_short_circuit_operator.py took 0.156 seconds
[2021-09-21 01:43:54,922] {processor.py:162} INFO - Started process (PID=3269) to work on /home/airflow/.local/lib/python3.6/site-packages/airflow/example_dags/example_short_circuit_operator.py
[2021-09-21 01:43:54,925] {processor.py:613} INFO - Processing file /home/airflow/.local/lib/python3.6/site-packages/airflow/example_dags/example_short_circuit_operator.py for tasks to queue
[2021-09-21 01:43:54,926] {logging_mixin.py:109} INFO - [2021-09-21 01:43:54,926] {dagbag.py:496} INFO - Filling up the DagBag from /home/airflow/.local/lib/python3.6/site-packages/airflow/example_dags/example_short_circuit_operator.py
[2021-09-21 01:43:54,940] {processor.py:623} INFO - DAG(s) dict_keys(['example_short_circuit_operator']) retrieved from /home/airflow/.local/lib/python3.6/site-packages/airflow/example_dags/example_short_circuit_operator.py
[2021-09-21 01:43:54,965] {logging_mixin.py:109} INFO - [2021-09-21 01:43:54,965] {dag.py:1834} INFO - Sync 1 DAGs
[2021-09-21 01:43:54,979] {logging_mixin.py:109} INFO - [2021-09-21 01:43:54,979] {dag.py:2287} INFO - Setting next_dagrun for example_short_circuit_operator to 2021-09-19 00:00:00+00:00
[2021-09-21 01:43:54,990] {processor.py:170} INFO - Processing /home/airflow/.local/lib/python3.6/site-packages/airflow/example_dags/example_short_circuit_operator.py took 0.071 seconds
[2021-09-21 01:44:25,628] {processor.py:162} INFO - Started process (PID=3333) to work on /home/airflow/.local/lib/python3.6/site-packages/airflow/example_dags/example_short_circuit_operator.py
[2021-09-21 01:44:25,630] {processor.py:613} INFO - Processing file /home/airflow/.local/lib/python3.6/site-packages/airflow/example_dags/example_short_circuit_operator.py for tasks to queue
[2021-09-21 01:44:25,632] {logging_mixin.py:109} INFO - [2021-09-21 01:44:25,631] {dagbag.py:496} INFO - Filling up the DagBag from /home/airflow/.local/lib/python3.6/site-packages/airflow/example_dags/example_short_circuit_operator.py
[2021-09-21 01:44:25,645] {processor.py:623} INFO - DAG(s) dict_keys(['example_short_circuit_operator']) retrieved from /home/airflow/.local/lib/python3.6/site-packages/airflow/example_dags/example_short_circuit_operator.py
[2021-09-21 01:44:25,665] {logging_mixin.py:109} INFO - [2021-09-21 01:44:25,665] {dag.py:1834} INFO - Sync 1 DAGs
[2021-09-21 01:44:25,678] {logging_mixin.py:109} INFO - [2021-09-21 01:44:25,678] {dag.py:2287} INFO - Setting next_dagrun for example_short_circuit_operator to 2021-09-19 00:00:00+00:00
[2021-09-21 01:44:25,688] {processor.py:170} INFO - Processing /home/airflow/.local/lib/python3.6/site-packages/airflow/example_dags/example_short_circuit_operator.py took 0.066 seconds
[2021-09-21 01:44:56,646] {processor.py:162} INFO - Started process (PID=3385) to work on /home/airflow/.local/lib/python3.6/site-packages/airflow/example_dags/example_short_circuit_operator.py
[2021-09-21 01:44:56,648] {processor.py:613} INFO - Processing file /home/airflow/.local/lib/python3.6/site-packages/airflow/example_dags/example_short_circuit_operator.py for tasks to queue
[2021-09-21 01:44:56,649] {logging_mixin.py:109} INFO - [2021-09-21 01:44:56,649] {dagbag.py:496} INFO - Filling up the DagBag from /home/airflow/.local/lib/python3.6/site-packages/airflow/example_dags/example_short_circuit_operator.py
[2021-09-21 01:44:56,662] {processor.py:623} INFO - DAG(s) dict_keys(['example_short_circuit_operator']) retrieved from /home/airflow/.local/lib/python3.6/site-packages/airflow/example_dags/example_short_circuit_operator.py
[2021-09-21 01:44:56,683] {logging_mixin.py:109} INFO - [2021-09-21 01:44:56,683] {dag.py:1834} INFO - Sync 1 DAGs
[2021-09-21 01:44:56,697] {logging_mixin.py:109} INFO - [2021-09-21 01:44:56,697] {dag.py:2287} INFO - Setting next_dagrun for example_short_circuit_operator to 2021-09-19 00:00:00+00:00
[2021-09-21 01:44:56,707] {processor.py:170} INFO - Processing /home/airflow/.local/lib/python3.6/site-packages/airflow/example_dags/example_short_circuit_operator.py took 0.064 seconds
[2021-09-21 01:45:27,578] {processor.py:162} INFO - Started process (PID=3449) to work on /home/airflow/.local/lib/python3.6/site-packages/airflow/example_dags/example_short_circuit_operator.py
[2021-09-21 01:45:27,581] {processor.py:613} INFO - Processing file /home/airflow/.local/lib/python3.6/site-packages/airflow/example_dags/example_short_circuit_operator.py for tasks to queue
[2021-09-21 01:45:27,584] {logging_mixin.py:109} INFO - [2021-09-21 01:45:27,583] {dagbag.py:496} INFO - Filling up the DagBag from /home/airflow/.local/lib/python3.6/site-packages/airflow/example_dags/example_short_circuit_operator.py
[2021-09-21 01:45:27,601] {processor.py:623} INFO - DAG(s) dict_keys(['example_short_circuit_operator']) retrieved from /home/airflow/.local/lib/python3.6/site-packages/airflow/example_dags/example_short_circuit_operator.py
[2021-09-21 01:45:27,625] {logging_mixin.py:109} INFO - [2021-09-21 01:45:27,625] {dag.py:1834} INFO - Sync 1 DAGs
[2021-09-21 01:45:27,642] {logging_mixin.py:109} INFO - [2021-09-21 01:45:27,642] {dag.py:2287} INFO - Setting next_dagrun for example_short_circuit_operator to 2021-09-19 00:00:00+00:00
[2021-09-21 01:45:27,656] {processor.py:170} INFO - Processing /home/airflow/.local/lib/python3.6/site-packages/airflow/example_dags/example_short_circuit_operator.py took 0.081 seconds
[2021-09-21 01:45:58,416] {processor.py:162} INFO - Started process (PID=3512) to work on /home/airflow/.local/lib/python3.6/site-packages/airflow/example_dags/example_short_circuit_operator.py
[2021-09-21 01:45:58,419] {processor.py:613} INFO - Processing file /home/airflow/.local/lib/python3.6/site-packages/airflow/example_dags/example_short_circuit_operator.py for tasks to queue
[2021-09-21 01:45:58,420] {logging_mixin.py:109} INFO - [2021-09-21 01:45:58,420] {dagbag.py:496} INFO - Filling up the DagBag from /home/airflow/.local/lib/python3.6/site-packages/airflow/example_dags/example_short_circuit_operator.py
[2021-09-21 01:45:58,436] {processor.py:623} INFO - DAG(s) dict_keys(['example_short_circuit_operator']) retrieved from /home/airflow/.local/lib/python3.6/site-packages/airflow/example_dags/example_short_circuit_operator.py
[2021-09-21 01:45:58,460] {logging_mixin.py:109} INFO - [2021-09-21 01:45:58,460] {dag.py:1834} INFO - Sync 1 DAGs
[2021-09-21 01:45:58,476] {logging_mixin.py:109} INFO - [2021-09-21 01:45:58,476] {dag.py:2287} INFO - Setting next_dagrun for example_short_circuit_operator to 2021-09-19 00:00:00+00:00
[2021-09-21 01:45:58,488] {processor.py:170} INFO - Processing /home/airflow/.local/lib/python3.6/site-packages/airflow/example_dags/example_short_circuit_operator.py took 0.075 seconds
[2021-09-21 01:46:29,590] {processor.py:162} INFO - Started process (PID=3572) to work on /home/airflow/.local/lib/python3.6/site-packages/airflow/example_dags/example_short_circuit_operator.py
[2021-09-21 01:46:29,592] {processor.py:613} INFO - Processing file /home/airflow/.local/lib/python3.6/site-packages/airflow/example_dags/example_short_circuit_operator.py for tasks to queue
[2021-09-21 01:46:29,593] {logging_mixin.py:109} INFO - [2021-09-21 01:46:29,593] {dagbag.py:496} INFO - Filling up the DagBag from /home/airflow/.local/lib/python3.6/site-packages/airflow/example_dags/example_short_circuit_operator.py
[2021-09-21 01:46:29,608] {processor.py:623} INFO - DAG(s) dict_keys(['example_short_circuit_operator']) retrieved from /home/airflow/.local/lib/python3.6/site-packages/airflow/example_dags/example_short_circuit_operator.py
[2021-09-21 01:46:29,634] {logging_mixin.py:109} INFO - [2021-09-21 01:46:29,634] {dag.py:1834} INFO - Sync 1 DAGs
[2021-09-21 01:46:29,651] {logging_mixin.py:109} INFO - [2021-09-21 01:46:29,651] {dag.py:2287} INFO - Setting next_dagrun for example_short_circuit_operator to 2021-09-19 00:00:00+00:00
[2021-09-21 01:46:29,663] {processor.py:170} INFO - Processing /home/airflow/.local/lib/python3.6/site-packages/airflow/example_dags/example_short_circuit_operator.py took 0.078 seconds
[2021-09-21 01:47:00,621] {processor.py:162} INFO - Started process (PID=3630) to work on /home/airflow/.local/lib/python3.6/site-packages/airflow/example_dags/example_short_circuit_operator.py
[2021-09-21 01:47:00,647] {processor.py:613} INFO - Processing file /home/airflow/.local/lib/python3.6/site-packages/airflow/example_dags/example_short_circuit_operator.py for tasks to queue
[2021-09-21 01:47:00,649] {logging_mixin.py:109} INFO - [2021-09-21 01:47:00,649] {dagbag.py:496} INFO - Filling up the DagBag from /home/airflow/.local/lib/python3.6/site-packages/airflow/example_dags/example_short_circuit_operator.py
[2021-09-21 01:47:00,667] {processor.py:623} INFO - DAG(s) dict_keys(['example_short_circuit_operator']) retrieved from /home/airflow/.local/lib/python3.6/site-packages/airflow/example_dags/example_short_circuit_operator.py
[2021-09-21 01:47:00,699] {logging_mixin.py:109} INFO - [2021-09-21 01:47:00,699] {dag.py:1834} INFO - Sync 1 DAGs
[2021-09-21 01:47:00,716] {logging_mixin.py:109} INFO - [2021-09-21 01:47:00,716] {dag.py:2287} INFO - Setting next_dagrun for example_short_circuit_operator to 2021-09-19 00:00:00+00:00
[2021-09-21 01:47:00,729] {processor.py:170} INFO - Processing /home/airflow/.local/lib/python3.6/site-packages/airflow/example_dags/example_short_circuit_operator.py took 0.111 seconds
[2021-09-21 01:47:30,888] {processor.py:162} INFO - Started process (PID=3684) to work on /home/airflow/.local/lib/python3.6/site-packages/airflow/example_dags/example_short_circuit_operator.py
[2021-09-21 01:47:30,891] {processor.py:613} INFO - Processing file /home/airflow/.local/lib/python3.6/site-packages/airflow/example_dags/example_short_circuit_operator.py for tasks to queue
[2021-09-21 01:47:30,894] {logging_mixin.py:109} INFO - [2021-09-21 01:47:30,893] {dagbag.py:496} INFO - Filling up the DagBag from /home/airflow/.local/lib/python3.6/site-packages/airflow/example_dags/example_short_circuit_operator.py
[2021-09-21 01:47:30,917] {processor.py:623} INFO - DAG(s) dict_keys(['example_short_circuit_operator']) retrieved from /home/airflow/.local/lib/python3.6/site-packages/airflow/example_dags/example_short_circuit_operator.py
[2021-09-21 01:47:30,964] {logging_mixin.py:109} INFO - [2021-09-21 01:47:30,964] {dag.py:1834} INFO - Sync 1 DAGs
[2021-09-21 01:47:30,989] {logging_mixin.py:109} INFO - [2021-09-21 01:47:30,989] {dag.py:2287} INFO - Setting next_dagrun for example_short_circuit_operator to 2021-09-19 00:00:00+00:00
[2021-09-21 01:47:31,004] {processor.py:170} INFO - Processing /home/airflow/.local/lib/python3.6/site-packages/airflow/example_dags/example_short_circuit_operator.py took 0.123 seconds
[2021-09-21 01:48:01,084] {processor.py:162} INFO - Started process (PID=3748) to work on /home/airflow/.local/lib/python3.6/site-packages/airflow/example_dags/example_short_circuit_operator.py
[2021-09-21 01:48:01,085] {processor.py:613} INFO - Processing file /home/airflow/.local/lib/python3.6/site-packages/airflow/example_dags/example_short_circuit_operator.py for tasks to queue
[2021-09-21 01:48:01,087] {logging_mixin.py:109} INFO - [2021-09-21 01:48:01,086] {dagbag.py:496} INFO - Filling up the DagBag from /home/airflow/.local/lib/python3.6/site-packages/airflow/example_dags/example_short_circuit_operator.py
[2021-09-21 01:48:01,100] {processor.py:623} INFO - DAG(s) dict_keys(['example_short_circuit_operator']) retrieved from /home/airflow/.local/lib/python3.6/site-packages/airflow/example_dags/example_short_circuit_operator.py
[2021-09-21 01:48:01,126] {logging_mixin.py:109} INFO - [2021-09-21 01:48:01,126] {dag.py:1834} INFO - Sync 1 DAGs
[2021-09-21 01:48:01,141] {logging_mixin.py:109} INFO - [2021-09-21 01:48:01,141] {dag.py:2287} INFO - Setting next_dagrun for example_short_circuit_operator to 2021-09-19 00:00:00+00:00
[2021-09-21 01:48:01,154] {processor.py:170} INFO - Processing /home/airflow/.local/lib/python3.6/site-packages/airflow/example_dags/example_short_circuit_operator.py took 0.074 seconds
[2021-09-21 01:48:31,491] {processor.py:162} INFO - Started process (PID=3813) to work on /home/airflow/.local/lib/python3.6/site-packages/airflow/example_dags/example_short_circuit_operator.py
[2021-09-21 01:48:31,492] {processor.py:613} INFO - Processing file /home/airflow/.local/lib/python3.6/site-packages/airflow/example_dags/example_short_circuit_operator.py for tasks to queue
[2021-09-21 01:48:31,494] {logging_mixin.py:109} INFO - [2021-09-21 01:48:31,494] {dagbag.py:496} INFO - Filling up the DagBag from /home/airflow/.local/lib/python3.6/site-packages/airflow/example_dags/example_short_circuit_operator.py
[2021-09-21 01:48:31,508] {processor.py:623} INFO - DAG(s) dict_keys(['example_short_circuit_operator']) retrieved from /home/airflow/.local/lib/python3.6/site-packages/airflow/example_dags/example_short_circuit_operator.py
[2021-09-21 01:48:31,532] {logging_mixin.py:109} INFO - [2021-09-21 01:48:31,531] {dag.py:1834} INFO - Sync 1 DAGs
[2021-09-21 01:48:31,546] {logging_mixin.py:109} INFO - [2021-09-21 01:48:31,546] {dag.py:2287} INFO - Setting next_dagrun for example_short_circuit_operator to 2021-09-19 00:00:00+00:00
[2021-09-21 01:48:31,557] {processor.py:170} INFO - Processing /home/airflow/.local/lib/python3.6/site-packages/airflow/example_dags/example_short_circuit_operator.py took 0.071 seconds
[2021-09-21 01:49:01,758] {processor.py:162} INFO - Started process (PID=3865) to work on /home/airflow/.local/lib/python3.6/site-packages/airflow/example_dags/example_short_circuit_operator.py
[2021-09-21 01:49:01,760] {processor.py:613} INFO - Processing file /home/airflow/.local/lib/python3.6/site-packages/airflow/example_dags/example_short_circuit_operator.py for tasks to queue
[2021-09-21 01:49:01,762] {logging_mixin.py:109} INFO - [2021-09-21 01:49:01,761] {dagbag.py:496} INFO - Filling up the DagBag from /home/airflow/.local/lib/python3.6/site-packages/airflow/example_dags/example_short_circuit_operator.py
[2021-09-21 01:49:01,778] {processor.py:623} INFO - DAG(s) dict_keys(['example_short_circuit_operator']) retrieved from /home/airflow/.local/lib/python3.6/site-packages/airflow/example_dags/example_short_circuit_operator.py
[2021-09-21 01:49:01,802] {logging_mixin.py:109} INFO - [2021-09-21 01:49:01,802] {dag.py:1834} INFO - Sync 1 DAGs
[2021-09-21 01:49:01,817] {logging_mixin.py:109} INFO - [2021-09-21 01:49:01,816] {dag.py:2287} INFO - Setting next_dagrun for example_short_circuit_operator to 2021-09-19 00:00:00+00:00
[2021-09-21 01:49:01,830] {processor.py:170} INFO - Processing /home/airflow/.local/lib/python3.6/site-packages/airflow/example_dags/example_short_circuit_operator.py took 0.076 seconds
[2021-09-21 01:49:32,154] {processor.py:162} INFO - Started process (PID=3928) to work on /home/airflow/.local/lib/python3.6/site-packages/airflow/example_dags/example_short_circuit_operator.py
[2021-09-21 01:49:32,156] {processor.py:613} INFO - Processing file /home/airflow/.local/lib/python3.6/site-packages/airflow/example_dags/example_short_circuit_operator.py for tasks to queue
[2021-09-21 01:49:32,157] {logging_mixin.py:109} INFO - [2021-09-21 01:49:32,157] {dagbag.py:496} INFO - Filling up the DagBag from /home/airflow/.local/lib/python3.6/site-packages/airflow/example_dags/example_short_circuit_operator.py
[2021-09-21 01:49:32,171] {processor.py:623} INFO - DAG(s) dict_keys(['example_short_circuit_operator']) retrieved from /home/airflow/.local/lib/python3.6/site-packages/airflow/example_dags/example_short_circuit_operator.py
[2021-09-21 01:49:32,191] {logging_mixin.py:109} INFO - [2021-09-21 01:49:32,191] {dag.py:1834} INFO - Sync 1 DAGs
[2021-09-21 01:49:32,205] {logging_mixin.py:109} INFO - [2021-09-21 01:49:32,205] {dag.py:2287} INFO - Setting next_dagrun for example_short_circuit_operator to 2021-09-19 00:00:00+00:00
[2021-09-21 01:49:32,215] {processor.py:170} INFO - Processing /home/airflow/.local/lib/python3.6/site-packages/airflow/example_dags/example_short_circuit_operator.py took 0.064 seconds
[2021-09-21 01:50:02,432] {processor.py:162} INFO - Started process (PID=3991) to work on /home/airflow/.local/lib/python3.6/site-packages/airflow/example_dags/example_short_circuit_operator.py
[2021-09-21 01:50:02,434] {processor.py:613} INFO - Processing file /home/airflow/.local/lib/python3.6/site-packages/airflow/example_dags/example_short_circuit_operator.py for tasks to queue
[2021-09-21 01:50:02,436] {logging_mixin.py:109} INFO - [2021-09-21 01:50:02,436] {dagbag.py:496} INFO - Filling up the DagBag from /home/airflow/.local/lib/python3.6/site-packages/airflow/example_dags/example_short_circuit_operator.py
[2021-09-21 01:50:02,451] {processor.py:623} INFO - DAG(s) dict_keys(['example_short_circuit_operator']) retrieved from /home/airflow/.local/lib/python3.6/site-packages/airflow/example_dags/example_short_circuit_operator.py
[2021-09-21 01:50:02,482] {logging_mixin.py:109} INFO - [2021-09-21 01:50:02,482] {dag.py:1834} INFO - Sync 1 DAGs
[2021-09-21 01:50:02,498] {logging_mixin.py:109} INFO - [2021-09-21 01:50:02,498] {dag.py:2287} INFO - Setting next_dagrun for example_short_circuit_operator to 2021-09-19 00:00:00+00:00
[2021-09-21 01:50:02,509] {processor.py:170} INFO - Processing /home/airflow/.local/lib/python3.6/site-packages/airflow/example_dags/example_short_circuit_operator.py took 0.080 seconds
[2021-09-21 01:50:33,341] {processor.py:162} INFO - Started process (PID=4043) to work on /home/airflow/.local/lib/python3.6/site-packages/airflow/example_dags/example_short_circuit_operator.py
[2021-09-21 01:50:33,343] {processor.py:613} INFO - Processing file /home/airflow/.local/lib/python3.6/site-packages/airflow/example_dags/example_short_circuit_operator.py for tasks to queue
[2021-09-21 01:50:33,344] {logging_mixin.py:109} INFO - [2021-09-21 01:50:33,344] {dagbag.py:496} INFO - Filling up the DagBag from /home/airflow/.local/lib/python3.6/site-packages/airflow/example_dags/example_short_circuit_operator.py
[2021-09-21 01:50:33,364] {processor.py:623} INFO - DAG(s) dict_keys(['example_short_circuit_operator']) retrieved from /home/airflow/.local/lib/python3.6/site-packages/airflow/example_dags/example_short_circuit_operator.py
[2021-09-21 01:50:33,390] {logging_mixin.py:109} INFO - [2021-09-21 01:50:33,389] {dag.py:1834} INFO - Sync 1 DAGs
[2021-09-21 01:50:33,405] {logging_mixin.py:109} INFO - [2021-09-21 01:50:33,405] {dag.py:2287} INFO - Setting next_dagrun for example_short_circuit_operator to 2021-09-19 00:00:00+00:00
[2021-09-21 01:50:33,418] {processor.py:170} INFO - Processing /home/airflow/.local/lib/python3.6/site-packages/airflow/example_dags/example_short_circuit_operator.py took 0.081 seconds
[2021-09-21 01:51:03,640] {processor.py:162} INFO - Started process (PID=4107) to work on /home/airflow/.local/lib/python3.6/site-packages/airflow/example_dags/example_short_circuit_operator.py
[2021-09-21 01:51:03,643] {processor.py:613} INFO - Processing file /home/airflow/.local/lib/python3.6/site-packages/airflow/example_dags/example_short_circuit_operator.py for tasks to queue
[2021-09-21 01:51:03,645] {logging_mixin.py:109} INFO - [2021-09-21 01:51:03,645] {dagbag.py:496} INFO - Filling up the DagBag from /home/airflow/.local/lib/python3.6/site-packages/airflow/example_dags/example_short_circuit_operator.py
[2021-09-21 01:51:03,669] {processor.py:623} INFO - DAG(s) dict_keys(['example_short_circuit_operator']) retrieved from /home/airflow/.local/lib/python3.6/site-packages/airflow/example_dags/example_short_circuit_operator.py
[2021-09-21 01:51:03,718] {logging_mixin.py:109} INFO - [2021-09-21 01:51:03,718] {dag.py:1834} INFO - Sync 1 DAGs
[2021-09-21 01:51:03,739] {logging_mixin.py:109} INFO - [2021-09-21 01:51:03,739] {dag.py:2287} INFO - Setting next_dagrun for example_short_circuit_operator to 2021-09-19 00:00:00+00:00
[2021-09-21 01:51:03,755] {processor.py:170} INFO - Processing /home/airflow/.local/lib/python3.6/site-packages/airflow/example_dags/example_short_circuit_operator.py took 0.120 seconds
[2021-09-21 01:51:33,957] {processor.py:162} INFO - Started process (PID=4160) to work on /home/airflow/.local/lib/python3.6/site-packages/airflow/example_dags/example_short_circuit_operator.py
[2021-09-21 01:51:33,959] {processor.py:613} INFO - Processing file /home/airflow/.local/lib/python3.6/site-packages/airflow/example_dags/example_short_circuit_operator.py for tasks to queue
[2021-09-21 01:51:33,960] {logging_mixin.py:109} INFO - [2021-09-21 01:51:33,960] {dagbag.py:496} INFO - Filling up the DagBag from /home/airflow/.local/lib/python3.6/site-packages/airflow/example_dags/example_short_circuit_operator.py
[2021-09-21 01:51:33,975] {processor.py:623} INFO - DAG(s) dict_keys(['example_short_circuit_operator']) retrieved from /home/airflow/.local/lib/python3.6/site-packages/airflow/example_dags/example_short_circuit_operator.py
[2021-09-21 01:51:33,999] {logging_mixin.py:109} INFO - [2021-09-21 01:51:33,999] {dag.py:1834} INFO - Sync 1 DAGs
[2021-09-21 01:51:34,016] {logging_mixin.py:109} INFO - [2021-09-21 01:51:34,015] {dag.py:2287} INFO - Setting next_dagrun for example_short_circuit_operator to 2021-09-19 00:00:00+00:00
[2021-09-21 01:51:34,026] {processor.py:170} INFO - Processing /home/airflow/.local/lib/python3.6/site-packages/airflow/example_dags/example_short_circuit_operator.py took 0.073 seconds
[2021-09-21 01:52:05,051] {processor.py:162} INFO - Started process (PID=4222) to work on /home/airflow/.local/lib/python3.6/site-packages/airflow/example_dags/example_short_circuit_operator.py
[2021-09-21 01:52:05,057] {processor.py:613} INFO - Processing file /home/airflow/.local/lib/python3.6/site-packages/airflow/example_dags/example_short_circuit_operator.py for tasks to queue
[2021-09-21 01:52:05,059] {logging_mixin.py:109} INFO - [2021-09-21 01:52:05,059] {dagbag.py:496} INFO - Filling up the DagBag from /home/airflow/.local/lib/python3.6/site-packages/airflow/example_dags/example_short_circuit_operator.py
[2021-09-21 01:52:05,078] {processor.py:623} INFO - DAG(s) dict_keys(['example_short_circuit_operator']) retrieved from /home/airflow/.local/lib/python3.6/site-packages/airflow/example_dags/example_short_circuit_operator.py
[2021-09-21 01:52:05,112] {logging_mixin.py:109} INFO - [2021-09-21 01:52:05,112] {dag.py:1834} INFO - Sync 1 DAGs
[2021-09-21 01:52:05,136] {logging_mixin.py:109} INFO - [2021-09-21 01:52:05,136] {dag.py:2287} INFO - Setting next_dagrun for example_short_circuit_operator to 2021-09-19 00:00:00+00:00
[2021-09-21 01:52:05,151] {processor.py:170} INFO - Processing /home/airflow/.local/lib/python3.6/site-packages/airflow/example_dags/example_short_circuit_operator.py took 0.105 seconds
[2021-09-21 01:52:35,590] {processor.py:162} INFO - Started process (PID=4278) to work on /home/airflow/.local/lib/python3.6/site-packages/airflow/example_dags/example_short_circuit_operator.py
[2021-09-21 01:52:35,593] {processor.py:613} INFO - Processing file /home/airflow/.local/lib/python3.6/site-packages/airflow/example_dags/example_short_circuit_operator.py for tasks to queue
[2021-09-21 01:52:35,596] {logging_mixin.py:109} INFO - [2021-09-21 01:52:35,595] {dagbag.py:496} INFO - Filling up the DagBag from /home/airflow/.local/lib/python3.6/site-packages/airflow/example_dags/example_short_circuit_operator.py
[2021-09-21 01:52:35,614] {processor.py:623} INFO - DAG(s) dict_keys(['example_short_circuit_operator']) retrieved from /home/airflow/.local/lib/python3.6/site-packages/airflow/example_dags/example_short_circuit_operator.py
[2021-09-21 01:52:35,643] {logging_mixin.py:109} INFO - [2021-09-21 01:52:35,643] {dag.py:1834} INFO - Sync 1 DAGs
[2021-09-21 01:52:35,662] {logging_mixin.py:109} INFO - [2021-09-21 01:52:35,662] {dag.py:2287} INFO - Setting next_dagrun for example_short_circuit_operator to 2021-09-19 00:00:00+00:00
[2021-09-21 01:52:35,675] {processor.py:170} INFO - Processing /home/airflow/.local/lib/python3.6/site-packages/airflow/example_dags/example_short_circuit_operator.py took 0.088 seconds
