[2021-09-21 01:16:39,274] {processor.py:162} INFO - Started process (PID=35) to work on /home/airflow/.local/lib/python3.6/site-packages/airflow/example_dags/example_kubernetes_executor.py
[2021-09-21 01:16:39,281] {processor.py:613} INFO - Processing file /home/airflow/.local/lib/python3.6/site-packages/airflow/example_dags/example_kubernetes_executor.py for tasks to queue
[2021-09-21 01:16:39,284] {logging_mixin.py:109} INFO - [2021-09-21 01:16:39,283] {dagbag.py:496} INFO - Filling up the DagBag from /home/airflow/.local/lib/python3.6/site-packages/airflow/example_dags/example_kubernetes_executor.py
[2021-09-21 01:16:39,488] {processor.py:623} INFO - DAG(s) dict_keys(['example_kubernetes_executor']) retrieved from /home/airflow/.local/lib/python3.6/site-packages/airflow/example_dags/example_kubernetes_executor.py
[2021-09-21 01:17:00,360] {logging_mixin.py:109} INFO - [2021-09-21 01:17:00,358] {dag.py:1834} INFO - Sync 1 DAGs
[2021-09-21 01:17:00,518] {logging_mixin.py:109} INFO - [2021-09-21 01:17:00,516] {dag.py:1853} INFO - Creating ORM DAG for example_kubernetes_executor
[2021-09-21 01:17:00,538] {logging_mixin.py:109} INFO - [2021-09-21 01:17:00,538] {dag.py:2287} INFO - Setting next_dagrun for example_kubernetes_executor to None
[2021-09-21 01:17:00,592] {processor.py:170} INFO - Processing /home/airflow/.local/lib/python3.6/site-packages/airflow/example_dags/example_kubernetes_executor.py took 21.352 seconds
[2021-09-21 01:17:41,012] {processor.py:162} INFO - Started process (PID=289) to work on /home/airflow/.local/lib/python3.6/site-packages/airflow/example_dags/example_kubernetes_executor.py
[2021-09-21 01:17:41,014] {processor.py:613} INFO - Processing file /home/airflow/.local/lib/python3.6/site-packages/airflow/example_dags/example_kubernetes_executor.py for tasks to queue
[2021-09-21 01:17:41,016] {logging_mixin.py:109} INFO - [2021-09-21 01:17:41,016] {dagbag.py:496} INFO - Filling up the DagBag from /home/airflow/.local/lib/python3.6/site-packages/airflow/example_dags/example_kubernetes_executor.py
[2021-09-21 01:17:41,032] {processor.py:623} INFO - DAG(s) dict_keys(['example_kubernetes_executor']) retrieved from /home/airflow/.local/lib/python3.6/site-packages/airflow/example_dags/example_kubernetes_executor.py
[2021-09-21 01:17:41,058] {logging_mixin.py:109} INFO - [2021-09-21 01:17:41,058] {dag.py:1834} INFO - Sync 1 DAGs
[2021-09-21 01:17:41,074] {logging_mixin.py:109} INFO - [2021-09-21 01:17:41,074] {dag.py:2287} INFO - Setting next_dagrun for example_kubernetes_executor to None
[2021-09-21 01:17:41,086] {processor.py:170} INFO - Processing /home/airflow/.local/lib/python3.6/site-packages/airflow/example_dags/example_kubernetes_executor.py took 0.079 seconds
[2021-09-21 01:18:11,137] {processor.py:162} INFO - Started process (PID=350) to work on /home/airflow/.local/lib/python3.6/site-packages/airflow/example_dags/example_kubernetes_executor.py
[2021-09-21 01:18:11,142] {processor.py:613} INFO - Processing file /home/airflow/.local/lib/python3.6/site-packages/airflow/example_dags/example_kubernetes_executor.py for tasks to queue
[2021-09-21 01:18:11,145] {logging_mixin.py:109} INFO - [2021-09-21 01:18:11,144] {dagbag.py:496} INFO - Filling up the DagBag from /home/airflow/.local/lib/python3.6/site-packages/airflow/example_dags/example_kubernetes_executor.py
[2021-09-21 01:18:11,161] {processor.py:623} INFO - DAG(s) dict_keys(['example_kubernetes_executor']) retrieved from /home/airflow/.local/lib/python3.6/site-packages/airflow/example_dags/example_kubernetes_executor.py
[2021-09-21 01:18:11,188] {logging_mixin.py:109} INFO - [2021-09-21 01:18:11,188] {dag.py:1834} INFO - Sync 1 DAGs
[2021-09-21 01:18:11,203] {logging_mixin.py:109} INFO - [2021-09-21 01:18:11,202] {dag.py:2287} INFO - Setting next_dagrun for example_kubernetes_executor to None
[2021-09-21 01:18:11,214] {processor.py:170} INFO - Processing /home/airflow/.local/lib/python3.6/site-packages/airflow/example_dags/example_kubernetes_executor.py took 0.081 seconds
[2021-09-21 01:18:41,262] {processor.py:162} INFO - Started process (PID=415) to work on /home/airflow/.local/lib/python3.6/site-packages/airflow/example_dags/example_kubernetes_executor.py
[2021-09-21 01:18:41,264] {processor.py:613} INFO - Processing file /home/airflow/.local/lib/python3.6/site-packages/airflow/example_dags/example_kubernetes_executor.py for tasks to queue
[2021-09-21 01:18:41,266] {logging_mixin.py:109} INFO - [2021-09-21 01:18:41,266] {dagbag.py:496} INFO - Filling up the DagBag from /home/airflow/.local/lib/python3.6/site-packages/airflow/example_dags/example_kubernetes_executor.py
[2021-09-21 01:18:41,280] {processor.py:623} INFO - DAG(s) dict_keys(['example_kubernetes_executor']) retrieved from /home/airflow/.local/lib/python3.6/site-packages/airflow/example_dags/example_kubernetes_executor.py
[2021-09-21 01:18:41,305] {logging_mixin.py:109} INFO - [2021-09-21 01:18:41,305] {dag.py:1834} INFO - Sync 1 DAGs
[2021-09-21 01:18:41,320] {logging_mixin.py:109} INFO - [2021-09-21 01:18:41,320] {dag.py:2287} INFO - Setting next_dagrun for example_kubernetes_executor to None
[2021-09-21 01:18:41,332] {processor.py:170} INFO - Processing /home/airflow/.local/lib/python3.6/site-packages/airflow/example_dags/example_kubernetes_executor.py took 0.073 seconds
[2021-09-21 01:19:11,434] {processor.py:162} INFO - Started process (PID=467) to work on /home/airflow/.local/lib/python3.6/site-packages/airflow/example_dags/example_kubernetes_executor.py
[2021-09-21 01:19:11,435] {processor.py:613} INFO - Processing file /home/airflow/.local/lib/python3.6/site-packages/airflow/example_dags/example_kubernetes_executor.py for tasks to queue
[2021-09-21 01:19:11,437] {logging_mixin.py:109} INFO - [2021-09-21 01:19:11,436] {dagbag.py:496} INFO - Filling up the DagBag from /home/airflow/.local/lib/python3.6/site-packages/airflow/example_dags/example_kubernetes_executor.py
[2021-09-21 01:19:11,453] {processor.py:623} INFO - DAG(s) dict_keys(['example_kubernetes_executor']) retrieved from /home/airflow/.local/lib/python3.6/site-packages/airflow/example_dags/example_kubernetes_executor.py
[2021-09-21 01:19:11,478] {logging_mixin.py:109} INFO - [2021-09-21 01:19:11,478] {dag.py:1834} INFO - Sync 1 DAGs
[2021-09-21 01:19:11,494] {logging_mixin.py:109} INFO - [2021-09-21 01:19:11,494] {dag.py:2287} INFO - Setting next_dagrun for example_kubernetes_executor to None
[2021-09-21 01:19:11,506] {processor.py:170} INFO - Processing /home/airflow/.local/lib/python3.6/site-packages/airflow/example_dags/example_kubernetes_executor.py took 0.076 seconds
[2021-09-21 01:19:41,544] {processor.py:162} INFO - Started process (PID=530) to work on /home/airflow/.local/lib/python3.6/site-packages/airflow/example_dags/example_kubernetes_executor.py
[2021-09-21 01:19:41,546] {processor.py:613} INFO - Processing file /home/airflow/.local/lib/python3.6/site-packages/airflow/example_dags/example_kubernetes_executor.py for tasks to queue
[2021-09-21 01:19:41,547] {logging_mixin.py:109} INFO - [2021-09-21 01:19:41,547] {dagbag.py:496} INFO - Filling up the DagBag from /home/airflow/.local/lib/python3.6/site-packages/airflow/example_dags/example_kubernetes_executor.py
[2021-09-21 01:19:41,563] {processor.py:623} INFO - DAG(s) dict_keys(['example_kubernetes_executor']) retrieved from /home/airflow/.local/lib/python3.6/site-packages/airflow/example_dags/example_kubernetes_executor.py
[2021-09-21 01:19:41,590] {logging_mixin.py:109} INFO - [2021-09-21 01:19:41,590] {dag.py:1834} INFO - Sync 1 DAGs
[2021-09-21 01:19:41,604] {logging_mixin.py:109} INFO - [2021-09-21 01:19:41,604] {dag.py:2287} INFO - Setting next_dagrun for example_kubernetes_executor to None
[2021-09-21 01:19:41,616] {processor.py:170} INFO - Processing /home/airflow/.local/lib/python3.6/site-packages/airflow/example_dags/example_kubernetes_executor.py took 0.077 seconds
[2021-09-21 01:20:11,734] {processor.py:162} INFO - Started process (PID=593) to work on /home/airflow/.local/lib/python3.6/site-packages/airflow/example_dags/example_kubernetes_executor.py
[2021-09-21 01:20:11,736] {processor.py:613} INFO - Processing file /home/airflow/.local/lib/python3.6/site-packages/airflow/example_dags/example_kubernetes_executor.py for tasks to queue
[2021-09-21 01:20:11,738] {logging_mixin.py:109} INFO - [2021-09-21 01:20:11,738] {dagbag.py:496} INFO - Filling up the DagBag from /home/airflow/.local/lib/python3.6/site-packages/airflow/example_dags/example_kubernetes_executor.py
[2021-09-21 01:20:11,754] {processor.py:623} INFO - DAG(s) dict_keys(['example_kubernetes_executor']) retrieved from /home/airflow/.local/lib/python3.6/site-packages/airflow/example_dags/example_kubernetes_executor.py
[2021-09-21 01:20:11,787] {logging_mixin.py:109} INFO - [2021-09-21 01:20:11,787] {dag.py:1834} INFO - Sync 1 DAGs
[2021-09-21 01:20:11,804] {logging_mixin.py:109} INFO - [2021-09-21 01:20:11,804] {dag.py:2287} INFO - Setting next_dagrun for example_kubernetes_executor to None
[2021-09-21 01:20:11,817] {processor.py:170} INFO - Processing /home/airflow/.local/lib/python3.6/site-packages/airflow/example_dags/example_kubernetes_executor.py took 0.088 seconds
[2021-09-21 01:20:42,382] {processor.py:162} INFO - Started process (PID=648) to work on /home/airflow/.local/lib/python3.6/site-packages/airflow/example_dags/example_kubernetes_executor.py
[2021-09-21 01:20:42,384] {processor.py:613} INFO - Processing file /home/airflow/.local/lib/python3.6/site-packages/airflow/example_dags/example_kubernetes_executor.py for tasks to queue
[2021-09-21 01:20:42,386] {logging_mixin.py:109} INFO - [2021-09-21 01:20:42,386] {dagbag.py:496} INFO - Filling up the DagBag from /home/airflow/.local/lib/python3.6/site-packages/airflow/example_dags/example_kubernetes_executor.py
[2021-09-21 01:20:42,402] {processor.py:623} INFO - DAG(s) dict_keys(['example_kubernetes_executor']) retrieved from /home/airflow/.local/lib/python3.6/site-packages/airflow/example_dags/example_kubernetes_executor.py
[2021-09-21 01:20:42,428] {logging_mixin.py:109} INFO - [2021-09-21 01:20:42,428] {dag.py:1834} INFO - Sync 1 DAGs
[2021-09-21 01:20:42,444] {logging_mixin.py:109} INFO - [2021-09-21 01:20:42,444] {dag.py:2287} INFO - Setting next_dagrun for example_kubernetes_executor to None
[2021-09-21 01:20:42,456] {processor.py:170} INFO - Processing /home/airflow/.local/lib/python3.6/site-packages/airflow/example_dags/example_kubernetes_executor.py took 0.078 seconds
[2021-09-21 01:21:12,956] {processor.py:162} INFO - Started process (PID=713) to work on /home/airflow/.local/lib/python3.6/site-packages/airflow/example_dags/example_kubernetes_executor.py
[2021-09-21 01:21:12,959] {processor.py:613} INFO - Processing file /home/airflow/.local/lib/python3.6/site-packages/airflow/example_dags/example_kubernetes_executor.py for tasks to queue
[2021-09-21 01:21:12,962] {logging_mixin.py:109} INFO - [2021-09-21 01:21:12,962] {dagbag.py:496} INFO - Filling up the DagBag from /home/airflow/.local/lib/python3.6/site-packages/airflow/example_dags/example_kubernetes_executor.py
[2021-09-21 01:21:12,982] {processor.py:623} INFO - DAG(s) dict_keys(['example_kubernetes_executor']) retrieved from /home/airflow/.local/lib/python3.6/site-packages/airflow/example_dags/example_kubernetes_executor.py
[2021-09-21 01:21:13,025] {logging_mixin.py:109} INFO - [2021-09-21 01:21:13,024] {dag.py:1834} INFO - Sync 1 DAGs
[2021-09-21 01:21:13,045] {logging_mixin.py:109} INFO - [2021-09-21 01:21:13,045] {dag.py:2287} INFO - Setting next_dagrun for example_kubernetes_executor to None
[2021-09-21 01:21:13,073] {processor.py:170} INFO - Processing /home/airflow/.local/lib/python3.6/site-packages/airflow/example_dags/example_kubernetes_executor.py took 0.122 seconds
[2021-09-21 01:21:43,332] {processor.py:162} INFO - Started process (PID=765) to work on /home/airflow/.local/lib/python3.6/site-packages/airflow/example_dags/example_kubernetes_executor.py
[2021-09-21 01:21:43,334] {processor.py:613} INFO - Processing file /home/airflow/.local/lib/python3.6/site-packages/airflow/example_dags/example_kubernetes_executor.py for tasks to queue
[2021-09-21 01:21:43,336] {logging_mixin.py:109} INFO - [2021-09-21 01:21:43,335] {dagbag.py:496} INFO - Filling up the DagBag from /home/airflow/.local/lib/python3.6/site-packages/airflow/example_dags/example_kubernetes_executor.py
[2021-09-21 01:21:43,350] {processor.py:623} INFO - DAG(s) dict_keys(['example_kubernetes_executor']) retrieved from /home/airflow/.local/lib/python3.6/site-packages/airflow/example_dags/example_kubernetes_executor.py
[2021-09-21 01:21:43,375] {logging_mixin.py:109} INFO - [2021-09-21 01:21:43,375] {dag.py:1834} INFO - Sync 1 DAGs
[2021-09-21 01:21:43,392] {logging_mixin.py:109} INFO - [2021-09-21 01:21:43,391] {dag.py:2287} INFO - Setting next_dagrun for example_kubernetes_executor to None
[2021-09-21 01:21:43,403] {processor.py:170} INFO - Processing /home/airflow/.local/lib/python3.6/site-packages/airflow/example_dags/example_kubernetes_executor.py took 0.075 seconds
[2021-09-21 01:22:14,135] {processor.py:162} INFO - Started process (PID=830) to work on /home/airflow/.local/lib/python3.6/site-packages/airflow/example_dags/example_kubernetes_executor.py
[2021-09-21 01:22:14,137] {processor.py:613} INFO - Processing file /home/airflow/.local/lib/python3.6/site-packages/airflow/example_dags/example_kubernetes_executor.py for tasks to queue
[2021-09-21 01:22:14,140] {logging_mixin.py:109} INFO - [2021-09-21 01:22:14,140] {dagbag.py:496} INFO - Filling up the DagBag from /home/airflow/.local/lib/python3.6/site-packages/airflow/example_dags/example_kubernetes_executor.py
[2021-09-21 01:22:14,159] {processor.py:623} INFO - DAG(s) dict_keys(['example_kubernetes_executor']) retrieved from /home/airflow/.local/lib/python3.6/site-packages/airflow/example_dags/example_kubernetes_executor.py
[2021-09-21 01:22:14,202] {logging_mixin.py:109} INFO - [2021-09-21 01:22:14,201] {dag.py:1834} INFO - Sync 1 DAGs
[2021-09-21 01:22:14,510] {logging_mixin.py:109} INFO - [2021-09-21 01:22:14,509] {dag.py:2287} INFO - Setting next_dagrun for example_kubernetes_executor to None
[2021-09-21 01:22:14,681] {processor.py:170} INFO - Processing /home/airflow/.local/lib/python3.6/site-packages/airflow/example_dags/example_kubernetes_executor.py took 0.550 seconds
[2021-09-21 01:22:45,676] {processor.py:162} INFO - Started process (PID=882) to work on /home/airflow/.local/lib/python3.6/site-packages/airflow/example_dags/example_kubernetes_executor.py
[2021-09-21 01:22:45,679] {processor.py:613} INFO - Processing file /home/airflow/.local/lib/python3.6/site-packages/airflow/example_dags/example_kubernetes_executor.py for tasks to queue
[2021-09-21 01:22:45,680] {logging_mixin.py:109} INFO - [2021-09-21 01:22:45,680] {dagbag.py:496} INFO - Filling up the DagBag from /home/airflow/.local/lib/python3.6/site-packages/airflow/example_dags/example_kubernetes_executor.py
[2021-09-21 01:22:45,699] {processor.py:623} INFO - DAG(s) dict_keys(['example_kubernetes_executor']) retrieved from /home/airflow/.local/lib/python3.6/site-packages/airflow/example_dags/example_kubernetes_executor.py
[2021-09-21 01:22:45,724] {logging_mixin.py:109} INFO - [2021-09-21 01:22:45,724] {dag.py:1834} INFO - Sync 1 DAGs
[2021-09-21 01:22:45,738] {logging_mixin.py:109} INFO - [2021-09-21 01:22:45,738] {dag.py:2287} INFO - Setting next_dagrun for example_kubernetes_executor to None
[2021-09-21 01:22:45,752] {processor.py:170} INFO - Processing /home/airflow/.local/lib/python3.6/site-packages/airflow/example_dags/example_kubernetes_executor.py took 0.083 seconds
[2021-09-21 01:23:16,139] {processor.py:162} INFO - Started process (PID=935) to work on /home/airflow/.local/lib/python3.6/site-packages/airflow/example_dags/example_kubernetes_executor.py
[2021-09-21 01:23:16,145] {processor.py:613} INFO - Processing file /home/airflow/.local/lib/python3.6/site-packages/airflow/example_dags/example_kubernetes_executor.py for tasks to queue
[2021-09-21 01:23:16,149] {logging_mixin.py:109} INFO - [2021-09-21 01:23:16,149] {dagbag.py:496} INFO - Filling up the DagBag from /home/airflow/.local/lib/python3.6/site-packages/airflow/example_dags/example_kubernetes_executor.py
[2021-09-21 01:23:16,223] {processor.py:623} INFO - DAG(s) dict_keys(['example_kubernetes_executor']) retrieved from /home/airflow/.local/lib/python3.6/site-packages/airflow/example_dags/example_kubernetes_executor.py
[2021-09-21 01:23:16,382] {logging_mixin.py:109} INFO - [2021-09-21 01:23:16,382] {dag.py:1834} INFO - Sync 1 DAGs
[2021-09-21 01:23:16,477] {logging_mixin.py:109} INFO - [2021-09-21 01:23:16,477] {dag.py:2287} INFO - Setting next_dagrun for example_kubernetes_executor to None
[2021-09-21 01:23:16,617] {processor.py:170} INFO - Processing /home/airflow/.local/lib/python3.6/site-packages/airflow/example_dags/example_kubernetes_executor.py took 0.490 seconds
[2021-09-21 01:23:47,248] {processor.py:162} INFO - Started process (PID=988) to work on /home/airflow/.local/lib/python3.6/site-packages/airflow/example_dags/example_kubernetes_executor.py
[2021-09-21 01:23:47,251] {processor.py:613} INFO - Processing file /home/airflow/.local/lib/python3.6/site-packages/airflow/example_dags/example_kubernetes_executor.py for tasks to queue
[2021-09-21 01:23:47,252] {logging_mixin.py:109} INFO - [2021-09-21 01:23:47,252] {dagbag.py:496} INFO - Filling up the DagBag from /home/airflow/.local/lib/python3.6/site-packages/airflow/example_dags/example_kubernetes_executor.py
[2021-09-21 01:23:47,272] {processor.py:623} INFO - DAG(s) dict_keys(['example_kubernetes_executor']) retrieved from /home/airflow/.local/lib/python3.6/site-packages/airflow/example_dags/example_kubernetes_executor.py
[2021-09-21 01:23:47,300] {logging_mixin.py:109} INFO - [2021-09-21 01:23:47,300] {dag.py:1834} INFO - Sync 1 DAGs
[2021-09-21 01:23:47,316] {logging_mixin.py:109} INFO - [2021-09-21 01:23:47,316] {dag.py:2287} INFO - Setting next_dagrun for example_kubernetes_executor to None
[2021-09-21 01:23:47,326] {processor.py:170} INFO - Processing /home/airflow/.local/lib/python3.6/site-packages/airflow/example_dags/example_kubernetes_executor.py took 0.081 seconds
[2021-09-21 01:24:18,084] {processor.py:162} INFO - Started process (PID=1052) to work on /home/airflow/.local/lib/python3.6/site-packages/airflow/example_dags/example_kubernetes_executor.py
[2021-09-21 01:24:18,088] {processor.py:613} INFO - Processing file /home/airflow/.local/lib/python3.6/site-packages/airflow/example_dags/example_kubernetes_executor.py for tasks to queue
[2021-09-21 01:24:18,091] {logging_mixin.py:109} INFO - [2021-09-21 01:24:18,090] {dagbag.py:496} INFO - Filling up the DagBag from /home/airflow/.local/lib/python3.6/site-packages/airflow/example_dags/example_kubernetes_executor.py
[2021-09-21 01:24:18,119] {processor.py:623} INFO - DAG(s) dict_keys(['example_kubernetes_executor']) retrieved from /home/airflow/.local/lib/python3.6/site-packages/airflow/example_dags/example_kubernetes_executor.py
[2021-09-21 01:24:18,174] {logging_mixin.py:109} INFO - [2021-09-21 01:24:18,174] {dag.py:1834} INFO - Sync 1 DAGs
[2021-09-21 01:24:18,213] {logging_mixin.py:109} INFO - [2021-09-21 01:24:18,213] {dag.py:2287} INFO - Setting next_dagrun for example_kubernetes_executor to None
[2021-09-21 01:24:18,259] {processor.py:170} INFO - Processing /home/airflow/.local/lib/python3.6/site-packages/airflow/example_dags/example_kubernetes_executor.py took 0.181 seconds
[2021-09-21 01:24:48,681] {processor.py:162} INFO - Started process (PID=1104) to work on /home/airflow/.local/lib/python3.6/site-packages/airflow/example_dags/example_kubernetes_executor.py
[2021-09-21 01:24:48,685] {processor.py:613} INFO - Processing file /home/airflow/.local/lib/python3.6/site-packages/airflow/example_dags/example_kubernetes_executor.py for tasks to queue
[2021-09-21 01:24:48,688] {logging_mixin.py:109} INFO - [2021-09-21 01:24:48,688] {dagbag.py:496} INFO - Filling up the DagBag from /home/airflow/.local/lib/python3.6/site-packages/airflow/example_dags/example_kubernetes_executor.py
[2021-09-21 01:24:48,716] {processor.py:623} INFO - DAG(s) dict_keys(['example_kubernetes_executor']) retrieved from /home/airflow/.local/lib/python3.6/site-packages/airflow/example_dags/example_kubernetes_executor.py
[2021-09-21 01:24:48,778] {logging_mixin.py:109} INFO - [2021-09-21 01:24:48,778] {dag.py:1834} INFO - Sync 1 DAGs
[2021-09-21 01:24:48,832] {logging_mixin.py:109} INFO - [2021-09-21 01:24:48,832] {dag.py:2287} INFO - Setting next_dagrun for example_kubernetes_executor to None
[2021-09-21 01:24:48,859] {processor.py:170} INFO - Processing /home/airflow/.local/lib/python3.6/site-packages/airflow/example_dags/example_kubernetes_executor.py took 0.187 seconds
[2021-09-21 01:25:22,930] {processor.py:162} INFO - Started process (PID=1155) to work on /home/airflow/.local/lib/python3.6/site-packages/airflow/example_dags/example_kubernetes_executor.py
[2021-09-21 01:25:22,934] {processor.py:613} INFO - Processing file /home/airflow/.local/lib/python3.6/site-packages/airflow/example_dags/example_kubernetes_executor.py for tasks to queue
[2021-09-21 01:25:22,939] {logging_mixin.py:109} INFO - [2021-09-21 01:25:22,939] {dagbag.py:496} INFO - Filling up the DagBag from /home/airflow/.local/lib/python3.6/site-packages/airflow/example_dags/example_kubernetes_executor.py
[2021-09-21 01:25:22,978] {processor.py:623} INFO - DAG(s) dict_keys(['example_kubernetes_executor']) retrieved from /home/airflow/.local/lib/python3.6/site-packages/airflow/example_dags/example_kubernetes_executor.py
[2021-09-21 01:25:23,088] {logging_mixin.py:109} INFO - [2021-09-21 01:25:23,087] {dag.py:1834} INFO - Sync 1 DAGs
[2021-09-21 01:25:23,111] {logging_mixin.py:109} INFO - [2021-09-21 01:25:23,111] {dag.py:2287} INFO - Setting next_dagrun for example_kubernetes_executor to None
[2021-09-21 01:25:23,127] {processor.py:170} INFO - Processing /home/airflow/.local/lib/python3.6/site-packages/airflow/example_dags/example_kubernetes_executor.py took 0.212 seconds
[2021-09-21 01:25:53,290] {processor.py:162} INFO - Started process (PID=1209) to work on /home/airflow/.local/lib/python3.6/site-packages/airflow/example_dags/example_kubernetes_executor.py
[2021-09-21 01:25:53,294] {processor.py:613} INFO - Processing file /home/airflow/.local/lib/python3.6/site-packages/airflow/example_dags/example_kubernetes_executor.py for tasks to queue
[2021-09-21 01:25:53,297] {logging_mixin.py:109} INFO - [2021-09-21 01:25:53,297] {dagbag.py:496} INFO - Filling up the DagBag from /home/airflow/.local/lib/python3.6/site-packages/airflow/example_dags/example_kubernetes_executor.py
[2021-09-21 01:25:53,318] {processor.py:623} INFO - DAG(s) dict_keys(['example_kubernetes_executor']) retrieved from /home/airflow/.local/lib/python3.6/site-packages/airflow/example_dags/example_kubernetes_executor.py
[2021-09-21 01:25:53,372] {logging_mixin.py:109} INFO - [2021-09-21 01:25:53,372] {dag.py:1834} INFO - Sync 1 DAGs
[2021-09-21 01:25:53,399] {logging_mixin.py:109} INFO - [2021-09-21 01:25:53,399] {dag.py:2287} INFO - Setting next_dagrun for example_kubernetes_executor to None
[2021-09-21 01:25:53,421] {processor.py:170} INFO - Processing /home/airflow/.local/lib/python3.6/site-packages/airflow/example_dags/example_kubernetes_executor.py took 0.137 seconds
[2021-09-21 01:26:23,939] {processor.py:162} INFO - Started process (PID=1271) to work on /home/airflow/.local/lib/python3.6/site-packages/airflow/example_dags/example_kubernetes_executor.py
[2021-09-21 01:26:23,943] {processor.py:613} INFO - Processing file /home/airflow/.local/lib/python3.6/site-packages/airflow/example_dags/example_kubernetes_executor.py for tasks to queue
[2021-09-21 01:26:23,945] {logging_mixin.py:109} INFO - [2021-09-21 01:26:23,945] {dagbag.py:496} INFO - Filling up the DagBag from /home/airflow/.local/lib/python3.6/site-packages/airflow/example_dags/example_kubernetes_executor.py
[2021-09-21 01:26:23,988] {processor.py:623} INFO - DAG(s) dict_keys(['example_kubernetes_executor']) retrieved from /home/airflow/.local/lib/python3.6/site-packages/airflow/example_dags/example_kubernetes_executor.py
[2021-09-21 01:26:24,047] {logging_mixin.py:109} INFO - [2021-09-21 01:26:24,046] {dag.py:1834} INFO - Sync 1 DAGs
[2021-09-21 01:26:24,122] {logging_mixin.py:109} INFO - [2021-09-21 01:26:24,121] {dag.py:2287} INFO - Setting next_dagrun for example_kubernetes_executor to None
[2021-09-21 01:26:24,176] {processor.py:170} INFO - Processing /home/airflow/.local/lib/python3.6/site-packages/airflow/example_dags/example_kubernetes_executor.py took 0.244 seconds
[2021-09-21 01:26:55,019] {processor.py:162} INFO - Started process (PID=1323) to work on /home/airflow/.local/lib/python3.6/site-packages/airflow/example_dags/example_kubernetes_executor.py
[2021-09-21 01:26:55,021] {processor.py:613} INFO - Processing file /home/airflow/.local/lib/python3.6/site-packages/airflow/example_dags/example_kubernetes_executor.py for tasks to queue
[2021-09-21 01:26:55,023] {logging_mixin.py:109} INFO - [2021-09-21 01:26:55,023] {dagbag.py:496} INFO - Filling up the DagBag from /home/airflow/.local/lib/python3.6/site-packages/airflow/example_dags/example_kubernetes_executor.py
[2021-09-21 01:26:55,056] {processor.py:623} INFO - DAG(s) dict_keys(['example_kubernetes_executor']) retrieved from /home/airflow/.local/lib/python3.6/site-packages/airflow/example_dags/example_kubernetes_executor.py
[2021-09-21 01:26:55,091] {logging_mixin.py:109} INFO - [2021-09-21 01:26:55,091] {dag.py:1834} INFO - Sync 1 DAGs
[2021-09-21 01:26:55,109] {logging_mixin.py:109} INFO - [2021-09-21 01:26:55,109] {dag.py:2287} INFO - Setting next_dagrun for example_kubernetes_executor to None
[2021-09-21 01:26:55,124] {processor.py:170} INFO - Processing /home/airflow/.local/lib/python3.6/site-packages/airflow/example_dags/example_kubernetes_executor.py took 0.111 seconds
[2021-09-21 01:27:27,264] {processor.py:162} INFO - Started process (PID=1376) to work on /home/airflow/.local/lib/python3.6/site-packages/airflow/example_dags/example_kubernetes_executor.py
[2021-09-21 01:27:27,303] {processor.py:613} INFO - Processing file /home/airflow/.local/lib/python3.6/site-packages/airflow/example_dags/example_kubernetes_executor.py for tasks to queue
[2021-09-21 01:27:27,309] {logging_mixin.py:109} INFO - [2021-09-21 01:27:27,308] {dagbag.py:496} INFO - Filling up the DagBag from /home/airflow/.local/lib/python3.6/site-packages/airflow/example_dags/example_kubernetes_executor.py
[2021-09-21 01:27:27,413] {processor.py:623} INFO - DAG(s) dict_keys(['example_kubernetes_executor']) retrieved from /home/airflow/.local/lib/python3.6/site-packages/airflow/example_dags/example_kubernetes_executor.py
[2021-09-21 01:27:27,527] {logging_mixin.py:109} INFO - [2021-09-21 01:27:27,527] {dag.py:1834} INFO - Sync 1 DAGs
[2021-09-21 01:27:27,562] {logging_mixin.py:109} INFO - [2021-09-21 01:27:27,562] {dag.py:2287} INFO - Setting next_dagrun for example_kubernetes_executor to None
[2021-09-21 01:27:27,628] {processor.py:170} INFO - Processing /home/airflow/.local/lib/python3.6/site-packages/airflow/example_dags/example_kubernetes_executor.py took 0.402 seconds
[2021-09-21 01:27:57,671] {processor.py:162} INFO - Started process (PID=1428) to work on /home/airflow/.local/lib/python3.6/site-packages/airflow/example_dags/example_kubernetes_executor.py
[2021-09-21 01:27:57,673] {processor.py:613} INFO - Processing file /home/airflow/.local/lib/python3.6/site-packages/airflow/example_dags/example_kubernetes_executor.py for tasks to queue
[2021-09-21 01:27:57,674] {logging_mixin.py:109} INFO - [2021-09-21 01:27:57,674] {dagbag.py:496} INFO - Filling up the DagBag from /home/airflow/.local/lib/python3.6/site-packages/airflow/example_dags/example_kubernetes_executor.py
[2021-09-21 01:27:57,688] {processor.py:623} INFO - DAG(s) dict_keys(['example_kubernetes_executor']) retrieved from /home/airflow/.local/lib/python3.6/site-packages/airflow/example_dags/example_kubernetes_executor.py
[2021-09-21 01:27:57,715] {logging_mixin.py:109} INFO - [2021-09-21 01:27:57,715] {dag.py:1834} INFO - Sync 1 DAGs
[2021-09-21 01:27:57,731] {logging_mixin.py:109} INFO - [2021-09-21 01:27:57,731] {dag.py:2287} INFO - Setting next_dagrun for example_kubernetes_executor to None
[2021-09-21 01:27:57,742] {processor.py:170} INFO - Processing /home/airflow/.local/lib/python3.6/site-packages/airflow/example_dags/example_kubernetes_executor.py took 0.075 seconds
[2021-09-21 01:28:28,217] {processor.py:162} INFO - Started process (PID=1490) to work on /home/airflow/.local/lib/python3.6/site-packages/airflow/example_dags/example_kubernetes_executor.py
[2021-09-21 01:28:28,222] {processor.py:613} INFO - Processing file /home/airflow/.local/lib/python3.6/site-packages/airflow/example_dags/example_kubernetes_executor.py for tasks to queue
[2021-09-21 01:28:28,224] {logging_mixin.py:109} INFO - [2021-09-21 01:28:28,224] {dagbag.py:496} INFO - Filling up the DagBag from /home/airflow/.local/lib/python3.6/site-packages/airflow/example_dags/example_kubernetes_executor.py
[2021-09-21 01:28:28,241] {processor.py:623} INFO - DAG(s) dict_keys(['example_kubernetes_executor']) retrieved from /home/airflow/.local/lib/python3.6/site-packages/airflow/example_dags/example_kubernetes_executor.py
[2021-09-21 01:28:28,275] {logging_mixin.py:109} INFO - [2021-09-21 01:28:28,275] {dag.py:1834} INFO - Sync 1 DAGs
[2021-09-21 01:28:28,300] {logging_mixin.py:109} INFO - [2021-09-21 01:28:28,300] {dag.py:2287} INFO - Setting next_dagrun for example_kubernetes_executor to None
[2021-09-21 01:28:28,317] {processor.py:170} INFO - Processing /home/airflow/.local/lib/python3.6/site-packages/airflow/example_dags/example_kubernetes_executor.py took 0.104 seconds
[2021-09-21 01:28:58,941] {processor.py:162} INFO - Started process (PID=1542) to work on /home/airflow/.local/lib/python3.6/site-packages/airflow/example_dags/example_kubernetes_executor.py
[2021-09-21 01:28:58,944] {processor.py:613} INFO - Processing file /home/airflow/.local/lib/python3.6/site-packages/airflow/example_dags/example_kubernetes_executor.py for tasks to queue
[2021-09-21 01:28:58,945] {logging_mixin.py:109} INFO - [2021-09-21 01:28:58,945] {dagbag.py:496} INFO - Filling up the DagBag from /home/airflow/.local/lib/python3.6/site-packages/airflow/example_dags/example_kubernetes_executor.py
[2021-09-21 01:28:58,962] {processor.py:623} INFO - DAG(s) dict_keys(['example_kubernetes_executor']) retrieved from /home/airflow/.local/lib/python3.6/site-packages/airflow/example_dags/example_kubernetes_executor.py
[2021-09-21 01:28:58,993] {logging_mixin.py:109} INFO - [2021-09-21 01:28:58,993] {dag.py:1834} INFO - Sync 1 DAGs
[2021-09-21 01:28:59,008] {logging_mixin.py:109} INFO - [2021-09-21 01:28:59,008] {dag.py:2287} INFO - Setting next_dagrun for example_kubernetes_executor to None
[2021-09-21 01:28:59,020] {processor.py:170} INFO - Processing /home/airflow/.local/lib/python3.6/site-packages/airflow/example_dags/example_kubernetes_executor.py took 0.084 seconds
[2021-09-21 01:29:29,837] {processor.py:162} INFO - Started process (PID=1607) to work on /home/airflow/.local/lib/python3.6/site-packages/airflow/example_dags/example_kubernetes_executor.py
[2021-09-21 01:29:29,840] {processor.py:613} INFO - Processing file /home/airflow/.local/lib/python3.6/site-packages/airflow/example_dags/example_kubernetes_executor.py for tasks to queue
[2021-09-21 01:29:29,842] {logging_mixin.py:109} INFO - [2021-09-21 01:29:29,841] {dagbag.py:496} INFO - Filling up the DagBag from /home/airflow/.local/lib/python3.6/site-packages/airflow/example_dags/example_kubernetes_executor.py
[2021-09-21 01:29:29,856] {processor.py:623} INFO - DAG(s) dict_keys(['example_kubernetes_executor']) retrieved from /home/airflow/.local/lib/python3.6/site-packages/airflow/example_dags/example_kubernetes_executor.py
[2021-09-21 01:29:29,886] {logging_mixin.py:109} INFO - [2021-09-21 01:29:29,886] {dag.py:1834} INFO - Sync 1 DAGs
[2021-09-21 01:29:29,902] {logging_mixin.py:109} INFO - [2021-09-21 01:29:29,902] {dag.py:2287} INFO - Setting next_dagrun for example_kubernetes_executor to None
[2021-09-21 01:29:29,918] {processor.py:170} INFO - Processing /home/airflow/.local/lib/python3.6/site-packages/airflow/example_dags/example_kubernetes_executor.py took 0.084 seconds
[2021-09-21 01:30:00,180] {processor.py:162} INFO - Started process (PID=1660) to work on /home/airflow/.local/lib/python3.6/site-packages/airflow/example_dags/example_kubernetes_executor.py
[2021-09-21 01:30:00,183] {processor.py:613} INFO - Processing file /home/airflow/.local/lib/python3.6/site-packages/airflow/example_dags/example_kubernetes_executor.py for tasks to queue
[2021-09-21 01:30:00,185] {logging_mixin.py:109} INFO - [2021-09-21 01:30:00,185] {dagbag.py:496} INFO - Filling up the DagBag from /home/airflow/.local/lib/python3.6/site-packages/airflow/example_dags/example_kubernetes_executor.py
[2021-09-21 01:30:00,198] {processor.py:623} INFO - DAG(s) dict_keys(['example_kubernetes_executor']) retrieved from /home/airflow/.local/lib/python3.6/site-packages/airflow/example_dags/example_kubernetes_executor.py
[2021-09-21 01:30:00,218] {logging_mixin.py:109} INFO - [2021-09-21 01:30:00,218] {dag.py:1834} INFO - Sync 1 DAGs
[2021-09-21 01:30:00,232] {logging_mixin.py:109} INFO - [2021-09-21 01:30:00,232] {dag.py:2287} INFO - Setting next_dagrun for example_kubernetes_executor to None
[2021-09-21 01:30:00,242] {processor.py:170} INFO - Processing /home/airflow/.local/lib/python3.6/site-packages/airflow/example_dags/example_kubernetes_executor.py took 0.066 seconds
[2021-09-21 01:30:31,043] {processor.py:162} INFO - Started process (PID=1723) to work on /home/airflow/.local/lib/python3.6/site-packages/airflow/example_dags/example_kubernetes_executor.py
[2021-09-21 01:30:31,045] {processor.py:613} INFO - Processing file /home/airflow/.local/lib/python3.6/site-packages/airflow/example_dags/example_kubernetes_executor.py for tasks to queue
[2021-09-21 01:30:31,047] {logging_mixin.py:109} INFO - [2021-09-21 01:30:31,046] {dagbag.py:496} INFO - Filling up the DagBag from /home/airflow/.local/lib/python3.6/site-packages/airflow/example_dags/example_kubernetes_executor.py
[2021-09-21 01:30:31,063] {processor.py:623} INFO - DAG(s) dict_keys(['example_kubernetes_executor']) retrieved from /home/airflow/.local/lib/python3.6/site-packages/airflow/example_dags/example_kubernetes_executor.py
[2021-09-21 01:30:31,091] {logging_mixin.py:109} INFO - [2021-09-21 01:30:31,090] {dag.py:1834} INFO - Sync 1 DAGs
[2021-09-21 01:30:31,105] {logging_mixin.py:109} INFO - [2021-09-21 01:30:31,105] {dag.py:2287} INFO - Setting next_dagrun for example_kubernetes_executor to None
[2021-09-21 01:30:31,128] {processor.py:170} INFO - Processing /home/airflow/.local/lib/python3.6/site-packages/airflow/example_dags/example_kubernetes_executor.py took 0.091 seconds
[2021-09-21 01:31:01,206] {processor.py:162} INFO - Started process (PID=1786) to work on /home/airflow/.local/lib/python3.6/site-packages/airflow/example_dags/example_kubernetes_executor.py
[2021-09-21 01:31:01,209] {processor.py:613} INFO - Processing file /home/airflow/.local/lib/python3.6/site-packages/airflow/example_dags/example_kubernetes_executor.py for tasks to queue
[2021-09-21 01:31:01,211] {logging_mixin.py:109} INFO - [2021-09-21 01:31:01,211] {dagbag.py:496} INFO - Filling up the DagBag from /home/airflow/.local/lib/python3.6/site-packages/airflow/example_dags/example_kubernetes_executor.py
[2021-09-21 01:31:01,227] {processor.py:623} INFO - DAG(s) dict_keys(['example_kubernetes_executor']) retrieved from /home/airflow/.local/lib/python3.6/site-packages/airflow/example_dags/example_kubernetes_executor.py
[2021-09-21 01:31:01,253] {logging_mixin.py:109} INFO - [2021-09-21 01:31:01,252] {dag.py:1834} INFO - Sync 1 DAGs
[2021-09-21 01:31:01,267] {logging_mixin.py:109} INFO - [2021-09-21 01:31:01,267] {dag.py:2287} INFO - Setting next_dagrun for example_kubernetes_executor to None
[2021-09-21 01:31:01,278] {processor.py:170} INFO - Processing /home/airflow/.local/lib/python3.6/site-packages/airflow/example_dags/example_kubernetes_executor.py took 0.077 seconds
[2021-09-21 01:31:31,477] {processor.py:162} INFO - Started process (PID=1839) to work on /home/airflow/.local/lib/python3.6/site-packages/airflow/example_dags/example_kubernetes_executor.py
[2021-09-21 01:31:31,481] {processor.py:613} INFO - Processing file /home/airflow/.local/lib/python3.6/site-packages/airflow/example_dags/example_kubernetes_executor.py for tasks to queue
[2021-09-21 01:31:31,482] {logging_mixin.py:109} INFO - [2021-09-21 01:31:31,482] {dagbag.py:496} INFO - Filling up the DagBag from /home/airflow/.local/lib/python3.6/site-packages/airflow/example_dags/example_kubernetes_executor.py
[2021-09-21 01:31:31,499] {processor.py:623} INFO - DAG(s) dict_keys(['example_kubernetes_executor']) retrieved from /home/airflow/.local/lib/python3.6/site-packages/airflow/example_dags/example_kubernetes_executor.py
[2021-09-21 01:31:31,524] {logging_mixin.py:109} INFO - [2021-09-21 01:31:31,523] {dag.py:1834} INFO - Sync 1 DAGs
[2021-09-21 01:31:31,539] {logging_mixin.py:109} INFO - [2021-09-21 01:31:31,539] {dag.py:2287} INFO - Setting next_dagrun for example_kubernetes_executor to None
[2021-09-21 01:31:31,550] {processor.py:170} INFO - Processing /home/airflow/.local/lib/python3.6/site-packages/airflow/example_dags/example_kubernetes_executor.py took 0.078 seconds
[2021-09-21 01:32:02,458] {processor.py:162} INFO - Started process (PID=1903) to work on /home/airflow/.local/lib/python3.6/site-packages/airflow/example_dags/example_kubernetes_executor.py
[2021-09-21 01:32:02,460] {processor.py:613} INFO - Processing file /home/airflow/.local/lib/python3.6/site-packages/airflow/example_dags/example_kubernetes_executor.py for tasks to queue
[2021-09-21 01:32:02,462] {logging_mixin.py:109} INFO - [2021-09-21 01:32:02,462] {dagbag.py:496} INFO - Filling up the DagBag from /home/airflow/.local/lib/python3.6/site-packages/airflow/example_dags/example_kubernetes_executor.py
[2021-09-21 01:32:02,477] {processor.py:623} INFO - DAG(s) dict_keys(['example_kubernetes_executor']) retrieved from /home/airflow/.local/lib/python3.6/site-packages/airflow/example_dags/example_kubernetes_executor.py
[2021-09-21 01:32:02,501] {logging_mixin.py:109} INFO - [2021-09-21 01:32:02,501] {dag.py:1834} INFO - Sync 1 DAGs
[2021-09-21 01:32:02,515] {logging_mixin.py:109} INFO - [2021-09-21 01:32:02,515] {dag.py:2287} INFO - Setting next_dagrun for example_kubernetes_executor to None
[2021-09-21 01:32:02,527] {processor.py:170} INFO - Processing /home/airflow/.local/lib/python3.6/site-packages/airflow/example_dags/example_kubernetes_executor.py took 0.073 seconds
[2021-09-21 01:32:33,108] {processor.py:162} INFO - Started process (PID=1954) to work on /home/airflow/.local/lib/python3.6/site-packages/airflow/example_dags/example_kubernetes_executor.py
[2021-09-21 01:32:33,110] {processor.py:613} INFO - Processing file /home/airflow/.local/lib/python3.6/site-packages/airflow/example_dags/example_kubernetes_executor.py for tasks to queue
[2021-09-21 01:32:33,112] {logging_mixin.py:109} INFO - [2021-09-21 01:32:33,112] {dagbag.py:496} INFO - Filling up the DagBag from /home/airflow/.local/lib/python3.6/site-packages/airflow/example_dags/example_kubernetes_executor.py
[2021-09-21 01:32:33,128] {processor.py:623} INFO - DAG(s) dict_keys(['example_kubernetes_executor']) retrieved from /home/airflow/.local/lib/python3.6/site-packages/airflow/example_dags/example_kubernetes_executor.py
[2021-09-21 01:32:33,152] {logging_mixin.py:109} INFO - [2021-09-21 01:32:33,152] {dag.py:1834} INFO - Sync 1 DAGs
[2021-09-21 01:32:33,167] {logging_mixin.py:109} INFO - [2021-09-21 01:32:33,166] {dag.py:2287} INFO - Setting next_dagrun for example_kubernetes_executor to None
[2021-09-21 01:32:33,178] {processor.py:170} INFO - Processing /home/airflow/.local/lib/python3.6/site-packages/airflow/example_dags/example_kubernetes_executor.py took 0.075 seconds
[2021-09-21 01:33:03,795] {processor.py:162} INFO - Started process (PID=2020) to work on /home/airflow/.local/lib/python3.6/site-packages/airflow/example_dags/example_kubernetes_executor.py
[2021-09-21 01:33:03,799] {processor.py:613} INFO - Processing file /home/airflow/.local/lib/python3.6/site-packages/airflow/example_dags/example_kubernetes_executor.py for tasks to queue
[2021-09-21 01:33:03,800] {logging_mixin.py:109} INFO - [2021-09-21 01:33:03,800] {dagbag.py:496} INFO - Filling up the DagBag from /home/airflow/.local/lib/python3.6/site-packages/airflow/example_dags/example_kubernetes_executor.py
[2021-09-21 01:33:03,817] {processor.py:623} INFO - DAG(s) dict_keys(['example_kubernetes_executor']) retrieved from /home/airflow/.local/lib/python3.6/site-packages/airflow/example_dags/example_kubernetes_executor.py
[2021-09-21 01:33:03,848] {logging_mixin.py:109} INFO - [2021-09-21 01:33:03,847] {dag.py:1834} INFO - Sync 1 DAGs
[2021-09-21 01:33:03,866] {logging_mixin.py:109} INFO - [2021-09-21 01:33:03,866] {dag.py:2287} INFO - Setting next_dagrun for example_kubernetes_executor to None
[2021-09-21 01:33:03,879] {processor.py:170} INFO - Processing /home/airflow/.local/lib/python3.6/site-packages/airflow/example_dags/example_kubernetes_executor.py took 0.087 seconds
[2021-09-21 01:33:34,553] {processor.py:162} INFO - Started process (PID=2083) to work on /home/airflow/.local/lib/python3.6/site-packages/airflow/example_dags/example_kubernetes_executor.py
[2021-09-21 01:33:34,555] {processor.py:613} INFO - Processing file /home/airflow/.local/lib/python3.6/site-packages/airflow/example_dags/example_kubernetes_executor.py for tasks to queue
[2021-09-21 01:33:34,557] {logging_mixin.py:109} INFO - [2021-09-21 01:33:34,556] {dagbag.py:496} INFO - Filling up the DagBag from /home/airflow/.local/lib/python3.6/site-packages/airflow/example_dags/example_kubernetes_executor.py
[2021-09-21 01:33:34,586] {processor.py:623} INFO - DAG(s) dict_keys(['example_kubernetes_executor']) retrieved from /home/airflow/.local/lib/python3.6/site-packages/airflow/example_dags/example_kubernetes_executor.py
[2021-09-21 01:33:34,622] {logging_mixin.py:109} INFO - [2021-09-21 01:33:34,621] {dag.py:1834} INFO - Sync 1 DAGs
[2021-09-21 01:33:34,649] {logging_mixin.py:109} INFO - [2021-09-21 01:33:34,649] {dag.py:2287} INFO - Setting next_dagrun for example_kubernetes_executor to None
[2021-09-21 01:33:34,667] {processor.py:170} INFO - Processing /home/airflow/.local/lib/python3.6/site-packages/airflow/example_dags/example_kubernetes_executor.py took 0.124 seconds
[2021-09-21 01:34:05,330] {processor.py:162} INFO - Started process (PID=2137) to work on /home/airflow/.local/lib/python3.6/site-packages/airflow/example_dags/example_kubernetes_executor.py
[2021-09-21 01:34:05,333] {processor.py:613} INFO - Processing file /home/airflow/.local/lib/python3.6/site-packages/airflow/example_dags/example_kubernetes_executor.py for tasks to queue
[2021-09-21 01:34:05,335] {logging_mixin.py:109} INFO - [2021-09-21 01:34:05,335] {dagbag.py:496} INFO - Filling up the DagBag from /home/airflow/.local/lib/python3.6/site-packages/airflow/example_dags/example_kubernetes_executor.py
[2021-09-21 01:34:05,350] {processor.py:623} INFO - DAG(s) dict_keys(['example_kubernetes_executor']) retrieved from /home/airflow/.local/lib/python3.6/site-packages/airflow/example_dags/example_kubernetes_executor.py
[2021-09-21 01:34:05,380] {logging_mixin.py:109} INFO - [2021-09-21 01:34:05,380] {dag.py:1834} INFO - Sync 1 DAGs
[2021-09-21 01:34:05,401] {logging_mixin.py:109} INFO - [2021-09-21 01:34:05,401] {dag.py:2287} INFO - Setting next_dagrun for example_kubernetes_executor to None
[2021-09-21 01:34:05,422] {processor.py:170} INFO - Processing /home/airflow/.local/lib/python3.6/site-packages/airflow/example_dags/example_kubernetes_executor.py took 0.096 seconds
[2021-09-21 01:34:35,936] {processor.py:162} INFO - Started process (PID=2200) to work on /home/airflow/.local/lib/python3.6/site-packages/airflow/example_dags/example_kubernetes_executor.py
[2021-09-21 01:34:35,940] {processor.py:613} INFO - Processing file /home/airflow/.local/lib/python3.6/site-packages/airflow/example_dags/example_kubernetes_executor.py for tasks to queue
[2021-09-21 01:34:35,943] {logging_mixin.py:109} INFO - [2021-09-21 01:34:35,943] {dagbag.py:496} INFO - Filling up the DagBag from /home/airflow/.local/lib/python3.6/site-packages/airflow/example_dags/example_kubernetes_executor.py
[2021-09-21 01:34:35,962] {processor.py:623} INFO - DAG(s) dict_keys(['example_kubernetes_executor']) retrieved from /home/airflow/.local/lib/python3.6/site-packages/airflow/example_dags/example_kubernetes_executor.py
[2021-09-21 01:34:36,005] {logging_mixin.py:109} INFO - [2021-09-21 01:34:36,005] {dag.py:1834} INFO - Sync 1 DAGs
[2021-09-21 01:34:36,022] {logging_mixin.py:109} INFO - [2021-09-21 01:34:36,022] {dag.py:2287} INFO - Setting next_dagrun for example_kubernetes_executor to None
[2021-09-21 01:34:36,034] {processor.py:170} INFO - Processing /home/airflow/.local/lib/python3.6/site-packages/airflow/example_dags/example_kubernetes_executor.py took 0.102 seconds
[2021-09-21 01:35:06,328] {processor.py:162} INFO - Started process (PID=2252) to work on /home/airflow/.local/lib/python3.6/site-packages/airflow/example_dags/example_kubernetes_executor.py
[2021-09-21 01:35:06,331] {processor.py:613} INFO - Processing file /home/airflow/.local/lib/python3.6/site-packages/airflow/example_dags/example_kubernetes_executor.py for tasks to queue
[2021-09-21 01:35:06,332] {logging_mixin.py:109} INFO - [2021-09-21 01:35:06,332] {dagbag.py:496} INFO - Filling up the DagBag from /home/airflow/.local/lib/python3.6/site-packages/airflow/example_dags/example_kubernetes_executor.py
[2021-09-21 01:35:06,348] {processor.py:623} INFO - DAG(s) dict_keys(['example_kubernetes_executor']) retrieved from /home/airflow/.local/lib/python3.6/site-packages/airflow/example_dags/example_kubernetes_executor.py
[2021-09-21 01:35:06,375] {logging_mixin.py:109} INFO - [2021-09-21 01:35:06,375] {dag.py:1834} INFO - Sync 1 DAGs
[2021-09-21 01:35:06,390] {logging_mixin.py:109} INFO - [2021-09-21 01:35:06,390] {dag.py:2287} INFO - Setting next_dagrun for example_kubernetes_executor to None
[2021-09-21 01:35:06,402] {processor.py:170} INFO - Processing /home/airflow/.local/lib/python3.6/site-packages/airflow/example_dags/example_kubernetes_executor.py took 0.078 seconds
[2021-09-21 01:35:36,950] {processor.py:162} INFO - Started process (PID=2316) to work on /home/airflow/.local/lib/python3.6/site-packages/airflow/example_dags/example_kubernetes_executor.py
[2021-09-21 01:35:36,952] {processor.py:613} INFO - Processing file /home/airflow/.local/lib/python3.6/site-packages/airflow/example_dags/example_kubernetes_executor.py for tasks to queue
[2021-09-21 01:35:36,954] {logging_mixin.py:109} INFO - [2021-09-21 01:35:36,954] {dagbag.py:496} INFO - Filling up the DagBag from /home/airflow/.local/lib/python3.6/site-packages/airflow/example_dags/example_kubernetes_executor.py
[2021-09-21 01:35:36,970] {processor.py:623} INFO - DAG(s) dict_keys(['example_kubernetes_executor']) retrieved from /home/airflow/.local/lib/python3.6/site-packages/airflow/example_dags/example_kubernetes_executor.py
[2021-09-21 01:35:36,998] {logging_mixin.py:109} INFO - [2021-09-21 01:35:36,998] {dag.py:1834} INFO - Sync 1 DAGs
[2021-09-21 01:35:37,017] {logging_mixin.py:109} INFO - [2021-09-21 01:35:37,017] {dag.py:2287} INFO - Setting next_dagrun for example_kubernetes_executor to None
[2021-09-21 01:35:37,029] {processor.py:170} INFO - Processing /home/airflow/.local/lib/python3.6/site-packages/airflow/example_dags/example_kubernetes_executor.py took 0.083 seconds
[2021-09-21 01:36:07,838] {processor.py:162} INFO - Started process (PID=2381) to work on /home/airflow/.local/lib/python3.6/site-packages/airflow/example_dags/example_kubernetes_executor.py
[2021-09-21 01:36:07,841] {processor.py:613} INFO - Processing file /home/airflow/.local/lib/python3.6/site-packages/airflow/example_dags/example_kubernetes_executor.py for tasks to queue
[2021-09-21 01:36:07,842] {logging_mixin.py:109} INFO - [2021-09-21 01:36:07,842] {dagbag.py:496} INFO - Filling up the DagBag from /home/airflow/.local/lib/python3.6/site-packages/airflow/example_dags/example_kubernetes_executor.py
[2021-09-21 01:36:07,856] {processor.py:623} INFO - DAG(s) dict_keys(['example_kubernetes_executor']) retrieved from /home/airflow/.local/lib/python3.6/site-packages/airflow/example_dags/example_kubernetes_executor.py
[2021-09-21 01:36:07,904] {logging_mixin.py:109} INFO - [2021-09-21 01:36:07,904] {dag.py:1834} INFO - Sync 1 DAGs
[2021-09-21 01:36:07,933] {logging_mixin.py:109} INFO - [2021-09-21 01:36:07,933] {dag.py:2287} INFO - Setting next_dagrun for example_kubernetes_executor to None
[2021-09-21 01:36:07,947] {processor.py:170} INFO - Processing /home/airflow/.local/lib/python3.6/site-packages/airflow/example_dags/example_kubernetes_executor.py took 0.112 seconds
[2021-09-21 01:36:39,285] {processor.py:162} INFO - Started process (PID=2436) to work on /home/airflow/.local/lib/python3.6/site-packages/airflow/example_dags/example_kubernetes_executor.py
[2021-09-21 01:36:39,399] {processor.py:613} INFO - Processing file /home/airflow/.local/lib/python3.6/site-packages/airflow/example_dags/example_kubernetes_executor.py for tasks to queue
[2021-09-21 01:36:39,409] {logging_mixin.py:109} INFO - [2021-09-21 01:36:39,408] {dagbag.py:496} INFO - Filling up the DagBag from /home/airflow/.local/lib/python3.6/site-packages/airflow/example_dags/example_kubernetes_executor.py
[2021-09-21 01:36:39,503] {processor.py:623} INFO - DAG(s) dict_keys(['example_kubernetes_executor']) retrieved from /home/airflow/.local/lib/python3.6/site-packages/airflow/example_dags/example_kubernetes_executor.py
[2021-09-21 01:36:39,930] {logging_mixin.py:109} INFO - [2021-09-21 01:36:39,928] {dag.py:1834} INFO - Sync 1 DAGs
[2021-09-21 01:36:40,467] {logging_mixin.py:109} INFO - [2021-09-21 01:36:40,462] {dag.py:2287} INFO - Setting next_dagrun for example_kubernetes_executor to None
[2021-09-21 01:36:41,111] {processor.py:170} INFO - Processing /home/airflow/.local/lib/python3.6/site-packages/airflow/example_dags/example_kubernetes_executor.py took 1.886 seconds
[2021-09-21 01:37:12,637] {processor.py:162} INFO - Started process (PID=2490) to work on /home/airflow/.local/lib/python3.6/site-packages/airflow/example_dags/example_kubernetes_executor.py
[2021-09-21 01:37:12,639] {processor.py:613} INFO - Processing file /home/airflow/.local/lib/python3.6/site-packages/airflow/example_dags/example_kubernetes_executor.py for tasks to queue
[2021-09-21 01:37:12,641] {logging_mixin.py:109} INFO - [2021-09-21 01:37:12,641] {dagbag.py:496} INFO - Filling up the DagBag from /home/airflow/.local/lib/python3.6/site-packages/airflow/example_dags/example_kubernetes_executor.py
[2021-09-21 01:37:12,654] {processor.py:623} INFO - DAG(s) dict_keys(['example_kubernetes_executor']) retrieved from /home/airflow/.local/lib/python3.6/site-packages/airflow/example_dags/example_kubernetes_executor.py
[2021-09-21 01:37:12,679] {logging_mixin.py:109} INFO - [2021-09-21 01:37:12,679] {dag.py:1834} INFO - Sync 1 DAGs
[2021-09-21 01:37:12,695] {logging_mixin.py:109} INFO - [2021-09-21 01:37:12,695] {dag.py:2287} INFO - Setting next_dagrun for example_kubernetes_executor to None
[2021-09-21 01:37:12,707] {processor.py:170} INFO - Processing /home/airflow/.local/lib/python3.6/site-packages/airflow/example_dags/example_kubernetes_executor.py took 0.073 seconds
[2021-09-21 01:37:43,644] {processor.py:162} INFO - Started process (PID=2554) to work on /home/airflow/.local/lib/python3.6/site-packages/airflow/example_dags/example_kubernetes_executor.py
[2021-09-21 01:37:43,646] {processor.py:613} INFO - Processing file /home/airflow/.local/lib/python3.6/site-packages/airflow/example_dags/example_kubernetes_executor.py for tasks to queue
[2021-09-21 01:37:43,647] {logging_mixin.py:109} INFO - [2021-09-21 01:37:43,647] {dagbag.py:496} INFO - Filling up the DagBag from /home/airflow/.local/lib/python3.6/site-packages/airflow/example_dags/example_kubernetes_executor.py
[2021-09-21 01:37:43,664] {processor.py:623} INFO - DAG(s) dict_keys(['example_kubernetes_executor']) retrieved from /home/airflow/.local/lib/python3.6/site-packages/airflow/example_dags/example_kubernetes_executor.py
[2021-09-21 01:37:43,690] {logging_mixin.py:109} INFO - [2021-09-21 01:37:43,690] {dag.py:1834} INFO - Sync 1 DAGs
[2021-09-21 01:37:43,706] {logging_mixin.py:109} INFO - [2021-09-21 01:37:43,706] {dag.py:2287} INFO - Setting next_dagrun for example_kubernetes_executor to None
[2021-09-21 01:37:43,720] {processor.py:170} INFO - Processing /home/airflow/.local/lib/python3.6/site-packages/airflow/example_dags/example_kubernetes_executor.py took 0.080 seconds
[2021-09-21 01:38:14,914] {processor.py:162} INFO - Started process (PID=2616) to work on /home/airflow/.local/lib/python3.6/site-packages/airflow/example_dags/example_kubernetes_executor.py
[2021-09-21 01:38:14,932] {processor.py:613} INFO - Processing file /home/airflow/.local/lib/python3.6/site-packages/airflow/example_dags/example_kubernetes_executor.py for tasks to queue
[2021-09-21 01:38:14,945] {logging_mixin.py:109} INFO - [2021-09-21 01:38:14,943] {dagbag.py:496} INFO - Filling up the DagBag from /home/airflow/.local/lib/python3.6/site-packages/airflow/example_dags/example_kubernetes_executor.py
[2021-09-21 01:38:15,021] {processor.py:623} INFO - DAG(s) dict_keys(['example_kubernetes_executor']) retrieved from /home/airflow/.local/lib/python3.6/site-packages/airflow/example_dags/example_kubernetes_executor.py
[2021-09-21 01:38:15,172] {logging_mixin.py:109} INFO - [2021-09-21 01:38:15,172] {dag.py:1834} INFO - Sync 1 DAGs
[2021-09-21 01:38:15,288] {logging_mixin.py:109} INFO - [2021-09-21 01:38:15,288] {dag.py:2287} INFO - Setting next_dagrun for example_kubernetes_executor to None
[2021-09-21 01:38:15,395] {processor.py:170} INFO - Processing /home/airflow/.local/lib/python3.6/site-packages/airflow/example_dags/example_kubernetes_executor.py took 0.521 seconds
[2021-09-21 01:38:45,850] {processor.py:162} INFO - Started process (PID=2671) to work on /home/airflow/.local/lib/python3.6/site-packages/airflow/example_dags/example_kubernetes_executor.py
[2021-09-21 01:38:45,854] {processor.py:613} INFO - Processing file /home/airflow/.local/lib/python3.6/site-packages/airflow/example_dags/example_kubernetes_executor.py for tasks to queue
[2021-09-21 01:38:45,857] {logging_mixin.py:109} INFO - [2021-09-21 01:38:45,856] {dagbag.py:496} INFO - Filling up the DagBag from /home/airflow/.local/lib/python3.6/site-packages/airflow/example_dags/example_kubernetes_executor.py
[2021-09-21 01:38:45,882] {processor.py:623} INFO - DAG(s) dict_keys(['example_kubernetes_executor']) retrieved from /home/airflow/.local/lib/python3.6/site-packages/airflow/example_dags/example_kubernetes_executor.py
[2021-09-21 01:38:45,924] {logging_mixin.py:109} INFO - [2021-09-21 01:38:45,924] {dag.py:1834} INFO - Sync 1 DAGs
[2021-09-21 01:38:45,957] {logging_mixin.py:109} INFO - [2021-09-21 01:38:45,957] {dag.py:2287} INFO - Setting next_dagrun for example_kubernetes_executor to None
[2021-09-21 01:38:45,976] {processor.py:170} INFO - Processing /home/airflow/.local/lib/python3.6/site-packages/airflow/example_dags/example_kubernetes_executor.py took 0.133 seconds
[2021-09-21 01:39:16,053] {processor.py:162} INFO - Started process (PID=2733) to work on /home/airflow/.local/lib/python3.6/site-packages/airflow/example_dags/example_kubernetes_executor.py
[2021-09-21 01:39:16,059] {processor.py:613} INFO - Processing file /home/airflow/.local/lib/python3.6/site-packages/airflow/example_dags/example_kubernetes_executor.py for tasks to queue
[2021-09-21 01:39:16,062] {logging_mixin.py:109} INFO - [2021-09-21 01:39:16,062] {dagbag.py:496} INFO - Filling up the DagBag from /home/airflow/.local/lib/python3.6/site-packages/airflow/example_dags/example_kubernetes_executor.py
[2021-09-21 01:39:16,091] {processor.py:623} INFO - DAG(s) dict_keys(['example_kubernetes_executor']) retrieved from /home/airflow/.local/lib/python3.6/site-packages/airflow/example_dags/example_kubernetes_executor.py
[2021-09-21 01:39:16,132] {logging_mixin.py:109} INFO - [2021-09-21 01:39:16,132] {dag.py:1834} INFO - Sync 1 DAGs
[2021-09-21 01:39:16,165] {logging_mixin.py:109} INFO - [2021-09-21 01:39:16,165] {dag.py:2287} INFO - Setting next_dagrun for example_kubernetes_executor to None
[2021-09-21 01:39:16,186] {processor.py:170} INFO - Processing /home/airflow/.local/lib/python3.6/site-packages/airflow/example_dags/example_kubernetes_executor.py took 0.143 seconds
[2021-09-21 01:39:46,404] {processor.py:162} INFO - Started process (PID=2786) to work on /home/airflow/.local/lib/python3.6/site-packages/airflow/example_dags/example_kubernetes_executor.py
[2021-09-21 01:39:46,406] {processor.py:613} INFO - Processing file /home/airflow/.local/lib/python3.6/site-packages/airflow/example_dags/example_kubernetes_executor.py for tasks to queue
[2021-09-21 01:39:46,407] {logging_mixin.py:109} INFO - [2021-09-21 01:39:46,407] {dagbag.py:496} INFO - Filling up the DagBag from /home/airflow/.local/lib/python3.6/site-packages/airflow/example_dags/example_kubernetes_executor.py
[2021-09-21 01:39:46,420] {processor.py:623} INFO - DAG(s) dict_keys(['example_kubernetes_executor']) retrieved from /home/airflow/.local/lib/python3.6/site-packages/airflow/example_dags/example_kubernetes_executor.py
[2021-09-21 01:39:46,444] {logging_mixin.py:109} INFO - [2021-09-21 01:39:46,444] {dag.py:1834} INFO - Sync 1 DAGs
[2021-09-21 01:39:46,460] {logging_mixin.py:109} INFO - [2021-09-21 01:39:46,460] {dag.py:2287} INFO - Setting next_dagrun for example_kubernetes_executor to None
[2021-09-21 01:39:46,472] {processor.py:170} INFO - Processing /home/airflow/.local/lib/python3.6/site-packages/airflow/example_dags/example_kubernetes_executor.py took 0.071 seconds
[2021-09-21 01:40:17,290] {processor.py:162} INFO - Started process (PID=2849) to work on /home/airflow/.local/lib/python3.6/site-packages/airflow/example_dags/example_kubernetes_executor.py
[2021-09-21 01:40:17,293] {processor.py:613} INFO - Processing file /home/airflow/.local/lib/python3.6/site-packages/airflow/example_dags/example_kubernetes_executor.py for tasks to queue
[2021-09-21 01:40:17,296] {logging_mixin.py:109} INFO - [2021-09-21 01:40:17,296] {dagbag.py:496} INFO - Filling up the DagBag from /home/airflow/.local/lib/python3.6/site-packages/airflow/example_dags/example_kubernetes_executor.py
[2021-09-21 01:40:17,312] {processor.py:623} INFO - DAG(s) dict_keys(['example_kubernetes_executor']) retrieved from /home/airflow/.local/lib/python3.6/site-packages/airflow/example_dags/example_kubernetes_executor.py
[2021-09-21 01:40:17,346] {logging_mixin.py:109} INFO - [2021-09-21 01:40:17,345] {dag.py:1834} INFO - Sync 1 DAGs
[2021-09-21 01:40:17,364] {logging_mixin.py:109} INFO - [2021-09-21 01:40:17,364] {dag.py:2287} INFO - Setting next_dagrun for example_kubernetes_executor to None
[2021-09-21 01:40:17,385] {processor.py:170} INFO - Processing /home/airflow/.local/lib/python3.6/site-packages/airflow/example_dags/example_kubernetes_executor.py took 0.099 seconds
[2021-09-21 01:40:48,135] {processor.py:162} INFO - Started process (PID=2901) to work on /home/airflow/.local/lib/python3.6/site-packages/airflow/example_dags/example_kubernetes_executor.py
[2021-09-21 01:40:48,137] {processor.py:613} INFO - Processing file /home/airflow/.local/lib/python3.6/site-packages/airflow/example_dags/example_kubernetes_executor.py for tasks to queue
[2021-09-21 01:40:48,138] {logging_mixin.py:109} INFO - [2021-09-21 01:40:48,138] {dagbag.py:496} INFO - Filling up the DagBag from /home/airflow/.local/lib/python3.6/site-packages/airflow/example_dags/example_kubernetes_executor.py
[2021-09-21 01:40:48,155] {processor.py:623} INFO - DAG(s) dict_keys(['example_kubernetes_executor']) retrieved from /home/airflow/.local/lib/python3.6/site-packages/airflow/example_dags/example_kubernetes_executor.py
[2021-09-21 01:40:48,181] {logging_mixin.py:109} INFO - [2021-09-21 01:40:48,181] {dag.py:1834} INFO - Sync 1 DAGs
[2021-09-21 01:40:48,197] {logging_mixin.py:109} INFO - [2021-09-21 01:40:48,197] {dag.py:2287} INFO - Setting next_dagrun for example_kubernetes_executor to None
[2021-09-21 01:40:48,208] {processor.py:170} INFO - Processing /home/airflow/.local/lib/python3.6/site-packages/airflow/example_dags/example_kubernetes_executor.py took 0.078 seconds
[2021-09-21 01:41:19,005] {processor.py:162} INFO - Started process (PID=2965) to work on /home/airflow/.local/lib/python3.6/site-packages/airflow/example_dags/example_kubernetes_executor.py
[2021-09-21 01:41:19,007] {processor.py:613} INFO - Processing file /home/airflow/.local/lib/python3.6/site-packages/airflow/example_dags/example_kubernetes_executor.py for tasks to queue
[2021-09-21 01:41:19,008] {logging_mixin.py:109} INFO - [2021-09-21 01:41:19,008] {dagbag.py:496} INFO - Filling up the DagBag from /home/airflow/.local/lib/python3.6/site-packages/airflow/example_dags/example_kubernetes_executor.py
[2021-09-21 01:41:19,024] {processor.py:623} INFO - DAG(s) dict_keys(['example_kubernetes_executor']) retrieved from /home/airflow/.local/lib/python3.6/site-packages/airflow/example_dags/example_kubernetes_executor.py
[2021-09-21 01:41:19,053] {logging_mixin.py:109} INFO - [2021-09-21 01:41:19,053] {dag.py:1834} INFO - Sync 1 DAGs
[2021-09-21 01:41:19,069] {logging_mixin.py:109} INFO - [2021-09-21 01:41:19,069] {dag.py:2287} INFO - Setting next_dagrun for example_kubernetes_executor to None
[2021-09-21 01:41:19,080] {processor.py:170} INFO - Processing /home/airflow/.local/lib/python3.6/site-packages/airflow/example_dags/example_kubernetes_executor.py took 0.080 seconds
[2021-09-21 01:41:49,199] {processor.py:162} INFO - Started process (PID=3030) to work on /home/airflow/.local/lib/python3.6/site-packages/airflow/example_dags/example_kubernetes_executor.py
[2021-09-21 01:41:49,202] {processor.py:613} INFO - Processing file /home/airflow/.local/lib/python3.6/site-packages/airflow/example_dags/example_kubernetes_executor.py for tasks to queue
[2021-09-21 01:41:49,204] {logging_mixin.py:109} INFO - [2021-09-21 01:41:49,204] {dagbag.py:496} INFO - Filling up the DagBag from /home/airflow/.local/lib/python3.6/site-packages/airflow/example_dags/example_kubernetes_executor.py
[2021-09-21 01:41:49,221] {processor.py:623} INFO - DAG(s) dict_keys(['example_kubernetes_executor']) retrieved from /home/airflow/.local/lib/python3.6/site-packages/airflow/example_dags/example_kubernetes_executor.py
[2021-09-21 01:41:49,249] {logging_mixin.py:109} INFO - [2021-09-21 01:41:49,248] {dag.py:1834} INFO - Sync 1 DAGs
[2021-09-21 01:41:49,264] {logging_mixin.py:109} INFO - [2021-09-21 01:41:49,264] {dag.py:2287} INFO - Setting next_dagrun for example_kubernetes_executor to None
[2021-09-21 01:41:49,276] {processor.py:170} INFO - Processing /home/airflow/.local/lib/python3.6/site-packages/airflow/example_dags/example_kubernetes_executor.py took 0.082 seconds
[2021-09-21 01:42:19,389] {processor.py:162} INFO - Started process (PID=3085) to work on /home/airflow/.local/lib/python3.6/site-packages/airflow/example_dags/example_kubernetes_executor.py
[2021-09-21 01:42:19,391] {processor.py:613} INFO - Processing file /home/airflow/.local/lib/python3.6/site-packages/airflow/example_dags/example_kubernetes_executor.py for tasks to queue
[2021-09-21 01:42:19,393] {logging_mixin.py:109} INFO - [2021-09-21 01:42:19,393] {dagbag.py:496} INFO - Filling up the DagBag from /home/airflow/.local/lib/python3.6/site-packages/airflow/example_dags/example_kubernetes_executor.py
[2021-09-21 01:42:19,409] {processor.py:623} INFO - DAG(s) dict_keys(['example_kubernetes_executor']) retrieved from /home/airflow/.local/lib/python3.6/site-packages/airflow/example_dags/example_kubernetes_executor.py
[2021-09-21 01:42:19,435] {logging_mixin.py:109} INFO - [2021-09-21 01:42:19,434] {dag.py:1834} INFO - Sync 1 DAGs
[2021-09-21 01:42:19,451] {logging_mixin.py:109} INFO - [2021-09-21 01:42:19,451] {dag.py:2287} INFO - Setting next_dagrun for example_kubernetes_executor to None
[2021-09-21 01:42:19,464] {processor.py:170} INFO - Processing /home/airflow/.local/lib/python3.6/site-packages/airflow/example_dags/example_kubernetes_executor.py took 0.079 seconds
[2021-09-21 01:42:49,659] {processor.py:162} INFO - Started process (PID=3150) to work on /home/airflow/.local/lib/python3.6/site-packages/airflow/example_dags/example_kubernetes_executor.py
[2021-09-21 01:42:49,663] {processor.py:613} INFO - Processing file /home/airflow/.local/lib/python3.6/site-packages/airflow/example_dags/example_kubernetes_executor.py for tasks to queue
[2021-09-21 01:42:49,665] {logging_mixin.py:109} INFO - [2021-09-21 01:42:49,665] {dagbag.py:496} INFO - Filling up the DagBag from /home/airflow/.local/lib/python3.6/site-packages/airflow/example_dags/example_kubernetes_executor.py
[2021-09-21 01:42:49,680] {processor.py:623} INFO - DAG(s) dict_keys(['example_kubernetes_executor']) retrieved from /home/airflow/.local/lib/python3.6/site-packages/airflow/example_dags/example_kubernetes_executor.py
[2021-09-21 01:42:49,705] {logging_mixin.py:109} INFO - [2021-09-21 01:42:49,705] {dag.py:1834} INFO - Sync 1 DAGs
[2021-09-21 01:42:49,721] {logging_mixin.py:109} INFO - [2021-09-21 01:42:49,721] {dag.py:2287} INFO - Setting next_dagrun for example_kubernetes_executor to None
[2021-09-21 01:42:49,733] {processor.py:170} INFO - Processing /home/airflow/.local/lib/python3.6/site-packages/airflow/example_dags/example_kubernetes_executor.py took 0.078 seconds
[2021-09-21 01:43:22,929] {processor.py:162} INFO - Started process (PID=3201) to work on /home/airflow/.local/lib/python3.6/site-packages/airflow/example_dags/example_kubernetes_executor.py
[2021-09-21 01:43:22,958] {processor.py:613} INFO - Processing file /home/airflow/.local/lib/python3.6/site-packages/airflow/example_dags/example_kubernetes_executor.py for tasks to queue
[2021-09-21 01:43:22,990] {logging_mixin.py:109} INFO - [2021-09-21 01:43:22,985] {dagbag.py:496} INFO - Filling up the DagBag from /home/airflow/.local/lib/python3.6/site-packages/airflow/example_dags/example_kubernetes_executor.py
[2021-09-21 01:43:23,335] {processor.py:623} INFO - DAG(s) dict_keys(['example_kubernetes_executor']) retrieved from /home/airflow/.local/lib/python3.6/site-packages/airflow/example_dags/example_kubernetes_executor.py
[2021-09-21 01:43:23,646] {logging_mixin.py:109} INFO - [2021-09-21 01:43:23,646] {dag.py:1834} INFO - Sync 1 DAGs
[2021-09-21 01:43:23,751] {logging_mixin.py:109} INFO - [2021-09-21 01:43:23,751] {dag.py:2287} INFO - Setting next_dagrun for example_kubernetes_executor to None
[2021-09-21 01:43:23,821] {processor.py:170} INFO - Processing /home/airflow/.local/lib/python3.6/site-packages/airflow/example_dags/example_kubernetes_executor.py took 1.123 seconds
[2021-09-21 01:43:54,600] {processor.py:162} INFO - Started process (PID=3263) to work on /home/airflow/.local/lib/python3.6/site-packages/airflow/example_dags/example_kubernetes_executor.py
[2021-09-21 01:43:54,604] {processor.py:613} INFO - Processing file /home/airflow/.local/lib/python3.6/site-packages/airflow/example_dags/example_kubernetes_executor.py for tasks to queue
[2021-09-21 01:43:54,606] {logging_mixin.py:109} INFO - [2021-09-21 01:43:54,606] {dagbag.py:496} INFO - Filling up the DagBag from /home/airflow/.local/lib/python3.6/site-packages/airflow/example_dags/example_kubernetes_executor.py
[2021-09-21 01:43:54,622] {processor.py:623} INFO - DAG(s) dict_keys(['example_kubernetes_executor']) retrieved from /home/airflow/.local/lib/python3.6/site-packages/airflow/example_dags/example_kubernetes_executor.py
[2021-09-21 01:43:54,647] {logging_mixin.py:109} INFO - [2021-09-21 01:43:54,647] {dag.py:1834} INFO - Sync 1 DAGs
[2021-09-21 01:43:54,662] {logging_mixin.py:109} INFO - [2021-09-21 01:43:54,662] {dag.py:2287} INFO - Setting next_dagrun for example_kubernetes_executor to None
[2021-09-21 01:43:54,673] {processor.py:170} INFO - Processing /home/airflow/.local/lib/python3.6/site-packages/airflow/example_dags/example_kubernetes_executor.py took 0.078 seconds
[2021-09-21 01:44:25,320] {processor.py:162} INFO - Started process (PID=3327) to work on /home/airflow/.local/lib/python3.6/site-packages/airflow/example_dags/example_kubernetes_executor.py
[2021-09-21 01:44:25,322] {processor.py:613} INFO - Processing file /home/airflow/.local/lib/python3.6/site-packages/airflow/example_dags/example_kubernetes_executor.py for tasks to queue
[2021-09-21 01:44:25,324] {logging_mixin.py:109} INFO - [2021-09-21 01:44:25,324] {dagbag.py:496} INFO - Filling up the DagBag from /home/airflow/.local/lib/python3.6/site-packages/airflow/example_dags/example_kubernetes_executor.py
[2021-09-21 01:44:25,340] {processor.py:623} INFO - DAG(s) dict_keys(['example_kubernetes_executor']) retrieved from /home/airflow/.local/lib/python3.6/site-packages/airflow/example_dags/example_kubernetes_executor.py
[2021-09-21 01:44:25,365] {logging_mixin.py:109} INFO - [2021-09-21 01:44:25,365] {dag.py:1834} INFO - Sync 1 DAGs
[2021-09-21 01:44:25,380] {logging_mixin.py:109} INFO - [2021-09-21 01:44:25,380] {dag.py:2287} INFO - Setting next_dagrun for example_kubernetes_executor to None
[2021-09-21 01:44:25,391] {processor.py:170} INFO - Processing /home/airflow/.local/lib/python3.6/site-packages/airflow/example_dags/example_kubernetes_executor.py took 0.075 seconds
[2021-09-21 01:44:56,249] {processor.py:162} INFO - Started process (PID=3379) to work on /home/airflow/.local/lib/python3.6/site-packages/airflow/example_dags/example_kubernetes_executor.py
[2021-09-21 01:44:56,251] {processor.py:613} INFO - Processing file /home/airflow/.local/lib/python3.6/site-packages/airflow/example_dags/example_kubernetes_executor.py for tasks to queue
[2021-09-21 01:44:56,252] {logging_mixin.py:109} INFO - [2021-09-21 01:44:56,252] {dagbag.py:496} INFO - Filling up the DagBag from /home/airflow/.local/lib/python3.6/site-packages/airflow/example_dags/example_kubernetes_executor.py
[2021-09-21 01:44:56,269] {processor.py:623} INFO - DAG(s) dict_keys(['example_kubernetes_executor']) retrieved from /home/airflow/.local/lib/python3.6/site-packages/airflow/example_dags/example_kubernetes_executor.py
[2021-09-21 01:44:56,296] {logging_mixin.py:109} INFO - [2021-09-21 01:44:56,295] {dag.py:1834} INFO - Sync 1 DAGs
[2021-09-21 01:44:56,314] {logging_mixin.py:109} INFO - [2021-09-21 01:44:56,314] {dag.py:2287} INFO - Setting next_dagrun for example_kubernetes_executor to None
[2021-09-21 01:44:56,326] {processor.py:170} INFO - Processing /home/airflow/.local/lib/python3.6/site-packages/airflow/example_dags/example_kubernetes_executor.py took 0.082 seconds
[2021-09-21 01:45:27,240] {processor.py:162} INFO - Started process (PID=3443) to work on /home/airflow/.local/lib/python3.6/site-packages/airflow/example_dags/example_kubernetes_executor.py
[2021-09-21 01:45:27,242] {processor.py:613} INFO - Processing file /home/airflow/.local/lib/python3.6/site-packages/airflow/example_dags/example_kubernetes_executor.py for tasks to queue
[2021-09-21 01:45:27,245] {logging_mixin.py:109} INFO - [2021-09-21 01:45:27,244] {dagbag.py:496} INFO - Filling up the DagBag from /home/airflow/.local/lib/python3.6/site-packages/airflow/example_dags/example_kubernetes_executor.py
[2021-09-21 01:45:27,266] {processor.py:623} INFO - DAG(s) dict_keys(['example_kubernetes_executor']) retrieved from /home/airflow/.local/lib/python3.6/site-packages/airflow/example_dags/example_kubernetes_executor.py
[2021-09-21 01:45:27,300] {logging_mixin.py:109} INFO - [2021-09-21 01:45:27,300] {dag.py:1834} INFO - Sync 1 DAGs
[2021-09-21 01:45:27,319] {logging_mixin.py:109} INFO - [2021-09-21 01:45:27,319] {dag.py:2287} INFO - Setting next_dagrun for example_kubernetes_executor to None
[2021-09-21 01:45:27,329] {processor.py:170} INFO - Processing /home/airflow/.local/lib/python3.6/site-packages/airflow/example_dags/example_kubernetes_executor.py took 0.095 seconds
[2021-09-21 01:45:58,108] {processor.py:162} INFO - Started process (PID=3506) to work on /home/airflow/.local/lib/python3.6/site-packages/airflow/example_dags/example_kubernetes_executor.py
[2021-09-21 01:45:58,110] {processor.py:613} INFO - Processing file /home/airflow/.local/lib/python3.6/site-packages/airflow/example_dags/example_kubernetes_executor.py for tasks to queue
[2021-09-21 01:45:58,111] {logging_mixin.py:109} INFO - [2021-09-21 01:45:58,111] {dagbag.py:496} INFO - Filling up the DagBag from /home/airflow/.local/lib/python3.6/site-packages/airflow/example_dags/example_kubernetes_executor.py
[2021-09-21 01:45:58,128] {processor.py:623} INFO - DAG(s) dict_keys(['example_kubernetes_executor']) retrieved from /home/airflow/.local/lib/python3.6/site-packages/airflow/example_dags/example_kubernetes_executor.py
[2021-09-21 01:45:58,152] {logging_mixin.py:109} INFO - [2021-09-21 01:45:58,152] {dag.py:1834} INFO - Sync 1 DAGs
[2021-09-21 01:45:58,179] {logging_mixin.py:109} INFO - [2021-09-21 01:45:58,179] {dag.py:2287} INFO - Setting next_dagrun for example_kubernetes_executor to None
[2021-09-21 01:45:58,188] {processor.py:170} INFO - Processing /home/airflow/.local/lib/python3.6/site-packages/airflow/example_dags/example_kubernetes_executor.py took 0.085 seconds
[2021-09-21 01:46:29,187] {processor.py:162} INFO - Started process (PID=3558) to work on /home/airflow/.local/lib/python3.6/site-packages/airflow/example_dags/example_kubernetes_executor.py
[2021-09-21 01:46:29,190] {processor.py:613} INFO - Processing file /home/airflow/.local/lib/python3.6/site-packages/airflow/example_dags/example_kubernetes_executor.py for tasks to queue
[2021-09-21 01:46:29,192] {logging_mixin.py:109} INFO - [2021-09-21 01:46:29,192] {dagbag.py:496} INFO - Filling up the DagBag from /home/airflow/.local/lib/python3.6/site-packages/airflow/example_dags/example_kubernetes_executor.py
[2021-09-21 01:46:29,211] {processor.py:623} INFO - DAG(s) dict_keys(['example_kubernetes_executor']) retrieved from /home/airflow/.local/lib/python3.6/site-packages/airflow/example_dags/example_kubernetes_executor.py
[2021-09-21 01:46:29,241] {logging_mixin.py:109} INFO - [2021-09-21 01:46:29,241] {dag.py:1834} INFO - Sync 1 DAGs
[2021-09-21 01:46:29,261] {logging_mixin.py:109} INFO - [2021-09-21 01:46:29,261] {dag.py:2287} INFO - Setting next_dagrun for example_kubernetes_executor to None
[2021-09-21 01:46:29,279] {processor.py:170} INFO - Processing /home/airflow/.local/lib/python3.6/site-packages/airflow/example_dags/example_kubernetes_executor.py took 0.097 seconds
[2021-09-21 01:47:00,174] {processor.py:162} INFO - Started process (PID=3624) to work on /home/airflow/.local/lib/python3.6/site-packages/airflow/example_dags/example_kubernetes_executor.py
[2021-09-21 01:47:00,176] {processor.py:613} INFO - Processing file /home/airflow/.local/lib/python3.6/site-packages/airflow/example_dags/example_kubernetes_executor.py for tasks to queue
[2021-09-21 01:47:00,178] {logging_mixin.py:109} INFO - [2021-09-21 01:47:00,178] {dagbag.py:496} INFO - Filling up the DagBag from /home/airflow/.local/lib/python3.6/site-packages/airflow/example_dags/example_kubernetes_executor.py
[2021-09-21 01:47:00,195] {processor.py:623} INFO - DAG(s) dict_keys(['example_kubernetes_executor']) retrieved from /home/airflow/.local/lib/python3.6/site-packages/airflow/example_dags/example_kubernetes_executor.py
[2021-09-21 01:47:00,223] {logging_mixin.py:109} INFO - [2021-09-21 01:47:00,222] {dag.py:1834} INFO - Sync 1 DAGs
[2021-09-21 01:47:00,241] {logging_mixin.py:109} INFO - [2021-09-21 01:47:00,241] {dag.py:2287} INFO - Setting next_dagrun for example_kubernetes_executor to None
[2021-09-21 01:47:00,255] {processor.py:170} INFO - Processing /home/airflow/.local/lib/python3.6/site-packages/airflow/example_dags/example_kubernetes_executor.py took 0.086 seconds
[2021-09-21 01:47:30,330] {processor.py:162} INFO - Started process (PID=3678) to work on /home/airflow/.local/lib/python3.6/site-packages/airflow/example_dags/example_kubernetes_executor.py
[2021-09-21 01:47:30,334] {processor.py:613} INFO - Processing file /home/airflow/.local/lib/python3.6/site-packages/airflow/example_dags/example_kubernetes_executor.py for tasks to queue
[2021-09-21 01:47:30,336] {logging_mixin.py:109} INFO - [2021-09-21 01:47:30,336] {dagbag.py:496} INFO - Filling up the DagBag from /home/airflow/.local/lib/python3.6/site-packages/airflow/example_dags/example_kubernetes_executor.py
[2021-09-21 01:47:30,357] {processor.py:623} INFO - DAG(s) dict_keys(['example_kubernetes_executor']) retrieved from /home/airflow/.local/lib/python3.6/site-packages/airflow/example_dags/example_kubernetes_executor.py
[2021-09-21 01:47:30,395] {logging_mixin.py:109} INFO - [2021-09-21 01:47:30,395] {dag.py:1834} INFO - Sync 1 DAGs
[2021-09-21 01:47:30,416] {logging_mixin.py:109} INFO - [2021-09-21 01:47:30,416] {dag.py:2287} INFO - Setting next_dagrun for example_kubernetes_executor to None
[2021-09-21 01:47:30,431] {processor.py:170} INFO - Processing /home/airflow/.local/lib/python3.6/site-packages/airflow/example_dags/example_kubernetes_executor.py took 0.105 seconds
[2021-09-21 01:48:00,787] {processor.py:162} INFO - Started process (PID=3742) to work on /home/airflow/.local/lib/python3.6/site-packages/airflow/example_dags/example_kubernetes_executor.py
[2021-09-21 01:48:00,789] {processor.py:613} INFO - Processing file /home/airflow/.local/lib/python3.6/site-packages/airflow/example_dags/example_kubernetes_executor.py for tasks to queue
[2021-09-21 01:48:00,790] {logging_mixin.py:109} INFO - [2021-09-21 01:48:00,790] {dagbag.py:496} INFO - Filling up the DagBag from /home/airflow/.local/lib/python3.6/site-packages/airflow/example_dags/example_kubernetes_executor.py
[2021-09-21 01:48:00,803] {processor.py:623} INFO - DAG(s) dict_keys(['example_kubernetes_executor']) retrieved from /home/airflow/.local/lib/python3.6/site-packages/airflow/example_dags/example_kubernetes_executor.py
[2021-09-21 01:48:00,830] {logging_mixin.py:109} INFO - [2021-09-21 01:48:00,829] {dag.py:1834} INFO - Sync 1 DAGs
[2021-09-21 01:48:00,862] {logging_mixin.py:109} INFO - [2021-09-21 01:48:00,862] {dag.py:2287} INFO - Setting next_dagrun for example_kubernetes_executor to None
[2021-09-21 01:48:00,872] {processor.py:170} INFO - Processing /home/airflow/.local/lib/python3.6/site-packages/airflow/example_dags/example_kubernetes_executor.py took 0.089 seconds
[2021-09-21 01:48:31,139] {processor.py:162} INFO - Started process (PID=3807) to work on /home/airflow/.local/lib/python3.6/site-packages/airflow/example_dags/example_kubernetes_executor.py
[2021-09-21 01:48:31,141] {processor.py:613} INFO - Processing file /home/airflow/.local/lib/python3.6/site-packages/airflow/example_dags/example_kubernetes_executor.py for tasks to queue
[2021-09-21 01:48:31,143] {logging_mixin.py:109} INFO - [2021-09-21 01:48:31,143] {dagbag.py:496} INFO - Filling up the DagBag from /home/airflow/.local/lib/python3.6/site-packages/airflow/example_dags/example_kubernetes_executor.py
[2021-09-21 01:48:31,159] {processor.py:623} INFO - DAG(s) dict_keys(['example_kubernetes_executor']) retrieved from /home/airflow/.local/lib/python3.6/site-packages/airflow/example_dags/example_kubernetes_executor.py
[2021-09-21 01:48:31,187] {logging_mixin.py:109} INFO - [2021-09-21 01:48:31,187] {dag.py:1834} INFO - Sync 1 DAGs
[2021-09-21 01:48:31,204] {logging_mixin.py:109} INFO - [2021-09-21 01:48:31,204] {dag.py:2287} INFO - Setting next_dagrun for example_kubernetes_executor to None
[2021-09-21 01:48:31,216] {processor.py:170} INFO - Processing /home/airflow/.local/lib/python3.6/site-packages/airflow/example_dags/example_kubernetes_executor.py took 0.082 seconds
[2021-09-21 01:49:01,454] {processor.py:162} INFO - Started process (PID=3859) to work on /home/airflow/.local/lib/python3.6/site-packages/airflow/example_dags/example_kubernetes_executor.py
[2021-09-21 01:49:01,457] {processor.py:613} INFO - Processing file /home/airflow/.local/lib/python3.6/site-packages/airflow/example_dags/example_kubernetes_executor.py for tasks to queue
[2021-09-21 01:49:01,459] {logging_mixin.py:109} INFO - [2021-09-21 01:49:01,459] {dagbag.py:496} INFO - Filling up the DagBag from /home/airflow/.local/lib/python3.6/site-packages/airflow/example_dags/example_kubernetes_executor.py
[2021-09-21 01:49:01,474] {processor.py:623} INFO - DAG(s) dict_keys(['example_kubernetes_executor']) retrieved from /home/airflow/.local/lib/python3.6/site-packages/airflow/example_dags/example_kubernetes_executor.py
[2021-09-21 01:49:01,500] {logging_mixin.py:109} INFO - [2021-09-21 01:49:01,500] {dag.py:1834} INFO - Sync 1 DAGs
[2021-09-21 01:49:01,515] {logging_mixin.py:109} INFO - [2021-09-21 01:49:01,515] {dag.py:2287} INFO - Setting next_dagrun for example_kubernetes_executor to None
[2021-09-21 01:49:01,526] {processor.py:170} INFO - Processing /home/airflow/.local/lib/python3.6/site-packages/airflow/example_dags/example_kubernetes_executor.py took 0.078 seconds
[2021-09-21 01:49:31,847] {processor.py:162} INFO - Started process (PID=3922) to work on /home/airflow/.local/lib/python3.6/site-packages/airflow/example_dags/example_kubernetes_executor.py
[2021-09-21 01:49:31,850] {processor.py:613} INFO - Processing file /home/airflow/.local/lib/python3.6/site-packages/airflow/example_dags/example_kubernetes_executor.py for tasks to queue
[2021-09-21 01:49:31,851] {logging_mixin.py:109} INFO - [2021-09-21 01:49:31,851] {dagbag.py:496} INFO - Filling up the DagBag from /home/airflow/.local/lib/python3.6/site-packages/airflow/example_dags/example_kubernetes_executor.py
[2021-09-21 01:49:31,873] {processor.py:623} INFO - DAG(s) dict_keys(['example_kubernetes_executor']) retrieved from /home/airflow/.local/lib/python3.6/site-packages/airflow/example_dags/example_kubernetes_executor.py
[2021-09-21 01:49:31,897] {logging_mixin.py:109} INFO - [2021-09-21 01:49:31,897] {dag.py:1834} INFO - Sync 1 DAGs
[2021-09-21 01:49:31,912] {logging_mixin.py:109} INFO - [2021-09-21 01:49:31,911] {dag.py:2287} INFO - Setting next_dagrun for example_kubernetes_executor to None
[2021-09-21 01:49:31,922] {processor.py:170} INFO - Processing /home/airflow/.local/lib/python3.6/site-packages/airflow/example_dags/example_kubernetes_executor.py took 0.080 seconds
[2021-09-21 01:50:02,097] {processor.py:162} INFO - Started process (PID=3983) to work on /home/airflow/.local/lib/python3.6/site-packages/airflow/example_dags/example_kubernetes_executor.py
[2021-09-21 01:50:02,099] {processor.py:613} INFO - Processing file /home/airflow/.local/lib/python3.6/site-packages/airflow/example_dags/example_kubernetes_executor.py for tasks to queue
[2021-09-21 01:50:02,101] {logging_mixin.py:109} INFO - [2021-09-21 01:50:02,100] {dagbag.py:496} INFO - Filling up the DagBag from /home/airflow/.local/lib/python3.6/site-packages/airflow/example_dags/example_kubernetes_executor.py
[2021-09-21 01:50:02,118] {processor.py:623} INFO - DAG(s) dict_keys(['example_kubernetes_executor']) retrieved from /home/airflow/.local/lib/python3.6/site-packages/airflow/example_dags/example_kubernetes_executor.py
[2021-09-21 01:50:02,144] {logging_mixin.py:109} INFO - [2021-09-21 01:50:02,144] {dag.py:1834} INFO - Sync 1 DAGs
[2021-09-21 01:50:02,160] {logging_mixin.py:109} INFO - [2021-09-21 01:50:02,160] {dag.py:2287} INFO - Setting next_dagrun for example_kubernetes_executor to None
[2021-09-21 01:50:02,171] {processor.py:170} INFO - Processing /home/airflow/.local/lib/python3.6/site-packages/airflow/example_dags/example_kubernetes_executor.py took 0.078 seconds
[2021-09-21 01:50:32,981] {processor.py:162} INFO - Started process (PID=4037) to work on /home/airflow/.local/lib/python3.6/site-packages/airflow/example_dags/example_kubernetes_executor.py
[2021-09-21 01:50:32,985] {processor.py:613} INFO - Processing file /home/airflow/.local/lib/python3.6/site-packages/airflow/example_dags/example_kubernetes_executor.py for tasks to queue
[2021-09-21 01:50:32,986] {logging_mixin.py:109} INFO - [2021-09-21 01:50:32,986] {dagbag.py:496} INFO - Filling up the DagBag from /home/airflow/.local/lib/python3.6/site-packages/airflow/example_dags/example_kubernetes_executor.py
[2021-09-21 01:50:33,001] {processor.py:623} INFO - DAG(s) dict_keys(['example_kubernetes_executor']) retrieved from /home/airflow/.local/lib/python3.6/site-packages/airflow/example_dags/example_kubernetes_executor.py
[2021-09-21 01:50:33,027] {logging_mixin.py:109} INFO - [2021-09-21 01:50:33,027] {dag.py:1834} INFO - Sync 1 DAGs
[2021-09-21 01:50:33,045] {logging_mixin.py:109} INFO - [2021-09-21 01:50:33,045] {dag.py:2287} INFO - Setting next_dagrun for example_kubernetes_executor to None
[2021-09-21 01:50:33,063] {processor.py:170} INFO - Processing /home/airflow/.local/lib/python3.6/site-packages/airflow/example_dags/example_kubernetes_executor.py took 0.086 seconds
[2021-09-21 01:51:03,151] {processor.py:162} INFO - Started process (PID=4100) to work on /home/airflow/.local/lib/python3.6/site-packages/airflow/example_dags/example_kubernetes_executor.py
[2021-09-21 01:51:03,155] {processor.py:613} INFO - Processing file /home/airflow/.local/lib/python3.6/site-packages/airflow/example_dags/example_kubernetes_executor.py for tasks to queue
[2021-09-21 01:51:03,158] {logging_mixin.py:109} INFO - [2021-09-21 01:51:03,158] {dagbag.py:496} INFO - Filling up the DagBag from /home/airflow/.local/lib/python3.6/site-packages/airflow/example_dags/example_kubernetes_executor.py
[2021-09-21 01:51:03,191] {processor.py:623} INFO - DAG(s) dict_keys(['example_kubernetes_executor']) retrieved from /home/airflow/.local/lib/python3.6/site-packages/airflow/example_dags/example_kubernetes_executor.py
[2021-09-21 01:51:03,240] {logging_mixin.py:109} INFO - [2021-09-21 01:51:03,240] {dag.py:1834} INFO - Sync 1 DAGs
[2021-09-21 01:51:03,270] {logging_mixin.py:109} INFO - [2021-09-21 01:51:03,270] {dag.py:2287} INFO - Setting next_dagrun for example_kubernetes_executor to None
[2021-09-21 01:51:03,287] {processor.py:170} INFO - Processing /home/airflow/.local/lib/python3.6/site-packages/airflow/example_dags/example_kubernetes_executor.py took 0.142 seconds
[2021-09-21 01:51:33,631] {processor.py:162} INFO - Started process (PID=4154) to work on /home/airflow/.local/lib/python3.6/site-packages/airflow/example_dags/example_kubernetes_executor.py
[2021-09-21 01:51:33,633] {processor.py:613} INFO - Processing file /home/airflow/.local/lib/python3.6/site-packages/airflow/example_dags/example_kubernetes_executor.py for tasks to queue
[2021-09-21 01:51:33,635] {logging_mixin.py:109} INFO - [2021-09-21 01:51:33,635] {dagbag.py:496} INFO - Filling up the DagBag from /home/airflow/.local/lib/python3.6/site-packages/airflow/example_dags/example_kubernetes_executor.py
[2021-09-21 01:51:33,653] {processor.py:623} INFO - DAG(s) dict_keys(['example_kubernetes_executor']) retrieved from /home/airflow/.local/lib/python3.6/site-packages/airflow/example_dags/example_kubernetes_executor.py
[2021-09-21 01:51:33,683] {logging_mixin.py:109} INFO - [2021-09-21 01:51:33,683] {dag.py:1834} INFO - Sync 1 DAGs
[2021-09-21 01:51:33,700] {logging_mixin.py:109} INFO - [2021-09-21 01:51:33,700] {dag.py:2287} INFO - Setting next_dagrun for example_kubernetes_executor to None
[2021-09-21 01:51:33,712] {processor.py:170} INFO - Processing /home/airflow/.local/lib/python3.6/site-packages/airflow/example_dags/example_kubernetes_executor.py took 0.088 seconds
[2021-09-21 01:52:04,599] {processor.py:162} INFO - Started process (PID=4213) to work on /home/airflow/.local/lib/python3.6/site-packages/airflow/example_dags/example_kubernetes_executor.py
[2021-09-21 01:52:04,603] {processor.py:613} INFO - Processing file /home/airflow/.local/lib/python3.6/site-packages/airflow/example_dags/example_kubernetes_executor.py for tasks to queue
[2021-09-21 01:52:04,605] {logging_mixin.py:109} INFO - [2021-09-21 01:52:04,605] {dagbag.py:496} INFO - Filling up the DagBag from /home/airflow/.local/lib/python3.6/site-packages/airflow/example_dags/example_kubernetes_executor.py
[2021-09-21 01:52:04,626] {processor.py:623} INFO - DAG(s) dict_keys(['example_kubernetes_executor']) retrieved from /home/airflow/.local/lib/python3.6/site-packages/airflow/example_dags/example_kubernetes_executor.py
[2021-09-21 01:52:04,670] {logging_mixin.py:109} INFO - [2021-09-21 01:52:04,670] {dag.py:1834} INFO - Sync 1 DAGs
[2021-09-21 01:52:04,699] {logging_mixin.py:109} INFO - [2021-09-21 01:52:04,698] {dag.py:2287} INFO - Setting next_dagrun for example_kubernetes_executor to None
[2021-09-21 01:52:04,716] {processor.py:170} INFO - Processing /home/airflow/.local/lib/python3.6/site-packages/airflow/example_dags/example_kubernetes_executor.py took 0.123 seconds
[2021-09-21 01:52:35,227] {processor.py:162} INFO - Started process (PID=4272) to work on /home/airflow/.local/lib/python3.6/site-packages/airflow/example_dags/example_kubernetes_executor.py
[2021-09-21 01:52:35,229] {processor.py:613} INFO - Processing file /home/airflow/.local/lib/python3.6/site-packages/airflow/example_dags/example_kubernetes_executor.py for tasks to queue
[2021-09-21 01:52:35,231] {logging_mixin.py:109} INFO - [2021-09-21 01:52:35,231] {dagbag.py:496} INFO - Filling up the DagBag from /home/airflow/.local/lib/python3.6/site-packages/airflow/example_dags/example_kubernetes_executor.py
[2021-09-21 01:52:35,248] {processor.py:623} INFO - DAG(s) dict_keys(['example_kubernetes_executor']) retrieved from /home/airflow/.local/lib/python3.6/site-packages/airflow/example_dags/example_kubernetes_executor.py
[2021-09-21 01:52:35,275] {logging_mixin.py:109} INFO - [2021-09-21 01:52:35,275] {dag.py:1834} INFO - Sync 1 DAGs
[2021-09-21 01:52:35,294] {logging_mixin.py:109} INFO - [2021-09-21 01:52:35,294] {dag.py:2287} INFO - Setting next_dagrun for example_kubernetes_executor to None
[2021-09-21 01:52:35,308] {processor.py:170} INFO - Processing /home/airflow/.local/lib/python3.6/site-packages/airflow/example_dags/example_kubernetes_executor.py took 0.086 seconds
