[2021-09-21 01:17:14,243] {processor.py:162} INFO - Started process (PID=115) to work on /home/airflow/.local/lib/python3.6/site-packages/airflow/example_dags/example_nested_branch_dag.py
[2021-09-21 01:17:14,246] {processor.py:613} INFO - Processing file /home/airflow/.local/lib/python3.6/site-packages/airflow/example_dags/example_nested_branch_dag.py for tasks to queue
[2021-09-21 01:17:14,249] {logging_mixin.py:109} INFO - [2021-09-21 01:17:14,249] {dagbag.py:496} INFO - Filling up the DagBag from /home/airflow/.local/lib/python3.6/site-packages/airflow/example_dags/example_nested_branch_dag.py
[2021-09-21 01:17:14,267] {processor.py:623} INFO - DAG(s) dict_keys(['example_nested_branch_dag']) retrieved from /home/airflow/.local/lib/python3.6/site-packages/airflow/example_dags/example_nested_branch_dag.py
[2021-09-21 01:17:17,808] {logging_mixin.py:109} INFO - [2021-09-21 01:17:17,806] {dag.py:1834} INFO - Sync 1 DAGs
[2021-09-21 01:17:17,823] {logging_mixin.py:109} INFO - [2021-09-21 01:17:17,822] {dag.py:1853} INFO - Creating ORM DAG for example_nested_branch_dag
[2021-09-21 01:17:17,834] {logging_mixin.py:109} INFO - [2021-09-21 01:17:17,834] {dag.py:2287} INFO - Setting next_dagrun for example_nested_branch_dag to 2021-09-19 00:00:00+00:00
[2021-09-21 01:17:17,866] {processor.py:170} INFO - Processing /home/airflow/.local/lib/python3.6/site-packages/airflow/example_dags/example_nested_branch_dag.py took 3.626 seconds
[2021-09-21 01:17:48,905] {processor.py:162} INFO - Started process (PID=310) to work on /home/airflow/.local/lib/python3.6/site-packages/airflow/example_dags/example_nested_branch_dag.py
[2021-09-21 01:17:48,907] {processor.py:613} INFO - Processing file /home/airflow/.local/lib/python3.6/site-packages/airflow/example_dags/example_nested_branch_dag.py for tasks to queue
[2021-09-21 01:17:48,908] {logging_mixin.py:109} INFO - [2021-09-21 01:17:48,908] {dagbag.py:496} INFO - Filling up the DagBag from /home/airflow/.local/lib/python3.6/site-packages/airflow/example_dags/example_nested_branch_dag.py
[2021-09-21 01:17:48,926] {processor.py:623} INFO - DAG(s) dict_keys(['example_nested_branch_dag']) retrieved from /home/airflow/.local/lib/python3.6/site-packages/airflow/example_dags/example_nested_branch_dag.py
[2021-09-21 01:17:48,952] {logging_mixin.py:109} INFO - [2021-09-21 01:17:48,951] {dag.py:1834} INFO - Sync 1 DAGs
[2021-09-21 01:17:48,970] {logging_mixin.py:109} INFO - [2021-09-21 01:17:48,969] {dag.py:2287} INFO - Setting next_dagrun for example_nested_branch_dag to 2021-09-19 00:00:00+00:00
[2021-09-21 01:17:48,980] {processor.py:170} INFO - Processing /home/airflow/.local/lib/python3.6/site-packages/airflow/example_dags/example_nested_branch_dag.py took 0.079 seconds
[2021-09-21 01:18:19,762] {processor.py:162} INFO - Started process (PID=373) to work on /home/airflow/.local/lib/python3.6/site-packages/airflow/example_dags/example_nested_branch_dag.py
[2021-09-21 01:18:19,764] {processor.py:613} INFO - Processing file /home/airflow/.local/lib/python3.6/site-packages/airflow/example_dags/example_nested_branch_dag.py for tasks to queue
[2021-09-21 01:18:19,766] {logging_mixin.py:109} INFO - [2021-09-21 01:18:19,766] {dagbag.py:496} INFO - Filling up the DagBag from /home/airflow/.local/lib/python3.6/site-packages/airflow/example_dags/example_nested_branch_dag.py
[2021-09-21 01:18:19,786] {processor.py:623} INFO - DAG(s) dict_keys(['example_nested_branch_dag']) retrieved from /home/airflow/.local/lib/python3.6/site-packages/airflow/example_dags/example_nested_branch_dag.py
[2021-09-21 01:18:19,816] {logging_mixin.py:109} INFO - [2021-09-21 01:18:19,816] {dag.py:1834} INFO - Sync 1 DAGs
[2021-09-21 01:18:19,833] {logging_mixin.py:109} INFO - [2021-09-21 01:18:19,833] {dag.py:2287} INFO - Setting next_dagrun for example_nested_branch_dag to 2021-09-19 00:00:00+00:00
[2021-09-21 01:18:19,843] {processor.py:170} INFO - Processing /home/airflow/.local/lib/python3.6/site-packages/airflow/example_dags/example_nested_branch_dag.py took 0.085 seconds
[2021-09-21 01:18:49,925] {processor.py:162} INFO - Started process (PID=427) to work on /home/airflow/.local/lib/python3.6/site-packages/airflow/example_dags/example_nested_branch_dag.py
[2021-09-21 01:18:49,927] {processor.py:613} INFO - Processing file /home/airflow/.local/lib/python3.6/site-packages/airflow/example_dags/example_nested_branch_dag.py for tasks to queue
[2021-09-21 01:18:49,929] {logging_mixin.py:109} INFO - [2021-09-21 01:18:49,929] {dagbag.py:496} INFO - Filling up the DagBag from /home/airflow/.local/lib/python3.6/site-packages/airflow/example_dags/example_nested_branch_dag.py
[2021-09-21 01:18:49,947] {processor.py:623} INFO - DAG(s) dict_keys(['example_nested_branch_dag']) retrieved from /home/airflow/.local/lib/python3.6/site-packages/airflow/example_dags/example_nested_branch_dag.py
[2021-09-21 01:18:49,971] {logging_mixin.py:109} INFO - [2021-09-21 01:18:49,971] {dag.py:1834} INFO - Sync 1 DAGs
[2021-09-21 01:18:49,990] {logging_mixin.py:109} INFO - [2021-09-21 01:18:49,990] {dag.py:2287} INFO - Setting next_dagrun for example_nested_branch_dag to 2021-09-19 00:00:00+00:00
[2021-09-21 01:18:50,000] {processor.py:170} INFO - Processing /home/airflow/.local/lib/python3.6/site-packages/airflow/example_dags/example_nested_branch_dag.py took 0.079 seconds
[2021-09-21 01:19:20,056] {processor.py:162} INFO - Started process (PID=490) to work on /home/airflow/.local/lib/python3.6/site-packages/airflow/example_dags/example_nested_branch_dag.py
[2021-09-21 01:19:20,059] {processor.py:613} INFO - Processing file /home/airflow/.local/lib/python3.6/site-packages/airflow/example_dags/example_nested_branch_dag.py for tasks to queue
[2021-09-21 01:19:20,060] {logging_mixin.py:109} INFO - [2021-09-21 01:19:20,060] {dagbag.py:496} INFO - Filling up the DagBag from /home/airflow/.local/lib/python3.6/site-packages/airflow/example_dags/example_nested_branch_dag.py
[2021-09-21 01:19:20,077] {processor.py:623} INFO - DAG(s) dict_keys(['example_nested_branch_dag']) retrieved from /home/airflow/.local/lib/python3.6/site-packages/airflow/example_dags/example_nested_branch_dag.py
[2021-09-21 01:19:20,110] {logging_mixin.py:109} INFO - [2021-09-21 01:19:20,110] {dag.py:1834} INFO - Sync 1 DAGs
[2021-09-21 01:19:20,134] {logging_mixin.py:109} INFO - [2021-09-21 01:19:20,134] {dag.py:2287} INFO - Setting next_dagrun for example_nested_branch_dag to 2021-09-19 00:00:00+00:00
[2021-09-21 01:19:20,146] {processor.py:170} INFO - Processing /home/airflow/.local/lib/python3.6/site-packages/airflow/example_dags/example_nested_branch_dag.py took 0.094 seconds
[2021-09-21 01:19:50,190] {processor.py:162} INFO - Started process (PID=554) to work on /home/airflow/.local/lib/python3.6/site-packages/airflow/example_dags/example_nested_branch_dag.py
[2021-09-21 01:19:50,192] {processor.py:613} INFO - Processing file /home/airflow/.local/lib/python3.6/site-packages/airflow/example_dags/example_nested_branch_dag.py for tasks to queue
[2021-09-21 01:19:50,193] {logging_mixin.py:109} INFO - [2021-09-21 01:19:50,193] {dagbag.py:496} INFO - Filling up the DagBag from /home/airflow/.local/lib/python3.6/site-packages/airflow/example_dags/example_nested_branch_dag.py
[2021-09-21 01:19:50,208] {processor.py:623} INFO - DAG(s) dict_keys(['example_nested_branch_dag']) retrieved from /home/airflow/.local/lib/python3.6/site-packages/airflow/example_dags/example_nested_branch_dag.py
[2021-09-21 01:19:50,230] {logging_mixin.py:109} INFO - [2021-09-21 01:19:50,230] {dag.py:1834} INFO - Sync 1 DAGs
[2021-09-21 01:19:50,246] {logging_mixin.py:109} INFO - [2021-09-21 01:19:50,246] {dag.py:2287} INFO - Setting next_dagrun for example_nested_branch_dag to 2021-09-19 00:00:00+00:00
[2021-09-21 01:19:50,256] {processor.py:170} INFO - Processing /home/airflow/.local/lib/python3.6/site-packages/airflow/example_dags/example_nested_branch_dag.py took 0.069 seconds
[2021-09-21 01:20:20,488] {processor.py:162} INFO - Started process (PID=607) to work on /home/airflow/.local/lib/python3.6/site-packages/airflow/example_dags/example_nested_branch_dag.py
[2021-09-21 01:20:20,490] {processor.py:613} INFO - Processing file /home/airflow/.local/lib/python3.6/site-packages/airflow/example_dags/example_nested_branch_dag.py for tasks to queue
[2021-09-21 01:20:20,493] {logging_mixin.py:109} INFO - [2021-09-21 01:20:20,493] {dagbag.py:496} INFO - Filling up the DagBag from /home/airflow/.local/lib/python3.6/site-packages/airflow/example_dags/example_nested_branch_dag.py
[2021-09-21 01:20:20,509] {processor.py:623} INFO - DAG(s) dict_keys(['example_nested_branch_dag']) retrieved from /home/airflow/.local/lib/python3.6/site-packages/airflow/example_dags/example_nested_branch_dag.py
[2021-09-21 01:20:20,532] {logging_mixin.py:109} INFO - [2021-09-21 01:20:20,532] {dag.py:1834} INFO - Sync 1 DAGs
[2021-09-21 01:20:20,549] {logging_mixin.py:109} INFO - [2021-09-21 01:20:20,549] {dag.py:2287} INFO - Setting next_dagrun for example_nested_branch_dag to 2021-09-19 00:00:00+00:00
[2021-09-21 01:20:20,561] {processor.py:170} INFO - Processing /home/airflow/.local/lib/python3.6/site-packages/airflow/example_dags/example_nested_branch_dag.py took 0.076 seconds
[2021-09-21 01:20:50,986] {processor.py:162} INFO - Started process (PID=673) to work on /home/airflow/.local/lib/python3.6/site-packages/airflow/example_dags/example_nested_branch_dag.py
[2021-09-21 01:20:50,989] {processor.py:613} INFO - Processing file /home/airflow/.local/lib/python3.6/site-packages/airflow/example_dags/example_nested_branch_dag.py for tasks to queue
[2021-09-21 01:20:50,991] {logging_mixin.py:109} INFO - [2021-09-21 01:20:50,991] {dagbag.py:496} INFO - Filling up the DagBag from /home/airflow/.local/lib/python3.6/site-packages/airflow/example_dags/example_nested_branch_dag.py
[2021-09-21 01:20:51,017] {processor.py:623} INFO - DAG(s) dict_keys(['example_nested_branch_dag']) retrieved from /home/airflow/.local/lib/python3.6/site-packages/airflow/example_dags/example_nested_branch_dag.py
[2021-09-21 01:20:51,064] {logging_mixin.py:109} INFO - [2021-09-21 01:20:51,064] {dag.py:1834} INFO - Sync 1 DAGs
[2021-09-21 01:20:51,098] {logging_mixin.py:109} INFO - [2021-09-21 01:20:51,097] {dag.py:2287} INFO - Setting next_dagrun for example_nested_branch_dag to 2021-09-19 00:00:00+00:00
[2021-09-21 01:20:51,118] {processor.py:170} INFO - Processing /home/airflow/.local/lib/python3.6/site-packages/airflow/example_dags/example_nested_branch_dag.py took 0.138 seconds
[2021-09-21 01:21:22,090] {processor.py:162} INFO - Started process (PID=726) to work on /home/airflow/.local/lib/python3.6/site-packages/airflow/example_dags/example_nested_branch_dag.py
[2021-09-21 01:21:22,093] {processor.py:613} INFO - Processing file /home/airflow/.local/lib/python3.6/site-packages/airflow/example_dags/example_nested_branch_dag.py for tasks to queue
[2021-09-21 01:21:22,094] {logging_mixin.py:109} INFO - [2021-09-21 01:21:22,094] {dagbag.py:496} INFO - Filling up the DagBag from /home/airflow/.local/lib/python3.6/site-packages/airflow/example_dags/example_nested_branch_dag.py
[2021-09-21 01:21:22,114] {processor.py:623} INFO - DAG(s) dict_keys(['example_nested_branch_dag']) retrieved from /home/airflow/.local/lib/python3.6/site-packages/airflow/example_dags/example_nested_branch_dag.py
[2021-09-21 01:21:22,143] {logging_mixin.py:109} INFO - [2021-09-21 01:21:22,142] {dag.py:1834} INFO - Sync 1 DAGs
[2021-09-21 01:21:22,163] {logging_mixin.py:109} INFO - [2021-09-21 01:21:22,163] {dag.py:2287} INFO - Setting next_dagrun for example_nested_branch_dag to 2021-09-19 00:00:00+00:00
[2021-09-21 01:21:22,176] {processor.py:170} INFO - Processing /home/airflow/.local/lib/python3.6/site-packages/airflow/example_dags/example_nested_branch_dag.py took 0.090 seconds
[2021-09-21 01:21:52,938] {processor.py:162} INFO - Started process (PID=789) to work on /home/airflow/.local/lib/python3.6/site-packages/airflow/example_dags/example_nested_branch_dag.py
[2021-09-21 01:21:52,940] {processor.py:613} INFO - Processing file /home/airflow/.local/lib/python3.6/site-packages/airflow/example_dags/example_nested_branch_dag.py for tasks to queue
[2021-09-21 01:21:52,942] {logging_mixin.py:109} INFO - [2021-09-21 01:21:52,942] {dagbag.py:496} INFO - Filling up the DagBag from /home/airflow/.local/lib/python3.6/site-packages/airflow/example_dags/example_nested_branch_dag.py
[2021-09-21 01:21:52,959] {processor.py:623} INFO - DAG(s) dict_keys(['example_nested_branch_dag']) retrieved from /home/airflow/.local/lib/python3.6/site-packages/airflow/example_dags/example_nested_branch_dag.py
[2021-09-21 01:21:52,986] {logging_mixin.py:109} INFO - [2021-09-21 01:21:52,986] {dag.py:1834} INFO - Sync 1 DAGs
[2021-09-21 01:21:53,014] {logging_mixin.py:109} INFO - [2021-09-21 01:21:53,014] {dag.py:2287} INFO - Setting next_dagrun for example_nested_branch_dag to 2021-09-19 00:00:00+00:00
[2021-09-21 01:21:53,038] {processor.py:170} INFO - Processing /home/airflow/.local/lib/python3.6/site-packages/airflow/example_dags/example_nested_branch_dag.py took 0.104 seconds
[2021-09-21 01:22:23,131] {processor.py:162} INFO - Started process (PID=854) to work on /home/airflow/.local/lib/python3.6/site-packages/airflow/example_dags/example_nested_branch_dag.py
[2021-09-21 01:22:23,134] {processor.py:613} INFO - Processing file /home/airflow/.local/lib/python3.6/site-packages/airflow/example_dags/example_nested_branch_dag.py for tasks to queue
[2021-09-21 01:22:23,135] {logging_mixin.py:109} INFO - [2021-09-21 01:22:23,135] {dagbag.py:496} INFO - Filling up the DagBag from /home/airflow/.local/lib/python3.6/site-packages/airflow/example_dags/example_nested_branch_dag.py
[2021-09-21 01:22:23,153] {processor.py:623} INFO - DAG(s) dict_keys(['example_nested_branch_dag']) retrieved from /home/airflow/.local/lib/python3.6/site-packages/airflow/example_dags/example_nested_branch_dag.py
[2021-09-21 01:22:23,184] {logging_mixin.py:109} INFO - [2021-09-21 01:22:23,184] {dag.py:1834} INFO - Sync 1 DAGs
[2021-09-21 01:22:23,210] {logging_mixin.py:109} INFO - [2021-09-21 01:22:23,210] {dag.py:2287} INFO - Setting next_dagrun for example_nested_branch_dag to 2021-09-19 00:00:00+00:00
[2021-09-21 01:22:23,223] {processor.py:170} INFO - Processing /home/airflow/.local/lib/python3.6/site-packages/airflow/example_dags/example_nested_branch_dag.py took 0.096 seconds
[2021-09-21 01:22:53,937] {processor.py:162} INFO - Started process (PID=906) to work on /home/airflow/.local/lib/python3.6/site-packages/airflow/example_dags/example_nested_branch_dag.py
[2021-09-21 01:22:53,952] {processor.py:613} INFO - Processing file /home/airflow/.local/lib/python3.6/site-packages/airflow/example_dags/example_nested_branch_dag.py for tasks to queue
[2021-09-21 01:22:53,966] {logging_mixin.py:109} INFO - [2021-09-21 01:22:53,964] {dagbag.py:496} INFO - Filling up the DagBag from /home/airflow/.local/lib/python3.6/site-packages/airflow/example_dags/example_nested_branch_dag.py
[2021-09-21 01:22:54,057] {processor.py:623} INFO - DAG(s) dict_keys(['example_nested_branch_dag']) retrieved from /home/airflow/.local/lib/python3.6/site-packages/airflow/example_dags/example_nested_branch_dag.py
[2021-09-21 01:22:54,286] {logging_mixin.py:109} INFO - [2021-09-21 01:22:54,284] {dag.py:1834} INFO - Sync 1 DAGs
[2021-09-21 01:22:54,393] {logging_mixin.py:109} INFO - [2021-09-21 01:22:54,393] {dag.py:2287} INFO - Setting next_dagrun for example_nested_branch_dag to 2021-09-19 00:00:00+00:00
[2021-09-21 01:22:54,454] {processor.py:170} INFO - Processing /home/airflow/.local/lib/python3.6/site-packages/airflow/example_dags/example_nested_branch_dag.py took 0.525 seconds
[2021-09-21 01:23:25,234] {processor.py:162} INFO - Started process (PID=959) to work on /home/airflow/.local/lib/python3.6/site-packages/airflow/example_dags/example_nested_branch_dag.py
[2021-09-21 01:23:25,239] {processor.py:613} INFO - Processing file /home/airflow/.local/lib/python3.6/site-packages/airflow/example_dags/example_nested_branch_dag.py for tasks to queue
[2021-09-21 01:23:25,242] {logging_mixin.py:109} INFO - [2021-09-21 01:23:25,241] {dagbag.py:496} INFO - Filling up the DagBag from /home/airflow/.local/lib/python3.6/site-packages/airflow/example_dags/example_nested_branch_dag.py
[2021-09-21 01:23:25,296] {processor.py:623} INFO - DAG(s) dict_keys(['example_nested_branch_dag']) retrieved from /home/airflow/.local/lib/python3.6/site-packages/airflow/example_dags/example_nested_branch_dag.py
[2021-09-21 01:23:25,369] {logging_mixin.py:109} INFO - [2021-09-21 01:23:25,368] {dag.py:1834} INFO - Sync 1 DAGs
[2021-09-21 01:23:25,474] {logging_mixin.py:109} INFO - [2021-09-21 01:23:25,473] {dag.py:2287} INFO - Setting next_dagrun for example_nested_branch_dag to 2021-09-19 00:00:00+00:00
[2021-09-21 01:23:25,520] {processor.py:170} INFO - Processing /home/airflow/.local/lib/python3.6/site-packages/airflow/example_dags/example_nested_branch_dag.py took 0.301 seconds
[2021-09-21 01:23:55,833] {processor.py:162} INFO - Started process (PID=1013) to work on /home/airflow/.local/lib/python3.6/site-packages/airflow/example_dags/example_nested_branch_dag.py
[2021-09-21 01:23:55,836] {processor.py:613} INFO - Processing file /home/airflow/.local/lib/python3.6/site-packages/airflow/example_dags/example_nested_branch_dag.py for tasks to queue
[2021-09-21 01:23:55,837] {logging_mixin.py:109} INFO - [2021-09-21 01:23:55,837] {dagbag.py:496} INFO - Filling up the DagBag from /home/airflow/.local/lib/python3.6/site-packages/airflow/example_dags/example_nested_branch_dag.py
[2021-09-21 01:23:55,851] {processor.py:623} INFO - DAG(s) dict_keys(['example_nested_branch_dag']) retrieved from /home/airflow/.local/lib/python3.6/site-packages/airflow/example_dags/example_nested_branch_dag.py
[2021-09-21 01:23:55,874] {logging_mixin.py:109} INFO - [2021-09-21 01:23:55,874] {dag.py:1834} INFO - Sync 1 DAGs
[2021-09-21 01:23:55,890] {logging_mixin.py:109} INFO - [2021-09-21 01:23:55,890] {dag.py:2287} INFO - Setting next_dagrun for example_nested_branch_dag to 2021-09-19 00:00:00+00:00
[2021-09-21 01:23:55,900] {processor.py:170} INFO - Processing /home/airflow/.local/lib/python3.6/site-packages/airflow/example_dags/example_nested_branch_dag.py took 0.070 seconds
[2021-09-21 01:24:25,978] {processor.py:162} INFO - Started process (PID=1064) to work on /home/airflow/.local/lib/python3.6/site-packages/airflow/example_dags/example_nested_branch_dag.py
[2021-09-21 01:24:25,980] {processor.py:613} INFO - Processing file /home/airflow/.local/lib/python3.6/site-packages/airflow/example_dags/example_nested_branch_dag.py for tasks to queue
[2021-09-21 01:24:25,982] {logging_mixin.py:109} INFO - [2021-09-21 01:24:25,982] {dagbag.py:496} INFO - Filling up the DagBag from /home/airflow/.local/lib/python3.6/site-packages/airflow/example_dags/example_nested_branch_dag.py
[2021-09-21 01:24:26,001] {processor.py:623} INFO - DAG(s) dict_keys(['example_nested_branch_dag']) retrieved from /home/airflow/.local/lib/python3.6/site-packages/airflow/example_dags/example_nested_branch_dag.py
[2021-09-21 01:24:26,034] {logging_mixin.py:109} INFO - [2021-09-21 01:24:26,034] {dag.py:1834} INFO - Sync 1 DAGs
[2021-09-21 01:24:26,055] {logging_mixin.py:109} INFO - [2021-09-21 01:24:26,055] {dag.py:2287} INFO - Setting next_dagrun for example_nested_branch_dag to 2021-09-19 00:00:00+00:00
[2021-09-21 01:24:26,070] {processor.py:170} INFO - Processing /home/airflow/.local/lib/python3.6/site-packages/airflow/example_dags/example_nested_branch_dag.py took 0.096 seconds
[2021-09-21 01:24:56,675] {processor.py:162} INFO - Started process (PID=1126) to work on /home/airflow/.local/lib/python3.6/site-packages/airflow/example_dags/example_nested_branch_dag.py
[2021-09-21 01:24:56,679] {processor.py:613} INFO - Processing file /home/airflow/.local/lib/python3.6/site-packages/airflow/example_dags/example_nested_branch_dag.py for tasks to queue
[2021-09-21 01:24:56,688] {logging_mixin.py:109} INFO - [2021-09-21 01:24:56,688] {dagbag.py:496} INFO - Filling up the DagBag from /home/airflow/.local/lib/python3.6/site-packages/airflow/example_dags/example_nested_branch_dag.py
[2021-09-21 01:24:56,715] {processor.py:623} INFO - DAG(s) dict_keys(['example_nested_branch_dag']) retrieved from /home/airflow/.local/lib/python3.6/site-packages/airflow/example_dags/example_nested_branch_dag.py
[2021-09-21 01:24:56,772] {logging_mixin.py:109} INFO - [2021-09-21 01:24:56,772] {dag.py:1834} INFO - Sync 1 DAGs
[2021-09-21 01:24:56,811] {logging_mixin.py:109} INFO - [2021-09-21 01:24:56,809] {dag.py:2287} INFO - Setting next_dagrun for example_nested_branch_dag to 2021-09-19 00:00:00+00:00
[2021-09-21 01:24:56,832] {processor.py:170} INFO - Processing /home/airflow/.local/lib/python3.6/site-packages/airflow/example_dags/example_nested_branch_dag.py took 0.163 seconds
[2021-09-21 01:25:27,248] {processor.py:162} INFO - Started process (PID=1169) to work on /home/airflow/.local/lib/python3.6/site-packages/airflow/example_dags/example_nested_branch_dag.py
[2021-09-21 01:25:27,251] {processor.py:613} INFO - Processing file /home/airflow/.local/lib/python3.6/site-packages/airflow/example_dags/example_nested_branch_dag.py for tasks to queue
[2021-09-21 01:25:27,252] {logging_mixin.py:109} INFO - [2021-09-21 01:25:27,252] {dagbag.py:496} INFO - Filling up the DagBag from /home/airflow/.local/lib/python3.6/site-packages/airflow/example_dags/example_nested_branch_dag.py
[2021-09-21 01:25:27,273] {processor.py:623} INFO - DAG(s) dict_keys(['example_nested_branch_dag']) retrieved from /home/airflow/.local/lib/python3.6/site-packages/airflow/example_dags/example_nested_branch_dag.py
[2021-09-21 01:25:27,304] {logging_mixin.py:109} INFO - [2021-09-21 01:25:27,304] {dag.py:1834} INFO - Sync 1 DAGs
[2021-09-21 01:25:27,329] {logging_mixin.py:109} INFO - [2021-09-21 01:25:27,329] {dag.py:2287} INFO - Setting next_dagrun for example_nested_branch_dag to 2021-09-19 00:00:00+00:00
[2021-09-21 01:25:27,344] {processor.py:170} INFO - Processing /home/airflow/.local/lib/python3.6/site-packages/airflow/example_dags/example_nested_branch_dag.py took 0.099 seconds
[2021-09-21 01:25:58,051] {processor.py:162} INFO - Started process (PID=1233) to work on /home/airflow/.local/lib/python3.6/site-packages/airflow/example_dags/example_nested_branch_dag.py
[2021-09-21 01:25:58,053] {processor.py:613} INFO - Processing file /home/airflow/.local/lib/python3.6/site-packages/airflow/example_dags/example_nested_branch_dag.py for tasks to queue
[2021-09-21 01:25:58,056] {logging_mixin.py:109} INFO - [2021-09-21 01:25:58,056] {dagbag.py:496} INFO - Filling up the DagBag from /home/airflow/.local/lib/python3.6/site-packages/airflow/example_dags/example_nested_branch_dag.py
[2021-09-21 01:25:58,075] {processor.py:623} INFO - DAG(s) dict_keys(['example_nested_branch_dag']) retrieved from /home/airflow/.local/lib/python3.6/site-packages/airflow/example_dags/example_nested_branch_dag.py
[2021-09-21 01:25:58,103] {logging_mixin.py:109} INFO - [2021-09-21 01:25:58,103] {dag.py:1834} INFO - Sync 1 DAGs
[2021-09-21 01:25:58,125] {logging_mixin.py:109} INFO - [2021-09-21 01:25:58,125] {dag.py:2287} INFO - Setting next_dagrun for example_nested_branch_dag to 2021-09-19 00:00:00+00:00
[2021-09-21 01:25:58,138] {processor.py:170} INFO - Processing /home/airflow/.local/lib/python3.6/site-packages/airflow/example_dags/example_nested_branch_dag.py took 0.090 seconds
[2021-09-21 01:26:28,716] {processor.py:162} INFO - Started process (PID=1285) to work on /home/airflow/.local/lib/python3.6/site-packages/airflow/example_dags/example_nested_branch_dag.py
[2021-09-21 01:26:28,723] {processor.py:613} INFO - Processing file /home/airflow/.local/lib/python3.6/site-packages/airflow/example_dags/example_nested_branch_dag.py for tasks to queue
[2021-09-21 01:26:28,728] {logging_mixin.py:109} INFO - [2021-09-21 01:26:28,728] {dagbag.py:496} INFO - Filling up the DagBag from /home/airflow/.local/lib/python3.6/site-packages/airflow/example_dags/example_nested_branch_dag.py
[2021-09-21 01:26:28,776] {processor.py:623} INFO - DAG(s) dict_keys(['example_nested_branch_dag']) retrieved from /home/airflow/.local/lib/python3.6/site-packages/airflow/example_dags/example_nested_branch_dag.py
[2021-09-21 01:26:28,854] {logging_mixin.py:109} INFO - [2021-09-21 01:26:28,854] {dag.py:1834} INFO - Sync 1 DAGs
[2021-09-21 01:26:28,960] {logging_mixin.py:109} INFO - [2021-09-21 01:26:28,960] {dag.py:2287} INFO - Setting next_dagrun for example_nested_branch_dag to 2021-09-19 00:00:00+00:00
[2021-09-21 01:26:29,002] {processor.py:170} INFO - Processing /home/airflow/.local/lib/python3.6/site-packages/airflow/example_dags/example_nested_branch_dag.py took 0.299 seconds
[2021-09-21 01:26:59,412] {processor.py:162} INFO - Started process (PID=1338) to work on /home/airflow/.local/lib/python3.6/site-packages/airflow/example_dags/example_nested_branch_dag.py
[2021-09-21 01:26:59,416] {processor.py:613} INFO - Processing file /home/airflow/.local/lib/python3.6/site-packages/airflow/example_dags/example_nested_branch_dag.py for tasks to queue
[2021-09-21 01:26:59,418] {logging_mixin.py:109} INFO - [2021-09-21 01:26:59,418] {dagbag.py:496} INFO - Filling up the DagBag from /home/airflow/.local/lib/python3.6/site-packages/airflow/example_dags/example_nested_branch_dag.py
[2021-09-21 01:26:59,437] {processor.py:623} INFO - DAG(s) dict_keys(['example_nested_branch_dag']) retrieved from /home/airflow/.local/lib/python3.6/site-packages/airflow/example_dags/example_nested_branch_dag.py
[2021-09-21 01:26:59,475] {logging_mixin.py:109} INFO - [2021-09-21 01:26:59,475] {dag.py:1834} INFO - Sync 1 DAGs
[2021-09-21 01:26:59,502] {logging_mixin.py:109} INFO - [2021-09-21 01:26:59,501] {dag.py:2287} INFO - Setting next_dagrun for example_nested_branch_dag to 2021-09-19 00:00:00+00:00
[2021-09-21 01:26:59,528] {processor.py:170} INFO - Processing /home/airflow/.local/lib/python3.6/site-packages/airflow/example_dags/example_nested_branch_dag.py took 0.129 seconds
[2021-09-21 01:27:30,563] {processor.py:162} INFO - Started process (PID=1386) to work on /home/airflow/.local/lib/python3.6/site-packages/airflow/example_dags/example_nested_branch_dag.py
[2021-09-21 01:27:30,565] {processor.py:613} INFO - Processing file /home/airflow/.local/lib/python3.6/site-packages/airflow/example_dags/example_nested_branch_dag.py for tasks to queue
[2021-09-21 01:27:30,567] {logging_mixin.py:109} INFO - [2021-09-21 01:27:30,567] {dagbag.py:496} INFO - Filling up the DagBag from /home/airflow/.local/lib/python3.6/site-packages/airflow/example_dags/example_nested_branch_dag.py
[2021-09-21 01:27:30,586] {processor.py:623} INFO - DAG(s) dict_keys(['example_nested_branch_dag']) retrieved from /home/airflow/.local/lib/python3.6/site-packages/airflow/example_dags/example_nested_branch_dag.py
[2021-09-21 01:27:30,613] {logging_mixin.py:109} INFO - [2021-09-21 01:27:30,613] {dag.py:1834} INFO - Sync 1 DAGs
[2021-09-21 01:27:30,649] {logging_mixin.py:109} INFO - [2021-09-21 01:27:30,649] {dag.py:2287} INFO - Setting next_dagrun for example_nested_branch_dag to 2021-09-19 00:00:00+00:00
[2021-09-21 01:27:30,663] {processor.py:170} INFO - Processing /home/airflow/.local/lib/python3.6/site-packages/airflow/example_dags/example_nested_branch_dag.py took 0.106 seconds
[2021-09-21 01:28:01,101] {processor.py:162} INFO - Started process (PID=1438) to work on /home/airflow/.local/lib/python3.6/site-packages/airflow/example_dags/example_nested_branch_dag.py
[2021-09-21 01:28:01,104] {processor.py:613} INFO - Processing file /home/airflow/.local/lib/python3.6/site-packages/airflow/example_dags/example_nested_branch_dag.py for tasks to queue
[2021-09-21 01:28:01,105] {logging_mixin.py:109} INFO - [2021-09-21 01:28:01,105] {dagbag.py:496} INFO - Filling up the DagBag from /home/airflow/.local/lib/python3.6/site-packages/airflow/example_dags/example_nested_branch_dag.py
[2021-09-21 01:28:01,124] {processor.py:623} INFO - DAG(s) dict_keys(['example_nested_branch_dag']) retrieved from /home/airflow/.local/lib/python3.6/site-packages/airflow/example_dags/example_nested_branch_dag.py
[2021-09-21 01:28:01,153] {logging_mixin.py:109} INFO - [2021-09-21 01:28:01,153] {dag.py:1834} INFO - Sync 1 DAGs
[2021-09-21 01:28:01,174] {logging_mixin.py:109} INFO - [2021-09-21 01:28:01,173] {dag.py:2287} INFO - Setting next_dagrun for example_nested_branch_dag to 2021-09-19 00:00:00+00:00
[2021-09-21 01:28:01,185] {processor.py:170} INFO - Processing /home/airflow/.local/lib/python3.6/site-packages/airflow/example_dags/example_nested_branch_dag.py took 0.087 seconds
[2021-09-21 01:28:31,876] {processor.py:162} INFO - Started process (PID=1502) to work on /home/airflow/.local/lib/python3.6/site-packages/airflow/example_dags/example_nested_branch_dag.py
[2021-09-21 01:28:31,878] {processor.py:613} INFO - Processing file /home/airflow/.local/lib/python3.6/site-packages/airflow/example_dags/example_nested_branch_dag.py for tasks to queue
[2021-09-21 01:28:31,879] {logging_mixin.py:109} INFO - [2021-09-21 01:28:31,879] {dagbag.py:496} INFO - Filling up the DagBag from /home/airflow/.local/lib/python3.6/site-packages/airflow/example_dags/example_nested_branch_dag.py
[2021-09-21 01:28:31,894] {processor.py:623} INFO - DAG(s) dict_keys(['example_nested_branch_dag']) retrieved from /home/airflow/.local/lib/python3.6/site-packages/airflow/example_dags/example_nested_branch_dag.py
[2021-09-21 01:28:31,917] {logging_mixin.py:109} INFO - [2021-09-21 01:28:31,917] {dag.py:1834} INFO - Sync 1 DAGs
[2021-09-21 01:28:31,937] {logging_mixin.py:109} INFO - [2021-09-21 01:28:31,937] {dag.py:2287} INFO - Setting next_dagrun for example_nested_branch_dag to 2021-09-19 00:00:00+00:00
[2021-09-21 01:28:31,949] {processor.py:170} INFO - Processing /home/airflow/.local/lib/python3.6/site-packages/airflow/example_dags/example_nested_branch_dag.py took 0.076 seconds
[2021-09-21 01:29:02,522] {processor.py:162} INFO - Started process (PID=1565) to work on /home/airflow/.local/lib/python3.6/site-packages/airflow/example_dags/example_nested_branch_dag.py
[2021-09-21 01:29:02,524] {processor.py:613} INFO - Processing file /home/airflow/.local/lib/python3.6/site-packages/airflow/example_dags/example_nested_branch_dag.py for tasks to queue
[2021-09-21 01:29:02,526] {logging_mixin.py:109} INFO - [2021-09-21 01:29:02,526] {dagbag.py:496} INFO - Filling up the DagBag from /home/airflow/.local/lib/python3.6/site-packages/airflow/example_dags/example_nested_branch_dag.py
[2021-09-21 01:29:02,543] {processor.py:623} INFO - DAG(s) dict_keys(['example_nested_branch_dag']) retrieved from /home/airflow/.local/lib/python3.6/site-packages/airflow/example_dags/example_nested_branch_dag.py
[2021-09-21 01:29:02,569] {logging_mixin.py:109} INFO - [2021-09-21 01:29:02,569] {dag.py:1834} INFO - Sync 1 DAGs
[2021-09-21 01:29:02,588] {logging_mixin.py:109} INFO - [2021-09-21 01:29:02,587] {dag.py:2287} INFO - Setting next_dagrun for example_nested_branch_dag to 2021-09-19 00:00:00+00:00
[2021-09-21 01:29:02,598] {processor.py:170} INFO - Processing /home/airflow/.local/lib/python3.6/site-packages/airflow/example_dags/example_nested_branch_dag.py took 0.081 seconds
[2021-09-21 01:29:33,547] {processor.py:162} INFO - Started process (PID=1619) to work on /home/airflow/.local/lib/python3.6/site-packages/airflow/example_dags/example_nested_branch_dag.py
[2021-09-21 01:29:33,549] {processor.py:613} INFO - Processing file /home/airflow/.local/lib/python3.6/site-packages/airflow/example_dags/example_nested_branch_dag.py for tasks to queue
[2021-09-21 01:29:33,550] {logging_mixin.py:109} INFO - [2021-09-21 01:29:33,550] {dagbag.py:496} INFO - Filling up the DagBag from /home/airflow/.local/lib/python3.6/site-packages/airflow/example_dags/example_nested_branch_dag.py
[2021-09-21 01:29:33,569] {processor.py:623} INFO - DAG(s) dict_keys(['example_nested_branch_dag']) retrieved from /home/airflow/.local/lib/python3.6/site-packages/airflow/example_dags/example_nested_branch_dag.py
[2021-09-21 01:29:33,598] {logging_mixin.py:109} INFO - [2021-09-21 01:29:33,598] {dag.py:1834} INFO - Sync 1 DAGs
[2021-09-21 01:29:33,621] {logging_mixin.py:109} INFO - [2021-09-21 01:29:33,621] {dag.py:2287} INFO - Setting next_dagrun for example_nested_branch_dag to 2021-09-19 00:00:00+00:00
[2021-09-21 01:29:33,633] {processor.py:170} INFO - Processing /home/airflow/.local/lib/python3.6/site-packages/airflow/example_dags/example_nested_branch_dag.py took 0.090 seconds
[2021-09-21 01:30:03,843] {processor.py:162} INFO - Started process (PID=1683) to work on /home/airflow/.local/lib/python3.6/site-packages/airflow/example_dags/example_nested_branch_dag.py
[2021-09-21 01:30:03,846] {processor.py:613} INFO - Processing file /home/airflow/.local/lib/python3.6/site-packages/airflow/example_dags/example_nested_branch_dag.py for tasks to queue
[2021-09-21 01:30:03,847] {logging_mixin.py:109} INFO - [2021-09-21 01:30:03,847] {dagbag.py:496} INFO - Filling up the DagBag from /home/airflow/.local/lib/python3.6/site-packages/airflow/example_dags/example_nested_branch_dag.py
[2021-09-21 01:30:03,867] {processor.py:623} INFO - DAG(s) dict_keys(['example_nested_branch_dag']) retrieved from /home/airflow/.local/lib/python3.6/site-packages/airflow/example_dags/example_nested_branch_dag.py
[2021-09-21 01:30:03,897] {logging_mixin.py:109} INFO - [2021-09-21 01:30:03,896] {dag.py:1834} INFO - Sync 1 DAGs
[2021-09-21 01:30:03,920] {logging_mixin.py:109} INFO - [2021-09-21 01:30:03,920] {dag.py:2287} INFO - Setting next_dagrun for example_nested_branch_dag to 2021-09-19 00:00:00+00:00
[2021-09-21 01:30:03,931] {processor.py:170} INFO - Processing /home/airflow/.local/lib/python3.6/site-packages/airflow/example_dags/example_nested_branch_dag.py took 0.092 seconds
[2021-09-21 01:30:34,578] {processor.py:162} INFO - Started process (PID=1735) to work on /home/airflow/.local/lib/python3.6/site-packages/airflow/example_dags/example_nested_branch_dag.py
[2021-09-21 01:30:34,580] {processor.py:613} INFO - Processing file /home/airflow/.local/lib/python3.6/site-packages/airflow/example_dags/example_nested_branch_dag.py for tasks to queue
[2021-09-21 01:30:34,581] {logging_mixin.py:109} INFO - [2021-09-21 01:30:34,581] {dagbag.py:496} INFO - Filling up the DagBag from /home/airflow/.local/lib/python3.6/site-packages/airflow/example_dags/example_nested_branch_dag.py
[2021-09-21 01:30:34,600] {processor.py:623} INFO - DAG(s) dict_keys(['example_nested_branch_dag']) retrieved from /home/airflow/.local/lib/python3.6/site-packages/airflow/example_dags/example_nested_branch_dag.py
[2021-09-21 01:30:34,625] {logging_mixin.py:109} INFO - [2021-09-21 01:30:34,625] {dag.py:1834} INFO - Sync 1 DAGs
[2021-09-21 01:30:34,642] {logging_mixin.py:109} INFO - [2021-09-21 01:30:34,642] {dag.py:2287} INFO - Setting next_dagrun for example_nested_branch_dag to 2021-09-19 00:00:00+00:00
[2021-09-21 01:30:34,653] {processor.py:170} INFO - Processing /home/airflow/.local/lib/python3.6/site-packages/airflow/example_dags/example_nested_branch_dag.py took 0.079 seconds
[2021-09-21 01:31:04,731] {processor.py:162} INFO - Started process (PID=1798) to work on /home/airflow/.local/lib/python3.6/site-packages/airflow/example_dags/example_nested_branch_dag.py
[2021-09-21 01:31:04,734] {processor.py:613} INFO - Processing file /home/airflow/.local/lib/python3.6/site-packages/airflow/example_dags/example_nested_branch_dag.py for tasks to queue
[2021-09-21 01:31:04,735] {logging_mixin.py:109} INFO - [2021-09-21 01:31:04,735] {dagbag.py:496} INFO - Filling up the DagBag from /home/airflow/.local/lib/python3.6/site-packages/airflow/example_dags/example_nested_branch_dag.py
[2021-09-21 01:31:04,753] {processor.py:623} INFO - DAG(s) dict_keys(['example_nested_branch_dag']) retrieved from /home/airflow/.local/lib/python3.6/site-packages/airflow/example_dags/example_nested_branch_dag.py
[2021-09-21 01:31:04,778] {logging_mixin.py:109} INFO - [2021-09-21 01:31:04,778] {dag.py:1834} INFO - Sync 1 DAGs
[2021-09-21 01:31:04,796] {logging_mixin.py:109} INFO - [2021-09-21 01:31:04,796] {dag.py:2287} INFO - Setting next_dagrun for example_nested_branch_dag to 2021-09-19 00:00:00+00:00
[2021-09-21 01:31:04,808] {processor.py:170} INFO - Processing /home/airflow/.local/lib/python3.6/site-packages/airflow/example_dags/example_nested_branch_dag.py took 0.080 seconds
[2021-09-21 01:31:36,124] {processor.py:162} INFO - Started process (PID=1862) to work on /home/airflow/.local/lib/python3.6/site-packages/airflow/example_dags/example_nested_branch_dag.py
[2021-09-21 01:31:36,131] {processor.py:613} INFO - Processing file /home/airflow/.local/lib/python3.6/site-packages/airflow/example_dags/example_nested_branch_dag.py for tasks to queue
[2021-09-21 01:31:36,134] {logging_mixin.py:109} INFO - [2021-09-21 01:31:36,133] {dagbag.py:496} INFO - Filling up the DagBag from /home/airflow/.local/lib/python3.6/site-packages/airflow/example_dags/example_nested_branch_dag.py
[2021-09-21 01:31:36,161] {processor.py:623} INFO - DAG(s) dict_keys(['example_nested_branch_dag']) retrieved from /home/airflow/.local/lib/python3.6/site-packages/airflow/example_dags/example_nested_branch_dag.py
[2021-09-21 01:31:36,198] {logging_mixin.py:109} INFO - [2021-09-21 01:31:36,198] {dag.py:1834} INFO - Sync 1 DAGs
[2021-09-21 01:31:36,243] {logging_mixin.py:109} INFO - [2021-09-21 01:31:36,243] {dag.py:2287} INFO - Setting next_dagrun for example_nested_branch_dag to 2021-09-19 00:00:00+00:00
[2021-09-21 01:31:36,278] {processor.py:170} INFO - Processing /home/airflow/.local/lib/python3.6/site-packages/airflow/example_dags/example_nested_branch_dag.py took 0.159 seconds
[2021-09-21 01:32:07,024] {processor.py:162} INFO - Started process (PID=1915) to work on /home/airflow/.local/lib/python3.6/site-packages/airflow/example_dags/example_nested_branch_dag.py
[2021-09-21 01:32:07,026] {processor.py:613} INFO - Processing file /home/airflow/.local/lib/python3.6/site-packages/airflow/example_dags/example_nested_branch_dag.py for tasks to queue
[2021-09-21 01:32:07,028] {logging_mixin.py:109} INFO - [2021-09-21 01:32:07,027] {dagbag.py:496} INFO - Filling up the DagBag from /home/airflow/.local/lib/python3.6/site-packages/airflow/example_dags/example_nested_branch_dag.py
[2021-09-21 01:32:07,046] {processor.py:623} INFO - DAG(s) dict_keys(['example_nested_branch_dag']) retrieved from /home/airflow/.local/lib/python3.6/site-packages/airflow/example_dags/example_nested_branch_dag.py
[2021-09-21 01:32:07,075] {logging_mixin.py:109} INFO - [2021-09-21 01:32:07,075] {dag.py:1834} INFO - Sync 1 DAGs
[2021-09-21 01:32:07,096] {logging_mixin.py:109} INFO - [2021-09-21 01:32:07,096] {dag.py:2287} INFO - Setting next_dagrun for example_nested_branch_dag to 2021-09-19 00:00:00+00:00
[2021-09-21 01:32:07,108] {processor.py:170} INFO - Processing /home/airflow/.local/lib/python3.6/site-packages/airflow/example_dags/example_nested_branch_dag.py took 0.088 seconds
[2021-09-21 01:32:37,630] {processor.py:162} INFO - Started process (PID=1977) to work on /home/airflow/.local/lib/python3.6/site-packages/airflow/example_dags/example_nested_branch_dag.py
[2021-09-21 01:32:37,632] {processor.py:613} INFO - Processing file /home/airflow/.local/lib/python3.6/site-packages/airflow/example_dags/example_nested_branch_dag.py for tasks to queue
[2021-09-21 01:32:37,633] {logging_mixin.py:109} INFO - [2021-09-21 01:32:37,633] {dagbag.py:496} INFO - Filling up the DagBag from /home/airflow/.local/lib/python3.6/site-packages/airflow/example_dags/example_nested_branch_dag.py
[2021-09-21 01:32:37,648] {processor.py:623} INFO - DAG(s) dict_keys(['example_nested_branch_dag']) retrieved from /home/airflow/.local/lib/python3.6/site-packages/airflow/example_dags/example_nested_branch_dag.py
[2021-09-21 01:32:37,676] {logging_mixin.py:109} INFO - [2021-09-21 01:32:37,675] {dag.py:1834} INFO - Sync 1 DAGs
[2021-09-21 01:32:37,694] {logging_mixin.py:109} INFO - [2021-09-21 01:32:37,694] {dag.py:2287} INFO - Setting next_dagrun for example_nested_branch_dag to 2021-09-19 00:00:00+00:00
[2021-09-21 01:32:37,704] {processor.py:170} INFO - Processing /home/airflow/.local/lib/python3.6/site-packages/airflow/example_dags/example_nested_branch_dag.py took 0.078 seconds
[2021-09-21 01:33:08,405] {processor.py:162} INFO - Started process (PID=2032) to work on /home/airflow/.local/lib/python3.6/site-packages/airflow/example_dags/example_nested_branch_dag.py
[2021-09-21 01:33:08,407] {processor.py:613} INFO - Processing file /home/airflow/.local/lib/python3.6/site-packages/airflow/example_dags/example_nested_branch_dag.py for tasks to queue
[2021-09-21 01:33:08,408] {logging_mixin.py:109} INFO - [2021-09-21 01:33:08,408] {dagbag.py:496} INFO - Filling up the DagBag from /home/airflow/.local/lib/python3.6/site-packages/airflow/example_dags/example_nested_branch_dag.py
[2021-09-21 01:33:08,425] {processor.py:623} INFO - DAG(s) dict_keys(['example_nested_branch_dag']) retrieved from /home/airflow/.local/lib/python3.6/site-packages/airflow/example_dags/example_nested_branch_dag.py
[2021-09-21 01:33:08,452] {logging_mixin.py:109} INFO - [2021-09-21 01:33:08,452] {dag.py:1834} INFO - Sync 1 DAGs
[2021-09-21 01:33:08,473] {logging_mixin.py:109} INFO - [2021-09-21 01:33:08,473] {dag.py:2287} INFO - Setting next_dagrun for example_nested_branch_dag to 2021-09-19 00:00:00+00:00
[2021-09-21 01:33:08,484] {processor.py:170} INFO - Processing /home/airflow/.local/lib/python3.6/site-packages/airflow/example_dags/example_nested_branch_dag.py took 0.083 seconds
[2021-09-21 01:33:39,184] {processor.py:162} INFO - Started process (PID=2095) to work on /home/airflow/.local/lib/python3.6/site-packages/airflow/example_dags/example_nested_branch_dag.py
[2021-09-21 01:33:39,186] {processor.py:613} INFO - Processing file /home/airflow/.local/lib/python3.6/site-packages/airflow/example_dags/example_nested_branch_dag.py for tasks to queue
[2021-09-21 01:33:39,188] {logging_mixin.py:109} INFO - [2021-09-21 01:33:39,187] {dagbag.py:496} INFO - Filling up the DagBag from /home/airflow/.local/lib/python3.6/site-packages/airflow/example_dags/example_nested_branch_dag.py
[2021-09-21 01:33:39,204] {processor.py:623} INFO - DAG(s) dict_keys(['example_nested_branch_dag']) retrieved from /home/airflow/.local/lib/python3.6/site-packages/airflow/example_dags/example_nested_branch_dag.py
[2021-09-21 01:33:39,231] {logging_mixin.py:109} INFO - [2021-09-21 01:33:39,231] {dag.py:1834} INFO - Sync 1 DAGs
[2021-09-21 01:33:39,248] {logging_mixin.py:109} INFO - [2021-09-21 01:33:39,248] {dag.py:2287} INFO - Setting next_dagrun for example_nested_branch_dag to 2021-09-19 00:00:00+00:00
[2021-09-21 01:33:39,259] {processor.py:170} INFO - Processing /home/airflow/.local/lib/python3.6/site-packages/airflow/example_dags/example_nested_branch_dag.py took 0.078 seconds
[2021-09-21 01:34:09,874] {processor.py:162} INFO - Started process (PID=2159) to work on /home/airflow/.local/lib/python3.6/site-packages/airflow/example_dags/example_nested_branch_dag.py
[2021-09-21 01:34:09,877] {processor.py:613} INFO - Processing file /home/airflow/.local/lib/python3.6/site-packages/airflow/example_dags/example_nested_branch_dag.py for tasks to queue
[2021-09-21 01:34:09,879] {logging_mixin.py:109} INFO - [2021-09-21 01:34:09,878] {dagbag.py:496} INFO - Filling up the DagBag from /home/airflow/.local/lib/python3.6/site-packages/airflow/example_dags/example_nested_branch_dag.py
[2021-09-21 01:34:09,895] {processor.py:623} INFO - DAG(s) dict_keys(['example_nested_branch_dag']) retrieved from /home/airflow/.local/lib/python3.6/site-packages/airflow/example_dags/example_nested_branch_dag.py
[2021-09-21 01:34:09,920] {logging_mixin.py:109} INFO - [2021-09-21 01:34:09,920] {dag.py:1834} INFO - Sync 1 DAGs
[2021-09-21 01:34:09,938] {logging_mixin.py:109} INFO - [2021-09-21 01:34:09,938] {dag.py:2287} INFO - Setting next_dagrun for example_nested_branch_dag to 2021-09-19 00:00:00+00:00
[2021-09-21 01:34:09,949] {processor.py:170} INFO - Processing /home/airflow/.local/lib/python3.6/site-packages/airflow/example_dags/example_nested_branch_dag.py took 0.079 seconds
[2021-09-21 01:34:40,587] {processor.py:162} INFO - Started process (PID=2212) to work on /home/airflow/.local/lib/python3.6/site-packages/airflow/example_dags/example_nested_branch_dag.py
[2021-09-21 01:34:40,589] {processor.py:613} INFO - Processing file /home/airflow/.local/lib/python3.6/site-packages/airflow/example_dags/example_nested_branch_dag.py for tasks to queue
[2021-09-21 01:34:40,591] {logging_mixin.py:109} INFO - [2021-09-21 01:34:40,591] {dagbag.py:496} INFO - Filling up the DagBag from /home/airflow/.local/lib/python3.6/site-packages/airflow/example_dags/example_nested_branch_dag.py
[2021-09-21 01:34:40,607] {processor.py:623} INFO - DAG(s) dict_keys(['example_nested_branch_dag']) retrieved from /home/airflow/.local/lib/python3.6/site-packages/airflow/example_dags/example_nested_branch_dag.py
[2021-09-21 01:34:40,631] {logging_mixin.py:109} INFO - [2021-09-21 01:34:40,631] {dag.py:1834} INFO - Sync 1 DAGs
[2021-09-21 01:34:40,650] {logging_mixin.py:109} INFO - [2021-09-21 01:34:40,650] {dag.py:2287} INFO - Setting next_dagrun for example_nested_branch_dag to 2021-09-19 00:00:00+00:00
[2021-09-21 01:34:40,664] {processor.py:170} INFO - Processing /home/airflow/.local/lib/python3.6/site-packages/airflow/example_dags/example_nested_branch_dag.py took 0.081 seconds
[2021-09-21 01:35:10,990] {processor.py:162} INFO - Started process (PID=2274) to work on /home/airflow/.local/lib/python3.6/site-packages/airflow/example_dags/example_nested_branch_dag.py
[2021-09-21 01:35:10,993] {processor.py:613} INFO - Processing file /home/airflow/.local/lib/python3.6/site-packages/airflow/example_dags/example_nested_branch_dag.py for tasks to queue
[2021-09-21 01:35:10,995] {logging_mixin.py:109} INFO - [2021-09-21 01:35:10,995] {dagbag.py:496} INFO - Filling up the DagBag from /home/airflow/.local/lib/python3.6/site-packages/airflow/example_dags/example_nested_branch_dag.py
[2021-09-21 01:35:11,026] {processor.py:623} INFO - DAG(s) dict_keys(['example_nested_branch_dag']) retrieved from /home/airflow/.local/lib/python3.6/site-packages/airflow/example_dags/example_nested_branch_dag.py
[2021-09-21 01:35:11,061] {logging_mixin.py:109} INFO - [2021-09-21 01:35:11,061] {dag.py:1834} INFO - Sync 1 DAGs
[2021-09-21 01:35:11,089] {logging_mixin.py:109} INFO - [2021-09-21 01:35:11,089] {dag.py:2287} INFO - Setting next_dagrun for example_nested_branch_dag to 2021-09-19 00:00:00+00:00
[2021-09-21 01:35:11,110] {processor.py:170} INFO - Processing /home/airflow/.local/lib/python3.6/site-packages/airflow/example_dags/example_nested_branch_dag.py took 0.126 seconds
[2021-09-21 01:35:41,481] {processor.py:162} INFO - Started process (PID=2328) to work on /home/airflow/.local/lib/python3.6/site-packages/airflow/example_dags/example_nested_branch_dag.py
[2021-09-21 01:35:41,483] {processor.py:613} INFO - Processing file /home/airflow/.local/lib/python3.6/site-packages/airflow/example_dags/example_nested_branch_dag.py for tasks to queue
[2021-09-21 01:35:41,484] {logging_mixin.py:109} INFO - [2021-09-21 01:35:41,484] {dagbag.py:496} INFO - Filling up the DagBag from /home/airflow/.local/lib/python3.6/site-packages/airflow/example_dags/example_nested_branch_dag.py
[2021-09-21 01:35:41,500] {processor.py:623} INFO - DAG(s) dict_keys(['example_nested_branch_dag']) retrieved from /home/airflow/.local/lib/python3.6/site-packages/airflow/example_dags/example_nested_branch_dag.py
[2021-09-21 01:35:41,529] {logging_mixin.py:109} INFO - [2021-09-21 01:35:41,529] {dag.py:1834} INFO - Sync 1 DAGs
[2021-09-21 01:35:41,547] {logging_mixin.py:109} INFO - [2021-09-21 01:35:41,547] {dag.py:2287} INFO - Setting next_dagrun for example_nested_branch_dag to 2021-09-19 00:00:00+00:00
[2021-09-21 01:35:41,558] {processor.py:170} INFO - Processing /home/airflow/.local/lib/python3.6/site-packages/airflow/example_dags/example_nested_branch_dag.py took 0.081 seconds
[2021-09-21 01:36:12,401] {processor.py:162} INFO - Started process (PID=2393) to work on /home/airflow/.local/lib/python3.6/site-packages/airflow/example_dags/example_nested_branch_dag.py
[2021-09-21 01:36:12,404] {processor.py:613} INFO - Processing file /home/airflow/.local/lib/python3.6/site-packages/airflow/example_dags/example_nested_branch_dag.py for tasks to queue
[2021-09-21 01:36:12,405] {logging_mixin.py:109} INFO - [2021-09-21 01:36:12,405] {dagbag.py:496} INFO - Filling up the DagBag from /home/airflow/.local/lib/python3.6/site-packages/airflow/example_dags/example_nested_branch_dag.py
[2021-09-21 01:36:12,422] {processor.py:623} INFO - DAG(s) dict_keys(['example_nested_branch_dag']) retrieved from /home/airflow/.local/lib/python3.6/site-packages/airflow/example_dags/example_nested_branch_dag.py
[2021-09-21 01:36:12,448] {logging_mixin.py:109} INFO - [2021-09-21 01:36:12,448] {dag.py:1834} INFO - Sync 1 DAGs
[2021-09-21 01:36:12,467] {logging_mixin.py:109} INFO - [2021-09-21 01:36:12,466] {dag.py:2287} INFO - Setting next_dagrun for example_nested_branch_dag to 2021-09-19 00:00:00+00:00
[2021-09-21 01:36:12,481] {processor.py:170} INFO - Processing /home/airflow/.local/lib/python3.6/site-packages/airflow/example_dags/example_nested_branch_dag.py took 0.083 seconds
[2021-09-21 01:36:44,389] {processor.py:162} INFO - Started process (PID=2447) to work on /home/airflow/.local/lib/python3.6/site-packages/airflow/example_dags/example_nested_branch_dag.py
[2021-09-21 01:36:44,395] {processor.py:613} INFO - Processing file /home/airflow/.local/lib/python3.6/site-packages/airflow/example_dags/example_nested_branch_dag.py for tasks to queue
[2021-09-21 01:36:44,398] {logging_mixin.py:109} INFO - [2021-09-21 01:36:44,397] {dagbag.py:496} INFO - Filling up the DagBag from /home/airflow/.local/lib/python3.6/site-packages/airflow/example_dags/example_nested_branch_dag.py
[2021-09-21 01:36:44,436] {processor.py:623} INFO - DAG(s) dict_keys(['example_nested_branch_dag']) retrieved from /home/airflow/.local/lib/python3.6/site-packages/airflow/example_dags/example_nested_branch_dag.py
[2021-09-21 01:36:44,557] {logging_mixin.py:109} INFO - [2021-09-21 01:36:44,557] {dag.py:1834} INFO - Sync 1 DAGs
[2021-09-21 01:36:44,660] {logging_mixin.py:109} INFO - [2021-09-21 01:36:44,660] {dag.py:2287} INFO - Setting next_dagrun for example_nested_branch_dag to 2021-09-19 00:00:00+00:00
[2021-09-21 01:36:44,831] {processor.py:170} INFO - Processing /home/airflow/.local/lib/python3.6/site-packages/airflow/example_dags/example_nested_branch_dag.py took 0.463 seconds
[2021-09-21 01:37:16,203] {processor.py:162} INFO - Started process (PID=2510) to work on /home/airflow/.local/lib/python3.6/site-packages/airflow/example_dags/example_nested_branch_dag.py
[2021-09-21 01:37:16,206] {processor.py:613} INFO - Processing file /home/airflow/.local/lib/python3.6/site-packages/airflow/example_dags/example_nested_branch_dag.py for tasks to queue
[2021-09-21 01:37:16,207] {logging_mixin.py:109} INFO - [2021-09-21 01:37:16,207] {dagbag.py:496} INFO - Filling up the DagBag from /home/airflow/.local/lib/python3.6/site-packages/airflow/example_dags/example_nested_branch_dag.py
[2021-09-21 01:37:16,238] {processor.py:623} INFO - DAG(s) dict_keys(['example_nested_branch_dag']) retrieved from /home/airflow/.local/lib/python3.6/site-packages/airflow/example_dags/example_nested_branch_dag.py
[2021-09-21 01:37:16,282] {logging_mixin.py:109} INFO - [2021-09-21 01:37:16,282] {dag.py:1834} INFO - Sync 1 DAGs
[2021-09-21 01:37:16,302] {logging_mixin.py:109} INFO - [2021-09-21 01:37:16,302] {dag.py:2287} INFO - Setting next_dagrun for example_nested_branch_dag to 2021-09-19 00:00:00+00:00
[2021-09-21 01:37:16,315] {processor.py:170} INFO - Processing /home/airflow/.local/lib/python3.6/site-packages/airflow/example_dags/example_nested_branch_dag.py took 0.114 seconds
[2021-09-21 01:37:47,194] {processor.py:162} INFO - Started process (PID=2565) to work on /home/airflow/.local/lib/python3.6/site-packages/airflow/example_dags/example_nested_branch_dag.py
[2021-09-21 01:37:47,197] {processor.py:613} INFO - Processing file /home/airflow/.local/lib/python3.6/site-packages/airflow/example_dags/example_nested_branch_dag.py for tasks to queue
[2021-09-21 01:37:47,199] {logging_mixin.py:109} INFO - [2021-09-21 01:37:47,198] {dagbag.py:496} INFO - Filling up the DagBag from /home/airflow/.local/lib/python3.6/site-packages/airflow/example_dags/example_nested_branch_dag.py
[2021-09-21 01:37:47,217] {processor.py:623} INFO - DAG(s) dict_keys(['example_nested_branch_dag']) retrieved from /home/airflow/.local/lib/python3.6/site-packages/airflow/example_dags/example_nested_branch_dag.py
[2021-09-21 01:37:47,244] {logging_mixin.py:109} INFO - [2021-09-21 01:37:47,244] {dag.py:1834} INFO - Sync 1 DAGs
[2021-09-21 01:37:47,264] {logging_mixin.py:109} INFO - [2021-09-21 01:37:47,264] {dag.py:2287} INFO - Setting next_dagrun for example_nested_branch_dag to 2021-09-19 00:00:00+00:00
[2021-09-21 01:37:47,276] {processor.py:170} INFO - Processing /home/airflow/.local/lib/python3.6/site-packages/airflow/example_dags/example_nested_branch_dag.py took 0.088 seconds
[2021-09-21 01:38:17,706] {processor.py:162} INFO - Started process (PID=2630) to work on /home/airflow/.local/lib/python3.6/site-packages/airflow/example_dags/example_nested_branch_dag.py
[2021-09-21 01:38:17,713] {processor.py:613} INFO - Processing file /home/airflow/.local/lib/python3.6/site-packages/airflow/example_dags/example_nested_branch_dag.py for tasks to queue
[2021-09-21 01:38:17,716] {logging_mixin.py:109} INFO - [2021-09-21 01:38:17,716] {dagbag.py:496} INFO - Filling up the DagBag from /home/airflow/.local/lib/python3.6/site-packages/airflow/example_dags/example_nested_branch_dag.py
[2021-09-21 01:38:17,765] {processor.py:623} INFO - DAG(s) dict_keys(['example_nested_branch_dag']) retrieved from /home/airflow/.local/lib/python3.6/site-packages/airflow/example_dags/example_nested_branch_dag.py
[2021-09-21 01:38:17,829] {logging_mixin.py:109} INFO - [2021-09-21 01:38:17,829] {dag.py:1834} INFO - Sync 1 DAGs
[2021-09-21 01:38:17,861] {logging_mixin.py:109} INFO - [2021-09-21 01:38:17,861] {dag.py:2287} INFO - Setting next_dagrun for example_nested_branch_dag to 2021-09-19 00:00:00+00:00
[2021-09-21 01:38:17,891] {processor.py:170} INFO - Processing /home/airflow/.local/lib/python3.6/site-packages/airflow/example_dags/example_nested_branch_dag.py took 0.198 seconds
[2021-09-21 01:38:48,424] {processor.py:162} INFO - Started process (PID=2682) to work on /home/airflow/.local/lib/python3.6/site-packages/airflow/example_dags/example_nested_branch_dag.py
[2021-09-21 01:38:48,426] {processor.py:613} INFO - Processing file /home/airflow/.local/lib/python3.6/site-packages/airflow/example_dags/example_nested_branch_dag.py for tasks to queue
[2021-09-21 01:38:48,429] {logging_mixin.py:109} INFO - [2021-09-21 01:38:48,429] {dagbag.py:496} INFO - Filling up the DagBag from /home/airflow/.local/lib/python3.6/site-packages/airflow/example_dags/example_nested_branch_dag.py
[2021-09-21 01:38:48,448] {processor.py:623} INFO - DAG(s) dict_keys(['example_nested_branch_dag']) retrieved from /home/airflow/.local/lib/python3.6/site-packages/airflow/example_dags/example_nested_branch_dag.py
[2021-09-21 01:38:48,477] {logging_mixin.py:109} INFO - [2021-09-21 01:38:48,477] {dag.py:1834} INFO - Sync 1 DAGs
[2021-09-21 01:38:48,501] {logging_mixin.py:109} INFO - [2021-09-21 01:38:48,501] {dag.py:2287} INFO - Setting next_dagrun for example_nested_branch_dag to 2021-09-19 00:00:00+00:00
[2021-09-21 01:38:48,514] {processor.py:170} INFO - Processing /home/airflow/.local/lib/python3.6/site-packages/airflow/example_dags/example_nested_branch_dag.py took 0.094 seconds
[2021-09-21 01:39:18,688] {processor.py:162} INFO - Started process (PID=2745) to work on /home/airflow/.local/lib/python3.6/site-packages/airflow/example_dags/example_nested_branch_dag.py
[2021-09-21 01:39:18,690] {processor.py:613} INFO - Processing file /home/airflow/.local/lib/python3.6/site-packages/airflow/example_dags/example_nested_branch_dag.py for tasks to queue
[2021-09-21 01:39:18,692] {logging_mixin.py:109} INFO - [2021-09-21 01:39:18,692] {dagbag.py:496} INFO - Filling up the DagBag from /home/airflow/.local/lib/python3.6/site-packages/airflow/example_dags/example_nested_branch_dag.py
[2021-09-21 01:39:18,706] {processor.py:623} INFO - DAG(s) dict_keys(['example_nested_branch_dag']) retrieved from /home/airflow/.local/lib/python3.6/site-packages/airflow/example_dags/example_nested_branch_dag.py
[2021-09-21 01:39:18,730] {logging_mixin.py:109} INFO - [2021-09-21 01:39:18,730] {dag.py:1834} INFO - Sync 1 DAGs
[2021-09-21 01:39:18,747] {logging_mixin.py:109} INFO - [2021-09-21 01:39:18,747] {dag.py:2287} INFO - Setting next_dagrun for example_nested_branch_dag to 2021-09-19 00:00:00+00:00
[2021-09-21 01:39:18,758] {processor.py:170} INFO - Processing /home/airflow/.local/lib/python3.6/site-packages/airflow/example_dags/example_nested_branch_dag.py took 0.073 seconds
[2021-09-21 01:39:48,848] {processor.py:162} INFO - Started process (PID=2797) to work on /home/airflow/.local/lib/python3.6/site-packages/airflow/example_dags/example_nested_branch_dag.py
[2021-09-21 01:39:48,850] {processor.py:613} INFO - Processing file /home/airflow/.local/lib/python3.6/site-packages/airflow/example_dags/example_nested_branch_dag.py for tasks to queue
[2021-09-21 01:39:48,851] {logging_mixin.py:109} INFO - [2021-09-21 01:39:48,851] {dagbag.py:496} INFO - Filling up the DagBag from /home/airflow/.local/lib/python3.6/site-packages/airflow/example_dags/example_nested_branch_dag.py
[2021-09-21 01:39:48,870] {processor.py:623} INFO - DAG(s) dict_keys(['example_nested_branch_dag']) retrieved from /home/airflow/.local/lib/python3.6/site-packages/airflow/example_dags/example_nested_branch_dag.py
[2021-09-21 01:39:48,897] {logging_mixin.py:109} INFO - [2021-09-21 01:39:48,896] {dag.py:1834} INFO - Sync 1 DAGs
[2021-09-21 01:39:48,920] {logging_mixin.py:109} INFO - [2021-09-21 01:39:48,920] {dag.py:2287} INFO - Setting next_dagrun for example_nested_branch_dag to 2021-09-19 00:00:00+00:00
[2021-09-21 01:39:48,933] {processor.py:170} INFO - Processing /home/airflow/.local/lib/python3.6/site-packages/airflow/example_dags/example_nested_branch_dag.py took 0.089 seconds
[2021-09-21 01:40:19,046] {processor.py:162} INFO - Started process (PID=2860) to work on /home/airflow/.local/lib/python3.6/site-packages/airflow/example_dags/example_nested_branch_dag.py
[2021-09-21 01:40:19,048] {processor.py:613} INFO - Processing file /home/airflow/.local/lib/python3.6/site-packages/airflow/example_dags/example_nested_branch_dag.py for tasks to queue
[2021-09-21 01:40:19,050] {logging_mixin.py:109} INFO - [2021-09-21 01:40:19,049] {dagbag.py:496} INFO - Filling up the DagBag from /home/airflow/.local/lib/python3.6/site-packages/airflow/example_dags/example_nested_branch_dag.py
[2021-09-21 01:40:19,066] {processor.py:623} INFO - DAG(s) dict_keys(['example_nested_branch_dag']) retrieved from /home/airflow/.local/lib/python3.6/site-packages/airflow/example_dags/example_nested_branch_dag.py
[2021-09-21 01:40:19,090] {logging_mixin.py:109} INFO - [2021-09-21 01:40:19,090] {dag.py:1834} INFO - Sync 1 DAGs
[2021-09-21 01:40:19,108] {logging_mixin.py:109} INFO - [2021-09-21 01:40:19,108] {dag.py:2287} INFO - Setting next_dagrun for example_nested_branch_dag to 2021-09-19 00:00:00+00:00
[2021-09-21 01:40:19,118] {processor.py:170} INFO - Processing /home/airflow/.local/lib/python3.6/site-packages/airflow/example_dags/example_nested_branch_dag.py took 0.076 seconds
[2021-09-21 01:40:49,669] {processor.py:162} INFO - Started process (PID=2923) to work on /home/airflow/.local/lib/python3.6/site-packages/airflow/example_dags/example_nested_branch_dag.py
[2021-09-21 01:40:49,672] {processor.py:613} INFO - Processing file /home/airflow/.local/lib/python3.6/site-packages/airflow/example_dags/example_nested_branch_dag.py for tasks to queue
[2021-09-21 01:40:49,673] {logging_mixin.py:109} INFO - [2021-09-21 01:40:49,673] {dagbag.py:496} INFO - Filling up the DagBag from /home/airflow/.local/lib/python3.6/site-packages/airflow/example_dags/example_nested_branch_dag.py
[2021-09-21 01:40:49,692] {processor.py:623} INFO - DAG(s) dict_keys(['example_nested_branch_dag']) retrieved from /home/airflow/.local/lib/python3.6/site-packages/airflow/example_dags/example_nested_branch_dag.py
[2021-09-21 01:40:49,719] {logging_mixin.py:109} INFO - [2021-09-21 01:40:49,719] {dag.py:1834} INFO - Sync 1 DAGs
[2021-09-21 01:40:49,737] {logging_mixin.py:109} INFO - [2021-09-21 01:40:49,737] {dag.py:2287} INFO - Setting next_dagrun for example_nested_branch_dag to 2021-09-19 00:00:00+00:00
[2021-09-21 01:40:49,749] {processor.py:170} INFO - Processing /home/airflow/.local/lib/python3.6/site-packages/airflow/example_dags/example_nested_branch_dag.py took 0.084 seconds
[2021-09-21 01:41:20,492] {processor.py:162} INFO - Started process (PID=2976) to work on /home/airflow/.local/lib/python3.6/site-packages/airflow/example_dags/example_nested_branch_dag.py
[2021-09-21 01:41:20,493] {processor.py:613} INFO - Processing file /home/airflow/.local/lib/python3.6/site-packages/airflow/example_dags/example_nested_branch_dag.py for tasks to queue
[2021-09-21 01:41:20,495] {logging_mixin.py:109} INFO - [2021-09-21 01:41:20,495] {dagbag.py:496} INFO - Filling up the DagBag from /home/airflow/.local/lib/python3.6/site-packages/airflow/example_dags/example_nested_branch_dag.py
[2021-09-21 01:41:20,511] {processor.py:623} INFO - DAG(s) dict_keys(['example_nested_branch_dag']) retrieved from /home/airflow/.local/lib/python3.6/site-packages/airflow/example_dags/example_nested_branch_dag.py
[2021-09-21 01:41:20,535] {logging_mixin.py:109} INFO - [2021-09-21 01:41:20,535] {dag.py:1834} INFO - Sync 1 DAGs
[2021-09-21 01:41:20,553] {logging_mixin.py:109} INFO - [2021-09-21 01:41:20,553] {dag.py:2287} INFO - Setting next_dagrun for example_nested_branch_dag to 2021-09-19 00:00:00+00:00
[2021-09-21 01:41:20,564] {processor.py:170} INFO - Processing /home/airflow/.local/lib/python3.6/site-packages/airflow/example_dags/example_nested_branch_dag.py took 0.076 seconds
[2021-09-21 01:41:50,778] {processor.py:162} INFO - Started process (PID=3041) to work on /home/airflow/.local/lib/python3.6/site-packages/airflow/example_dags/example_nested_branch_dag.py
[2021-09-21 01:41:50,780] {processor.py:613} INFO - Processing file /home/airflow/.local/lib/python3.6/site-packages/airflow/example_dags/example_nested_branch_dag.py for tasks to queue
[2021-09-21 01:41:50,782] {logging_mixin.py:109} INFO - [2021-09-21 01:41:50,782] {dagbag.py:496} INFO - Filling up the DagBag from /home/airflow/.local/lib/python3.6/site-packages/airflow/example_dags/example_nested_branch_dag.py
[2021-09-21 01:41:50,799] {processor.py:623} INFO - DAG(s) dict_keys(['example_nested_branch_dag']) retrieved from /home/airflow/.local/lib/python3.6/site-packages/airflow/example_dags/example_nested_branch_dag.py
[2021-09-21 01:41:50,825] {logging_mixin.py:109} INFO - [2021-09-21 01:41:50,825] {dag.py:1834} INFO - Sync 1 DAGs
[2021-09-21 01:41:50,863] {logging_mixin.py:109} INFO - [2021-09-21 01:41:50,863] {dag.py:2287} INFO - Setting next_dagrun for example_nested_branch_dag to 2021-09-19 00:00:00+00:00
[2021-09-21 01:41:50,878] {processor.py:170} INFO - Processing /home/airflow/.local/lib/python3.6/site-packages/airflow/example_dags/example_nested_branch_dag.py took 0.103 seconds
[2021-09-21 01:42:20,921] {processor.py:162} INFO - Started process (PID=3096) to work on /home/airflow/.local/lib/python3.6/site-packages/airflow/example_dags/example_nested_branch_dag.py
[2021-09-21 01:42:20,923] {processor.py:613} INFO - Processing file /home/airflow/.local/lib/python3.6/site-packages/airflow/example_dags/example_nested_branch_dag.py for tasks to queue
[2021-09-21 01:42:20,924] {logging_mixin.py:109} INFO - [2021-09-21 01:42:20,924] {dagbag.py:496} INFO - Filling up the DagBag from /home/airflow/.local/lib/python3.6/site-packages/airflow/example_dags/example_nested_branch_dag.py
[2021-09-21 01:42:20,941] {processor.py:623} INFO - DAG(s) dict_keys(['example_nested_branch_dag']) retrieved from /home/airflow/.local/lib/python3.6/site-packages/airflow/example_dags/example_nested_branch_dag.py
[2021-09-21 01:42:20,966] {logging_mixin.py:109} INFO - [2021-09-21 01:42:20,966] {dag.py:1834} INFO - Sync 1 DAGs
[2021-09-21 01:42:20,985] {logging_mixin.py:109} INFO - [2021-09-21 01:42:20,985] {dag.py:2287} INFO - Setting next_dagrun for example_nested_branch_dag to 2021-09-19 00:00:00+00:00
[2021-09-21 01:42:20,997] {processor.py:170} INFO - Processing /home/airflow/.local/lib/python3.6/site-packages/airflow/example_dags/example_nested_branch_dag.py took 0.085 seconds
[2021-09-21 01:42:51,154] {processor.py:162} INFO - Started process (PID=3161) to work on /home/airflow/.local/lib/python3.6/site-packages/airflow/example_dags/example_nested_branch_dag.py
[2021-09-21 01:42:51,156] {processor.py:613} INFO - Processing file /home/airflow/.local/lib/python3.6/site-packages/airflow/example_dags/example_nested_branch_dag.py for tasks to queue
[2021-09-21 01:42:51,157] {logging_mixin.py:109} INFO - [2021-09-21 01:42:51,157] {dagbag.py:496} INFO - Filling up the DagBag from /home/airflow/.local/lib/python3.6/site-packages/airflow/example_dags/example_nested_branch_dag.py
[2021-09-21 01:42:51,175] {processor.py:623} INFO - DAG(s) dict_keys(['example_nested_branch_dag']) retrieved from /home/airflow/.local/lib/python3.6/site-packages/airflow/example_dags/example_nested_branch_dag.py
[2021-09-21 01:42:51,202] {logging_mixin.py:109} INFO - [2021-09-21 01:42:51,202] {dag.py:1834} INFO - Sync 1 DAGs
[2021-09-21 01:42:51,234] {logging_mixin.py:109} INFO - [2021-09-21 01:42:51,234] {dag.py:2287} INFO - Setting next_dagrun for example_nested_branch_dag to 2021-09-19 00:00:00+00:00
[2021-09-21 01:42:51,250] {processor.py:170} INFO - Processing /home/airflow/.local/lib/python3.6/site-packages/airflow/example_dags/example_nested_branch_dag.py took 0.100 seconds
[2021-09-21 01:43:25,235] {processor.py:162} INFO - Started process (PID=3222) to work on /home/airflow/.local/lib/python3.6/site-packages/airflow/example_dags/example_nested_branch_dag.py
[2021-09-21 01:43:25,238] {processor.py:613} INFO - Processing file /home/airflow/.local/lib/python3.6/site-packages/airflow/example_dags/example_nested_branch_dag.py for tasks to queue
[2021-09-21 01:43:25,241] {logging_mixin.py:109} INFO - [2021-09-21 01:43:25,241] {dagbag.py:496} INFO - Filling up the DagBag from /home/airflow/.local/lib/python3.6/site-packages/airflow/example_dags/example_nested_branch_dag.py
[2021-09-21 01:43:25,275] {processor.py:623} INFO - DAG(s) dict_keys(['example_nested_branch_dag']) retrieved from /home/airflow/.local/lib/python3.6/site-packages/airflow/example_dags/example_nested_branch_dag.py
[2021-09-21 01:43:25,326] {logging_mixin.py:109} INFO - [2021-09-21 01:43:25,326] {dag.py:1834} INFO - Sync 1 DAGs
[2021-09-21 01:43:25,364] {logging_mixin.py:109} INFO - [2021-09-21 01:43:25,364] {dag.py:2287} INFO - Setting next_dagrun for example_nested_branch_dag to 2021-09-19 00:00:00+00:00
[2021-09-21 01:43:25,387] {processor.py:170} INFO - Processing /home/airflow/.local/lib/python3.6/site-packages/airflow/example_dags/example_nested_branch_dag.py took 0.159 seconds
[2021-09-21 01:43:56,032] {processor.py:162} INFO - Started process (PID=3272) to work on /home/airflow/.local/lib/python3.6/site-packages/airflow/example_dags/example_nested_branch_dag.py
[2021-09-21 01:43:56,035] {processor.py:613} INFO - Processing file /home/airflow/.local/lib/python3.6/site-packages/airflow/example_dags/example_nested_branch_dag.py for tasks to queue
[2021-09-21 01:43:56,036] {logging_mixin.py:109} INFO - [2021-09-21 01:43:56,036] {dagbag.py:496} INFO - Filling up the DagBag from /home/airflow/.local/lib/python3.6/site-packages/airflow/example_dags/example_nested_branch_dag.py
[2021-09-21 01:43:56,054] {processor.py:623} INFO - DAG(s) dict_keys(['example_nested_branch_dag']) retrieved from /home/airflow/.local/lib/python3.6/site-packages/airflow/example_dags/example_nested_branch_dag.py
[2021-09-21 01:43:56,080] {logging_mixin.py:109} INFO - [2021-09-21 01:43:56,080] {dag.py:1834} INFO - Sync 1 DAGs
[2021-09-21 01:43:56,100] {logging_mixin.py:109} INFO - [2021-09-21 01:43:56,100] {dag.py:2287} INFO - Setting next_dagrun for example_nested_branch_dag to 2021-09-19 00:00:00+00:00
[2021-09-21 01:43:56,112] {processor.py:170} INFO - Processing /home/airflow/.local/lib/python3.6/site-packages/airflow/example_dags/example_nested_branch_dag.py took 0.083 seconds
[2021-09-21 01:44:26,725] {processor.py:162} INFO - Started process (PID=3336) to work on /home/airflow/.local/lib/python3.6/site-packages/airflow/example_dags/example_nested_branch_dag.py
[2021-09-21 01:44:26,728] {processor.py:613} INFO - Processing file /home/airflow/.local/lib/python3.6/site-packages/airflow/example_dags/example_nested_branch_dag.py for tasks to queue
[2021-09-21 01:44:26,730] {logging_mixin.py:109} INFO - [2021-09-21 01:44:26,730] {dagbag.py:496} INFO - Filling up the DagBag from /home/airflow/.local/lib/python3.6/site-packages/airflow/example_dags/example_nested_branch_dag.py
[2021-09-21 01:44:26,750] {processor.py:623} INFO - DAG(s) dict_keys(['example_nested_branch_dag']) retrieved from /home/airflow/.local/lib/python3.6/site-packages/airflow/example_dags/example_nested_branch_dag.py
[2021-09-21 01:44:26,776] {logging_mixin.py:109} INFO - [2021-09-21 01:44:26,776] {dag.py:1834} INFO - Sync 1 DAGs
[2021-09-21 01:44:26,798] {logging_mixin.py:109} INFO - [2021-09-21 01:44:26,798] {dag.py:2287} INFO - Setting next_dagrun for example_nested_branch_dag to 2021-09-19 00:00:00+00:00
[2021-09-21 01:44:26,812] {processor.py:170} INFO - Processing /home/airflow/.local/lib/python3.6/site-packages/airflow/example_dags/example_nested_branch_dag.py took 0.092 seconds
[2021-09-21 01:44:56,893] {processor.py:162} INFO - Started process (PID=3388) to work on /home/airflow/.local/lib/python3.6/site-packages/airflow/example_dags/example_nested_branch_dag.py
[2021-09-21 01:44:56,895] {processor.py:613} INFO - Processing file /home/airflow/.local/lib/python3.6/site-packages/airflow/example_dags/example_nested_branch_dag.py for tasks to queue
[2021-09-21 01:44:56,896] {logging_mixin.py:109} INFO - [2021-09-21 01:44:56,896] {dagbag.py:496} INFO - Filling up the DagBag from /home/airflow/.local/lib/python3.6/site-packages/airflow/example_dags/example_nested_branch_dag.py
[2021-09-21 01:44:56,912] {processor.py:623} INFO - DAG(s) dict_keys(['example_nested_branch_dag']) retrieved from /home/airflow/.local/lib/python3.6/site-packages/airflow/example_dags/example_nested_branch_dag.py
[2021-09-21 01:44:56,936] {logging_mixin.py:109} INFO - [2021-09-21 01:44:56,935] {dag.py:1834} INFO - Sync 1 DAGs
[2021-09-21 01:44:56,951] {logging_mixin.py:109} INFO - [2021-09-21 01:44:56,951] {dag.py:2287} INFO - Setting next_dagrun for example_nested_branch_dag to 2021-09-19 00:00:00+00:00
[2021-09-21 01:44:56,961] {processor.py:170} INFO - Processing /home/airflow/.local/lib/python3.6/site-packages/airflow/example_dags/example_nested_branch_dag.py took 0.072 seconds
[2021-09-21 01:45:27,750] {processor.py:162} INFO - Started process (PID=3452) to work on /home/airflow/.local/lib/python3.6/site-packages/airflow/example_dags/example_nested_branch_dag.py
[2021-09-21 01:45:27,751] {processor.py:613} INFO - Processing file /home/airflow/.local/lib/python3.6/site-packages/airflow/example_dags/example_nested_branch_dag.py for tasks to queue
[2021-09-21 01:45:27,753] {logging_mixin.py:109} INFO - [2021-09-21 01:45:27,753] {dagbag.py:496} INFO - Filling up the DagBag from /home/airflow/.local/lib/python3.6/site-packages/airflow/example_dags/example_nested_branch_dag.py
[2021-09-21 01:45:27,774] {processor.py:623} INFO - DAG(s) dict_keys(['example_nested_branch_dag']) retrieved from /home/airflow/.local/lib/python3.6/site-packages/airflow/example_dags/example_nested_branch_dag.py
[2021-09-21 01:45:27,812] {logging_mixin.py:109} INFO - [2021-09-21 01:45:27,812] {dag.py:1834} INFO - Sync 1 DAGs
[2021-09-21 01:45:27,831] {logging_mixin.py:109} INFO - [2021-09-21 01:45:27,831] {dag.py:2287} INFO - Setting next_dagrun for example_nested_branch_dag to 2021-09-19 00:00:00+00:00
[2021-09-21 01:45:27,843] {processor.py:170} INFO - Processing /home/airflow/.local/lib/python3.6/site-packages/airflow/example_dags/example_nested_branch_dag.py took 0.098 seconds
[2021-09-21 01:45:58,607] {processor.py:162} INFO - Started process (PID=3515) to work on /home/airflow/.local/lib/python3.6/site-packages/airflow/example_dags/example_nested_branch_dag.py
[2021-09-21 01:45:58,608] {processor.py:613} INFO - Processing file /home/airflow/.local/lib/python3.6/site-packages/airflow/example_dags/example_nested_branch_dag.py for tasks to queue
[2021-09-21 01:45:58,610] {logging_mixin.py:109} INFO - [2021-09-21 01:45:58,610] {dagbag.py:496} INFO - Filling up the DagBag from /home/airflow/.local/lib/python3.6/site-packages/airflow/example_dags/example_nested_branch_dag.py
[2021-09-21 01:45:58,626] {processor.py:623} INFO - DAG(s) dict_keys(['example_nested_branch_dag']) retrieved from /home/airflow/.local/lib/python3.6/site-packages/airflow/example_dags/example_nested_branch_dag.py
[2021-09-21 01:45:58,650] {logging_mixin.py:109} INFO - [2021-09-21 01:45:58,650] {dag.py:1834} INFO - Sync 1 DAGs
[2021-09-21 01:45:58,668] {logging_mixin.py:109} INFO - [2021-09-21 01:45:58,668] {dag.py:2287} INFO - Setting next_dagrun for example_nested_branch_dag to 2021-09-19 00:00:00+00:00
[2021-09-21 01:45:58,678] {processor.py:170} INFO - Processing /home/airflow/.local/lib/python3.6/site-packages/airflow/example_dags/example_nested_branch_dag.py took 0.076 seconds
[2021-09-21 01:46:29,806] {processor.py:162} INFO - Started process (PID=3577) to work on /home/airflow/.local/lib/python3.6/site-packages/airflow/example_dags/example_nested_branch_dag.py
[2021-09-21 01:46:29,808] {processor.py:613} INFO - Processing file /home/airflow/.local/lib/python3.6/site-packages/airflow/example_dags/example_nested_branch_dag.py for tasks to queue
[2021-09-21 01:46:29,809] {logging_mixin.py:109} INFO - [2021-09-21 01:46:29,809] {dagbag.py:496} INFO - Filling up the DagBag from /home/airflow/.local/lib/python3.6/site-packages/airflow/example_dags/example_nested_branch_dag.py
[2021-09-21 01:46:29,830] {processor.py:623} INFO - DAG(s) dict_keys(['example_nested_branch_dag']) retrieved from /home/airflow/.local/lib/python3.6/site-packages/airflow/example_dags/example_nested_branch_dag.py
[2021-09-21 01:46:29,860] {logging_mixin.py:109} INFO - [2021-09-21 01:46:29,860] {dag.py:1834} INFO - Sync 1 DAGs
[2021-09-21 01:46:29,882] {logging_mixin.py:109} INFO - [2021-09-21 01:46:29,882] {dag.py:2287} INFO - Setting next_dagrun for example_nested_branch_dag to 2021-09-19 00:00:00+00:00
[2021-09-21 01:46:29,896] {processor.py:170} INFO - Processing /home/airflow/.local/lib/python3.6/site-packages/airflow/example_dags/example_nested_branch_dag.py took 0.096 seconds
[2021-09-21 01:47:00,989] {processor.py:162} INFO - Started process (PID=3633) to work on /home/airflow/.local/lib/python3.6/site-packages/airflow/example_dags/example_nested_branch_dag.py
[2021-09-21 01:47:00,993] {processor.py:613} INFO - Processing file /home/airflow/.local/lib/python3.6/site-packages/airflow/example_dags/example_nested_branch_dag.py for tasks to queue
[2021-09-21 01:47:00,995] {logging_mixin.py:109} INFO - [2021-09-21 01:47:00,995] {dagbag.py:496} INFO - Filling up the DagBag from /home/airflow/.local/lib/python3.6/site-packages/airflow/example_dags/example_nested_branch_dag.py
[2021-09-21 01:47:01,023] {processor.py:623} INFO - DAG(s) dict_keys(['example_nested_branch_dag']) retrieved from /home/airflow/.local/lib/python3.6/site-packages/airflow/example_dags/example_nested_branch_dag.py
[2021-09-21 01:47:01,059] {logging_mixin.py:109} INFO - [2021-09-21 01:47:01,059] {dag.py:1834} INFO - Sync 1 DAGs
[2021-09-21 01:47:01,087] {logging_mixin.py:109} INFO - [2021-09-21 01:47:01,087] {dag.py:2287} INFO - Setting next_dagrun for example_nested_branch_dag to 2021-09-19 00:00:00+00:00
[2021-09-21 01:47:01,103] {processor.py:170} INFO - Processing /home/airflow/.local/lib/python3.6/site-packages/airflow/example_dags/example_nested_branch_dag.py took 0.120 seconds
[2021-09-21 01:47:31,303] {processor.py:162} INFO - Started process (PID=3698) to work on /home/airflow/.local/lib/python3.6/site-packages/airflow/example_dags/example_nested_branch_dag.py
[2021-09-21 01:47:31,307] {processor.py:613} INFO - Processing file /home/airflow/.local/lib/python3.6/site-packages/airflow/example_dags/example_nested_branch_dag.py for tasks to queue
[2021-09-21 01:47:31,308] {logging_mixin.py:109} INFO - [2021-09-21 01:47:31,308] {dagbag.py:496} INFO - Filling up the DagBag from /home/airflow/.local/lib/python3.6/site-packages/airflow/example_dags/example_nested_branch_dag.py
[2021-09-21 01:47:31,333] {processor.py:623} INFO - DAG(s) dict_keys(['example_nested_branch_dag']) retrieved from /home/airflow/.local/lib/python3.6/site-packages/airflow/example_dags/example_nested_branch_dag.py
[2021-09-21 01:47:31,374] {logging_mixin.py:109} INFO - [2021-09-21 01:47:31,374] {dag.py:1834} INFO - Sync 1 DAGs
[2021-09-21 01:47:31,398] {logging_mixin.py:109} INFO - [2021-09-21 01:47:31,397] {dag.py:2287} INFO - Setting next_dagrun for example_nested_branch_dag to 2021-09-19 00:00:00+00:00
[2021-09-21 01:47:31,412] {processor.py:170} INFO - Processing /home/airflow/.local/lib/python3.6/site-packages/airflow/example_dags/example_nested_branch_dag.py took 0.113 seconds
[2021-09-21 01:48:02,198] {processor.py:162} INFO - Started process (PID=3751) to work on /home/airflow/.local/lib/python3.6/site-packages/airflow/example_dags/example_nested_branch_dag.py
[2021-09-21 01:48:02,201] {processor.py:613} INFO - Processing file /home/airflow/.local/lib/python3.6/site-packages/airflow/example_dags/example_nested_branch_dag.py for tasks to queue
[2021-09-21 01:48:02,203] {logging_mixin.py:109} INFO - [2021-09-21 01:48:02,202] {dagbag.py:496} INFO - Filling up the DagBag from /home/airflow/.local/lib/python3.6/site-packages/airflow/example_dags/example_nested_branch_dag.py
[2021-09-21 01:48:02,223] {processor.py:623} INFO - DAG(s) dict_keys(['example_nested_branch_dag']) retrieved from /home/airflow/.local/lib/python3.6/site-packages/airflow/example_dags/example_nested_branch_dag.py
[2021-09-21 01:48:02,250] {logging_mixin.py:109} INFO - [2021-09-21 01:48:02,250] {dag.py:1834} INFO - Sync 1 DAGs
[2021-09-21 01:48:02,268] {logging_mixin.py:109} INFO - [2021-09-21 01:48:02,268] {dag.py:2287} INFO - Setting next_dagrun for example_nested_branch_dag to 2021-09-19 00:00:00+00:00
[2021-09-21 01:48:02,280] {processor.py:170} INFO - Processing /home/airflow/.local/lib/python3.6/site-packages/airflow/example_dags/example_nested_branch_dag.py took 0.087 seconds
[2021-09-21 01:48:32,597] {processor.py:162} INFO - Started process (PID=3816) to work on /home/airflow/.local/lib/python3.6/site-packages/airflow/example_dags/example_nested_branch_dag.py
[2021-09-21 01:48:32,599] {processor.py:613} INFO - Processing file /home/airflow/.local/lib/python3.6/site-packages/airflow/example_dags/example_nested_branch_dag.py for tasks to queue
[2021-09-21 01:48:32,601] {logging_mixin.py:109} INFO - [2021-09-21 01:48:32,600] {dagbag.py:496} INFO - Filling up the DagBag from /home/airflow/.local/lib/python3.6/site-packages/airflow/example_dags/example_nested_branch_dag.py
[2021-09-21 01:48:32,619] {processor.py:623} INFO - DAG(s) dict_keys(['example_nested_branch_dag']) retrieved from /home/airflow/.local/lib/python3.6/site-packages/airflow/example_dags/example_nested_branch_dag.py
[2021-09-21 01:48:32,644] {logging_mixin.py:109} INFO - [2021-09-21 01:48:32,644] {dag.py:1834} INFO - Sync 1 DAGs
[2021-09-21 01:48:32,662] {logging_mixin.py:109} INFO - [2021-09-21 01:48:32,661] {dag.py:2287} INFO - Setting next_dagrun for example_nested_branch_dag to 2021-09-19 00:00:00+00:00
[2021-09-21 01:48:32,675] {processor.py:170} INFO - Processing /home/airflow/.local/lib/python3.6/site-packages/airflow/example_dags/example_nested_branch_dag.py took 0.082 seconds
[2021-09-21 01:49:02,864] {processor.py:162} INFO - Started process (PID=3868) to work on /home/airflow/.local/lib/python3.6/site-packages/airflow/example_dags/example_nested_branch_dag.py
[2021-09-21 01:49:02,867] {processor.py:613} INFO - Processing file /home/airflow/.local/lib/python3.6/site-packages/airflow/example_dags/example_nested_branch_dag.py for tasks to queue
[2021-09-21 01:49:02,869] {logging_mixin.py:109} INFO - [2021-09-21 01:49:02,869] {dagbag.py:496} INFO - Filling up the DagBag from /home/airflow/.local/lib/python3.6/site-packages/airflow/example_dags/example_nested_branch_dag.py
[2021-09-21 01:49:02,887] {processor.py:623} INFO - DAG(s) dict_keys(['example_nested_branch_dag']) retrieved from /home/airflow/.local/lib/python3.6/site-packages/airflow/example_dags/example_nested_branch_dag.py
[2021-09-21 01:49:02,913] {logging_mixin.py:109} INFO - [2021-09-21 01:49:02,913] {dag.py:1834} INFO - Sync 1 DAGs
[2021-09-21 01:49:02,931] {logging_mixin.py:109} INFO - [2021-09-21 01:49:02,931] {dag.py:2287} INFO - Setting next_dagrun for example_nested_branch_dag to 2021-09-19 00:00:00+00:00
[2021-09-21 01:49:02,944] {processor.py:170} INFO - Processing /home/airflow/.local/lib/python3.6/site-packages/airflow/example_dags/example_nested_branch_dag.py took 0.084 seconds
[2021-09-21 01:49:33,253] {processor.py:162} INFO - Started process (PID=3931) to work on /home/airflow/.local/lib/python3.6/site-packages/airflow/example_dags/example_nested_branch_dag.py
[2021-09-21 01:49:33,255] {processor.py:613} INFO - Processing file /home/airflow/.local/lib/python3.6/site-packages/airflow/example_dags/example_nested_branch_dag.py for tasks to queue
[2021-09-21 01:49:33,257] {logging_mixin.py:109} INFO - [2021-09-21 01:49:33,257] {dagbag.py:496} INFO - Filling up the DagBag from /home/airflow/.local/lib/python3.6/site-packages/airflow/example_dags/example_nested_branch_dag.py
[2021-09-21 01:49:33,276] {processor.py:623} INFO - DAG(s) dict_keys(['example_nested_branch_dag']) retrieved from /home/airflow/.local/lib/python3.6/site-packages/airflow/example_dags/example_nested_branch_dag.py
[2021-09-21 01:49:33,301] {logging_mixin.py:109} INFO - [2021-09-21 01:49:33,301] {dag.py:1834} INFO - Sync 1 DAGs
[2021-09-21 01:49:33,327] {logging_mixin.py:109} INFO - [2021-09-21 01:49:33,327] {dag.py:2287} INFO - Setting next_dagrun for example_nested_branch_dag to 2021-09-19 00:00:00+00:00
[2021-09-21 01:49:33,340] {processor.py:170} INFO - Processing /home/airflow/.local/lib/python3.6/site-packages/airflow/example_dags/example_nested_branch_dag.py took 0.092 seconds
[2021-09-21 01:50:03,562] {processor.py:162} INFO - Started process (PID=3995) to work on /home/airflow/.local/lib/python3.6/site-packages/airflow/example_dags/example_nested_branch_dag.py
[2021-09-21 01:50:03,564] {processor.py:613} INFO - Processing file /home/airflow/.local/lib/python3.6/site-packages/airflow/example_dags/example_nested_branch_dag.py for tasks to queue
[2021-09-21 01:50:03,566] {logging_mixin.py:109} INFO - [2021-09-21 01:50:03,566] {dagbag.py:496} INFO - Filling up the DagBag from /home/airflow/.local/lib/python3.6/site-packages/airflow/example_dags/example_nested_branch_dag.py
[2021-09-21 01:50:03,604] {processor.py:623} INFO - DAG(s) dict_keys(['example_nested_branch_dag']) retrieved from /home/airflow/.local/lib/python3.6/site-packages/airflow/example_dags/example_nested_branch_dag.py
[2021-09-21 01:50:03,657] {logging_mixin.py:109} INFO - [2021-09-21 01:50:03,657] {dag.py:1834} INFO - Sync 1 DAGs
[2021-09-21 01:50:03,702] {logging_mixin.py:109} INFO - [2021-09-21 01:50:03,702] {dag.py:2287} INFO - Setting next_dagrun for example_nested_branch_dag to 2021-09-19 00:00:00+00:00
[2021-09-21 01:50:03,715] {processor.py:170} INFO - Processing /home/airflow/.local/lib/python3.6/site-packages/airflow/example_dags/example_nested_branch_dag.py took 0.161 seconds
[2021-09-21 01:50:34,452] {processor.py:162} INFO - Started process (PID=4046) to work on /home/airflow/.local/lib/python3.6/site-packages/airflow/example_dags/example_nested_branch_dag.py
[2021-09-21 01:50:34,461] {processor.py:613} INFO - Processing file /home/airflow/.local/lib/python3.6/site-packages/airflow/example_dags/example_nested_branch_dag.py for tasks to queue
[2021-09-21 01:50:34,463] {logging_mixin.py:109} INFO - [2021-09-21 01:50:34,463] {dagbag.py:496} INFO - Filling up the DagBag from /home/airflow/.local/lib/python3.6/site-packages/airflow/example_dags/example_nested_branch_dag.py
[2021-09-21 01:50:34,480] {processor.py:623} INFO - DAG(s) dict_keys(['example_nested_branch_dag']) retrieved from /home/airflow/.local/lib/python3.6/site-packages/airflow/example_dags/example_nested_branch_dag.py
[2021-09-21 01:50:34,506] {logging_mixin.py:109} INFO - [2021-09-21 01:50:34,506] {dag.py:1834} INFO - Sync 1 DAGs
[2021-09-21 01:50:34,526] {logging_mixin.py:109} INFO - [2021-09-21 01:50:34,526] {dag.py:2287} INFO - Setting next_dagrun for example_nested_branch_dag to 2021-09-19 00:00:00+00:00
[2021-09-21 01:50:34,541] {processor.py:170} INFO - Processing /home/airflow/.local/lib/python3.6/site-packages/airflow/example_dags/example_nested_branch_dag.py took 0.093 seconds
[2021-09-21 01:51:04,789] {processor.py:162} INFO - Started process (PID=4110) to work on /home/airflow/.local/lib/python3.6/site-packages/airflow/example_dags/example_nested_branch_dag.py
[2021-09-21 01:51:04,791] {processor.py:613} INFO - Processing file /home/airflow/.local/lib/python3.6/site-packages/airflow/example_dags/example_nested_branch_dag.py for tasks to queue
[2021-09-21 01:51:04,792] {logging_mixin.py:109} INFO - [2021-09-21 01:51:04,792] {dagbag.py:496} INFO - Filling up the DagBag from /home/airflow/.local/lib/python3.6/site-packages/airflow/example_dags/example_nested_branch_dag.py
[2021-09-21 01:51:04,807] {processor.py:623} INFO - DAG(s) dict_keys(['example_nested_branch_dag']) retrieved from /home/airflow/.local/lib/python3.6/site-packages/airflow/example_dags/example_nested_branch_dag.py
[2021-09-21 01:51:04,830] {logging_mixin.py:109} INFO - [2021-09-21 01:51:04,830] {dag.py:1834} INFO - Sync 1 DAGs
[2021-09-21 01:51:04,847] {logging_mixin.py:109} INFO - [2021-09-21 01:51:04,847] {dag.py:2287} INFO - Setting next_dagrun for example_nested_branch_dag to 2021-09-19 00:00:00+00:00
[2021-09-21 01:51:04,857] {processor.py:170} INFO - Processing /home/airflow/.local/lib/python3.6/site-packages/airflow/example_dags/example_nested_branch_dag.py took 0.071 seconds
[2021-09-21 01:51:35,062] {processor.py:162} INFO - Started process (PID=4163) to work on /home/airflow/.local/lib/python3.6/site-packages/airflow/example_dags/example_nested_branch_dag.py
[2021-09-21 01:51:35,064] {processor.py:613} INFO - Processing file /home/airflow/.local/lib/python3.6/site-packages/airflow/example_dags/example_nested_branch_dag.py for tasks to queue
[2021-09-21 01:51:35,066] {logging_mixin.py:109} INFO - [2021-09-21 01:51:35,066] {dagbag.py:496} INFO - Filling up the DagBag from /home/airflow/.local/lib/python3.6/site-packages/airflow/example_dags/example_nested_branch_dag.py
[2021-09-21 01:51:35,084] {processor.py:623} INFO - DAG(s) dict_keys(['example_nested_branch_dag']) retrieved from /home/airflow/.local/lib/python3.6/site-packages/airflow/example_dags/example_nested_branch_dag.py
[2021-09-21 01:51:35,110] {logging_mixin.py:109} INFO - [2021-09-21 01:51:35,110] {dag.py:1834} INFO - Sync 1 DAGs
[2021-09-21 01:51:35,128] {logging_mixin.py:109} INFO - [2021-09-21 01:51:35,128] {dag.py:2287} INFO - Setting next_dagrun for example_nested_branch_dag to 2021-09-19 00:00:00+00:00
[2021-09-21 01:51:35,140] {processor.py:170} INFO - Processing /home/airflow/.local/lib/python3.6/site-packages/airflow/example_dags/example_nested_branch_dag.py took 0.082 seconds
[2021-09-21 01:52:05,310] {processor.py:162} INFO - Started process (PID=4226) to work on /home/airflow/.local/lib/python3.6/site-packages/airflow/example_dags/example_nested_branch_dag.py
[2021-09-21 01:52:05,315] {processor.py:613} INFO - Processing file /home/airflow/.local/lib/python3.6/site-packages/airflow/example_dags/example_nested_branch_dag.py for tasks to queue
[2021-09-21 01:52:05,316] {logging_mixin.py:109} INFO - [2021-09-21 01:52:05,316] {dagbag.py:496} INFO - Filling up the DagBag from /home/airflow/.local/lib/python3.6/site-packages/airflow/example_dags/example_nested_branch_dag.py
[2021-09-21 01:52:05,336] {processor.py:623} INFO - DAG(s) dict_keys(['example_nested_branch_dag']) retrieved from /home/airflow/.local/lib/python3.6/site-packages/airflow/example_dags/example_nested_branch_dag.py
[2021-09-21 01:52:05,365] {logging_mixin.py:109} INFO - [2021-09-21 01:52:05,365] {dag.py:1834} INFO - Sync 1 DAGs
[2021-09-21 01:52:05,386] {logging_mixin.py:109} INFO - [2021-09-21 01:52:05,386] {dag.py:2287} INFO - Setting next_dagrun for example_nested_branch_dag to 2021-09-19 00:00:00+00:00
[2021-09-21 01:52:05,398] {processor.py:170} INFO - Processing /home/airflow/.local/lib/python3.6/site-packages/airflow/example_dags/example_nested_branch_dag.py took 0.092 seconds
[2021-09-21 01:52:35,719] {processor.py:162} INFO - Started process (PID=4281) to work on /home/airflow/.local/lib/python3.6/site-packages/airflow/example_dags/example_nested_branch_dag.py
[2021-09-21 01:52:35,721] {processor.py:613} INFO - Processing file /home/airflow/.local/lib/python3.6/site-packages/airflow/example_dags/example_nested_branch_dag.py for tasks to queue
[2021-09-21 01:52:35,723] {logging_mixin.py:109} INFO - [2021-09-21 01:52:35,723] {dagbag.py:496} INFO - Filling up the DagBag from /home/airflow/.local/lib/python3.6/site-packages/airflow/example_dags/example_nested_branch_dag.py
[2021-09-21 01:52:35,745] {processor.py:623} INFO - DAG(s) dict_keys(['example_nested_branch_dag']) retrieved from /home/airflow/.local/lib/python3.6/site-packages/airflow/example_dags/example_nested_branch_dag.py
[2021-09-21 01:52:35,775] {logging_mixin.py:109} INFO - [2021-09-21 01:52:35,775] {dag.py:1834} INFO - Sync 1 DAGs
[2021-09-21 01:52:35,797] {logging_mixin.py:109} INFO - [2021-09-21 01:52:35,797] {dag.py:2287} INFO - Setting next_dagrun for example_nested_branch_dag to 2021-09-19 00:00:00+00:00
[2021-09-21 01:52:35,811] {processor.py:170} INFO - Processing /home/airflow/.local/lib/python3.6/site-packages/airflow/example_dags/example_nested_branch_dag.py took 0.097 seconds
