[2021-09-21 01:17:31,121] {processor.py:162} INFO - Started process (PID=225) to work on /home/airflow/.local/lib/python3.6/site-packages/airflow/example_dags/example_latest_only_with_trigger.py
[2021-09-21 01:17:31,124] {processor.py:613} INFO - Processing file /home/airflow/.local/lib/python3.6/site-packages/airflow/example_dags/example_latest_only_with_trigger.py for tasks to queue
[2021-09-21 01:17:31,126] {logging_mixin.py:109} INFO - [2021-09-21 01:17:31,126] {dagbag.py:496} INFO - Filling up the DagBag from /home/airflow/.local/lib/python3.6/site-packages/airflow/example_dags/example_latest_only_with_trigger.py
[2021-09-21 01:17:31,149] {processor.py:623} INFO - DAG(s) dict_keys(['latest_only_with_trigger']) retrieved from /home/airflow/.local/lib/python3.6/site-packages/airflow/example_dags/example_latest_only_with_trigger.py
[2021-09-21 01:17:33,387] {logging_mixin.py:109} INFO - [2021-09-21 01:17:33,386] {dag.py:1834} INFO - Sync 1 DAGs
[2021-09-21 01:17:33,398] {logging_mixin.py:109} INFO - [2021-09-21 01:17:33,397] {dag.py:1853} INFO - Creating ORM DAG for latest_only_with_trigger
[2021-09-21 01:17:33,407] {logging_mixin.py:109} INFO - [2021-09-21 01:17:33,407] {dag.py:2287} INFO - Setting next_dagrun for latest_only_with_trigger to 2021-09-19 00:00:00+00:00
[2021-09-21 01:17:33,425] {processor.py:170} INFO - Processing /home/airflow/.local/lib/python3.6/site-packages/airflow/example_dags/example_latest_only_with_trigger.py took 2.310 seconds
[2021-09-21 01:18:03,532] {processor.py:162} INFO - Started process (PID=333) to work on /home/airflow/.local/lib/python3.6/site-packages/airflow/example_dags/example_latest_only_with_trigger.py
[2021-09-21 01:18:03,534] {processor.py:613} INFO - Processing file /home/airflow/.local/lib/python3.6/site-packages/airflow/example_dags/example_latest_only_with_trigger.py for tasks to queue
[2021-09-21 01:18:03,535] {logging_mixin.py:109} INFO - [2021-09-21 01:18:03,535] {dagbag.py:496} INFO - Filling up the DagBag from /home/airflow/.local/lib/python3.6/site-packages/airflow/example_dags/example_latest_only_with_trigger.py
[2021-09-21 01:18:03,546] {processor.py:623} INFO - DAG(s) dict_keys(['latest_only_with_trigger']) retrieved from /home/airflow/.local/lib/python3.6/site-packages/airflow/example_dags/example_latest_only_with_trigger.py
[2021-09-21 01:18:03,566] {logging_mixin.py:109} INFO - [2021-09-21 01:18:03,566] {dag.py:1834} INFO - Sync 1 DAGs
[2021-09-21 01:18:03,579] {logging_mixin.py:109} INFO - [2021-09-21 01:18:03,579] {dag.py:2287} INFO - Setting next_dagrun for latest_only_with_trigger to 2021-09-19 00:00:00+00:00
[2021-09-21 01:18:03,591] {processor.py:170} INFO - Processing /home/airflow/.local/lib/python3.6/site-packages/airflow/example_dags/example_latest_only_with_trigger.py took 0.061 seconds
[2021-09-21 01:18:33,707] {processor.py:162} INFO - Started process (PID=398) to work on /home/airflow/.local/lib/python3.6/site-packages/airflow/example_dags/example_latest_only_with_trigger.py
[2021-09-21 01:18:33,709] {processor.py:613} INFO - Processing file /home/airflow/.local/lib/python3.6/site-packages/airflow/example_dags/example_latest_only_with_trigger.py for tasks to queue
[2021-09-21 01:18:33,712] {logging_mixin.py:109} INFO - [2021-09-21 01:18:33,712] {dagbag.py:496} INFO - Filling up the DagBag from /home/airflow/.local/lib/python3.6/site-packages/airflow/example_dags/example_latest_only_with_trigger.py
[2021-09-21 01:18:33,728] {processor.py:623} INFO - DAG(s) dict_keys(['latest_only_with_trigger']) retrieved from /home/airflow/.local/lib/python3.6/site-packages/airflow/example_dags/example_latest_only_with_trigger.py
[2021-09-21 01:18:33,758] {logging_mixin.py:109} INFO - [2021-09-21 01:18:33,758] {dag.py:1834} INFO - Sync 1 DAGs
[2021-09-21 01:18:33,777] {logging_mixin.py:109} INFO - [2021-09-21 01:18:33,777] {dag.py:2287} INFO - Setting next_dagrun for latest_only_with_trigger to 2021-09-19 00:00:00+00:00
[2021-09-21 01:18:33,790] {processor.py:170} INFO - Processing /home/airflow/.local/lib/python3.6/site-packages/airflow/example_dags/example_latest_only_with_trigger.py took 0.088 seconds
[2021-09-21 01:19:03,949] {processor.py:162} INFO - Started process (PID=460) to work on /home/airflow/.local/lib/python3.6/site-packages/airflow/example_dags/example_latest_only_with_trigger.py
[2021-09-21 01:19:03,951] {processor.py:613} INFO - Processing file /home/airflow/.local/lib/python3.6/site-packages/airflow/example_dags/example_latest_only_with_trigger.py for tasks to queue
[2021-09-21 01:19:03,952] {logging_mixin.py:109} INFO - [2021-09-21 01:19:03,952] {dagbag.py:496} INFO - Filling up the DagBag from /home/airflow/.local/lib/python3.6/site-packages/airflow/example_dags/example_latest_only_with_trigger.py
[2021-09-21 01:19:03,966] {processor.py:623} INFO - DAG(s) dict_keys(['latest_only_with_trigger']) retrieved from /home/airflow/.local/lib/python3.6/site-packages/airflow/example_dags/example_latest_only_with_trigger.py
[2021-09-21 01:19:03,990] {logging_mixin.py:109} INFO - [2021-09-21 01:19:03,990] {dag.py:1834} INFO - Sync 1 DAGs
[2021-09-21 01:19:04,006] {logging_mixin.py:109} INFO - [2021-09-21 01:19:04,005] {dag.py:2287} INFO - Setting next_dagrun for latest_only_with_trigger to 2021-09-19 00:00:00+00:00
[2021-09-21 01:19:04,017] {processor.py:170} INFO - Processing /home/airflow/.local/lib/python3.6/site-packages/airflow/example_dags/example_latest_only_with_trigger.py took 0.071 seconds
[2021-09-21 01:19:34,130] {processor.py:162} INFO - Started process (PID=513) to work on /home/airflow/.local/lib/python3.6/site-packages/airflow/example_dags/example_latest_only_with_trigger.py
[2021-09-21 01:19:34,133] {processor.py:613} INFO - Processing file /home/airflow/.local/lib/python3.6/site-packages/airflow/example_dags/example_latest_only_with_trigger.py for tasks to queue
[2021-09-21 01:19:34,135] {logging_mixin.py:109} INFO - [2021-09-21 01:19:34,135] {dagbag.py:496} INFO - Filling up the DagBag from /home/airflow/.local/lib/python3.6/site-packages/airflow/example_dags/example_latest_only_with_trigger.py
[2021-09-21 01:19:34,159] {processor.py:623} INFO - DAG(s) dict_keys(['latest_only_with_trigger']) retrieved from /home/airflow/.local/lib/python3.6/site-packages/airflow/example_dags/example_latest_only_with_trigger.py
[2021-09-21 01:19:34,192] {logging_mixin.py:109} INFO - [2021-09-21 01:19:34,191] {dag.py:1834} INFO - Sync 1 DAGs
[2021-09-21 01:19:34,213] {logging_mixin.py:109} INFO - [2021-09-21 01:19:34,213] {dag.py:2287} INFO - Setting next_dagrun for latest_only_with_trigger to 2021-09-19 00:00:00+00:00
[2021-09-21 01:19:34,225] {processor.py:170} INFO - Processing /home/airflow/.local/lib/python3.6/site-packages/airflow/example_dags/example_latest_only_with_trigger.py took 0.102 seconds
[2021-09-21 01:20:04,408] {processor.py:162} INFO - Started process (PID=577) to work on /home/airflow/.local/lib/python3.6/site-packages/airflow/example_dags/example_latest_only_with_trigger.py
[2021-09-21 01:20:04,409] {processor.py:613} INFO - Processing file /home/airflow/.local/lib/python3.6/site-packages/airflow/example_dags/example_latest_only_with_trigger.py for tasks to queue
[2021-09-21 01:20:04,411] {logging_mixin.py:109} INFO - [2021-09-21 01:20:04,411] {dagbag.py:496} INFO - Filling up the DagBag from /home/airflow/.local/lib/python3.6/site-packages/airflow/example_dags/example_latest_only_with_trigger.py
[2021-09-21 01:20:04,422] {processor.py:623} INFO - DAG(s) dict_keys(['latest_only_with_trigger']) retrieved from /home/airflow/.local/lib/python3.6/site-packages/airflow/example_dags/example_latest_only_with_trigger.py
[2021-09-21 01:20:04,446] {logging_mixin.py:109} INFO - [2021-09-21 01:20:04,446] {dag.py:1834} INFO - Sync 1 DAGs
[2021-09-21 01:20:04,459] {logging_mixin.py:109} INFO - [2021-09-21 01:20:04,459] {dag.py:2287} INFO - Setting next_dagrun for latest_only_with_trigger to 2021-09-19 00:00:00+00:00
[2021-09-21 01:20:04,468] {processor.py:170} INFO - Processing /home/airflow/.local/lib/python3.6/site-packages/airflow/example_dags/example_latest_only_with_trigger.py took 0.064 seconds
[2021-09-21 01:20:35,141] {processor.py:162} INFO - Started process (PID=642) to work on /home/airflow/.local/lib/python3.6/site-packages/airflow/example_dags/example_latest_only_with_trigger.py
[2021-09-21 01:20:35,142] {processor.py:613} INFO - Processing file /home/airflow/.local/lib/python3.6/site-packages/airflow/example_dags/example_latest_only_with_trigger.py for tasks to queue
[2021-09-21 01:20:35,144] {logging_mixin.py:109} INFO - [2021-09-21 01:20:35,143] {dagbag.py:496} INFO - Filling up the DagBag from /home/airflow/.local/lib/python3.6/site-packages/airflow/example_dags/example_latest_only_with_trigger.py
[2021-09-21 01:20:35,155] {processor.py:623} INFO - DAG(s) dict_keys(['latest_only_with_trigger']) retrieved from /home/airflow/.local/lib/python3.6/site-packages/airflow/example_dags/example_latest_only_with_trigger.py
[2021-09-21 01:20:35,175] {logging_mixin.py:109} INFO - [2021-09-21 01:20:35,175] {dag.py:1834} INFO - Sync 1 DAGs
[2021-09-21 01:20:35,188] {logging_mixin.py:109} INFO - [2021-09-21 01:20:35,188] {dag.py:2287} INFO - Setting next_dagrun for latest_only_with_trigger to 2021-09-19 00:00:00+00:00
[2021-09-21 01:20:35,198] {processor.py:170} INFO - Processing /home/airflow/.local/lib/python3.6/site-packages/airflow/example_dags/example_latest_only_with_trigger.py took 0.060 seconds
[2021-09-21 01:21:05,697] {processor.py:162} INFO - Started process (PID=696) to work on /home/airflow/.local/lib/python3.6/site-packages/airflow/example_dags/example_latest_only_with_trigger.py
[2021-09-21 01:21:05,700] {processor.py:613} INFO - Processing file /home/airflow/.local/lib/python3.6/site-packages/airflow/example_dags/example_latest_only_with_trigger.py for tasks to queue
[2021-09-21 01:21:05,703] {logging_mixin.py:109} INFO - [2021-09-21 01:21:05,703] {dagbag.py:496} INFO - Filling up the DagBag from /home/airflow/.local/lib/python3.6/site-packages/airflow/example_dags/example_latest_only_with_trigger.py
[2021-09-21 01:21:05,737] {processor.py:623} INFO - DAG(s) dict_keys(['latest_only_with_trigger']) retrieved from /home/airflow/.local/lib/python3.6/site-packages/airflow/example_dags/example_latest_only_with_trigger.py
[2021-09-21 01:21:05,798] {logging_mixin.py:109} INFO - [2021-09-21 01:21:05,798] {dag.py:1834} INFO - Sync 1 DAGs
[2021-09-21 01:21:05,851] {logging_mixin.py:109} INFO - [2021-09-21 01:21:05,850] {dag.py:2287} INFO - Setting next_dagrun for latest_only_with_trigger to 2021-09-19 00:00:00+00:00
[2021-09-21 01:21:05,877] {processor.py:170} INFO - Processing /home/airflow/.local/lib/python3.6/site-packages/airflow/example_dags/example_latest_only_with_trigger.py took 0.189 seconds
[2021-09-21 01:21:36,121] {processor.py:162} INFO - Started process (PID=759) to work on /home/airflow/.local/lib/python3.6/site-packages/airflow/example_dags/example_latest_only_with_trigger.py
[2021-09-21 01:21:36,124] {processor.py:613} INFO - Processing file /home/airflow/.local/lib/python3.6/site-packages/airflow/example_dags/example_latest_only_with_trigger.py for tasks to queue
[2021-09-21 01:21:36,125] {logging_mixin.py:109} INFO - [2021-09-21 01:21:36,125] {dagbag.py:496} INFO - Filling up the DagBag from /home/airflow/.local/lib/python3.6/site-packages/airflow/example_dags/example_latest_only_with_trigger.py
[2021-09-21 01:21:36,140] {processor.py:623} INFO - DAG(s) dict_keys(['latest_only_with_trigger']) retrieved from /home/airflow/.local/lib/python3.6/site-packages/airflow/example_dags/example_latest_only_with_trigger.py
[2021-09-21 01:21:36,168] {logging_mixin.py:109} INFO - [2021-09-21 01:21:36,167] {dag.py:1834} INFO - Sync 1 DAGs
[2021-09-21 01:21:36,183] {logging_mixin.py:109} INFO - [2021-09-21 01:21:36,183] {dag.py:2287} INFO - Setting next_dagrun for latest_only_with_trigger to 2021-09-19 00:00:00+00:00
[2021-09-21 01:21:36,194] {processor.py:170} INFO - Processing /home/airflow/.local/lib/python3.6/site-packages/airflow/example_dags/example_latest_only_with_trigger.py took 0.078 seconds
[2021-09-21 01:22:06,889] {processor.py:162} INFO - Started process (PID=812) to work on /home/airflow/.local/lib/python3.6/site-packages/airflow/example_dags/example_latest_only_with_trigger.py
[2021-09-21 01:22:06,892] {processor.py:613} INFO - Processing file /home/airflow/.local/lib/python3.6/site-packages/airflow/example_dags/example_latest_only_with_trigger.py for tasks to queue
[2021-09-21 01:22:06,893] {logging_mixin.py:109} INFO - [2021-09-21 01:22:06,893] {dagbag.py:496} INFO - Filling up the DagBag from /home/airflow/.local/lib/python3.6/site-packages/airflow/example_dags/example_latest_only_with_trigger.py
[2021-09-21 01:22:06,908] {processor.py:623} INFO - DAG(s) dict_keys(['latest_only_with_trigger']) retrieved from /home/airflow/.local/lib/python3.6/site-packages/airflow/example_dags/example_latest_only_with_trigger.py
[2021-09-21 01:22:06,935] {logging_mixin.py:109} INFO - [2021-09-21 01:22:06,935] {dag.py:1834} INFO - Sync 1 DAGs
[2021-09-21 01:22:06,950] {logging_mixin.py:109} INFO - [2021-09-21 01:22:06,950] {dag.py:2287} INFO - Setting next_dagrun for latest_only_with_trigger to 2021-09-19 00:00:00+00:00
[2021-09-21 01:22:06,961] {processor.py:170} INFO - Processing /home/airflow/.local/lib/python3.6/site-packages/airflow/example_dags/example_latest_only_with_trigger.py took 0.076 seconds
[2021-09-21 01:22:37,298] {processor.py:162} INFO - Started process (PID=876) to work on /home/airflow/.local/lib/python3.6/site-packages/airflow/example_dags/example_latest_only_with_trigger.py
[2021-09-21 01:22:37,300] {processor.py:613} INFO - Processing file /home/airflow/.local/lib/python3.6/site-packages/airflow/example_dags/example_latest_only_with_trigger.py for tasks to queue
[2021-09-21 01:22:37,301] {logging_mixin.py:109} INFO - [2021-09-21 01:22:37,301] {dagbag.py:496} INFO - Filling up the DagBag from /home/airflow/.local/lib/python3.6/site-packages/airflow/example_dags/example_latest_only_with_trigger.py
[2021-09-21 01:22:37,313] {processor.py:623} INFO - DAG(s) dict_keys(['latest_only_with_trigger']) retrieved from /home/airflow/.local/lib/python3.6/site-packages/airflow/example_dags/example_latest_only_with_trigger.py
[2021-09-21 01:22:37,338] {logging_mixin.py:109} INFO - [2021-09-21 01:22:37,338] {dag.py:1834} INFO - Sync 1 DAGs
[2021-09-21 01:22:37,355] {logging_mixin.py:109} INFO - [2021-09-21 01:22:37,355] {dag.py:2287} INFO - Setting next_dagrun for latest_only_with_trigger to 2021-09-19 00:00:00+00:00
[2021-09-21 01:22:37,367] {processor.py:170} INFO - Processing /home/airflow/.local/lib/python3.6/site-packages/airflow/example_dags/example_latest_only_with_trigger.py took 0.073 seconds
[2021-09-21 01:23:07,513] {processor.py:162} INFO - Started process (PID=929) to work on /home/airflow/.local/lib/python3.6/site-packages/airflow/example_dags/example_latest_only_with_trigger.py
[2021-09-21 01:23:07,517] {processor.py:613} INFO - Processing file /home/airflow/.local/lib/python3.6/site-packages/airflow/example_dags/example_latest_only_with_trigger.py for tasks to queue
[2021-09-21 01:23:07,520] {logging_mixin.py:109} INFO - [2021-09-21 01:23:07,520] {dagbag.py:496} INFO - Filling up the DagBag from /home/airflow/.local/lib/python3.6/site-packages/airflow/example_dags/example_latest_only_with_trigger.py
[2021-09-21 01:23:07,567] {processor.py:623} INFO - DAG(s) dict_keys(['latest_only_with_trigger']) retrieved from /home/airflow/.local/lib/python3.6/site-packages/airflow/example_dags/example_latest_only_with_trigger.py
[2021-09-21 01:23:07,607] {logging_mixin.py:109} INFO - [2021-09-21 01:23:07,607] {dag.py:1834} INFO - Sync 1 DAGs
[2021-09-21 01:23:07,631] {logging_mixin.py:109} INFO - [2021-09-21 01:23:07,631] {dag.py:2287} INFO - Setting next_dagrun for latest_only_with_trigger to 2021-09-19 00:00:00+00:00
[2021-09-21 01:23:07,659] {processor.py:170} INFO - Processing /home/airflow/.local/lib/python3.6/site-packages/airflow/example_dags/example_latest_only_with_trigger.py took 0.159 seconds
[2021-09-21 01:23:38,726] {processor.py:162} INFO - Started process (PID=981) to work on /home/airflow/.local/lib/python3.6/site-packages/airflow/example_dags/example_latest_only_with_trigger.py
[2021-09-21 01:23:38,731] {processor.py:613} INFO - Processing file /home/airflow/.local/lib/python3.6/site-packages/airflow/example_dags/example_latest_only_with_trigger.py for tasks to queue
[2021-09-21 01:23:38,733] {logging_mixin.py:109} INFO - [2021-09-21 01:23:38,733] {dagbag.py:496} INFO - Filling up the DagBag from /home/airflow/.local/lib/python3.6/site-packages/airflow/example_dags/example_latest_only_with_trigger.py
[2021-09-21 01:23:38,764] {processor.py:623} INFO - DAG(s) dict_keys(['latest_only_with_trigger']) retrieved from /home/airflow/.local/lib/python3.6/site-packages/airflow/example_dags/example_latest_only_with_trigger.py
[2021-09-21 01:23:38,824] {logging_mixin.py:109} INFO - [2021-09-21 01:23:38,824] {dag.py:1834} INFO - Sync 1 DAGs
[2021-09-21 01:23:38,864] {logging_mixin.py:109} INFO - [2021-09-21 01:23:38,863] {dag.py:2287} INFO - Setting next_dagrun for latest_only_with_trigger to 2021-09-19 00:00:00+00:00
[2021-09-21 01:23:38,897] {processor.py:170} INFO - Processing /home/airflow/.local/lib/python3.6/site-packages/airflow/example_dags/example_latest_only_with_trigger.py took 0.184 seconds
[2021-09-21 01:24:09,731] {processor.py:162} INFO - Started process (PID=1035) to work on /home/airflow/.local/lib/python3.6/site-packages/airflow/example_dags/example_latest_only_with_trigger.py
[2021-09-21 01:24:09,733] {processor.py:613} INFO - Processing file /home/airflow/.local/lib/python3.6/site-packages/airflow/example_dags/example_latest_only_with_trigger.py for tasks to queue
[2021-09-21 01:24:09,734] {logging_mixin.py:109} INFO - [2021-09-21 01:24:09,734] {dagbag.py:496} INFO - Filling up the DagBag from /home/airflow/.local/lib/python3.6/site-packages/airflow/example_dags/example_latest_only_with_trigger.py
[2021-09-21 01:24:09,747] {processor.py:623} INFO - DAG(s) dict_keys(['latest_only_with_trigger']) retrieved from /home/airflow/.local/lib/python3.6/site-packages/airflow/example_dags/example_latest_only_with_trigger.py
[2021-09-21 01:24:09,771] {logging_mixin.py:109} INFO - [2021-09-21 01:24:09,771] {dag.py:1834} INFO - Sync 1 DAGs
[2021-09-21 01:24:09,786] {logging_mixin.py:109} INFO - [2021-09-21 01:24:09,786] {dag.py:2287} INFO - Setting next_dagrun for latest_only_with_trigger to 2021-09-19 00:00:00+00:00
[2021-09-21 01:24:09,795] {processor.py:170} INFO - Processing /home/airflow/.local/lib/python3.6/site-packages/airflow/example_dags/example_latest_only_with_trigger.py took 0.068 seconds
[2021-09-21 01:24:40,267] {processor.py:162} INFO - Started process (PID=1098) to work on /home/airflow/.local/lib/python3.6/site-packages/airflow/example_dags/example_latest_only_with_trigger.py
[2021-09-21 01:24:40,272] {processor.py:613} INFO - Processing file /home/airflow/.local/lib/python3.6/site-packages/airflow/example_dags/example_latest_only_with_trigger.py for tasks to queue
[2021-09-21 01:24:40,274] {logging_mixin.py:109} INFO - [2021-09-21 01:24:40,274] {dagbag.py:496} INFO - Filling up the DagBag from /home/airflow/.local/lib/python3.6/site-packages/airflow/example_dags/example_latest_only_with_trigger.py
[2021-09-21 01:24:40,295] {processor.py:623} INFO - DAG(s) dict_keys(['latest_only_with_trigger']) retrieved from /home/airflow/.local/lib/python3.6/site-packages/airflow/example_dags/example_latest_only_with_trigger.py
[2021-09-21 01:24:40,344] {logging_mixin.py:109} INFO - [2021-09-21 01:24:40,344] {dag.py:1834} INFO - Sync 1 DAGs
[2021-09-21 01:24:40,385] {logging_mixin.py:109} INFO - [2021-09-21 01:24:40,385] {dag.py:2287} INFO - Setting next_dagrun for latest_only_with_trigger to 2021-09-19 00:00:00+00:00
[2021-09-21 01:24:40,415] {processor.py:170} INFO - Processing /home/airflow/.local/lib/python3.6/site-packages/airflow/example_dags/example_latest_only_with_trigger.py took 0.155 seconds
[2021-09-21 01:25:10,572] {processor.py:162} INFO - Started process (PID=1151) to work on /home/airflow/.local/lib/python3.6/site-packages/airflow/example_dags/example_latest_only_with_trigger.py
[2021-09-21 01:25:10,576] {processor.py:613} INFO - Processing file /home/airflow/.local/lib/python3.6/site-packages/airflow/example_dags/example_latest_only_with_trigger.py for tasks to queue
[2021-09-21 01:25:10,577] {logging_mixin.py:109} INFO - [2021-09-21 01:25:10,577] {dagbag.py:496} INFO - Filling up the DagBag from /home/airflow/.local/lib/python3.6/site-packages/airflow/example_dags/example_latest_only_with_trigger.py
[2021-09-21 01:25:10,593] {processor.py:623} INFO - DAG(s) dict_keys(['latest_only_with_trigger']) retrieved from /home/airflow/.local/lib/python3.6/site-packages/airflow/example_dags/example_latest_only_with_trigger.py
[2021-09-21 01:25:10,625] {logging_mixin.py:109} INFO - [2021-09-21 01:25:10,624] {dag.py:1834} INFO - Sync 1 DAGs
[2021-09-21 01:25:10,643] {logging_mixin.py:109} INFO - [2021-09-21 01:25:10,643] {dag.py:2287} INFO - Setting next_dagrun for latest_only_with_trigger to 2021-09-19 00:00:00+00:00
[2021-09-21 01:25:10,654] {processor.py:170} INFO - Processing /home/airflow/.local/lib/python3.6/site-packages/airflow/example_dags/example_latest_only_with_trigger.py took 0.088 seconds
[2021-09-21 01:25:41,003] {processor.py:162} INFO - Started process (PID=1193) to work on /home/airflow/.local/lib/python3.6/site-packages/airflow/example_dags/example_latest_only_with_trigger.py
[2021-09-21 01:25:41,006] {processor.py:613} INFO - Processing file /home/airflow/.local/lib/python3.6/site-packages/airflow/example_dags/example_latest_only_with_trigger.py for tasks to queue
[2021-09-21 01:25:41,008] {logging_mixin.py:109} INFO - [2021-09-21 01:25:41,008] {dagbag.py:496} INFO - Filling up the DagBag from /home/airflow/.local/lib/python3.6/site-packages/airflow/example_dags/example_latest_only_with_trigger.py
[2021-09-21 01:25:41,029] {processor.py:623} INFO - DAG(s) dict_keys(['latest_only_with_trigger']) retrieved from /home/airflow/.local/lib/python3.6/site-packages/airflow/example_dags/example_latest_only_with_trigger.py
[2021-09-21 01:25:41,064] {logging_mixin.py:109} INFO - [2021-09-21 01:25:41,063] {dag.py:1834} INFO - Sync 1 DAGs
[2021-09-21 01:25:41,087] {logging_mixin.py:109} INFO - [2021-09-21 01:25:41,087] {dag.py:2287} INFO - Setting next_dagrun for latest_only_with_trigger to 2021-09-19 00:00:00+00:00
[2021-09-21 01:25:41,107] {processor.py:170} INFO - Processing /home/airflow/.local/lib/python3.6/site-packages/airflow/example_dags/example_latest_only_with_trigger.py took 0.110 seconds
[2021-09-21 01:26:12,290] {processor.py:162} INFO - Started process (PID=1257) to work on /home/airflow/.local/lib/python3.6/site-packages/airflow/example_dags/example_latest_only_with_trigger.py
[2021-09-21 01:26:12,293] {processor.py:613} INFO - Processing file /home/airflow/.local/lib/python3.6/site-packages/airflow/example_dags/example_latest_only_with_trigger.py for tasks to queue
[2021-09-21 01:26:12,298] {logging_mixin.py:109} INFO - [2021-09-21 01:26:12,297] {dagbag.py:496} INFO - Filling up the DagBag from /home/airflow/.local/lib/python3.6/site-packages/airflow/example_dags/example_latest_only_with_trigger.py
[2021-09-21 01:26:12,334] {processor.py:623} INFO - DAG(s) dict_keys(['latest_only_with_trigger']) retrieved from /home/airflow/.local/lib/python3.6/site-packages/airflow/example_dags/example_latest_only_with_trigger.py
[2021-09-21 01:26:12,389] {logging_mixin.py:109} INFO - [2021-09-21 01:26:12,389] {dag.py:1834} INFO - Sync 1 DAGs
[2021-09-21 01:26:12,428] {logging_mixin.py:109} INFO - [2021-09-21 01:26:12,428] {dag.py:2287} INFO - Setting next_dagrun for latest_only_with_trigger to 2021-09-19 00:00:00+00:00
[2021-09-21 01:26:12,461] {processor.py:170} INFO - Processing /home/airflow/.local/lib/python3.6/site-packages/airflow/example_dags/example_latest_only_with_trigger.py took 0.177 seconds
[2021-09-21 01:26:42,863] {processor.py:162} INFO - Started process (PID=1309) to work on /home/airflow/.local/lib/python3.6/site-packages/airflow/example_dags/example_latest_only_with_trigger.py
[2021-09-21 01:26:42,870] {processor.py:613} INFO - Processing file /home/airflow/.local/lib/python3.6/site-packages/airflow/example_dags/example_latest_only_with_trigger.py for tasks to queue
[2021-09-21 01:26:42,872] {logging_mixin.py:109} INFO - [2021-09-21 01:26:42,872] {dagbag.py:496} INFO - Filling up the DagBag from /home/airflow/.local/lib/python3.6/site-packages/airflow/example_dags/example_latest_only_with_trigger.py
[2021-09-21 01:26:42,886] {processor.py:623} INFO - DAG(s) dict_keys(['latest_only_with_trigger']) retrieved from /home/airflow/.local/lib/python3.6/site-packages/airflow/example_dags/example_latest_only_with_trigger.py
[2021-09-21 01:26:42,921] {logging_mixin.py:109} INFO - [2021-09-21 01:26:42,921] {dag.py:1834} INFO - Sync 1 DAGs
[2021-09-21 01:26:42,942] {logging_mixin.py:109} INFO - [2021-09-21 01:26:42,942] {dag.py:2287} INFO - Setting next_dagrun for latest_only_with_trigger to 2021-09-19 00:00:00+00:00
[2021-09-21 01:26:42,958] {processor.py:170} INFO - Processing /home/airflow/.local/lib/python3.6/site-packages/airflow/example_dags/example_latest_only_with_trigger.py took 0.100 seconds
[2021-09-21 01:27:20,157] {processor.py:162} INFO - Started process (PID=1369) to work on /home/airflow/.local/lib/python3.6/site-packages/airflow/example_dags/example_latest_only_with_trigger.py
[2021-09-21 01:27:20,175] {processor.py:613} INFO - Processing file /home/airflow/.local/lib/python3.6/site-packages/airflow/example_dags/example_latest_only_with_trigger.py for tasks to queue
[2021-09-21 01:27:20,199] {logging_mixin.py:109} INFO - [2021-09-21 01:27:20,198] {dagbag.py:496} INFO - Filling up the DagBag from /home/airflow/.local/lib/python3.6/site-packages/airflow/example_dags/example_latest_only_with_trigger.py
[2021-09-21 01:27:20,340] {processor.py:623} INFO - DAG(s) dict_keys(['latest_only_with_trigger']) retrieved from /home/airflow/.local/lib/python3.6/site-packages/airflow/example_dags/example_latest_only_with_trigger.py
[2021-09-21 01:27:20,659] {logging_mixin.py:109} INFO - [2021-09-21 01:27:20,658] {dag.py:1834} INFO - Sync 1 DAGs
[2021-09-21 01:27:20,743] {logging_mixin.py:109} INFO - [2021-09-21 01:27:20,743] {dag.py:2287} INFO - Setting next_dagrun for latest_only_with_trigger to 2021-09-19 00:00:00+00:00
[2021-09-21 01:27:20,783] {processor.py:170} INFO - Processing /home/airflow/.local/lib/python3.6/site-packages/airflow/example_dags/example_latest_only_with_trigger.py took 0.694 seconds
[2021-09-21 01:27:51,532] {processor.py:162} INFO - Started process (PID=1424) to work on /home/airflow/.local/lib/python3.6/site-packages/airflow/example_dags/example_latest_only_with_trigger.py
[2021-09-21 01:27:51,534] {processor.py:613} INFO - Processing file /home/airflow/.local/lib/python3.6/site-packages/airflow/example_dags/example_latest_only_with_trigger.py for tasks to queue
[2021-09-21 01:27:51,536] {logging_mixin.py:109} INFO - [2021-09-21 01:27:51,536] {dagbag.py:496} INFO - Filling up the DagBag from /home/airflow/.local/lib/python3.6/site-packages/airflow/example_dags/example_latest_only_with_trigger.py
[2021-09-21 01:27:51,556] {processor.py:623} INFO - DAG(s) dict_keys(['latest_only_with_trigger']) retrieved from /home/airflow/.local/lib/python3.6/site-packages/airflow/example_dags/example_latest_only_with_trigger.py
[2021-09-21 01:27:51,589] {logging_mixin.py:109} INFO - [2021-09-21 01:27:51,589] {dag.py:1834} INFO - Sync 1 DAGs
[2021-09-21 01:27:51,613] {logging_mixin.py:109} INFO - [2021-09-21 01:27:51,613] {dag.py:2287} INFO - Setting next_dagrun for latest_only_with_trigger to 2021-09-19 00:00:00+00:00
[2021-09-21 01:27:51,627] {processor.py:170} INFO - Processing /home/airflow/.local/lib/python3.6/site-packages/airflow/example_dags/example_latest_only_with_trigger.py took 0.099 seconds
[2021-09-21 01:28:22,190] {processor.py:162} INFO - Started process (PID=1478) to work on /home/airflow/.local/lib/python3.6/site-packages/airflow/example_dags/example_latest_only_with_trigger.py
[2021-09-21 01:28:22,194] {processor.py:613} INFO - Processing file /home/airflow/.local/lib/python3.6/site-packages/airflow/example_dags/example_latest_only_with_trigger.py for tasks to queue
[2021-09-21 01:28:22,196] {logging_mixin.py:109} INFO - [2021-09-21 01:28:22,195] {dagbag.py:496} INFO - Filling up the DagBag from /home/airflow/.local/lib/python3.6/site-packages/airflow/example_dags/example_latest_only_with_trigger.py
[2021-09-21 01:28:22,215] {processor.py:623} INFO - DAG(s) dict_keys(['latest_only_with_trigger']) retrieved from /home/airflow/.local/lib/python3.6/site-packages/airflow/example_dags/example_latest_only_with_trigger.py
[2021-09-21 01:28:22,249] {logging_mixin.py:109} INFO - [2021-09-21 01:28:22,249] {dag.py:1834} INFO - Sync 1 DAGs
[2021-09-21 01:28:22,271] {logging_mixin.py:109} INFO - [2021-09-21 01:28:22,271] {dag.py:2287} INFO - Setting next_dagrun for latest_only_with_trigger to 2021-09-19 00:00:00+00:00
[2021-09-21 01:28:22,285] {processor.py:170} INFO - Processing /home/airflow/.local/lib/python3.6/site-packages/airflow/example_dags/example_latest_only_with_trigger.py took 0.101 seconds
[2021-09-21 01:28:52,829] {processor.py:162} INFO - Started process (PID=1541) to work on /home/airflow/.local/lib/python3.6/site-packages/airflow/example_dags/example_latest_only_with_trigger.py
[2021-09-21 01:28:52,831] {processor.py:613} INFO - Processing file /home/airflow/.local/lib/python3.6/site-packages/airflow/example_dags/example_latest_only_with_trigger.py for tasks to queue
[2021-09-21 01:28:52,832] {logging_mixin.py:109} INFO - [2021-09-21 01:28:52,832] {dagbag.py:496} INFO - Filling up the DagBag from /home/airflow/.local/lib/python3.6/site-packages/airflow/example_dags/example_latest_only_with_trigger.py
[2021-09-21 01:28:52,844] {processor.py:623} INFO - DAG(s) dict_keys(['latest_only_with_trigger']) retrieved from /home/airflow/.local/lib/python3.6/site-packages/airflow/example_dags/example_latest_only_with_trigger.py
[2021-09-21 01:28:52,867] {logging_mixin.py:109} INFO - [2021-09-21 01:28:52,867] {dag.py:1834} INFO - Sync 1 DAGs
[2021-09-21 01:28:52,884] {logging_mixin.py:109} INFO - [2021-09-21 01:28:52,884] {dag.py:2287} INFO - Setting next_dagrun for latest_only_with_trigger to 2021-09-19 00:00:00+00:00
[2021-09-21 01:28:52,896] {processor.py:170} INFO - Processing /home/airflow/.local/lib/python3.6/site-packages/airflow/example_dags/example_latest_only_with_trigger.py took 0.071 seconds
[2021-09-21 01:29:23,722] {processor.py:162} INFO - Started process (PID=1595) to work on /home/airflow/.local/lib/python3.6/site-packages/airflow/example_dags/example_latest_only_with_trigger.py
[2021-09-21 01:29:23,724] {processor.py:613} INFO - Processing file /home/airflow/.local/lib/python3.6/site-packages/airflow/example_dags/example_latest_only_with_trigger.py for tasks to queue
[2021-09-21 01:29:23,726] {logging_mixin.py:109} INFO - [2021-09-21 01:29:23,725] {dagbag.py:496} INFO - Filling up the DagBag from /home/airflow/.local/lib/python3.6/site-packages/airflow/example_dags/example_latest_only_with_trigger.py
[2021-09-21 01:29:23,739] {processor.py:623} INFO - DAG(s) dict_keys(['latest_only_with_trigger']) retrieved from /home/airflow/.local/lib/python3.6/site-packages/airflow/example_dags/example_latest_only_with_trigger.py
[2021-09-21 01:29:23,764] {logging_mixin.py:109} INFO - [2021-09-21 01:29:23,764] {dag.py:1834} INFO - Sync 1 DAGs
[2021-09-21 01:29:23,782] {logging_mixin.py:109} INFO - [2021-09-21 01:29:23,782] {dag.py:2287} INFO - Setting next_dagrun for latest_only_with_trigger to 2021-09-19 00:00:00+00:00
[2021-09-21 01:29:23,794] {processor.py:170} INFO - Processing /home/airflow/.local/lib/python3.6/site-packages/airflow/example_dags/example_latest_only_with_trigger.py took 0.076 seconds
[2021-09-21 01:29:54,035] {processor.py:162} INFO - Started process (PID=1659) to work on /home/airflow/.local/lib/python3.6/site-packages/airflow/example_dags/example_latest_only_with_trigger.py
[2021-09-21 01:29:54,037] {processor.py:613} INFO - Processing file /home/airflow/.local/lib/python3.6/site-packages/airflow/example_dags/example_latest_only_with_trigger.py for tasks to queue
[2021-09-21 01:29:54,040] {logging_mixin.py:109} INFO - [2021-09-21 01:29:54,039] {dagbag.py:496} INFO - Filling up the DagBag from /home/airflow/.local/lib/python3.6/site-packages/airflow/example_dags/example_latest_only_with_trigger.py
[2021-09-21 01:29:54,060] {processor.py:623} INFO - DAG(s) dict_keys(['latest_only_with_trigger']) retrieved from /home/airflow/.local/lib/python3.6/site-packages/airflow/example_dags/example_latest_only_with_trigger.py
[2021-09-21 01:29:54,094] {logging_mixin.py:109} INFO - [2021-09-21 01:29:54,094] {dag.py:1834} INFO - Sync 1 DAGs
[2021-09-21 01:29:54,114] {logging_mixin.py:109} INFO - [2021-09-21 01:29:54,114] {dag.py:2287} INFO - Setting next_dagrun for latest_only_with_trigger to 2021-09-19 00:00:00+00:00
[2021-09-21 01:29:54,127] {processor.py:170} INFO - Processing /home/airflow/.local/lib/python3.6/site-packages/airflow/example_dags/example_latest_only_with_trigger.py took 0.096 seconds
[2021-09-21 01:30:24,916] {processor.py:162} INFO - Started process (PID=1712) to work on /home/airflow/.local/lib/python3.6/site-packages/airflow/example_dags/example_latest_only_with_trigger.py
[2021-09-21 01:30:24,919] {processor.py:613} INFO - Processing file /home/airflow/.local/lib/python3.6/site-packages/airflow/example_dags/example_latest_only_with_trigger.py for tasks to queue
[2021-09-21 01:30:24,921] {logging_mixin.py:109} INFO - [2021-09-21 01:30:24,921] {dagbag.py:496} INFO - Filling up the DagBag from /home/airflow/.local/lib/python3.6/site-packages/airflow/example_dags/example_latest_only_with_trigger.py
[2021-09-21 01:30:24,936] {processor.py:623} INFO - DAG(s) dict_keys(['latest_only_with_trigger']) retrieved from /home/airflow/.local/lib/python3.6/site-packages/airflow/example_dags/example_latest_only_with_trigger.py
[2021-09-21 01:30:24,962] {logging_mixin.py:109} INFO - [2021-09-21 01:30:24,962] {dag.py:1834} INFO - Sync 1 DAGs
[2021-09-21 01:30:24,979] {logging_mixin.py:109} INFO - [2021-09-21 01:30:24,979] {dag.py:2287} INFO - Setting next_dagrun for latest_only_with_trigger to 2021-09-19 00:00:00+00:00
[2021-09-21 01:30:24,992] {processor.py:170} INFO - Processing /home/airflow/.local/lib/python3.6/site-packages/airflow/example_dags/example_latest_only_with_trigger.py took 0.080 seconds
[2021-09-21 01:30:55,171] {processor.py:162} INFO - Started process (PID=1774) to work on /home/airflow/.local/lib/python3.6/site-packages/airflow/example_dags/example_latest_only_with_trigger.py
[2021-09-21 01:30:55,173] {processor.py:613} INFO - Processing file /home/airflow/.local/lib/python3.6/site-packages/airflow/example_dags/example_latest_only_with_trigger.py for tasks to queue
[2021-09-21 01:30:55,174] {logging_mixin.py:109} INFO - [2021-09-21 01:30:55,174] {dagbag.py:496} INFO - Filling up the DagBag from /home/airflow/.local/lib/python3.6/site-packages/airflow/example_dags/example_latest_only_with_trigger.py
[2021-09-21 01:30:55,190] {processor.py:623} INFO - DAG(s) dict_keys(['latest_only_with_trigger']) retrieved from /home/airflow/.local/lib/python3.6/site-packages/airflow/example_dags/example_latest_only_with_trigger.py
[2021-09-21 01:30:55,218] {logging_mixin.py:109} INFO - [2021-09-21 01:30:55,218] {dag.py:1834} INFO - Sync 1 DAGs
[2021-09-21 01:30:55,236] {logging_mixin.py:109} INFO - [2021-09-21 01:30:55,235] {dag.py:2287} INFO - Setting next_dagrun for latest_only_with_trigger to 2021-09-19 00:00:00+00:00
[2021-09-21 01:30:55,248] {processor.py:170} INFO - Processing /home/airflow/.local/lib/python3.6/site-packages/airflow/example_dags/example_latest_only_with_trigger.py took 0.081 seconds
[2021-09-21 01:31:25,429] {processor.py:162} INFO - Started process (PID=1838) to work on /home/airflow/.local/lib/python3.6/site-packages/airflow/example_dags/example_latest_only_with_trigger.py
[2021-09-21 01:31:25,431] {processor.py:613} INFO - Processing file /home/airflow/.local/lib/python3.6/site-packages/airflow/example_dags/example_latest_only_with_trigger.py for tasks to queue
[2021-09-21 01:31:25,432] {logging_mixin.py:109} INFO - [2021-09-21 01:31:25,432] {dagbag.py:496} INFO - Filling up the DagBag from /home/airflow/.local/lib/python3.6/site-packages/airflow/example_dags/example_latest_only_with_trigger.py
[2021-09-21 01:31:25,445] {processor.py:623} INFO - DAG(s) dict_keys(['latest_only_with_trigger']) retrieved from /home/airflow/.local/lib/python3.6/site-packages/airflow/example_dags/example_latest_only_with_trigger.py
[2021-09-21 01:31:25,469] {logging_mixin.py:109} INFO - [2021-09-21 01:31:25,469] {dag.py:1834} INFO - Sync 1 DAGs
[2021-09-21 01:31:25,484] {logging_mixin.py:109} INFO - [2021-09-21 01:31:25,483] {dag.py:2287} INFO - Setting next_dagrun for latest_only_with_trigger to 2021-09-19 00:00:00+00:00
[2021-09-21 01:31:25,494] {processor.py:170} INFO - Processing /home/airflow/.local/lib/python3.6/site-packages/airflow/example_dags/example_latest_only_with_trigger.py took 0.069 seconds
[2021-09-21 01:31:56,318] {processor.py:162} INFO - Started process (PID=1891) to work on /home/airflow/.local/lib/python3.6/site-packages/airflow/example_dags/example_latest_only_with_trigger.py
[2021-09-21 01:31:56,321] {processor.py:613} INFO - Processing file /home/airflow/.local/lib/python3.6/site-packages/airflow/example_dags/example_latest_only_with_trigger.py for tasks to queue
[2021-09-21 01:31:56,322] {logging_mixin.py:109} INFO - [2021-09-21 01:31:56,322] {dagbag.py:496} INFO - Filling up the DagBag from /home/airflow/.local/lib/python3.6/site-packages/airflow/example_dags/example_latest_only_with_trigger.py
[2021-09-21 01:31:56,337] {processor.py:623} INFO - DAG(s) dict_keys(['latest_only_with_trigger']) retrieved from /home/airflow/.local/lib/python3.6/site-packages/airflow/example_dags/example_latest_only_with_trigger.py
[2021-09-21 01:31:56,371] {logging_mixin.py:109} INFO - [2021-09-21 01:31:56,371] {dag.py:1834} INFO - Sync 1 DAGs
[2021-09-21 01:31:56,391] {logging_mixin.py:109} INFO - [2021-09-21 01:31:56,391] {dag.py:2287} INFO - Setting next_dagrun for latest_only_with_trigger to 2021-09-19 00:00:00+00:00
[2021-09-21 01:31:56,407] {processor.py:170} INFO - Processing /home/airflow/.local/lib/python3.6/site-packages/airflow/example_dags/example_latest_only_with_trigger.py took 0.092 seconds
[2021-09-21 01:32:26,961] {processor.py:162} INFO - Started process (PID=1953) to work on /home/airflow/.local/lib/python3.6/site-packages/airflow/example_dags/example_latest_only_with_trigger.py
[2021-09-21 01:32:26,963] {processor.py:613} INFO - Processing file /home/airflow/.local/lib/python3.6/site-packages/airflow/example_dags/example_latest_only_with_trigger.py for tasks to queue
[2021-09-21 01:32:26,964] {logging_mixin.py:109} INFO - [2021-09-21 01:32:26,964] {dagbag.py:496} INFO - Filling up the DagBag from /home/airflow/.local/lib/python3.6/site-packages/airflow/example_dags/example_latest_only_with_trigger.py
[2021-09-21 01:32:26,979] {processor.py:623} INFO - DAG(s) dict_keys(['latest_only_with_trigger']) retrieved from /home/airflow/.local/lib/python3.6/site-packages/airflow/example_dags/example_latest_only_with_trigger.py
[2021-09-21 01:32:27,007] {logging_mixin.py:109} INFO - [2021-09-21 01:32:27,007] {dag.py:1834} INFO - Sync 1 DAGs
[2021-09-21 01:32:27,023] {logging_mixin.py:109} INFO - [2021-09-21 01:32:27,023] {dag.py:2287} INFO - Setting next_dagrun for latest_only_with_trigger to 2021-09-19 00:00:00+00:00
[2021-09-21 01:32:27,050] {processor.py:170} INFO - Processing /home/airflow/.local/lib/python3.6/site-packages/airflow/example_dags/example_latest_only_with_trigger.py took 0.093 seconds
[2021-09-21 01:32:57,671] {processor.py:162} INFO - Started process (PID=2009) to work on /home/airflow/.local/lib/python3.6/site-packages/airflow/example_dags/example_latest_only_with_trigger.py
[2021-09-21 01:32:57,674] {processor.py:613} INFO - Processing file /home/airflow/.local/lib/python3.6/site-packages/airflow/example_dags/example_latest_only_with_trigger.py for tasks to queue
[2021-09-21 01:32:57,676] {logging_mixin.py:109} INFO - [2021-09-21 01:32:57,676] {dagbag.py:496} INFO - Filling up the DagBag from /home/airflow/.local/lib/python3.6/site-packages/airflow/example_dags/example_latest_only_with_trigger.py
[2021-09-21 01:32:57,711] {processor.py:623} INFO - DAG(s) dict_keys(['latest_only_with_trigger']) retrieved from /home/airflow/.local/lib/python3.6/site-packages/airflow/example_dags/example_latest_only_with_trigger.py
[2021-09-21 01:32:57,755] {logging_mixin.py:109} INFO - [2021-09-21 01:32:57,755] {dag.py:1834} INFO - Sync 1 DAGs
[2021-09-21 01:32:57,771] {logging_mixin.py:109} INFO - [2021-09-21 01:32:57,771] {dag.py:2287} INFO - Setting next_dagrun for latest_only_with_trigger to 2021-09-19 00:00:00+00:00
[2021-09-21 01:32:57,783] {processor.py:170} INFO - Processing /home/airflow/.local/lib/python3.6/site-packages/airflow/example_dags/example_latest_only_with_trigger.py took 0.120 seconds
[2021-09-21 01:33:28,487] {processor.py:162} INFO - Started process (PID=2072) to work on /home/airflow/.local/lib/python3.6/site-packages/airflow/example_dags/example_latest_only_with_trigger.py
[2021-09-21 01:33:28,489] {processor.py:613} INFO - Processing file /home/airflow/.local/lib/python3.6/site-packages/airflow/example_dags/example_latest_only_with_trigger.py for tasks to queue
[2021-09-21 01:33:28,490] {logging_mixin.py:109} INFO - [2021-09-21 01:33:28,490] {dagbag.py:496} INFO - Filling up the DagBag from /home/airflow/.local/lib/python3.6/site-packages/airflow/example_dags/example_latest_only_with_trigger.py
[2021-09-21 01:33:28,503] {processor.py:623} INFO - DAG(s) dict_keys(['latest_only_with_trigger']) retrieved from /home/airflow/.local/lib/python3.6/site-packages/airflow/example_dags/example_latest_only_with_trigger.py
[2021-09-21 01:33:28,527] {logging_mixin.py:109} INFO - [2021-09-21 01:33:28,527] {dag.py:1834} INFO - Sync 1 DAGs
[2021-09-21 01:33:28,541] {logging_mixin.py:109} INFO - [2021-09-21 01:33:28,541] {dag.py:2287} INFO - Setting next_dagrun for latest_only_with_trigger to 2021-09-19 00:00:00+00:00
[2021-09-21 01:33:28,553] {processor.py:170} INFO - Processing /home/airflow/.local/lib/python3.6/site-packages/airflow/example_dags/example_latest_only_with_trigger.py took 0.070 seconds
[2021-09-21 01:33:59,234] {processor.py:162} INFO - Started process (PID=2136) to work on /home/airflow/.local/lib/python3.6/site-packages/airflow/example_dags/example_latest_only_with_trigger.py
[2021-09-21 01:33:59,237] {processor.py:613} INFO - Processing file /home/airflow/.local/lib/python3.6/site-packages/airflow/example_dags/example_latest_only_with_trigger.py for tasks to queue
[2021-09-21 01:33:59,238] {logging_mixin.py:109} INFO - [2021-09-21 01:33:59,238] {dagbag.py:496} INFO - Filling up the DagBag from /home/airflow/.local/lib/python3.6/site-packages/airflow/example_dags/example_latest_only_with_trigger.py
[2021-09-21 01:33:59,250] {processor.py:623} INFO - DAG(s) dict_keys(['latest_only_with_trigger']) retrieved from /home/airflow/.local/lib/python3.6/site-packages/airflow/example_dags/example_latest_only_with_trigger.py
[2021-09-21 01:33:59,275] {logging_mixin.py:109} INFO - [2021-09-21 01:33:59,275] {dag.py:1834} INFO - Sync 1 DAGs
[2021-09-21 01:33:59,295] {logging_mixin.py:109} INFO - [2021-09-21 01:33:59,295] {dag.py:2287} INFO - Setting next_dagrun for latest_only_with_trigger to 2021-09-19 00:00:00+00:00
[2021-09-21 01:33:59,305] {processor.py:170} INFO - Processing /home/airflow/.local/lib/python3.6/site-packages/airflow/example_dags/example_latest_only_with_trigger.py took 0.075 seconds
[2021-09-21 01:34:29,807] {processor.py:162} INFO - Started process (PID=2188) to work on /home/airflow/.local/lib/python3.6/site-packages/airflow/example_dags/example_latest_only_with_trigger.py
[2021-09-21 01:34:29,809] {processor.py:613} INFO - Processing file /home/airflow/.local/lib/python3.6/site-packages/airflow/example_dags/example_latest_only_with_trigger.py for tasks to queue
[2021-09-21 01:34:29,811] {logging_mixin.py:109} INFO - [2021-09-21 01:34:29,811] {dagbag.py:496} INFO - Filling up the DagBag from /home/airflow/.local/lib/python3.6/site-packages/airflow/example_dags/example_latest_only_with_trigger.py
[2021-09-21 01:34:29,827] {processor.py:623} INFO - DAG(s) dict_keys(['latest_only_with_trigger']) retrieved from /home/airflow/.local/lib/python3.6/site-packages/airflow/example_dags/example_latest_only_with_trigger.py
[2021-09-21 01:34:29,854] {logging_mixin.py:109} INFO - [2021-09-21 01:34:29,854] {dag.py:1834} INFO - Sync 1 DAGs
[2021-09-21 01:34:29,874] {logging_mixin.py:109} INFO - [2021-09-21 01:34:29,873] {dag.py:2287} INFO - Setting next_dagrun for latest_only_with_trigger to 2021-09-19 00:00:00+00:00
[2021-09-21 01:34:29,887] {processor.py:170} INFO - Processing /home/airflow/.local/lib/python3.6/site-packages/airflow/example_dags/example_latest_only_with_trigger.py took 0.085 seconds
[2021-09-21 01:35:00,211] {processor.py:162} INFO - Started process (PID=2251) to work on /home/airflow/.local/lib/python3.6/site-packages/airflow/example_dags/example_latest_only_with_trigger.py
[2021-09-21 01:35:00,213] {processor.py:613} INFO - Processing file /home/airflow/.local/lib/python3.6/site-packages/airflow/example_dags/example_latest_only_with_trigger.py for tasks to queue
[2021-09-21 01:35:00,214] {logging_mixin.py:109} INFO - [2021-09-21 01:35:00,214] {dagbag.py:496} INFO - Filling up the DagBag from /home/airflow/.local/lib/python3.6/site-packages/airflow/example_dags/example_latest_only_with_trigger.py
[2021-09-21 01:35:00,228] {processor.py:623} INFO - DAG(s) dict_keys(['latest_only_with_trigger']) retrieved from /home/airflow/.local/lib/python3.6/site-packages/airflow/example_dags/example_latest_only_with_trigger.py
[2021-09-21 01:35:00,258] {logging_mixin.py:109} INFO - [2021-09-21 01:35:00,258] {dag.py:1834} INFO - Sync 1 DAGs
[2021-09-21 01:35:00,277] {logging_mixin.py:109} INFO - [2021-09-21 01:35:00,277] {dag.py:2287} INFO - Setting next_dagrun for latest_only_with_trigger to 2021-09-19 00:00:00+00:00
[2021-09-21 01:35:00,288] {processor.py:170} INFO - Processing /home/airflow/.local/lib/python3.6/site-packages/airflow/example_dags/example_latest_only_with_trigger.py took 0.082 seconds
[2021-09-21 01:35:30,836] {processor.py:162} INFO - Started process (PID=2304) to work on /home/airflow/.local/lib/python3.6/site-packages/airflow/example_dags/example_latest_only_with_trigger.py
[2021-09-21 01:35:30,838] {processor.py:613} INFO - Processing file /home/airflow/.local/lib/python3.6/site-packages/airflow/example_dags/example_latest_only_with_trigger.py for tasks to queue
[2021-09-21 01:35:30,839] {logging_mixin.py:109} INFO - [2021-09-21 01:35:30,839] {dagbag.py:496} INFO - Filling up the DagBag from /home/airflow/.local/lib/python3.6/site-packages/airflow/example_dags/example_latest_only_with_trigger.py
[2021-09-21 01:35:30,852] {processor.py:623} INFO - DAG(s) dict_keys(['latest_only_with_trigger']) retrieved from /home/airflow/.local/lib/python3.6/site-packages/airflow/example_dags/example_latest_only_with_trigger.py
[2021-09-21 01:35:30,873] {logging_mixin.py:109} INFO - [2021-09-21 01:35:30,872] {dag.py:1834} INFO - Sync 1 DAGs
[2021-09-21 01:35:30,886] {logging_mixin.py:109} INFO - [2021-09-21 01:35:30,886] {dag.py:2287} INFO - Setting next_dagrun for latest_only_with_trigger to 2021-09-19 00:00:00+00:00
[2021-09-21 01:35:30,898] {processor.py:170} INFO - Processing /home/airflow/.local/lib/python3.6/site-packages/airflow/example_dags/example_latest_only_with_trigger.py took 0.066 seconds
[2021-09-21 01:36:01,685] {processor.py:162} INFO - Started process (PID=2368) to work on /home/airflow/.local/lib/python3.6/site-packages/airflow/example_dags/example_latest_only_with_trigger.py
[2021-09-21 01:36:01,688] {processor.py:613} INFO - Processing file /home/airflow/.local/lib/python3.6/site-packages/airflow/example_dags/example_latest_only_with_trigger.py for tasks to queue
[2021-09-21 01:36:01,690] {logging_mixin.py:109} INFO - [2021-09-21 01:36:01,689] {dagbag.py:496} INFO - Filling up the DagBag from /home/airflow/.local/lib/python3.6/site-packages/airflow/example_dags/example_latest_only_with_trigger.py
[2021-09-21 01:36:01,704] {processor.py:623} INFO - DAG(s) dict_keys(['latest_only_with_trigger']) retrieved from /home/airflow/.local/lib/python3.6/site-packages/airflow/example_dags/example_latest_only_with_trigger.py
[2021-09-21 01:36:01,729] {logging_mixin.py:109} INFO - [2021-09-21 01:36:01,728] {dag.py:1834} INFO - Sync 1 DAGs
[2021-09-21 01:36:01,754] {logging_mixin.py:109} INFO - [2021-09-21 01:36:01,754] {dag.py:2287} INFO - Setting next_dagrun for latest_only_with_trigger to 2021-09-19 00:00:00+00:00
[2021-09-21 01:36:01,778] {processor.py:170} INFO - Processing /home/airflow/.local/lib/python3.6/site-packages/airflow/example_dags/example_latest_only_with_trigger.py took 0.097 seconds
[2021-09-21 01:36:33,117] {processor.py:162} INFO - Started process (PID=2435) to work on /home/airflow/.local/lib/python3.6/site-packages/airflow/example_dags/example_latest_only_with_trigger.py
[2021-09-21 01:36:33,121] {processor.py:613} INFO - Processing file /home/airflow/.local/lib/python3.6/site-packages/airflow/example_dags/example_latest_only_with_trigger.py for tasks to queue
[2021-09-21 01:36:33,124] {logging_mixin.py:109} INFO - [2021-09-21 01:36:33,124] {dagbag.py:496} INFO - Filling up the DagBag from /home/airflow/.local/lib/python3.6/site-packages/airflow/example_dags/example_latest_only_with_trigger.py
[2021-09-21 01:36:33,157] {processor.py:623} INFO - DAG(s) dict_keys(['latest_only_with_trigger']) retrieved from /home/airflow/.local/lib/python3.6/site-packages/airflow/example_dags/example_latest_only_with_trigger.py
[2021-09-21 01:36:33,231] {logging_mixin.py:109} INFO - [2021-09-21 01:36:33,231] {dag.py:1834} INFO - Sync 1 DAGs
[2021-09-21 01:36:33,267] {logging_mixin.py:109} INFO - [2021-09-21 01:36:33,267] {dag.py:2287} INFO - Setting next_dagrun for latest_only_with_trigger to 2021-09-19 00:00:00+00:00
[2021-09-21 01:36:33,305] {processor.py:170} INFO - Processing /home/airflow/.local/lib/python3.6/site-packages/airflow/example_dags/example_latest_only_with_trigger.py took 0.195 seconds
[2021-09-21 01:37:03,493] {processor.py:162} INFO - Started process (PID=2489) to work on /home/airflow/.local/lib/python3.6/site-packages/airflow/example_dags/example_latest_only_with_trigger.py
[2021-09-21 01:37:03,496] {processor.py:613} INFO - Processing file /home/airflow/.local/lib/python3.6/site-packages/airflow/example_dags/example_latest_only_with_trigger.py for tasks to queue
[2021-09-21 01:37:03,498] {logging_mixin.py:109} INFO - [2021-09-21 01:37:03,497] {dagbag.py:496} INFO - Filling up the DagBag from /home/airflow/.local/lib/python3.6/site-packages/airflow/example_dags/example_latest_only_with_trigger.py
[2021-09-21 01:37:03,512] {processor.py:623} INFO - DAG(s) dict_keys(['latest_only_with_trigger']) retrieved from /home/airflow/.local/lib/python3.6/site-packages/airflow/example_dags/example_latest_only_with_trigger.py
[2021-09-21 01:37:03,538] {logging_mixin.py:109} INFO - [2021-09-21 01:37:03,538] {dag.py:1834} INFO - Sync 1 DAGs
[2021-09-21 01:37:03,555] {logging_mixin.py:109} INFO - [2021-09-21 01:37:03,555] {dag.py:2287} INFO - Setting next_dagrun for latest_only_with_trigger to 2021-09-19 00:00:00+00:00
[2021-09-21 01:37:03,569] {processor.py:170} INFO - Processing /home/airflow/.local/lib/python3.6/site-packages/airflow/example_dags/example_latest_only_with_trigger.py took 0.080 seconds
[2021-09-21 01:37:34,577] {processor.py:162} INFO - Started process (PID=2541) to work on /home/airflow/.local/lib/python3.6/site-packages/airflow/example_dags/example_latest_only_with_trigger.py
[2021-09-21 01:37:34,579] {processor.py:613} INFO - Processing file /home/airflow/.local/lib/python3.6/site-packages/airflow/example_dags/example_latest_only_with_trigger.py for tasks to queue
[2021-09-21 01:37:34,581] {logging_mixin.py:109} INFO - [2021-09-21 01:37:34,581] {dagbag.py:496} INFO - Filling up the DagBag from /home/airflow/.local/lib/python3.6/site-packages/airflow/example_dags/example_latest_only_with_trigger.py
[2021-09-21 01:37:34,594] {processor.py:623} INFO - DAG(s) dict_keys(['latest_only_with_trigger']) retrieved from /home/airflow/.local/lib/python3.6/site-packages/airflow/example_dags/example_latest_only_with_trigger.py
[2021-09-21 01:37:34,615] {logging_mixin.py:109} INFO - [2021-09-21 01:37:34,615] {dag.py:1834} INFO - Sync 1 DAGs
[2021-09-21 01:37:34,629] {logging_mixin.py:109} INFO - [2021-09-21 01:37:34,629] {dag.py:2287} INFO - Setting next_dagrun for latest_only_with_trigger to 2021-09-19 00:00:00+00:00
[2021-09-21 01:37:34,638] {processor.py:170} INFO - Processing /home/airflow/.local/lib/python3.6/site-packages/airflow/example_dags/example_latest_only_with_trigger.py took 0.064 seconds
[2021-09-21 01:38:05,298] {processor.py:162} INFO - Started process (PID=2606) to work on /home/airflow/.local/lib/python3.6/site-packages/airflow/example_dags/example_latest_only_with_trigger.py
[2021-09-21 01:38:05,299] {processor.py:613} INFO - Processing file /home/airflow/.local/lib/python3.6/site-packages/airflow/example_dags/example_latest_only_with_trigger.py for tasks to queue
[2021-09-21 01:38:05,300] {logging_mixin.py:109} INFO - [2021-09-21 01:38:05,300] {dagbag.py:496} INFO - Filling up the DagBag from /home/airflow/.local/lib/python3.6/site-packages/airflow/example_dags/example_latest_only_with_trigger.py
[2021-09-21 01:38:05,314] {processor.py:623} INFO - DAG(s) dict_keys(['latest_only_with_trigger']) retrieved from /home/airflow/.local/lib/python3.6/site-packages/airflow/example_dags/example_latest_only_with_trigger.py
[2021-09-21 01:38:05,338] {logging_mixin.py:109} INFO - [2021-09-21 01:38:05,338] {dag.py:1834} INFO - Sync 1 DAGs
[2021-09-21 01:38:05,352] {logging_mixin.py:109} INFO - [2021-09-21 01:38:05,352] {dag.py:2287} INFO - Setting next_dagrun for latest_only_with_trigger to 2021-09-19 00:00:00+00:00
[2021-09-21 01:38:05,363] {processor.py:170} INFO - Processing /home/airflow/.local/lib/python3.6/site-packages/airflow/example_dags/example_latest_only_with_trigger.py took 0.069 seconds
[2021-09-21 01:38:35,674] {processor.py:162} INFO - Started process (PID=2659) to work on /home/airflow/.local/lib/python3.6/site-packages/airflow/example_dags/example_latest_only_with_trigger.py
[2021-09-21 01:38:35,676] {processor.py:613} INFO - Processing file /home/airflow/.local/lib/python3.6/site-packages/airflow/example_dags/example_latest_only_with_trigger.py for tasks to queue
[2021-09-21 01:38:35,677] {logging_mixin.py:109} INFO - [2021-09-21 01:38:35,677] {dagbag.py:496} INFO - Filling up the DagBag from /home/airflow/.local/lib/python3.6/site-packages/airflow/example_dags/example_latest_only_with_trigger.py
[2021-09-21 01:38:35,690] {processor.py:623} INFO - DAG(s) dict_keys(['latest_only_with_trigger']) retrieved from /home/airflow/.local/lib/python3.6/site-packages/airflow/example_dags/example_latest_only_with_trigger.py
[2021-09-21 01:38:35,714] {logging_mixin.py:109} INFO - [2021-09-21 01:38:35,714] {dag.py:1834} INFO - Sync 1 DAGs
[2021-09-21 01:38:35,729] {logging_mixin.py:109} INFO - [2021-09-21 01:38:35,729] {dag.py:2287} INFO - Setting next_dagrun for latest_only_with_trigger to 2021-09-19 00:00:00+00:00
[2021-09-21 01:38:35,741] {processor.py:170} INFO - Processing /home/airflow/.local/lib/python3.6/site-packages/airflow/example_dags/example_latest_only_with_trigger.py took 0.071 seconds
[2021-09-21 01:39:05,893] {processor.py:162} INFO - Started process (PID=2723) to work on /home/airflow/.local/lib/python3.6/site-packages/airflow/example_dags/example_latest_only_with_trigger.py
[2021-09-21 01:39:05,896] {processor.py:613} INFO - Processing file /home/airflow/.local/lib/python3.6/site-packages/airflow/example_dags/example_latest_only_with_trigger.py for tasks to queue
[2021-09-21 01:39:05,897] {logging_mixin.py:109} INFO - [2021-09-21 01:39:05,897] {dagbag.py:496} INFO - Filling up the DagBag from /home/airflow/.local/lib/python3.6/site-packages/airflow/example_dags/example_latest_only_with_trigger.py
[2021-09-21 01:39:05,913] {processor.py:623} INFO - DAG(s) dict_keys(['latest_only_with_trigger']) retrieved from /home/airflow/.local/lib/python3.6/site-packages/airflow/example_dags/example_latest_only_with_trigger.py
[2021-09-21 01:39:05,943] {logging_mixin.py:109} INFO - [2021-09-21 01:39:05,943] {dag.py:1834} INFO - Sync 1 DAGs
[2021-09-21 01:39:05,961] {logging_mixin.py:109} INFO - [2021-09-21 01:39:05,961] {dag.py:2287} INFO - Setting next_dagrun for latest_only_with_trigger to 2021-09-19 00:00:00+00:00
[2021-09-21 01:39:05,975] {processor.py:170} INFO - Processing /home/airflow/.local/lib/python3.6/site-packages/airflow/example_dags/example_latest_only_with_trigger.py took 0.087 seconds
[2021-09-21 01:39:36,356] {processor.py:162} INFO - Started process (PID=2775) to work on /home/airflow/.local/lib/python3.6/site-packages/airflow/example_dags/example_latest_only_with_trigger.py
[2021-09-21 01:39:36,357] {processor.py:613} INFO - Processing file /home/airflow/.local/lib/python3.6/site-packages/airflow/example_dags/example_latest_only_with_trigger.py for tasks to queue
[2021-09-21 01:39:36,359] {logging_mixin.py:109} INFO - [2021-09-21 01:39:36,358] {dagbag.py:496} INFO - Filling up the DagBag from /home/airflow/.local/lib/python3.6/site-packages/airflow/example_dags/example_latest_only_with_trigger.py
[2021-09-21 01:39:36,371] {processor.py:623} INFO - DAG(s) dict_keys(['latest_only_with_trigger']) retrieved from /home/airflow/.local/lib/python3.6/site-packages/airflow/example_dags/example_latest_only_with_trigger.py
[2021-09-21 01:39:36,394] {logging_mixin.py:109} INFO - [2021-09-21 01:39:36,393] {dag.py:1834} INFO - Sync 1 DAGs
[2021-09-21 01:39:36,406] {logging_mixin.py:109} INFO - [2021-09-21 01:39:36,406] {dag.py:2287} INFO - Setting next_dagrun for latest_only_with_trigger to 2021-09-19 00:00:00+00:00
[2021-09-21 01:39:36,416] {processor.py:170} INFO - Processing /home/airflow/.local/lib/python3.6/site-packages/airflow/example_dags/example_latest_only_with_trigger.py took 0.064 seconds
[2021-09-21 01:40:07,148] {processor.py:162} INFO - Started process (PID=2837) to work on /home/airflow/.local/lib/python3.6/site-packages/airflow/example_dags/example_latest_only_with_trigger.py
[2021-09-21 01:40:07,149] {processor.py:613} INFO - Processing file /home/airflow/.local/lib/python3.6/site-packages/airflow/example_dags/example_latest_only_with_trigger.py for tasks to queue
[2021-09-21 01:40:07,151] {logging_mixin.py:109} INFO - [2021-09-21 01:40:07,151] {dagbag.py:496} INFO - Filling up the DagBag from /home/airflow/.local/lib/python3.6/site-packages/airflow/example_dags/example_latest_only_with_trigger.py
[2021-09-21 01:40:07,165] {processor.py:623} INFO - DAG(s) dict_keys(['latest_only_with_trigger']) retrieved from /home/airflow/.local/lib/python3.6/site-packages/airflow/example_dags/example_latest_only_with_trigger.py
[2021-09-21 01:40:07,188] {logging_mixin.py:109} INFO - [2021-09-21 01:40:07,188] {dag.py:1834} INFO - Sync 1 DAGs
[2021-09-21 01:40:07,204] {logging_mixin.py:109} INFO - [2021-09-21 01:40:07,204] {dag.py:2287} INFO - Setting next_dagrun for latest_only_with_trigger to 2021-09-19 00:00:00+00:00
[2021-09-21 01:40:07,215] {processor.py:170} INFO - Processing /home/airflow/.local/lib/python3.6/site-packages/airflow/example_dags/example_latest_only_with_trigger.py took 0.071 seconds
[2021-09-21 01:40:38,074] {processor.py:162} INFO - Started process (PID=2900) to work on /home/airflow/.local/lib/python3.6/site-packages/airflow/example_dags/example_latest_only_with_trigger.py
[2021-09-21 01:40:38,076] {processor.py:613} INFO - Processing file /home/airflow/.local/lib/python3.6/site-packages/airflow/example_dags/example_latest_only_with_trigger.py for tasks to queue
[2021-09-21 01:40:38,077] {logging_mixin.py:109} INFO - [2021-09-21 01:40:38,077] {dagbag.py:496} INFO - Filling up the DagBag from /home/airflow/.local/lib/python3.6/site-packages/airflow/example_dags/example_latest_only_with_trigger.py
[2021-09-21 01:40:38,090] {processor.py:623} INFO - DAG(s) dict_keys(['latest_only_with_trigger']) retrieved from /home/airflow/.local/lib/python3.6/site-packages/airflow/example_dags/example_latest_only_with_trigger.py
[2021-09-21 01:40:38,114] {logging_mixin.py:109} INFO - [2021-09-21 01:40:38,114] {dag.py:1834} INFO - Sync 1 DAGs
[2021-09-21 01:40:38,126] {logging_mixin.py:109} INFO - [2021-09-21 01:40:38,126] {dag.py:2287} INFO - Setting next_dagrun for latest_only_with_trigger to 2021-09-19 00:00:00+00:00
[2021-09-21 01:40:38,136] {processor.py:170} INFO - Processing /home/airflow/.local/lib/python3.6/site-packages/airflow/example_dags/example_latest_only_with_trigger.py took 0.065 seconds
[2021-09-21 01:41:08,872] {processor.py:162} INFO - Started process (PID=2953) to work on /home/airflow/.local/lib/python3.6/site-packages/airflow/example_dags/example_latest_only_with_trigger.py
[2021-09-21 01:41:08,874] {processor.py:613} INFO - Processing file /home/airflow/.local/lib/python3.6/site-packages/airflow/example_dags/example_latest_only_with_trigger.py for tasks to queue
[2021-09-21 01:41:08,875] {logging_mixin.py:109} INFO - [2021-09-21 01:41:08,875] {dagbag.py:496} INFO - Filling up the DagBag from /home/airflow/.local/lib/python3.6/site-packages/airflow/example_dags/example_latest_only_with_trigger.py
[2021-09-21 01:41:08,889] {processor.py:623} INFO - DAG(s) dict_keys(['latest_only_with_trigger']) retrieved from /home/airflow/.local/lib/python3.6/site-packages/airflow/example_dags/example_latest_only_with_trigger.py
[2021-09-21 01:41:08,917] {logging_mixin.py:109} INFO - [2021-09-21 01:41:08,917] {dag.py:1834} INFO - Sync 1 DAGs
[2021-09-21 01:41:08,938] {logging_mixin.py:109} INFO - [2021-09-21 01:41:08,938] {dag.py:2287} INFO - Setting next_dagrun for latest_only_with_trigger to 2021-09-19 00:00:00+00:00
[2021-09-21 01:41:08,951] {processor.py:170} INFO - Processing /home/airflow/.local/lib/python3.6/site-packages/airflow/example_dags/example_latest_only_with_trigger.py took 0.082 seconds
[2021-09-21 01:41:39,940] {processor.py:162} INFO - Started process (PID=3018) to work on /home/airflow/.local/lib/python3.6/site-packages/airflow/example_dags/example_latest_only_with_trigger.py
[2021-09-21 01:41:39,944] {processor.py:613} INFO - Processing file /home/airflow/.local/lib/python3.6/site-packages/airflow/example_dags/example_latest_only_with_trigger.py for tasks to queue
[2021-09-21 01:41:39,946] {logging_mixin.py:109} INFO - [2021-09-21 01:41:39,946] {dagbag.py:496} INFO - Filling up the DagBag from /home/airflow/.local/lib/python3.6/site-packages/airflow/example_dags/example_latest_only_with_trigger.py
[2021-09-21 01:41:39,970] {processor.py:623} INFO - DAG(s) dict_keys(['latest_only_with_trigger']) retrieved from /home/airflow/.local/lib/python3.6/site-packages/airflow/example_dags/example_latest_only_with_trigger.py
[2021-09-21 01:41:40,006] {logging_mixin.py:109} INFO - [2021-09-21 01:41:40,005] {dag.py:1834} INFO - Sync 1 DAGs
[2021-09-21 01:41:40,030] {logging_mixin.py:109} INFO - [2021-09-21 01:41:40,029] {dag.py:2287} INFO - Setting next_dagrun for latest_only_with_trigger to 2021-09-19 00:00:00+00:00
[2021-09-21 01:41:40,046] {processor.py:170} INFO - Processing /home/airflow/.local/lib/python3.6/site-packages/airflow/example_dags/example_latest_only_with_trigger.py took 0.111 seconds
[2021-09-21 01:42:10,339] {processor.py:162} INFO - Started process (PID=3083) to work on /home/airflow/.local/lib/python3.6/site-packages/airflow/example_dags/example_latest_only_with_trigger.py
[2021-09-21 01:42:10,341] {processor.py:613} INFO - Processing file /home/airflow/.local/lib/python3.6/site-packages/airflow/example_dags/example_latest_only_with_trigger.py for tasks to queue
[2021-09-21 01:42:10,342] {logging_mixin.py:109} INFO - [2021-09-21 01:42:10,342] {dagbag.py:496} INFO - Filling up the DagBag from /home/airflow/.local/lib/python3.6/site-packages/airflow/example_dags/example_latest_only_with_trigger.py
[2021-09-21 01:42:10,355] {processor.py:623} INFO - DAG(s) dict_keys(['latest_only_with_trigger']) retrieved from /home/airflow/.local/lib/python3.6/site-packages/airflow/example_dags/example_latest_only_with_trigger.py
[2021-09-21 01:42:10,380] {logging_mixin.py:109} INFO - [2021-09-21 01:42:10,379] {dag.py:1834} INFO - Sync 1 DAGs
[2021-09-21 01:42:10,394] {logging_mixin.py:109} INFO - [2021-09-21 01:42:10,394] {dag.py:2287} INFO - Setting next_dagrun for latest_only_with_trigger to 2021-09-19 00:00:00+00:00
[2021-09-21 01:42:10,406] {processor.py:170} INFO - Processing /home/airflow/.local/lib/python3.6/site-packages/airflow/example_dags/example_latest_only_with_trigger.py took 0.071 seconds
[2021-09-21 01:42:40,602] {processor.py:162} INFO - Started process (PID=3138) to work on /home/airflow/.local/lib/python3.6/site-packages/airflow/example_dags/example_latest_only_with_trigger.py
[2021-09-21 01:42:40,604] {processor.py:613} INFO - Processing file /home/airflow/.local/lib/python3.6/site-packages/airflow/example_dags/example_latest_only_with_trigger.py for tasks to queue
[2021-09-21 01:42:40,606] {logging_mixin.py:109} INFO - [2021-09-21 01:42:40,606] {dagbag.py:496} INFO - Filling up the DagBag from /home/airflow/.local/lib/python3.6/site-packages/airflow/example_dags/example_latest_only_with_trigger.py
[2021-09-21 01:42:40,620] {processor.py:623} INFO - DAG(s) dict_keys(['latest_only_with_trigger']) retrieved from /home/airflow/.local/lib/python3.6/site-packages/airflow/example_dags/example_latest_only_with_trigger.py
[2021-09-21 01:42:40,644] {logging_mixin.py:109} INFO - [2021-09-21 01:42:40,644] {dag.py:1834} INFO - Sync 1 DAGs
[2021-09-21 01:42:40,657] {logging_mixin.py:109} INFO - [2021-09-21 01:42:40,657] {dag.py:2287} INFO - Setting next_dagrun for latest_only_with_trigger to 2021-09-19 00:00:00+00:00
[2021-09-21 01:42:40,667] {processor.py:170} INFO - Processing /home/airflow/.local/lib/python3.6/site-packages/airflow/example_dags/example_latest_only_with_trigger.py took 0.069 seconds
[2021-09-21 01:43:11,363] {processor.py:162} INFO - Started process (PID=3200) to work on /home/airflow/.local/lib/python3.6/site-packages/airflow/example_dags/example_latest_only_with_trigger.py
[2021-09-21 01:43:11,365] {processor.py:613} INFO - Processing file /home/airflow/.local/lib/python3.6/site-packages/airflow/example_dags/example_latest_only_with_trigger.py for tasks to queue
[2021-09-21 01:43:11,367] {logging_mixin.py:109} INFO - [2021-09-21 01:43:11,366] {dagbag.py:496} INFO - Filling up the DagBag from /home/airflow/.local/lib/python3.6/site-packages/airflow/example_dags/example_latest_only_with_trigger.py
[2021-09-21 01:43:11,380] {processor.py:623} INFO - DAG(s) dict_keys(['latest_only_with_trigger']) retrieved from /home/airflow/.local/lib/python3.6/site-packages/airflow/example_dags/example_latest_only_with_trigger.py
[2021-09-21 01:43:11,404] {logging_mixin.py:109} INFO - [2021-09-21 01:43:11,404] {dag.py:1834} INFO - Sync 1 DAGs
[2021-09-21 01:43:11,421] {logging_mixin.py:109} INFO - [2021-09-21 01:43:11,421] {dag.py:2287} INFO - Setting next_dagrun for latest_only_with_trigger to 2021-09-19 00:00:00+00:00
[2021-09-21 01:43:11,433] {processor.py:170} INFO - Processing /home/airflow/.local/lib/python3.6/site-packages/airflow/example_dags/example_latest_only_with_trigger.py took 0.074 seconds
[2021-09-21 01:43:41,626] {processor.py:162} INFO - Started process (PID=3252) to work on /home/airflow/.local/lib/python3.6/site-packages/airflow/example_dags/example_latest_only_with_trigger.py
[2021-09-21 01:43:41,638] {processor.py:613} INFO - Processing file /home/airflow/.local/lib/python3.6/site-packages/airflow/example_dags/example_latest_only_with_trigger.py for tasks to queue
[2021-09-21 01:43:41,639] {logging_mixin.py:109} INFO - [2021-09-21 01:43:41,639] {dagbag.py:496} INFO - Filling up the DagBag from /home/airflow/.local/lib/python3.6/site-packages/airflow/example_dags/example_latest_only_with_trigger.py
[2021-09-21 01:43:41,654] {processor.py:623} INFO - DAG(s) dict_keys(['latest_only_with_trigger']) retrieved from /home/airflow/.local/lib/python3.6/site-packages/airflow/example_dags/example_latest_only_with_trigger.py
[2021-09-21 01:43:41,695] {logging_mixin.py:109} INFO - [2021-09-21 01:43:41,695] {dag.py:1834} INFO - Sync 1 DAGs
[2021-09-21 01:43:41,714] {logging_mixin.py:109} INFO - [2021-09-21 01:43:41,714] {dag.py:2287} INFO - Setting next_dagrun for latest_only_with_trigger to 2021-09-19 00:00:00+00:00
[2021-09-21 01:43:41,727] {processor.py:170} INFO - Processing /home/airflow/.local/lib/python3.6/site-packages/airflow/example_dags/example_latest_only_with_trigger.py took 0.105 seconds
[2021-09-21 01:44:12,273] {processor.py:162} INFO - Started process (PID=3314) to work on /home/airflow/.local/lib/python3.6/site-packages/airflow/example_dags/example_latest_only_with_trigger.py
[2021-09-21 01:44:12,276] {processor.py:613} INFO - Processing file /home/airflow/.local/lib/python3.6/site-packages/airflow/example_dags/example_latest_only_with_trigger.py for tasks to queue
[2021-09-21 01:44:12,277] {logging_mixin.py:109} INFO - [2021-09-21 01:44:12,277] {dagbag.py:496} INFO - Filling up the DagBag from /home/airflow/.local/lib/python3.6/site-packages/airflow/example_dags/example_latest_only_with_trigger.py
[2021-09-21 01:44:12,289] {processor.py:623} INFO - DAG(s) dict_keys(['latest_only_with_trigger']) retrieved from /home/airflow/.local/lib/python3.6/site-packages/airflow/example_dags/example_latest_only_with_trigger.py
[2021-09-21 01:44:12,313] {logging_mixin.py:109} INFO - [2021-09-21 01:44:12,313] {dag.py:1834} INFO - Sync 1 DAGs
[2021-09-21 01:44:12,326] {logging_mixin.py:109} INFO - [2021-09-21 01:44:12,326] {dag.py:2287} INFO - Setting next_dagrun for latest_only_with_trigger to 2021-09-19 00:00:00+00:00
[2021-09-21 01:44:12,335] {processor.py:170} INFO - Processing /home/airflow/.local/lib/python3.6/site-packages/airflow/example_dags/example_latest_only_with_trigger.py took 0.065 seconds
[2021-09-21 01:44:43,099] {processor.py:162} INFO - Started process (PID=3367) to work on /home/airflow/.local/lib/python3.6/site-packages/airflow/example_dags/example_latest_only_with_trigger.py
[2021-09-21 01:44:43,101] {processor.py:613} INFO - Processing file /home/airflow/.local/lib/python3.6/site-packages/airflow/example_dags/example_latest_only_with_trigger.py for tasks to queue
[2021-09-21 01:44:43,102] {logging_mixin.py:109} INFO - [2021-09-21 01:44:43,102] {dagbag.py:496} INFO - Filling up the DagBag from /home/airflow/.local/lib/python3.6/site-packages/airflow/example_dags/example_latest_only_with_trigger.py
[2021-09-21 01:44:43,116] {processor.py:623} INFO - DAG(s) dict_keys(['latest_only_with_trigger']) retrieved from /home/airflow/.local/lib/python3.6/site-packages/airflow/example_dags/example_latest_only_with_trigger.py
[2021-09-21 01:44:43,140] {logging_mixin.py:109} INFO - [2021-09-21 01:44:43,140] {dag.py:1834} INFO - Sync 1 DAGs
[2021-09-21 01:44:43,156] {logging_mixin.py:109} INFO - [2021-09-21 01:44:43,156] {dag.py:2287} INFO - Setting next_dagrun for latest_only_with_trigger to 2021-09-19 00:00:00+00:00
[2021-09-21 01:44:43,168] {processor.py:170} INFO - Processing /home/airflow/.local/lib/python3.6/site-packages/airflow/example_dags/example_latest_only_with_trigger.py took 0.072 seconds
[2021-09-21 01:45:14,109] {processor.py:162} INFO - Started process (PID=3431) to work on /home/airflow/.local/lib/python3.6/site-packages/airflow/example_dags/example_latest_only_with_trigger.py
[2021-09-21 01:45:14,112] {processor.py:613} INFO - Processing file /home/airflow/.local/lib/python3.6/site-packages/airflow/example_dags/example_latest_only_with_trigger.py for tasks to queue
[2021-09-21 01:45:14,114] {logging_mixin.py:109} INFO - [2021-09-21 01:45:14,114] {dagbag.py:496} INFO - Filling up the DagBag from /home/airflow/.local/lib/python3.6/site-packages/airflow/example_dags/example_latest_only_with_trigger.py
[2021-09-21 01:45:14,130] {processor.py:623} INFO - DAG(s) dict_keys(['latest_only_with_trigger']) retrieved from /home/airflow/.local/lib/python3.6/site-packages/airflow/example_dags/example_latest_only_with_trigger.py
[2021-09-21 01:45:14,158] {logging_mixin.py:109} INFO - [2021-09-21 01:45:14,158] {dag.py:1834} INFO - Sync 1 DAGs
[2021-09-21 01:45:14,173] {logging_mixin.py:109} INFO - [2021-09-21 01:45:14,173] {dag.py:2287} INFO - Setting next_dagrun for latest_only_with_trigger to 2021-09-19 00:00:00+00:00
[2021-09-21 01:45:14,186] {processor.py:170} INFO - Processing /home/airflow/.local/lib/python3.6/site-packages/airflow/example_dags/example_latest_only_with_trigger.py took 0.081 seconds
[2021-09-21 01:45:44,972] {processor.py:162} INFO - Started process (PID=3494) to work on /home/airflow/.local/lib/python3.6/site-packages/airflow/example_dags/example_latest_only_with_trigger.py
[2021-09-21 01:45:44,974] {processor.py:613} INFO - Processing file /home/airflow/.local/lib/python3.6/site-packages/airflow/example_dags/example_latest_only_with_trigger.py for tasks to queue
[2021-09-21 01:45:44,976] {logging_mixin.py:109} INFO - [2021-09-21 01:45:44,975] {dagbag.py:496} INFO - Filling up the DagBag from /home/airflow/.local/lib/python3.6/site-packages/airflow/example_dags/example_latest_only_with_trigger.py
[2021-09-21 01:45:44,988] {processor.py:623} INFO - DAG(s) dict_keys(['latest_only_with_trigger']) retrieved from /home/airflow/.local/lib/python3.6/site-packages/airflow/example_dags/example_latest_only_with_trigger.py
[2021-09-21 01:45:45,012] {logging_mixin.py:109} INFO - [2021-09-21 01:45:45,012] {dag.py:1834} INFO - Sync 1 DAGs
[2021-09-21 01:45:45,027] {logging_mixin.py:109} INFO - [2021-09-21 01:45:45,027] {dag.py:2287} INFO - Setting next_dagrun for latest_only_with_trigger to 2021-09-19 00:00:00+00:00
[2021-09-21 01:45:45,037] {processor.py:170} INFO - Processing /home/airflow/.local/lib/python3.6/site-packages/airflow/example_dags/example_latest_only_with_trigger.py took 0.068 seconds
[2021-09-21 01:46:16,019] {processor.py:162} INFO - Started process (PID=3546) to work on /home/airflow/.local/lib/python3.6/site-packages/airflow/example_dags/example_latest_only_with_trigger.py
[2021-09-21 01:46:16,021] {processor.py:613} INFO - Processing file /home/airflow/.local/lib/python3.6/site-packages/airflow/example_dags/example_latest_only_with_trigger.py for tasks to queue
[2021-09-21 01:46:16,023] {logging_mixin.py:109} INFO - [2021-09-21 01:46:16,023] {dagbag.py:496} INFO - Filling up the DagBag from /home/airflow/.local/lib/python3.6/site-packages/airflow/example_dags/example_latest_only_with_trigger.py
[2021-09-21 01:46:16,039] {processor.py:623} INFO - DAG(s) dict_keys(['latest_only_with_trigger']) retrieved from /home/airflow/.local/lib/python3.6/site-packages/airflow/example_dags/example_latest_only_with_trigger.py
[2021-09-21 01:46:16,073] {logging_mixin.py:109} INFO - [2021-09-21 01:46:16,073] {dag.py:1834} INFO - Sync 1 DAGs
[2021-09-21 01:46:16,092] {logging_mixin.py:109} INFO - [2021-09-21 01:46:16,092] {dag.py:2287} INFO - Setting next_dagrun for latest_only_with_trigger to 2021-09-19 00:00:00+00:00
[2021-09-21 01:46:16,106] {processor.py:170} INFO - Processing /home/airflow/.local/lib/python3.6/site-packages/airflow/example_dags/example_latest_only_with_trigger.py took 0.093 seconds
[2021-09-21 01:46:46,919] {processor.py:162} INFO - Started process (PID=3611) to work on /home/airflow/.local/lib/python3.6/site-packages/airflow/example_dags/example_latest_only_with_trigger.py
[2021-09-21 01:46:46,923] {processor.py:613} INFO - Processing file /home/airflow/.local/lib/python3.6/site-packages/airflow/example_dags/example_latest_only_with_trigger.py for tasks to queue
[2021-09-21 01:46:46,926] {logging_mixin.py:109} INFO - [2021-09-21 01:46:46,926] {dagbag.py:496} INFO - Filling up the DagBag from /home/airflow/.local/lib/python3.6/site-packages/airflow/example_dags/example_latest_only_with_trigger.py
[2021-09-21 01:46:46,960] {processor.py:623} INFO - DAG(s) dict_keys(['latest_only_with_trigger']) retrieved from /home/airflow/.local/lib/python3.6/site-packages/airflow/example_dags/example_latest_only_with_trigger.py
[2021-09-21 01:46:47,033] {logging_mixin.py:109} INFO - [2021-09-21 01:46:47,032] {dag.py:1834} INFO - Sync 1 DAGs
[2021-09-21 01:46:47,069] {logging_mixin.py:109} INFO - [2021-09-21 01:46:47,068] {dag.py:2287} INFO - Setting next_dagrun for latest_only_with_trigger to 2021-09-19 00:00:00+00:00
[2021-09-21 01:46:47,098] {processor.py:170} INFO - Processing /home/airflow/.local/lib/python3.6/site-packages/airflow/example_dags/example_latest_only_with_trigger.py took 0.185 seconds
[2021-09-21 01:47:17,221] {processor.py:162} INFO - Started process (PID=3666) to work on /home/airflow/.local/lib/python3.6/site-packages/airflow/example_dags/example_latest_only_with_trigger.py
[2021-09-21 01:47:17,225] {processor.py:613} INFO - Processing file /home/airflow/.local/lib/python3.6/site-packages/airflow/example_dags/example_latest_only_with_trigger.py for tasks to queue
[2021-09-21 01:47:17,227] {logging_mixin.py:109} INFO - [2021-09-21 01:47:17,226] {dagbag.py:496} INFO - Filling up the DagBag from /home/airflow/.local/lib/python3.6/site-packages/airflow/example_dags/example_latest_only_with_trigger.py
[2021-09-21 01:47:17,241] {processor.py:623} INFO - DAG(s) dict_keys(['latest_only_with_trigger']) retrieved from /home/airflow/.local/lib/python3.6/site-packages/airflow/example_dags/example_latest_only_with_trigger.py
[2021-09-21 01:47:17,266] {logging_mixin.py:109} INFO - [2021-09-21 01:47:17,266] {dag.py:1834} INFO - Sync 1 DAGs
[2021-09-21 01:47:17,281] {logging_mixin.py:109} INFO - [2021-09-21 01:47:17,281] {dag.py:2287} INFO - Setting next_dagrun for latest_only_with_trigger to 2021-09-19 00:00:00+00:00
[2021-09-21 01:47:17,292] {processor.py:170} INFO - Processing /home/airflow/.local/lib/python3.6/site-packages/airflow/example_dags/example_latest_only_with_trigger.py took 0.076 seconds
[2021-09-21 01:47:47,742] {processor.py:162} INFO - Started process (PID=3731) to work on /home/airflow/.local/lib/python3.6/site-packages/airflow/example_dags/example_latest_only_with_trigger.py
[2021-09-21 01:47:47,744] {processor.py:613} INFO - Processing file /home/airflow/.local/lib/python3.6/site-packages/airflow/example_dags/example_latest_only_with_trigger.py for tasks to queue
[2021-09-21 01:47:47,745] {logging_mixin.py:109} INFO - [2021-09-21 01:47:47,745] {dagbag.py:496} INFO - Filling up the DagBag from /home/airflow/.local/lib/python3.6/site-packages/airflow/example_dags/example_latest_only_with_trigger.py
[2021-09-21 01:47:47,757] {processor.py:623} INFO - DAG(s) dict_keys(['latest_only_with_trigger']) retrieved from /home/airflow/.local/lib/python3.6/site-packages/airflow/example_dags/example_latest_only_with_trigger.py
[2021-09-21 01:47:47,779] {logging_mixin.py:109} INFO - [2021-09-21 01:47:47,779] {dag.py:1834} INFO - Sync 1 DAGs
[2021-09-21 01:47:47,792] {logging_mixin.py:109} INFO - [2021-09-21 01:47:47,792] {dag.py:2287} INFO - Setting next_dagrun for latest_only_with_trigger to 2021-09-19 00:00:00+00:00
[2021-09-21 01:47:47,802] {processor.py:170} INFO - Processing /home/airflow/.local/lib/python3.6/site-packages/airflow/example_dags/example_latest_only_with_trigger.py took 0.063 seconds
[2021-09-21 01:48:18,008] {processor.py:162} INFO - Started process (PID=3783) to work on /home/airflow/.local/lib/python3.6/site-packages/airflow/example_dags/example_latest_only_with_trigger.py
[2021-09-21 01:48:18,013] {processor.py:613} INFO - Processing file /home/airflow/.local/lib/python3.6/site-packages/airflow/example_dags/example_latest_only_with_trigger.py for tasks to queue
[2021-09-21 01:48:18,016] {logging_mixin.py:109} INFO - [2021-09-21 01:48:18,016] {dagbag.py:496} INFO - Filling up the DagBag from /home/airflow/.local/lib/python3.6/site-packages/airflow/example_dags/example_latest_only_with_trigger.py
[2021-09-21 01:48:18,030] {processor.py:623} INFO - DAG(s) dict_keys(['latest_only_with_trigger']) retrieved from /home/airflow/.local/lib/python3.6/site-packages/airflow/example_dags/example_latest_only_with_trigger.py
[2021-09-21 01:48:18,054] {logging_mixin.py:109} INFO - [2021-09-21 01:48:18,054] {dag.py:1834} INFO - Sync 1 DAGs
[2021-09-21 01:48:18,068] {logging_mixin.py:109} INFO - [2021-09-21 01:48:18,068] {dag.py:2287} INFO - Setting next_dagrun for latest_only_with_trigger to 2021-09-19 00:00:00+00:00
[2021-09-21 01:48:18,077] {processor.py:170} INFO - Processing /home/airflow/.local/lib/python3.6/site-packages/airflow/example_dags/example_latest_only_with_trigger.py took 0.073 seconds
[2021-09-21 01:48:48,333] {processor.py:162} INFO - Started process (PID=3848) to work on /home/airflow/.local/lib/python3.6/site-packages/airflow/example_dags/example_latest_only_with_trigger.py
[2021-09-21 01:48:48,336] {processor.py:613} INFO - Processing file /home/airflow/.local/lib/python3.6/site-packages/airflow/example_dags/example_latest_only_with_trigger.py for tasks to queue
[2021-09-21 01:48:48,337] {logging_mixin.py:109} INFO - [2021-09-21 01:48:48,337] {dagbag.py:496} INFO - Filling up the DagBag from /home/airflow/.local/lib/python3.6/site-packages/airflow/example_dags/example_latest_only_with_trigger.py
[2021-09-21 01:48:48,349] {processor.py:623} INFO - DAG(s) dict_keys(['latest_only_with_trigger']) retrieved from /home/airflow/.local/lib/python3.6/site-packages/airflow/example_dags/example_latest_only_with_trigger.py
[2021-09-21 01:48:48,371] {logging_mixin.py:109} INFO - [2021-09-21 01:48:48,371] {dag.py:1834} INFO - Sync 1 DAGs
[2021-09-21 01:48:48,385] {logging_mixin.py:109} INFO - [2021-09-21 01:48:48,385] {dag.py:2287} INFO - Setting next_dagrun for latest_only_with_trigger to 2021-09-19 00:00:00+00:00
[2021-09-21 01:48:48,395] {processor.py:170} INFO - Processing /home/airflow/.local/lib/python3.6/site-packages/airflow/example_dags/example_latest_only_with_trigger.py took 0.065 seconds
[2021-09-21 01:49:18,707] {processor.py:162} INFO - Started process (PID=3911) to work on /home/airflow/.local/lib/python3.6/site-packages/airflow/example_dags/example_latest_only_with_trigger.py
[2021-09-21 01:49:18,709] {processor.py:613} INFO - Processing file /home/airflow/.local/lib/python3.6/site-packages/airflow/example_dags/example_latest_only_with_trigger.py for tasks to queue
[2021-09-21 01:49:18,710] {logging_mixin.py:109} INFO - [2021-09-21 01:49:18,710] {dagbag.py:496} INFO - Filling up the DagBag from /home/airflow/.local/lib/python3.6/site-packages/airflow/example_dags/example_latest_only_with_trigger.py
[2021-09-21 01:49:18,725] {processor.py:623} INFO - DAG(s) dict_keys(['latest_only_with_trigger']) retrieved from /home/airflow/.local/lib/python3.6/site-packages/airflow/example_dags/example_latest_only_with_trigger.py
[2021-09-21 01:49:18,752] {logging_mixin.py:109} INFO - [2021-09-21 01:49:18,751] {dag.py:1834} INFO - Sync 1 DAGs
[2021-09-21 01:49:18,770] {logging_mixin.py:109} INFO - [2021-09-21 01:49:18,770] {dag.py:2287} INFO - Setting next_dagrun for latest_only_with_trigger to 2021-09-19 00:00:00+00:00
[2021-09-21 01:49:18,784] {processor.py:170} INFO - Processing /home/airflow/.local/lib/python3.6/site-packages/airflow/example_dags/example_latest_only_with_trigger.py took 0.081 seconds
[2021-09-21 01:49:48,973] {processor.py:162} INFO - Started process (PID=3963) to work on /home/airflow/.local/lib/python3.6/site-packages/airflow/example_dags/example_latest_only_with_trigger.py
[2021-09-21 01:49:48,975] {processor.py:613} INFO - Processing file /home/airflow/.local/lib/python3.6/site-packages/airflow/example_dags/example_latest_only_with_trigger.py for tasks to queue
[2021-09-21 01:49:48,976] {logging_mixin.py:109} INFO - [2021-09-21 01:49:48,976] {dagbag.py:496} INFO - Filling up the DagBag from /home/airflow/.local/lib/python3.6/site-packages/airflow/example_dags/example_latest_only_with_trigger.py
[2021-09-21 01:49:48,990] {processor.py:623} INFO - DAG(s) dict_keys(['latest_only_with_trigger']) retrieved from /home/airflow/.local/lib/python3.6/site-packages/airflow/example_dags/example_latest_only_with_trigger.py
[2021-09-21 01:49:49,016] {logging_mixin.py:109} INFO - [2021-09-21 01:49:49,015] {dag.py:1834} INFO - Sync 1 DAGs
[2021-09-21 01:49:49,031] {logging_mixin.py:109} INFO - [2021-09-21 01:49:49,031] {dag.py:2287} INFO - Setting next_dagrun for latest_only_with_trigger to 2021-09-19 00:00:00+00:00
[2021-09-21 01:49:49,043] {processor.py:170} INFO - Processing /home/airflow/.local/lib/python3.6/site-packages/airflow/example_dags/example_latest_only_with_trigger.py took 0.074 seconds
[2021-09-21 01:50:19,475] {processor.py:162} INFO - Started process (PID=4025) to work on /home/airflow/.local/lib/python3.6/site-packages/airflow/example_dags/example_latest_only_with_trigger.py
[2021-09-21 01:50:19,492] {processor.py:613} INFO - Processing file /home/airflow/.local/lib/python3.6/site-packages/airflow/example_dags/example_latest_only_with_trigger.py for tasks to queue
[2021-09-21 01:50:19,501] {logging_mixin.py:109} INFO - [2021-09-21 01:50:19,500] {dagbag.py:496} INFO - Filling up the DagBag from /home/airflow/.local/lib/python3.6/site-packages/airflow/example_dags/example_latest_only_with_trigger.py
[2021-09-21 01:50:19,611] {processor.py:623} INFO - DAG(s) dict_keys(['latest_only_with_trigger']) retrieved from /home/airflow/.local/lib/python3.6/site-packages/airflow/example_dags/example_latest_only_with_trigger.py
[2021-09-21 01:50:20,105] {logging_mixin.py:109} INFO - [2021-09-21 01:50:20,105] {dag.py:1834} INFO - Sync 1 DAGs
[2021-09-21 01:50:20,442] {logging_mixin.py:109} INFO - [2021-09-21 01:50:20,442] {dag.py:2287} INFO - Setting next_dagrun for latest_only_with_trigger to 2021-09-19 00:00:00+00:00
[2021-09-21 01:50:20,624] {processor.py:170} INFO - Processing /home/airflow/.local/lib/python3.6/site-packages/airflow/example_dags/example_latest_only_with_trigger.py took 1.243 seconds
[2021-09-21 01:50:50,945] {processor.py:162} INFO - Started process (PID=4083) to work on /home/airflow/.local/lib/python3.6/site-packages/airflow/example_dags/example_latest_only_with_trigger.py
[2021-09-21 01:50:50,947] {processor.py:613} INFO - Processing file /home/airflow/.local/lib/python3.6/site-packages/airflow/example_dags/example_latest_only_with_trigger.py for tasks to queue
[2021-09-21 01:50:50,949] {logging_mixin.py:109} INFO - [2021-09-21 01:50:50,949] {dagbag.py:496} INFO - Filling up the DagBag from /home/airflow/.local/lib/python3.6/site-packages/airflow/example_dags/example_latest_only_with_trigger.py
[2021-09-21 01:50:50,975] {processor.py:623} INFO - DAG(s) dict_keys(['latest_only_with_trigger']) retrieved from /home/airflow/.local/lib/python3.6/site-packages/airflow/example_dags/example_latest_only_with_trigger.py
[2021-09-21 01:50:51,017] {logging_mixin.py:109} INFO - [2021-09-21 01:50:51,016] {dag.py:1834} INFO - Sync 1 DAGs
[2021-09-21 01:50:51,043] {logging_mixin.py:109} INFO - [2021-09-21 01:50:51,043] {dag.py:2287} INFO - Setting next_dagrun for latest_only_with_trigger to 2021-09-19 00:00:00+00:00
[2021-09-21 01:50:51,059] {processor.py:170} INFO - Processing /home/airflow/.local/lib/python3.6/site-packages/airflow/example_dags/example_latest_only_with_trigger.py took 0.118 seconds
[2021-09-21 01:51:21,206] {processor.py:162} INFO - Started process (PID=4140) to work on /home/airflow/.local/lib/python3.6/site-packages/airflow/example_dags/example_latest_only_with_trigger.py
[2021-09-21 01:51:21,208] {processor.py:613} INFO - Processing file /home/airflow/.local/lib/python3.6/site-packages/airflow/example_dags/example_latest_only_with_trigger.py for tasks to queue
[2021-09-21 01:51:21,210] {logging_mixin.py:109} INFO - [2021-09-21 01:51:21,210] {dagbag.py:496} INFO - Filling up the DagBag from /home/airflow/.local/lib/python3.6/site-packages/airflow/example_dags/example_latest_only_with_trigger.py
[2021-09-21 01:51:21,224] {processor.py:623} INFO - DAG(s) dict_keys(['latest_only_with_trigger']) retrieved from /home/airflow/.local/lib/python3.6/site-packages/airflow/example_dags/example_latest_only_with_trigger.py
[2021-09-21 01:51:21,249] {logging_mixin.py:109} INFO - [2021-09-21 01:51:21,249] {dag.py:1834} INFO - Sync 1 DAGs
[2021-09-21 01:51:21,264] {logging_mixin.py:109} INFO - [2021-09-21 01:51:21,264] {dag.py:2287} INFO - Setting next_dagrun for latest_only_with_trigger to 2021-09-19 00:00:00+00:00
[2021-09-21 01:51:21,277] {processor.py:170} INFO - Processing /home/airflow/.local/lib/python3.6/site-packages/airflow/example_dags/example_latest_only_with_trigger.py took 0.075 seconds
[2021-09-21 01:51:51,434] {processor.py:162} INFO - Started process (PID=4203) to work on /home/airflow/.local/lib/python3.6/site-packages/airflow/example_dags/example_latest_only_with_trigger.py
[2021-09-21 01:51:51,440] {processor.py:613} INFO - Processing file /home/airflow/.local/lib/python3.6/site-packages/airflow/example_dags/example_latest_only_with_trigger.py for tasks to queue
[2021-09-21 01:51:51,445] {logging_mixin.py:109} INFO - [2021-09-21 01:51:51,444] {dagbag.py:496} INFO - Filling up the DagBag from /home/airflow/.local/lib/python3.6/site-packages/airflow/example_dags/example_latest_only_with_trigger.py
[2021-09-21 01:51:51,472] {processor.py:623} INFO - DAG(s) dict_keys(['latest_only_with_trigger']) retrieved from /home/airflow/.local/lib/python3.6/site-packages/airflow/example_dags/example_latest_only_with_trigger.py
[2021-09-21 01:51:51,519] {logging_mixin.py:109} INFO - [2021-09-21 01:51:51,518] {dag.py:1834} INFO - Sync 1 DAGs
[2021-09-21 01:51:51,548] {logging_mixin.py:109} INFO - [2021-09-21 01:51:51,548] {dag.py:2287} INFO - Setting next_dagrun for latest_only_with_trigger to 2021-09-19 00:00:00+00:00
[2021-09-21 01:51:51,569] {processor.py:170} INFO - Processing /home/airflow/.local/lib/python3.6/site-packages/airflow/example_dags/example_latest_only_with_trigger.py took 0.147 seconds
[2021-09-21 01:52:21,818] {processor.py:162} INFO - Started process (PID=4257) to work on /home/airflow/.local/lib/python3.6/site-packages/airflow/example_dags/example_latest_only_with_trigger.py
[2021-09-21 01:52:21,821] {processor.py:613} INFO - Processing file /home/airflow/.local/lib/python3.6/site-packages/airflow/example_dags/example_latest_only_with_trigger.py for tasks to queue
[2021-09-21 01:52:21,823] {logging_mixin.py:109} INFO - [2021-09-21 01:52:21,823] {dagbag.py:496} INFO - Filling up the DagBag from /home/airflow/.local/lib/python3.6/site-packages/airflow/example_dags/example_latest_only_with_trigger.py
[2021-09-21 01:52:21,841] {processor.py:623} INFO - DAG(s) dict_keys(['latest_only_with_trigger']) retrieved from /home/airflow/.local/lib/python3.6/site-packages/airflow/example_dags/example_latest_only_with_trigger.py
[2021-09-21 01:52:21,894] {logging_mixin.py:109} INFO - [2021-09-21 01:52:21,893] {dag.py:1834} INFO - Sync 1 DAGs
[2021-09-21 01:52:21,928] {logging_mixin.py:109} INFO - [2021-09-21 01:52:21,928] {dag.py:2287} INFO - Setting next_dagrun for latest_only_with_trigger to 2021-09-19 00:00:00+00:00
[2021-09-21 01:52:21,948] {processor.py:170} INFO - Processing /home/airflow/.local/lib/python3.6/site-packages/airflow/example_dags/example_latest_only_with_trigger.py took 0.140 seconds
