[2021-09-21 01:17:00,821] {processor.py:162} INFO - Started process (PID=70) to work on /home/airflow/.local/lib/python3.6/site-packages/airflow/example_dags/example_task_group.py
[2021-09-21 01:17:00,825] {processor.py:613} INFO - Processing file /home/airflow/.local/lib/python3.6/site-packages/airflow/example_dags/example_task_group.py for tasks to queue
[2021-09-21 01:17:00,829] {logging_mixin.py:109} INFO - [2021-09-21 01:17:00,829] {dagbag.py:496} INFO - Filling up the DagBag from /home/airflow/.local/lib/python3.6/site-packages/airflow/example_dags/example_task_group.py
[2021-09-21 01:17:00,895] {processor.py:623} INFO - DAG(s) dict_keys(['example_task_group']) retrieved from /home/airflow/.local/lib/python3.6/site-packages/airflow/example_dags/example_task_group.py
[2021-09-21 01:17:08,842] {logging_mixin.py:109} INFO - [2021-09-21 01:17:08,841] {dag.py:1834} INFO - Sync 1 DAGs
[2021-09-21 01:17:08,857] {logging_mixin.py:109} INFO - [2021-09-21 01:17:08,856] {dag.py:1853} INFO - Creating ORM DAG for example_task_group
[2021-09-21 01:17:08,863] {logging_mixin.py:109} INFO - [2021-09-21 01:17:08,863] {dag.py:2287} INFO - Setting next_dagrun for example_task_group to 2021-09-19 00:00:00+00:00
[2021-09-21 01:17:08,879] {processor.py:170} INFO - Processing /home/airflow/.local/lib/python3.6/site-packages/airflow/example_dags/example_task_group.py took 8.071 seconds
[2021-09-21 01:17:41,330] {processor.py:162} INFO - Started process (PID=293) to work on /home/airflow/.local/lib/python3.6/site-packages/airflow/example_dags/example_task_group.py
[2021-09-21 01:17:41,332] {processor.py:613} INFO - Processing file /home/airflow/.local/lib/python3.6/site-packages/airflow/example_dags/example_task_group.py for tasks to queue
[2021-09-21 01:17:41,334] {logging_mixin.py:109} INFO - [2021-09-21 01:17:41,333] {dagbag.py:496} INFO - Filling up the DagBag from /home/airflow/.local/lib/python3.6/site-packages/airflow/example_dags/example_task_group.py
[2021-09-21 01:17:41,353] {processor.py:623} INFO - DAG(s) dict_keys(['example_task_group']) retrieved from /home/airflow/.local/lib/python3.6/site-packages/airflow/example_dags/example_task_group.py
[2021-09-21 01:17:41,379] {logging_mixin.py:109} INFO - [2021-09-21 01:17:41,379] {dag.py:1834} INFO - Sync 1 DAGs
[2021-09-21 01:17:41,397] {logging_mixin.py:109} INFO - [2021-09-21 01:17:41,397] {dag.py:2287} INFO - Setting next_dagrun for example_task_group to 2021-09-19 00:00:00+00:00
[2021-09-21 01:17:41,411] {processor.py:170} INFO - Processing /home/airflow/.local/lib/python3.6/site-packages/airflow/example_dags/example_task_group.py took 0.085 seconds
[2021-09-21 01:18:11,478] {processor.py:162} INFO - Started process (PID=355) to work on /home/airflow/.local/lib/python3.6/site-packages/airflow/example_dags/example_task_group.py
[2021-09-21 01:18:11,480] {processor.py:613} INFO - Processing file /home/airflow/.local/lib/python3.6/site-packages/airflow/example_dags/example_task_group.py for tasks to queue
[2021-09-21 01:18:11,482] {logging_mixin.py:109} INFO - [2021-09-21 01:18:11,482] {dagbag.py:496} INFO - Filling up the DagBag from /home/airflow/.local/lib/python3.6/site-packages/airflow/example_dags/example_task_group.py
[2021-09-21 01:18:11,497] {processor.py:623} INFO - DAG(s) dict_keys(['example_task_group']) retrieved from /home/airflow/.local/lib/python3.6/site-packages/airflow/example_dags/example_task_group.py
[2021-09-21 01:18:11,520] {logging_mixin.py:109} INFO - [2021-09-21 01:18:11,520] {dag.py:1834} INFO - Sync 1 DAGs
[2021-09-21 01:18:11,532] {logging_mixin.py:109} INFO - [2021-09-21 01:18:11,532] {dag.py:2287} INFO - Setting next_dagrun for example_task_group to 2021-09-19 00:00:00+00:00
[2021-09-21 01:18:11,541] {processor.py:170} INFO - Processing /home/airflow/.local/lib/python3.6/site-packages/airflow/example_dags/example_task_group.py took 0.066 seconds
[2021-09-21 01:18:41,616] {processor.py:162} INFO - Started process (PID=420) to work on /home/airflow/.local/lib/python3.6/site-packages/airflow/example_dags/example_task_group.py
[2021-09-21 01:18:41,618] {processor.py:613} INFO - Processing file /home/airflow/.local/lib/python3.6/site-packages/airflow/example_dags/example_task_group.py for tasks to queue
[2021-09-21 01:18:41,619] {logging_mixin.py:109} INFO - [2021-09-21 01:18:41,619] {dagbag.py:496} INFO - Filling up the DagBag from /home/airflow/.local/lib/python3.6/site-packages/airflow/example_dags/example_task_group.py
[2021-09-21 01:18:41,634] {processor.py:623} INFO - DAG(s) dict_keys(['example_task_group']) retrieved from /home/airflow/.local/lib/python3.6/site-packages/airflow/example_dags/example_task_group.py
[2021-09-21 01:18:41,655] {logging_mixin.py:109} INFO - [2021-09-21 01:18:41,655] {dag.py:1834} INFO - Sync 1 DAGs
[2021-09-21 01:18:41,668] {logging_mixin.py:109} INFO - [2021-09-21 01:18:41,667] {dag.py:2287} INFO - Setting next_dagrun for example_task_group to 2021-09-19 00:00:00+00:00
[2021-09-21 01:18:41,677] {processor.py:170} INFO - Processing /home/airflow/.local/lib/python3.6/site-packages/airflow/example_dags/example_task_group.py took 0.064 seconds
[2021-09-21 01:19:11,785] {processor.py:162} INFO - Started process (PID=472) to work on /home/airflow/.local/lib/python3.6/site-packages/airflow/example_dags/example_task_group.py
[2021-09-21 01:19:11,787] {processor.py:613} INFO - Processing file /home/airflow/.local/lib/python3.6/site-packages/airflow/example_dags/example_task_group.py for tasks to queue
[2021-09-21 01:19:11,789] {logging_mixin.py:109} INFO - [2021-09-21 01:19:11,789] {dagbag.py:496} INFO - Filling up the DagBag from /home/airflow/.local/lib/python3.6/site-packages/airflow/example_dags/example_task_group.py
[2021-09-21 01:19:11,805] {processor.py:623} INFO - DAG(s) dict_keys(['example_task_group']) retrieved from /home/airflow/.local/lib/python3.6/site-packages/airflow/example_dags/example_task_group.py
[2021-09-21 01:19:11,829] {logging_mixin.py:109} INFO - [2021-09-21 01:19:11,829] {dag.py:1834} INFO - Sync 1 DAGs
[2021-09-21 01:19:11,844] {logging_mixin.py:109} INFO - [2021-09-21 01:19:11,844] {dag.py:2287} INFO - Setting next_dagrun for example_task_group to 2021-09-19 00:00:00+00:00
[2021-09-21 01:19:11,853] {processor.py:170} INFO - Processing /home/airflow/.local/lib/python3.6/site-packages/airflow/example_dags/example_task_group.py took 0.072 seconds
[2021-09-21 01:19:41,939] {processor.py:162} INFO - Started process (PID=536) to work on /home/airflow/.local/lib/python3.6/site-packages/airflow/example_dags/example_task_group.py
[2021-09-21 01:19:41,941] {processor.py:613} INFO - Processing file /home/airflow/.local/lib/python3.6/site-packages/airflow/example_dags/example_task_group.py for tasks to queue
[2021-09-21 01:19:41,943] {logging_mixin.py:109} INFO - [2021-09-21 01:19:41,943] {dagbag.py:496} INFO - Filling up the DagBag from /home/airflow/.local/lib/python3.6/site-packages/airflow/example_dags/example_task_group.py
[2021-09-21 01:19:41,959] {processor.py:623} INFO - DAG(s) dict_keys(['example_task_group']) retrieved from /home/airflow/.local/lib/python3.6/site-packages/airflow/example_dags/example_task_group.py
[2021-09-21 01:19:41,985] {logging_mixin.py:109} INFO - [2021-09-21 01:19:41,985] {dag.py:1834} INFO - Sync 1 DAGs
[2021-09-21 01:19:41,999] {logging_mixin.py:109} INFO - [2021-09-21 01:19:41,999] {dag.py:2287} INFO - Setting next_dagrun for example_task_group to 2021-09-19 00:00:00+00:00
[2021-09-21 01:19:42,010] {processor.py:170} INFO - Processing /home/airflow/.local/lib/python3.6/site-packages/airflow/example_dags/example_task_group.py took 0.075 seconds
[2021-09-21 01:20:12,153] {processor.py:162} INFO - Started process (PID=600) to work on /home/airflow/.local/lib/python3.6/site-packages/airflow/example_dags/example_task_group.py
[2021-09-21 01:20:12,155] {processor.py:613} INFO - Processing file /home/airflow/.local/lib/python3.6/site-packages/airflow/example_dags/example_task_group.py for tasks to queue
[2021-09-21 01:20:12,157] {logging_mixin.py:109} INFO - [2021-09-21 01:20:12,157] {dagbag.py:496} INFO - Filling up the DagBag from /home/airflow/.local/lib/python3.6/site-packages/airflow/example_dags/example_task_group.py
[2021-09-21 01:20:12,175] {processor.py:623} INFO - DAG(s) dict_keys(['example_task_group']) retrieved from /home/airflow/.local/lib/python3.6/site-packages/airflow/example_dags/example_task_group.py
[2021-09-21 01:20:12,209] {logging_mixin.py:109} INFO - [2021-09-21 01:20:12,209] {dag.py:1834} INFO - Sync 1 DAGs
[2021-09-21 01:20:12,235] {logging_mixin.py:109} INFO - [2021-09-21 01:20:12,235] {dag.py:2287} INFO - Setting next_dagrun for example_task_group to 2021-09-19 00:00:00+00:00
[2021-09-21 01:20:12,251] {processor.py:170} INFO - Processing /home/airflow/.local/lib/python3.6/site-packages/airflow/example_dags/example_task_group.py took 0.101 seconds
[2021-09-21 01:20:42,495] {processor.py:162} INFO - Started process (PID=651) to work on /home/airflow/.local/lib/python3.6/site-packages/airflow/example_dags/example_task_group.py
[2021-09-21 01:20:42,497] {processor.py:613} INFO - Processing file /home/airflow/.local/lib/python3.6/site-packages/airflow/example_dags/example_task_group.py for tasks to queue
[2021-09-21 01:20:42,499] {logging_mixin.py:109} INFO - [2021-09-21 01:20:42,498] {dagbag.py:496} INFO - Filling up the DagBag from /home/airflow/.local/lib/python3.6/site-packages/airflow/example_dags/example_task_group.py
[2021-09-21 01:20:42,515] {processor.py:623} INFO - DAG(s) dict_keys(['example_task_group']) retrieved from /home/airflow/.local/lib/python3.6/site-packages/airflow/example_dags/example_task_group.py
[2021-09-21 01:20:42,540] {logging_mixin.py:109} INFO - [2021-09-21 01:20:42,540] {dag.py:1834} INFO - Sync 1 DAGs
[2021-09-21 01:20:42,556] {logging_mixin.py:109} INFO - [2021-09-21 01:20:42,556] {dag.py:2287} INFO - Setting next_dagrun for example_task_group to 2021-09-19 00:00:00+00:00
[2021-09-21 01:20:42,567] {processor.py:170} INFO - Processing /home/airflow/.local/lib/python3.6/site-packages/airflow/example_dags/example_task_group.py took 0.076 seconds
[2021-09-21 01:21:13,140] {processor.py:162} INFO - Started process (PID=716) to work on /home/airflow/.local/lib/python3.6/site-packages/airflow/example_dags/example_task_group.py
[2021-09-21 01:21:13,143] {processor.py:613} INFO - Processing file /home/airflow/.local/lib/python3.6/site-packages/airflow/example_dags/example_task_group.py for tasks to queue
[2021-09-21 01:21:13,144] {logging_mixin.py:109} INFO - [2021-09-21 01:21:13,144] {dagbag.py:496} INFO - Filling up the DagBag from /home/airflow/.local/lib/python3.6/site-packages/airflow/example_dags/example_task_group.py
[2021-09-21 01:21:13,165] {processor.py:623} INFO - DAG(s) dict_keys(['example_task_group']) retrieved from /home/airflow/.local/lib/python3.6/site-packages/airflow/example_dags/example_task_group.py
[2021-09-21 01:21:13,195] {logging_mixin.py:109} INFO - [2021-09-21 01:21:13,195] {dag.py:1834} INFO - Sync 1 DAGs
[2021-09-21 01:21:13,214] {logging_mixin.py:109} INFO - [2021-09-21 01:21:13,214] {dag.py:2287} INFO - Setting next_dagrun for example_task_group to 2021-09-19 00:00:00+00:00
[2021-09-21 01:21:13,232] {processor.py:170} INFO - Processing /home/airflow/.local/lib/python3.6/site-packages/airflow/example_dags/example_task_group.py took 0.098 seconds
[2021-09-21 01:21:43,443] {processor.py:162} INFO - Started process (PID=768) to work on /home/airflow/.local/lib/python3.6/site-packages/airflow/example_dags/example_task_group.py
[2021-09-21 01:21:43,444] {processor.py:613} INFO - Processing file /home/airflow/.local/lib/python3.6/site-packages/airflow/example_dags/example_task_group.py for tasks to queue
[2021-09-21 01:21:43,446] {logging_mixin.py:109} INFO - [2021-09-21 01:21:43,446] {dagbag.py:496} INFO - Filling up the DagBag from /home/airflow/.local/lib/python3.6/site-packages/airflow/example_dags/example_task_group.py
[2021-09-21 01:21:43,463] {processor.py:623} INFO - DAG(s) dict_keys(['example_task_group']) retrieved from /home/airflow/.local/lib/python3.6/site-packages/airflow/example_dags/example_task_group.py
[2021-09-21 01:21:43,488] {logging_mixin.py:109} INFO - [2021-09-21 01:21:43,487] {dag.py:1834} INFO - Sync 1 DAGs
[2021-09-21 01:21:43,504] {logging_mixin.py:109} INFO - [2021-09-21 01:21:43,504] {dag.py:2287} INFO - Setting next_dagrun for example_task_group to 2021-09-19 00:00:00+00:00
[2021-09-21 01:21:43,515] {processor.py:170} INFO - Processing /home/airflow/.local/lib/python3.6/site-packages/airflow/example_dags/example_task_group.py took 0.076 seconds
[2021-09-21 01:22:15,200] {processor.py:162} INFO - Started process (PID=833) to work on /home/airflow/.local/lib/python3.6/site-packages/airflow/example_dags/example_task_group.py
[2021-09-21 01:22:15,215] {processor.py:613} INFO - Processing file /home/airflow/.local/lib/python3.6/site-packages/airflow/example_dags/example_task_group.py for tasks to queue
[2021-09-21 01:22:15,226] {logging_mixin.py:109} INFO - [2021-09-21 01:22:15,225] {dagbag.py:496} INFO - Filling up the DagBag from /home/airflow/.local/lib/python3.6/site-packages/airflow/example_dags/example_task_group.py
[2021-09-21 01:22:15,345] {processor.py:623} INFO - DAG(s) dict_keys(['example_task_group']) retrieved from /home/airflow/.local/lib/python3.6/site-packages/airflow/example_dags/example_task_group.py
[2021-09-21 01:22:15,434] {logging_mixin.py:109} INFO - [2021-09-21 01:22:15,433] {dag.py:1834} INFO - Sync 1 DAGs
[2021-09-21 01:22:15,481] {logging_mixin.py:109} INFO - [2021-09-21 01:22:15,481] {dag.py:2287} INFO - Setting next_dagrun for example_task_group to 2021-09-19 00:00:00+00:00
[2021-09-21 01:22:15,501] {processor.py:170} INFO - Processing /home/airflow/.local/lib/python3.6/site-packages/airflow/example_dags/example_task_group.py took 0.309 seconds
[2021-09-21 01:22:45,802] {processor.py:162} INFO - Started process (PID=885) to work on /home/airflow/.local/lib/python3.6/site-packages/airflow/example_dags/example_task_group.py
[2021-09-21 01:22:45,807] {processor.py:613} INFO - Processing file /home/airflow/.local/lib/python3.6/site-packages/airflow/example_dags/example_task_group.py for tasks to queue
[2021-09-21 01:22:45,811] {logging_mixin.py:109} INFO - [2021-09-21 01:22:45,811] {dagbag.py:496} INFO - Filling up the DagBag from /home/airflow/.local/lib/python3.6/site-packages/airflow/example_dags/example_task_group.py
[2021-09-21 01:22:45,831] {processor.py:623} INFO - DAG(s) dict_keys(['example_task_group']) retrieved from /home/airflow/.local/lib/python3.6/site-packages/airflow/example_dags/example_task_group.py
[2021-09-21 01:22:45,868] {logging_mixin.py:109} INFO - [2021-09-21 01:22:45,867] {dag.py:1834} INFO - Sync 1 DAGs
[2021-09-21 01:22:45,885] {logging_mixin.py:109} INFO - [2021-09-21 01:22:45,885] {dag.py:2287} INFO - Setting next_dagrun for example_task_group to 2021-09-19 00:00:00+00:00
[2021-09-21 01:22:45,901] {processor.py:170} INFO - Processing /home/airflow/.local/lib/python3.6/site-packages/airflow/example_dags/example_task_group.py took 0.105 seconds
[2021-09-21 01:23:16,761] {processor.py:162} INFO - Started process (PID=938) to work on /home/airflow/.local/lib/python3.6/site-packages/airflow/example_dags/example_task_group.py
[2021-09-21 01:23:16,826] {processor.py:613} INFO - Processing file /home/airflow/.local/lib/python3.6/site-packages/airflow/example_dags/example_task_group.py for tasks to queue
[2021-09-21 01:23:16,833] {logging_mixin.py:109} INFO - [2021-09-21 01:23:16,832] {dagbag.py:496} INFO - Filling up the DagBag from /home/airflow/.local/lib/python3.6/site-packages/airflow/example_dags/example_task_group.py
[2021-09-21 01:23:16,890] {processor.py:623} INFO - DAG(s) dict_keys(['example_task_group']) retrieved from /home/airflow/.local/lib/python3.6/site-packages/airflow/example_dags/example_task_group.py
[2021-09-21 01:23:16,973] {logging_mixin.py:109} INFO - [2021-09-21 01:23:16,972] {dag.py:1834} INFO - Sync 1 DAGs
[2021-09-21 01:23:17,113] {logging_mixin.py:109} INFO - [2021-09-21 01:23:17,111] {dag.py:2287} INFO - Setting next_dagrun for example_task_group to 2021-09-19 00:00:00+00:00
[2021-09-21 01:23:17,164] {processor.py:170} INFO - Processing /home/airflow/.local/lib/python3.6/site-packages/airflow/example_dags/example_task_group.py took 0.416 seconds
[2021-09-21 01:23:47,352] {processor.py:162} INFO - Started process (PID=990) to work on /home/airflow/.local/lib/python3.6/site-packages/airflow/example_dags/example_task_group.py
[2021-09-21 01:23:47,356] {processor.py:613} INFO - Processing file /home/airflow/.local/lib/python3.6/site-packages/airflow/example_dags/example_task_group.py for tasks to queue
[2021-09-21 01:23:47,358] {logging_mixin.py:109} INFO - [2021-09-21 01:23:47,358] {dagbag.py:496} INFO - Filling up the DagBag from /home/airflow/.local/lib/python3.6/site-packages/airflow/example_dags/example_task_group.py
[2021-09-21 01:23:47,375] {processor.py:623} INFO - DAG(s) dict_keys(['example_task_group']) retrieved from /home/airflow/.local/lib/python3.6/site-packages/airflow/example_dags/example_task_group.py
[2021-09-21 01:23:47,407] {logging_mixin.py:109} INFO - [2021-09-21 01:23:47,406] {dag.py:1834} INFO - Sync 1 DAGs
[2021-09-21 01:23:47,439] {logging_mixin.py:109} INFO - [2021-09-21 01:23:47,439] {dag.py:2287} INFO - Setting next_dagrun for example_task_group to 2021-09-19 00:00:00+00:00
[2021-09-21 01:23:47,458] {processor.py:170} INFO - Processing /home/airflow/.local/lib/python3.6/site-packages/airflow/example_dags/example_task_group.py took 0.113 seconds
[2021-09-21 01:24:18,361] {processor.py:162} INFO - Started process (PID=1055) to work on /home/airflow/.local/lib/python3.6/site-packages/airflow/example_dags/example_task_group.py
[2021-09-21 01:24:18,365] {processor.py:613} INFO - Processing file /home/airflow/.local/lib/python3.6/site-packages/airflow/example_dags/example_task_group.py for tasks to queue
[2021-09-21 01:24:18,368] {logging_mixin.py:109} INFO - [2021-09-21 01:24:18,368] {dagbag.py:496} INFO - Filling up the DagBag from /home/airflow/.local/lib/python3.6/site-packages/airflow/example_dags/example_task_group.py
[2021-09-21 01:24:18,411] {processor.py:623} INFO - DAG(s) dict_keys(['example_task_group']) retrieved from /home/airflow/.local/lib/python3.6/site-packages/airflow/example_dags/example_task_group.py
[2021-09-21 01:24:18,502] {logging_mixin.py:109} INFO - [2021-09-21 01:24:18,502] {dag.py:1834} INFO - Sync 1 DAGs
[2021-09-21 01:24:18,525] {logging_mixin.py:109} INFO - [2021-09-21 01:24:18,524] {dag.py:2287} INFO - Setting next_dagrun for example_task_group to 2021-09-19 00:00:00+00:00
[2021-09-21 01:24:18,536] {processor.py:170} INFO - Processing /home/airflow/.local/lib/python3.6/site-packages/airflow/example_dags/example_task_group.py took 0.185 seconds
[2021-09-21 01:24:48,949] {processor.py:162} INFO - Started process (PID=1107) to work on /home/airflow/.local/lib/python3.6/site-packages/airflow/example_dags/example_task_group.py
[2021-09-21 01:24:49,045] {processor.py:613} INFO - Processing file /home/airflow/.local/lib/python3.6/site-packages/airflow/example_dags/example_task_group.py for tasks to queue
[2021-09-21 01:24:49,056] {logging_mixin.py:109} INFO - [2021-09-21 01:24:49,056] {dagbag.py:496} INFO - Filling up the DagBag from /home/airflow/.local/lib/python3.6/site-packages/airflow/example_dags/example_task_group.py
[2021-09-21 01:24:49,276] {processor.py:623} INFO - DAG(s) dict_keys(['example_task_group']) retrieved from /home/airflow/.local/lib/python3.6/site-packages/airflow/example_dags/example_task_group.py
[2021-09-21 01:24:49,641] {logging_mixin.py:109} INFO - [2021-09-21 01:24:49,640] {dag.py:1834} INFO - Sync 1 DAGs
[2021-09-21 01:24:49,710] {logging_mixin.py:109} INFO - [2021-09-21 01:24:49,710] {dag.py:2287} INFO - Setting next_dagrun for example_task_group to 2021-09-19 00:00:00+00:00
[2021-09-21 01:24:49,792] {processor.py:170} INFO - Processing /home/airflow/.local/lib/python3.6/site-packages/airflow/example_dags/example_task_group.py took 0.850 seconds
[2021-09-21 01:25:23,451] {processor.py:162} INFO - Started process (PID=1158) to work on /home/airflow/.local/lib/python3.6/site-packages/airflow/example_dags/example_task_group.py
[2021-09-21 01:25:23,458] {processor.py:613} INFO - Processing file /home/airflow/.local/lib/python3.6/site-packages/airflow/example_dags/example_task_group.py for tasks to queue
[2021-09-21 01:25:23,465] {logging_mixin.py:109} INFO - [2021-09-21 01:25:23,464] {dagbag.py:496} INFO - Filling up the DagBag from /home/airflow/.local/lib/python3.6/site-packages/airflow/example_dags/example_task_group.py
[2021-09-21 01:25:23,500] {processor.py:623} INFO - DAG(s) dict_keys(['example_task_group']) retrieved from /home/airflow/.local/lib/python3.6/site-packages/airflow/example_dags/example_task_group.py
[2021-09-21 01:25:23,545] {logging_mixin.py:109} INFO - [2021-09-21 01:25:23,545] {dag.py:1834} INFO - Sync 1 DAGs
[2021-09-21 01:25:23,571] {logging_mixin.py:109} INFO - [2021-09-21 01:25:23,571] {dag.py:2287} INFO - Setting next_dagrun for example_task_group to 2021-09-19 00:00:00+00:00
[2021-09-21 01:25:23,591] {processor.py:170} INFO - Processing /home/airflow/.local/lib/python3.6/site-packages/airflow/example_dags/example_task_group.py took 0.151 seconds
[2021-09-21 01:25:54,461] {processor.py:162} INFO - Started process (PID=1221) to work on /home/airflow/.local/lib/python3.6/site-packages/airflow/example_dags/example_task_group.py
[2021-09-21 01:25:54,464] {processor.py:613} INFO - Processing file /home/airflow/.local/lib/python3.6/site-packages/airflow/example_dags/example_task_group.py for tasks to queue
[2021-09-21 01:25:54,467] {logging_mixin.py:109} INFO - [2021-09-21 01:25:54,467] {dagbag.py:496} INFO - Filling up the DagBag from /home/airflow/.local/lib/python3.6/site-packages/airflow/example_dags/example_task_group.py
[2021-09-21 01:25:54,487] {processor.py:623} INFO - DAG(s) dict_keys(['example_task_group']) retrieved from /home/airflow/.local/lib/python3.6/site-packages/airflow/example_dags/example_task_group.py
[2021-09-21 01:25:54,516] {logging_mixin.py:109} INFO - [2021-09-21 01:25:54,516] {dag.py:1834} INFO - Sync 1 DAGs
[2021-09-21 01:25:54,533] {logging_mixin.py:109} INFO - [2021-09-21 01:25:54,533] {dag.py:2287} INFO - Setting next_dagrun for example_task_group to 2021-09-19 00:00:00+00:00
[2021-09-21 01:25:54,549] {processor.py:170} INFO - Processing /home/airflow/.local/lib/python3.6/site-packages/airflow/example_dags/example_task_group.py took 0.091 seconds
[2021-09-21 01:26:26,342] {processor.py:162} INFO - Started process (PID=1274) to work on /home/airflow/.local/lib/python3.6/site-packages/airflow/example_dags/example_task_group.py
[2021-09-21 01:26:26,351] {processor.py:613} INFO - Processing file /home/airflow/.local/lib/python3.6/site-packages/airflow/example_dags/example_task_group.py for tasks to queue
[2021-09-21 01:26:26,357] {logging_mixin.py:109} INFO - [2021-09-21 01:26:26,357] {dagbag.py:496} INFO - Filling up the DagBag from /home/airflow/.local/lib/python3.6/site-packages/airflow/example_dags/example_task_group.py
[2021-09-21 01:26:26,437] {processor.py:623} INFO - DAG(s) dict_keys(['example_task_group']) retrieved from /home/airflow/.local/lib/python3.6/site-packages/airflow/example_dags/example_task_group.py
[2021-09-21 01:26:26,649] {logging_mixin.py:109} INFO - [2021-09-21 01:26:26,648] {dag.py:1834} INFO - Sync 1 DAGs
[2021-09-21 01:26:26,721] {logging_mixin.py:109} INFO - [2021-09-21 01:26:26,720] {dag.py:2287} INFO - Setting next_dagrun for example_task_group to 2021-09-19 00:00:00+00:00
[2021-09-21 01:26:26,851] {processor.py:170} INFO - Processing /home/airflow/.local/lib/python3.6/site-packages/airflow/example_dags/example_task_group.py took 0.530 seconds
[2021-09-21 01:26:57,367] {processor.py:162} INFO - Started process (PID=1327) to work on /home/airflow/.local/lib/python3.6/site-packages/airflow/example_dags/example_task_group.py
[2021-09-21 01:26:57,372] {processor.py:613} INFO - Processing file /home/airflow/.local/lib/python3.6/site-packages/airflow/example_dags/example_task_group.py for tasks to queue
[2021-09-21 01:26:57,373] {logging_mixin.py:109} INFO - [2021-09-21 01:26:57,373] {dagbag.py:496} INFO - Filling up the DagBag from /home/airflow/.local/lib/python3.6/site-packages/airflow/example_dags/example_task_group.py
[2021-09-21 01:26:57,407] {processor.py:623} INFO - DAG(s) dict_keys(['example_task_group']) retrieved from /home/airflow/.local/lib/python3.6/site-packages/airflow/example_dags/example_task_group.py
[2021-09-21 01:26:57,461] {logging_mixin.py:109} INFO - [2021-09-21 01:26:57,460] {dag.py:1834} INFO - Sync 1 DAGs
[2021-09-21 01:26:57,520] {logging_mixin.py:109} INFO - [2021-09-21 01:26:57,519] {dag.py:2287} INFO - Setting next_dagrun for example_task_group to 2021-09-19 00:00:00+00:00
[2021-09-21 01:26:57,542] {processor.py:170} INFO - Processing /home/airflow/.local/lib/python3.6/site-packages/airflow/example_dags/example_task_group.py took 0.181 seconds
[2021-09-21 01:27:28,022] {processor.py:162} INFO - Started process (PID=1380) to work on /home/airflow/.local/lib/python3.6/site-packages/airflow/example_dags/example_task_group.py
[2021-09-21 01:27:28,027] {processor.py:613} INFO - Processing file /home/airflow/.local/lib/python3.6/site-packages/airflow/example_dags/example_task_group.py for tasks to queue
[2021-09-21 01:27:28,031] {logging_mixin.py:109} INFO - [2021-09-21 01:27:28,030] {dagbag.py:496} INFO - Filling up the DagBag from /home/airflow/.local/lib/python3.6/site-packages/airflow/example_dags/example_task_group.py
[2021-09-21 01:27:28,072] {processor.py:623} INFO - DAG(s) dict_keys(['example_task_group']) retrieved from /home/airflow/.local/lib/python3.6/site-packages/airflow/example_dags/example_task_group.py
[2021-09-21 01:27:29,143] {logging_mixin.py:109} INFO - [2021-09-21 01:27:29,143] {dag.py:1834} INFO - Sync 1 DAGs
[2021-09-21 01:27:29,637] {logging_mixin.py:109} INFO - [2021-09-21 01:27:29,637] {dag.py:2287} INFO - Setting next_dagrun for example_task_group to 2021-09-19 00:00:00+00:00
[2021-09-21 01:27:29,855] {processor.py:170} INFO - Processing /home/airflow/.local/lib/python3.6/site-packages/airflow/example_dags/example_task_group.py took 1.848 seconds
[2021-09-21 01:28:00,807] {processor.py:162} INFO - Started process (PID=1432) to work on /home/airflow/.local/lib/python3.6/site-packages/airflow/example_dags/example_task_group.py
[2021-09-21 01:28:00,809] {processor.py:613} INFO - Processing file /home/airflow/.local/lib/python3.6/site-packages/airflow/example_dags/example_task_group.py for tasks to queue
[2021-09-21 01:28:00,811] {logging_mixin.py:109} INFO - [2021-09-21 01:28:00,810] {dagbag.py:496} INFO - Filling up the DagBag from /home/airflow/.local/lib/python3.6/site-packages/airflow/example_dags/example_task_group.py
[2021-09-21 01:28:00,827] {processor.py:623} INFO - DAG(s) dict_keys(['example_task_group']) retrieved from /home/airflow/.local/lib/python3.6/site-packages/airflow/example_dags/example_task_group.py
[2021-09-21 01:28:00,852] {logging_mixin.py:109} INFO - [2021-09-21 01:28:00,852] {dag.py:1834} INFO - Sync 1 DAGs
[2021-09-21 01:28:00,868] {logging_mixin.py:109} INFO - [2021-09-21 01:28:00,868] {dag.py:2287} INFO - Setting next_dagrun for example_task_group to 2021-09-19 00:00:00+00:00
[2021-09-21 01:28:00,878] {processor.py:170} INFO - Processing /home/airflow/.local/lib/python3.6/site-packages/airflow/example_dags/example_task_group.py took 0.075 seconds
[2021-09-21 01:28:31,565] {processor.py:162} INFO - Started process (PID=1496) to work on /home/airflow/.local/lib/python3.6/site-packages/airflow/example_dags/example_task_group.py
[2021-09-21 01:28:31,566] {processor.py:613} INFO - Processing file /home/airflow/.local/lib/python3.6/site-packages/airflow/example_dags/example_task_group.py for tasks to queue
[2021-09-21 01:28:31,568] {logging_mixin.py:109} INFO - [2021-09-21 01:28:31,568] {dagbag.py:496} INFO - Filling up the DagBag from /home/airflow/.local/lib/python3.6/site-packages/airflow/example_dags/example_task_group.py
[2021-09-21 01:28:31,584] {processor.py:623} INFO - DAG(s) dict_keys(['example_task_group']) retrieved from /home/airflow/.local/lib/python3.6/site-packages/airflow/example_dags/example_task_group.py
[2021-09-21 01:28:31,614] {logging_mixin.py:109} INFO - [2021-09-21 01:28:31,614] {dag.py:1834} INFO - Sync 1 DAGs
[2021-09-21 01:28:31,635] {logging_mixin.py:109} INFO - [2021-09-21 01:28:31,635] {dag.py:2287} INFO - Setting next_dagrun for example_task_group to 2021-09-19 00:00:00+00:00
[2021-09-21 01:28:31,647] {processor.py:170} INFO - Processing /home/airflow/.local/lib/python3.6/site-packages/airflow/example_dags/example_task_group.py took 0.086 seconds
[2021-09-21 01:29:02,192] {processor.py:162} INFO - Started process (PID=1548) to work on /home/airflow/.local/lib/python3.6/site-packages/airflow/example_dags/example_task_group.py
[2021-09-21 01:29:02,194] {processor.py:613} INFO - Processing file /home/airflow/.local/lib/python3.6/site-packages/airflow/example_dags/example_task_group.py for tasks to queue
[2021-09-21 01:29:02,196] {logging_mixin.py:109} INFO - [2021-09-21 01:29:02,195] {dagbag.py:496} INFO - Filling up the DagBag from /home/airflow/.local/lib/python3.6/site-packages/airflow/example_dags/example_task_group.py
[2021-09-21 01:29:02,208] {processor.py:623} INFO - DAG(s) dict_keys(['example_task_group']) retrieved from /home/airflow/.local/lib/python3.6/site-packages/airflow/example_dags/example_task_group.py
[2021-09-21 01:29:02,235] {logging_mixin.py:109} INFO - [2021-09-21 01:29:02,235] {dag.py:1834} INFO - Sync 1 DAGs
[2021-09-21 01:29:02,253] {logging_mixin.py:109} INFO - [2021-09-21 01:29:02,252] {dag.py:2287} INFO - Setting next_dagrun for example_task_group to 2021-09-19 00:00:00+00:00
[2021-09-21 01:29:02,264] {processor.py:170} INFO - Processing /home/airflow/.local/lib/python3.6/site-packages/airflow/example_dags/example_task_group.py took 0.076 seconds
[2021-09-21 01:29:33,182] {processor.py:162} INFO - Started process (PID=1613) to work on /home/airflow/.local/lib/python3.6/site-packages/airflow/example_dags/example_task_group.py
[2021-09-21 01:29:33,184] {processor.py:613} INFO - Processing file /home/airflow/.local/lib/python3.6/site-packages/airflow/example_dags/example_task_group.py for tasks to queue
[2021-09-21 01:29:33,186] {logging_mixin.py:109} INFO - [2021-09-21 01:29:33,186] {dagbag.py:496} INFO - Filling up the DagBag from /home/airflow/.local/lib/python3.6/site-packages/airflow/example_dags/example_task_group.py
[2021-09-21 01:29:33,204] {processor.py:623} INFO - DAG(s) dict_keys(['example_task_group']) retrieved from /home/airflow/.local/lib/python3.6/site-packages/airflow/example_dags/example_task_group.py
[2021-09-21 01:29:33,238] {logging_mixin.py:109} INFO - [2021-09-21 01:29:33,238] {dag.py:1834} INFO - Sync 1 DAGs
[2021-09-21 01:29:33,257] {logging_mixin.py:109} INFO - [2021-09-21 01:29:33,257] {dag.py:2287} INFO - Setting next_dagrun for example_task_group to 2021-09-19 00:00:00+00:00
[2021-09-21 01:29:33,273] {processor.py:170} INFO - Processing /home/airflow/.local/lib/python3.6/site-packages/airflow/example_dags/example_task_group.py took 0.095 seconds
[2021-09-21 01:30:03,485] {processor.py:162} INFO - Started process (PID=1677) to work on /home/airflow/.local/lib/python3.6/site-packages/airflow/example_dags/example_task_group.py
[2021-09-21 01:30:03,491] {processor.py:613} INFO - Processing file /home/airflow/.local/lib/python3.6/site-packages/airflow/example_dags/example_task_group.py for tasks to queue
[2021-09-21 01:30:03,493] {logging_mixin.py:109} INFO - [2021-09-21 01:30:03,492] {dagbag.py:496} INFO - Filling up the DagBag from /home/airflow/.local/lib/python3.6/site-packages/airflow/example_dags/example_task_group.py
[2021-09-21 01:30:03,515] {processor.py:623} INFO - DAG(s) dict_keys(['example_task_group']) retrieved from /home/airflow/.local/lib/python3.6/site-packages/airflow/example_dags/example_task_group.py
[2021-09-21 01:30:03,550] {logging_mixin.py:109} INFO - [2021-09-21 01:30:03,549] {dag.py:1834} INFO - Sync 1 DAGs
[2021-09-21 01:30:03,571] {logging_mixin.py:109} INFO - [2021-09-21 01:30:03,571] {dag.py:2287} INFO - Setting next_dagrun for example_task_group to 2021-09-19 00:00:00+00:00
[2021-09-21 01:30:03,585] {processor.py:170} INFO - Processing /home/airflow/.local/lib/python3.6/site-packages/airflow/example_dags/example_task_group.py took 0.105 seconds
[2021-09-21 01:30:34,288] {processor.py:162} INFO - Started process (PID=1729) to work on /home/airflow/.local/lib/python3.6/site-packages/airflow/example_dags/example_task_group.py
[2021-09-21 01:30:34,290] {processor.py:613} INFO - Processing file /home/airflow/.local/lib/python3.6/site-packages/airflow/example_dags/example_task_group.py for tasks to queue
[2021-09-21 01:30:34,291] {logging_mixin.py:109} INFO - [2021-09-21 01:30:34,291] {dagbag.py:496} INFO - Filling up the DagBag from /home/airflow/.local/lib/python3.6/site-packages/airflow/example_dags/example_task_group.py
[2021-09-21 01:30:34,307] {processor.py:623} INFO - DAG(s) dict_keys(['example_task_group']) retrieved from /home/airflow/.local/lib/python3.6/site-packages/airflow/example_dags/example_task_group.py
[2021-09-21 01:30:34,330] {logging_mixin.py:109} INFO - [2021-09-21 01:30:34,330] {dag.py:1834} INFO - Sync 1 DAGs
[2021-09-21 01:30:34,345] {logging_mixin.py:109} INFO - [2021-09-21 01:30:34,345] {dag.py:2287} INFO - Setting next_dagrun for example_task_group to 2021-09-19 00:00:00+00:00
[2021-09-21 01:30:34,355] {processor.py:170} INFO - Processing /home/airflow/.local/lib/python3.6/site-packages/airflow/example_dags/example_task_group.py took 0.071 seconds
[2021-09-21 01:31:04,445] {processor.py:162} INFO - Started process (PID=1792) to work on /home/airflow/.local/lib/python3.6/site-packages/airflow/example_dags/example_task_group.py
[2021-09-21 01:31:04,447] {processor.py:613} INFO - Processing file /home/airflow/.local/lib/python3.6/site-packages/airflow/example_dags/example_task_group.py for tasks to queue
[2021-09-21 01:31:04,449] {logging_mixin.py:109} INFO - [2021-09-21 01:31:04,449] {dagbag.py:496} INFO - Filling up the DagBag from /home/airflow/.local/lib/python3.6/site-packages/airflow/example_dags/example_task_group.py
[2021-09-21 01:31:04,468] {processor.py:623} INFO - DAG(s) dict_keys(['example_task_group']) retrieved from /home/airflow/.local/lib/python3.6/site-packages/airflow/example_dags/example_task_group.py
[2021-09-21 01:31:04,496] {logging_mixin.py:109} INFO - [2021-09-21 01:31:04,496] {dag.py:1834} INFO - Sync 1 DAGs
[2021-09-21 01:31:04,511] {logging_mixin.py:109} INFO - [2021-09-21 01:31:04,511] {dag.py:2287} INFO - Setting next_dagrun for example_task_group to 2021-09-19 00:00:00+00:00
[2021-09-21 01:31:04,522] {processor.py:170} INFO - Processing /home/airflow/.local/lib/python3.6/site-packages/airflow/example_dags/example_task_group.py took 0.081 seconds
[2021-09-21 01:31:34,693] {processor.py:162} INFO - Started process (PID=1855) to work on /home/airflow/.local/lib/python3.6/site-packages/airflow/example_dags/example_task_group.py
[2021-09-21 01:31:34,696] {processor.py:613} INFO - Processing file /home/airflow/.local/lib/python3.6/site-packages/airflow/example_dags/example_task_group.py for tasks to queue
[2021-09-21 01:31:34,697] {logging_mixin.py:109} INFO - [2021-09-21 01:31:34,697] {dagbag.py:496} INFO - Filling up the DagBag from /home/airflow/.local/lib/python3.6/site-packages/airflow/example_dags/example_task_group.py
[2021-09-21 01:31:34,716] {processor.py:623} INFO - DAG(s) dict_keys(['example_task_group']) retrieved from /home/airflow/.local/lib/python3.6/site-packages/airflow/example_dags/example_task_group.py
[2021-09-21 01:31:34,743] {logging_mixin.py:109} INFO - [2021-09-21 01:31:34,743] {dag.py:1834} INFO - Sync 1 DAGs
[2021-09-21 01:31:34,758] {logging_mixin.py:109} INFO - [2021-09-21 01:31:34,757] {dag.py:2287} INFO - Setting next_dagrun for example_task_group to 2021-09-19 00:00:00+00:00
[2021-09-21 01:31:34,815] {processor.py:170} INFO - Processing /home/airflow/.local/lib/python3.6/site-packages/airflow/example_dags/example_task_group.py took 0.127 seconds
[2021-09-21 01:32:05,694] {processor.py:162} INFO - Started process (PID=1909) to work on /home/airflow/.local/lib/python3.6/site-packages/airflow/example_dags/example_task_group.py
[2021-09-21 01:32:05,696] {processor.py:613} INFO - Processing file /home/airflow/.local/lib/python3.6/site-packages/airflow/example_dags/example_task_group.py for tasks to queue
[2021-09-21 01:32:05,698] {logging_mixin.py:109} INFO - [2021-09-21 01:32:05,697] {dagbag.py:496} INFO - Filling up the DagBag from /home/airflow/.local/lib/python3.6/site-packages/airflow/example_dags/example_task_group.py
[2021-09-21 01:32:05,716] {processor.py:623} INFO - DAG(s) dict_keys(['example_task_group']) retrieved from /home/airflow/.local/lib/python3.6/site-packages/airflow/example_dags/example_task_group.py
[2021-09-21 01:32:05,746] {logging_mixin.py:109} INFO - [2021-09-21 01:32:05,746] {dag.py:1834} INFO - Sync 1 DAGs
[2021-09-21 01:32:05,766] {logging_mixin.py:109} INFO - [2021-09-21 01:32:05,765] {dag.py:2287} INFO - Setting next_dagrun for example_task_group to 2021-09-19 00:00:00+00:00
[2021-09-21 01:32:05,777] {processor.py:170} INFO - Processing /home/airflow/.local/lib/python3.6/site-packages/airflow/example_dags/example_task_group.py took 0.089 seconds
[2021-09-21 01:32:36,335] {processor.py:162} INFO - Started process (PID=1971) to work on /home/airflow/.local/lib/python3.6/site-packages/airflow/example_dags/example_task_group.py
[2021-09-21 01:32:36,337] {processor.py:613} INFO - Processing file /home/airflow/.local/lib/python3.6/site-packages/airflow/example_dags/example_task_group.py for tasks to queue
[2021-09-21 01:32:36,339] {logging_mixin.py:109} INFO - [2021-09-21 01:32:36,339] {dagbag.py:496} INFO - Filling up the DagBag from /home/airflow/.local/lib/python3.6/site-packages/airflow/example_dags/example_task_group.py
[2021-09-21 01:32:36,357] {processor.py:623} INFO - DAG(s) dict_keys(['example_task_group']) retrieved from /home/airflow/.local/lib/python3.6/site-packages/airflow/example_dags/example_task_group.py
[2021-09-21 01:32:36,383] {logging_mixin.py:109} INFO - [2021-09-21 01:32:36,383] {dag.py:1834} INFO - Sync 1 DAGs
[2021-09-21 01:32:36,399] {logging_mixin.py:109} INFO - [2021-09-21 01:32:36,399] {dag.py:2287} INFO - Setting next_dagrun for example_task_group to 2021-09-19 00:00:00+00:00
[2021-09-21 01:32:36,410] {processor.py:170} INFO - Processing /home/airflow/.local/lib/python3.6/site-packages/airflow/example_dags/example_task_group.py took 0.079 seconds
[2021-09-21 01:33:07,073] {processor.py:162} INFO - Started process (PID=2026) to work on /home/airflow/.local/lib/python3.6/site-packages/airflow/example_dags/example_task_group.py
[2021-09-21 01:33:07,082] {processor.py:613} INFO - Processing file /home/airflow/.local/lib/python3.6/site-packages/airflow/example_dags/example_task_group.py for tasks to queue
[2021-09-21 01:33:07,086] {logging_mixin.py:109} INFO - [2021-09-21 01:33:07,086] {dagbag.py:496} INFO - Filling up the DagBag from /home/airflow/.local/lib/python3.6/site-packages/airflow/example_dags/example_task_group.py
[2021-09-21 01:33:07,104] {processor.py:623} INFO - DAG(s) dict_keys(['example_task_group']) retrieved from /home/airflow/.local/lib/python3.6/site-packages/airflow/example_dags/example_task_group.py
[2021-09-21 01:33:07,136] {logging_mixin.py:109} INFO - [2021-09-21 01:33:07,136] {dag.py:1834} INFO - Sync 1 DAGs
[2021-09-21 01:33:07,153] {logging_mixin.py:109} INFO - [2021-09-21 01:33:07,153] {dag.py:2287} INFO - Setting next_dagrun for example_task_group to 2021-09-19 00:00:00+00:00
[2021-09-21 01:33:07,167] {processor.py:170} INFO - Processing /home/airflow/.local/lib/python3.6/site-packages/airflow/example_dags/example_task_group.py took 0.106 seconds
[2021-09-21 01:33:37,888] {processor.py:162} INFO - Started process (PID=2089) to work on /home/airflow/.local/lib/python3.6/site-packages/airflow/example_dags/example_task_group.py
[2021-09-21 01:33:37,890] {processor.py:613} INFO - Processing file /home/airflow/.local/lib/python3.6/site-packages/airflow/example_dags/example_task_group.py for tasks to queue
[2021-09-21 01:33:37,892] {logging_mixin.py:109} INFO - [2021-09-21 01:33:37,891] {dagbag.py:496} INFO - Filling up the DagBag from /home/airflow/.local/lib/python3.6/site-packages/airflow/example_dags/example_task_group.py
[2021-09-21 01:33:37,910] {processor.py:623} INFO - DAG(s) dict_keys(['example_task_group']) retrieved from /home/airflow/.local/lib/python3.6/site-packages/airflow/example_dags/example_task_group.py
[2021-09-21 01:33:37,938] {logging_mixin.py:109} INFO - [2021-09-21 01:33:37,938] {dag.py:1834} INFO - Sync 1 DAGs
[2021-09-21 01:33:37,953] {logging_mixin.py:109} INFO - [2021-09-21 01:33:37,953] {dag.py:2287} INFO - Setting next_dagrun for example_task_group to 2021-09-19 00:00:00+00:00
[2021-09-21 01:33:37,965] {processor.py:170} INFO - Processing /home/airflow/.local/lib/python3.6/site-packages/airflow/example_dags/example_task_group.py took 0.081 seconds
[2021-09-21 01:34:08,578] {processor.py:162} INFO - Started process (PID=2153) to work on /home/airflow/.local/lib/python3.6/site-packages/airflow/example_dags/example_task_group.py
[2021-09-21 01:34:08,581] {processor.py:613} INFO - Processing file /home/airflow/.local/lib/python3.6/site-packages/airflow/example_dags/example_task_group.py for tasks to queue
[2021-09-21 01:34:08,583] {logging_mixin.py:109} INFO - [2021-09-21 01:34:08,582] {dagbag.py:496} INFO - Filling up the DagBag from /home/airflow/.local/lib/python3.6/site-packages/airflow/example_dags/example_task_group.py
[2021-09-21 01:34:08,623] {processor.py:623} INFO - DAG(s) dict_keys(['example_task_group']) retrieved from /home/airflow/.local/lib/python3.6/site-packages/airflow/example_dags/example_task_group.py
[2021-09-21 01:34:08,649] {logging_mixin.py:109} INFO - [2021-09-21 01:34:08,649] {dag.py:1834} INFO - Sync 1 DAGs
[2021-09-21 01:34:08,664] {logging_mixin.py:109} INFO - [2021-09-21 01:34:08,663] {dag.py:2287} INFO - Setting next_dagrun for example_task_group to 2021-09-19 00:00:00+00:00
[2021-09-21 01:34:08,675] {processor.py:170} INFO - Processing /home/airflow/.local/lib/python3.6/site-packages/airflow/example_dags/example_task_group.py took 0.104 seconds
[2021-09-21 01:34:39,210] {processor.py:162} INFO - Started process (PID=2206) to work on /home/airflow/.local/lib/python3.6/site-packages/airflow/example_dags/example_task_group.py
[2021-09-21 01:34:39,212] {processor.py:613} INFO - Processing file /home/airflow/.local/lib/python3.6/site-packages/airflow/example_dags/example_task_group.py for tasks to queue
[2021-09-21 01:34:39,214] {logging_mixin.py:109} INFO - [2021-09-21 01:34:39,214] {dagbag.py:496} INFO - Filling up the DagBag from /home/airflow/.local/lib/python3.6/site-packages/airflow/example_dags/example_task_group.py
[2021-09-21 01:34:39,233] {processor.py:623} INFO - DAG(s) dict_keys(['example_task_group']) retrieved from /home/airflow/.local/lib/python3.6/site-packages/airflow/example_dags/example_task_group.py
[2021-09-21 01:34:39,266] {logging_mixin.py:109} INFO - [2021-09-21 01:34:39,265] {dag.py:1834} INFO - Sync 1 DAGs
[2021-09-21 01:34:39,281] {logging_mixin.py:109} INFO - [2021-09-21 01:34:39,281] {dag.py:2287} INFO - Setting next_dagrun for example_task_group to 2021-09-19 00:00:00+00:00
[2021-09-21 01:34:39,338] {processor.py:170} INFO - Processing /home/airflow/.local/lib/python3.6/site-packages/airflow/example_dags/example_task_group.py took 0.132 seconds
[2021-09-21 01:35:09,553] {processor.py:162} INFO - Started process (PID=2268) to work on /home/airflow/.local/lib/python3.6/site-packages/airflow/example_dags/example_task_group.py
[2021-09-21 01:35:09,556] {processor.py:613} INFO - Processing file /home/airflow/.local/lib/python3.6/site-packages/airflow/example_dags/example_task_group.py for tasks to queue
[2021-09-21 01:35:09,557] {logging_mixin.py:109} INFO - [2021-09-21 01:35:09,557] {dagbag.py:496} INFO - Filling up the DagBag from /home/airflow/.local/lib/python3.6/site-packages/airflow/example_dags/example_task_group.py
[2021-09-21 01:35:09,572] {processor.py:623} INFO - DAG(s) dict_keys(['example_task_group']) retrieved from /home/airflow/.local/lib/python3.6/site-packages/airflow/example_dags/example_task_group.py
[2021-09-21 01:35:09,598] {logging_mixin.py:109} INFO - [2021-09-21 01:35:09,598] {dag.py:1834} INFO - Sync 1 DAGs
[2021-09-21 01:35:09,614] {logging_mixin.py:109} INFO - [2021-09-21 01:35:09,614] {dag.py:2287} INFO - Setting next_dagrun for example_task_group to 2021-09-19 00:00:00+00:00
[2021-09-21 01:35:09,635] {processor.py:170} INFO - Processing /home/airflow/.local/lib/python3.6/site-packages/airflow/example_dags/example_task_group.py took 0.087 seconds
[2021-09-21 01:35:40,185] {processor.py:162} INFO - Started process (PID=2322) to work on /home/airflow/.local/lib/python3.6/site-packages/airflow/example_dags/example_task_group.py
[2021-09-21 01:35:40,187] {processor.py:613} INFO - Processing file /home/airflow/.local/lib/python3.6/site-packages/airflow/example_dags/example_task_group.py for tasks to queue
[2021-09-21 01:35:40,188] {logging_mixin.py:109} INFO - [2021-09-21 01:35:40,188] {dagbag.py:496} INFO - Filling up the DagBag from /home/airflow/.local/lib/python3.6/site-packages/airflow/example_dags/example_task_group.py
[2021-09-21 01:35:40,207] {processor.py:623} INFO - DAG(s) dict_keys(['example_task_group']) retrieved from /home/airflow/.local/lib/python3.6/site-packages/airflow/example_dags/example_task_group.py
[2021-09-21 01:35:40,231] {logging_mixin.py:109} INFO - [2021-09-21 01:35:40,231] {dag.py:1834} INFO - Sync 1 DAGs
[2021-09-21 01:35:40,247] {logging_mixin.py:109} INFO - [2021-09-21 01:35:40,247] {dag.py:2287} INFO - Setting next_dagrun for example_task_group to 2021-09-19 00:00:00+00:00
[2021-09-21 01:35:40,258] {processor.py:170} INFO - Processing /home/airflow/.local/lib/python3.6/site-packages/airflow/example_dags/example_task_group.py took 0.078 seconds
[2021-09-21 01:36:11,110] {processor.py:162} INFO - Started process (PID=2387) to work on /home/airflow/.local/lib/python3.6/site-packages/airflow/example_dags/example_task_group.py
[2021-09-21 01:36:11,113] {processor.py:613} INFO - Processing file /home/airflow/.local/lib/python3.6/site-packages/airflow/example_dags/example_task_group.py for tasks to queue
[2021-09-21 01:36:11,114] {logging_mixin.py:109} INFO - [2021-09-21 01:36:11,114] {dagbag.py:496} INFO - Filling up the DagBag from /home/airflow/.local/lib/python3.6/site-packages/airflow/example_dags/example_task_group.py
[2021-09-21 01:36:11,133] {processor.py:623} INFO - DAG(s) dict_keys(['example_task_group']) retrieved from /home/airflow/.local/lib/python3.6/site-packages/airflow/example_dags/example_task_group.py
[2021-09-21 01:36:11,160] {logging_mixin.py:109} INFO - [2021-09-21 01:36:11,159] {dag.py:1834} INFO - Sync 1 DAGs
[2021-09-21 01:36:11,176] {logging_mixin.py:109} INFO - [2021-09-21 01:36:11,176] {dag.py:2287} INFO - Setting next_dagrun for example_task_group to 2021-09-19 00:00:00+00:00
[2021-09-21 01:36:11,187] {processor.py:170} INFO - Processing /home/airflow/.local/lib/python3.6/site-packages/airflow/example_dags/example_task_group.py took 0.081 seconds
[2021-09-21 01:36:43,149] {processor.py:162} INFO - Started process (PID=2441) to work on /home/airflow/.local/lib/python3.6/site-packages/airflow/example_dags/example_task_group.py
[2021-09-21 01:36:43,166] {processor.py:613} INFO - Processing file /home/airflow/.local/lib/python3.6/site-packages/airflow/example_dags/example_task_group.py for tasks to queue
[2021-09-21 01:36:43,181] {logging_mixin.py:109} INFO - [2021-09-21 01:36:43,181] {dagbag.py:496} INFO - Filling up the DagBag from /home/airflow/.local/lib/python3.6/site-packages/airflow/example_dags/example_task_group.py
[2021-09-21 01:36:43,320] {processor.py:623} INFO - DAG(s) dict_keys(['example_task_group']) retrieved from /home/airflow/.local/lib/python3.6/site-packages/airflow/example_dags/example_task_group.py
[2021-09-21 01:36:43,383] {logging_mixin.py:109} INFO - [2021-09-21 01:36:43,382] {dag.py:1834} INFO - Sync 1 DAGs
[2021-09-21 01:36:43,436] {logging_mixin.py:109} INFO - [2021-09-21 01:36:43,436] {dag.py:2287} INFO - Setting next_dagrun for example_task_group to 2021-09-19 00:00:00+00:00
[2021-09-21 01:36:43,468] {processor.py:170} INFO - Processing /home/airflow/.local/lib/python3.6/site-packages/airflow/example_dags/example_task_group.py took 0.340 seconds
[2021-09-21 01:37:14,721] {processor.py:162} INFO - Started process (PID=2501) to work on /home/airflow/.local/lib/python3.6/site-packages/airflow/example_dags/example_task_group.py
[2021-09-21 01:37:14,738] {processor.py:613} INFO - Processing file /home/airflow/.local/lib/python3.6/site-packages/airflow/example_dags/example_task_group.py for tasks to queue
[2021-09-21 01:37:14,751] {logging_mixin.py:109} INFO - [2021-09-21 01:37:14,750] {dagbag.py:496} INFO - Filling up the DagBag from /home/airflow/.local/lib/python3.6/site-packages/airflow/example_dags/example_task_group.py
[2021-09-21 01:37:15,113] {processor.py:623} INFO - DAG(s) dict_keys(['example_task_group']) retrieved from /home/airflow/.local/lib/python3.6/site-packages/airflow/example_dags/example_task_group.py
[2021-09-21 01:37:15,333] {logging_mixin.py:109} INFO - [2021-09-21 01:37:15,330] {dag.py:1834} INFO - Sync 1 DAGs
[2021-09-21 01:37:15,459] {logging_mixin.py:109} INFO - [2021-09-21 01:37:15,458] {dag.py:2287} INFO - Setting next_dagrun for example_task_group to 2021-09-19 00:00:00+00:00
[2021-09-21 01:37:15,519] {processor.py:170} INFO - Processing /home/airflow/.local/lib/python3.6/site-packages/airflow/example_dags/example_task_group.py took 0.819 seconds
[2021-09-21 01:37:45,889] {processor.py:162} INFO - Started process (PID=2559) to work on /home/airflow/.local/lib/python3.6/site-packages/airflow/example_dags/example_task_group.py
[2021-09-21 01:37:45,891] {processor.py:613} INFO - Processing file /home/airflow/.local/lib/python3.6/site-packages/airflow/example_dags/example_task_group.py for tasks to queue
[2021-09-21 01:37:45,893] {logging_mixin.py:109} INFO - [2021-09-21 01:37:45,892] {dagbag.py:496} INFO - Filling up the DagBag from /home/airflow/.local/lib/python3.6/site-packages/airflow/example_dags/example_task_group.py
[2021-09-21 01:37:45,910] {processor.py:623} INFO - DAG(s) dict_keys(['example_task_group']) retrieved from /home/airflow/.local/lib/python3.6/site-packages/airflow/example_dags/example_task_group.py
[2021-09-21 01:37:45,936] {logging_mixin.py:109} INFO - [2021-09-21 01:37:45,936] {dag.py:1834} INFO - Sync 1 DAGs
[2021-09-21 01:37:45,952] {logging_mixin.py:109} INFO - [2021-09-21 01:37:45,952] {dag.py:2287} INFO - Setting next_dagrun for example_task_group to 2021-09-19 00:00:00+00:00
[2021-09-21 01:37:45,963] {processor.py:170} INFO - Processing /home/airflow/.local/lib/python3.6/site-packages/airflow/example_dags/example_task_group.py took 0.078 seconds
[2021-09-21 01:38:16,037] {processor.py:162} INFO - Started process (PID=2623) to work on /home/airflow/.local/lib/python3.6/site-packages/airflow/example_dags/example_task_group.py
[2021-09-21 01:38:16,042] {processor.py:613} INFO - Processing file /home/airflow/.local/lib/python3.6/site-packages/airflow/example_dags/example_task_group.py for tasks to queue
[2021-09-21 01:38:16,045] {logging_mixin.py:109} INFO - [2021-09-21 01:38:16,045] {dagbag.py:496} INFO - Filling up the DagBag from /home/airflow/.local/lib/python3.6/site-packages/airflow/example_dags/example_task_group.py
[2021-09-21 01:38:16,127] {processor.py:623} INFO - DAG(s) dict_keys(['example_task_group']) retrieved from /home/airflow/.local/lib/python3.6/site-packages/airflow/example_dags/example_task_group.py
[2021-09-21 01:38:16,252] {logging_mixin.py:109} INFO - [2021-09-21 01:38:16,252] {dag.py:1834} INFO - Sync 1 DAGs
[2021-09-21 01:38:16,310] {logging_mixin.py:109} INFO - [2021-09-21 01:38:16,310] {dag.py:2287} INFO - Setting next_dagrun for example_task_group to 2021-09-19 00:00:00+00:00
[2021-09-21 01:38:16,340] {processor.py:170} INFO - Processing /home/airflow/.local/lib/python3.6/site-packages/airflow/example_dags/example_task_group.py took 0.311 seconds
[2021-09-21 01:38:47,183] {processor.py:162} INFO - Started process (PID=2676) to work on /home/airflow/.local/lib/python3.6/site-packages/airflow/example_dags/example_task_group.py
[2021-09-21 01:38:47,189] {processor.py:613} INFO - Processing file /home/airflow/.local/lib/python3.6/site-packages/airflow/example_dags/example_task_group.py for tasks to queue
[2021-09-21 01:38:47,190] {logging_mixin.py:109} INFO - [2021-09-21 01:38:47,190] {dagbag.py:496} INFO - Filling up the DagBag from /home/airflow/.local/lib/python3.6/site-packages/airflow/example_dags/example_task_group.py
[2021-09-21 01:38:47,209] {processor.py:623} INFO - DAG(s) dict_keys(['example_task_group']) retrieved from /home/airflow/.local/lib/python3.6/site-packages/airflow/example_dags/example_task_group.py
[2021-09-21 01:38:47,239] {logging_mixin.py:109} INFO - [2021-09-21 01:38:47,239] {dag.py:1834} INFO - Sync 1 DAGs
[2021-09-21 01:38:47,257] {logging_mixin.py:109} INFO - [2021-09-21 01:38:47,257] {dag.py:2287} INFO - Setting next_dagrun for example_task_group to 2021-09-19 00:00:00+00:00
[2021-09-21 01:38:47,269] {processor.py:170} INFO - Processing /home/airflow/.local/lib/python3.6/site-packages/airflow/example_dags/example_task_group.py took 0.091 seconds
[2021-09-21 01:39:17,376] {processor.py:162} INFO - Started process (PID=2739) to work on /home/airflow/.local/lib/python3.6/site-packages/airflow/example_dags/example_task_group.py
[2021-09-21 01:39:17,379] {processor.py:613} INFO - Processing file /home/airflow/.local/lib/python3.6/site-packages/airflow/example_dags/example_task_group.py for tasks to queue
[2021-09-21 01:39:17,381] {logging_mixin.py:109} INFO - [2021-09-21 01:39:17,381] {dagbag.py:496} INFO - Filling up the DagBag from /home/airflow/.local/lib/python3.6/site-packages/airflow/example_dags/example_task_group.py
[2021-09-21 01:39:17,399] {processor.py:623} INFO - DAG(s) dict_keys(['example_task_group']) retrieved from /home/airflow/.local/lib/python3.6/site-packages/airflow/example_dags/example_task_group.py
[2021-09-21 01:39:17,432] {logging_mixin.py:109} INFO - [2021-09-21 01:39:17,432] {dag.py:1834} INFO - Sync 1 DAGs
[2021-09-21 01:39:17,452] {logging_mixin.py:109} INFO - [2021-09-21 01:39:17,452] {dag.py:2287} INFO - Setting next_dagrun for example_task_group to 2021-09-19 00:00:00+00:00
[2021-09-21 01:39:17,464] {processor.py:170} INFO - Processing /home/airflow/.local/lib/python3.6/site-packages/airflow/example_dags/example_task_group.py took 0.093 seconds
[2021-09-21 01:39:47,634] {processor.py:162} INFO - Started process (PID=2791) to work on /home/airflow/.local/lib/python3.6/site-packages/airflow/example_dags/example_task_group.py
[2021-09-21 01:39:47,636] {processor.py:613} INFO - Processing file /home/airflow/.local/lib/python3.6/site-packages/airflow/example_dags/example_task_group.py for tasks to queue
[2021-09-21 01:39:47,637] {logging_mixin.py:109} INFO - [2021-09-21 01:39:47,637] {dagbag.py:496} INFO - Filling up the DagBag from /home/airflow/.local/lib/python3.6/site-packages/airflow/example_dags/example_task_group.py
[2021-09-21 01:39:47,656] {processor.py:623} INFO - DAG(s) dict_keys(['example_task_group']) retrieved from /home/airflow/.local/lib/python3.6/site-packages/airflow/example_dags/example_task_group.py
[2021-09-21 01:39:47,683] {logging_mixin.py:109} INFO - [2021-09-21 01:39:47,683] {dag.py:1834} INFO - Sync 1 DAGs
[2021-09-21 01:39:47,699] {logging_mixin.py:109} INFO - [2021-09-21 01:39:47,699] {dag.py:2287} INFO - Setting next_dagrun for example_task_group to 2021-09-19 00:00:00+00:00
[2021-09-21 01:39:47,711] {processor.py:170} INFO - Processing /home/airflow/.local/lib/python3.6/site-packages/airflow/example_dags/example_task_group.py took 0.082 seconds
[2021-09-21 01:40:18,666] {processor.py:162} INFO - Started process (PID=2854) to work on /home/airflow/.local/lib/python3.6/site-packages/airflow/example_dags/example_task_group.py
[2021-09-21 01:40:18,671] {processor.py:613} INFO - Processing file /home/airflow/.local/lib/python3.6/site-packages/airflow/example_dags/example_task_group.py for tasks to queue
[2021-09-21 01:40:18,673] {logging_mixin.py:109} INFO - [2021-09-21 01:40:18,673] {dagbag.py:496} INFO - Filling up the DagBag from /home/airflow/.local/lib/python3.6/site-packages/airflow/example_dags/example_task_group.py
[2021-09-21 01:40:18,691] {processor.py:623} INFO - DAG(s) dict_keys(['example_task_group']) retrieved from /home/airflow/.local/lib/python3.6/site-packages/airflow/example_dags/example_task_group.py
[2021-09-21 01:40:18,721] {logging_mixin.py:109} INFO - [2021-09-21 01:40:18,721] {dag.py:1834} INFO - Sync 1 DAGs
[2021-09-21 01:40:18,743] {logging_mixin.py:109} INFO - [2021-09-21 01:40:18,742] {dag.py:2287} INFO - Setting next_dagrun for example_task_group to 2021-09-19 00:00:00+00:00
[2021-09-21 01:40:18,757] {processor.py:170} INFO - Processing /home/airflow/.local/lib/python3.6/site-packages/airflow/example_dags/example_task_group.py took 0.095 seconds
[2021-09-21 01:40:49,373] {processor.py:162} INFO - Started process (PID=2917) to work on /home/airflow/.local/lib/python3.6/site-packages/airflow/example_dags/example_task_group.py
[2021-09-21 01:40:49,375] {processor.py:613} INFO - Processing file /home/airflow/.local/lib/python3.6/site-packages/airflow/example_dags/example_task_group.py for tasks to queue
[2021-09-21 01:40:49,377] {logging_mixin.py:109} INFO - [2021-09-21 01:40:49,377] {dagbag.py:496} INFO - Filling up the DagBag from /home/airflow/.local/lib/python3.6/site-packages/airflow/example_dags/example_task_group.py
[2021-09-21 01:40:49,392] {processor.py:623} INFO - DAG(s) dict_keys(['example_task_group']) retrieved from /home/airflow/.local/lib/python3.6/site-packages/airflow/example_dags/example_task_group.py
[2021-09-21 01:40:49,415] {logging_mixin.py:109} INFO - [2021-09-21 01:40:49,415] {dag.py:1834} INFO - Sync 1 DAGs
[2021-09-21 01:40:49,431] {logging_mixin.py:109} INFO - [2021-09-21 01:40:49,431] {dag.py:2287} INFO - Setting next_dagrun for example_task_group to 2021-09-19 00:00:00+00:00
[2021-09-21 01:40:49,442] {processor.py:170} INFO - Processing /home/airflow/.local/lib/python3.6/site-packages/airflow/example_dags/example_task_group.py took 0.073 seconds
[2021-09-21 01:41:20,197] {processor.py:162} INFO - Started process (PID=2970) to work on /home/airflow/.local/lib/python3.6/site-packages/airflow/example_dags/example_task_group.py
[2021-09-21 01:41:20,200] {processor.py:613} INFO - Processing file /home/airflow/.local/lib/python3.6/site-packages/airflow/example_dags/example_task_group.py for tasks to queue
[2021-09-21 01:41:20,202] {logging_mixin.py:109} INFO - [2021-09-21 01:41:20,201] {dagbag.py:496} INFO - Filling up the DagBag from /home/airflow/.local/lib/python3.6/site-packages/airflow/example_dags/example_task_group.py
[2021-09-21 01:41:20,220] {processor.py:623} INFO - DAG(s) dict_keys(['example_task_group']) retrieved from /home/airflow/.local/lib/python3.6/site-packages/airflow/example_dags/example_task_group.py
[2021-09-21 01:41:20,248] {logging_mixin.py:109} INFO - [2021-09-21 01:41:20,248] {dag.py:1834} INFO - Sync 1 DAGs
[2021-09-21 01:41:20,264] {logging_mixin.py:109} INFO - [2021-09-21 01:41:20,264] {dag.py:2287} INFO - Setting next_dagrun for example_task_group to 2021-09-19 00:00:00+00:00
[2021-09-21 01:41:20,276] {processor.py:170} INFO - Processing /home/airflow/.local/lib/python3.6/site-packages/airflow/example_dags/example_task_group.py took 0.083 seconds
[2021-09-21 01:41:50,481] {processor.py:162} INFO - Started process (PID=3035) to work on /home/airflow/.local/lib/python3.6/site-packages/airflow/example_dags/example_task_group.py
[2021-09-21 01:41:50,483] {processor.py:613} INFO - Processing file /home/airflow/.local/lib/python3.6/site-packages/airflow/example_dags/example_task_group.py for tasks to queue
[2021-09-21 01:41:50,485] {logging_mixin.py:109} INFO - [2021-09-21 01:41:50,485] {dagbag.py:496} INFO - Filling up the DagBag from /home/airflow/.local/lib/python3.6/site-packages/airflow/example_dags/example_task_group.py
[2021-09-21 01:41:50,502] {processor.py:623} INFO - DAG(s) dict_keys(['example_task_group']) retrieved from /home/airflow/.local/lib/python3.6/site-packages/airflow/example_dags/example_task_group.py
[2021-09-21 01:41:50,527] {logging_mixin.py:109} INFO - [2021-09-21 01:41:50,527] {dag.py:1834} INFO - Sync 1 DAGs
[2021-09-21 01:41:50,543] {logging_mixin.py:109} INFO - [2021-09-21 01:41:50,543] {dag.py:2287} INFO - Setting next_dagrun for example_task_group to 2021-09-19 00:00:00+00:00
[2021-09-21 01:41:50,553] {processor.py:170} INFO - Processing /home/airflow/.local/lib/python3.6/site-packages/airflow/example_dags/example_task_group.py took 0.080 seconds
[2021-09-21 01:42:20,615] {processor.py:162} INFO - Started process (PID=3090) to work on /home/airflow/.local/lib/python3.6/site-packages/airflow/example_dags/example_task_group.py
[2021-09-21 01:42:20,618] {processor.py:613} INFO - Processing file /home/airflow/.local/lib/python3.6/site-packages/airflow/example_dags/example_task_group.py for tasks to queue
[2021-09-21 01:42:20,619] {logging_mixin.py:109} INFO - [2021-09-21 01:42:20,619] {dagbag.py:496} INFO - Filling up the DagBag from /home/airflow/.local/lib/python3.6/site-packages/airflow/example_dags/example_task_group.py
[2021-09-21 01:42:20,637] {processor.py:623} INFO - DAG(s) dict_keys(['example_task_group']) retrieved from /home/airflow/.local/lib/python3.6/site-packages/airflow/example_dags/example_task_group.py
[2021-09-21 01:42:20,664] {logging_mixin.py:109} INFO - [2021-09-21 01:42:20,664] {dag.py:1834} INFO - Sync 1 DAGs
[2021-09-21 01:42:20,681] {logging_mixin.py:109} INFO - [2021-09-21 01:42:20,681] {dag.py:2287} INFO - Setting next_dagrun for example_task_group to 2021-09-19 00:00:00+00:00
[2021-09-21 01:42:20,693] {processor.py:170} INFO - Processing /home/airflow/.local/lib/python3.6/site-packages/airflow/example_dags/example_task_group.py took 0.082 seconds
[2021-09-21 01:42:50,853] {processor.py:162} INFO - Started process (PID=3155) to work on /home/airflow/.local/lib/python3.6/site-packages/airflow/example_dags/example_task_group.py
[2021-09-21 01:42:50,855] {processor.py:613} INFO - Processing file /home/airflow/.local/lib/python3.6/site-packages/airflow/example_dags/example_task_group.py for tasks to queue
[2021-09-21 01:42:50,857] {logging_mixin.py:109} INFO - [2021-09-21 01:42:50,857] {dagbag.py:496} INFO - Filling up the DagBag from /home/airflow/.local/lib/python3.6/site-packages/airflow/example_dags/example_task_group.py
[2021-09-21 01:42:50,876] {processor.py:623} INFO - DAG(s) dict_keys(['example_task_group']) retrieved from /home/airflow/.local/lib/python3.6/site-packages/airflow/example_dags/example_task_group.py
[2021-09-21 01:42:50,902] {logging_mixin.py:109} INFO - [2021-09-21 01:42:50,902] {dag.py:1834} INFO - Sync 1 DAGs
[2021-09-21 01:42:50,918] {logging_mixin.py:109} INFO - [2021-09-21 01:42:50,918] {dag.py:2287} INFO - Setting next_dagrun for example_task_group to 2021-09-19 00:00:00+00:00
[2021-09-21 01:42:50,933] {processor.py:170} INFO - Processing /home/airflow/.local/lib/python3.6/site-packages/airflow/example_dags/example_task_group.py took 0.085 seconds
[2021-09-21 01:43:24,403] {processor.py:162} INFO - Started process (PID=3213) to work on /home/airflow/.local/lib/python3.6/site-packages/airflow/example_dags/example_task_group.py
[2021-09-21 01:43:24,407] {processor.py:613} INFO - Processing file /home/airflow/.local/lib/python3.6/site-packages/airflow/example_dags/example_task_group.py for tasks to queue
[2021-09-21 01:43:24,409] {logging_mixin.py:109} INFO - [2021-09-21 01:43:24,409] {dagbag.py:496} INFO - Filling up the DagBag from /home/airflow/.local/lib/python3.6/site-packages/airflow/example_dags/example_task_group.py
[2021-09-21 01:43:24,451] {processor.py:623} INFO - DAG(s) dict_keys(['example_task_group']) retrieved from /home/airflow/.local/lib/python3.6/site-packages/airflow/example_dags/example_task_group.py
[2021-09-21 01:43:24,517] {logging_mixin.py:109} INFO - [2021-09-21 01:43:24,516] {dag.py:1834} INFO - Sync 1 DAGs
[2021-09-21 01:43:24,585] {logging_mixin.py:109} INFO - [2021-09-21 01:43:24,582] {dag.py:2287} INFO - Setting next_dagrun for example_task_group to 2021-09-19 00:00:00+00:00
[2021-09-21 01:43:24,618] {processor.py:170} INFO - Processing /home/airflow/.local/lib/python3.6/site-packages/airflow/example_dags/example_task_group.py took 0.225 seconds
[2021-09-21 01:43:54,717] {processor.py:162} INFO - Started process (PID=3266) to work on /home/airflow/.local/lib/python3.6/site-packages/airflow/example_dags/example_task_group.py
[2021-09-21 01:43:54,720] {processor.py:613} INFO - Processing file /home/airflow/.local/lib/python3.6/site-packages/airflow/example_dags/example_task_group.py for tasks to queue
[2021-09-21 01:43:54,722] {logging_mixin.py:109} INFO - [2021-09-21 01:43:54,722] {dagbag.py:496} INFO - Filling up the DagBag from /home/airflow/.local/lib/python3.6/site-packages/airflow/example_dags/example_task_group.py
[2021-09-21 01:43:54,737] {processor.py:623} INFO - DAG(s) dict_keys(['example_task_group']) retrieved from /home/airflow/.local/lib/python3.6/site-packages/airflow/example_dags/example_task_group.py
[2021-09-21 01:43:54,762] {logging_mixin.py:109} INFO - [2021-09-21 01:43:54,762] {dag.py:1834} INFO - Sync 1 DAGs
[2021-09-21 01:43:54,779] {logging_mixin.py:109} INFO - [2021-09-21 01:43:54,779] {dag.py:2287} INFO - Setting next_dagrun for example_task_group to 2021-09-19 00:00:00+00:00
[2021-09-21 01:43:54,790] {processor.py:170} INFO - Processing /home/airflow/.local/lib/python3.6/site-packages/airflow/example_dags/example_task_group.py took 0.078 seconds
[2021-09-21 01:44:25,433] {processor.py:162} INFO - Started process (PID=3330) to work on /home/airflow/.local/lib/python3.6/site-packages/airflow/example_dags/example_task_group.py
[2021-09-21 01:44:25,435] {processor.py:613} INFO - Processing file /home/airflow/.local/lib/python3.6/site-packages/airflow/example_dags/example_task_group.py for tasks to queue
[2021-09-21 01:44:25,437] {logging_mixin.py:109} INFO - [2021-09-21 01:44:25,436] {dagbag.py:496} INFO - Filling up the DagBag from /home/airflow/.local/lib/python3.6/site-packages/airflow/example_dags/example_task_group.py
[2021-09-21 01:44:25,453] {processor.py:623} INFO - DAG(s) dict_keys(['example_task_group']) retrieved from /home/airflow/.local/lib/python3.6/site-packages/airflow/example_dags/example_task_group.py
[2021-09-21 01:44:25,478] {logging_mixin.py:109} INFO - [2021-09-21 01:44:25,478] {dag.py:1834} INFO - Sync 1 DAGs
[2021-09-21 01:44:25,492] {logging_mixin.py:109} INFO - [2021-09-21 01:44:25,492] {dag.py:2287} INFO - Setting next_dagrun for example_task_group to 2021-09-19 00:00:00+00:00
[2021-09-21 01:44:25,503] {processor.py:170} INFO - Processing /home/airflow/.local/lib/python3.6/site-packages/airflow/example_dags/example_task_group.py took 0.073 seconds
[2021-09-21 01:44:56,456] {processor.py:162} INFO - Started process (PID=3382) to work on /home/airflow/.local/lib/python3.6/site-packages/airflow/example_dags/example_task_group.py
[2021-09-21 01:44:56,457] {processor.py:613} INFO - Processing file /home/airflow/.local/lib/python3.6/site-packages/airflow/example_dags/example_task_group.py for tasks to queue
[2021-09-21 01:44:56,459] {logging_mixin.py:109} INFO - [2021-09-21 01:44:56,459] {dagbag.py:496} INFO - Filling up the DagBag from /home/airflow/.local/lib/python3.6/site-packages/airflow/example_dags/example_task_group.py
[2021-09-21 01:44:56,477] {processor.py:623} INFO - DAG(s) dict_keys(['example_task_group']) retrieved from /home/airflow/.local/lib/python3.6/site-packages/airflow/example_dags/example_task_group.py
[2021-09-21 01:44:56,502] {logging_mixin.py:109} INFO - [2021-09-21 01:44:56,502] {dag.py:1834} INFO - Sync 1 DAGs
[2021-09-21 01:44:56,518] {logging_mixin.py:109} INFO - [2021-09-21 01:44:56,518] {dag.py:2287} INFO - Setting next_dagrun for example_task_group to 2021-09-19 00:00:00+00:00
[2021-09-21 01:44:56,533] {processor.py:170} INFO - Processing /home/airflow/.local/lib/python3.6/site-packages/airflow/example_dags/example_task_group.py took 0.082 seconds
[2021-09-21 01:45:27,371] {processor.py:162} INFO - Started process (PID=3446) to work on /home/airflow/.local/lib/python3.6/site-packages/airflow/example_dags/example_task_group.py
[2021-09-21 01:45:27,373] {processor.py:613} INFO - Processing file /home/airflow/.local/lib/python3.6/site-packages/airflow/example_dags/example_task_group.py for tasks to queue
[2021-09-21 01:45:27,374] {logging_mixin.py:109} INFO - [2021-09-21 01:45:27,374] {dagbag.py:496} INFO - Filling up the DagBag from /home/airflow/.local/lib/python3.6/site-packages/airflow/example_dags/example_task_group.py
[2021-09-21 01:45:27,389] {processor.py:623} INFO - DAG(s) dict_keys(['example_task_group']) retrieved from /home/airflow/.local/lib/python3.6/site-packages/airflow/example_dags/example_task_group.py
[2021-09-21 01:45:27,415] {logging_mixin.py:109} INFO - [2021-09-21 01:45:27,415] {dag.py:1834} INFO - Sync 1 DAGs
[2021-09-21 01:45:27,431] {logging_mixin.py:109} INFO - [2021-09-21 01:45:27,431] {dag.py:2287} INFO - Setting next_dagrun for example_task_group to 2021-09-19 00:00:00+00:00
[2021-09-21 01:45:27,443] {processor.py:170} INFO - Processing /home/airflow/.local/lib/python3.6/site-packages/airflow/example_dags/example_task_group.py took 0.076 seconds
[2021-09-21 01:45:58,227] {processor.py:162} INFO - Started process (PID=3509) to work on /home/airflow/.local/lib/python3.6/site-packages/airflow/example_dags/example_task_group.py
[2021-09-21 01:45:58,229] {processor.py:613} INFO - Processing file /home/airflow/.local/lib/python3.6/site-packages/airflow/example_dags/example_task_group.py for tasks to queue
[2021-09-21 01:45:58,231] {logging_mixin.py:109} INFO - [2021-09-21 01:45:58,231] {dagbag.py:496} INFO - Filling up the DagBag from /home/airflow/.local/lib/python3.6/site-packages/airflow/example_dags/example_task_group.py
[2021-09-21 01:45:58,247] {processor.py:623} INFO - DAG(s) dict_keys(['example_task_group']) retrieved from /home/airflow/.local/lib/python3.6/site-packages/airflow/example_dags/example_task_group.py
[2021-09-21 01:45:58,272] {logging_mixin.py:109} INFO - [2021-09-21 01:45:58,272] {dag.py:1834} INFO - Sync 1 DAGs
[2021-09-21 01:45:58,288] {logging_mixin.py:109} INFO - [2021-09-21 01:45:58,288] {dag.py:2287} INFO - Setting next_dagrun for example_task_group to 2021-09-19 00:00:00+00:00
[2021-09-21 01:45:58,299] {processor.py:170} INFO - Processing /home/airflow/.local/lib/python3.6/site-packages/airflow/example_dags/example_task_group.py took 0.076 seconds
[2021-09-21 01:46:29,340] {processor.py:162} INFO - Started process (PID=3561) to work on /home/airflow/.local/lib/python3.6/site-packages/airflow/example_dags/example_task_group.py
[2021-09-21 01:46:29,342] {processor.py:613} INFO - Processing file /home/airflow/.local/lib/python3.6/site-packages/airflow/example_dags/example_task_group.py for tasks to queue
[2021-09-21 01:46:29,343] {logging_mixin.py:109} INFO - [2021-09-21 01:46:29,343] {dagbag.py:496} INFO - Filling up the DagBag from /home/airflow/.local/lib/python3.6/site-packages/airflow/example_dags/example_task_group.py
[2021-09-21 01:46:29,363] {processor.py:623} INFO - DAG(s) dict_keys(['example_task_group']) retrieved from /home/airflow/.local/lib/python3.6/site-packages/airflow/example_dags/example_task_group.py
[2021-09-21 01:46:29,404] {logging_mixin.py:109} INFO - [2021-09-21 01:46:29,403] {dag.py:1834} INFO - Sync 1 DAGs
[2021-09-21 01:46:29,424] {logging_mixin.py:109} INFO - [2021-09-21 01:46:29,424] {dag.py:2287} INFO - Setting next_dagrun for example_task_group to 2021-09-19 00:00:00+00:00
[2021-09-21 01:46:29,439] {processor.py:170} INFO - Processing /home/airflow/.local/lib/python3.6/site-packages/airflow/example_dags/example_task_group.py took 0.104 seconds
[2021-09-21 01:47:00,305] {processor.py:162} INFO - Started process (PID=3627) to work on /home/airflow/.local/lib/python3.6/site-packages/airflow/example_dags/example_task_group.py
[2021-09-21 01:47:00,308] {processor.py:613} INFO - Processing file /home/airflow/.local/lib/python3.6/site-packages/airflow/example_dags/example_task_group.py for tasks to queue
[2021-09-21 01:47:00,310] {logging_mixin.py:109} INFO - [2021-09-21 01:47:00,310] {dagbag.py:496} INFO - Filling up the DagBag from /home/airflow/.local/lib/python3.6/site-packages/airflow/example_dags/example_task_group.py
[2021-09-21 01:47:00,341] {processor.py:623} INFO - DAG(s) dict_keys(['example_task_group']) retrieved from /home/airflow/.local/lib/python3.6/site-packages/airflow/example_dags/example_task_group.py
[2021-09-21 01:47:00,372] {logging_mixin.py:109} INFO - [2021-09-21 01:47:00,372] {dag.py:1834} INFO - Sync 1 DAGs
[2021-09-21 01:47:00,389] {logging_mixin.py:109} INFO - [2021-09-21 01:47:00,389] {dag.py:2287} INFO - Setting next_dagrun for example_task_group to 2021-09-19 00:00:00+00:00
[2021-09-21 01:47:00,402] {processor.py:170} INFO - Processing /home/airflow/.local/lib/python3.6/site-packages/airflow/example_dags/example_task_group.py took 0.101 seconds
[2021-09-21 01:47:30,575] {processor.py:162} INFO - Started process (PID=3681) to work on /home/airflow/.local/lib/python3.6/site-packages/airflow/example_dags/example_task_group.py
[2021-09-21 01:47:30,578] {processor.py:613} INFO - Processing file /home/airflow/.local/lib/python3.6/site-packages/airflow/example_dags/example_task_group.py for tasks to queue
[2021-09-21 01:47:30,581] {logging_mixin.py:109} INFO - [2021-09-21 01:47:30,580] {dagbag.py:496} INFO - Filling up the DagBag from /home/airflow/.local/lib/python3.6/site-packages/airflow/example_dags/example_task_group.py
[2021-09-21 01:47:30,614] {processor.py:623} INFO - DAG(s) dict_keys(['example_task_group']) retrieved from /home/airflow/.local/lib/python3.6/site-packages/airflow/example_dags/example_task_group.py
[2021-09-21 01:47:30,659] {logging_mixin.py:109} INFO - [2021-09-21 01:47:30,658] {dag.py:1834} INFO - Sync 1 DAGs
[2021-09-21 01:47:30,703] {logging_mixin.py:109} INFO - [2021-09-21 01:47:30,703] {dag.py:2287} INFO - Setting next_dagrun for example_task_group to 2021-09-19 00:00:00+00:00
[2021-09-21 01:47:30,721] {processor.py:170} INFO - Processing /home/airflow/.local/lib/python3.6/site-packages/airflow/example_dags/example_task_group.py took 0.153 seconds
[2021-09-21 01:48:00,905] {processor.py:162} INFO - Started process (PID=3745) to work on /home/airflow/.local/lib/python3.6/site-packages/airflow/example_dags/example_task_group.py
[2021-09-21 01:48:00,907] {processor.py:613} INFO - Processing file /home/airflow/.local/lib/python3.6/site-packages/airflow/example_dags/example_task_group.py for tasks to queue
[2021-09-21 01:48:00,908] {logging_mixin.py:109} INFO - [2021-09-21 01:48:00,908] {dagbag.py:496} INFO - Filling up the DagBag from /home/airflow/.local/lib/python3.6/site-packages/airflow/example_dags/example_task_group.py
[2021-09-21 01:48:00,925] {processor.py:623} INFO - DAG(s) dict_keys(['example_task_group']) retrieved from /home/airflow/.local/lib/python3.6/site-packages/airflow/example_dags/example_task_group.py
[2021-09-21 01:48:00,949] {logging_mixin.py:109} INFO - [2021-09-21 01:48:00,949] {dag.py:1834} INFO - Sync 1 DAGs
[2021-09-21 01:48:00,965] {logging_mixin.py:109} INFO - [2021-09-21 01:48:00,964] {dag.py:2287} INFO - Setting next_dagrun for example_task_group to 2021-09-19 00:00:00+00:00
[2021-09-21 01:48:00,974] {processor.py:170} INFO - Processing /home/airflow/.local/lib/python3.6/site-packages/airflow/example_dags/example_task_group.py took 0.073 seconds
[2021-09-21 01:48:31,271] {processor.py:162} INFO - Started process (PID=3810) to work on /home/airflow/.local/lib/python3.6/site-packages/airflow/example_dags/example_task_group.py
[2021-09-21 01:48:31,273] {processor.py:613} INFO - Processing file /home/airflow/.local/lib/python3.6/site-packages/airflow/example_dags/example_task_group.py for tasks to queue
[2021-09-21 01:48:31,276] {logging_mixin.py:109} INFO - [2021-09-21 01:48:31,275] {dagbag.py:496} INFO - Filling up the DagBag from /home/airflow/.local/lib/python3.6/site-packages/airflow/example_dags/example_task_group.py
[2021-09-21 01:48:31,297] {processor.py:623} INFO - DAG(s) dict_keys(['example_task_group']) retrieved from /home/airflow/.local/lib/python3.6/site-packages/airflow/example_dags/example_task_group.py
[2021-09-21 01:48:31,330] {logging_mixin.py:109} INFO - [2021-09-21 01:48:31,330] {dag.py:1834} INFO - Sync 1 DAGs
[2021-09-21 01:48:31,347] {logging_mixin.py:109} INFO - [2021-09-21 01:48:31,347] {dag.py:2287} INFO - Setting next_dagrun for example_task_group to 2021-09-19 00:00:00+00:00
[2021-09-21 01:48:31,367] {processor.py:170} INFO - Processing /home/airflow/.local/lib/python3.6/site-packages/airflow/example_dags/example_task_group.py took 0.100 seconds
[2021-09-21 01:49:01,561] {processor.py:162} INFO - Started process (PID=3862) to work on /home/airflow/.local/lib/python3.6/site-packages/airflow/example_dags/example_task_group.py
[2021-09-21 01:49:01,564] {processor.py:613} INFO - Processing file /home/airflow/.local/lib/python3.6/site-packages/airflow/example_dags/example_task_group.py for tasks to queue
[2021-09-21 01:49:01,565] {logging_mixin.py:109} INFO - [2021-09-21 01:49:01,565] {dagbag.py:496} INFO - Filling up the DagBag from /home/airflow/.local/lib/python3.6/site-packages/airflow/example_dags/example_task_group.py
[2021-09-21 01:49:01,581] {processor.py:623} INFO - DAG(s) dict_keys(['example_task_group']) retrieved from /home/airflow/.local/lib/python3.6/site-packages/airflow/example_dags/example_task_group.py
[2021-09-21 01:49:01,609] {logging_mixin.py:109} INFO - [2021-09-21 01:49:01,609] {dag.py:1834} INFO - Sync 1 DAGs
[2021-09-21 01:49:01,624] {logging_mixin.py:109} INFO - [2021-09-21 01:49:01,624] {dag.py:2287} INFO - Setting next_dagrun for example_task_group to 2021-09-19 00:00:00+00:00
[2021-09-21 01:49:01,635] {processor.py:170} INFO - Processing /home/airflow/.local/lib/python3.6/site-packages/airflow/example_dags/example_task_group.py took 0.077 seconds
[2021-09-21 01:49:31,959] {processor.py:162} INFO - Started process (PID=3925) to work on /home/airflow/.local/lib/python3.6/site-packages/airflow/example_dags/example_task_group.py
[2021-09-21 01:49:31,961] {processor.py:613} INFO - Processing file /home/airflow/.local/lib/python3.6/site-packages/airflow/example_dags/example_task_group.py for tasks to queue
[2021-09-21 01:49:31,963] {logging_mixin.py:109} INFO - [2021-09-21 01:49:31,963] {dagbag.py:496} INFO - Filling up the DagBag from /home/airflow/.local/lib/python3.6/site-packages/airflow/example_dags/example_task_group.py
[2021-09-21 01:49:31,979] {processor.py:623} INFO - DAG(s) dict_keys(['example_task_group']) retrieved from /home/airflow/.local/lib/python3.6/site-packages/airflow/example_dags/example_task_group.py
[2021-09-21 01:49:32,006] {logging_mixin.py:109} INFO - [2021-09-21 01:49:32,006] {dag.py:1834} INFO - Sync 1 DAGs
[2021-09-21 01:49:32,022] {logging_mixin.py:109} INFO - [2021-09-21 01:49:32,022] {dag.py:2287} INFO - Setting next_dagrun for example_task_group to 2021-09-19 00:00:00+00:00
[2021-09-21 01:49:32,034] {processor.py:170} INFO - Processing /home/airflow/.local/lib/python3.6/site-packages/airflow/example_dags/example_task_group.py took 0.078 seconds
[2021-09-21 01:50:02,213] {processor.py:162} INFO - Started process (PID=3988) to work on /home/airflow/.local/lib/python3.6/site-packages/airflow/example_dags/example_task_group.py
[2021-09-21 01:50:02,215] {processor.py:613} INFO - Processing file /home/airflow/.local/lib/python3.6/site-packages/airflow/example_dags/example_task_group.py for tasks to queue
[2021-09-21 01:50:02,217] {logging_mixin.py:109} INFO - [2021-09-21 01:50:02,216] {dagbag.py:496} INFO - Filling up the DagBag from /home/airflow/.local/lib/python3.6/site-packages/airflow/example_dags/example_task_group.py
[2021-09-21 01:50:02,233] {processor.py:623} INFO - DAG(s) dict_keys(['example_task_group']) retrieved from /home/airflow/.local/lib/python3.6/site-packages/airflow/example_dags/example_task_group.py
[2021-09-21 01:50:02,261] {logging_mixin.py:109} INFO - [2021-09-21 01:50:02,261] {dag.py:1834} INFO - Sync 1 DAGs
[2021-09-21 01:50:02,277] {logging_mixin.py:109} INFO - [2021-09-21 01:50:02,277] {dag.py:2287} INFO - Setting next_dagrun for example_task_group to 2021-09-19 00:00:00+00:00
[2021-09-21 01:50:02,289] {processor.py:170} INFO - Processing /home/airflow/.local/lib/python3.6/site-packages/airflow/example_dags/example_task_group.py took 0.080 seconds
[2021-09-21 01:50:33,105] {processor.py:162} INFO - Started process (PID=4040) to work on /home/airflow/.local/lib/python3.6/site-packages/airflow/example_dags/example_task_group.py
[2021-09-21 01:50:33,107] {processor.py:613} INFO - Processing file /home/airflow/.local/lib/python3.6/site-packages/airflow/example_dags/example_task_group.py for tasks to queue
[2021-09-21 01:50:33,109] {logging_mixin.py:109} INFO - [2021-09-21 01:50:33,108] {dagbag.py:496} INFO - Filling up the DagBag from /home/airflow/.local/lib/python3.6/site-packages/airflow/example_dags/example_task_group.py
[2021-09-21 01:50:33,129] {processor.py:623} INFO - DAG(s) dict_keys(['example_task_group']) retrieved from /home/airflow/.local/lib/python3.6/site-packages/airflow/example_dags/example_task_group.py
[2021-09-21 01:50:33,163] {logging_mixin.py:109} INFO - [2021-09-21 01:50:33,163] {dag.py:1834} INFO - Sync 1 DAGs
[2021-09-21 01:50:33,184] {logging_mixin.py:109} INFO - [2021-09-21 01:50:33,184] {dag.py:2287} INFO - Setting next_dagrun for example_task_group to 2021-09-19 00:00:00+00:00
[2021-09-21 01:50:33,196] {processor.py:170} INFO - Processing /home/airflow/.local/lib/python3.6/site-packages/airflow/example_dags/example_task_group.py took 0.094 seconds
[2021-09-21 01:51:03,362] {processor.py:162} INFO - Started process (PID=4104) to work on /home/airflow/.local/lib/python3.6/site-packages/airflow/example_dags/example_task_group.py
[2021-09-21 01:51:03,365] {processor.py:613} INFO - Processing file /home/airflow/.local/lib/python3.6/site-packages/airflow/example_dags/example_task_group.py for tasks to queue
[2021-09-21 01:51:03,366] {logging_mixin.py:109} INFO - [2021-09-21 01:51:03,366] {dagbag.py:496} INFO - Filling up the DagBag from /home/airflow/.local/lib/python3.6/site-packages/airflow/example_dags/example_task_group.py
[2021-09-21 01:51:03,385] {processor.py:623} INFO - DAG(s) dict_keys(['example_task_group']) retrieved from /home/airflow/.local/lib/python3.6/site-packages/airflow/example_dags/example_task_group.py
[2021-09-21 01:51:03,418] {logging_mixin.py:109} INFO - [2021-09-21 01:51:03,417] {dag.py:1834} INFO - Sync 1 DAGs
[2021-09-21 01:51:03,437] {logging_mixin.py:109} INFO - [2021-09-21 01:51:03,436] {dag.py:2287} INFO - Setting next_dagrun for example_task_group to 2021-09-19 00:00:00+00:00
[2021-09-21 01:51:03,453] {processor.py:170} INFO - Processing /home/airflow/.local/lib/python3.6/site-packages/airflow/example_dags/example_task_group.py took 0.096 seconds
[2021-09-21 01:51:33,752] {processor.py:162} INFO - Started process (PID=4157) to work on /home/airflow/.local/lib/python3.6/site-packages/airflow/example_dags/example_task_group.py
[2021-09-21 01:51:33,754] {processor.py:613} INFO - Processing file /home/airflow/.local/lib/python3.6/site-packages/airflow/example_dags/example_task_group.py for tasks to queue
[2021-09-21 01:51:33,756] {logging_mixin.py:109} INFO - [2021-09-21 01:51:33,756] {dagbag.py:496} INFO - Filling up the DagBag from /home/airflow/.local/lib/python3.6/site-packages/airflow/example_dags/example_task_group.py
[2021-09-21 01:51:33,773] {processor.py:623} INFO - DAG(s) dict_keys(['example_task_group']) retrieved from /home/airflow/.local/lib/python3.6/site-packages/airflow/example_dags/example_task_group.py
[2021-09-21 01:51:33,800] {logging_mixin.py:109} INFO - [2021-09-21 01:51:33,799] {dag.py:1834} INFO - Sync 1 DAGs
[2021-09-21 01:51:33,815] {logging_mixin.py:109} INFO - [2021-09-21 01:51:33,815] {dag.py:2287} INFO - Setting next_dagrun for example_task_group to 2021-09-19 00:00:00+00:00
[2021-09-21 01:51:33,826] {processor.py:170} INFO - Processing /home/airflow/.local/lib/python3.6/site-packages/airflow/example_dags/example_task_group.py took 0.078 seconds
[2021-09-21 01:52:04,784] {processor.py:162} INFO - Started process (PID=4217) to work on /home/airflow/.local/lib/python3.6/site-packages/airflow/example_dags/example_task_group.py
[2021-09-21 01:52:04,787] {processor.py:613} INFO - Processing file /home/airflow/.local/lib/python3.6/site-packages/airflow/example_dags/example_task_group.py for tasks to queue
[2021-09-21 01:52:04,789] {logging_mixin.py:109} INFO - [2021-09-21 01:52:04,788] {dagbag.py:496} INFO - Filling up the DagBag from /home/airflow/.local/lib/python3.6/site-packages/airflow/example_dags/example_task_group.py
[2021-09-21 01:52:04,815] {processor.py:623} INFO - DAG(s) dict_keys(['example_task_group']) retrieved from /home/airflow/.local/lib/python3.6/site-packages/airflow/example_dags/example_task_group.py
[2021-09-21 01:52:04,855] {logging_mixin.py:109} INFO - [2021-09-21 01:52:04,855] {dag.py:1834} INFO - Sync 1 DAGs
[2021-09-21 01:52:04,878] {logging_mixin.py:109} INFO - [2021-09-21 01:52:04,878] {dag.py:2287} INFO - Setting next_dagrun for example_task_group to 2021-09-19 00:00:00+00:00
[2021-09-21 01:52:04,892] {processor.py:170} INFO - Processing /home/airflow/.local/lib/python3.6/site-packages/airflow/example_dags/example_task_group.py took 0.113 seconds
[2021-09-21 01:52:35,355] {processor.py:162} INFO - Started process (PID=4275) to work on /home/airflow/.local/lib/python3.6/site-packages/airflow/example_dags/example_task_group.py
[2021-09-21 01:52:35,357] {processor.py:613} INFO - Processing file /home/airflow/.local/lib/python3.6/site-packages/airflow/example_dags/example_task_group.py for tasks to queue
[2021-09-21 01:52:35,359] {logging_mixin.py:109} INFO - [2021-09-21 01:52:35,359] {dagbag.py:496} INFO - Filling up the DagBag from /home/airflow/.local/lib/python3.6/site-packages/airflow/example_dags/example_task_group.py
[2021-09-21 01:52:35,379] {processor.py:623} INFO - DAG(s) dict_keys(['example_task_group']) retrieved from /home/airflow/.local/lib/python3.6/site-packages/airflow/example_dags/example_task_group.py
[2021-09-21 01:52:35,412] {logging_mixin.py:109} INFO - [2021-09-21 01:52:35,412] {dag.py:1834} INFO - Sync 1 DAGs
[2021-09-21 01:52:35,433] {logging_mixin.py:109} INFO - [2021-09-21 01:52:35,433] {dag.py:2287} INFO - Setting next_dagrun for example_task_group to 2021-09-19 00:00:00+00:00
[2021-09-21 01:52:35,447] {processor.py:170} INFO - Processing /home/airflow/.local/lib/python3.6/site-packages/airflow/example_dags/example_task_group.py took 0.097 seconds
