[2021-09-21 01:17:30,150] {processor.py:162} INFO - Started process (PID=217) to work on /home/airflow/.local/lib/python3.6/site-packages/airflow/example_dags/example_trigger_target_dag.py
[2021-09-21 01:17:30,152] {processor.py:613} INFO - Processing file /home/airflow/.local/lib/python3.6/site-packages/airflow/example_dags/example_trigger_target_dag.py for tasks to queue
[2021-09-21 01:17:30,155] {logging_mixin.py:109} INFO - [2021-09-21 01:17:30,155] {dagbag.py:496} INFO - Filling up the DagBag from /home/airflow/.local/lib/python3.6/site-packages/airflow/example_dags/example_trigger_target_dag.py
[2021-09-21 01:17:30,173] {processor.py:623} INFO - DAG(s) dict_keys(['example_trigger_target_dag']) retrieved from /home/airflow/.local/lib/python3.6/site-packages/airflow/example_dags/example_trigger_target_dag.py
[2021-09-21 01:17:32,436] {logging_mixin.py:109} INFO - [2021-09-21 01:17:32,434] {dag.py:1834} INFO - Sync 1 DAGs
[2021-09-21 01:17:32,447] {logging_mixin.py:109} INFO - [2021-09-21 01:17:32,446] {dag.py:1853} INFO - Creating ORM DAG for example_trigger_target_dag
[2021-09-21 01:17:32,451] {logging_mixin.py:109} INFO - [2021-09-21 01:17:32,451] {dag.py:2287} INFO - Setting next_dagrun for example_trigger_target_dag to None
[2021-09-21 01:17:32,464] {processor.py:170} INFO - Processing /home/airflow/.local/lib/python3.6/site-packages/airflow/example_dags/example_trigger_target_dag.py took 2.317 seconds
[2021-09-21 01:18:02,526] {processor.py:162} INFO - Started process (PID=332) to work on /home/airflow/.local/lib/python3.6/site-packages/airflow/example_dags/example_trigger_target_dag.py
[2021-09-21 01:18:02,528] {processor.py:613} INFO - Processing file /home/airflow/.local/lib/python3.6/site-packages/airflow/example_dags/example_trigger_target_dag.py for tasks to queue
[2021-09-21 01:18:02,529] {logging_mixin.py:109} INFO - [2021-09-21 01:18:02,529] {dagbag.py:496} INFO - Filling up the DagBag from /home/airflow/.local/lib/python3.6/site-packages/airflow/example_dags/example_trigger_target_dag.py
[2021-09-21 01:18:02,544] {processor.py:623} INFO - DAG(s) dict_keys(['example_trigger_target_dag']) retrieved from /home/airflow/.local/lib/python3.6/site-packages/airflow/example_dags/example_trigger_target_dag.py
[2021-09-21 01:18:02,565] {logging_mixin.py:109} INFO - [2021-09-21 01:18:02,565] {dag.py:1834} INFO - Sync 1 DAGs
[2021-09-21 01:18:02,577] {logging_mixin.py:109} INFO - [2021-09-21 01:18:02,577] {dag.py:2287} INFO - Setting next_dagrun for example_trigger_target_dag to None
[2021-09-21 01:18:02,587] {processor.py:170} INFO - Processing /home/airflow/.local/lib/python3.6/site-packages/airflow/example_dags/example_trigger_target_dag.py took 0.064 seconds
[2021-09-21 01:18:32,681] {processor.py:162} INFO - Started process (PID=397) to work on /home/airflow/.local/lib/python3.6/site-packages/airflow/example_dags/example_trigger_target_dag.py
[2021-09-21 01:18:32,683] {processor.py:613} INFO - Processing file /home/airflow/.local/lib/python3.6/site-packages/airflow/example_dags/example_trigger_target_dag.py for tasks to queue
[2021-09-21 01:18:32,684] {logging_mixin.py:109} INFO - [2021-09-21 01:18:32,684] {dagbag.py:496} INFO - Filling up the DagBag from /home/airflow/.local/lib/python3.6/site-packages/airflow/example_dags/example_trigger_target_dag.py
[2021-09-21 01:18:32,697] {processor.py:623} INFO - DAG(s) dict_keys(['example_trigger_target_dag']) retrieved from /home/airflow/.local/lib/python3.6/site-packages/airflow/example_dags/example_trigger_target_dag.py
[2021-09-21 01:18:32,719] {logging_mixin.py:109} INFO - [2021-09-21 01:18:32,718] {dag.py:1834} INFO - Sync 1 DAGs
[2021-09-21 01:18:32,738] {logging_mixin.py:109} INFO - [2021-09-21 01:18:32,738] {dag.py:2287} INFO - Setting next_dagrun for example_trigger_target_dag to None
[2021-09-21 01:18:32,747] {processor.py:170} INFO - Processing /home/airflow/.local/lib/python3.6/site-packages/airflow/example_dags/example_trigger_target_dag.py took 0.069 seconds
[2021-09-21 01:19:02,941] {processor.py:162} INFO - Started process (PID=459) to work on /home/airflow/.local/lib/python3.6/site-packages/airflow/example_dags/example_trigger_target_dag.py
[2021-09-21 01:19:02,943] {processor.py:613} INFO - Processing file /home/airflow/.local/lib/python3.6/site-packages/airflow/example_dags/example_trigger_target_dag.py for tasks to queue
[2021-09-21 01:19:02,944] {logging_mixin.py:109} INFO - [2021-09-21 01:19:02,944] {dagbag.py:496} INFO - Filling up the DagBag from /home/airflow/.local/lib/python3.6/site-packages/airflow/example_dags/example_trigger_target_dag.py
[2021-09-21 01:19:02,957] {processor.py:623} INFO - DAG(s) dict_keys(['example_trigger_target_dag']) retrieved from /home/airflow/.local/lib/python3.6/site-packages/airflow/example_dags/example_trigger_target_dag.py
[2021-09-21 01:19:02,977] {logging_mixin.py:109} INFO - [2021-09-21 01:19:02,977] {dag.py:1834} INFO - Sync 1 DAGs
[2021-09-21 01:19:02,990] {logging_mixin.py:109} INFO - [2021-09-21 01:19:02,990] {dag.py:2287} INFO - Setting next_dagrun for example_trigger_target_dag to None
[2021-09-21 01:19:02,999] {processor.py:170} INFO - Processing /home/airflow/.local/lib/python3.6/site-packages/airflow/example_dags/example_trigger_target_dag.py took 0.061 seconds
[2021-09-21 01:19:33,113] {processor.py:162} INFO - Started process (PID=512) to work on /home/airflow/.local/lib/python3.6/site-packages/airflow/example_dags/example_trigger_target_dag.py
[2021-09-21 01:19:33,115] {processor.py:613} INFO - Processing file /home/airflow/.local/lib/python3.6/site-packages/airflow/example_dags/example_trigger_target_dag.py for tasks to queue
[2021-09-21 01:19:33,116] {logging_mixin.py:109} INFO - [2021-09-21 01:19:33,116] {dagbag.py:496} INFO - Filling up the DagBag from /home/airflow/.local/lib/python3.6/site-packages/airflow/example_dags/example_trigger_target_dag.py
[2021-09-21 01:19:33,128] {processor.py:623} INFO - DAG(s) dict_keys(['example_trigger_target_dag']) retrieved from /home/airflow/.local/lib/python3.6/site-packages/airflow/example_dags/example_trigger_target_dag.py
[2021-09-21 01:19:33,149] {logging_mixin.py:109} INFO - [2021-09-21 01:19:33,149] {dag.py:1834} INFO - Sync 1 DAGs
[2021-09-21 01:19:33,164] {logging_mixin.py:109} INFO - [2021-09-21 01:19:33,163] {dag.py:2287} INFO - Setting next_dagrun for example_trigger_target_dag to None
[2021-09-21 01:19:33,172] {processor.py:170} INFO - Processing /home/airflow/.local/lib/python3.6/site-packages/airflow/example_dags/example_trigger_target_dag.py took 0.063 seconds
[2021-09-21 01:20:03,401] {processor.py:162} INFO - Started process (PID=576) to work on /home/airflow/.local/lib/python3.6/site-packages/airflow/example_dags/example_trigger_target_dag.py
[2021-09-21 01:20:03,402] {processor.py:613} INFO - Processing file /home/airflow/.local/lib/python3.6/site-packages/airflow/example_dags/example_trigger_target_dag.py for tasks to queue
[2021-09-21 01:20:03,404] {logging_mixin.py:109} INFO - [2021-09-21 01:20:03,404] {dagbag.py:496} INFO - Filling up the DagBag from /home/airflow/.local/lib/python3.6/site-packages/airflow/example_dags/example_trigger_target_dag.py
[2021-09-21 01:20:03,418] {processor.py:623} INFO - DAG(s) dict_keys(['example_trigger_target_dag']) retrieved from /home/airflow/.local/lib/python3.6/site-packages/airflow/example_dags/example_trigger_target_dag.py
[2021-09-21 01:20:03,440] {logging_mixin.py:109} INFO - [2021-09-21 01:20:03,440] {dag.py:1834} INFO - Sync 1 DAGs
[2021-09-21 01:20:03,454] {logging_mixin.py:109} INFO - [2021-09-21 01:20:03,454] {dag.py:2287} INFO - Setting next_dagrun for example_trigger_target_dag to None
[2021-09-21 01:20:03,464] {processor.py:170} INFO - Processing /home/airflow/.local/lib/python3.6/site-packages/airflow/example_dags/example_trigger_target_dag.py took 0.067 seconds
[2021-09-21 01:20:34,135] {processor.py:162} INFO - Started process (PID=629) to work on /home/airflow/.local/lib/python3.6/site-packages/airflow/example_dags/example_trigger_target_dag.py
[2021-09-21 01:20:34,136] {processor.py:613} INFO - Processing file /home/airflow/.local/lib/python3.6/site-packages/airflow/example_dags/example_trigger_target_dag.py for tasks to queue
[2021-09-21 01:20:34,138] {logging_mixin.py:109} INFO - [2021-09-21 01:20:34,138] {dagbag.py:496} INFO - Filling up the DagBag from /home/airflow/.local/lib/python3.6/site-packages/airflow/example_dags/example_trigger_target_dag.py
[2021-09-21 01:20:34,151] {processor.py:623} INFO - DAG(s) dict_keys(['example_trigger_target_dag']) retrieved from /home/airflow/.local/lib/python3.6/site-packages/airflow/example_dags/example_trigger_target_dag.py
[2021-09-21 01:20:34,172] {logging_mixin.py:109} INFO - [2021-09-21 01:20:34,172] {dag.py:1834} INFO - Sync 1 DAGs
[2021-09-21 01:20:34,185] {logging_mixin.py:109} INFO - [2021-09-21 01:20:34,185] {dag.py:2287} INFO - Setting next_dagrun for example_trigger_target_dag to None
[2021-09-21 01:20:34,195] {processor.py:170} INFO - Processing /home/airflow/.local/lib/python3.6/site-packages/airflow/example_dags/example_trigger_target_dag.py took 0.064 seconds
[2021-09-21 01:21:04,673] {processor.py:162} INFO - Started process (PID=695) to work on /home/airflow/.local/lib/python3.6/site-packages/airflow/example_dags/example_trigger_target_dag.py
[2021-09-21 01:21:04,679] {processor.py:613} INFO - Processing file /home/airflow/.local/lib/python3.6/site-packages/airflow/example_dags/example_trigger_target_dag.py for tasks to queue
[2021-09-21 01:21:04,683] {logging_mixin.py:109} INFO - [2021-09-21 01:21:04,682] {dagbag.py:496} INFO - Filling up the DagBag from /home/airflow/.local/lib/python3.6/site-packages/airflow/example_dags/example_trigger_target_dag.py
[2021-09-21 01:21:04,796] {processor.py:623} INFO - DAG(s) dict_keys(['example_trigger_target_dag']) retrieved from /home/airflow/.local/lib/python3.6/site-packages/airflow/example_dags/example_trigger_target_dag.py
[2021-09-21 01:21:04,839] {logging_mixin.py:109} INFO - [2021-09-21 01:21:04,839] {dag.py:1834} INFO - Sync 1 DAGs
[2021-09-21 01:21:04,866] {logging_mixin.py:109} INFO - [2021-09-21 01:21:04,865] {dag.py:2287} INFO - Setting next_dagrun for example_trigger_target_dag to None
[2021-09-21 01:21:04,885] {processor.py:170} INFO - Processing /home/airflow/.local/lib/python3.6/site-packages/airflow/example_dags/example_trigger_target_dag.py took 0.220 seconds
[2021-09-21 01:21:35,127] {processor.py:162} INFO - Started process (PID=757) to work on /home/airflow/.local/lib/python3.6/site-packages/airflow/example_dags/example_trigger_target_dag.py
[2021-09-21 01:21:35,133] {processor.py:613} INFO - Processing file /home/airflow/.local/lib/python3.6/site-packages/airflow/example_dags/example_trigger_target_dag.py for tasks to queue
[2021-09-21 01:21:35,137] {logging_mixin.py:109} INFO - [2021-09-21 01:21:35,136] {dagbag.py:496} INFO - Filling up the DagBag from /home/airflow/.local/lib/python3.6/site-packages/airflow/example_dags/example_trigger_target_dag.py
[2021-09-21 01:21:35,166] {processor.py:623} INFO - DAG(s) dict_keys(['example_trigger_target_dag']) retrieved from /home/airflow/.local/lib/python3.6/site-packages/airflow/example_dags/example_trigger_target_dag.py
[2021-09-21 01:21:35,202] {logging_mixin.py:109} INFO - [2021-09-21 01:21:35,202] {dag.py:1834} INFO - Sync 1 DAGs
[2021-09-21 01:21:35,235] {logging_mixin.py:109} INFO - [2021-09-21 01:21:35,235] {dag.py:2287} INFO - Setting next_dagrun for example_trigger_target_dag to None
[2021-09-21 01:21:35,259] {processor.py:170} INFO - Processing /home/airflow/.local/lib/python3.6/site-packages/airflow/example_dags/example_trigger_target_dag.py took 0.144 seconds
[2021-09-21 01:22:05,814] {processor.py:162} INFO - Started process (PID=811) to work on /home/airflow/.local/lib/python3.6/site-packages/airflow/example_dags/example_trigger_target_dag.py
[2021-09-21 01:22:05,817] {processor.py:613} INFO - Processing file /home/airflow/.local/lib/python3.6/site-packages/airflow/example_dags/example_trigger_target_dag.py for tasks to queue
[2021-09-21 01:22:05,818] {logging_mixin.py:109} INFO - [2021-09-21 01:22:05,818] {dagbag.py:496} INFO - Filling up the DagBag from /home/airflow/.local/lib/python3.6/site-packages/airflow/example_dags/example_trigger_target_dag.py
[2021-09-21 01:22:05,830] {processor.py:623} INFO - DAG(s) dict_keys(['example_trigger_target_dag']) retrieved from /home/airflow/.local/lib/python3.6/site-packages/airflow/example_dags/example_trigger_target_dag.py
[2021-09-21 01:22:05,852] {logging_mixin.py:109} INFO - [2021-09-21 01:22:05,851] {dag.py:1834} INFO - Sync 1 DAGs
[2021-09-21 01:22:05,865] {logging_mixin.py:109} INFO - [2021-09-21 01:22:05,864] {dag.py:2287} INFO - Setting next_dagrun for example_trigger_target_dag to None
[2021-09-21 01:22:05,874] {processor.py:170} INFO - Processing /home/airflow/.local/lib/python3.6/site-packages/airflow/example_dags/example_trigger_target_dag.py took 0.063 seconds
[2021-09-21 01:22:36,285] {processor.py:162} INFO - Started process (PID=875) to work on /home/airflow/.local/lib/python3.6/site-packages/airflow/example_dags/example_trigger_target_dag.py
[2021-09-21 01:22:36,288] {processor.py:613} INFO - Processing file /home/airflow/.local/lib/python3.6/site-packages/airflow/example_dags/example_trigger_target_dag.py for tasks to queue
[2021-09-21 01:22:36,290] {logging_mixin.py:109} INFO - [2021-09-21 01:22:36,290] {dagbag.py:496} INFO - Filling up the DagBag from /home/airflow/.local/lib/python3.6/site-packages/airflow/example_dags/example_trigger_target_dag.py
[2021-09-21 01:22:36,305] {processor.py:623} INFO - DAG(s) dict_keys(['example_trigger_target_dag']) retrieved from /home/airflow/.local/lib/python3.6/site-packages/airflow/example_dags/example_trigger_target_dag.py
[2021-09-21 01:22:36,333] {logging_mixin.py:109} INFO - [2021-09-21 01:22:36,333] {dag.py:1834} INFO - Sync 1 DAGs
[2021-09-21 01:22:36,352] {logging_mixin.py:109} INFO - [2021-09-21 01:22:36,352] {dag.py:2287} INFO - Setting next_dagrun for example_trigger_target_dag to None
[2021-09-21 01:22:36,365] {processor.py:170} INFO - Processing /home/airflow/.local/lib/python3.6/site-packages/airflow/example_dags/example_trigger_target_dag.py took 0.083 seconds
[2021-09-21 01:23:07,176] {processor.py:162} INFO - Started process (PID=928) to work on /home/airflow/.local/lib/python3.6/site-packages/airflow/example_dags/example_trigger_target_dag.py
[2021-09-21 01:23:07,179] {processor.py:613} INFO - Processing file /home/airflow/.local/lib/python3.6/site-packages/airflow/example_dags/example_trigger_target_dag.py for tasks to queue
[2021-09-21 01:23:07,182] {logging_mixin.py:109} INFO - [2021-09-21 01:23:07,182] {dagbag.py:496} INFO - Filling up the DagBag from /home/airflow/.local/lib/python3.6/site-packages/airflow/example_dags/example_trigger_target_dag.py
[2021-09-21 01:23:07,220] {processor.py:623} INFO - DAG(s) dict_keys(['example_trigger_target_dag']) retrieved from /home/airflow/.local/lib/python3.6/site-packages/airflow/example_dags/example_trigger_target_dag.py
[2021-09-21 01:23:07,281] {logging_mixin.py:109} INFO - [2021-09-21 01:23:07,280] {dag.py:1834} INFO - Sync 1 DAGs
[2021-09-21 01:23:07,338] {logging_mixin.py:109} INFO - [2021-09-21 01:23:07,338] {dag.py:2287} INFO - Setting next_dagrun for example_trigger_target_dag to None
[2021-09-21 01:23:07,413] {processor.py:170} INFO - Processing /home/airflow/.local/lib/python3.6/site-packages/airflow/example_dags/example_trigger_target_dag.py took 0.248 seconds
[2021-09-21 01:23:38,404] {processor.py:162} INFO - Started process (PID=980) to work on /home/airflow/.local/lib/python3.6/site-packages/airflow/example_dags/example_trigger_target_dag.py
[2021-09-21 01:23:38,421] {processor.py:613} INFO - Processing file /home/airflow/.local/lib/python3.6/site-packages/airflow/example_dags/example_trigger_target_dag.py for tasks to queue
[2021-09-21 01:23:38,428] {logging_mixin.py:109} INFO - [2021-09-21 01:23:38,428] {dagbag.py:496} INFO - Filling up the DagBag from /home/airflow/.local/lib/python3.6/site-packages/airflow/example_dags/example_trigger_target_dag.py
[2021-09-21 01:23:38,511] {processor.py:623} INFO - DAG(s) dict_keys(['example_trigger_target_dag']) retrieved from /home/airflow/.local/lib/python3.6/site-packages/airflow/example_dags/example_trigger_target_dag.py
[2021-09-21 01:23:38,602] {logging_mixin.py:109} INFO - [2021-09-21 01:23:38,601] {dag.py:1834} INFO - Sync 1 DAGs
[2021-09-21 01:23:38,641] {logging_mixin.py:109} INFO - [2021-09-21 01:23:38,641] {dag.py:2287} INFO - Setting next_dagrun for example_trigger_target_dag to None
[2021-09-21 01:23:38,665] {processor.py:170} INFO - Processing /home/airflow/.local/lib/python3.6/site-packages/airflow/example_dags/example_trigger_target_dag.py took 0.276 seconds
[2021-09-21 01:24:09,635] {processor.py:162} INFO - Started process (PID=1034) to work on /home/airflow/.local/lib/python3.6/site-packages/airflow/example_dags/example_trigger_target_dag.py
[2021-09-21 01:24:09,637] {processor.py:613} INFO - Processing file /home/airflow/.local/lib/python3.6/site-packages/airflow/example_dags/example_trigger_target_dag.py for tasks to queue
[2021-09-21 01:24:09,639] {logging_mixin.py:109} INFO - [2021-09-21 01:24:09,638] {dagbag.py:496} INFO - Filling up the DagBag from /home/airflow/.local/lib/python3.6/site-packages/airflow/example_dags/example_trigger_target_dag.py
[2021-09-21 01:24:09,656] {processor.py:623} INFO - DAG(s) dict_keys(['example_trigger_target_dag']) retrieved from /home/airflow/.local/lib/python3.6/site-packages/airflow/example_dags/example_trigger_target_dag.py
[2021-09-21 01:24:09,682] {logging_mixin.py:109} INFO - [2021-09-21 01:24:09,682] {dag.py:1834} INFO - Sync 1 DAGs
[2021-09-21 01:24:09,698] {logging_mixin.py:109} INFO - [2021-09-21 01:24:09,697] {dag.py:2287} INFO - Setting next_dagrun for example_trigger_target_dag to None
[2021-09-21 01:24:09,708] {processor.py:170} INFO - Processing /home/airflow/.local/lib/python3.6/site-packages/airflow/example_dags/example_trigger_target_dag.py took 0.078 seconds
[2021-09-21 01:24:40,048] {processor.py:162} INFO - Started process (PID=1096) to work on /home/airflow/.local/lib/python3.6/site-packages/airflow/example_dags/example_trigger_target_dag.py
[2021-09-21 01:24:40,052] {processor.py:613} INFO - Processing file /home/airflow/.local/lib/python3.6/site-packages/airflow/example_dags/example_trigger_target_dag.py for tasks to queue
[2021-09-21 01:24:40,054] {logging_mixin.py:109} INFO - [2021-09-21 01:24:40,054] {dagbag.py:496} INFO - Filling up the DagBag from /home/airflow/.local/lib/python3.6/site-packages/airflow/example_dags/example_trigger_target_dag.py
[2021-09-21 01:24:40,084] {processor.py:623} INFO - DAG(s) dict_keys(['example_trigger_target_dag']) retrieved from /home/airflow/.local/lib/python3.6/site-packages/airflow/example_dags/example_trigger_target_dag.py
[2021-09-21 01:24:40,132] {logging_mixin.py:109} INFO - [2021-09-21 01:24:40,132] {dag.py:1834} INFO - Sync 1 DAGs
[2021-09-21 01:24:40,170] {logging_mixin.py:109} INFO - [2021-09-21 01:24:40,170] {dag.py:2287} INFO - Setting next_dagrun for example_trigger_target_dag to None
[2021-09-21 01:24:40,197] {processor.py:170} INFO - Processing /home/airflow/.local/lib/python3.6/site-packages/airflow/example_dags/example_trigger_target_dag.py took 0.156 seconds
[2021-09-21 01:25:10,463] {processor.py:162} INFO - Started process (PID=1150) to work on /home/airflow/.local/lib/python3.6/site-packages/airflow/example_dags/example_trigger_target_dag.py
[2021-09-21 01:25:10,466] {processor.py:613} INFO - Processing file /home/airflow/.local/lib/python3.6/site-packages/airflow/example_dags/example_trigger_target_dag.py for tasks to queue
[2021-09-21 01:25:10,468] {logging_mixin.py:109} INFO - [2021-09-21 01:25:10,467] {dagbag.py:496} INFO - Filling up the DagBag from /home/airflow/.local/lib/python3.6/site-packages/airflow/example_dags/example_trigger_target_dag.py
[2021-09-21 01:25:10,484] {processor.py:623} INFO - DAG(s) dict_keys(['example_trigger_target_dag']) retrieved from /home/airflow/.local/lib/python3.6/site-packages/airflow/example_dags/example_trigger_target_dag.py
[2021-09-21 01:25:10,511] {logging_mixin.py:109} INFO - [2021-09-21 01:25:10,511] {dag.py:1834} INFO - Sync 1 DAGs
[2021-09-21 01:25:10,532] {logging_mixin.py:109} INFO - [2021-09-21 01:25:10,532] {dag.py:2287} INFO - Setting next_dagrun for example_trigger_target_dag to None
[2021-09-21 01:25:10,544] {processor.py:170} INFO - Processing /home/airflow/.local/lib/python3.6/site-packages/airflow/example_dags/example_trigger_target_dag.py took 0.085 seconds
[2021-09-21 01:25:40,997] {processor.py:162} INFO - Started process (PID=1192) to work on /home/airflow/.local/lib/python3.6/site-packages/airflow/example_dags/example_trigger_target_dag.py
[2021-09-21 01:25:41,000] {processor.py:613} INFO - Processing file /home/airflow/.local/lib/python3.6/site-packages/airflow/example_dags/example_trigger_target_dag.py for tasks to queue
[2021-09-21 01:25:41,003] {logging_mixin.py:109} INFO - [2021-09-21 01:25:41,002] {dagbag.py:496} INFO - Filling up the DagBag from /home/airflow/.local/lib/python3.6/site-packages/airflow/example_dags/example_trigger_target_dag.py
[2021-09-21 01:25:41,028] {processor.py:623} INFO - DAG(s) dict_keys(['example_trigger_target_dag']) retrieved from /home/airflow/.local/lib/python3.6/site-packages/airflow/example_dags/example_trigger_target_dag.py
[2021-09-21 01:25:41,064] {logging_mixin.py:109} INFO - [2021-09-21 01:25:41,063] {dag.py:1834} INFO - Sync 1 DAGs
[2021-09-21 01:25:41,087] {logging_mixin.py:109} INFO - [2021-09-21 01:25:41,087] {dag.py:2287} INFO - Setting next_dagrun for example_trigger_target_dag to None
[2021-09-21 01:25:41,105] {processor.py:170} INFO - Processing /home/airflow/.local/lib/python3.6/site-packages/airflow/example_dags/example_trigger_target_dag.py took 0.117 seconds
[2021-09-21 01:26:12,261] {processor.py:162} INFO - Started process (PID=1256) to work on /home/airflow/.local/lib/python3.6/site-packages/airflow/example_dags/example_trigger_target_dag.py
[2021-09-21 01:26:12,263] {processor.py:613} INFO - Processing file /home/airflow/.local/lib/python3.6/site-packages/airflow/example_dags/example_trigger_target_dag.py for tasks to queue
[2021-09-21 01:26:12,266] {logging_mixin.py:109} INFO - [2021-09-21 01:26:12,265] {dagbag.py:496} INFO - Filling up the DagBag from /home/airflow/.local/lib/python3.6/site-packages/airflow/example_dags/example_trigger_target_dag.py
[2021-09-21 01:26:12,296] {processor.py:623} INFO - DAG(s) dict_keys(['example_trigger_target_dag']) retrieved from /home/airflow/.local/lib/python3.6/site-packages/airflow/example_dags/example_trigger_target_dag.py
[2021-09-21 01:26:12,355] {logging_mixin.py:109} INFO - [2021-09-21 01:26:12,354] {dag.py:1834} INFO - Sync 1 DAGs
[2021-09-21 01:26:12,397] {logging_mixin.py:109} INFO - [2021-09-21 01:26:12,397] {dag.py:2287} INFO - Setting next_dagrun for example_trigger_target_dag to None
[2021-09-21 01:26:12,435] {processor.py:170} INFO - Processing /home/airflow/.local/lib/python3.6/site-packages/airflow/example_dags/example_trigger_target_dag.py took 0.180 seconds
[2021-09-21 01:26:42,854] {processor.py:162} INFO - Started process (PID=1308) to work on /home/airflow/.local/lib/python3.6/site-packages/airflow/example_dags/example_trigger_target_dag.py
[2021-09-21 01:26:42,856] {processor.py:613} INFO - Processing file /home/airflow/.local/lib/python3.6/site-packages/airflow/example_dags/example_trigger_target_dag.py for tasks to queue
[2021-09-21 01:26:42,858] {logging_mixin.py:109} INFO - [2021-09-21 01:26:42,858] {dagbag.py:496} INFO - Filling up the DagBag from /home/airflow/.local/lib/python3.6/site-packages/airflow/example_dags/example_trigger_target_dag.py
[2021-09-21 01:26:42,876] {processor.py:623} INFO - DAG(s) dict_keys(['example_trigger_target_dag']) retrieved from /home/airflow/.local/lib/python3.6/site-packages/airflow/example_dags/example_trigger_target_dag.py
[2021-09-21 01:26:42,906] {logging_mixin.py:109} INFO - [2021-09-21 01:26:42,905] {dag.py:1834} INFO - Sync 1 DAGs
[2021-09-21 01:26:42,932] {logging_mixin.py:109} INFO - [2021-09-21 01:26:42,932] {dag.py:2287} INFO - Setting next_dagrun for example_trigger_target_dag to None
[2021-09-21 01:26:42,944] {processor.py:170} INFO - Processing /home/airflow/.local/lib/python3.6/site-packages/airflow/example_dags/example_trigger_target_dag.py took 0.094 seconds
[2021-09-21 01:27:19,877] {processor.py:162} INFO - Started process (PID=1364) to work on /home/airflow/.local/lib/python3.6/site-packages/airflow/example_dags/example_trigger_target_dag.py
[2021-09-21 01:27:19,892] {processor.py:613} INFO - Processing file /home/airflow/.local/lib/python3.6/site-packages/airflow/example_dags/example_trigger_target_dag.py for tasks to queue
[2021-09-21 01:27:19,918] {logging_mixin.py:109} INFO - [2021-09-21 01:27:19,917] {dagbag.py:496} INFO - Filling up the DagBag from /home/airflow/.local/lib/python3.6/site-packages/airflow/example_dags/example_trigger_target_dag.py
[2021-09-21 01:27:20,338] {processor.py:623} INFO - DAG(s) dict_keys(['example_trigger_target_dag']) retrieved from /home/airflow/.local/lib/python3.6/site-packages/airflow/example_dags/example_trigger_target_dag.py
[2021-09-21 01:27:20,566] {logging_mixin.py:109} INFO - [2021-09-21 01:27:20,566] {dag.py:1834} INFO - Sync 1 DAGs
[2021-09-21 01:27:20,653] {logging_mixin.py:109} INFO - [2021-09-21 01:27:20,653] {dag.py:2287} INFO - Setting next_dagrun for example_trigger_target_dag to None
[2021-09-21 01:27:20,711] {processor.py:170} INFO - Processing /home/airflow/.local/lib/python3.6/site-packages/airflow/example_dags/example_trigger_target_dag.py took 0.879 seconds
[2021-09-21 01:27:51,530] {processor.py:162} INFO - Started process (PID=1423) to work on /home/airflow/.local/lib/python3.6/site-packages/airflow/example_dags/example_trigger_target_dag.py
[2021-09-21 01:27:51,533] {processor.py:613} INFO - Processing file /home/airflow/.local/lib/python3.6/site-packages/airflow/example_dags/example_trigger_target_dag.py for tasks to queue
[2021-09-21 01:27:51,534] {logging_mixin.py:109} INFO - [2021-09-21 01:27:51,534] {dagbag.py:496} INFO - Filling up the DagBag from /home/airflow/.local/lib/python3.6/site-packages/airflow/example_dags/example_trigger_target_dag.py
[2021-09-21 01:27:51,557] {processor.py:623} INFO - DAG(s) dict_keys(['example_trigger_target_dag']) retrieved from /home/airflow/.local/lib/python3.6/site-packages/airflow/example_dags/example_trigger_target_dag.py
[2021-09-21 01:27:51,589] {logging_mixin.py:109} INFO - [2021-09-21 01:27:51,589] {dag.py:1834} INFO - Sync 1 DAGs
[2021-09-21 01:27:51,613] {logging_mixin.py:109} INFO - [2021-09-21 01:27:51,613] {dag.py:2287} INFO - Setting next_dagrun for example_trigger_target_dag to None
[2021-09-21 01:27:51,626] {processor.py:170} INFO - Processing /home/airflow/.local/lib/python3.6/site-packages/airflow/example_dags/example_trigger_target_dag.py took 0.107 seconds
[2021-09-21 01:28:22,185] {processor.py:162} INFO - Started process (PID=1477) to work on /home/airflow/.local/lib/python3.6/site-packages/airflow/example_dags/example_trigger_target_dag.py
[2021-09-21 01:28:22,187] {processor.py:613} INFO - Processing file /home/airflow/.local/lib/python3.6/site-packages/airflow/example_dags/example_trigger_target_dag.py for tasks to queue
[2021-09-21 01:28:22,190] {logging_mixin.py:109} INFO - [2021-09-21 01:28:22,190] {dagbag.py:496} INFO - Filling up the DagBag from /home/airflow/.local/lib/python3.6/site-packages/airflow/example_dags/example_trigger_target_dag.py
[2021-09-21 01:28:22,214] {processor.py:623} INFO - DAG(s) dict_keys(['example_trigger_target_dag']) retrieved from /home/airflow/.local/lib/python3.6/site-packages/airflow/example_dags/example_trigger_target_dag.py
[2021-09-21 01:28:22,249] {logging_mixin.py:109} INFO - [2021-09-21 01:28:22,249] {dag.py:1834} INFO - Sync 1 DAGs
[2021-09-21 01:28:22,271] {logging_mixin.py:109} INFO - [2021-09-21 01:28:22,271] {dag.py:2287} INFO - Setting next_dagrun for example_trigger_target_dag to None
[2021-09-21 01:28:22,286] {processor.py:170} INFO - Processing /home/airflow/.local/lib/python3.6/site-packages/airflow/example_dags/example_trigger_target_dag.py took 0.106 seconds
[2021-09-21 01:28:52,823] {processor.py:162} INFO - Started process (PID=1540) to work on /home/airflow/.local/lib/python3.6/site-packages/airflow/example_dags/example_trigger_target_dag.py
[2021-09-21 01:28:52,827] {processor.py:613} INFO - Processing file /home/airflow/.local/lib/python3.6/site-packages/airflow/example_dags/example_trigger_target_dag.py for tasks to queue
[2021-09-21 01:28:52,828] {logging_mixin.py:109} INFO - [2021-09-21 01:28:52,828] {dagbag.py:496} INFO - Filling up the DagBag from /home/airflow/.local/lib/python3.6/site-packages/airflow/example_dags/example_trigger_target_dag.py
[2021-09-21 01:28:52,842] {processor.py:623} INFO - DAG(s) dict_keys(['example_trigger_target_dag']) retrieved from /home/airflow/.local/lib/python3.6/site-packages/airflow/example_dags/example_trigger_target_dag.py
[2021-09-21 01:28:52,866] {logging_mixin.py:109} INFO - [2021-09-21 01:28:52,865] {dag.py:1834} INFO - Sync 1 DAGs
[2021-09-21 01:28:52,881] {logging_mixin.py:109} INFO - [2021-09-21 01:28:52,881] {dag.py:2287} INFO - Setting next_dagrun for example_trigger_target_dag to None
[2021-09-21 01:28:52,893] {processor.py:170} INFO - Processing /home/airflow/.local/lib/python3.6/site-packages/airflow/example_dags/example_trigger_target_dag.py took 0.074 seconds
[2021-09-21 01:29:23,720] {processor.py:162} INFO - Started process (PID=1594) to work on /home/airflow/.local/lib/python3.6/site-packages/airflow/example_dags/example_trigger_target_dag.py
[2021-09-21 01:29:23,722] {processor.py:613} INFO - Processing file /home/airflow/.local/lib/python3.6/site-packages/airflow/example_dags/example_trigger_target_dag.py for tasks to queue
[2021-09-21 01:29:23,723] {logging_mixin.py:109} INFO - [2021-09-21 01:29:23,723] {dagbag.py:496} INFO - Filling up the DagBag from /home/airflow/.local/lib/python3.6/site-packages/airflow/example_dags/example_trigger_target_dag.py
[2021-09-21 01:29:23,738] {processor.py:623} INFO - DAG(s) dict_keys(['example_trigger_target_dag']) retrieved from /home/airflow/.local/lib/python3.6/site-packages/airflow/example_dags/example_trigger_target_dag.py
[2021-09-21 01:29:23,761] {logging_mixin.py:109} INFO - [2021-09-21 01:29:23,761] {dag.py:1834} INFO - Sync 1 DAGs
[2021-09-21 01:29:23,777] {logging_mixin.py:109} INFO - [2021-09-21 01:29:23,777] {dag.py:2287} INFO - Setting next_dagrun for example_trigger_target_dag to None
[2021-09-21 01:29:23,789] {processor.py:170} INFO - Processing /home/airflow/.local/lib/python3.6/site-packages/airflow/example_dags/example_trigger_target_dag.py took 0.073 seconds
[2021-09-21 01:29:54,030] {processor.py:162} INFO - Started process (PID=1658) to work on /home/airflow/.local/lib/python3.6/site-packages/airflow/example_dags/example_trigger_target_dag.py
[2021-09-21 01:29:54,034] {processor.py:613} INFO - Processing file /home/airflow/.local/lib/python3.6/site-packages/airflow/example_dags/example_trigger_target_dag.py for tasks to queue
[2021-09-21 01:29:54,036] {logging_mixin.py:109} INFO - [2021-09-21 01:29:54,036] {dagbag.py:496} INFO - Filling up the DagBag from /home/airflow/.local/lib/python3.6/site-packages/airflow/example_dags/example_trigger_target_dag.py
[2021-09-21 01:29:54,079] {processor.py:623} INFO - DAG(s) dict_keys(['example_trigger_target_dag']) retrieved from /home/airflow/.local/lib/python3.6/site-packages/airflow/example_dags/example_trigger_target_dag.py
[2021-09-21 01:29:54,133] {logging_mixin.py:109} INFO - [2021-09-21 01:29:54,133] {dag.py:1834} INFO - Sync 1 DAGs
[2021-09-21 01:29:54,160] {logging_mixin.py:109} INFO - [2021-09-21 01:29:54,159] {dag.py:2287} INFO - Setting next_dagrun for example_trigger_target_dag to None
[2021-09-21 01:29:54,178] {processor.py:170} INFO - Processing /home/airflow/.local/lib/python3.6/site-packages/airflow/example_dags/example_trigger_target_dag.py took 0.153 seconds
[2021-09-21 01:30:24,913] {processor.py:162} INFO - Started process (PID=1711) to work on /home/airflow/.local/lib/python3.6/site-packages/airflow/example_dags/example_trigger_target_dag.py
[2021-09-21 01:30:24,915] {processor.py:613} INFO - Processing file /home/airflow/.local/lib/python3.6/site-packages/airflow/example_dags/example_trigger_target_dag.py for tasks to queue
[2021-09-21 01:30:24,917] {logging_mixin.py:109} INFO - [2021-09-21 01:30:24,917] {dagbag.py:496} INFO - Filling up the DagBag from /home/airflow/.local/lib/python3.6/site-packages/airflow/example_dags/example_trigger_target_dag.py
[2021-09-21 01:30:24,935] {processor.py:623} INFO - DAG(s) dict_keys(['example_trigger_target_dag']) retrieved from /home/airflow/.local/lib/python3.6/site-packages/airflow/example_dags/example_trigger_target_dag.py
[2021-09-21 01:30:24,962] {logging_mixin.py:109} INFO - [2021-09-21 01:30:24,962] {dag.py:1834} INFO - Sync 1 DAGs
[2021-09-21 01:30:24,989] {logging_mixin.py:109} INFO - [2021-09-21 01:30:24,988] {dag.py:2287} INFO - Setting next_dagrun for example_trigger_target_dag to None
[2021-09-21 01:30:25,001] {processor.py:170} INFO - Processing /home/airflow/.local/lib/python3.6/site-packages/airflow/example_dags/example_trigger_target_dag.py took 0.092 seconds
[2021-09-21 01:30:55,067] {processor.py:162} INFO - Started process (PID=1773) to work on /home/airflow/.local/lib/python3.6/site-packages/airflow/example_dags/example_trigger_target_dag.py
[2021-09-21 01:30:55,071] {processor.py:613} INFO - Processing file /home/airflow/.local/lib/python3.6/site-packages/airflow/example_dags/example_trigger_target_dag.py for tasks to queue
[2021-09-21 01:30:55,073] {logging_mixin.py:109} INFO - [2021-09-21 01:30:55,072] {dagbag.py:496} INFO - Filling up the DagBag from /home/airflow/.local/lib/python3.6/site-packages/airflow/example_dags/example_trigger_target_dag.py
[2021-09-21 01:30:55,089] {processor.py:623} INFO - DAG(s) dict_keys(['example_trigger_target_dag']) retrieved from /home/airflow/.local/lib/python3.6/site-packages/airflow/example_dags/example_trigger_target_dag.py
[2021-09-21 01:30:55,116] {logging_mixin.py:109} INFO - [2021-09-21 01:30:55,116] {dag.py:1834} INFO - Sync 1 DAGs
[2021-09-21 01:30:55,132] {logging_mixin.py:109} INFO - [2021-09-21 01:30:55,131] {dag.py:2287} INFO - Setting next_dagrun for example_trigger_target_dag to None
[2021-09-21 01:30:55,144] {processor.py:170} INFO - Processing /home/airflow/.local/lib/python3.6/site-packages/airflow/example_dags/example_trigger_target_dag.py took 0.086 seconds
[2021-09-21 01:31:25,342] {processor.py:162} INFO - Started process (PID=1837) to work on /home/airflow/.local/lib/python3.6/site-packages/airflow/example_dags/example_trigger_target_dag.py
[2021-09-21 01:31:25,344] {processor.py:613} INFO - Processing file /home/airflow/.local/lib/python3.6/site-packages/airflow/example_dags/example_trigger_target_dag.py for tasks to queue
[2021-09-21 01:31:25,346] {logging_mixin.py:109} INFO - [2021-09-21 01:31:25,345] {dagbag.py:496} INFO - Filling up the DagBag from /home/airflow/.local/lib/python3.6/site-packages/airflow/example_dags/example_trigger_target_dag.py
[2021-09-21 01:31:25,360] {processor.py:623} INFO - DAG(s) dict_keys(['example_trigger_target_dag']) retrieved from /home/airflow/.local/lib/python3.6/site-packages/airflow/example_dags/example_trigger_target_dag.py
[2021-09-21 01:31:25,383] {logging_mixin.py:109} INFO - [2021-09-21 01:31:25,383] {dag.py:1834} INFO - Sync 1 DAGs
[2021-09-21 01:31:25,397] {logging_mixin.py:109} INFO - [2021-09-21 01:31:25,397] {dag.py:2287} INFO - Setting next_dagrun for example_trigger_target_dag to None
[2021-09-21 01:31:25,407] {processor.py:170} INFO - Processing /home/airflow/.local/lib/python3.6/site-packages/airflow/example_dags/example_trigger_target_dag.py took 0.069 seconds
[2021-09-21 01:31:56,307] {processor.py:162} INFO - Started process (PID=1890) to work on /home/airflow/.local/lib/python3.6/site-packages/airflow/example_dags/example_trigger_target_dag.py
[2021-09-21 01:31:56,309] {processor.py:613} INFO - Processing file /home/airflow/.local/lib/python3.6/site-packages/airflow/example_dags/example_trigger_target_dag.py for tasks to queue
[2021-09-21 01:31:56,311] {logging_mixin.py:109} INFO - [2021-09-21 01:31:56,311] {dagbag.py:496} INFO - Filling up the DagBag from /home/airflow/.local/lib/python3.6/site-packages/airflow/example_dags/example_trigger_target_dag.py
[2021-09-21 01:31:56,328] {processor.py:623} INFO - DAG(s) dict_keys(['example_trigger_target_dag']) retrieved from /home/airflow/.local/lib/python3.6/site-packages/airflow/example_dags/example_trigger_target_dag.py
[2021-09-21 01:31:56,352] {logging_mixin.py:109} INFO - [2021-09-21 01:31:56,352] {dag.py:1834} INFO - Sync 1 DAGs
[2021-09-21 01:31:56,374] {logging_mixin.py:109} INFO - [2021-09-21 01:31:56,374] {dag.py:2287} INFO - Setting next_dagrun for example_trigger_target_dag to None
[2021-09-21 01:31:56,394] {processor.py:170} INFO - Processing /home/airflow/.local/lib/python3.6/site-packages/airflow/example_dags/example_trigger_target_dag.py took 0.091 seconds
[2021-09-21 01:32:26,866] {processor.py:162} INFO - Started process (PID=1952) to work on /home/airflow/.local/lib/python3.6/site-packages/airflow/example_dags/example_trigger_target_dag.py
[2021-09-21 01:32:26,868] {processor.py:613} INFO - Processing file /home/airflow/.local/lib/python3.6/site-packages/airflow/example_dags/example_trigger_target_dag.py for tasks to queue
[2021-09-21 01:32:26,870] {logging_mixin.py:109} INFO - [2021-09-21 01:32:26,869] {dagbag.py:496} INFO - Filling up the DagBag from /home/airflow/.local/lib/python3.6/site-packages/airflow/example_dags/example_trigger_target_dag.py
[2021-09-21 01:32:26,885] {processor.py:623} INFO - DAG(s) dict_keys(['example_trigger_target_dag']) retrieved from /home/airflow/.local/lib/python3.6/site-packages/airflow/example_dags/example_trigger_target_dag.py
[2021-09-21 01:32:26,908] {logging_mixin.py:109} INFO - [2021-09-21 01:32:26,908] {dag.py:1834} INFO - Sync 1 DAGs
[2021-09-21 01:32:26,927] {logging_mixin.py:109} INFO - [2021-09-21 01:32:26,927] {dag.py:2287} INFO - Setting next_dagrun for example_trigger_target_dag to None
[2021-09-21 01:32:26,938] {processor.py:170} INFO - Processing /home/airflow/.local/lib/python3.6/site-packages/airflow/example_dags/example_trigger_target_dag.py took 0.075 seconds
[2021-09-21 01:32:57,646] {processor.py:162} INFO - Started process (PID=2006) to work on /home/airflow/.local/lib/python3.6/site-packages/airflow/example_dags/example_trigger_target_dag.py
[2021-09-21 01:32:57,648] {processor.py:613} INFO - Processing file /home/airflow/.local/lib/python3.6/site-packages/airflow/example_dags/example_trigger_target_dag.py for tasks to queue
[2021-09-21 01:32:57,650] {logging_mixin.py:109} INFO - [2021-09-21 01:32:57,650] {dagbag.py:496} INFO - Filling up the DagBag from /home/airflow/.local/lib/python3.6/site-packages/airflow/example_dags/example_trigger_target_dag.py
[2021-09-21 01:32:57,666] {processor.py:623} INFO - DAG(s) dict_keys(['example_trigger_target_dag']) retrieved from /home/airflow/.local/lib/python3.6/site-packages/airflow/example_dags/example_trigger_target_dag.py
[2021-09-21 01:32:57,703] {logging_mixin.py:109} INFO - [2021-09-21 01:32:57,703] {dag.py:1834} INFO - Sync 1 DAGs
[2021-09-21 01:32:57,721] {logging_mixin.py:109} INFO - [2021-09-21 01:32:57,721] {dag.py:2287} INFO - Setting next_dagrun for example_trigger_target_dag to None
[2021-09-21 01:32:57,733] {processor.py:170} INFO - Processing /home/airflow/.local/lib/python3.6/site-packages/airflow/example_dags/example_trigger_target_dag.py took 0.090 seconds
[2021-09-21 01:33:28,484] {processor.py:162} INFO - Started process (PID=2071) to work on /home/airflow/.local/lib/python3.6/site-packages/airflow/example_dags/example_trigger_target_dag.py
[2021-09-21 01:33:28,486] {processor.py:613} INFO - Processing file /home/airflow/.local/lib/python3.6/site-packages/airflow/example_dags/example_trigger_target_dag.py for tasks to queue
[2021-09-21 01:33:28,487] {logging_mixin.py:109} INFO - [2021-09-21 01:33:28,487] {dagbag.py:496} INFO - Filling up the DagBag from /home/airflow/.local/lib/python3.6/site-packages/airflow/example_dags/example_trigger_target_dag.py
[2021-09-21 01:33:28,502] {processor.py:623} INFO - DAG(s) dict_keys(['example_trigger_target_dag']) retrieved from /home/airflow/.local/lib/python3.6/site-packages/airflow/example_dags/example_trigger_target_dag.py
[2021-09-21 01:33:28,526] {logging_mixin.py:109} INFO - [2021-09-21 01:33:28,526] {dag.py:1834} INFO - Sync 1 DAGs
[2021-09-21 01:33:28,541] {logging_mixin.py:109} INFO - [2021-09-21 01:33:28,541] {dag.py:2287} INFO - Setting next_dagrun for example_trigger_target_dag to None
[2021-09-21 01:33:28,553] {processor.py:170} INFO - Processing /home/airflow/.local/lib/python3.6/site-packages/airflow/example_dags/example_trigger_target_dag.py took 0.074 seconds
[2021-09-21 01:33:59,196] {processor.py:162} INFO - Started process (PID=2135) to work on /home/airflow/.local/lib/python3.6/site-packages/airflow/example_dags/example_trigger_target_dag.py
[2021-09-21 01:33:59,199] {processor.py:613} INFO - Processing file /home/airflow/.local/lib/python3.6/site-packages/airflow/example_dags/example_trigger_target_dag.py for tasks to queue
[2021-09-21 01:33:59,200] {logging_mixin.py:109} INFO - [2021-09-21 01:33:59,200] {dagbag.py:496} INFO - Filling up the DagBag from /home/airflow/.local/lib/python3.6/site-packages/airflow/example_dags/example_trigger_target_dag.py
[2021-09-21 01:33:59,216] {processor.py:623} INFO - DAG(s) dict_keys(['example_trigger_target_dag']) retrieved from /home/airflow/.local/lib/python3.6/site-packages/airflow/example_dags/example_trigger_target_dag.py
[2021-09-21 01:33:59,243] {logging_mixin.py:109} INFO - [2021-09-21 01:33:59,243] {dag.py:1834} INFO - Sync 1 DAGs
[2021-09-21 01:33:59,258] {logging_mixin.py:109} INFO - [2021-09-21 01:33:59,258] {dag.py:2287} INFO - Setting next_dagrun for example_trigger_target_dag to None
[2021-09-21 01:33:59,269] {processor.py:170} INFO - Processing /home/airflow/.local/lib/python3.6/site-packages/airflow/example_dags/example_trigger_target_dag.py took 0.077 seconds
[2021-09-21 01:34:29,789] {processor.py:162} INFO - Started process (PID=2187) to work on /home/airflow/.local/lib/python3.6/site-packages/airflow/example_dags/example_trigger_target_dag.py
[2021-09-21 01:34:29,793] {processor.py:613} INFO - Processing file /home/airflow/.local/lib/python3.6/site-packages/airflow/example_dags/example_trigger_target_dag.py for tasks to queue
[2021-09-21 01:34:29,794] {logging_mixin.py:109} INFO - [2021-09-21 01:34:29,794] {dagbag.py:496} INFO - Filling up the DagBag from /home/airflow/.local/lib/python3.6/site-packages/airflow/example_dags/example_trigger_target_dag.py
[2021-09-21 01:34:29,814] {processor.py:623} INFO - DAG(s) dict_keys(['example_trigger_target_dag']) retrieved from /home/airflow/.local/lib/python3.6/site-packages/airflow/example_dags/example_trigger_target_dag.py
[2021-09-21 01:34:29,842] {logging_mixin.py:109} INFO - [2021-09-21 01:34:29,842] {dag.py:1834} INFO - Sync 1 DAGs
[2021-09-21 01:34:29,863] {logging_mixin.py:109} INFO - [2021-09-21 01:34:29,863] {dag.py:2287} INFO - Setting next_dagrun for example_trigger_target_dag to None
[2021-09-21 01:34:29,875] {processor.py:170} INFO - Processing /home/airflow/.local/lib/python3.6/site-packages/airflow/example_dags/example_trigger_target_dag.py took 0.090 seconds
[2021-09-21 01:35:00,116] {processor.py:162} INFO - Started process (PID=2250) to work on /home/airflow/.local/lib/python3.6/site-packages/airflow/example_dags/example_trigger_target_dag.py
[2021-09-21 01:35:00,118] {processor.py:613} INFO - Processing file /home/airflow/.local/lib/python3.6/site-packages/airflow/example_dags/example_trigger_target_dag.py for tasks to queue
[2021-09-21 01:35:00,119] {logging_mixin.py:109} INFO - [2021-09-21 01:35:00,119] {dagbag.py:496} INFO - Filling up the DagBag from /home/airflow/.local/lib/python3.6/site-packages/airflow/example_dags/example_trigger_target_dag.py
[2021-09-21 01:35:00,134] {processor.py:623} INFO - DAG(s) dict_keys(['example_trigger_target_dag']) retrieved from /home/airflow/.local/lib/python3.6/site-packages/airflow/example_dags/example_trigger_target_dag.py
[2021-09-21 01:35:00,157] {logging_mixin.py:109} INFO - [2021-09-21 01:35:00,157] {dag.py:1834} INFO - Sync 1 DAGs
[2021-09-21 01:35:00,172] {logging_mixin.py:109} INFO - [2021-09-21 01:35:00,172] {dag.py:2287} INFO - Setting next_dagrun for example_trigger_target_dag to None
[2021-09-21 01:35:00,183] {processor.py:170} INFO - Processing /home/airflow/.local/lib/python3.6/site-packages/airflow/example_dags/example_trigger_target_dag.py took 0.071 seconds
[2021-09-21 01:35:30,749] {processor.py:162} INFO - Started process (PID=2303) to work on /home/airflow/.local/lib/python3.6/site-packages/airflow/example_dags/example_trigger_target_dag.py
[2021-09-21 01:35:30,751] {processor.py:613} INFO - Processing file /home/airflow/.local/lib/python3.6/site-packages/airflow/example_dags/example_trigger_target_dag.py for tasks to queue
[2021-09-21 01:35:30,752] {logging_mixin.py:109} INFO - [2021-09-21 01:35:30,752] {dagbag.py:496} INFO - Filling up the DagBag from /home/airflow/.local/lib/python3.6/site-packages/airflow/example_dags/example_trigger_target_dag.py
[2021-09-21 01:35:30,766] {processor.py:623} INFO - DAG(s) dict_keys(['example_trigger_target_dag']) retrieved from /home/airflow/.local/lib/python3.6/site-packages/airflow/example_dags/example_trigger_target_dag.py
[2021-09-21 01:35:30,791] {logging_mixin.py:109} INFO - [2021-09-21 01:35:30,790] {dag.py:1834} INFO - Sync 1 DAGs
[2021-09-21 01:35:30,805] {logging_mixin.py:109} INFO - [2021-09-21 01:35:30,805] {dag.py:2287} INFO - Setting next_dagrun for example_trigger_target_dag to None
[2021-09-21 01:35:30,814] {processor.py:170} INFO - Processing /home/airflow/.local/lib/python3.6/site-packages/airflow/example_dags/example_trigger_target_dag.py took 0.069 seconds
[2021-09-21 01:36:01,677] {processor.py:162} INFO - Started process (PID=2367) to work on /home/airflow/.local/lib/python3.6/site-packages/airflow/example_dags/example_trigger_target_dag.py
[2021-09-21 01:36:01,679] {processor.py:613} INFO - Processing file /home/airflow/.local/lib/python3.6/site-packages/airflow/example_dags/example_trigger_target_dag.py for tasks to queue
[2021-09-21 01:36:01,681] {logging_mixin.py:109} INFO - [2021-09-21 01:36:01,680] {dagbag.py:496} INFO - Filling up the DagBag from /home/airflow/.local/lib/python3.6/site-packages/airflow/example_dags/example_trigger_target_dag.py
[2021-09-21 01:36:01,696] {processor.py:623} INFO - DAG(s) dict_keys(['example_trigger_target_dag']) retrieved from /home/airflow/.local/lib/python3.6/site-packages/airflow/example_dags/example_trigger_target_dag.py
[2021-09-21 01:36:01,718] {logging_mixin.py:109} INFO - [2021-09-21 01:36:01,718] {dag.py:1834} INFO - Sync 1 DAGs
[2021-09-21 01:36:01,747] {logging_mixin.py:109} INFO - [2021-09-21 01:36:01,747] {dag.py:2287} INFO - Setting next_dagrun for example_trigger_target_dag to None
[2021-09-21 01:36:01,764] {processor.py:170} INFO - Processing /home/airflow/.local/lib/python3.6/site-packages/airflow/example_dags/example_trigger_target_dag.py took 0.092 seconds
[2021-09-21 01:36:33,002] {processor.py:162} INFO - Started process (PID=2434) to work on /home/airflow/.local/lib/python3.6/site-packages/airflow/example_dags/example_trigger_target_dag.py
[2021-09-21 01:36:33,006] {processor.py:613} INFO - Processing file /home/airflow/.local/lib/python3.6/site-packages/airflow/example_dags/example_trigger_target_dag.py for tasks to queue
[2021-09-21 01:36:33,020] {logging_mixin.py:109} INFO - [2021-09-21 01:36:33,019] {dagbag.py:496} INFO - Filling up the DagBag from /home/airflow/.local/lib/python3.6/site-packages/airflow/example_dags/example_trigger_target_dag.py
[2021-09-21 01:36:33,061] {processor.py:623} INFO - DAG(s) dict_keys(['example_trigger_target_dag']) retrieved from /home/airflow/.local/lib/python3.6/site-packages/airflow/example_dags/example_trigger_target_dag.py
[2021-09-21 01:36:33,120] {logging_mixin.py:109} INFO - [2021-09-21 01:36:33,119] {dag.py:1834} INFO - Sync 1 DAGs
[2021-09-21 01:36:33,160] {logging_mixin.py:109} INFO - [2021-09-21 01:36:33,160] {dag.py:2287} INFO - Setting next_dagrun for example_trigger_target_dag to None
[2021-09-21 01:36:33,188] {processor.py:170} INFO - Processing /home/airflow/.local/lib/python3.6/site-packages/airflow/example_dags/example_trigger_target_dag.py took 0.194 seconds
[2021-09-21 01:37:03,481] {processor.py:162} INFO - Started process (PID=2488) to work on /home/airflow/.local/lib/python3.6/site-packages/airflow/example_dags/example_trigger_target_dag.py
[2021-09-21 01:37:03,483] {processor.py:613} INFO - Processing file /home/airflow/.local/lib/python3.6/site-packages/airflow/example_dags/example_trigger_target_dag.py for tasks to queue
[2021-09-21 01:37:03,485] {logging_mixin.py:109} INFO - [2021-09-21 01:37:03,484] {dagbag.py:496} INFO - Filling up the DagBag from /home/airflow/.local/lib/python3.6/site-packages/airflow/example_dags/example_trigger_target_dag.py
[2021-09-21 01:37:03,502] {processor.py:623} INFO - DAG(s) dict_keys(['example_trigger_target_dag']) retrieved from /home/airflow/.local/lib/python3.6/site-packages/airflow/example_dags/example_trigger_target_dag.py
[2021-09-21 01:37:03,527] {logging_mixin.py:109} INFO - [2021-09-21 01:37:03,527] {dag.py:1834} INFO - Sync 1 DAGs
[2021-09-21 01:37:03,543] {logging_mixin.py:109} INFO - [2021-09-21 01:37:03,542] {dag.py:2287} INFO - Setting next_dagrun for example_trigger_target_dag to None
[2021-09-21 01:37:03,555] {processor.py:170} INFO - Processing /home/airflow/.local/lib/python3.6/site-packages/airflow/example_dags/example_trigger_target_dag.py took 0.077 seconds
[2021-09-21 01:37:34,488] {processor.py:162} INFO - Started process (PID=2540) to work on /home/airflow/.local/lib/python3.6/site-packages/airflow/example_dags/example_trigger_target_dag.py
[2021-09-21 01:37:34,490] {processor.py:613} INFO - Processing file /home/airflow/.local/lib/python3.6/site-packages/airflow/example_dags/example_trigger_target_dag.py for tasks to queue
[2021-09-21 01:37:34,491] {logging_mixin.py:109} INFO - [2021-09-21 01:37:34,491] {dagbag.py:496} INFO - Filling up the DagBag from /home/airflow/.local/lib/python3.6/site-packages/airflow/example_dags/example_trigger_target_dag.py
[2021-09-21 01:37:34,506] {processor.py:623} INFO - DAG(s) dict_keys(['example_trigger_target_dag']) retrieved from /home/airflow/.local/lib/python3.6/site-packages/airflow/example_dags/example_trigger_target_dag.py
[2021-09-21 01:37:34,530] {logging_mixin.py:109} INFO - [2021-09-21 01:37:34,530] {dag.py:1834} INFO - Sync 1 DAGs
[2021-09-21 01:37:34,545] {logging_mixin.py:109} INFO - [2021-09-21 01:37:34,545] {dag.py:2287} INFO - Setting next_dagrun for example_trigger_target_dag to None
[2021-09-21 01:37:34,555] {processor.py:170} INFO - Processing /home/airflow/.local/lib/python3.6/site-packages/airflow/example_dags/example_trigger_target_dag.py took 0.071 seconds
[2021-09-21 01:38:05,208] {processor.py:162} INFO - Started process (PID=2605) to work on /home/airflow/.local/lib/python3.6/site-packages/airflow/example_dags/example_trigger_target_dag.py
[2021-09-21 01:38:05,210] {processor.py:613} INFO - Processing file /home/airflow/.local/lib/python3.6/site-packages/airflow/example_dags/example_trigger_target_dag.py for tasks to queue
[2021-09-21 01:38:05,211] {logging_mixin.py:109} INFO - [2021-09-21 01:38:05,211] {dagbag.py:496} INFO - Filling up the DagBag from /home/airflow/.local/lib/python3.6/site-packages/airflow/example_dags/example_trigger_target_dag.py
[2021-09-21 01:38:05,226] {processor.py:623} INFO - DAG(s) dict_keys(['example_trigger_target_dag']) retrieved from /home/airflow/.local/lib/python3.6/site-packages/airflow/example_dags/example_trigger_target_dag.py
[2021-09-21 01:38:05,250] {logging_mixin.py:109} INFO - [2021-09-21 01:38:05,250] {dag.py:1834} INFO - Sync 1 DAGs
[2021-09-21 01:38:05,265] {logging_mixin.py:109} INFO - [2021-09-21 01:38:05,265] {dag.py:2287} INFO - Setting next_dagrun for example_trigger_target_dag to None
[2021-09-21 01:38:05,275] {processor.py:170} INFO - Processing /home/airflow/.local/lib/python3.6/site-packages/airflow/example_dags/example_trigger_target_dag.py took 0.071 seconds
[2021-09-21 01:38:35,357] {processor.py:162} INFO - Started process (PID=2657) to work on /home/airflow/.local/lib/python3.6/site-packages/airflow/example_dags/example_trigger_target_dag.py
[2021-09-21 01:38:35,359] {processor.py:613} INFO - Processing file /home/airflow/.local/lib/python3.6/site-packages/airflow/example_dags/example_trigger_target_dag.py for tasks to queue
[2021-09-21 01:38:35,361] {logging_mixin.py:109} INFO - [2021-09-21 01:38:35,360] {dagbag.py:496} INFO - Filling up the DagBag from /home/airflow/.local/lib/python3.6/site-packages/airflow/example_dags/example_trigger_target_dag.py
[2021-09-21 01:38:35,379] {processor.py:623} INFO - DAG(s) dict_keys(['example_trigger_target_dag']) retrieved from /home/airflow/.local/lib/python3.6/site-packages/airflow/example_dags/example_trigger_target_dag.py
[2021-09-21 01:38:35,412] {logging_mixin.py:109} INFO - [2021-09-21 01:38:35,411] {dag.py:1834} INFO - Sync 1 DAGs
[2021-09-21 01:38:35,430] {logging_mixin.py:109} INFO - [2021-09-21 01:38:35,430] {dag.py:2287} INFO - Setting next_dagrun for example_trigger_target_dag to None
[2021-09-21 01:38:35,444] {processor.py:170} INFO - Processing /home/airflow/.local/lib/python3.6/site-packages/airflow/example_dags/example_trigger_target_dag.py took 0.092 seconds
[2021-09-21 01:39:05,758] {processor.py:162} INFO - Started process (PID=2721) to work on /home/airflow/.local/lib/python3.6/site-packages/airflow/example_dags/example_trigger_target_dag.py
[2021-09-21 01:39:05,761] {processor.py:613} INFO - Processing file /home/airflow/.local/lib/python3.6/site-packages/airflow/example_dags/example_trigger_target_dag.py for tasks to queue
[2021-09-21 01:39:05,763] {logging_mixin.py:109} INFO - [2021-09-21 01:39:05,763] {dagbag.py:496} INFO - Filling up the DagBag from /home/airflow/.local/lib/python3.6/site-packages/airflow/example_dags/example_trigger_target_dag.py
[2021-09-21 01:39:05,780] {processor.py:623} INFO - DAG(s) dict_keys(['example_trigger_target_dag']) retrieved from /home/airflow/.local/lib/python3.6/site-packages/airflow/example_dags/example_trigger_target_dag.py
[2021-09-21 01:39:05,807] {logging_mixin.py:109} INFO - [2021-09-21 01:39:05,807] {dag.py:1834} INFO - Sync 1 DAGs
[2021-09-21 01:39:05,824] {logging_mixin.py:109} INFO - [2021-09-21 01:39:05,824] {dag.py:2287} INFO - Setting next_dagrun for example_trigger_target_dag to None
[2021-09-21 01:39:05,836] {processor.py:170} INFO - Processing /home/airflow/.local/lib/python3.6/site-packages/airflow/example_dags/example_trigger_target_dag.py took 0.082 seconds
[2021-09-21 01:39:36,264] {processor.py:162} INFO - Started process (PID=2774) to work on /home/airflow/.local/lib/python3.6/site-packages/airflow/example_dags/example_trigger_target_dag.py
[2021-09-21 01:39:36,266] {processor.py:613} INFO - Processing file /home/airflow/.local/lib/python3.6/site-packages/airflow/example_dags/example_trigger_target_dag.py for tasks to queue
[2021-09-21 01:39:36,267] {logging_mixin.py:109} INFO - [2021-09-21 01:39:36,267] {dagbag.py:496} INFO - Filling up the DagBag from /home/airflow/.local/lib/python3.6/site-packages/airflow/example_dags/example_trigger_target_dag.py
[2021-09-21 01:39:36,283] {processor.py:623} INFO - DAG(s) dict_keys(['example_trigger_target_dag']) retrieved from /home/airflow/.local/lib/python3.6/site-packages/airflow/example_dags/example_trigger_target_dag.py
[2021-09-21 01:39:36,311] {logging_mixin.py:109} INFO - [2021-09-21 01:39:36,310] {dag.py:1834} INFO - Sync 1 DAGs
[2021-09-21 01:39:36,325] {logging_mixin.py:109} INFO - [2021-09-21 01:39:36,325] {dag.py:2287} INFO - Setting next_dagrun for example_trigger_target_dag to None
[2021-09-21 01:39:36,335] {processor.py:170} INFO - Processing /home/airflow/.local/lib/python3.6/site-packages/airflow/example_dags/example_trigger_target_dag.py took 0.075 seconds
[2021-09-21 01:40:07,140] {processor.py:162} INFO - Started process (PID=2836) to work on /home/airflow/.local/lib/python3.6/site-packages/airflow/example_dags/example_trigger_target_dag.py
[2021-09-21 01:40:07,142] {processor.py:613} INFO - Processing file /home/airflow/.local/lib/python3.6/site-packages/airflow/example_dags/example_trigger_target_dag.py for tasks to queue
[2021-09-21 01:40:07,143] {logging_mixin.py:109} INFO - [2021-09-21 01:40:07,143] {dagbag.py:496} INFO - Filling up the DagBag from /home/airflow/.local/lib/python3.6/site-packages/airflow/example_dags/example_trigger_target_dag.py
[2021-09-21 01:40:07,161] {processor.py:623} INFO - DAG(s) dict_keys(['example_trigger_target_dag']) retrieved from /home/airflow/.local/lib/python3.6/site-packages/airflow/example_dags/example_trigger_target_dag.py
[2021-09-21 01:40:07,185] {logging_mixin.py:109} INFO - [2021-09-21 01:40:07,185] {dag.py:1834} INFO - Sync 1 DAGs
[2021-09-21 01:40:07,201] {logging_mixin.py:109} INFO - [2021-09-21 01:40:07,201] {dag.py:2287} INFO - Setting next_dagrun for example_trigger_target_dag to None
[2021-09-21 01:40:07,212] {processor.py:170} INFO - Processing /home/airflow/.local/lib/python3.6/site-packages/airflow/example_dags/example_trigger_target_dag.py took 0.076 seconds
[2021-09-21 01:40:37,986] {processor.py:162} INFO - Started process (PID=2899) to work on /home/airflow/.local/lib/python3.6/site-packages/airflow/example_dags/example_trigger_target_dag.py
[2021-09-21 01:40:37,988] {processor.py:613} INFO - Processing file /home/airflow/.local/lib/python3.6/site-packages/airflow/example_dags/example_trigger_target_dag.py for tasks to queue
[2021-09-21 01:40:37,989] {logging_mixin.py:109} INFO - [2021-09-21 01:40:37,989] {dagbag.py:496} INFO - Filling up the DagBag from /home/airflow/.local/lib/python3.6/site-packages/airflow/example_dags/example_trigger_target_dag.py
[2021-09-21 01:40:38,004] {processor.py:623} INFO - DAG(s) dict_keys(['example_trigger_target_dag']) retrieved from /home/airflow/.local/lib/python3.6/site-packages/airflow/example_dags/example_trigger_target_dag.py
[2021-09-21 01:40:38,027] {logging_mixin.py:109} INFO - [2021-09-21 01:40:38,026] {dag.py:1834} INFO - Sync 1 DAGs
[2021-09-21 01:40:38,042] {logging_mixin.py:109} INFO - [2021-09-21 01:40:38,041] {dag.py:2287} INFO - Setting next_dagrun for example_trigger_target_dag to None
[2021-09-21 01:40:38,052] {processor.py:170} INFO - Processing /home/airflow/.local/lib/python3.6/site-packages/airflow/example_dags/example_trigger_target_dag.py took 0.070 seconds
[2021-09-21 01:41:08,854] {processor.py:162} INFO - Started process (PID=2952) to work on /home/airflow/.local/lib/python3.6/site-packages/airflow/example_dags/example_trigger_target_dag.py
[2021-09-21 01:41:08,856] {processor.py:613} INFO - Processing file /home/airflow/.local/lib/python3.6/site-packages/airflow/example_dags/example_trigger_target_dag.py for tasks to queue
[2021-09-21 01:41:08,857] {logging_mixin.py:109} INFO - [2021-09-21 01:41:08,857] {dagbag.py:496} INFO - Filling up the DagBag from /home/airflow/.local/lib/python3.6/site-packages/airflow/example_dags/example_trigger_target_dag.py
[2021-09-21 01:41:08,874] {processor.py:623} INFO - DAG(s) dict_keys(['example_trigger_target_dag']) retrieved from /home/airflow/.local/lib/python3.6/site-packages/airflow/example_dags/example_trigger_target_dag.py
[2021-09-21 01:41:08,898] {logging_mixin.py:109} INFO - [2021-09-21 01:41:08,898] {dag.py:1834} INFO - Sync 1 DAGs
[2021-09-21 01:41:08,912] {logging_mixin.py:109} INFO - [2021-09-21 01:41:08,912] {dag.py:2287} INFO - Setting next_dagrun for example_trigger_target_dag to None
[2021-09-21 01:41:08,923] {processor.py:170} INFO - Processing /home/airflow/.local/lib/python3.6/site-packages/airflow/example_dags/example_trigger_target_dag.py took 0.073 seconds
[2021-09-21 01:41:39,921] {processor.py:162} INFO - Started process (PID=3017) to work on /home/airflow/.local/lib/python3.6/site-packages/airflow/example_dags/example_trigger_target_dag.py
[2021-09-21 01:41:39,924] {processor.py:613} INFO - Processing file /home/airflow/.local/lib/python3.6/site-packages/airflow/example_dags/example_trigger_target_dag.py for tasks to queue
[2021-09-21 01:41:39,926] {logging_mixin.py:109} INFO - [2021-09-21 01:41:39,925] {dagbag.py:496} INFO - Filling up the DagBag from /home/airflow/.local/lib/python3.6/site-packages/airflow/example_dags/example_trigger_target_dag.py
[2021-09-21 01:41:39,949] {processor.py:623} INFO - DAG(s) dict_keys(['example_trigger_target_dag']) retrieved from /home/airflow/.local/lib/python3.6/site-packages/airflow/example_dags/example_trigger_target_dag.py
[2021-09-21 01:41:39,989] {logging_mixin.py:109} INFO - [2021-09-21 01:41:39,989] {dag.py:1834} INFO - Sync 1 DAGs
[2021-09-21 01:41:40,012] {logging_mixin.py:109} INFO - [2021-09-21 01:41:40,012] {dag.py:2287} INFO - Setting next_dagrun for example_trigger_target_dag to None
[2021-09-21 01:41:40,026] {processor.py:170} INFO - Processing /home/airflow/.local/lib/python3.6/site-packages/airflow/example_dags/example_trigger_target_dag.py took 0.111 seconds
[2021-09-21 01:42:10,246] {processor.py:162} INFO - Started process (PID=3082) to work on /home/airflow/.local/lib/python3.6/site-packages/airflow/example_dags/example_trigger_target_dag.py
[2021-09-21 01:42:10,247] {processor.py:613} INFO - Processing file /home/airflow/.local/lib/python3.6/site-packages/airflow/example_dags/example_trigger_target_dag.py for tasks to queue
[2021-09-21 01:42:10,249] {logging_mixin.py:109} INFO - [2021-09-21 01:42:10,249] {dagbag.py:496} INFO - Filling up the DagBag from /home/airflow/.local/lib/python3.6/site-packages/airflow/example_dags/example_trigger_target_dag.py
[2021-09-21 01:42:10,264] {processor.py:623} INFO - DAG(s) dict_keys(['example_trigger_target_dag']) retrieved from /home/airflow/.local/lib/python3.6/site-packages/airflow/example_dags/example_trigger_target_dag.py
[2021-09-21 01:42:10,288] {logging_mixin.py:109} INFO - [2021-09-21 01:42:10,288] {dag.py:1834} INFO - Sync 1 DAGs
[2021-09-21 01:42:10,305] {logging_mixin.py:109} INFO - [2021-09-21 01:42:10,304] {dag.py:2287} INFO - Setting next_dagrun for example_trigger_target_dag to None
[2021-09-21 01:42:10,316] {processor.py:170} INFO - Processing /home/airflow/.local/lib/python3.6/site-packages/airflow/example_dags/example_trigger_target_dag.py took 0.074 seconds
[2021-09-21 01:42:40,506] {processor.py:162} INFO - Started process (PID=3137) to work on /home/airflow/.local/lib/python3.6/site-packages/airflow/example_dags/example_trigger_target_dag.py
[2021-09-21 01:42:40,508] {processor.py:613} INFO - Processing file /home/airflow/.local/lib/python3.6/site-packages/airflow/example_dags/example_trigger_target_dag.py for tasks to queue
[2021-09-21 01:42:40,509] {logging_mixin.py:109} INFO - [2021-09-21 01:42:40,509] {dagbag.py:496} INFO - Filling up the DagBag from /home/airflow/.local/lib/python3.6/site-packages/airflow/example_dags/example_trigger_target_dag.py
[2021-09-21 01:42:40,524] {processor.py:623} INFO - DAG(s) dict_keys(['example_trigger_target_dag']) retrieved from /home/airflow/.local/lib/python3.6/site-packages/airflow/example_dags/example_trigger_target_dag.py
[2021-09-21 01:42:40,548] {logging_mixin.py:109} INFO - [2021-09-21 01:42:40,547] {dag.py:1834} INFO - Sync 1 DAGs
[2021-09-21 01:42:40,567] {logging_mixin.py:109} INFO - [2021-09-21 01:42:40,567] {dag.py:2287} INFO - Setting next_dagrun for example_trigger_target_dag to None
[2021-09-21 01:42:40,577] {processor.py:170} INFO - Processing /home/airflow/.local/lib/python3.6/site-packages/airflow/example_dags/example_trigger_target_dag.py took 0.075 seconds
[2021-09-21 01:43:11,344] {processor.py:162} INFO - Started process (PID=3199) to work on /home/airflow/.local/lib/python3.6/site-packages/airflow/example_dags/example_trigger_target_dag.py
[2021-09-21 01:43:11,346] {processor.py:613} INFO - Processing file /home/airflow/.local/lib/python3.6/site-packages/airflow/example_dags/example_trigger_target_dag.py for tasks to queue
[2021-09-21 01:43:11,348] {logging_mixin.py:109} INFO - [2021-09-21 01:43:11,347] {dagbag.py:496} INFO - Filling up the DagBag from /home/airflow/.local/lib/python3.6/site-packages/airflow/example_dags/example_trigger_target_dag.py
[2021-09-21 01:43:11,366] {processor.py:623} INFO - DAG(s) dict_keys(['example_trigger_target_dag']) retrieved from /home/airflow/.local/lib/python3.6/site-packages/airflow/example_dags/example_trigger_target_dag.py
[2021-09-21 01:43:11,391] {logging_mixin.py:109} INFO - [2021-09-21 01:43:11,391] {dag.py:1834} INFO - Sync 1 DAGs
[2021-09-21 01:43:11,406] {logging_mixin.py:109} INFO - [2021-09-21 01:43:11,406] {dag.py:2287} INFO - Setting next_dagrun for example_trigger_target_dag to None
[2021-09-21 01:43:11,417] {processor.py:170} INFO - Processing /home/airflow/.local/lib/python3.6/site-packages/airflow/example_dags/example_trigger_target_dag.py took 0.078 seconds
[2021-09-21 01:43:41,524] {processor.py:162} INFO - Started process (PID=3251) to work on /home/airflow/.local/lib/python3.6/site-packages/airflow/example_dags/example_trigger_target_dag.py
[2021-09-21 01:43:41,526] {processor.py:613} INFO - Processing file /home/airflow/.local/lib/python3.6/site-packages/airflow/example_dags/example_trigger_target_dag.py for tasks to queue
[2021-09-21 01:43:41,528] {logging_mixin.py:109} INFO - [2021-09-21 01:43:41,528] {dagbag.py:496} INFO - Filling up the DagBag from /home/airflow/.local/lib/python3.6/site-packages/airflow/example_dags/example_trigger_target_dag.py
[2021-09-21 01:43:41,545] {processor.py:623} INFO - DAG(s) dict_keys(['example_trigger_target_dag']) retrieved from /home/airflow/.local/lib/python3.6/site-packages/airflow/example_dags/example_trigger_target_dag.py
[2021-09-21 01:43:41,572] {logging_mixin.py:109} INFO - [2021-09-21 01:43:41,572] {dag.py:1834} INFO - Sync 1 DAGs
[2021-09-21 01:43:41,590] {logging_mixin.py:109} INFO - [2021-09-21 01:43:41,590] {dag.py:2287} INFO - Setting next_dagrun for example_trigger_target_dag to None
[2021-09-21 01:43:41,602] {processor.py:170} INFO - Processing /home/airflow/.local/lib/python3.6/site-packages/airflow/example_dags/example_trigger_target_dag.py took 0.083 seconds
[2021-09-21 01:44:12,179] {processor.py:162} INFO - Started process (PID=3313) to work on /home/airflow/.local/lib/python3.6/site-packages/airflow/example_dags/example_trigger_target_dag.py
[2021-09-21 01:44:12,182] {processor.py:613} INFO - Processing file /home/airflow/.local/lib/python3.6/site-packages/airflow/example_dags/example_trigger_target_dag.py for tasks to queue
[2021-09-21 01:44:12,184] {logging_mixin.py:109} INFO - [2021-09-21 01:44:12,183] {dagbag.py:496} INFO - Filling up the DagBag from /home/airflow/.local/lib/python3.6/site-packages/airflow/example_dags/example_trigger_target_dag.py
[2021-09-21 01:44:12,199] {processor.py:623} INFO - DAG(s) dict_keys(['example_trigger_target_dag']) retrieved from /home/airflow/.local/lib/python3.6/site-packages/airflow/example_dags/example_trigger_target_dag.py
[2021-09-21 01:44:12,224] {logging_mixin.py:109} INFO - [2021-09-21 01:44:12,224] {dag.py:1834} INFO - Sync 1 DAGs
[2021-09-21 01:44:12,240] {logging_mixin.py:109} INFO - [2021-09-21 01:44:12,240] {dag.py:2287} INFO - Setting next_dagrun for example_trigger_target_dag to None
[2021-09-21 01:44:12,251] {processor.py:170} INFO - Processing /home/airflow/.local/lib/python3.6/site-packages/airflow/example_dags/example_trigger_target_dag.py took 0.075 seconds
[2021-09-21 01:44:43,088] {processor.py:162} INFO - Started process (PID=3366) to work on /home/airflow/.local/lib/python3.6/site-packages/airflow/example_dags/example_trigger_target_dag.py
[2021-09-21 01:44:43,090] {processor.py:613} INFO - Processing file /home/airflow/.local/lib/python3.6/site-packages/airflow/example_dags/example_trigger_target_dag.py for tasks to queue
[2021-09-21 01:44:43,091] {logging_mixin.py:109} INFO - [2021-09-21 01:44:43,091] {dagbag.py:496} INFO - Filling up the DagBag from /home/airflow/.local/lib/python3.6/site-packages/airflow/example_dags/example_trigger_target_dag.py
[2021-09-21 01:44:43,107] {processor.py:623} INFO - DAG(s) dict_keys(['example_trigger_target_dag']) retrieved from /home/airflow/.local/lib/python3.6/site-packages/airflow/example_dags/example_trigger_target_dag.py
[2021-09-21 01:44:43,131] {logging_mixin.py:109} INFO - [2021-09-21 01:44:43,131] {dag.py:1834} INFO - Sync 1 DAGs
[2021-09-21 01:44:43,147] {logging_mixin.py:109} INFO - [2021-09-21 01:44:43,147] {dag.py:2287} INFO - Setting next_dagrun for example_trigger_target_dag to None
[2021-09-21 01:44:43,158] {processor.py:170} INFO - Processing /home/airflow/.local/lib/python3.6/site-packages/airflow/example_dags/example_trigger_target_dag.py took 0.073 seconds
[2021-09-21 01:45:14,098] {processor.py:162} INFO - Started process (PID=3430) to work on /home/airflow/.local/lib/python3.6/site-packages/airflow/example_dags/example_trigger_target_dag.py
[2021-09-21 01:45:14,100] {processor.py:613} INFO - Processing file /home/airflow/.local/lib/python3.6/site-packages/airflow/example_dags/example_trigger_target_dag.py for tasks to queue
[2021-09-21 01:45:14,102] {logging_mixin.py:109} INFO - [2021-09-21 01:45:14,102] {dagbag.py:496} INFO - Filling up the DagBag from /home/airflow/.local/lib/python3.6/site-packages/airflow/example_dags/example_trigger_target_dag.py
[2021-09-21 01:45:14,123] {processor.py:623} INFO - DAG(s) dict_keys(['example_trigger_target_dag']) retrieved from /home/airflow/.local/lib/python3.6/site-packages/airflow/example_dags/example_trigger_target_dag.py
[2021-09-21 01:45:14,149] {logging_mixin.py:109} INFO - [2021-09-21 01:45:14,149] {dag.py:1834} INFO - Sync 1 DAGs
[2021-09-21 01:45:14,165] {logging_mixin.py:109} INFO - [2021-09-21 01:45:14,165] {dag.py:2287} INFO - Setting next_dagrun for example_trigger_target_dag to None
[2021-09-21 01:45:14,177] {processor.py:170} INFO - Processing /home/airflow/.local/lib/python3.6/site-packages/airflow/example_dags/example_trigger_target_dag.py took 0.083 seconds
[2021-09-21 01:45:44,963] {processor.py:162} INFO - Started process (PID=3493) to work on /home/airflow/.local/lib/python3.6/site-packages/airflow/example_dags/example_trigger_target_dag.py
[2021-09-21 01:45:44,965] {processor.py:613} INFO - Processing file /home/airflow/.local/lib/python3.6/site-packages/airflow/example_dags/example_trigger_target_dag.py for tasks to queue
[2021-09-21 01:45:44,967] {logging_mixin.py:109} INFO - [2021-09-21 01:45:44,967] {dagbag.py:496} INFO - Filling up the DagBag from /home/airflow/.local/lib/python3.6/site-packages/airflow/example_dags/example_trigger_target_dag.py
[2021-09-21 01:45:44,982] {processor.py:623} INFO - DAG(s) dict_keys(['example_trigger_target_dag']) retrieved from /home/airflow/.local/lib/python3.6/site-packages/airflow/example_dags/example_trigger_target_dag.py
[2021-09-21 01:45:45,007] {logging_mixin.py:109} INFO - [2021-09-21 01:45:45,007] {dag.py:1834} INFO - Sync 1 DAGs
[2021-09-21 01:45:45,022] {logging_mixin.py:109} INFO - [2021-09-21 01:45:45,022] {dag.py:2287} INFO - Setting next_dagrun for example_trigger_target_dag to None
[2021-09-21 01:45:45,032] {processor.py:170} INFO - Processing /home/airflow/.local/lib/python3.6/site-packages/airflow/example_dags/example_trigger_target_dag.py took 0.073 seconds
[2021-09-21 01:46:16,015] {processor.py:162} INFO - Started process (PID=3545) to work on /home/airflow/.local/lib/python3.6/site-packages/airflow/example_dags/example_trigger_target_dag.py
[2021-09-21 01:46:16,017] {processor.py:613} INFO - Processing file /home/airflow/.local/lib/python3.6/site-packages/airflow/example_dags/example_trigger_target_dag.py for tasks to queue
[2021-09-21 01:46:16,019] {logging_mixin.py:109} INFO - [2021-09-21 01:46:16,018] {dagbag.py:496} INFO - Filling up the DagBag from /home/airflow/.local/lib/python3.6/site-packages/airflow/example_dags/example_trigger_target_dag.py
[2021-09-21 01:46:16,044] {processor.py:623} INFO - DAG(s) dict_keys(['example_trigger_target_dag']) retrieved from /home/airflow/.local/lib/python3.6/site-packages/airflow/example_dags/example_trigger_target_dag.py
[2021-09-21 01:46:16,090] {logging_mixin.py:109} INFO - [2021-09-21 01:46:16,090] {dag.py:1834} INFO - Sync 1 DAGs
[2021-09-21 01:46:16,123] {logging_mixin.py:109} INFO - [2021-09-21 01:46:16,123] {dag.py:2287} INFO - Setting next_dagrun for example_trigger_target_dag to None
[2021-09-21 01:46:16,143] {processor.py:170} INFO - Processing /home/airflow/.local/lib/python3.6/site-packages/airflow/example_dags/example_trigger_target_dag.py took 0.137 seconds
[2021-09-21 01:46:46,878] {processor.py:162} INFO - Started process (PID=3610) to work on /home/airflow/.local/lib/python3.6/site-packages/airflow/example_dags/example_trigger_target_dag.py
[2021-09-21 01:46:46,884] {processor.py:613} INFO - Processing file /home/airflow/.local/lib/python3.6/site-packages/airflow/example_dags/example_trigger_target_dag.py for tasks to queue
[2021-09-21 01:46:46,889] {logging_mixin.py:109} INFO - [2021-09-21 01:46:46,888] {dagbag.py:496} INFO - Filling up the DagBag from /home/airflow/.local/lib/python3.6/site-packages/airflow/example_dags/example_trigger_target_dag.py
[2021-09-21 01:46:46,929] {processor.py:623} INFO - DAG(s) dict_keys(['example_trigger_target_dag']) retrieved from /home/airflow/.local/lib/python3.6/site-packages/airflow/example_dags/example_trigger_target_dag.py
[2021-09-21 01:46:47,016] {logging_mixin.py:109} INFO - [2021-09-21 01:46:47,016] {dag.py:1834} INFO - Sync 1 DAGs
[2021-09-21 01:46:47,050] {logging_mixin.py:109} INFO - [2021-09-21 01:46:47,049] {dag.py:2287} INFO - Setting next_dagrun for example_trigger_target_dag to None
[2021-09-21 01:46:47,074] {processor.py:170} INFO - Processing /home/airflow/.local/lib/python3.6/site-packages/airflow/example_dags/example_trigger_target_dag.py took 0.209 seconds
[2021-09-21 01:47:17,120] {processor.py:162} INFO - Started process (PID=3665) to work on /home/airflow/.local/lib/python3.6/site-packages/airflow/example_dags/example_trigger_target_dag.py
[2021-09-21 01:47:17,125] {processor.py:613} INFO - Processing file /home/airflow/.local/lib/python3.6/site-packages/airflow/example_dags/example_trigger_target_dag.py for tasks to queue
[2021-09-21 01:47:17,126] {logging_mixin.py:109} INFO - [2021-09-21 01:47:17,126] {dagbag.py:496} INFO - Filling up the DagBag from /home/airflow/.local/lib/python3.6/site-packages/airflow/example_dags/example_trigger_target_dag.py
[2021-09-21 01:47:17,141] {processor.py:623} INFO - DAG(s) dict_keys(['example_trigger_target_dag']) retrieved from /home/airflow/.local/lib/python3.6/site-packages/airflow/example_dags/example_trigger_target_dag.py
[2021-09-21 01:47:17,166] {logging_mixin.py:109} INFO - [2021-09-21 01:47:17,166] {dag.py:1834} INFO - Sync 1 DAGs
[2021-09-21 01:47:17,183] {logging_mixin.py:109} INFO - [2021-09-21 01:47:17,183] {dag.py:2287} INFO - Setting next_dagrun for example_trigger_target_dag to None
[2021-09-21 01:47:17,194] {processor.py:170} INFO - Processing /home/airflow/.local/lib/python3.6/site-packages/airflow/example_dags/example_trigger_target_dag.py took 0.078 seconds
[2021-09-21 01:47:47,656] {processor.py:162} INFO - Started process (PID=3730) to work on /home/airflow/.local/lib/python3.6/site-packages/airflow/example_dags/example_trigger_target_dag.py
[2021-09-21 01:47:47,658] {processor.py:613} INFO - Processing file /home/airflow/.local/lib/python3.6/site-packages/airflow/example_dags/example_trigger_target_dag.py for tasks to queue
[2021-09-21 01:47:47,659] {logging_mixin.py:109} INFO - [2021-09-21 01:47:47,659] {dagbag.py:496} INFO - Filling up the DagBag from /home/airflow/.local/lib/python3.6/site-packages/airflow/example_dags/example_trigger_target_dag.py
[2021-09-21 01:47:47,674] {processor.py:623} INFO - DAG(s) dict_keys(['example_trigger_target_dag']) retrieved from /home/airflow/.local/lib/python3.6/site-packages/airflow/example_dags/example_trigger_target_dag.py
[2021-09-21 01:47:47,697] {logging_mixin.py:109} INFO - [2021-09-21 01:47:47,697] {dag.py:1834} INFO - Sync 1 DAGs
[2021-09-21 01:47:47,712] {logging_mixin.py:109} INFO - [2021-09-21 01:47:47,711] {dag.py:2287} INFO - Setting next_dagrun for example_trigger_target_dag to None
[2021-09-21 01:47:47,721] {processor.py:170} INFO - Processing /home/airflow/.local/lib/python3.6/site-packages/airflow/example_dags/example_trigger_target_dag.py took 0.069 seconds
[2021-09-21 01:48:17,917] {processor.py:162} INFO - Started process (PID=3782) to work on /home/airflow/.local/lib/python3.6/site-packages/airflow/example_dags/example_trigger_target_dag.py
[2021-09-21 01:48:17,919] {processor.py:613} INFO - Processing file /home/airflow/.local/lib/python3.6/site-packages/airflow/example_dags/example_trigger_target_dag.py for tasks to queue
[2021-09-21 01:48:17,921] {logging_mixin.py:109} INFO - [2021-09-21 01:48:17,921] {dagbag.py:496} INFO - Filling up the DagBag from /home/airflow/.local/lib/python3.6/site-packages/airflow/example_dags/example_trigger_target_dag.py
[2021-09-21 01:48:17,936] {processor.py:623} INFO - DAG(s) dict_keys(['example_trigger_target_dag']) retrieved from /home/airflow/.local/lib/python3.6/site-packages/airflow/example_dags/example_trigger_target_dag.py
[2021-09-21 01:48:17,959] {logging_mixin.py:109} INFO - [2021-09-21 01:48:17,959] {dag.py:1834} INFO - Sync 1 DAGs
[2021-09-21 01:48:17,974] {logging_mixin.py:109} INFO - [2021-09-21 01:48:17,974] {dag.py:2287} INFO - Setting next_dagrun for example_trigger_target_dag to None
[2021-09-21 01:48:17,985] {processor.py:170} INFO - Processing /home/airflow/.local/lib/python3.6/site-packages/airflow/example_dags/example_trigger_target_dag.py took 0.072 seconds
[2021-09-21 01:48:48,088] {processor.py:162} INFO - Started process (PID=3846) to work on /home/airflow/.local/lib/python3.6/site-packages/airflow/example_dags/example_trigger_target_dag.py
[2021-09-21 01:48:48,091] {processor.py:613} INFO - Processing file /home/airflow/.local/lib/python3.6/site-packages/airflow/example_dags/example_trigger_target_dag.py for tasks to queue
[2021-09-21 01:48:48,093] {logging_mixin.py:109} INFO - [2021-09-21 01:48:48,092] {dagbag.py:496} INFO - Filling up the DagBag from /home/airflow/.local/lib/python3.6/site-packages/airflow/example_dags/example_trigger_target_dag.py
[2021-09-21 01:48:48,108] {processor.py:623} INFO - DAG(s) dict_keys(['example_trigger_target_dag']) retrieved from /home/airflow/.local/lib/python3.6/site-packages/airflow/example_dags/example_trigger_target_dag.py
[2021-09-21 01:48:48,132] {logging_mixin.py:109} INFO - [2021-09-21 01:48:48,132] {dag.py:1834} INFO - Sync 1 DAGs
[2021-09-21 01:48:48,146] {logging_mixin.py:109} INFO - [2021-09-21 01:48:48,146] {dag.py:2287} INFO - Setting next_dagrun for example_trigger_target_dag to None
[2021-09-21 01:48:48,157] {processor.py:170} INFO - Processing /home/airflow/.local/lib/python3.6/site-packages/airflow/example_dags/example_trigger_target_dag.py took 0.073 seconds
[2021-09-21 01:49:18,393] {processor.py:162} INFO - Started process (PID=3909) to work on /home/airflow/.local/lib/python3.6/site-packages/airflow/example_dags/example_trigger_target_dag.py
[2021-09-21 01:49:18,395] {processor.py:613} INFO - Processing file /home/airflow/.local/lib/python3.6/site-packages/airflow/example_dags/example_trigger_target_dag.py for tasks to queue
[2021-09-21 01:49:18,396] {logging_mixin.py:109} INFO - [2021-09-21 01:49:18,396] {dagbag.py:496} INFO - Filling up the DagBag from /home/airflow/.local/lib/python3.6/site-packages/airflow/example_dags/example_trigger_target_dag.py
[2021-09-21 01:49:18,416] {processor.py:623} INFO - DAG(s) dict_keys(['example_trigger_target_dag']) retrieved from /home/airflow/.local/lib/python3.6/site-packages/airflow/example_dags/example_trigger_target_dag.py
[2021-09-21 01:49:18,444] {logging_mixin.py:109} INFO - [2021-09-21 01:49:18,444] {dag.py:1834} INFO - Sync 1 DAGs
[2021-09-21 01:49:18,464] {logging_mixin.py:109} INFO - [2021-09-21 01:49:18,463] {dag.py:2287} INFO - Setting next_dagrun for example_trigger_target_dag to None
[2021-09-21 01:49:18,477] {processor.py:170} INFO - Processing /home/airflow/.local/lib/python3.6/site-packages/airflow/example_dags/example_trigger_target_dag.py took 0.088 seconds
[2021-09-21 01:49:48,640] {processor.py:162} INFO - Started process (PID=3960) to work on /home/airflow/.local/lib/python3.6/site-packages/airflow/example_dags/example_trigger_target_dag.py
[2021-09-21 01:49:48,643] {processor.py:613} INFO - Processing file /home/airflow/.local/lib/python3.6/site-packages/airflow/example_dags/example_trigger_target_dag.py for tasks to queue
[2021-09-21 01:49:48,644] {logging_mixin.py:109} INFO - [2021-09-21 01:49:48,644] {dagbag.py:496} INFO - Filling up the DagBag from /home/airflow/.local/lib/python3.6/site-packages/airflow/example_dags/example_trigger_target_dag.py
[2021-09-21 01:49:48,661] {processor.py:623} INFO - DAG(s) dict_keys(['example_trigger_target_dag']) retrieved from /home/airflow/.local/lib/python3.6/site-packages/airflow/example_dags/example_trigger_target_dag.py
[2021-09-21 01:49:48,686] {logging_mixin.py:109} INFO - [2021-09-21 01:49:48,686] {dag.py:1834} INFO - Sync 1 DAGs
[2021-09-21 01:49:48,701] {logging_mixin.py:109} INFO - [2021-09-21 01:49:48,701] {dag.py:2287} INFO - Setting next_dagrun for example_trigger_target_dag to None
[2021-09-21 01:49:48,713] {processor.py:170} INFO - Processing /home/airflow/.local/lib/python3.6/site-packages/airflow/example_dags/example_trigger_target_dag.py took 0.077 seconds
[2021-09-21 01:50:19,163] {processor.py:162} INFO - Started process (PID=4024) to work on /home/airflow/.local/lib/python3.6/site-packages/airflow/example_dags/example_trigger_target_dag.py
[2021-09-21 01:50:19,167] {processor.py:613} INFO - Processing file /home/airflow/.local/lib/python3.6/site-packages/airflow/example_dags/example_trigger_target_dag.py for tasks to queue
[2021-09-21 01:50:19,170] {logging_mixin.py:109} INFO - [2021-09-21 01:50:19,170] {dagbag.py:496} INFO - Filling up the DagBag from /home/airflow/.local/lib/python3.6/site-packages/airflow/example_dags/example_trigger_target_dag.py
[2021-09-21 01:50:19,199] {processor.py:623} INFO - DAG(s) dict_keys(['example_trigger_target_dag']) retrieved from /home/airflow/.local/lib/python3.6/site-packages/airflow/example_dags/example_trigger_target_dag.py
[2021-09-21 01:50:19,264] {logging_mixin.py:109} INFO - [2021-09-21 01:50:19,263] {dag.py:1834} INFO - Sync 1 DAGs
[2021-09-21 01:50:19,294] {logging_mixin.py:109} INFO - [2021-09-21 01:50:19,293] {dag.py:2287} INFO - Setting next_dagrun for example_trigger_target_dag to None
[2021-09-21 01:50:19,312] {processor.py:170} INFO - Processing /home/airflow/.local/lib/python3.6/site-packages/airflow/example_dags/example_trigger_target_dag.py took 0.159 seconds
[2021-09-21 01:50:49,899] {processor.py:162} INFO - Started process (PID=4074) to work on /home/airflow/.local/lib/python3.6/site-packages/airflow/example_dags/example_trigger_target_dag.py
[2021-09-21 01:50:49,901] {processor.py:613} INFO - Processing file /home/airflow/.local/lib/python3.6/site-packages/airflow/example_dags/example_trigger_target_dag.py for tasks to queue
[2021-09-21 01:50:49,903] {logging_mixin.py:109} INFO - [2021-09-21 01:50:49,903] {dagbag.py:496} INFO - Filling up the DagBag from /home/airflow/.local/lib/python3.6/site-packages/airflow/example_dags/example_trigger_target_dag.py
[2021-09-21 01:50:49,919] {processor.py:623} INFO - DAG(s) dict_keys(['example_trigger_target_dag']) retrieved from /home/airflow/.local/lib/python3.6/site-packages/airflow/example_dags/example_trigger_target_dag.py
[2021-09-21 01:50:49,945] {logging_mixin.py:109} INFO - [2021-09-21 01:50:49,945] {dag.py:1834} INFO - Sync 1 DAGs
[2021-09-21 01:50:49,961] {logging_mixin.py:109} INFO - [2021-09-21 01:50:49,961] {dag.py:2287} INFO - Setting next_dagrun for example_trigger_target_dag to None
[2021-09-21 01:50:49,972] {processor.py:170} INFO - Processing /home/airflow/.local/lib/python3.6/site-packages/airflow/example_dags/example_trigger_target_dag.py took 0.076 seconds
[2021-09-21 01:51:20,188] {processor.py:162} INFO - Started process (PID=4139) to work on /home/airflow/.local/lib/python3.6/site-packages/airflow/example_dags/example_trigger_target_dag.py
[2021-09-21 01:51:20,193] {processor.py:613} INFO - Processing file /home/airflow/.local/lib/python3.6/site-packages/airflow/example_dags/example_trigger_target_dag.py for tasks to queue
[2021-09-21 01:51:20,195] {logging_mixin.py:109} INFO - [2021-09-21 01:51:20,195] {dagbag.py:496} INFO - Filling up the DagBag from /home/airflow/.local/lib/python3.6/site-packages/airflow/example_dags/example_trigger_target_dag.py
[2021-09-21 01:51:20,219] {processor.py:623} INFO - DAG(s) dict_keys(['example_trigger_target_dag']) retrieved from /home/airflow/.local/lib/python3.6/site-packages/airflow/example_dags/example_trigger_target_dag.py
[2021-09-21 01:51:20,250] {logging_mixin.py:109} INFO - [2021-09-21 01:51:20,250] {dag.py:1834} INFO - Sync 1 DAGs
[2021-09-21 01:51:20,268] {logging_mixin.py:109} INFO - [2021-09-21 01:51:20,268] {dag.py:2287} INFO - Setting next_dagrun for example_trigger_target_dag to None
[2021-09-21 01:51:20,281] {processor.py:170} INFO - Processing /home/airflow/.local/lib/python3.6/site-packages/airflow/example_dags/example_trigger_target_dag.py took 0.099 seconds
[2021-09-21 01:51:50,419] {processor.py:162} INFO - Started process (PID=4193) to work on /home/airflow/.local/lib/python3.6/site-packages/airflow/example_dags/example_trigger_target_dag.py
[2021-09-21 01:51:50,422] {processor.py:613} INFO - Processing file /home/airflow/.local/lib/python3.6/site-packages/airflow/example_dags/example_trigger_target_dag.py for tasks to queue
[2021-09-21 01:51:50,424] {logging_mixin.py:109} INFO - [2021-09-21 01:51:50,424] {dagbag.py:496} INFO - Filling up the DagBag from /home/airflow/.local/lib/python3.6/site-packages/airflow/example_dags/example_trigger_target_dag.py
[2021-09-21 01:51:50,460] {processor.py:623} INFO - DAG(s) dict_keys(['example_trigger_target_dag']) retrieved from /home/airflow/.local/lib/python3.6/site-packages/airflow/example_dags/example_trigger_target_dag.py
[2021-09-21 01:51:50,608] {logging_mixin.py:109} INFO - [2021-09-21 01:51:50,607] {dag.py:1834} INFO - Sync 1 DAGs
[2021-09-21 01:51:50,669] {logging_mixin.py:109} INFO - [2021-09-21 01:51:50,669] {dag.py:2287} INFO - Setting next_dagrun for example_trigger_target_dag to None
[2021-09-21 01:51:50,739] {processor.py:170} INFO - Processing /home/airflow/.local/lib/python3.6/site-packages/airflow/example_dags/example_trigger_target_dag.py took 0.326 seconds
[2021-09-21 01:52:20,787] {processor.py:162} INFO - Started process (PID=4256) to work on /home/airflow/.local/lib/python3.6/site-packages/airflow/example_dags/example_trigger_target_dag.py
[2021-09-21 01:52:20,789] {processor.py:613} INFO - Processing file /home/airflow/.local/lib/python3.6/site-packages/airflow/example_dags/example_trigger_target_dag.py for tasks to queue
[2021-09-21 01:52:20,791] {logging_mixin.py:109} INFO - [2021-09-21 01:52:20,791] {dagbag.py:496} INFO - Filling up the DagBag from /home/airflow/.local/lib/python3.6/site-packages/airflow/example_dags/example_trigger_target_dag.py
[2021-09-21 01:52:20,805] {processor.py:623} INFO - DAG(s) dict_keys(['example_trigger_target_dag']) retrieved from /home/airflow/.local/lib/python3.6/site-packages/airflow/example_dags/example_trigger_target_dag.py
[2021-09-21 01:52:20,829] {logging_mixin.py:109} INFO - [2021-09-21 01:52:20,828] {dag.py:1834} INFO - Sync 1 DAGs
[2021-09-21 01:52:20,844] {logging_mixin.py:109} INFO - [2021-09-21 01:52:20,844] {dag.py:2287} INFO - Setting next_dagrun for example_trigger_target_dag to None
[2021-09-21 01:52:20,854] {processor.py:170} INFO - Processing /home/airflow/.local/lib/python3.6/site-packages/airflow/example_dags/example_trigger_target_dag.py took 0.070 seconds
