[2021-09-21 01:17:32,523] {processor.py:162} INFO - Started process (PID=232) to work on /home/airflow/.local/lib/python3.6/site-packages/airflow/example_dags/example_branch_operator.py
[2021-09-21 01:17:32,525] {processor.py:613} INFO - Processing file /home/airflow/.local/lib/python3.6/site-packages/airflow/example_dags/example_branch_operator.py for tasks to queue
[2021-09-21 01:17:32,527] {logging_mixin.py:109} INFO - [2021-09-21 01:17:32,527] {dagbag.py:496} INFO - Filling up the DagBag from /home/airflow/.local/lib/python3.6/site-packages/airflow/example_dags/example_branch_operator.py
[2021-09-21 01:17:32,548] {processor.py:623} INFO - DAG(s) dict_keys(['example_branch_operator']) retrieved from /home/airflow/.local/lib/python3.6/site-packages/airflow/example_dags/example_branch_operator.py
[2021-09-21 01:17:34,599] {logging_mixin.py:109} INFO - [2021-09-21 01:17:34,598] {dag.py:1834} INFO - Sync 1 DAGs
[2021-09-21 01:17:34,608] {logging_mixin.py:109} INFO - [2021-09-21 01:17:34,608] {dag.py:1853} INFO - Creating ORM DAG for example_branch_operator
[2021-09-21 01:17:34,620] {logging_mixin.py:109} INFO - [2021-09-21 01:17:34,620] {dag.py:2287} INFO - Setting next_dagrun for example_branch_operator to 2021-09-19 00:00:00+00:00
[2021-09-21 01:17:34,631] {processor.py:170} INFO - Processing /home/airflow/.local/lib/python3.6/site-packages/airflow/example_dags/example_branch_operator.py took 2.112 seconds
[2021-09-21 01:18:05,624] {processor.py:162} INFO - Started process (PID=344) to work on /home/airflow/.local/lib/python3.6/site-packages/airflow/example_dags/example_branch_operator.py
[2021-09-21 01:18:05,626] {processor.py:613} INFO - Processing file /home/airflow/.local/lib/python3.6/site-packages/airflow/example_dags/example_branch_operator.py for tasks to queue
[2021-09-21 01:18:05,628] {logging_mixin.py:109} INFO - [2021-09-21 01:18:05,628] {dagbag.py:496} INFO - Filling up the DagBag from /home/airflow/.local/lib/python3.6/site-packages/airflow/example_dags/example_branch_operator.py
[2021-09-21 01:18:05,657] {processor.py:623} INFO - DAG(s) dict_keys(['example_branch_operator']) retrieved from /home/airflow/.local/lib/python3.6/site-packages/airflow/example_dags/example_branch_operator.py
[2021-09-21 01:18:05,690] {logging_mixin.py:109} INFO - [2021-09-21 01:18:05,690] {dag.py:1834} INFO - Sync 1 DAGs
[2021-09-21 01:18:05,715] {logging_mixin.py:109} INFO - [2021-09-21 01:18:05,715] {dag.py:2287} INFO - Setting next_dagrun for example_branch_operator to 2021-09-19 00:00:00+00:00
[2021-09-21 01:18:05,728] {processor.py:170} INFO - Processing /home/airflow/.local/lib/python3.6/site-packages/airflow/example_dags/example_branch_operator.py took 0.111 seconds
[2021-09-21 01:18:35,785] {processor.py:162} INFO - Started process (PID=399) to work on /home/airflow/.local/lib/python3.6/site-packages/airflow/example_dags/example_branch_operator.py
[2021-09-21 01:18:35,788] {processor.py:613} INFO - Processing file /home/airflow/.local/lib/python3.6/site-packages/airflow/example_dags/example_branch_operator.py for tasks to queue
[2021-09-21 01:18:35,791] {logging_mixin.py:109} INFO - [2021-09-21 01:18:35,791] {dagbag.py:496} INFO - Filling up the DagBag from /home/airflow/.local/lib/python3.6/site-packages/airflow/example_dags/example_branch_operator.py
[2021-09-21 01:18:35,813] {processor.py:623} INFO - DAG(s) dict_keys(['example_branch_operator']) retrieved from /home/airflow/.local/lib/python3.6/site-packages/airflow/example_dags/example_branch_operator.py
[2021-09-21 01:18:35,843] {logging_mixin.py:109} INFO - [2021-09-21 01:18:35,843] {dag.py:1834} INFO - Sync 1 DAGs
[2021-09-21 01:18:35,863] {logging_mixin.py:109} INFO - [2021-09-21 01:18:35,863] {dag.py:2287} INFO - Setting next_dagrun for example_branch_operator to 2021-09-19 00:00:00+00:00
[2021-09-21 01:18:35,877] {processor.py:170} INFO - Processing /home/airflow/.local/lib/python3.6/site-packages/airflow/example_dags/example_branch_operator.py took 0.096 seconds
[2021-09-21 01:19:06,051] {processor.py:162} INFO - Started process (PID=461) to work on /home/airflow/.local/lib/python3.6/site-packages/airflow/example_dags/example_branch_operator.py
[2021-09-21 01:19:06,053] {processor.py:613} INFO - Processing file /home/airflow/.local/lib/python3.6/site-packages/airflow/example_dags/example_branch_operator.py for tasks to queue
[2021-09-21 01:19:06,055] {logging_mixin.py:109} INFO - [2021-09-21 01:19:06,055] {dagbag.py:496} INFO - Filling up the DagBag from /home/airflow/.local/lib/python3.6/site-packages/airflow/example_dags/example_branch_operator.py
[2021-09-21 01:19:06,079] {processor.py:623} INFO - DAG(s) dict_keys(['example_branch_operator']) retrieved from /home/airflow/.local/lib/python3.6/site-packages/airflow/example_dags/example_branch_operator.py
[2021-09-21 01:19:06,107] {logging_mixin.py:109} INFO - [2021-09-21 01:19:06,107] {dag.py:1834} INFO - Sync 1 DAGs
[2021-09-21 01:19:06,129] {logging_mixin.py:109} INFO - [2021-09-21 01:19:06,129] {dag.py:2287} INFO - Setting next_dagrun for example_branch_operator to 2021-09-19 00:00:00+00:00
[2021-09-21 01:19:06,147] {processor.py:170} INFO - Processing /home/airflow/.local/lib/python3.6/site-packages/airflow/example_dags/example_branch_operator.py took 0.101 seconds
[2021-09-21 01:19:36,209] {processor.py:162} INFO - Started process (PID=514) to work on /home/airflow/.local/lib/python3.6/site-packages/airflow/example_dags/example_branch_operator.py
[2021-09-21 01:19:36,214] {processor.py:613} INFO - Processing file /home/airflow/.local/lib/python3.6/site-packages/airflow/example_dags/example_branch_operator.py for tasks to queue
[2021-09-21 01:19:36,216] {logging_mixin.py:109} INFO - [2021-09-21 01:19:36,216] {dagbag.py:496} INFO - Filling up the DagBag from /home/airflow/.local/lib/python3.6/site-packages/airflow/example_dags/example_branch_operator.py
[2021-09-21 01:19:36,232] {processor.py:623} INFO - DAG(s) dict_keys(['example_branch_operator']) retrieved from /home/airflow/.local/lib/python3.6/site-packages/airflow/example_dags/example_branch_operator.py
[2021-09-21 01:19:36,259] {logging_mixin.py:109} INFO - [2021-09-21 01:19:36,258] {dag.py:1834} INFO - Sync 1 DAGs
[2021-09-21 01:19:36,278] {logging_mixin.py:109} INFO - [2021-09-21 01:19:36,278] {dag.py:2287} INFO - Setting next_dagrun for example_branch_operator to 2021-09-19 00:00:00+00:00
[2021-09-21 01:19:36,291] {processor.py:170} INFO - Processing /home/airflow/.local/lib/python3.6/site-packages/airflow/example_dags/example_branch_operator.py took 0.086 seconds
[2021-09-21 01:20:06,499] {processor.py:162} INFO - Started process (PID=578) to work on /home/airflow/.local/lib/python3.6/site-packages/airflow/example_dags/example_branch_operator.py
[2021-09-21 01:20:06,502] {processor.py:613} INFO - Processing file /home/airflow/.local/lib/python3.6/site-packages/airflow/example_dags/example_branch_operator.py for tasks to queue
[2021-09-21 01:20:06,504] {logging_mixin.py:109} INFO - [2021-09-21 01:20:06,503] {dagbag.py:496} INFO - Filling up the DagBag from /home/airflow/.local/lib/python3.6/site-packages/airflow/example_dags/example_branch_operator.py
[2021-09-21 01:20:06,519] {processor.py:623} INFO - DAG(s) dict_keys(['example_branch_operator']) retrieved from /home/airflow/.local/lib/python3.6/site-packages/airflow/example_dags/example_branch_operator.py
[2021-09-21 01:20:06,547] {logging_mixin.py:109} INFO - [2021-09-21 01:20:06,547] {dag.py:1834} INFO - Sync 1 DAGs
[2021-09-21 01:20:06,571] {logging_mixin.py:109} INFO - [2021-09-21 01:20:06,570] {dag.py:2287} INFO - Setting next_dagrun for example_branch_operator to 2021-09-19 00:00:00+00:00
[2021-09-21 01:20:06,585] {processor.py:170} INFO - Processing /home/airflow/.local/lib/python3.6/site-packages/airflow/example_dags/example_branch_operator.py took 0.090 seconds
[2021-09-21 01:20:37,157] {processor.py:162} INFO - Started process (PID=643) to work on /home/airflow/.local/lib/python3.6/site-packages/airflow/example_dags/example_branch_operator.py
[2021-09-21 01:20:37,159] {processor.py:613} INFO - Processing file /home/airflow/.local/lib/python3.6/site-packages/airflow/example_dags/example_branch_operator.py for tasks to queue
[2021-09-21 01:20:37,161] {logging_mixin.py:109} INFO - [2021-09-21 01:20:37,161] {dagbag.py:496} INFO - Filling up the DagBag from /home/airflow/.local/lib/python3.6/site-packages/airflow/example_dags/example_branch_operator.py
[2021-09-21 01:20:37,177] {processor.py:623} INFO - DAG(s) dict_keys(['example_branch_operator']) retrieved from /home/airflow/.local/lib/python3.6/site-packages/airflow/example_dags/example_branch_operator.py
[2021-09-21 01:20:37,203] {logging_mixin.py:109} INFO - [2021-09-21 01:20:37,203] {dag.py:1834} INFO - Sync 1 DAGs
[2021-09-21 01:20:37,221] {logging_mixin.py:109} INFO - [2021-09-21 01:20:37,220] {dag.py:2287} INFO - Setting next_dagrun for example_branch_operator to 2021-09-19 00:00:00+00:00
[2021-09-21 01:20:37,231] {processor.py:170} INFO - Processing /home/airflow/.local/lib/python3.6/site-packages/airflow/example_dags/example_branch_operator.py took 0.078 seconds
[2021-09-21 01:21:07,699] {processor.py:162} INFO - Started process (PID=697) to work on /home/airflow/.local/lib/python3.6/site-packages/airflow/example_dags/example_branch_operator.py
[2021-09-21 01:21:07,703] {processor.py:613} INFO - Processing file /home/airflow/.local/lib/python3.6/site-packages/airflow/example_dags/example_branch_operator.py for tasks to queue
[2021-09-21 01:21:07,705] {logging_mixin.py:109} INFO - [2021-09-21 01:21:07,705] {dagbag.py:496} INFO - Filling up the DagBag from /home/airflow/.local/lib/python3.6/site-packages/airflow/example_dags/example_branch_operator.py
[2021-09-21 01:21:07,724] {processor.py:623} INFO - DAG(s) dict_keys(['example_branch_operator']) retrieved from /home/airflow/.local/lib/python3.6/site-packages/airflow/example_dags/example_branch_operator.py
[2021-09-21 01:21:07,752] {logging_mixin.py:109} INFO - [2021-09-21 01:21:07,751] {dag.py:1834} INFO - Sync 1 DAGs
[2021-09-21 01:21:07,773] {logging_mixin.py:109} INFO - [2021-09-21 01:21:07,773] {dag.py:2287} INFO - Setting next_dagrun for example_branch_operator to 2021-09-19 00:00:00+00:00
[2021-09-21 01:21:07,788] {processor.py:170} INFO - Processing /home/airflow/.local/lib/python3.6/site-packages/airflow/example_dags/example_branch_operator.py took 0.093 seconds
[2021-09-21 01:21:38,129] {processor.py:162} INFO - Started process (PID=760) to work on /home/airflow/.local/lib/python3.6/site-packages/airflow/example_dags/example_branch_operator.py
[2021-09-21 01:21:38,131] {processor.py:613} INFO - Processing file /home/airflow/.local/lib/python3.6/site-packages/airflow/example_dags/example_branch_operator.py for tasks to queue
[2021-09-21 01:21:38,135] {logging_mixin.py:109} INFO - [2021-09-21 01:21:38,135] {dagbag.py:496} INFO - Filling up the DagBag from /home/airflow/.local/lib/python3.6/site-packages/airflow/example_dags/example_branch_operator.py
[2021-09-21 01:21:38,154] {processor.py:623} INFO - DAG(s) dict_keys(['example_branch_operator']) retrieved from /home/airflow/.local/lib/python3.6/site-packages/airflow/example_dags/example_branch_operator.py
[2021-09-21 01:21:38,181] {logging_mixin.py:109} INFO - [2021-09-21 01:21:38,181] {dag.py:1834} INFO - Sync 1 DAGs
[2021-09-21 01:21:38,200] {logging_mixin.py:109} INFO - [2021-09-21 01:21:38,200] {dag.py:2287} INFO - Setting next_dagrun for example_branch_operator to 2021-09-19 00:00:00+00:00
[2021-09-21 01:21:38,214] {processor.py:170} INFO - Processing /home/airflow/.local/lib/python3.6/site-packages/airflow/example_dags/example_branch_operator.py took 0.090 seconds
[2021-09-21 01:22:08,909] {processor.py:162} INFO - Started process (PID=813) to work on /home/airflow/.local/lib/python3.6/site-packages/airflow/example_dags/example_branch_operator.py
[2021-09-21 01:22:08,911] {processor.py:613} INFO - Processing file /home/airflow/.local/lib/python3.6/site-packages/airflow/example_dags/example_branch_operator.py for tasks to queue
[2021-09-21 01:22:08,913] {logging_mixin.py:109} INFO - [2021-09-21 01:22:08,913] {dagbag.py:496} INFO - Filling up the DagBag from /home/airflow/.local/lib/python3.6/site-packages/airflow/example_dags/example_branch_operator.py
[2021-09-21 01:22:08,933] {processor.py:623} INFO - DAG(s) dict_keys(['example_branch_operator']) retrieved from /home/airflow/.local/lib/python3.6/site-packages/airflow/example_dags/example_branch_operator.py
[2021-09-21 01:22:08,963] {logging_mixin.py:109} INFO - [2021-09-21 01:22:08,962] {dag.py:1834} INFO - Sync 1 DAGs
[2021-09-21 01:22:08,987] {logging_mixin.py:109} INFO - [2021-09-21 01:22:08,987] {dag.py:2287} INFO - Setting next_dagrun for example_branch_operator to 2021-09-19 00:00:00+00:00
[2021-09-21 01:22:09,000] {processor.py:170} INFO - Processing /home/airflow/.local/lib/python3.6/site-packages/airflow/example_dags/example_branch_operator.py took 0.095 seconds
[2021-09-21 01:22:39,403] {processor.py:162} INFO - Started process (PID=877) to work on /home/airflow/.local/lib/python3.6/site-packages/airflow/example_dags/example_branch_operator.py
[2021-09-21 01:22:39,406] {processor.py:613} INFO - Processing file /home/airflow/.local/lib/python3.6/site-packages/airflow/example_dags/example_branch_operator.py for tasks to queue
[2021-09-21 01:22:39,407] {logging_mixin.py:109} INFO - [2021-09-21 01:22:39,407] {dagbag.py:496} INFO - Filling up the DagBag from /home/airflow/.local/lib/python3.6/site-packages/airflow/example_dags/example_branch_operator.py
[2021-09-21 01:22:39,428] {processor.py:623} INFO - DAG(s) dict_keys(['example_branch_operator']) retrieved from /home/airflow/.local/lib/python3.6/site-packages/airflow/example_dags/example_branch_operator.py
[2021-09-21 01:22:39,458] {logging_mixin.py:109} INFO - [2021-09-21 01:22:39,458] {dag.py:1834} INFO - Sync 1 DAGs
[2021-09-21 01:22:39,479] {logging_mixin.py:109} INFO - [2021-09-21 01:22:39,479] {dag.py:2287} INFO - Setting next_dagrun for example_branch_operator to 2021-09-19 00:00:00+00:00
[2021-09-21 01:22:39,492] {processor.py:170} INFO - Processing /home/airflow/.local/lib/python3.6/site-packages/airflow/example_dags/example_branch_operator.py took 0.093 seconds
[2021-09-21 01:23:09,711] {processor.py:162} INFO - Started process (PID=930) to work on /home/airflow/.local/lib/python3.6/site-packages/airflow/example_dags/example_branch_operator.py
[2021-09-21 01:23:09,714] {processor.py:613} INFO - Processing file /home/airflow/.local/lib/python3.6/site-packages/airflow/example_dags/example_branch_operator.py for tasks to queue
[2021-09-21 01:23:09,715] {logging_mixin.py:109} INFO - [2021-09-21 01:23:09,715] {dagbag.py:496} INFO - Filling up the DagBag from /home/airflow/.local/lib/python3.6/site-packages/airflow/example_dags/example_branch_operator.py
[2021-09-21 01:23:09,735] {processor.py:623} INFO - DAG(s) dict_keys(['example_branch_operator']) retrieved from /home/airflow/.local/lib/python3.6/site-packages/airflow/example_dags/example_branch_operator.py
[2021-09-21 01:23:09,769] {logging_mixin.py:109} INFO - [2021-09-21 01:23:09,769] {dag.py:1834} INFO - Sync 1 DAGs
[2021-09-21 01:23:09,792] {logging_mixin.py:109} INFO - [2021-09-21 01:23:09,792] {dag.py:2287} INFO - Setting next_dagrun for example_branch_operator to 2021-09-19 00:00:00+00:00
[2021-09-21 01:23:09,806] {processor.py:170} INFO - Processing /home/airflow/.local/lib/python3.6/site-packages/airflow/example_dags/example_branch_operator.py took 0.100 seconds
[2021-09-21 01:23:39,972] {processor.py:162} INFO - Started process (PID=983) to work on /home/airflow/.local/lib/python3.6/site-packages/airflow/example_dags/example_branch_operator.py
[2021-09-21 01:23:39,976] {processor.py:613} INFO - Processing file /home/airflow/.local/lib/python3.6/site-packages/airflow/example_dags/example_branch_operator.py for tasks to queue
[2021-09-21 01:23:39,978] {logging_mixin.py:109} INFO - [2021-09-21 01:23:39,978] {dagbag.py:496} INFO - Filling up the DagBag from /home/airflow/.local/lib/python3.6/site-packages/airflow/example_dags/example_branch_operator.py
[2021-09-21 01:23:40,009] {processor.py:623} INFO - DAG(s) dict_keys(['example_branch_operator']) retrieved from /home/airflow/.local/lib/python3.6/site-packages/airflow/example_dags/example_branch_operator.py
[2021-09-21 01:23:40,058] {logging_mixin.py:109} INFO - [2021-09-21 01:23:40,058] {dag.py:1834} INFO - Sync 1 DAGs
[2021-09-21 01:23:40,098] {logging_mixin.py:109} INFO - [2021-09-21 01:23:40,098] {dag.py:2287} INFO - Setting next_dagrun for example_branch_operator to 2021-09-19 00:00:00+00:00
[2021-09-21 01:23:40,118] {processor.py:170} INFO - Processing /home/airflow/.local/lib/python3.6/site-packages/airflow/example_dags/example_branch_operator.py took 0.155 seconds
[2021-09-21 01:24:10,825] {processor.py:162} INFO - Started process (PID=1036) to work on /home/airflow/.local/lib/python3.6/site-packages/airflow/example_dags/example_branch_operator.py
[2021-09-21 01:24:10,827] {processor.py:613} INFO - Processing file /home/airflow/.local/lib/python3.6/site-packages/airflow/example_dags/example_branch_operator.py for tasks to queue
[2021-09-21 01:24:10,829] {logging_mixin.py:109} INFO - [2021-09-21 01:24:10,828] {dagbag.py:496} INFO - Filling up the DagBag from /home/airflow/.local/lib/python3.6/site-packages/airflow/example_dags/example_branch_operator.py
[2021-09-21 01:24:10,846] {processor.py:623} INFO - DAG(s) dict_keys(['example_branch_operator']) retrieved from /home/airflow/.local/lib/python3.6/site-packages/airflow/example_dags/example_branch_operator.py
[2021-09-21 01:24:10,871] {logging_mixin.py:109} INFO - [2021-09-21 01:24:10,871] {dag.py:1834} INFO - Sync 1 DAGs
[2021-09-21 01:24:10,889] {logging_mixin.py:109} INFO - [2021-09-21 01:24:10,889] {dag.py:2287} INFO - Setting next_dagrun for example_branch_operator to 2021-09-19 00:00:00+00:00
[2021-09-21 01:24:10,900] {processor.py:170} INFO - Processing /home/airflow/.local/lib/python3.6/site-packages/airflow/example_dags/example_branch_operator.py took 0.079 seconds
[2021-09-21 01:24:41,802] {processor.py:162} INFO - Started process (PID=1099) to work on /home/airflow/.local/lib/python3.6/site-packages/airflow/example_dags/example_branch_operator.py
[2021-09-21 01:24:41,813] {processor.py:613} INFO - Processing file /home/airflow/.local/lib/python3.6/site-packages/airflow/example_dags/example_branch_operator.py for tasks to queue
[2021-09-21 01:24:41,819] {logging_mixin.py:109} INFO - [2021-09-21 01:24:41,819] {dagbag.py:496} INFO - Filling up the DagBag from /home/airflow/.local/lib/python3.6/site-packages/airflow/example_dags/example_branch_operator.py
[2021-09-21 01:24:41,935] {processor.py:623} INFO - DAG(s) dict_keys(['example_branch_operator']) retrieved from /home/airflow/.local/lib/python3.6/site-packages/airflow/example_dags/example_branch_operator.py
[2021-09-21 01:24:42,359] {logging_mixin.py:109} INFO - [2021-09-21 01:24:42,357] {dag.py:1834} INFO - Sync 1 DAGs
[2021-09-21 01:24:42,509] {logging_mixin.py:109} INFO - [2021-09-21 01:24:42,509] {dag.py:2287} INFO - Setting next_dagrun for example_branch_operator to 2021-09-19 00:00:00+00:00
[2021-09-21 01:24:42,571] {processor.py:170} INFO - Processing /home/airflow/.local/lib/python3.6/site-packages/airflow/example_dags/example_branch_operator.py took 0.814 seconds
[2021-09-21 01:25:18,480] {processor.py:162} INFO - Started process (PID=1152) to work on /home/airflow/.local/lib/python3.6/site-packages/airflow/example_dags/example_branch_operator.py
[2021-09-21 01:25:18,500] {processor.py:613} INFO - Processing file /home/airflow/.local/lib/python3.6/site-packages/airflow/example_dags/example_branch_operator.py for tasks to queue
[2021-09-21 01:25:18,550] {logging_mixin.py:109} INFO - [2021-09-21 01:25:18,525] {dagbag.py:496} INFO - Filling up the DagBag from /home/airflow/.local/lib/python3.6/site-packages/airflow/example_dags/example_branch_operator.py
[2021-09-21 01:25:19,251] {processor.py:623} INFO - DAG(s) dict_keys(['example_branch_operator']) retrieved from /home/airflow/.local/lib/python3.6/site-packages/airflow/example_dags/example_branch_operator.py
[2021-09-21 01:25:22,275] {logging_mixin.py:109} INFO - [2021-09-21 01:25:22,275] {dag.py:1834} INFO - Sync 1 DAGs
[2021-09-21 01:25:22,344] {logging_mixin.py:109} INFO - [2021-09-21 01:25:22,344] {dag.py:2287} INFO - Setting next_dagrun for example_branch_operator to 2021-09-19 00:00:00+00:00
[2021-09-21 01:25:22,434] {processor.py:170} INFO - Processing /home/airflow/.local/lib/python3.6/site-packages/airflow/example_dags/example_branch_operator.py took 4.246 seconds
[2021-09-21 01:25:53,007] {processor.py:162} INFO - Started process (PID=1206) to work on /home/airflow/.local/lib/python3.6/site-packages/airflow/example_dags/example_branch_operator.py
[2021-09-21 01:25:53,010] {processor.py:613} INFO - Processing file /home/airflow/.local/lib/python3.6/site-packages/airflow/example_dags/example_branch_operator.py for tasks to queue
[2021-09-21 01:25:53,014] {logging_mixin.py:109} INFO - [2021-09-21 01:25:53,013] {dagbag.py:496} INFO - Filling up the DagBag from /home/airflow/.local/lib/python3.6/site-packages/airflow/example_dags/example_branch_operator.py
[2021-09-21 01:25:53,037] {processor.py:623} INFO - DAG(s) dict_keys(['example_branch_operator']) retrieved from /home/airflow/.local/lib/python3.6/site-packages/airflow/example_dags/example_branch_operator.py
[2021-09-21 01:25:53,065] {logging_mixin.py:109} INFO - [2021-09-21 01:25:53,065] {dag.py:1834} INFO - Sync 1 DAGs
[2021-09-21 01:25:53,085] {logging_mixin.py:109} INFO - [2021-09-21 01:25:53,085] {dag.py:2287} INFO - Setting next_dagrun for example_branch_operator to 2021-09-19 00:00:00+00:00
[2021-09-21 01:25:53,098] {processor.py:170} INFO - Processing /home/airflow/.local/lib/python3.6/site-packages/airflow/example_dags/example_branch_operator.py took 0.097 seconds
[2021-09-21 01:26:23,402] {processor.py:162} INFO - Started process (PID=1268) to work on /home/airflow/.local/lib/python3.6/site-packages/airflow/example_dags/example_branch_operator.py
[2021-09-21 01:26:23,414] {processor.py:613} INFO - Processing file /home/airflow/.local/lib/python3.6/site-packages/airflow/example_dags/example_branch_operator.py for tasks to queue
[2021-09-21 01:26:23,424] {logging_mixin.py:109} INFO - [2021-09-21 01:26:23,424] {dagbag.py:496} INFO - Filling up the DagBag from /home/airflow/.local/lib/python3.6/site-packages/airflow/example_dags/example_branch_operator.py
[2021-09-21 01:26:23,488] {processor.py:623} INFO - DAG(s) dict_keys(['example_branch_operator']) retrieved from /home/airflow/.local/lib/python3.6/site-packages/airflow/example_dags/example_branch_operator.py
[2021-09-21 01:26:23,661] {logging_mixin.py:109} INFO - [2021-09-21 01:26:23,661] {dag.py:1834} INFO - Sync 1 DAGs
[2021-09-21 01:26:23,827] {logging_mixin.py:109} INFO - [2021-09-21 01:26:23,827] {dag.py:2287} INFO - Setting next_dagrun for example_branch_operator to 2021-09-19 00:00:00+00:00
[2021-09-21 01:26:23,865] {processor.py:170} INFO - Processing /home/airflow/.local/lib/python3.6/site-packages/airflow/example_dags/example_branch_operator.py took 0.486 seconds
[2021-09-21 01:26:53,994] {processor.py:162} INFO - Started process (PID=1321) to work on /home/airflow/.local/lib/python3.6/site-packages/airflow/example_dags/example_branch_operator.py
[2021-09-21 01:26:53,997] {processor.py:613} INFO - Processing file /home/airflow/.local/lib/python3.6/site-packages/airflow/example_dags/example_branch_operator.py for tasks to queue
[2021-09-21 01:26:53,998] {logging_mixin.py:109} INFO - [2021-09-21 01:26:53,998] {dagbag.py:496} INFO - Filling up the DagBag from /home/airflow/.local/lib/python3.6/site-packages/airflow/example_dags/example_branch_operator.py
[2021-09-21 01:26:54,016] {processor.py:623} INFO - DAG(s) dict_keys(['example_branch_operator']) retrieved from /home/airflow/.local/lib/python3.6/site-packages/airflow/example_dags/example_branch_operator.py
[2021-09-21 01:26:54,043] {logging_mixin.py:109} INFO - [2021-09-21 01:26:54,042] {dag.py:1834} INFO - Sync 1 DAGs
[2021-09-21 01:26:54,062] {logging_mixin.py:109} INFO - [2021-09-21 01:26:54,061] {dag.py:2287} INFO - Setting next_dagrun for example_branch_operator to 2021-09-19 00:00:00+00:00
[2021-09-21 01:26:54,074] {processor.py:170} INFO - Processing /home/airflow/.local/lib/python3.6/site-packages/airflow/example_dags/example_branch_operator.py took 0.083 seconds
[2021-09-21 01:27:25,815] {processor.py:162} INFO - Started process (PID=1374) to work on /home/airflow/.local/lib/python3.6/site-packages/airflow/example_dags/example_branch_operator.py
[2021-09-21 01:27:25,827] {processor.py:613} INFO - Processing file /home/airflow/.local/lib/python3.6/site-packages/airflow/example_dags/example_branch_operator.py for tasks to queue
[2021-09-21 01:27:25,841] {logging_mixin.py:109} INFO - [2021-09-21 01:27:25,840] {dagbag.py:496} INFO - Filling up the DagBag from /home/airflow/.local/lib/python3.6/site-packages/airflow/example_dags/example_branch_operator.py
[2021-09-21 01:27:26,156] {processor.py:623} INFO - DAG(s) dict_keys(['example_branch_operator']) retrieved from /home/airflow/.local/lib/python3.6/site-packages/airflow/example_dags/example_branch_operator.py
[2021-09-21 01:27:26,268] {logging_mixin.py:109} INFO - [2021-09-21 01:27:26,268] {dag.py:1834} INFO - Sync 1 DAGs
[2021-09-21 01:27:26,905] {logging_mixin.py:109} INFO - [2021-09-21 01:27:26,904] {dag.py:2287} INFO - Setting next_dagrun for example_branch_operator to 2021-09-19 00:00:00+00:00
[2021-09-21 01:27:27,064] {processor.py:170} INFO - Processing /home/airflow/.local/lib/python3.6/site-packages/airflow/example_dags/example_branch_operator.py took 1.257 seconds
[2021-09-21 01:27:57,561] {processor.py:162} INFO - Started process (PID=1426) to work on /home/airflow/.local/lib/python3.6/site-packages/airflow/example_dags/example_branch_operator.py
[2021-09-21 01:27:57,566] {processor.py:613} INFO - Processing file /home/airflow/.local/lib/python3.6/site-packages/airflow/example_dags/example_branch_operator.py for tasks to queue
[2021-09-21 01:27:57,567] {logging_mixin.py:109} INFO - [2021-09-21 01:27:57,567] {dagbag.py:496} INFO - Filling up the DagBag from /home/airflow/.local/lib/python3.6/site-packages/airflow/example_dags/example_branch_operator.py
[2021-09-21 01:27:57,586] {processor.py:623} INFO - DAG(s) dict_keys(['example_branch_operator']) retrieved from /home/airflow/.local/lib/python3.6/site-packages/airflow/example_dags/example_branch_operator.py
[2021-09-21 01:27:57,613] {logging_mixin.py:109} INFO - [2021-09-21 01:27:57,613] {dag.py:1834} INFO - Sync 1 DAGs
[2021-09-21 01:27:57,632] {logging_mixin.py:109} INFO - [2021-09-21 01:27:57,632] {dag.py:2287} INFO - Setting next_dagrun for example_branch_operator to 2021-09-19 00:00:00+00:00
[2021-09-21 01:27:57,646] {processor.py:170} INFO - Processing /home/airflow/.local/lib/python3.6/site-packages/airflow/example_dags/example_branch_operator.py took 0.090 seconds
[2021-09-21 01:28:28,228] {processor.py:162} INFO - Started process (PID=1491) to work on /home/airflow/.local/lib/python3.6/site-packages/airflow/example_dags/example_branch_operator.py
[2021-09-21 01:28:28,230] {processor.py:613} INFO - Processing file /home/airflow/.local/lib/python3.6/site-packages/airflow/example_dags/example_branch_operator.py for tasks to queue
[2021-09-21 01:28:28,232] {logging_mixin.py:109} INFO - [2021-09-21 01:28:28,232] {dagbag.py:496} INFO - Filling up the DagBag from /home/airflow/.local/lib/python3.6/site-packages/airflow/example_dags/example_branch_operator.py
[2021-09-21 01:28:28,253] {processor.py:623} INFO - DAG(s) dict_keys(['example_branch_operator']) retrieved from /home/airflow/.local/lib/python3.6/site-packages/airflow/example_dags/example_branch_operator.py
[2021-09-21 01:28:28,293] {logging_mixin.py:109} INFO - [2021-09-21 01:28:28,293] {dag.py:1834} INFO - Sync 1 DAGs
[2021-09-21 01:28:28,320] {logging_mixin.py:109} INFO - [2021-09-21 01:28:28,320] {dag.py:2287} INFO - Setting next_dagrun for example_branch_operator to 2021-09-19 00:00:00+00:00
[2021-09-21 01:28:28,350] {processor.py:170} INFO - Processing /home/airflow/.local/lib/python3.6/site-packages/airflow/example_dags/example_branch_operator.py took 0.126 seconds
[2021-09-21 01:28:58,946] {processor.py:162} INFO - Started process (PID=1543) to work on /home/airflow/.local/lib/python3.6/site-packages/airflow/example_dags/example_branch_operator.py
[2021-09-21 01:28:58,949] {processor.py:613} INFO - Processing file /home/airflow/.local/lib/python3.6/site-packages/airflow/example_dags/example_branch_operator.py for tasks to queue
[2021-09-21 01:28:58,950] {logging_mixin.py:109} INFO - [2021-09-21 01:28:58,950] {dagbag.py:496} INFO - Filling up the DagBag from /home/airflow/.local/lib/python3.6/site-packages/airflow/example_dags/example_branch_operator.py
[2021-09-21 01:28:58,970] {processor.py:623} INFO - DAG(s) dict_keys(['example_branch_operator']) retrieved from /home/airflow/.local/lib/python3.6/site-packages/airflow/example_dags/example_branch_operator.py
[2021-09-21 01:28:58,997] {logging_mixin.py:109} INFO - [2021-09-21 01:28:58,997] {dag.py:1834} INFO - Sync 1 DAGs
[2021-09-21 01:28:59,016] {logging_mixin.py:109} INFO - [2021-09-21 01:28:59,016] {dag.py:2287} INFO - Setting next_dagrun for example_branch_operator to 2021-09-19 00:00:00+00:00
[2021-09-21 01:28:59,029] {processor.py:170} INFO - Processing /home/airflow/.local/lib/python3.6/site-packages/airflow/example_dags/example_branch_operator.py took 0.088 seconds
[2021-09-21 01:29:29,842] {processor.py:162} INFO - Started process (PID=1608) to work on /home/airflow/.local/lib/python3.6/site-packages/airflow/example_dags/example_branch_operator.py
[2021-09-21 01:29:29,844] {processor.py:613} INFO - Processing file /home/airflow/.local/lib/python3.6/site-packages/airflow/example_dags/example_branch_operator.py for tasks to queue
[2021-09-21 01:29:29,846] {logging_mixin.py:109} INFO - [2021-09-21 01:29:29,846] {dagbag.py:496} INFO - Filling up the DagBag from /home/airflow/.local/lib/python3.6/site-packages/airflow/example_dags/example_branch_operator.py
[2021-09-21 01:29:29,864] {processor.py:623} INFO - DAG(s) dict_keys(['example_branch_operator']) retrieved from /home/airflow/.local/lib/python3.6/site-packages/airflow/example_dags/example_branch_operator.py
[2021-09-21 01:29:29,892] {logging_mixin.py:109} INFO - [2021-09-21 01:29:29,892] {dag.py:1834} INFO - Sync 1 DAGs
[2021-09-21 01:29:29,912] {logging_mixin.py:109} INFO - [2021-09-21 01:29:29,911] {dag.py:2287} INFO - Setting next_dagrun for example_branch_operator to 2021-09-19 00:00:00+00:00
[2021-09-21 01:29:29,924] {processor.py:170} INFO - Processing /home/airflow/.local/lib/python3.6/site-packages/airflow/example_dags/example_branch_operator.py took 0.086 seconds
[2021-09-21 01:30:00,183] {processor.py:162} INFO - Started process (PID=1661) to work on /home/airflow/.local/lib/python3.6/site-packages/airflow/example_dags/example_branch_operator.py
[2021-09-21 01:30:00,185] {processor.py:613} INFO - Processing file /home/airflow/.local/lib/python3.6/site-packages/airflow/example_dags/example_branch_operator.py for tasks to queue
[2021-09-21 01:30:00,186] {logging_mixin.py:109} INFO - [2021-09-21 01:30:00,186] {dagbag.py:496} INFO - Filling up the DagBag from /home/airflow/.local/lib/python3.6/site-packages/airflow/example_dags/example_branch_operator.py
[2021-09-21 01:30:00,202] {processor.py:623} INFO - DAG(s) dict_keys(['example_branch_operator']) retrieved from /home/airflow/.local/lib/python3.6/site-packages/airflow/example_dags/example_branch_operator.py
[2021-09-21 01:30:00,229] {logging_mixin.py:109} INFO - [2021-09-21 01:30:00,229] {dag.py:1834} INFO - Sync 1 DAGs
[2021-09-21 01:30:00,248] {logging_mixin.py:109} INFO - [2021-09-21 01:30:00,247] {dag.py:2287} INFO - Setting next_dagrun for example_branch_operator to 2021-09-19 00:00:00+00:00
[2021-09-21 01:30:00,260] {processor.py:170} INFO - Processing /home/airflow/.local/lib/python3.6/site-packages/airflow/example_dags/example_branch_operator.py took 0.080 seconds
[2021-09-21 01:30:31,043] {processor.py:162} INFO - Started process (PID=1724) to work on /home/airflow/.local/lib/python3.6/site-packages/airflow/example_dags/example_branch_operator.py
[2021-09-21 01:30:31,045] {processor.py:613} INFO - Processing file /home/airflow/.local/lib/python3.6/site-packages/airflow/example_dags/example_branch_operator.py for tasks to queue
[2021-09-21 01:30:31,047] {logging_mixin.py:109} INFO - [2021-09-21 01:30:31,047] {dagbag.py:496} INFO - Filling up the DagBag from /home/airflow/.local/lib/python3.6/site-packages/airflow/example_dags/example_branch_operator.py
[2021-09-21 01:30:31,062] {processor.py:623} INFO - DAG(s) dict_keys(['example_branch_operator']) retrieved from /home/airflow/.local/lib/python3.6/site-packages/airflow/example_dags/example_branch_operator.py
[2021-09-21 01:30:31,084] {logging_mixin.py:109} INFO - [2021-09-21 01:30:31,084] {dag.py:1834} INFO - Sync 1 DAGs
[2021-09-21 01:30:31,099] {logging_mixin.py:109} INFO - [2021-09-21 01:30:31,099] {dag.py:2287} INFO - Setting next_dagrun for example_branch_operator to 2021-09-19 00:00:00+00:00
[2021-09-21 01:30:31,110] {processor.py:170} INFO - Processing /home/airflow/.local/lib/python3.6/site-packages/airflow/example_dags/example_branch_operator.py took 0.070 seconds
[2021-09-21 01:31:01,210] {processor.py:162} INFO - Started process (PID=1787) to work on /home/airflow/.local/lib/python3.6/site-packages/airflow/example_dags/example_branch_operator.py
[2021-09-21 01:31:01,212] {processor.py:613} INFO - Processing file /home/airflow/.local/lib/python3.6/site-packages/airflow/example_dags/example_branch_operator.py for tasks to queue
[2021-09-21 01:31:01,214] {logging_mixin.py:109} INFO - [2021-09-21 01:31:01,214] {dagbag.py:496} INFO - Filling up the DagBag from /home/airflow/.local/lib/python3.6/site-packages/airflow/example_dags/example_branch_operator.py
[2021-09-21 01:31:01,232] {processor.py:623} INFO - DAG(s) dict_keys(['example_branch_operator']) retrieved from /home/airflow/.local/lib/python3.6/site-packages/airflow/example_dags/example_branch_operator.py
[2021-09-21 01:31:01,256] {logging_mixin.py:109} INFO - [2021-09-21 01:31:01,256] {dag.py:1834} INFO - Sync 1 DAGs
[2021-09-21 01:31:01,273] {logging_mixin.py:109} INFO - [2021-09-21 01:31:01,272] {dag.py:2287} INFO - Setting next_dagrun for example_branch_operator to 2021-09-19 00:00:00+00:00
[2021-09-21 01:31:01,284] {processor.py:170} INFO - Processing /home/airflow/.local/lib/python3.6/site-packages/airflow/example_dags/example_branch_operator.py took 0.078 seconds
[2021-09-21 01:31:31,480] {processor.py:162} INFO - Started process (PID=1840) to work on /home/airflow/.local/lib/python3.6/site-packages/airflow/example_dags/example_branch_operator.py
[2021-09-21 01:31:31,483] {processor.py:613} INFO - Processing file /home/airflow/.local/lib/python3.6/site-packages/airflow/example_dags/example_branch_operator.py for tasks to queue
[2021-09-21 01:31:31,485] {logging_mixin.py:109} INFO - [2021-09-21 01:31:31,485] {dagbag.py:496} INFO - Filling up the DagBag from /home/airflow/.local/lib/python3.6/site-packages/airflow/example_dags/example_branch_operator.py
[2021-09-21 01:31:31,503] {processor.py:623} INFO - DAG(s) dict_keys(['example_branch_operator']) retrieved from /home/airflow/.local/lib/python3.6/site-packages/airflow/example_dags/example_branch_operator.py
[2021-09-21 01:31:31,527] {logging_mixin.py:109} INFO - [2021-09-21 01:31:31,527] {dag.py:1834} INFO - Sync 1 DAGs
[2021-09-21 01:31:31,544] {logging_mixin.py:109} INFO - [2021-09-21 01:31:31,544] {dag.py:2287} INFO - Setting next_dagrun for example_branch_operator to 2021-09-19 00:00:00+00:00
[2021-09-21 01:31:31,555] {processor.py:170} INFO - Processing /home/airflow/.local/lib/python3.6/site-packages/airflow/example_dags/example_branch_operator.py took 0.078 seconds
[2021-09-21 01:32:02,461] {processor.py:162} INFO - Started process (PID=1904) to work on /home/airflow/.local/lib/python3.6/site-packages/airflow/example_dags/example_branch_operator.py
[2021-09-21 01:32:02,463] {processor.py:613} INFO - Processing file /home/airflow/.local/lib/python3.6/site-packages/airflow/example_dags/example_branch_operator.py for tasks to queue
[2021-09-21 01:32:02,465] {logging_mixin.py:109} INFO - [2021-09-21 01:32:02,465] {dagbag.py:496} INFO - Filling up the DagBag from /home/airflow/.local/lib/python3.6/site-packages/airflow/example_dags/example_branch_operator.py
[2021-09-21 01:32:02,481] {processor.py:623} INFO - DAG(s) dict_keys(['example_branch_operator']) retrieved from /home/airflow/.local/lib/python3.6/site-packages/airflow/example_dags/example_branch_operator.py
[2021-09-21 01:32:02,505] {logging_mixin.py:109} INFO - [2021-09-21 01:32:02,505] {dag.py:1834} INFO - Sync 1 DAGs
[2021-09-21 01:32:02,522] {logging_mixin.py:109} INFO - [2021-09-21 01:32:02,521] {dag.py:2287} INFO - Setting next_dagrun for example_branch_operator to 2021-09-19 00:00:00+00:00
[2021-09-21 01:32:02,532] {processor.py:170} INFO - Processing /home/airflow/.local/lib/python3.6/site-packages/airflow/example_dags/example_branch_operator.py took 0.075 seconds
[2021-09-21 01:32:33,113] {processor.py:162} INFO - Started process (PID=1955) to work on /home/airflow/.local/lib/python3.6/site-packages/airflow/example_dags/example_branch_operator.py
[2021-09-21 01:32:33,115] {processor.py:613} INFO - Processing file /home/airflow/.local/lib/python3.6/site-packages/airflow/example_dags/example_branch_operator.py for tasks to queue
[2021-09-21 01:32:33,116] {logging_mixin.py:109} INFO - [2021-09-21 01:32:33,116] {dagbag.py:496} INFO - Filling up the DagBag from /home/airflow/.local/lib/python3.6/site-packages/airflow/example_dags/example_branch_operator.py
[2021-09-21 01:32:33,134] {processor.py:623} INFO - DAG(s) dict_keys(['example_branch_operator']) retrieved from /home/airflow/.local/lib/python3.6/site-packages/airflow/example_dags/example_branch_operator.py
[2021-09-21 01:32:33,160] {logging_mixin.py:109} INFO - [2021-09-21 01:32:33,160] {dag.py:1834} INFO - Sync 1 DAGs
[2021-09-21 01:32:33,178] {logging_mixin.py:109} INFO - [2021-09-21 01:32:33,178] {dag.py:2287} INFO - Setting next_dagrun for example_branch_operator to 2021-09-19 00:00:00+00:00
[2021-09-21 01:32:33,190] {processor.py:170} INFO - Processing /home/airflow/.local/lib/python3.6/site-packages/airflow/example_dags/example_branch_operator.py took 0.082 seconds
[2021-09-21 01:33:03,804] {processor.py:162} INFO - Started process (PID=2021) to work on /home/airflow/.local/lib/python3.6/site-packages/airflow/example_dags/example_branch_operator.py
[2021-09-21 01:33:03,807] {processor.py:613} INFO - Processing file /home/airflow/.local/lib/python3.6/site-packages/airflow/example_dags/example_branch_operator.py for tasks to queue
[2021-09-21 01:33:03,808] {logging_mixin.py:109} INFO - [2021-09-21 01:33:03,808] {dagbag.py:496} INFO - Filling up the DagBag from /home/airflow/.local/lib/python3.6/site-packages/airflow/example_dags/example_branch_operator.py
[2021-09-21 01:33:03,829] {processor.py:623} INFO - DAG(s) dict_keys(['example_branch_operator']) retrieved from /home/airflow/.local/lib/python3.6/site-packages/airflow/example_dags/example_branch_operator.py
[2021-09-21 01:33:03,857] {logging_mixin.py:109} INFO - [2021-09-21 01:33:03,857] {dag.py:1834} INFO - Sync 1 DAGs
[2021-09-21 01:33:03,877] {logging_mixin.py:109} INFO - [2021-09-21 01:33:03,877] {dag.py:2287} INFO - Setting next_dagrun for example_branch_operator to 2021-09-19 00:00:00+00:00
[2021-09-21 01:33:03,890] {processor.py:170} INFO - Processing /home/airflow/.local/lib/python3.6/site-packages/airflow/example_dags/example_branch_operator.py took 0.091 seconds
[2021-09-21 01:33:34,549] {processor.py:162} INFO - Started process (PID=2084) to work on /home/airflow/.local/lib/python3.6/site-packages/airflow/example_dags/example_branch_operator.py
[2021-09-21 01:33:34,552] {processor.py:613} INFO - Processing file /home/airflow/.local/lib/python3.6/site-packages/airflow/example_dags/example_branch_operator.py for tasks to queue
[2021-09-21 01:33:34,554] {logging_mixin.py:109} INFO - [2021-09-21 01:33:34,554] {dagbag.py:496} INFO - Filling up the DagBag from /home/airflow/.local/lib/python3.6/site-packages/airflow/example_dags/example_branch_operator.py
[2021-09-21 01:33:34,572] {processor.py:623} INFO - DAG(s) dict_keys(['example_branch_operator']) retrieved from /home/airflow/.local/lib/python3.6/site-packages/airflow/example_dags/example_branch_operator.py
[2021-09-21 01:33:34,601] {logging_mixin.py:109} INFO - [2021-09-21 01:33:34,600] {dag.py:1834} INFO - Sync 1 DAGs
[2021-09-21 01:33:34,619] {logging_mixin.py:109} INFO - [2021-09-21 01:33:34,619] {dag.py:2287} INFO - Setting next_dagrun for example_branch_operator to 2021-09-19 00:00:00+00:00
[2021-09-21 01:33:34,634] {processor.py:170} INFO - Processing /home/airflow/.local/lib/python3.6/site-packages/airflow/example_dags/example_branch_operator.py took 0.090 seconds
[2021-09-21 01:34:05,330] {processor.py:162} INFO - Started process (PID=2138) to work on /home/airflow/.local/lib/python3.6/site-packages/airflow/example_dags/example_branch_operator.py
[2021-09-21 01:34:05,333] {processor.py:613} INFO - Processing file /home/airflow/.local/lib/python3.6/site-packages/airflow/example_dags/example_branch_operator.py for tasks to queue
[2021-09-21 01:34:05,335] {logging_mixin.py:109} INFO - [2021-09-21 01:34:05,335] {dagbag.py:496} INFO - Filling up the DagBag from /home/airflow/.local/lib/python3.6/site-packages/airflow/example_dags/example_branch_operator.py
[2021-09-21 01:34:05,353] {processor.py:623} INFO - DAG(s) dict_keys(['example_branch_operator']) retrieved from /home/airflow/.local/lib/python3.6/site-packages/airflow/example_dags/example_branch_operator.py
[2021-09-21 01:34:05,382] {logging_mixin.py:109} INFO - [2021-09-21 01:34:05,382] {dag.py:1834} INFO - Sync 1 DAGs
[2021-09-21 01:34:05,400] {logging_mixin.py:109} INFO - [2021-09-21 01:34:05,400] {dag.py:2287} INFO - Setting next_dagrun for example_branch_operator to 2021-09-19 00:00:00+00:00
[2021-09-21 01:34:05,423] {processor.py:170} INFO - Processing /home/airflow/.local/lib/python3.6/site-packages/airflow/example_dags/example_branch_operator.py took 0.097 seconds
[2021-09-21 01:34:35,943] {processor.py:162} INFO - Started process (PID=2201) to work on /home/airflow/.local/lib/python3.6/site-packages/airflow/example_dags/example_branch_operator.py
[2021-09-21 01:34:35,946] {processor.py:613} INFO - Processing file /home/airflow/.local/lib/python3.6/site-packages/airflow/example_dags/example_branch_operator.py for tasks to queue
[2021-09-21 01:34:35,948] {logging_mixin.py:109} INFO - [2021-09-21 01:34:35,948] {dagbag.py:496} INFO - Filling up the DagBag from /home/airflow/.local/lib/python3.6/site-packages/airflow/example_dags/example_branch_operator.py
[2021-09-21 01:34:35,971] {processor.py:623} INFO - DAG(s) dict_keys(['example_branch_operator']) retrieved from /home/airflow/.local/lib/python3.6/site-packages/airflow/example_dags/example_branch_operator.py
[2021-09-21 01:34:36,010] {logging_mixin.py:109} INFO - [2021-09-21 01:34:36,010] {dag.py:1834} INFO - Sync 1 DAGs
[2021-09-21 01:34:36,028] {logging_mixin.py:109} INFO - [2021-09-21 01:34:36,028] {dag.py:2287} INFO - Setting next_dagrun for example_branch_operator to 2021-09-19 00:00:00+00:00
[2021-09-21 01:34:36,041] {processor.py:170} INFO - Processing /home/airflow/.local/lib/python3.6/site-packages/airflow/example_dags/example_branch_operator.py took 0.102 seconds
[2021-09-21 01:35:06,333] {processor.py:162} INFO - Started process (PID=2253) to work on /home/airflow/.local/lib/python3.6/site-packages/airflow/example_dags/example_branch_operator.py
[2021-09-21 01:35:06,335] {processor.py:613} INFO - Processing file /home/airflow/.local/lib/python3.6/site-packages/airflow/example_dags/example_branch_operator.py for tasks to queue
[2021-09-21 01:35:06,336] {logging_mixin.py:109} INFO - [2021-09-21 01:35:06,336] {dagbag.py:496} INFO - Filling up the DagBag from /home/airflow/.local/lib/python3.6/site-packages/airflow/example_dags/example_branch_operator.py
[2021-09-21 01:35:06,354] {processor.py:623} INFO - DAG(s) dict_keys(['example_branch_operator']) retrieved from /home/airflow/.local/lib/python3.6/site-packages/airflow/example_dags/example_branch_operator.py
[2021-09-21 01:35:06,380] {logging_mixin.py:109} INFO - [2021-09-21 01:35:06,380] {dag.py:1834} INFO - Sync 1 DAGs
[2021-09-21 01:35:06,398] {logging_mixin.py:109} INFO - [2021-09-21 01:35:06,398] {dag.py:2287} INFO - Setting next_dagrun for example_branch_operator to 2021-09-19 00:00:00+00:00
[2021-09-21 01:35:06,409] {processor.py:170} INFO - Processing /home/airflow/.local/lib/python3.6/site-packages/airflow/example_dags/example_branch_operator.py took 0.080 seconds
[2021-09-21 01:35:36,955] {processor.py:162} INFO - Started process (PID=2317) to work on /home/airflow/.local/lib/python3.6/site-packages/airflow/example_dags/example_branch_operator.py
[2021-09-21 01:35:36,957] {processor.py:613} INFO - Processing file /home/airflow/.local/lib/python3.6/site-packages/airflow/example_dags/example_branch_operator.py for tasks to queue
[2021-09-21 01:35:36,958] {logging_mixin.py:109} INFO - [2021-09-21 01:35:36,958] {dagbag.py:496} INFO - Filling up the DagBag from /home/airflow/.local/lib/python3.6/site-packages/airflow/example_dags/example_branch_operator.py
[2021-09-21 01:35:36,979] {processor.py:623} INFO - DAG(s) dict_keys(['example_branch_operator']) retrieved from /home/airflow/.local/lib/python3.6/site-packages/airflow/example_dags/example_branch_operator.py
[2021-09-21 01:35:37,007] {logging_mixin.py:109} INFO - [2021-09-21 01:35:37,007] {dag.py:1834} INFO - Sync 1 DAGs
[2021-09-21 01:35:37,026] {logging_mixin.py:109} INFO - [2021-09-21 01:35:37,026] {dag.py:2287} INFO - Setting next_dagrun for example_branch_operator to 2021-09-19 00:00:00+00:00
[2021-09-21 01:35:37,038] {processor.py:170} INFO - Processing /home/airflow/.local/lib/python3.6/site-packages/airflow/example_dags/example_branch_operator.py took 0.088 seconds
[2021-09-21 01:36:07,839] {processor.py:162} INFO - Started process (PID=2382) to work on /home/airflow/.local/lib/python3.6/site-packages/airflow/example_dags/example_branch_operator.py
[2021-09-21 01:36:07,841] {processor.py:613} INFO - Processing file /home/airflow/.local/lib/python3.6/site-packages/airflow/example_dags/example_branch_operator.py for tasks to queue
[2021-09-21 01:36:07,843] {logging_mixin.py:109} INFO - [2021-09-21 01:36:07,843] {dagbag.py:496} INFO - Filling up the DagBag from /home/airflow/.local/lib/python3.6/site-packages/airflow/example_dags/example_branch_operator.py
[2021-09-21 01:36:07,859] {processor.py:623} INFO - DAG(s) dict_keys(['example_branch_operator']) retrieved from /home/airflow/.local/lib/python3.6/site-packages/airflow/example_dags/example_branch_operator.py
[2021-09-21 01:36:07,893] {logging_mixin.py:109} INFO - [2021-09-21 01:36:07,893] {dag.py:1834} INFO - Sync 1 DAGs
[2021-09-21 01:36:07,912] {logging_mixin.py:109} INFO - [2021-09-21 01:36:07,912] {dag.py:2287} INFO - Setting next_dagrun for example_branch_operator to 2021-09-19 00:00:00+00:00
[2021-09-21 01:36:07,925] {processor.py:170} INFO - Processing /home/airflow/.local/lib/python3.6/site-packages/airflow/example_dags/example_branch_operator.py took 0.089 seconds
[2021-09-21 01:36:39,328] {processor.py:162} INFO - Started process (PID=2437) to work on /home/airflow/.local/lib/python3.6/site-packages/airflow/example_dags/example_branch_operator.py
[2021-09-21 01:36:39,371] {processor.py:613} INFO - Processing file /home/airflow/.local/lib/python3.6/site-packages/airflow/example_dags/example_branch_operator.py for tasks to queue
[2021-09-21 01:36:39,391] {logging_mixin.py:109} INFO - [2021-09-21 01:36:39,391] {dagbag.py:496} INFO - Filling up the DagBag from /home/airflow/.local/lib/python3.6/site-packages/airflow/example_dags/example_branch_operator.py
[2021-09-21 01:36:39,599] {processor.py:623} INFO - DAG(s) dict_keys(['example_branch_operator']) retrieved from /home/airflow/.local/lib/python3.6/site-packages/airflow/example_dags/example_branch_operator.py
[2021-09-21 01:36:39,997] {logging_mixin.py:109} INFO - [2021-09-21 01:36:39,995] {dag.py:1834} INFO - Sync 1 DAGs
[2021-09-21 01:36:40,890] {logging_mixin.py:109} INFO - [2021-09-21 01:36:40,887] {dag.py:2287} INFO - Setting next_dagrun for example_branch_operator to 2021-09-19 00:00:00+00:00
[2021-09-21 01:36:41,478] {processor.py:170} INFO - Processing /home/airflow/.local/lib/python3.6/site-packages/airflow/example_dags/example_branch_operator.py took 2.256 seconds
[2021-09-21 01:37:12,642] {processor.py:162} INFO - Started process (PID=2491) to work on /home/airflow/.local/lib/python3.6/site-packages/airflow/example_dags/example_branch_operator.py
[2021-09-21 01:37:12,643] {processor.py:613} INFO - Processing file /home/airflow/.local/lib/python3.6/site-packages/airflow/example_dags/example_branch_operator.py for tasks to queue
[2021-09-21 01:37:12,646] {logging_mixin.py:109} INFO - [2021-09-21 01:37:12,646] {dagbag.py:496} INFO - Filling up the DagBag from /home/airflow/.local/lib/python3.6/site-packages/airflow/example_dags/example_branch_operator.py
[2021-09-21 01:37:12,662] {processor.py:623} INFO - DAG(s) dict_keys(['example_branch_operator']) retrieved from /home/airflow/.local/lib/python3.6/site-packages/airflow/example_dags/example_branch_operator.py
[2021-09-21 01:37:12,690] {logging_mixin.py:109} INFO - [2021-09-21 01:37:12,690] {dag.py:1834} INFO - Sync 1 DAGs
[2021-09-21 01:37:12,710] {logging_mixin.py:109} INFO - [2021-09-21 01:37:12,710] {dag.py:2287} INFO - Setting next_dagrun for example_branch_operator to 2021-09-19 00:00:00+00:00
[2021-09-21 01:37:12,724] {processor.py:170} INFO - Processing /home/airflow/.local/lib/python3.6/site-packages/airflow/example_dags/example_branch_operator.py took 0.085 seconds
[2021-09-21 01:37:43,649] {processor.py:162} INFO - Started process (PID=2555) to work on /home/airflow/.local/lib/python3.6/site-packages/airflow/example_dags/example_branch_operator.py
[2021-09-21 01:37:43,651] {processor.py:613} INFO - Processing file /home/airflow/.local/lib/python3.6/site-packages/airflow/example_dags/example_branch_operator.py for tasks to queue
[2021-09-21 01:37:43,652] {logging_mixin.py:109} INFO - [2021-09-21 01:37:43,652] {dagbag.py:496} INFO - Filling up the DagBag from /home/airflow/.local/lib/python3.6/site-packages/airflow/example_dags/example_branch_operator.py
[2021-09-21 01:37:43,672] {processor.py:623} INFO - DAG(s) dict_keys(['example_branch_operator']) retrieved from /home/airflow/.local/lib/python3.6/site-packages/airflow/example_dags/example_branch_operator.py
[2021-09-21 01:37:43,698] {logging_mixin.py:109} INFO - [2021-09-21 01:37:43,698] {dag.py:1834} INFO - Sync 1 DAGs
[2021-09-21 01:37:43,718] {logging_mixin.py:109} INFO - [2021-09-21 01:37:43,718] {dag.py:2287} INFO - Setting next_dagrun for example_branch_operator to 2021-09-19 00:00:00+00:00
[2021-09-21 01:37:43,731] {processor.py:170} INFO - Processing /home/airflow/.local/lib/python3.6/site-packages/airflow/example_dags/example_branch_operator.py took 0.087 seconds
[2021-09-21 01:38:14,949] {processor.py:162} INFO - Started process (PID=2617) to work on /home/airflow/.local/lib/python3.6/site-packages/airflow/example_dags/example_branch_operator.py
[2021-09-21 01:38:14,954] {processor.py:613} INFO - Processing file /home/airflow/.local/lib/python3.6/site-packages/airflow/example_dags/example_branch_operator.py for tasks to queue
[2021-09-21 01:38:14,959] {logging_mixin.py:109} INFO - [2021-09-21 01:38:14,958] {dagbag.py:496} INFO - Filling up the DagBag from /home/airflow/.local/lib/python3.6/site-packages/airflow/example_dags/example_branch_operator.py
[2021-09-21 01:38:15,022] {processor.py:623} INFO - DAG(s) dict_keys(['example_branch_operator']) retrieved from /home/airflow/.local/lib/python3.6/site-packages/airflow/example_dags/example_branch_operator.py
[2021-09-21 01:38:15,252] {logging_mixin.py:109} INFO - [2021-09-21 01:38:15,251] {dag.py:1834} INFO - Sync 1 DAGs
[2021-09-21 01:38:15,318] {logging_mixin.py:109} INFO - [2021-09-21 01:38:15,318] {dag.py:2287} INFO - Setting next_dagrun for example_branch_operator to 2021-09-19 00:00:00+00:00
[2021-09-21 01:38:15,405] {processor.py:170} INFO - Processing /home/airflow/.local/lib/python3.6/site-packages/airflow/example_dags/example_branch_operator.py took 0.471 seconds
[2021-09-21 01:38:46,006] {processor.py:162} INFO - Started process (PID=2673) to work on /home/airflow/.local/lib/python3.6/site-packages/airflow/example_dags/example_branch_operator.py
[2021-09-21 01:38:46,009] {processor.py:613} INFO - Processing file /home/airflow/.local/lib/python3.6/site-packages/airflow/example_dags/example_branch_operator.py for tasks to queue
[2021-09-21 01:38:46,011] {logging_mixin.py:109} INFO - [2021-09-21 01:38:46,011] {dagbag.py:496} INFO - Filling up the DagBag from /home/airflow/.local/lib/python3.6/site-packages/airflow/example_dags/example_branch_operator.py
[2021-09-21 01:38:46,048] {processor.py:623} INFO - DAG(s) dict_keys(['example_branch_operator']) retrieved from /home/airflow/.local/lib/python3.6/site-packages/airflow/example_dags/example_branch_operator.py
[2021-09-21 01:38:46,089] {logging_mixin.py:109} INFO - [2021-09-21 01:38:46,089] {dag.py:1834} INFO - Sync 1 DAGs
[2021-09-21 01:38:46,133] {logging_mixin.py:109} INFO - [2021-09-21 01:38:46,133] {dag.py:2287} INFO - Setting next_dagrun for example_branch_operator to 2021-09-19 00:00:00+00:00
[2021-09-21 01:38:46,150] {processor.py:170} INFO - Processing /home/airflow/.local/lib/python3.6/site-packages/airflow/example_dags/example_branch_operator.py took 0.150 seconds
[2021-09-21 01:39:16,182] {processor.py:162} INFO - Started process (PID=2735) to work on /home/airflow/.local/lib/python3.6/site-packages/airflow/example_dags/example_branch_operator.py
[2021-09-21 01:39:16,185] {processor.py:613} INFO - Processing file /home/airflow/.local/lib/python3.6/site-packages/airflow/example_dags/example_branch_operator.py for tasks to queue
[2021-09-21 01:39:16,186] {logging_mixin.py:109} INFO - [2021-09-21 01:39:16,186] {dagbag.py:496} INFO - Filling up the DagBag from /home/airflow/.local/lib/python3.6/site-packages/airflow/example_dags/example_branch_operator.py
[2021-09-21 01:39:16,212] {processor.py:623} INFO - DAG(s) dict_keys(['example_branch_operator']) retrieved from /home/airflow/.local/lib/python3.6/site-packages/airflow/example_dags/example_branch_operator.py
[2021-09-21 01:39:16,256] {logging_mixin.py:109} INFO - [2021-09-21 01:39:16,256] {dag.py:1834} INFO - Sync 1 DAGs
[2021-09-21 01:39:16,299] {logging_mixin.py:109} INFO - [2021-09-21 01:39:16,299] {dag.py:2287} INFO - Setting next_dagrun for example_branch_operator to 2021-09-19 00:00:00+00:00
[2021-09-21 01:39:16,321] {processor.py:170} INFO - Processing /home/airflow/.local/lib/python3.6/site-packages/airflow/example_dags/example_branch_operator.py took 0.144 seconds
[2021-09-21 01:39:46,497] {processor.py:162} INFO - Started process (PID=2788) to work on /home/airflow/.local/lib/python3.6/site-packages/airflow/example_dags/example_branch_operator.py
[2021-09-21 01:39:46,499] {processor.py:613} INFO - Processing file /home/airflow/.local/lib/python3.6/site-packages/airflow/example_dags/example_branch_operator.py for tasks to queue
[2021-09-21 01:39:46,501] {logging_mixin.py:109} INFO - [2021-09-21 01:39:46,500] {dagbag.py:496} INFO - Filling up the DagBag from /home/airflow/.local/lib/python3.6/site-packages/airflow/example_dags/example_branch_operator.py
[2021-09-21 01:39:46,521] {processor.py:623} INFO - DAG(s) dict_keys(['example_branch_operator']) retrieved from /home/airflow/.local/lib/python3.6/site-packages/airflow/example_dags/example_branch_operator.py
[2021-09-21 01:39:46,550] {logging_mixin.py:109} INFO - [2021-09-21 01:39:46,550] {dag.py:1834} INFO - Sync 1 DAGs
[2021-09-21 01:39:46,573] {logging_mixin.py:109} INFO - [2021-09-21 01:39:46,573] {dag.py:2287} INFO - Setting next_dagrun for example_branch_operator to 2021-09-19 00:00:00+00:00
[2021-09-21 01:39:46,588] {processor.py:170} INFO - Processing /home/airflow/.local/lib/python3.6/site-packages/airflow/example_dags/example_branch_operator.py took 0.095 seconds
[2021-09-21 01:40:17,545] {processor.py:162} INFO - Started process (PID=2852) to work on /home/airflow/.local/lib/python3.6/site-packages/airflow/example_dags/example_branch_operator.py
[2021-09-21 01:40:17,547] {processor.py:613} INFO - Processing file /home/airflow/.local/lib/python3.6/site-packages/airflow/example_dags/example_branch_operator.py for tasks to queue
[2021-09-21 01:40:17,549] {logging_mixin.py:109} INFO - [2021-09-21 01:40:17,549] {dagbag.py:496} INFO - Filling up the DagBag from /home/airflow/.local/lib/python3.6/site-packages/airflow/example_dags/example_branch_operator.py
[2021-09-21 01:40:17,569] {processor.py:623} INFO - DAG(s) dict_keys(['example_branch_operator']) retrieved from /home/airflow/.local/lib/python3.6/site-packages/airflow/example_dags/example_branch_operator.py
[2021-09-21 01:40:17,601] {logging_mixin.py:109} INFO - [2021-09-21 01:40:17,601] {dag.py:1834} INFO - Sync 1 DAGs
[2021-09-21 01:40:17,624] {logging_mixin.py:109} INFO - [2021-09-21 01:40:17,623] {dag.py:2287} INFO - Setting next_dagrun for example_branch_operator to 2021-09-19 00:00:00+00:00
[2021-09-21 01:40:17,635] {processor.py:170} INFO - Processing /home/airflow/.local/lib/python3.6/site-packages/airflow/example_dags/example_branch_operator.py took 0.094 seconds
[2021-09-21 01:40:48,255] {processor.py:162} INFO - Started process (PID=2904) to work on /home/airflow/.local/lib/python3.6/site-packages/airflow/example_dags/example_branch_operator.py
[2021-09-21 01:40:48,257] {processor.py:613} INFO - Processing file /home/airflow/.local/lib/python3.6/site-packages/airflow/example_dags/example_branch_operator.py for tasks to queue
[2021-09-21 01:40:48,258] {logging_mixin.py:109} INFO - [2021-09-21 01:40:48,258] {dagbag.py:496} INFO - Filling up the DagBag from /home/airflow/.local/lib/python3.6/site-packages/airflow/example_dags/example_branch_operator.py
[2021-09-21 01:40:48,277] {processor.py:623} INFO - DAG(s) dict_keys(['example_branch_operator']) retrieved from /home/airflow/.local/lib/python3.6/site-packages/airflow/example_dags/example_branch_operator.py
[2021-09-21 01:40:48,301] {logging_mixin.py:109} INFO - [2021-09-21 01:40:48,301] {dag.py:1834} INFO - Sync 1 DAGs
[2021-09-21 01:40:48,323] {logging_mixin.py:109} INFO - [2021-09-21 01:40:48,323] {dag.py:2287} INFO - Setting next_dagrun for example_branch_operator to 2021-09-19 00:00:00+00:00
[2021-09-21 01:40:48,338] {processor.py:170} INFO - Processing /home/airflow/.local/lib/python3.6/site-packages/airflow/example_dags/example_branch_operator.py took 0.087 seconds
[2021-09-21 01:41:19,121] {processor.py:162} INFO - Started process (PID=2968) to work on /home/airflow/.local/lib/python3.6/site-packages/airflow/example_dags/example_branch_operator.py
[2021-09-21 01:41:19,124] {processor.py:613} INFO - Processing file /home/airflow/.local/lib/python3.6/site-packages/airflow/example_dags/example_branch_operator.py for tasks to queue
[2021-09-21 01:41:19,125] {logging_mixin.py:109} INFO - [2021-09-21 01:41:19,125] {dagbag.py:496} INFO - Filling up the DagBag from /home/airflow/.local/lib/python3.6/site-packages/airflow/example_dags/example_branch_operator.py
[2021-09-21 01:41:19,142] {processor.py:623} INFO - DAG(s) dict_keys(['example_branch_operator']) retrieved from /home/airflow/.local/lib/python3.6/site-packages/airflow/example_dags/example_branch_operator.py
[2021-09-21 01:41:19,167] {logging_mixin.py:109} INFO - [2021-09-21 01:41:19,167] {dag.py:1834} INFO - Sync 1 DAGs
[2021-09-21 01:41:19,185] {logging_mixin.py:109} INFO - [2021-09-21 01:41:19,185] {dag.py:2287} INFO - Setting next_dagrun for example_branch_operator to 2021-09-19 00:00:00+00:00
[2021-09-21 01:41:19,197] {processor.py:170} INFO - Processing /home/airflow/.local/lib/python3.6/site-packages/airflow/example_dags/example_branch_operator.py took 0.080 seconds
[2021-09-21 01:41:49,409] {processor.py:162} INFO - Started process (PID=3033) to work on /home/airflow/.local/lib/python3.6/site-packages/airflow/example_dags/example_branch_operator.py
[2021-09-21 01:41:49,414] {processor.py:613} INFO - Processing file /home/airflow/.local/lib/python3.6/site-packages/airflow/example_dags/example_branch_operator.py for tasks to queue
[2021-09-21 01:41:49,415] {logging_mixin.py:109} INFO - [2021-09-21 01:41:49,415] {dagbag.py:496} INFO - Filling up the DagBag from /home/airflow/.local/lib/python3.6/site-packages/airflow/example_dags/example_branch_operator.py
[2021-09-21 01:41:49,429] {processor.py:623} INFO - DAG(s) dict_keys(['example_branch_operator']) retrieved from /home/airflow/.local/lib/python3.6/site-packages/airflow/example_dags/example_branch_operator.py
[2021-09-21 01:41:49,450] {logging_mixin.py:109} INFO - [2021-09-21 01:41:49,450] {dag.py:1834} INFO - Sync 1 DAGs
[2021-09-21 01:41:49,470] {logging_mixin.py:109} INFO - [2021-09-21 01:41:49,470] {dag.py:2287} INFO - Setting next_dagrun for example_branch_operator to 2021-09-19 00:00:00+00:00
[2021-09-21 01:41:49,480] {processor.py:170} INFO - Processing /home/airflow/.local/lib/python3.6/site-packages/airflow/example_dags/example_branch_operator.py took 0.074 seconds
[2021-09-21 01:42:19,511] {processor.py:162} INFO - Started process (PID=3088) to work on /home/airflow/.local/lib/python3.6/site-packages/airflow/example_dags/example_branch_operator.py
[2021-09-21 01:42:19,513] {processor.py:613} INFO - Processing file /home/airflow/.local/lib/python3.6/site-packages/airflow/example_dags/example_branch_operator.py for tasks to queue
[2021-09-21 01:42:19,514] {logging_mixin.py:109} INFO - [2021-09-21 01:42:19,514] {dagbag.py:496} INFO - Filling up the DagBag from /home/airflow/.local/lib/python3.6/site-packages/airflow/example_dags/example_branch_operator.py
[2021-09-21 01:42:19,531] {processor.py:623} INFO - DAG(s) dict_keys(['example_branch_operator']) retrieved from /home/airflow/.local/lib/python3.6/site-packages/airflow/example_dags/example_branch_operator.py
[2021-09-21 01:42:19,565] {logging_mixin.py:109} INFO - [2021-09-21 01:42:19,565] {dag.py:1834} INFO - Sync 1 DAGs
[2021-09-21 01:42:19,589] {logging_mixin.py:109} INFO - [2021-09-21 01:42:19,589] {dag.py:2287} INFO - Setting next_dagrun for example_branch_operator to 2021-09-19 00:00:00+00:00
[2021-09-21 01:42:19,604] {processor.py:170} INFO - Processing /home/airflow/.local/lib/python3.6/site-packages/airflow/example_dags/example_branch_operator.py took 0.097 seconds
[2021-09-21 01:42:49,769] {processor.py:162} INFO - Started process (PID=3153) to work on /home/airflow/.local/lib/python3.6/site-packages/airflow/example_dags/example_branch_operator.py
[2021-09-21 01:42:49,773] {processor.py:613} INFO - Processing file /home/airflow/.local/lib/python3.6/site-packages/airflow/example_dags/example_branch_operator.py for tasks to queue
[2021-09-21 01:42:49,774] {logging_mixin.py:109} INFO - [2021-09-21 01:42:49,774] {dagbag.py:496} INFO - Filling up the DagBag from /home/airflow/.local/lib/python3.6/site-packages/airflow/example_dags/example_branch_operator.py
[2021-09-21 01:42:49,791] {processor.py:623} INFO - DAG(s) dict_keys(['example_branch_operator']) retrieved from /home/airflow/.local/lib/python3.6/site-packages/airflow/example_dags/example_branch_operator.py
[2021-09-21 01:42:49,815] {logging_mixin.py:109} INFO - [2021-09-21 01:42:49,815] {dag.py:1834} INFO - Sync 1 DAGs
[2021-09-21 01:42:49,833] {logging_mixin.py:109} INFO - [2021-09-21 01:42:49,833] {dag.py:2287} INFO - Setting next_dagrun for example_branch_operator to 2021-09-19 00:00:00+00:00
[2021-09-21 01:42:49,847] {processor.py:170} INFO - Processing /home/airflow/.local/lib/python3.6/site-packages/airflow/example_dags/example_branch_operator.py took 0.081 seconds
[2021-09-21 01:43:24,911] {processor.py:162} INFO - Started process (PID=3218) to work on /home/airflow/.local/lib/python3.6/site-packages/airflow/example_dags/example_branch_operator.py
[2021-09-21 01:43:24,915] {processor.py:613} INFO - Processing file /home/airflow/.local/lib/python3.6/site-packages/airflow/example_dags/example_branch_operator.py for tasks to queue
[2021-09-21 01:43:24,917] {logging_mixin.py:109} INFO - [2021-09-21 01:43:24,917] {dagbag.py:496} INFO - Filling up the DagBag from /home/airflow/.local/lib/python3.6/site-packages/airflow/example_dags/example_branch_operator.py
[2021-09-21 01:43:24,949] {processor.py:623} INFO - DAG(s) dict_keys(['example_branch_operator']) retrieved from /home/airflow/.local/lib/python3.6/site-packages/airflow/example_dags/example_branch_operator.py
[2021-09-21 01:43:24,996] {logging_mixin.py:109} INFO - [2021-09-21 01:43:24,995] {dag.py:1834} INFO - Sync 1 DAGs
[2021-09-21 01:43:25,037] {logging_mixin.py:109} INFO - [2021-09-21 01:43:25,037] {dag.py:2287} INFO - Setting next_dagrun for example_branch_operator to 2021-09-19 00:00:00+00:00
[2021-09-21 01:43:25,058] {processor.py:170} INFO - Processing /home/airflow/.local/lib/python3.6/site-packages/airflow/example_dags/example_branch_operator.py took 0.154 seconds
[2021-09-21 01:43:56,146] {processor.py:162} INFO - Started process (PID=3275) to work on /home/airflow/.local/lib/python3.6/site-packages/airflow/example_dags/example_branch_operator.py
[2021-09-21 01:43:56,149] {processor.py:613} INFO - Processing file /home/airflow/.local/lib/python3.6/site-packages/airflow/example_dags/example_branch_operator.py for tasks to queue
[2021-09-21 01:43:56,151] {logging_mixin.py:109} INFO - [2021-09-21 01:43:56,151] {dagbag.py:496} INFO - Filling up the DagBag from /home/airflow/.local/lib/python3.6/site-packages/airflow/example_dags/example_branch_operator.py
[2021-09-21 01:43:56,167] {processor.py:623} INFO - DAG(s) dict_keys(['example_branch_operator']) retrieved from /home/airflow/.local/lib/python3.6/site-packages/airflow/example_dags/example_branch_operator.py
[2021-09-21 01:43:56,194] {logging_mixin.py:109} INFO - [2021-09-21 01:43:56,193] {dag.py:1834} INFO - Sync 1 DAGs
[2021-09-21 01:43:56,213] {logging_mixin.py:109} INFO - [2021-09-21 01:43:56,212] {dag.py:2287} INFO - Setting next_dagrun for example_branch_operator to 2021-09-19 00:00:00+00:00
[2021-09-21 01:43:56,226] {processor.py:170} INFO - Processing /home/airflow/.local/lib/python3.6/site-packages/airflow/example_dags/example_branch_operator.py took 0.084 seconds
[2021-09-21 01:44:26,858] {processor.py:162} INFO - Started process (PID=3339) to work on /home/airflow/.local/lib/python3.6/site-packages/airflow/example_dags/example_branch_operator.py
[2021-09-21 01:44:26,860] {processor.py:613} INFO - Processing file /home/airflow/.local/lib/python3.6/site-packages/airflow/example_dags/example_branch_operator.py for tasks to queue
[2021-09-21 01:44:26,862] {logging_mixin.py:109} INFO - [2021-09-21 01:44:26,861] {dagbag.py:496} INFO - Filling up the DagBag from /home/airflow/.local/lib/python3.6/site-packages/airflow/example_dags/example_branch_operator.py
[2021-09-21 01:44:26,879] {processor.py:623} INFO - DAG(s) dict_keys(['example_branch_operator']) retrieved from /home/airflow/.local/lib/python3.6/site-packages/airflow/example_dags/example_branch_operator.py
[2021-09-21 01:44:26,906] {logging_mixin.py:109} INFO - [2021-09-21 01:44:26,906] {dag.py:1834} INFO - Sync 1 DAGs
[2021-09-21 01:44:26,925] {logging_mixin.py:109} INFO - [2021-09-21 01:44:26,925] {dag.py:2287} INFO - Setting next_dagrun for example_branch_operator to 2021-09-19 00:00:00+00:00
[2021-09-21 01:44:26,939] {processor.py:170} INFO - Processing /home/airflow/.local/lib/python3.6/site-packages/airflow/example_dags/example_branch_operator.py took 0.085 seconds
[2021-09-21 01:44:57,072] {processor.py:162} INFO - Started process (PID=3391) to work on /home/airflow/.local/lib/python3.6/site-packages/airflow/example_dags/example_branch_operator.py
[2021-09-21 01:44:57,073] {processor.py:613} INFO - Processing file /home/airflow/.local/lib/python3.6/site-packages/airflow/example_dags/example_branch_operator.py for tasks to queue
[2021-09-21 01:44:57,075] {logging_mixin.py:109} INFO - [2021-09-21 01:44:57,075] {dagbag.py:496} INFO - Filling up the DagBag from /home/airflow/.local/lib/python3.6/site-packages/airflow/example_dags/example_branch_operator.py
[2021-09-21 01:44:57,091] {processor.py:623} INFO - DAG(s) dict_keys(['example_branch_operator']) retrieved from /home/airflow/.local/lib/python3.6/site-packages/airflow/example_dags/example_branch_operator.py
[2021-09-21 01:44:57,113] {logging_mixin.py:109} INFO - [2021-09-21 01:44:57,113] {dag.py:1834} INFO - Sync 1 DAGs
[2021-09-21 01:44:57,128] {logging_mixin.py:109} INFO - [2021-09-21 01:44:57,128] {dag.py:2287} INFO - Setting next_dagrun for example_branch_operator to 2021-09-19 00:00:00+00:00
[2021-09-21 01:44:57,139] {processor.py:170} INFO - Processing /home/airflow/.local/lib/python3.6/site-packages/airflow/example_dags/example_branch_operator.py took 0.071 seconds
[2021-09-21 01:45:27,891] {processor.py:162} INFO - Started process (PID=3455) to work on /home/airflow/.local/lib/python3.6/site-packages/airflow/example_dags/example_branch_operator.py
[2021-09-21 01:45:27,892] {processor.py:613} INFO - Processing file /home/airflow/.local/lib/python3.6/site-packages/airflow/example_dags/example_branch_operator.py for tasks to queue
[2021-09-21 01:45:27,894] {logging_mixin.py:109} INFO - [2021-09-21 01:45:27,894] {dagbag.py:496} INFO - Filling up the DagBag from /home/airflow/.local/lib/python3.6/site-packages/airflow/example_dags/example_branch_operator.py
[2021-09-21 01:45:27,910] {processor.py:623} INFO - DAG(s) dict_keys(['example_branch_operator']) retrieved from /home/airflow/.local/lib/python3.6/site-packages/airflow/example_dags/example_branch_operator.py
[2021-09-21 01:45:27,935] {logging_mixin.py:109} INFO - [2021-09-21 01:45:27,935] {dag.py:1834} INFO - Sync 1 DAGs
[2021-09-21 01:45:27,954] {logging_mixin.py:109} INFO - [2021-09-21 01:45:27,954] {dag.py:2287} INFO - Setting next_dagrun for example_branch_operator to 2021-09-19 00:00:00+00:00
[2021-09-21 01:45:27,967] {processor.py:170} INFO - Processing /home/airflow/.local/lib/python3.6/site-packages/airflow/example_dags/example_branch_operator.py took 0.080 seconds
[2021-09-21 01:45:58,874] {processor.py:162} INFO - Started process (PID=3520) to work on /home/airflow/.local/lib/python3.6/site-packages/airflow/example_dags/example_branch_operator.py
[2021-09-21 01:45:58,876] {processor.py:613} INFO - Processing file /home/airflow/.local/lib/python3.6/site-packages/airflow/example_dags/example_branch_operator.py for tasks to queue
[2021-09-21 01:45:58,877] {logging_mixin.py:109} INFO - [2021-09-21 01:45:58,877] {dagbag.py:496} INFO - Filling up the DagBag from /home/airflow/.local/lib/python3.6/site-packages/airflow/example_dags/example_branch_operator.py
[2021-09-21 01:45:58,894] {processor.py:623} INFO - DAG(s) dict_keys(['example_branch_operator']) retrieved from /home/airflow/.local/lib/python3.6/site-packages/airflow/example_dags/example_branch_operator.py
[2021-09-21 01:45:58,919] {logging_mixin.py:109} INFO - [2021-09-21 01:45:58,919] {dag.py:1834} INFO - Sync 1 DAGs
[2021-09-21 01:45:58,937] {logging_mixin.py:109} INFO - [2021-09-21 01:45:58,937] {dag.py:2287} INFO - Setting next_dagrun for example_branch_operator to 2021-09-19 00:00:00+00:00
[2021-09-21 01:45:58,947] {processor.py:170} INFO - Processing /home/airflow/.local/lib/python3.6/site-packages/airflow/example_dags/example_branch_operator.py took 0.076 seconds
[2021-09-21 01:46:30,114] {processor.py:162} INFO - Started process (PID=3583) to work on /home/airflow/.local/lib/python3.6/site-packages/airflow/example_dags/example_branch_operator.py
[2021-09-21 01:46:30,118] {processor.py:613} INFO - Processing file /home/airflow/.local/lib/python3.6/site-packages/airflow/example_dags/example_branch_operator.py for tasks to queue
[2021-09-21 01:46:30,122] {logging_mixin.py:109} INFO - [2021-09-21 01:46:30,121] {dagbag.py:496} INFO - Filling up the DagBag from /home/airflow/.local/lib/python3.6/site-packages/airflow/example_dags/example_branch_operator.py
[2021-09-21 01:46:30,164] {processor.py:623} INFO - DAG(s) dict_keys(['example_branch_operator']) retrieved from /home/airflow/.local/lib/python3.6/site-packages/airflow/example_dags/example_branch_operator.py
[2021-09-21 01:46:30,193] {logging_mixin.py:109} INFO - [2021-09-21 01:46:30,193] {dag.py:1834} INFO - Sync 1 DAGs
[2021-09-21 01:46:30,213] {logging_mixin.py:109} INFO - [2021-09-21 01:46:30,212] {dag.py:2287} INFO - Setting next_dagrun for example_branch_operator to 2021-09-19 00:00:00+00:00
[2021-09-21 01:46:30,225] {processor.py:170} INFO - Processing /home/airflow/.local/lib/python3.6/site-packages/airflow/example_dags/example_branch_operator.py took 0.118 seconds
[2021-09-21 01:47:01,402] {processor.py:162} INFO - Started process (PID=3639) to work on /home/airflow/.local/lib/python3.6/site-packages/airflow/example_dags/example_branch_operator.py
[2021-09-21 01:47:01,409] {processor.py:613} INFO - Processing file /home/airflow/.local/lib/python3.6/site-packages/airflow/example_dags/example_branch_operator.py for tasks to queue
[2021-09-21 01:47:01,411] {logging_mixin.py:109} INFO - [2021-09-21 01:47:01,410] {dagbag.py:496} INFO - Filling up the DagBag from /home/airflow/.local/lib/python3.6/site-packages/airflow/example_dags/example_branch_operator.py
[2021-09-21 01:47:01,436] {processor.py:623} INFO - DAG(s) dict_keys(['example_branch_operator']) retrieved from /home/airflow/.local/lib/python3.6/site-packages/airflow/example_dags/example_branch_operator.py
[2021-09-21 01:47:01,468] {logging_mixin.py:109} INFO - [2021-09-21 01:47:01,468] {dag.py:1834} INFO - Sync 1 DAGs
[2021-09-21 01:47:01,491] {logging_mixin.py:109} INFO - [2021-09-21 01:47:01,491] {dag.py:2287} INFO - Setting next_dagrun for example_branch_operator to 2021-09-19 00:00:00+00:00
[2021-09-21 01:47:01,506] {processor.py:170} INFO - Processing /home/airflow/.local/lib/python3.6/site-packages/airflow/example_dags/example_branch_operator.py took 0.110 seconds
[2021-09-21 01:47:31,706] {processor.py:162} INFO - Started process (PID=3705) to work on /home/airflow/.local/lib/python3.6/site-packages/airflow/example_dags/example_branch_operator.py
[2021-09-21 01:47:31,708] {processor.py:613} INFO - Processing file /home/airflow/.local/lib/python3.6/site-packages/airflow/example_dags/example_branch_operator.py for tasks to queue
[2021-09-21 01:47:31,710] {logging_mixin.py:109} INFO - [2021-09-21 01:47:31,710] {dagbag.py:496} INFO - Filling up the DagBag from /home/airflow/.local/lib/python3.6/site-packages/airflow/example_dags/example_branch_operator.py
[2021-09-21 01:47:31,735] {processor.py:623} INFO - DAG(s) dict_keys(['example_branch_operator']) retrieved from /home/airflow/.local/lib/python3.6/site-packages/airflow/example_dags/example_branch_operator.py
[2021-09-21 01:47:31,772] {logging_mixin.py:109} INFO - [2021-09-21 01:47:31,772] {dag.py:1834} INFO - Sync 1 DAGs
[2021-09-21 01:47:31,803] {logging_mixin.py:109} INFO - [2021-09-21 01:47:31,803] {dag.py:2287} INFO - Setting next_dagrun for example_branch_operator to 2021-09-19 00:00:00+00:00
[2021-09-21 01:47:31,826] {processor.py:170} INFO - Processing /home/airflow/.local/lib/python3.6/site-packages/airflow/example_dags/example_branch_operator.py took 0.125 seconds
[2021-09-21 01:48:02,722] {processor.py:162} INFO - Started process (PID=3757) to work on /home/airflow/.local/lib/python3.6/site-packages/airflow/example_dags/example_branch_operator.py
[2021-09-21 01:48:02,723] {processor.py:613} INFO - Processing file /home/airflow/.local/lib/python3.6/site-packages/airflow/example_dags/example_branch_operator.py for tasks to queue
[2021-09-21 01:48:02,725] {logging_mixin.py:109} INFO - [2021-09-21 01:48:02,725] {dagbag.py:496} INFO - Filling up the DagBag from /home/airflow/.local/lib/python3.6/site-packages/airflow/example_dags/example_branch_operator.py
[2021-09-21 01:48:02,744] {processor.py:623} INFO - DAG(s) dict_keys(['example_branch_operator']) retrieved from /home/airflow/.local/lib/python3.6/site-packages/airflow/example_dags/example_branch_operator.py
[2021-09-21 01:48:02,775] {logging_mixin.py:109} INFO - [2021-09-21 01:48:02,774] {dag.py:1834} INFO - Sync 1 DAGs
[2021-09-21 01:48:02,795] {logging_mixin.py:109} INFO - [2021-09-21 01:48:02,795] {dag.py:2287} INFO - Setting next_dagrun for example_branch_operator to 2021-09-19 00:00:00+00:00
[2021-09-21 01:48:02,811] {processor.py:170} INFO - Processing /home/airflow/.local/lib/python3.6/site-packages/airflow/example_dags/example_branch_operator.py took 0.093 seconds
[2021-09-21 01:48:33,032] {processor.py:162} INFO - Started process (PID=3822) to work on /home/airflow/.local/lib/python3.6/site-packages/airflow/example_dags/example_branch_operator.py
[2021-09-21 01:48:33,034] {processor.py:613} INFO - Processing file /home/airflow/.local/lib/python3.6/site-packages/airflow/example_dags/example_branch_operator.py for tasks to queue
[2021-09-21 01:48:33,035] {logging_mixin.py:109} INFO - [2021-09-21 01:48:33,035] {dagbag.py:496} INFO - Filling up the DagBag from /home/airflow/.local/lib/python3.6/site-packages/airflow/example_dags/example_branch_operator.py
[2021-09-21 01:48:33,057] {processor.py:623} INFO - DAG(s) dict_keys(['example_branch_operator']) retrieved from /home/airflow/.local/lib/python3.6/site-packages/airflow/example_dags/example_branch_operator.py
[2021-09-21 01:48:33,083] {logging_mixin.py:109} INFO - [2021-09-21 01:48:33,083] {dag.py:1834} INFO - Sync 1 DAGs
[2021-09-21 01:48:33,103] {logging_mixin.py:109} INFO - [2021-09-21 01:48:33,103] {dag.py:2287} INFO - Setting next_dagrun for example_branch_operator to 2021-09-19 00:00:00+00:00
[2021-09-21 01:48:33,118] {processor.py:170} INFO - Processing /home/airflow/.local/lib/python3.6/site-packages/airflow/example_dags/example_branch_operator.py took 0.090 seconds
[2021-09-21 01:49:03,281] {processor.py:162} INFO - Started process (PID=3874) to work on /home/airflow/.local/lib/python3.6/site-packages/airflow/example_dags/example_branch_operator.py
[2021-09-21 01:49:03,284] {processor.py:613} INFO - Processing file /home/airflow/.local/lib/python3.6/site-packages/airflow/example_dags/example_branch_operator.py for tasks to queue
[2021-09-21 01:49:03,285] {logging_mixin.py:109} INFO - [2021-09-21 01:49:03,285] {dagbag.py:496} INFO - Filling up the DagBag from /home/airflow/.local/lib/python3.6/site-packages/airflow/example_dags/example_branch_operator.py
[2021-09-21 01:49:03,302] {processor.py:623} INFO - DAG(s) dict_keys(['example_branch_operator']) retrieved from /home/airflow/.local/lib/python3.6/site-packages/airflow/example_dags/example_branch_operator.py
[2021-09-21 01:49:03,328] {logging_mixin.py:109} INFO - [2021-09-21 01:49:03,328] {dag.py:1834} INFO - Sync 1 DAGs
[2021-09-21 01:49:03,347] {logging_mixin.py:109} INFO - [2021-09-21 01:49:03,347] {dag.py:2287} INFO - Setting next_dagrun for example_branch_operator to 2021-09-19 00:00:00+00:00
[2021-09-21 01:49:03,364] {processor.py:170} INFO - Processing /home/airflow/.local/lib/python3.6/site-packages/airflow/example_dags/example_branch_operator.py took 0.087 seconds
[2021-09-21 01:49:33,589] {processor.py:162} INFO - Started process (PID=3937) to work on /home/airflow/.local/lib/python3.6/site-packages/airflow/example_dags/example_branch_operator.py
[2021-09-21 01:49:33,592] {processor.py:613} INFO - Processing file /home/airflow/.local/lib/python3.6/site-packages/airflow/example_dags/example_branch_operator.py for tasks to queue
[2021-09-21 01:49:33,593] {logging_mixin.py:109} INFO - [2021-09-21 01:49:33,593] {dagbag.py:496} INFO - Filling up the DagBag from /home/airflow/.local/lib/python3.6/site-packages/airflow/example_dags/example_branch_operator.py
[2021-09-21 01:49:33,611] {processor.py:623} INFO - DAG(s) dict_keys(['example_branch_operator']) retrieved from /home/airflow/.local/lib/python3.6/site-packages/airflow/example_dags/example_branch_operator.py
[2021-09-21 01:49:33,636] {logging_mixin.py:109} INFO - [2021-09-21 01:49:33,636] {dag.py:1834} INFO - Sync 1 DAGs
[2021-09-21 01:49:33,654] {logging_mixin.py:109} INFO - [2021-09-21 01:49:33,654] {dag.py:2287} INFO - Setting next_dagrun for example_branch_operator to 2021-09-19 00:00:00+00:00
[2021-09-21 01:49:33,669] {processor.py:170} INFO - Processing /home/airflow/.local/lib/python3.6/site-packages/airflow/example_dags/example_branch_operator.py took 0.084 seconds
[2021-09-21 01:50:03,971] {processor.py:162} INFO - Started process (PID=4001) to work on /home/airflow/.local/lib/python3.6/site-packages/airflow/example_dags/example_branch_operator.py
[2021-09-21 01:50:03,973] {processor.py:613} INFO - Processing file /home/airflow/.local/lib/python3.6/site-packages/airflow/example_dags/example_branch_operator.py for tasks to queue
[2021-09-21 01:50:03,975] {logging_mixin.py:109} INFO - [2021-09-21 01:50:03,975] {dagbag.py:496} INFO - Filling up the DagBag from /home/airflow/.local/lib/python3.6/site-packages/airflow/example_dags/example_branch_operator.py
[2021-09-21 01:50:03,994] {processor.py:623} INFO - DAG(s) dict_keys(['example_branch_operator']) retrieved from /home/airflow/.local/lib/python3.6/site-packages/airflow/example_dags/example_branch_operator.py
[2021-09-21 01:50:04,023] {logging_mixin.py:109} INFO - [2021-09-21 01:50:04,023] {dag.py:1834} INFO - Sync 1 DAGs
[2021-09-21 01:50:04,043] {logging_mixin.py:109} INFO - [2021-09-21 01:50:04,043] {dag.py:2287} INFO - Setting next_dagrun for example_branch_operator to 2021-09-19 00:00:00+00:00
[2021-09-21 01:50:04,057] {processor.py:170} INFO - Processing /home/airflow/.local/lib/python3.6/site-packages/airflow/example_dags/example_branch_operator.py took 0.090 seconds
[2021-09-21 01:50:34,879] {processor.py:162} INFO - Started process (PID=4052) to work on /home/airflow/.local/lib/python3.6/site-packages/airflow/example_dags/example_branch_operator.py
[2021-09-21 01:50:34,881] {processor.py:613} INFO - Processing file /home/airflow/.local/lib/python3.6/site-packages/airflow/example_dags/example_branch_operator.py for tasks to queue
[2021-09-21 01:50:34,883] {logging_mixin.py:109} INFO - [2021-09-21 01:50:34,882] {dagbag.py:496} INFO - Filling up the DagBag from /home/airflow/.local/lib/python3.6/site-packages/airflow/example_dags/example_branch_operator.py
[2021-09-21 01:50:34,902] {processor.py:623} INFO - DAG(s) dict_keys(['example_branch_operator']) retrieved from /home/airflow/.local/lib/python3.6/site-packages/airflow/example_dags/example_branch_operator.py
[2021-09-21 01:50:34,931] {logging_mixin.py:109} INFO - [2021-09-21 01:50:34,931] {dag.py:1834} INFO - Sync 1 DAGs
[2021-09-21 01:50:34,950] {logging_mixin.py:109} INFO - [2021-09-21 01:50:34,950] {dag.py:2287} INFO - Setting next_dagrun for example_branch_operator to 2021-09-19 00:00:00+00:00
[2021-09-21 01:50:34,965] {processor.py:170} INFO - Processing /home/airflow/.local/lib/python3.6/site-packages/airflow/example_dags/example_branch_operator.py took 0.091 seconds
[2021-09-21 01:51:05,087] {processor.py:162} INFO - Started process (PID=4116) to work on /home/airflow/.local/lib/python3.6/site-packages/airflow/example_dags/example_branch_operator.py
[2021-09-21 01:51:05,089] {processor.py:613} INFO - Processing file /home/airflow/.local/lib/python3.6/site-packages/airflow/example_dags/example_branch_operator.py for tasks to queue
[2021-09-21 01:51:05,090] {logging_mixin.py:109} INFO - [2021-09-21 01:51:05,090] {dagbag.py:496} INFO - Filling up the DagBag from /home/airflow/.local/lib/python3.6/site-packages/airflow/example_dags/example_branch_operator.py
[2021-09-21 01:51:05,107] {processor.py:623} INFO - DAG(s) dict_keys(['example_branch_operator']) retrieved from /home/airflow/.local/lib/python3.6/site-packages/airflow/example_dags/example_branch_operator.py
[2021-09-21 01:51:05,129] {logging_mixin.py:109} INFO - [2021-09-21 01:51:05,129] {dag.py:1834} INFO - Sync 1 DAGs
[2021-09-21 01:51:05,146] {logging_mixin.py:109} INFO - [2021-09-21 01:51:05,146] {dag.py:2287} INFO - Setting next_dagrun for example_branch_operator to 2021-09-19 00:00:00+00:00
[2021-09-21 01:51:05,159] {processor.py:170} INFO - Processing /home/airflow/.local/lib/python3.6/site-packages/airflow/example_dags/example_branch_operator.py took 0.076 seconds
[2021-09-21 01:51:35,455] {processor.py:162} INFO - Started process (PID=4169) to work on /home/airflow/.local/lib/python3.6/site-packages/airflow/example_dags/example_branch_operator.py
[2021-09-21 01:51:35,456] {processor.py:613} INFO - Processing file /home/airflow/.local/lib/python3.6/site-packages/airflow/example_dags/example_branch_operator.py for tasks to queue
[2021-09-21 01:51:35,458] {logging_mixin.py:109} INFO - [2021-09-21 01:51:35,458] {dagbag.py:496} INFO - Filling up the DagBag from /home/airflow/.local/lib/python3.6/site-packages/airflow/example_dags/example_branch_operator.py
[2021-09-21 01:51:35,475] {processor.py:623} INFO - DAG(s) dict_keys(['example_branch_operator']) retrieved from /home/airflow/.local/lib/python3.6/site-packages/airflow/example_dags/example_branch_operator.py
[2021-09-21 01:51:35,499] {logging_mixin.py:109} INFO - [2021-09-21 01:51:35,499] {dag.py:1834} INFO - Sync 1 DAGs
[2021-09-21 01:51:35,517] {logging_mixin.py:109} INFO - [2021-09-21 01:51:35,517] {dag.py:2287} INFO - Setting next_dagrun for example_branch_operator to 2021-09-19 00:00:00+00:00
[2021-09-21 01:51:35,530] {processor.py:170} INFO - Processing /home/airflow/.local/lib/python3.6/site-packages/airflow/example_dags/example_branch_operator.py took 0.079 seconds
[2021-09-21 01:52:05,807] {processor.py:162} INFO - Started process (PID=4232) to work on /home/airflow/.local/lib/python3.6/site-packages/airflow/example_dags/example_branch_operator.py
[2021-09-21 01:52:05,810] {processor.py:613} INFO - Processing file /home/airflow/.local/lib/python3.6/site-packages/airflow/example_dags/example_branch_operator.py for tasks to queue
[2021-09-21 01:52:05,812] {logging_mixin.py:109} INFO - [2021-09-21 01:52:05,812] {dagbag.py:496} INFO - Filling up the DagBag from /home/airflow/.local/lib/python3.6/site-packages/airflow/example_dags/example_branch_operator.py
[2021-09-21 01:52:05,829] {processor.py:623} INFO - DAG(s) dict_keys(['example_branch_operator']) retrieved from /home/airflow/.local/lib/python3.6/site-packages/airflow/example_dags/example_branch_operator.py
[2021-09-21 01:52:05,861] {logging_mixin.py:109} INFO - [2021-09-21 01:52:05,860] {dag.py:1834} INFO - Sync 1 DAGs
[2021-09-21 01:52:05,889] {logging_mixin.py:109} INFO - [2021-09-21 01:52:05,888] {dag.py:2287} INFO - Setting next_dagrun for example_branch_operator to 2021-09-19 00:00:00+00:00
[2021-09-21 01:52:05,902] {processor.py:170} INFO - Processing /home/airflow/.local/lib/python3.6/site-packages/airflow/example_dags/example_branch_operator.py took 0.101 seconds
[2021-09-21 01:52:36,082] {processor.py:162} INFO - Started process (PID=4287) to work on /home/airflow/.local/lib/python3.6/site-packages/airflow/example_dags/example_branch_operator.py
[2021-09-21 01:52:36,084] {processor.py:613} INFO - Processing file /home/airflow/.local/lib/python3.6/site-packages/airflow/example_dags/example_branch_operator.py for tasks to queue
[2021-09-21 01:52:36,086] {logging_mixin.py:109} INFO - [2021-09-21 01:52:36,086] {dagbag.py:496} INFO - Filling up the DagBag from /home/airflow/.local/lib/python3.6/site-packages/airflow/example_dags/example_branch_operator.py
[2021-09-21 01:52:36,106] {processor.py:623} INFO - DAG(s) dict_keys(['example_branch_operator']) retrieved from /home/airflow/.local/lib/python3.6/site-packages/airflow/example_dags/example_branch_operator.py
[2021-09-21 01:52:36,137] {logging_mixin.py:109} INFO - [2021-09-21 01:52:36,137] {dag.py:1834} INFO - Sync 1 DAGs
[2021-09-21 01:52:36,156] {logging_mixin.py:109} INFO - [2021-09-21 01:52:36,156] {dag.py:2287} INFO - Setting next_dagrun for example_branch_operator to 2021-09-19 00:00:00+00:00
[2021-09-21 01:52:36,168] {processor.py:170} INFO - Processing /home/airflow/.local/lib/python3.6/site-packages/airflow/example_dags/example_branch_operator.py took 0.091 seconds
