[2021-09-21 01:17:38,887] {processor.py:162} INFO - Started process (PID=274) to work on /home/airflow/.local/lib/python3.6/site-packages/airflow/example_dags/example_skip_dag.py
[2021-09-21 01:17:38,890] {processor.py:613} INFO - Processing file /home/airflow/.local/lib/python3.6/site-packages/airflow/example_dags/example_skip_dag.py for tasks to queue
[2021-09-21 01:17:38,891] {logging_mixin.py:109} INFO - [2021-09-21 01:17:38,891] {dagbag.py:496} INFO - Filling up the DagBag from /home/airflow/.local/lib/python3.6/site-packages/airflow/example_dags/example_skip_dag.py
[2021-09-21 01:17:38,908] {processor.py:623} INFO - DAG(s) dict_keys(['example_skip_dag']) retrieved from /home/airflow/.local/lib/python3.6/site-packages/airflow/example_dags/example_skip_dag.py
[2021-09-21 01:17:40,864] {logging_mixin.py:109} INFO - [2021-09-21 01:17:40,863] {dag.py:1834} INFO - Sync 1 DAGs
[2021-09-21 01:17:40,878] {logging_mixin.py:109} INFO - [2021-09-21 01:17:40,877] {dag.py:1853} INFO - Creating ORM DAG for example_skip_dag
[2021-09-21 01:17:40,882] {logging_mixin.py:109} INFO - [2021-09-21 01:17:40,882] {dag.py:2287} INFO - Setting next_dagrun for example_skip_dag to 2021-09-19 00:00:00+00:00
[2021-09-21 01:17:40,896] {processor.py:170} INFO - Processing /home/airflow/.local/lib/python3.6/site-packages/airflow/example_dags/example_skip_dag.py took 2.013 seconds
[2021-09-21 01:18:11,144] {processor.py:162} INFO - Started process (PID=351) to work on /home/airflow/.local/lib/python3.6/site-packages/airflow/example_dags/example_skip_dag.py
[2021-09-21 01:18:11,146] {processor.py:613} INFO - Processing file /home/airflow/.local/lib/python3.6/site-packages/airflow/example_dags/example_skip_dag.py for tasks to queue
[2021-09-21 01:18:11,148] {logging_mixin.py:109} INFO - [2021-09-21 01:18:11,148] {dagbag.py:496} INFO - Filling up the DagBag from /home/airflow/.local/lib/python3.6/site-packages/airflow/example_dags/example_skip_dag.py
[2021-09-21 01:18:11,161] {processor.py:623} INFO - DAG(s) dict_keys(['example_skip_dag']) retrieved from /home/airflow/.local/lib/python3.6/site-packages/airflow/example_dags/example_skip_dag.py
[2021-09-21 01:18:11,188] {logging_mixin.py:109} INFO - [2021-09-21 01:18:11,188] {dag.py:1834} INFO - Sync 1 DAGs
[2021-09-21 01:18:11,203] {logging_mixin.py:109} INFO - [2021-09-21 01:18:11,202] {dag.py:2287} INFO - Setting next_dagrun for example_skip_dag to 2021-09-19 00:00:00+00:00
[2021-09-21 01:18:11,215] {processor.py:170} INFO - Processing /home/airflow/.local/lib/python3.6/site-packages/airflow/example_dags/example_skip_dag.py took 0.074 seconds
[2021-09-21 01:18:41,265] {processor.py:162} INFO - Started process (PID=416) to work on /home/airflow/.local/lib/python3.6/site-packages/airflow/example_dags/example_skip_dag.py
[2021-09-21 01:18:41,267] {processor.py:613} INFO - Processing file /home/airflow/.local/lib/python3.6/site-packages/airflow/example_dags/example_skip_dag.py for tasks to queue
[2021-09-21 01:18:41,269] {logging_mixin.py:109} INFO - [2021-09-21 01:18:41,269] {dagbag.py:496} INFO - Filling up the DagBag from /home/airflow/.local/lib/python3.6/site-packages/airflow/example_dags/example_skip_dag.py
[2021-09-21 01:18:41,282] {processor.py:623} INFO - DAG(s) dict_keys(['example_skip_dag']) retrieved from /home/airflow/.local/lib/python3.6/site-packages/airflow/example_dags/example_skip_dag.py
[2021-09-21 01:18:41,306] {logging_mixin.py:109} INFO - [2021-09-21 01:18:41,306] {dag.py:1834} INFO - Sync 1 DAGs
[2021-09-21 01:18:41,322] {logging_mixin.py:109} INFO - [2021-09-21 01:18:41,322] {dag.py:2287} INFO - Setting next_dagrun for example_skip_dag to 2021-09-19 00:00:00+00:00
[2021-09-21 01:18:41,332] {processor.py:170} INFO - Processing /home/airflow/.local/lib/python3.6/site-packages/airflow/example_dags/example_skip_dag.py took 0.071 seconds
[2021-09-21 01:19:11,449] {processor.py:162} INFO - Started process (PID=468) to work on /home/airflow/.local/lib/python3.6/site-packages/airflow/example_dags/example_skip_dag.py
[2021-09-21 01:19:11,451] {processor.py:613} INFO - Processing file /home/airflow/.local/lib/python3.6/site-packages/airflow/example_dags/example_skip_dag.py for tasks to queue
[2021-09-21 01:19:11,454] {logging_mixin.py:109} INFO - [2021-09-21 01:19:11,454] {dagbag.py:496} INFO - Filling up the DagBag from /home/airflow/.local/lib/python3.6/site-packages/airflow/example_dags/example_skip_dag.py
[2021-09-21 01:19:11,467] {processor.py:623} INFO - DAG(s) dict_keys(['example_skip_dag']) retrieved from /home/airflow/.local/lib/python3.6/site-packages/airflow/example_dags/example_skip_dag.py
[2021-09-21 01:19:11,492] {logging_mixin.py:109} INFO - [2021-09-21 01:19:11,492] {dag.py:1834} INFO - Sync 1 DAGs
[2021-09-21 01:19:11,508] {logging_mixin.py:109} INFO - [2021-09-21 01:19:11,508] {dag.py:2287} INFO - Setting next_dagrun for example_skip_dag to 2021-09-19 00:00:00+00:00
[2021-09-21 01:19:11,520] {processor.py:170} INFO - Processing /home/airflow/.local/lib/python3.6/site-packages/airflow/example_dags/example_skip_dag.py took 0.076 seconds
[2021-09-21 01:19:41,639] {processor.py:162} INFO - Started process (PID=532) to work on /home/airflow/.local/lib/python3.6/site-packages/airflow/example_dags/example_skip_dag.py
[2021-09-21 01:19:41,641] {processor.py:613} INFO - Processing file /home/airflow/.local/lib/python3.6/site-packages/airflow/example_dags/example_skip_dag.py for tasks to queue
[2021-09-21 01:19:41,642] {logging_mixin.py:109} INFO - [2021-09-21 01:19:41,642] {dagbag.py:496} INFO - Filling up the DagBag from /home/airflow/.local/lib/python3.6/site-packages/airflow/example_dags/example_skip_dag.py
[2021-09-21 01:19:41,654] {processor.py:623} INFO - DAG(s) dict_keys(['example_skip_dag']) retrieved from /home/airflow/.local/lib/python3.6/site-packages/airflow/example_dags/example_skip_dag.py
[2021-09-21 01:19:41,677] {logging_mixin.py:109} INFO - [2021-09-21 01:19:41,676] {dag.py:1834} INFO - Sync 1 DAGs
[2021-09-21 01:19:41,689] {logging_mixin.py:109} INFO - [2021-09-21 01:19:41,689] {dag.py:2287} INFO - Setting next_dagrun for example_skip_dag to 2021-09-19 00:00:00+00:00
[2021-09-21 01:19:41,699] {processor.py:170} INFO - Processing /home/airflow/.local/lib/python3.6/site-packages/airflow/example_dags/example_skip_dag.py took 0.063 seconds
[2021-09-21 01:20:11,745] {processor.py:162} INFO - Started process (PID=594) to work on /home/airflow/.local/lib/python3.6/site-packages/airflow/example_dags/example_skip_dag.py
[2021-09-21 01:20:11,747] {processor.py:613} INFO - Processing file /home/airflow/.local/lib/python3.6/site-packages/airflow/example_dags/example_skip_dag.py for tasks to queue
[2021-09-21 01:20:11,749] {logging_mixin.py:109} INFO - [2021-09-21 01:20:11,749] {dagbag.py:496} INFO - Filling up the DagBag from /home/airflow/.local/lib/python3.6/site-packages/airflow/example_dags/example_skip_dag.py
[2021-09-21 01:20:11,772] {processor.py:623} INFO - DAG(s) dict_keys(['example_skip_dag']) retrieved from /home/airflow/.local/lib/python3.6/site-packages/airflow/example_dags/example_skip_dag.py
[2021-09-21 01:20:11,813] {logging_mixin.py:109} INFO - [2021-09-21 01:20:11,813] {dag.py:1834} INFO - Sync 1 DAGs
[2021-09-21 01:20:11,848] {logging_mixin.py:109} INFO - [2021-09-21 01:20:11,848] {dag.py:2287} INFO - Setting next_dagrun for example_skip_dag to 2021-09-19 00:00:00+00:00
[2021-09-21 01:20:11,865] {processor.py:170} INFO - Processing /home/airflow/.local/lib/python3.6/site-packages/airflow/example_dags/example_skip_dag.py took 0.125 seconds
[2021-09-21 01:20:42,605] {processor.py:162} INFO - Started process (PID=653) to work on /home/airflow/.local/lib/python3.6/site-packages/airflow/example_dags/example_skip_dag.py
[2021-09-21 01:20:42,607] {processor.py:613} INFO - Processing file /home/airflow/.local/lib/python3.6/site-packages/airflow/example_dags/example_skip_dag.py for tasks to queue
[2021-09-21 01:20:42,608] {logging_mixin.py:109} INFO - [2021-09-21 01:20:42,608] {dagbag.py:496} INFO - Filling up the DagBag from /home/airflow/.local/lib/python3.6/site-packages/airflow/example_dags/example_skip_dag.py
[2021-09-21 01:20:42,620] {processor.py:623} INFO - DAG(s) dict_keys(['example_skip_dag']) retrieved from /home/airflow/.local/lib/python3.6/site-packages/airflow/example_dags/example_skip_dag.py
[2021-09-21 01:20:42,645] {logging_mixin.py:109} INFO - [2021-09-21 01:20:42,645] {dag.py:1834} INFO - Sync 1 DAGs
[2021-09-21 01:20:42,660] {logging_mixin.py:109} INFO - [2021-09-21 01:20:42,660] {dag.py:2287} INFO - Setting next_dagrun for example_skip_dag to 2021-09-19 00:00:00+00:00
[2021-09-21 01:20:42,670] {processor.py:170} INFO - Processing /home/airflow/.local/lib/python3.6/site-packages/airflow/example_dags/example_skip_dag.py took 0.069 seconds
[2021-09-21 01:21:13,260] {processor.py:162} INFO - Started process (PID=718) to work on /home/airflow/.local/lib/python3.6/site-packages/airflow/example_dags/example_skip_dag.py
[2021-09-21 01:21:13,262] {processor.py:613} INFO - Processing file /home/airflow/.local/lib/python3.6/site-packages/airflow/example_dags/example_skip_dag.py for tasks to queue
[2021-09-21 01:21:13,264] {logging_mixin.py:109} INFO - [2021-09-21 01:21:13,264] {dagbag.py:496} INFO - Filling up the DagBag from /home/airflow/.local/lib/python3.6/site-packages/airflow/example_dags/example_skip_dag.py
[2021-09-21 01:21:13,282] {processor.py:623} INFO - DAG(s) dict_keys(['example_skip_dag']) retrieved from /home/airflow/.local/lib/python3.6/site-packages/airflow/example_dags/example_skip_dag.py
[2021-09-21 01:21:13,311] {logging_mixin.py:109} INFO - [2021-09-21 01:21:13,311] {dag.py:1834} INFO - Sync 1 DAGs
[2021-09-21 01:21:13,329] {logging_mixin.py:109} INFO - [2021-09-21 01:21:13,329] {dag.py:2287} INFO - Setting next_dagrun for example_skip_dag to 2021-09-19 00:00:00+00:00
[2021-09-21 01:21:13,341] {processor.py:170} INFO - Processing /home/airflow/.local/lib/python3.6/site-packages/airflow/example_dags/example_skip_dag.py took 0.085 seconds
[2021-09-21 01:21:43,558] {processor.py:162} INFO - Started process (PID=770) to work on /home/airflow/.local/lib/python3.6/site-packages/airflow/example_dags/example_skip_dag.py
[2021-09-21 01:21:43,560] {processor.py:613} INFO - Processing file /home/airflow/.local/lib/python3.6/site-packages/airflow/example_dags/example_skip_dag.py for tasks to queue
[2021-09-21 01:21:43,561] {logging_mixin.py:109} INFO - [2021-09-21 01:21:43,561] {dagbag.py:496} INFO - Filling up the DagBag from /home/airflow/.local/lib/python3.6/site-packages/airflow/example_dags/example_skip_dag.py
[2021-09-21 01:21:43,574] {processor.py:623} INFO - DAG(s) dict_keys(['example_skip_dag']) retrieved from /home/airflow/.local/lib/python3.6/site-packages/airflow/example_dags/example_skip_dag.py
[2021-09-21 01:21:43,603] {logging_mixin.py:109} INFO - [2021-09-21 01:21:43,602] {dag.py:1834} INFO - Sync 1 DAGs
[2021-09-21 01:21:43,620] {logging_mixin.py:109} INFO - [2021-09-21 01:21:43,620] {dag.py:2287} INFO - Setting next_dagrun for example_skip_dag to 2021-09-19 00:00:00+00:00
[2021-09-21 01:21:43,632] {processor.py:170} INFO - Processing /home/airflow/.local/lib/python3.6/site-packages/airflow/example_dags/example_skip_dag.py took 0.078 seconds
[2021-09-21 01:22:15,553] {processor.py:162} INFO - Started process (PID=835) to work on /home/airflow/.local/lib/python3.6/site-packages/airflow/example_dags/example_skip_dag.py
[2021-09-21 01:22:15,556] {processor.py:613} INFO - Processing file /home/airflow/.local/lib/python3.6/site-packages/airflow/example_dags/example_skip_dag.py for tasks to queue
[2021-09-21 01:22:15,557] {logging_mixin.py:109} INFO - [2021-09-21 01:22:15,557] {dagbag.py:496} INFO - Filling up the DagBag from /home/airflow/.local/lib/python3.6/site-packages/airflow/example_dags/example_skip_dag.py
[2021-09-21 01:22:15,572] {processor.py:623} INFO - DAG(s) dict_keys(['example_skip_dag']) retrieved from /home/airflow/.local/lib/python3.6/site-packages/airflow/example_dags/example_skip_dag.py
[2021-09-21 01:22:15,606] {logging_mixin.py:109} INFO - [2021-09-21 01:22:15,606] {dag.py:1834} INFO - Sync 1 DAGs
[2021-09-21 01:22:15,625] {logging_mixin.py:109} INFO - [2021-09-21 01:22:15,625] {dag.py:2287} INFO - Setting next_dagrun for example_skip_dag to 2021-09-19 00:00:00+00:00
[2021-09-21 01:22:15,638] {processor.py:170} INFO - Processing /home/airflow/.local/lib/python3.6/site-packages/airflow/example_dags/example_skip_dag.py took 0.089 seconds
[2021-09-21 01:22:45,939] {processor.py:162} INFO - Started process (PID=894) to work on /home/airflow/.local/lib/python3.6/site-packages/airflow/example_dags/example_skip_dag.py
[2021-09-21 01:22:45,945] {processor.py:613} INFO - Processing file /home/airflow/.local/lib/python3.6/site-packages/airflow/example_dags/example_skip_dag.py for tasks to queue
[2021-09-21 01:22:45,951] {logging_mixin.py:109} INFO - [2021-09-21 01:22:45,950] {dagbag.py:496} INFO - Filling up the DagBag from /home/airflow/.local/lib/python3.6/site-packages/airflow/example_dags/example_skip_dag.py
[2021-09-21 01:22:45,994] {processor.py:623} INFO - DAG(s) dict_keys(['example_skip_dag']) retrieved from /home/airflow/.local/lib/python3.6/site-packages/airflow/example_dags/example_skip_dag.py
[2021-09-21 01:22:46,064] {logging_mixin.py:109} INFO - [2021-09-21 01:22:46,064] {dag.py:1834} INFO - Sync 1 DAGs
[2021-09-21 01:22:46,101] {logging_mixin.py:109} INFO - [2021-09-21 01:22:46,101] {dag.py:2287} INFO - Setting next_dagrun for example_skip_dag to 2021-09-19 00:00:00+00:00
[2021-09-21 01:22:46,121] {processor.py:170} INFO - Processing /home/airflow/.local/lib/python3.6/site-packages/airflow/example_dags/example_skip_dag.py took 0.192 seconds
[2021-09-21 01:23:18,432] {processor.py:162} INFO - Started process (PID=952) to work on /home/airflow/.local/lib/python3.6/site-packages/airflow/example_dags/example_skip_dag.py
[2021-09-21 01:23:18,865] {processor.py:613} INFO - Processing file /home/airflow/.local/lib/python3.6/site-packages/airflow/example_dags/example_skip_dag.py for tasks to queue
[2021-09-21 01:23:19,059] {logging_mixin.py:109} INFO - [2021-09-21 01:23:19,044] {dagbag.py:496} INFO - Filling up the DagBag from /home/airflow/.local/lib/python3.6/site-packages/airflow/example_dags/example_skip_dag.py
[2021-09-21 01:23:21,359] {processor.py:623} INFO - DAG(s) dict_keys(['example_skip_dag']) retrieved from /home/airflow/.local/lib/python3.6/site-packages/airflow/example_dags/example_skip_dag.py
[2021-09-21 01:23:21,592] {logging_mixin.py:109} INFO - [2021-09-21 01:23:21,591] {dag.py:1834} INFO - Sync 1 DAGs
[2021-09-21 01:23:21,684] {logging_mixin.py:109} INFO - [2021-09-21 01:23:21,684] {dag.py:2287} INFO - Setting next_dagrun for example_skip_dag to 2021-09-19 00:00:00+00:00
[2021-09-21 01:23:21,772] {processor.py:170} INFO - Processing /home/airflow/.local/lib/python3.6/site-packages/airflow/example_dags/example_skip_dag.py took 3.408 seconds
[2021-09-21 01:23:52,565] {processor.py:162} INFO - Started process (PID=1006) to work on /home/airflow/.local/lib/python3.6/site-packages/airflow/example_dags/example_skip_dag.py
[2021-09-21 01:23:52,569] {processor.py:613} INFO - Processing file /home/airflow/.local/lib/python3.6/site-packages/airflow/example_dags/example_skip_dag.py for tasks to queue
[2021-09-21 01:23:52,571] {logging_mixin.py:109} INFO - [2021-09-21 01:23:52,570] {dagbag.py:496} INFO - Filling up the DagBag from /home/airflow/.local/lib/python3.6/site-packages/airflow/example_dags/example_skip_dag.py
[2021-09-21 01:23:52,588] {processor.py:623} INFO - DAG(s) dict_keys(['example_skip_dag']) retrieved from /home/airflow/.local/lib/python3.6/site-packages/airflow/example_dags/example_skip_dag.py
[2021-09-21 01:23:52,617] {logging_mixin.py:109} INFO - [2021-09-21 01:23:52,617] {dag.py:1834} INFO - Sync 1 DAGs
[2021-09-21 01:23:52,634] {logging_mixin.py:109} INFO - [2021-09-21 01:23:52,634] {dag.py:2287} INFO - Setting next_dagrun for example_skip_dag to 2021-09-19 00:00:00+00:00
[2021-09-21 01:23:52,650] {processor.py:170} INFO - Processing /home/airflow/.local/lib/python3.6/site-packages/airflow/example_dags/example_skip_dag.py took 0.089 seconds
[2021-09-21 01:24:22,689] {processor.py:162} INFO - Started process (PID=1058) to work on /home/airflow/.local/lib/python3.6/site-packages/airflow/example_dags/example_skip_dag.py
[2021-09-21 01:24:22,691] {processor.py:613} INFO - Processing file /home/airflow/.local/lib/python3.6/site-packages/airflow/example_dags/example_skip_dag.py for tasks to queue
[2021-09-21 01:24:22,692] {logging_mixin.py:109} INFO - [2021-09-21 01:24:22,692] {dagbag.py:496} INFO - Filling up the DagBag from /home/airflow/.local/lib/python3.6/site-packages/airflow/example_dags/example_skip_dag.py
[2021-09-21 01:24:22,706] {processor.py:623} INFO - DAG(s) dict_keys(['example_skip_dag']) retrieved from /home/airflow/.local/lib/python3.6/site-packages/airflow/example_dags/example_skip_dag.py
[2021-09-21 01:24:22,734] {logging_mixin.py:109} INFO - [2021-09-21 01:24:22,734] {dag.py:1834} INFO - Sync 1 DAGs
[2021-09-21 01:24:22,752] {logging_mixin.py:109} INFO - [2021-09-21 01:24:22,752] {dag.py:2287} INFO - Setting next_dagrun for example_skip_dag to 2021-09-19 00:00:00+00:00
[2021-09-21 01:24:22,766] {processor.py:170} INFO - Processing /home/airflow/.local/lib/python3.6/site-packages/airflow/example_dags/example_skip_dag.py took 0.081 seconds
[2021-09-21 01:24:53,362] {processor.py:162} INFO - Started process (PID=1110) to work on /home/airflow/.local/lib/python3.6/site-packages/airflow/example_dags/example_skip_dag.py
[2021-09-21 01:24:53,365] {processor.py:613} INFO - Processing file /home/airflow/.local/lib/python3.6/site-packages/airflow/example_dags/example_skip_dag.py for tasks to queue
[2021-09-21 01:24:53,368] {logging_mixin.py:109} INFO - [2021-09-21 01:24:53,367] {dagbag.py:496} INFO - Filling up the DagBag from /home/airflow/.local/lib/python3.6/site-packages/airflow/example_dags/example_skip_dag.py
[2021-09-21 01:24:53,390] {processor.py:623} INFO - DAG(s) dict_keys(['example_skip_dag']) retrieved from /home/airflow/.local/lib/python3.6/site-packages/airflow/example_dags/example_skip_dag.py
[2021-09-21 01:24:53,435] {logging_mixin.py:109} INFO - [2021-09-21 01:24:53,434] {dag.py:1834} INFO - Sync 1 DAGs
[2021-09-21 01:24:53,464] {logging_mixin.py:109} INFO - [2021-09-21 01:24:53,464] {dag.py:2287} INFO - Setting next_dagrun for example_skip_dag to 2021-09-19 00:00:00+00:00
[2021-09-21 01:24:53,485] {processor.py:170} INFO - Processing /home/airflow/.local/lib/python3.6/site-packages/airflow/example_dags/example_skip_dag.py took 0.129 seconds
[2021-09-21 01:25:23,895] {processor.py:162} INFO - Started process (PID=1163) to work on /home/airflow/.local/lib/python3.6/site-packages/airflow/example_dags/example_skip_dag.py
[2021-09-21 01:25:23,898] {processor.py:613} INFO - Processing file /home/airflow/.local/lib/python3.6/site-packages/airflow/example_dags/example_skip_dag.py for tasks to queue
[2021-09-21 01:25:23,900] {logging_mixin.py:109} INFO - [2021-09-21 01:25:23,900] {dagbag.py:496} INFO - Filling up the DagBag from /home/airflow/.local/lib/python3.6/site-packages/airflow/example_dags/example_skip_dag.py
[2021-09-21 01:25:23,915] {processor.py:623} INFO - DAG(s) dict_keys(['example_skip_dag']) retrieved from /home/airflow/.local/lib/python3.6/site-packages/airflow/example_dags/example_skip_dag.py
[2021-09-21 01:25:23,938] {logging_mixin.py:109} INFO - [2021-09-21 01:25:23,937] {dag.py:1834} INFO - Sync 1 DAGs
[2021-09-21 01:25:23,954] {logging_mixin.py:109} INFO - [2021-09-21 01:25:23,953] {dag.py:2287} INFO - Setting next_dagrun for example_skip_dag to 2021-09-19 00:00:00+00:00
[2021-09-21 01:25:23,964] {processor.py:170} INFO - Processing /home/airflow/.local/lib/python3.6/site-packages/airflow/example_dags/example_skip_dag.py took 0.073 seconds
[2021-09-21 01:25:54,726] {processor.py:162} INFO - Started process (PID=1227) to work on /home/airflow/.local/lib/python3.6/site-packages/airflow/example_dags/example_skip_dag.py
[2021-09-21 01:25:54,730] {processor.py:613} INFO - Processing file /home/airflow/.local/lib/python3.6/site-packages/airflow/example_dags/example_skip_dag.py for tasks to queue
[2021-09-21 01:25:54,732] {logging_mixin.py:109} INFO - [2021-09-21 01:25:54,732] {dagbag.py:496} INFO - Filling up the DagBag from /home/airflow/.local/lib/python3.6/site-packages/airflow/example_dags/example_skip_dag.py
[2021-09-21 01:25:54,753] {processor.py:623} INFO - DAG(s) dict_keys(['example_skip_dag']) retrieved from /home/airflow/.local/lib/python3.6/site-packages/airflow/example_dags/example_skip_dag.py
[2021-09-21 01:25:54,789] {logging_mixin.py:109} INFO - [2021-09-21 01:25:54,789] {dag.py:1834} INFO - Sync 1 DAGs
[2021-09-21 01:25:54,809] {logging_mixin.py:109} INFO - [2021-09-21 01:25:54,809] {dag.py:2287} INFO - Setting next_dagrun for example_skip_dag to 2021-09-19 00:00:00+00:00
[2021-09-21 01:25:54,825] {processor.py:170} INFO - Processing /home/airflow/.local/lib/python3.6/site-packages/airflow/example_dags/example_skip_dag.py took 0.106 seconds
[2021-09-21 01:26:27,688] {processor.py:162} INFO - Started process (PID=1279) to work on /home/airflow/.local/lib/python3.6/site-packages/airflow/example_dags/example_skip_dag.py
[2021-09-21 01:26:27,692] {processor.py:613} INFO - Processing file /home/airflow/.local/lib/python3.6/site-packages/airflow/example_dags/example_skip_dag.py for tasks to queue
[2021-09-21 01:26:27,696] {logging_mixin.py:109} INFO - [2021-09-21 01:26:27,696] {dagbag.py:496} INFO - Filling up the DagBag from /home/airflow/.local/lib/python3.6/site-packages/airflow/example_dags/example_skip_dag.py
[2021-09-21 01:26:27,747] {processor.py:623} INFO - DAG(s) dict_keys(['example_skip_dag']) retrieved from /home/airflow/.local/lib/python3.6/site-packages/airflow/example_dags/example_skip_dag.py
[2021-09-21 01:26:27,920] {logging_mixin.py:109} INFO - [2021-09-21 01:26:27,920] {dag.py:1834} INFO - Sync 1 DAGs
[2021-09-21 01:26:28,090] {logging_mixin.py:109} INFO - [2021-09-21 01:26:28,089] {dag.py:2287} INFO - Setting next_dagrun for example_skip_dag to 2021-09-19 00:00:00+00:00
[2021-09-21 01:26:28,133] {processor.py:170} INFO - Processing /home/airflow/.local/lib/python3.6/site-packages/airflow/example_dags/example_skip_dag.py took 0.468 seconds
[2021-09-21 01:26:59,204] {processor.py:162} INFO - Started process (PID=1335) to work on /home/airflow/.local/lib/python3.6/site-packages/airflow/example_dags/example_skip_dag.py
[2021-09-21 01:26:59,208] {processor.py:613} INFO - Processing file /home/airflow/.local/lib/python3.6/site-packages/airflow/example_dags/example_skip_dag.py for tasks to queue
[2021-09-21 01:26:59,211] {logging_mixin.py:109} INFO - [2021-09-21 01:26:59,211] {dagbag.py:496} INFO - Filling up the DagBag from /home/airflow/.local/lib/python3.6/site-packages/airflow/example_dags/example_skip_dag.py
[2021-09-21 01:26:59,226] {processor.py:623} INFO - DAG(s) dict_keys(['example_skip_dag']) retrieved from /home/airflow/.local/lib/python3.6/site-packages/airflow/example_dags/example_skip_dag.py
[2021-09-21 01:26:59,264] {logging_mixin.py:109} INFO - [2021-09-21 01:26:59,264] {dag.py:1834} INFO - Sync 1 DAGs
[2021-09-21 01:26:59,292] {logging_mixin.py:109} INFO - [2021-09-21 01:26:59,291] {dag.py:2287} INFO - Setting next_dagrun for example_skip_dag to 2021-09-19 00:00:00+00:00
[2021-09-21 01:26:59,311] {processor.py:170} INFO - Processing /home/airflow/.local/lib/python3.6/site-packages/airflow/example_dags/example_skip_dag.py took 0.112 seconds
[2021-09-21 01:27:30,803] {processor.py:162} INFO - Started process (PID=1389) to work on /home/airflow/.local/lib/python3.6/site-packages/airflow/example_dags/example_skip_dag.py
[2021-09-21 01:27:30,805] {processor.py:613} INFO - Processing file /home/airflow/.local/lib/python3.6/site-packages/airflow/example_dags/example_skip_dag.py for tasks to queue
[2021-09-21 01:27:30,807] {logging_mixin.py:109} INFO - [2021-09-21 01:27:30,807] {dagbag.py:496} INFO - Filling up the DagBag from /home/airflow/.local/lib/python3.6/site-packages/airflow/example_dags/example_skip_dag.py
[2021-09-21 01:27:30,824] {processor.py:623} INFO - DAG(s) dict_keys(['example_skip_dag']) retrieved from /home/airflow/.local/lib/python3.6/site-packages/airflow/example_dags/example_skip_dag.py
[2021-09-21 01:27:30,867] {logging_mixin.py:109} INFO - [2021-09-21 01:27:30,867] {dag.py:1834} INFO - Sync 1 DAGs
[2021-09-21 01:27:30,887] {logging_mixin.py:109} INFO - [2021-09-21 01:27:30,887] {dag.py:2287} INFO - Setting next_dagrun for example_skip_dag to 2021-09-19 00:00:00+00:00
[2021-09-21 01:27:30,908] {processor.py:170} INFO - Processing /home/airflow/.local/lib/python3.6/site-packages/airflow/example_dags/example_skip_dag.py took 0.110 seconds
[2021-09-21 01:28:01,223] {processor.py:162} INFO - Started process (PID=1441) to work on /home/airflow/.local/lib/python3.6/site-packages/airflow/example_dags/example_skip_dag.py
[2021-09-21 01:28:01,225] {processor.py:613} INFO - Processing file /home/airflow/.local/lib/python3.6/site-packages/airflow/example_dags/example_skip_dag.py for tasks to queue
[2021-09-21 01:28:01,227] {logging_mixin.py:109} INFO - [2021-09-21 01:28:01,227] {dagbag.py:496} INFO - Filling up the DagBag from /home/airflow/.local/lib/python3.6/site-packages/airflow/example_dags/example_skip_dag.py
[2021-09-21 01:28:01,240] {processor.py:623} INFO - DAG(s) dict_keys(['example_skip_dag']) retrieved from /home/airflow/.local/lib/python3.6/site-packages/airflow/example_dags/example_skip_dag.py
[2021-09-21 01:28:01,264] {logging_mixin.py:109} INFO - [2021-09-21 01:28:01,264] {dag.py:1834} INFO - Sync 1 DAGs
[2021-09-21 01:28:01,280] {logging_mixin.py:109} INFO - [2021-09-21 01:28:01,280] {dag.py:2287} INFO - Setting next_dagrun for example_skip_dag to 2021-09-19 00:00:00+00:00
[2021-09-21 01:28:01,291] {processor.py:170} INFO - Processing /home/airflow/.local/lib/python3.6/site-packages/airflow/example_dags/example_skip_dag.py took 0.072 seconds
[2021-09-21 01:28:32,046] {processor.py:162} INFO - Started process (PID=1505) to work on /home/airflow/.local/lib/python3.6/site-packages/airflow/example_dags/example_skip_dag.py
[2021-09-21 01:28:32,047] {processor.py:613} INFO - Processing file /home/airflow/.local/lib/python3.6/site-packages/airflow/example_dags/example_skip_dag.py for tasks to queue
[2021-09-21 01:28:32,049] {logging_mixin.py:109} INFO - [2021-09-21 01:28:32,049] {dagbag.py:496} INFO - Filling up the DagBag from /home/airflow/.local/lib/python3.6/site-packages/airflow/example_dags/example_skip_dag.py
[2021-09-21 01:28:32,061] {processor.py:623} INFO - DAG(s) dict_keys(['example_skip_dag']) retrieved from /home/airflow/.local/lib/python3.6/site-packages/airflow/example_dags/example_skip_dag.py
[2021-09-21 01:28:32,088] {logging_mixin.py:109} INFO - [2021-09-21 01:28:32,088] {dag.py:1834} INFO - Sync 1 DAGs
[2021-09-21 01:28:32,103] {logging_mixin.py:109} INFO - [2021-09-21 01:28:32,103] {dag.py:2287} INFO - Setting next_dagrun for example_skip_dag to 2021-09-19 00:00:00+00:00
[2021-09-21 01:28:32,118] {processor.py:170} INFO - Processing /home/airflow/.local/lib/python3.6/site-packages/airflow/example_dags/example_skip_dag.py took 0.076 seconds
[2021-09-21 01:29:02,744] {processor.py:162} INFO - Started process (PID=1568) to work on /home/airflow/.local/lib/python3.6/site-packages/airflow/example_dags/example_skip_dag.py
[2021-09-21 01:29:02,746] {processor.py:613} INFO - Processing file /home/airflow/.local/lib/python3.6/site-packages/airflow/example_dags/example_skip_dag.py for tasks to queue
[2021-09-21 01:29:02,748] {logging_mixin.py:109} INFO - [2021-09-21 01:29:02,748] {dagbag.py:496} INFO - Filling up the DagBag from /home/airflow/.local/lib/python3.6/site-packages/airflow/example_dags/example_skip_dag.py
[2021-09-21 01:29:02,762] {processor.py:623} INFO - DAG(s) dict_keys(['example_skip_dag']) retrieved from /home/airflow/.local/lib/python3.6/site-packages/airflow/example_dags/example_skip_dag.py
[2021-09-21 01:29:02,787] {logging_mixin.py:109} INFO - [2021-09-21 01:29:02,787] {dag.py:1834} INFO - Sync 1 DAGs
[2021-09-21 01:29:02,804] {logging_mixin.py:109} INFO - [2021-09-21 01:29:02,804] {dag.py:2287} INFO - Setting next_dagrun for example_skip_dag to 2021-09-19 00:00:00+00:00
[2021-09-21 01:29:02,817] {processor.py:170} INFO - Processing /home/airflow/.local/lib/python3.6/site-packages/airflow/example_dags/example_skip_dag.py took 0.078 seconds
[2021-09-21 01:29:33,732] {processor.py:162} INFO - Started process (PID=1622) to work on /home/airflow/.local/lib/python3.6/site-packages/airflow/example_dags/example_skip_dag.py
[2021-09-21 01:29:33,735] {processor.py:613} INFO - Processing file /home/airflow/.local/lib/python3.6/site-packages/airflow/example_dags/example_skip_dag.py for tasks to queue
[2021-09-21 01:29:33,737] {logging_mixin.py:109} INFO - [2021-09-21 01:29:33,737] {dagbag.py:496} INFO - Filling up the DagBag from /home/airflow/.local/lib/python3.6/site-packages/airflow/example_dags/example_skip_dag.py
[2021-09-21 01:29:33,751] {processor.py:623} INFO - DAG(s) dict_keys(['example_skip_dag']) retrieved from /home/airflow/.local/lib/python3.6/site-packages/airflow/example_dags/example_skip_dag.py
[2021-09-21 01:29:33,776] {logging_mixin.py:109} INFO - [2021-09-21 01:29:33,776] {dag.py:1834} INFO - Sync 1 DAGs
[2021-09-21 01:29:33,793] {logging_mixin.py:109} INFO - [2021-09-21 01:29:33,793] {dag.py:2287} INFO - Setting next_dagrun for example_skip_dag to 2021-09-19 00:00:00+00:00
[2021-09-21 01:29:33,806] {processor.py:170} INFO - Processing /home/airflow/.local/lib/python3.6/site-packages/airflow/example_dags/example_skip_dag.py took 0.078 seconds
[2021-09-21 01:30:03,965] {processor.py:162} INFO - Started process (PID=1686) to work on /home/airflow/.local/lib/python3.6/site-packages/airflow/example_dags/example_skip_dag.py
[2021-09-21 01:30:03,967] {processor.py:613} INFO - Processing file /home/airflow/.local/lib/python3.6/site-packages/airflow/example_dags/example_skip_dag.py for tasks to queue
[2021-09-21 01:30:03,969] {logging_mixin.py:109} INFO - [2021-09-21 01:30:03,969] {dagbag.py:496} INFO - Filling up the DagBag from /home/airflow/.local/lib/python3.6/site-packages/airflow/example_dags/example_skip_dag.py
[2021-09-21 01:30:03,981] {processor.py:623} INFO - DAG(s) dict_keys(['example_skip_dag']) retrieved from /home/airflow/.local/lib/python3.6/site-packages/airflow/example_dags/example_skip_dag.py
[2021-09-21 01:30:04,009] {logging_mixin.py:109} INFO - [2021-09-21 01:30:04,009] {dag.py:1834} INFO - Sync 1 DAGs
[2021-09-21 01:30:04,026] {logging_mixin.py:109} INFO - [2021-09-21 01:30:04,026] {dag.py:2287} INFO - Setting next_dagrun for example_skip_dag to 2021-09-19 00:00:00+00:00
[2021-09-21 01:30:04,042] {processor.py:170} INFO - Processing /home/airflow/.local/lib/python3.6/site-packages/airflow/example_dags/example_skip_dag.py took 0.081 seconds
[2021-09-21 01:30:34,689] {processor.py:162} INFO - Started process (PID=1738) to work on /home/airflow/.local/lib/python3.6/site-packages/airflow/example_dags/example_skip_dag.py
[2021-09-21 01:30:34,691] {processor.py:613} INFO - Processing file /home/airflow/.local/lib/python3.6/site-packages/airflow/example_dags/example_skip_dag.py for tasks to queue
[2021-09-21 01:30:34,693] {logging_mixin.py:109} INFO - [2021-09-21 01:30:34,693] {dagbag.py:496} INFO - Filling up the DagBag from /home/airflow/.local/lib/python3.6/site-packages/airflow/example_dags/example_skip_dag.py
[2021-09-21 01:30:34,706] {processor.py:623} INFO - DAG(s) dict_keys(['example_skip_dag']) retrieved from /home/airflow/.local/lib/python3.6/site-packages/airflow/example_dags/example_skip_dag.py
[2021-09-21 01:30:34,730] {logging_mixin.py:109} INFO - [2021-09-21 01:30:34,730] {dag.py:1834} INFO - Sync 1 DAGs
[2021-09-21 01:30:34,745] {logging_mixin.py:109} INFO - [2021-09-21 01:30:34,745] {dag.py:2287} INFO - Setting next_dagrun for example_skip_dag to 2021-09-19 00:00:00+00:00
[2021-09-21 01:30:34,781] {processor.py:170} INFO - Processing /home/airflow/.local/lib/python3.6/site-packages/airflow/example_dags/example_skip_dag.py took 0.095 seconds
[2021-09-21 01:31:04,839] {processor.py:162} INFO - Started process (PID=1801) to work on /home/airflow/.local/lib/python3.6/site-packages/airflow/example_dags/example_skip_dag.py
[2021-09-21 01:31:04,842] {processor.py:613} INFO - Processing file /home/airflow/.local/lib/python3.6/site-packages/airflow/example_dags/example_skip_dag.py for tasks to queue
[2021-09-21 01:31:04,843] {logging_mixin.py:109} INFO - [2021-09-21 01:31:04,843] {dagbag.py:496} INFO - Filling up the DagBag from /home/airflow/.local/lib/python3.6/site-packages/airflow/example_dags/example_skip_dag.py
[2021-09-21 01:31:04,856] {processor.py:623} INFO - DAG(s) dict_keys(['example_skip_dag']) retrieved from /home/airflow/.local/lib/python3.6/site-packages/airflow/example_dags/example_skip_dag.py
[2021-09-21 01:31:04,885] {logging_mixin.py:109} INFO - [2021-09-21 01:31:04,884] {dag.py:1834} INFO - Sync 1 DAGs
[2021-09-21 01:31:04,901] {logging_mixin.py:109} INFO - [2021-09-21 01:31:04,901] {dag.py:2287} INFO - Setting next_dagrun for example_skip_dag to 2021-09-19 00:00:00+00:00
[2021-09-21 01:31:04,913] {processor.py:170} INFO - Processing /home/airflow/.local/lib/python3.6/site-packages/airflow/example_dags/example_skip_dag.py took 0.077 seconds
[2021-09-21 01:31:36,394] {processor.py:162} INFO - Started process (PID=1865) to work on /home/airflow/.local/lib/python3.6/site-packages/airflow/example_dags/example_skip_dag.py
[2021-09-21 01:31:36,396] {processor.py:613} INFO - Processing file /home/airflow/.local/lib/python3.6/site-packages/airflow/example_dags/example_skip_dag.py for tasks to queue
[2021-09-21 01:31:36,398] {logging_mixin.py:109} INFO - [2021-09-21 01:31:36,398] {dagbag.py:496} INFO - Filling up the DagBag from /home/airflow/.local/lib/python3.6/site-packages/airflow/example_dags/example_skip_dag.py
[2021-09-21 01:31:36,425] {processor.py:623} INFO - DAG(s) dict_keys(['example_skip_dag']) retrieved from /home/airflow/.local/lib/python3.6/site-packages/airflow/example_dags/example_skip_dag.py
[2021-09-21 01:31:36,473] {logging_mixin.py:109} INFO - [2021-09-21 01:31:36,473] {dag.py:1834} INFO - Sync 1 DAGs
[2021-09-21 01:31:36,510] {logging_mixin.py:109} INFO - [2021-09-21 01:31:36,510] {dag.py:2287} INFO - Setting next_dagrun for example_skip_dag to 2021-09-19 00:00:00+00:00
[2021-09-21 01:31:36,528] {processor.py:170} INFO - Processing /home/airflow/.local/lib/python3.6/site-packages/airflow/example_dags/example_skip_dag.py took 0.139 seconds
[2021-09-21 01:32:07,243] {processor.py:162} INFO - Started process (PID=1918) to work on /home/airflow/.local/lib/python3.6/site-packages/airflow/example_dags/example_skip_dag.py
[2021-09-21 01:32:07,246] {processor.py:613} INFO - Processing file /home/airflow/.local/lib/python3.6/site-packages/airflow/example_dags/example_skip_dag.py for tasks to queue
[2021-09-21 01:32:07,249] {logging_mixin.py:109} INFO - [2021-09-21 01:32:07,249] {dagbag.py:496} INFO - Filling up the DagBag from /home/airflow/.local/lib/python3.6/site-packages/airflow/example_dags/example_skip_dag.py
[2021-09-21 01:32:07,265] {processor.py:623} INFO - DAG(s) dict_keys(['example_skip_dag']) retrieved from /home/airflow/.local/lib/python3.6/site-packages/airflow/example_dags/example_skip_dag.py
[2021-09-21 01:32:07,295] {logging_mixin.py:109} INFO - [2021-09-21 01:32:07,295] {dag.py:1834} INFO - Sync 1 DAGs
[2021-09-21 01:32:07,313] {logging_mixin.py:109} INFO - [2021-09-21 01:32:07,312] {dag.py:2287} INFO - Setting next_dagrun for example_skip_dag to 2021-09-19 00:00:00+00:00
[2021-09-21 01:32:07,326] {processor.py:170} INFO - Processing /home/airflow/.local/lib/python3.6/site-packages/airflow/example_dags/example_skip_dag.py took 0.087 seconds
[2021-09-21 01:32:37,815] {processor.py:162} INFO - Started process (PID=1980) to work on /home/airflow/.local/lib/python3.6/site-packages/airflow/example_dags/example_skip_dag.py
[2021-09-21 01:32:37,817] {processor.py:613} INFO - Processing file /home/airflow/.local/lib/python3.6/site-packages/airflow/example_dags/example_skip_dag.py for tasks to queue
[2021-09-21 01:32:37,818] {logging_mixin.py:109} INFO - [2021-09-21 01:32:37,818] {dagbag.py:496} INFO - Filling up the DagBag from /home/airflow/.local/lib/python3.6/site-packages/airflow/example_dags/example_skip_dag.py
[2021-09-21 01:32:37,832] {processor.py:623} INFO - DAG(s) dict_keys(['example_skip_dag']) retrieved from /home/airflow/.local/lib/python3.6/site-packages/airflow/example_dags/example_skip_dag.py
[2021-09-21 01:32:37,859] {logging_mixin.py:109} INFO - [2021-09-21 01:32:37,859] {dag.py:1834} INFO - Sync 1 DAGs
[2021-09-21 01:32:37,876] {logging_mixin.py:109} INFO - [2021-09-21 01:32:37,875] {dag.py:2287} INFO - Setting next_dagrun for example_skip_dag to 2021-09-19 00:00:00+00:00
[2021-09-21 01:32:37,887] {processor.py:170} INFO - Processing /home/airflow/.local/lib/python3.6/site-packages/airflow/example_dags/example_skip_dag.py took 0.077 seconds
[2021-09-21 01:33:08,514] {processor.py:162} INFO - Started process (PID=2035) to work on /home/airflow/.local/lib/python3.6/site-packages/airflow/example_dags/example_skip_dag.py
[2021-09-21 01:33:08,517] {processor.py:613} INFO - Processing file /home/airflow/.local/lib/python3.6/site-packages/airflow/example_dags/example_skip_dag.py for tasks to queue
[2021-09-21 01:33:08,518] {logging_mixin.py:109} INFO - [2021-09-21 01:33:08,518] {dagbag.py:496} INFO - Filling up the DagBag from /home/airflow/.local/lib/python3.6/site-packages/airflow/example_dags/example_skip_dag.py
[2021-09-21 01:33:08,530] {processor.py:623} INFO - DAG(s) dict_keys(['example_skip_dag']) retrieved from /home/airflow/.local/lib/python3.6/site-packages/airflow/example_dags/example_skip_dag.py
[2021-09-21 01:33:08,558] {logging_mixin.py:109} INFO - [2021-09-21 01:33:08,558] {dag.py:1834} INFO - Sync 1 DAGs
[2021-09-21 01:33:08,573] {logging_mixin.py:109} INFO - [2021-09-21 01:33:08,573] {dag.py:2287} INFO - Setting next_dagrun for example_skip_dag to 2021-09-19 00:00:00+00:00
[2021-09-21 01:33:08,583] {processor.py:170} INFO - Processing /home/airflow/.local/lib/python3.6/site-packages/airflow/example_dags/example_skip_dag.py took 0.075 seconds
[2021-09-21 01:33:39,287] {processor.py:162} INFO - Started process (PID=2098) to work on /home/airflow/.local/lib/python3.6/site-packages/airflow/example_dags/example_skip_dag.py
[2021-09-21 01:33:39,289] {processor.py:613} INFO - Processing file /home/airflow/.local/lib/python3.6/site-packages/airflow/example_dags/example_skip_dag.py for tasks to queue
[2021-09-21 01:33:39,291] {logging_mixin.py:109} INFO - [2021-09-21 01:33:39,291] {dagbag.py:496} INFO - Filling up the DagBag from /home/airflow/.local/lib/python3.6/site-packages/airflow/example_dags/example_skip_dag.py
[2021-09-21 01:33:39,303] {processor.py:623} INFO - DAG(s) dict_keys(['example_skip_dag']) retrieved from /home/airflow/.local/lib/python3.6/site-packages/airflow/example_dags/example_skip_dag.py
[2021-09-21 01:33:39,330] {logging_mixin.py:109} INFO - [2021-09-21 01:33:39,330] {dag.py:1834} INFO - Sync 1 DAGs
[2021-09-21 01:33:39,345] {logging_mixin.py:109} INFO - [2021-09-21 01:33:39,345] {dag.py:2287} INFO - Setting next_dagrun for example_skip_dag to 2021-09-19 00:00:00+00:00
[2021-09-21 01:33:39,357] {processor.py:170} INFO - Processing /home/airflow/.local/lib/python3.6/site-packages/airflow/example_dags/example_skip_dag.py took 0.074 seconds
[2021-09-21 01:34:09,982] {processor.py:162} INFO - Started process (PID=2162) to work on /home/airflow/.local/lib/python3.6/site-packages/airflow/example_dags/example_skip_dag.py
[2021-09-21 01:34:09,985] {processor.py:613} INFO - Processing file /home/airflow/.local/lib/python3.6/site-packages/airflow/example_dags/example_skip_dag.py for tasks to queue
[2021-09-21 01:34:09,986] {logging_mixin.py:109} INFO - [2021-09-21 01:34:09,986] {dagbag.py:496} INFO - Filling up the DagBag from /home/airflow/.local/lib/python3.6/site-packages/airflow/example_dags/example_skip_dag.py
[2021-09-21 01:34:09,998] {processor.py:623} INFO - DAG(s) dict_keys(['example_skip_dag']) retrieved from /home/airflow/.local/lib/python3.6/site-packages/airflow/example_dags/example_skip_dag.py
[2021-09-21 01:34:10,026] {logging_mixin.py:109} INFO - [2021-09-21 01:34:10,026] {dag.py:1834} INFO - Sync 1 DAGs
[2021-09-21 01:34:10,046] {logging_mixin.py:109} INFO - [2021-09-21 01:34:10,045] {dag.py:2287} INFO - Setting next_dagrun for example_skip_dag to 2021-09-19 00:00:00+00:00
[2021-09-21 01:34:10,059] {processor.py:170} INFO - Processing /home/airflow/.local/lib/python3.6/site-packages/airflow/example_dags/example_skip_dag.py took 0.080 seconds
[2021-09-21 01:34:40,712] {processor.py:162} INFO - Started process (PID=2215) to work on /home/airflow/.local/lib/python3.6/site-packages/airflow/example_dags/example_skip_dag.py
[2021-09-21 01:34:40,715] {processor.py:613} INFO - Processing file /home/airflow/.local/lib/python3.6/site-packages/airflow/example_dags/example_skip_dag.py for tasks to queue
[2021-09-21 01:34:40,717] {logging_mixin.py:109} INFO - [2021-09-21 01:34:40,716] {dagbag.py:496} INFO - Filling up the DagBag from /home/airflow/.local/lib/python3.6/site-packages/airflow/example_dags/example_skip_dag.py
[2021-09-21 01:34:40,730] {processor.py:623} INFO - DAG(s) dict_keys(['example_skip_dag']) retrieved from /home/airflow/.local/lib/python3.6/site-packages/airflow/example_dags/example_skip_dag.py
[2021-09-21 01:34:40,754] {logging_mixin.py:109} INFO - [2021-09-21 01:34:40,754] {dag.py:1834} INFO - Sync 1 DAGs
[2021-09-21 01:34:40,769] {logging_mixin.py:109} INFO - [2021-09-21 01:34:40,769] {dag.py:2287} INFO - Setting next_dagrun for example_skip_dag to 2021-09-19 00:00:00+00:00
[2021-09-21 01:34:40,847] {processor.py:170} INFO - Processing /home/airflow/.local/lib/python3.6/site-packages/airflow/example_dags/example_skip_dag.py took 0.139 seconds
[2021-09-21 01:35:11,153] {processor.py:162} INFO - Started process (PID=2277) to work on /home/airflow/.local/lib/python3.6/site-packages/airflow/example_dags/example_skip_dag.py
[2021-09-21 01:35:11,156] {processor.py:613} INFO - Processing file /home/airflow/.local/lib/python3.6/site-packages/airflow/example_dags/example_skip_dag.py for tasks to queue
[2021-09-21 01:35:11,158] {logging_mixin.py:109} INFO - [2021-09-21 01:35:11,158] {dagbag.py:496} INFO - Filling up the DagBag from /home/airflow/.local/lib/python3.6/site-packages/airflow/example_dags/example_skip_dag.py
[2021-09-21 01:35:11,177] {processor.py:623} INFO - DAG(s) dict_keys(['example_skip_dag']) retrieved from /home/airflow/.local/lib/python3.6/site-packages/airflow/example_dags/example_skip_dag.py
[2021-09-21 01:35:11,228] {logging_mixin.py:109} INFO - [2021-09-21 01:35:11,228] {dag.py:1834} INFO - Sync 1 DAGs
[2021-09-21 01:35:11,252] {logging_mixin.py:109} INFO - [2021-09-21 01:35:11,252] {dag.py:2287} INFO - Setting next_dagrun for example_skip_dag to 2021-09-19 00:00:00+00:00
[2021-09-21 01:35:11,271] {processor.py:170} INFO - Processing /home/airflow/.local/lib/python3.6/site-packages/airflow/example_dags/example_skip_dag.py took 0.122 seconds
[2021-09-21 01:35:41,688] {processor.py:162} INFO - Started process (PID=2331) to work on /home/airflow/.local/lib/python3.6/site-packages/airflow/example_dags/example_skip_dag.py
[2021-09-21 01:35:41,690] {processor.py:613} INFO - Processing file /home/airflow/.local/lib/python3.6/site-packages/airflow/example_dags/example_skip_dag.py for tasks to queue
[2021-09-21 01:35:41,691] {logging_mixin.py:109} INFO - [2021-09-21 01:35:41,691] {dagbag.py:496} INFO - Filling up the DagBag from /home/airflow/.local/lib/python3.6/site-packages/airflow/example_dags/example_skip_dag.py
[2021-09-21 01:35:41,704] {processor.py:623} INFO - DAG(s) dict_keys(['example_skip_dag']) retrieved from /home/airflow/.local/lib/python3.6/site-packages/airflow/example_dags/example_skip_dag.py
[2021-09-21 01:35:41,731] {logging_mixin.py:109} INFO - [2021-09-21 01:35:41,731] {dag.py:1834} INFO - Sync 1 DAGs
[2021-09-21 01:35:41,748] {logging_mixin.py:109} INFO - [2021-09-21 01:35:41,747] {dag.py:2287} INFO - Setting next_dagrun for example_skip_dag to 2021-09-19 00:00:00+00:00
[2021-09-21 01:35:41,759] {processor.py:170} INFO - Processing /home/airflow/.local/lib/python3.6/site-packages/airflow/example_dags/example_skip_dag.py took 0.076 seconds
[2021-09-21 01:36:12,603] {processor.py:162} INFO - Started process (PID=2396) to work on /home/airflow/.local/lib/python3.6/site-packages/airflow/example_dags/example_skip_dag.py
[2021-09-21 01:36:12,605] {processor.py:613} INFO - Processing file /home/airflow/.local/lib/python3.6/site-packages/airflow/example_dags/example_skip_dag.py for tasks to queue
[2021-09-21 01:36:12,606] {logging_mixin.py:109} INFO - [2021-09-21 01:36:12,606] {dagbag.py:496} INFO - Filling up the DagBag from /home/airflow/.local/lib/python3.6/site-packages/airflow/example_dags/example_skip_dag.py
[2021-09-21 01:36:12,619] {processor.py:623} INFO - DAG(s) dict_keys(['example_skip_dag']) retrieved from /home/airflow/.local/lib/python3.6/site-packages/airflow/example_dags/example_skip_dag.py
[2021-09-21 01:36:12,645] {logging_mixin.py:109} INFO - [2021-09-21 01:36:12,645] {dag.py:1834} INFO - Sync 1 DAGs
[2021-09-21 01:36:12,669] {logging_mixin.py:109} INFO - [2021-09-21 01:36:12,669] {dag.py:2287} INFO - Setting next_dagrun for example_skip_dag to 2021-09-19 00:00:00+00:00
[2021-09-21 01:36:12,684] {processor.py:170} INFO - Processing /home/airflow/.local/lib/python3.6/site-packages/airflow/example_dags/example_skip_dag.py took 0.085 seconds
[2021-09-21 01:36:45,968] {processor.py:162} INFO - Started process (PID=2464) to work on /home/airflow/.local/lib/python3.6/site-packages/airflow/example_dags/example_skip_dag.py
[2021-09-21 01:36:45,977] {processor.py:613} INFO - Processing file /home/airflow/.local/lib/python3.6/site-packages/airflow/example_dags/example_skip_dag.py for tasks to queue
[2021-09-21 01:36:45,981] {logging_mixin.py:109} INFO - [2021-09-21 01:36:45,980] {dagbag.py:496} INFO - Filling up the DagBag from /home/airflow/.local/lib/python3.6/site-packages/airflow/example_dags/example_skip_dag.py
[2021-09-21 01:36:46,049] {processor.py:623} INFO - DAG(s) dict_keys(['example_skip_dag']) retrieved from /home/airflow/.local/lib/python3.6/site-packages/airflow/example_dags/example_skip_dag.py
[2021-09-21 01:36:46,140] {logging_mixin.py:109} INFO - [2021-09-21 01:36:46,140] {dag.py:1834} INFO - Sync 1 DAGs
[2021-09-21 01:36:46,199] {logging_mixin.py:109} INFO - [2021-09-21 01:36:46,199] {dag.py:2287} INFO - Setting next_dagrun for example_skip_dag to 2021-09-19 00:00:00+00:00
[2021-09-21 01:36:46,286] {processor.py:170} INFO - Processing /home/airflow/.local/lib/python3.6/site-packages/airflow/example_dags/example_skip_dag.py took 0.359 seconds
[2021-09-21 01:37:16,610] {processor.py:162} INFO - Started process (PID=2517) to work on /home/airflow/.local/lib/python3.6/site-packages/airflow/example_dags/example_skip_dag.py
[2021-09-21 01:37:16,613] {processor.py:613} INFO - Processing file /home/airflow/.local/lib/python3.6/site-packages/airflow/example_dags/example_skip_dag.py for tasks to queue
[2021-09-21 01:37:16,615] {logging_mixin.py:109} INFO - [2021-09-21 01:37:16,615] {dagbag.py:496} INFO - Filling up the DagBag from /home/airflow/.local/lib/python3.6/site-packages/airflow/example_dags/example_skip_dag.py
[2021-09-21 01:37:16,642] {processor.py:623} INFO - DAG(s) dict_keys(['example_skip_dag']) retrieved from /home/airflow/.local/lib/python3.6/site-packages/airflow/example_dags/example_skip_dag.py
[2021-09-21 01:37:16,690] {logging_mixin.py:109} INFO - [2021-09-21 01:37:16,690] {dag.py:1834} INFO - Sync 1 DAGs
[2021-09-21 01:37:16,712] {logging_mixin.py:109} INFO - [2021-09-21 01:37:16,712] {dag.py:2287} INFO - Setting next_dagrun for example_skip_dag to 2021-09-19 00:00:00+00:00
[2021-09-21 01:37:16,729] {processor.py:170} INFO - Processing /home/airflow/.local/lib/python3.6/site-packages/airflow/example_dags/example_skip_dag.py took 0.125 seconds
[2021-09-21 01:37:47,577] {processor.py:162} INFO - Started process (PID=2571) to work on /home/airflow/.local/lib/python3.6/site-packages/airflow/example_dags/example_skip_dag.py
[2021-09-21 01:37:47,578] {processor.py:613} INFO - Processing file /home/airflow/.local/lib/python3.6/site-packages/airflow/example_dags/example_skip_dag.py for tasks to queue
[2021-09-21 01:37:47,579] {logging_mixin.py:109} INFO - [2021-09-21 01:37:47,579] {dagbag.py:496} INFO - Filling up the DagBag from /home/airflow/.local/lib/python3.6/site-packages/airflow/example_dags/example_skip_dag.py
[2021-09-21 01:37:47,592] {processor.py:623} INFO - DAG(s) dict_keys(['example_skip_dag']) retrieved from /home/airflow/.local/lib/python3.6/site-packages/airflow/example_dags/example_skip_dag.py
[2021-09-21 01:37:47,616] {logging_mixin.py:109} INFO - [2021-09-21 01:37:47,616] {dag.py:1834} INFO - Sync 1 DAGs
[2021-09-21 01:37:47,631] {logging_mixin.py:109} INFO - [2021-09-21 01:37:47,631] {dag.py:2287} INFO - Setting next_dagrun for example_skip_dag to 2021-09-19 00:00:00+00:00
[2021-09-21 01:37:47,641] {processor.py:170} INFO - Processing /home/airflow/.local/lib/python3.6/site-packages/airflow/example_dags/example_skip_dag.py took 0.068 seconds
[2021-09-21 01:38:18,481] {processor.py:162} INFO - Started process (PID=2636) to work on /home/airflow/.local/lib/python3.6/site-packages/airflow/example_dags/example_skip_dag.py
[2021-09-21 01:38:18,486] {processor.py:613} INFO - Processing file /home/airflow/.local/lib/python3.6/site-packages/airflow/example_dags/example_skip_dag.py for tasks to queue
[2021-09-21 01:38:18,489] {logging_mixin.py:109} INFO - [2021-09-21 01:38:18,489] {dagbag.py:496} INFO - Filling up the DagBag from /home/airflow/.local/lib/python3.6/site-packages/airflow/example_dags/example_skip_dag.py
[2021-09-21 01:38:18,523] {processor.py:623} INFO - DAG(s) dict_keys(['example_skip_dag']) retrieved from /home/airflow/.local/lib/python3.6/site-packages/airflow/example_dags/example_skip_dag.py
[2021-09-21 01:38:18,575] {logging_mixin.py:109} INFO - [2021-09-21 01:38:18,574] {dag.py:1834} INFO - Sync 1 DAGs
[2021-09-21 01:38:18,611] {logging_mixin.py:109} INFO - [2021-09-21 01:38:18,611] {dag.py:2287} INFO - Setting next_dagrun for example_skip_dag to 2021-09-19 00:00:00+00:00
[2021-09-21 01:38:18,658] {processor.py:170} INFO - Processing /home/airflow/.local/lib/python3.6/site-packages/airflow/example_dags/example_skip_dag.py took 0.187 seconds
[2021-09-21 01:38:49,041] {processor.py:162} INFO - Started process (PID=2688) to work on /home/airflow/.local/lib/python3.6/site-packages/airflow/example_dags/example_skip_dag.py
[2021-09-21 01:38:49,043] {processor.py:613} INFO - Processing file /home/airflow/.local/lib/python3.6/site-packages/airflow/example_dags/example_skip_dag.py for tasks to queue
[2021-09-21 01:38:49,045] {logging_mixin.py:109} INFO - [2021-09-21 01:38:49,045] {dagbag.py:496} INFO - Filling up the DagBag from /home/airflow/.local/lib/python3.6/site-packages/airflow/example_dags/example_skip_dag.py
[2021-09-21 01:38:49,058] {processor.py:623} INFO - DAG(s) dict_keys(['example_skip_dag']) retrieved from /home/airflow/.local/lib/python3.6/site-packages/airflow/example_dags/example_skip_dag.py
[2021-09-21 01:38:49,088] {logging_mixin.py:109} INFO - [2021-09-21 01:38:49,088] {dag.py:1834} INFO - Sync 1 DAGs
[2021-09-21 01:38:49,107] {logging_mixin.py:109} INFO - [2021-09-21 01:38:49,107] {dag.py:2287} INFO - Setting next_dagrun for example_skip_dag to 2021-09-19 00:00:00+00:00
[2021-09-21 01:38:49,121] {processor.py:170} INFO - Processing /home/airflow/.local/lib/python3.6/site-packages/airflow/example_dags/example_skip_dag.py took 0.083 seconds
[2021-09-21 01:39:19,159] {processor.py:162} INFO - Started process (PID=2751) to work on /home/airflow/.local/lib/python3.6/site-packages/airflow/example_dags/example_skip_dag.py
[2021-09-21 01:39:19,163] {processor.py:613} INFO - Processing file /home/airflow/.local/lib/python3.6/site-packages/airflow/example_dags/example_skip_dag.py for tasks to queue
[2021-09-21 01:39:19,164] {logging_mixin.py:109} INFO - [2021-09-21 01:39:19,164] {dagbag.py:496} INFO - Filling up the DagBag from /home/airflow/.local/lib/python3.6/site-packages/airflow/example_dags/example_skip_dag.py
[2021-09-21 01:39:19,176] {processor.py:623} INFO - DAG(s) dict_keys(['example_skip_dag']) retrieved from /home/airflow/.local/lib/python3.6/site-packages/airflow/example_dags/example_skip_dag.py
[2021-09-21 01:39:19,200] {logging_mixin.py:109} INFO - [2021-09-21 01:39:19,199] {dag.py:1834} INFO - Sync 1 DAGs
[2021-09-21 01:39:19,215] {logging_mixin.py:109} INFO - [2021-09-21 01:39:19,215] {dag.py:2287} INFO - Setting next_dagrun for example_skip_dag to 2021-09-19 00:00:00+00:00
[2021-09-21 01:39:19,226] {processor.py:170} INFO - Processing /home/airflow/.local/lib/python3.6/site-packages/airflow/example_dags/example_skip_dag.py took 0.070 seconds
[2021-09-21 01:39:49,259] {processor.py:162} INFO - Started process (PID=2803) to work on /home/airflow/.local/lib/python3.6/site-packages/airflow/example_dags/example_skip_dag.py
[2021-09-21 01:39:49,261] {processor.py:613} INFO - Processing file /home/airflow/.local/lib/python3.6/site-packages/airflow/example_dags/example_skip_dag.py for tasks to queue
[2021-09-21 01:39:49,263] {logging_mixin.py:109} INFO - [2021-09-21 01:39:49,263] {dagbag.py:496} INFO - Filling up the DagBag from /home/airflow/.local/lib/python3.6/site-packages/airflow/example_dags/example_skip_dag.py
[2021-09-21 01:39:49,276] {processor.py:623} INFO - DAG(s) dict_keys(['example_skip_dag']) retrieved from /home/airflow/.local/lib/python3.6/site-packages/airflow/example_dags/example_skip_dag.py
[2021-09-21 01:39:49,306] {logging_mixin.py:109} INFO - [2021-09-21 01:39:49,306] {dag.py:1834} INFO - Sync 1 DAGs
[2021-09-21 01:39:49,321] {logging_mixin.py:109} INFO - [2021-09-21 01:39:49,321] {dag.py:2287} INFO - Setting next_dagrun for example_skip_dag to 2021-09-19 00:00:00+00:00
[2021-09-21 01:39:49,333] {processor.py:170} INFO - Processing /home/airflow/.local/lib/python3.6/site-packages/airflow/example_dags/example_skip_dag.py took 0.077 seconds
[2021-09-21 01:40:20,232] {processor.py:162} INFO - Started process (PID=2866) to work on /home/airflow/.local/lib/python3.6/site-packages/airflow/example_dags/example_skip_dag.py
[2021-09-21 01:40:20,234] {processor.py:613} INFO - Processing file /home/airflow/.local/lib/python3.6/site-packages/airflow/example_dags/example_skip_dag.py for tasks to queue
[2021-09-21 01:40:20,236] {logging_mixin.py:109} INFO - [2021-09-21 01:40:20,235] {dagbag.py:496} INFO - Filling up the DagBag from /home/airflow/.local/lib/python3.6/site-packages/airflow/example_dags/example_skip_dag.py
[2021-09-21 01:40:20,249] {processor.py:623} INFO - DAG(s) dict_keys(['example_skip_dag']) retrieved from /home/airflow/.local/lib/python3.6/site-packages/airflow/example_dags/example_skip_dag.py
[2021-09-21 01:40:20,274] {logging_mixin.py:109} INFO - [2021-09-21 01:40:20,274] {dag.py:1834} INFO - Sync 1 DAGs
[2021-09-21 01:40:20,290] {logging_mixin.py:109} INFO - [2021-09-21 01:40:20,290] {dag.py:2287} INFO - Setting next_dagrun for example_skip_dag to 2021-09-19 00:00:00+00:00
[2021-09-21 01:40:20,301] {processor.py:170} INFO - Processing /home/airflow/.local/lib/python3.6/site-packages/airflow/example_dags/example_skip_dag.py took 0.073 seconds
[2021-09-21 01:40:50,911] {processor.py:162} INFO - Started process (PID=2929) to work on /home/airflow/.local/lib/python3.6/site-packages/airflow/example_dags/example_skip_dag.py
[2021-09-21 01:40:50,913] {processor.py:613} INFO - Processing file /home/airflow/.local/lib/python3.6/site-packages/airflow/example_dags/example_skip_dag.py for tasks to queue
[2021-09-21 01:40:50,914] {logging_mixin.py:109} INFO - [2021-09-21 01:40:50,914] {dagbag.py:496} INFO - Filling up the DagBag from /home/airflow/.local/lib/python3.6/site-packages/airflow/example_dags/example_skip_dag.py
[2021-09-21 01:40:50,927] {processor.py:623} INFO - DAG(s) dict_keys(['example_skip_dag']) retrieved from /home/airflow/.local/lib/python3.6/site-packages/airflow/example_dags/example_skip_dag.py
[2021-09-21 01:40:50,955] {logging_mixin.py:109} INFO - [2021-09-21 01:40:50,955] {dag.py:1834} INFO - Sync 1 DAGs
[2021-09-21 01:40:50,971] {logging_mixin.py:109} INFO - [2021-09-21 01:40:50,971] {dag.py:2287} INFO - Setting next_dagrun for example_skip_dag to 2021-09-19 00:00:00+00:00
[2021-09-21 01:40:50,981] {processor.py:170} INFO - Processing /home/airflow/.local/lib/python3.6/site-packages/airflow/example_dags/example_skip_dag.py took 0.074 seconds
[2021-09-21 01:41:21,809] {processor.py:162} INFO - Started process (PID=2982) to work on /home/airflow/.local/lib/python3.6/site-packages/airflow/example_dags/example_skip_dag.py
[2021-09-21 01:41:21,811] {processor.py:613} INFO - Processing file /home/airflow/.local/lib/python3.6/site-packages/airflow/example_dags/example_skip_dag.py for tasks to queue
[2021-09-21 01:41:21,813] {logging_mixin.py:109} INFO - [2021-09-21 01:41:21,812] {dagbag.py:496} INFO - Filling up the DagBag from /home/airflow/.local/lib/python3.6/site-packages/airflow/example_dags/example_skip_dag.py
[2021-09-21 01:41:21,825] {processor.py:623} INFO - DAG(s) dict_keys(['example_skip_dag']) retrieved from /home/airflow/.local/lib/python3.6/site-packages/airflow/example_dags/example_skip_dag.py
[2021-09-21 01:41:21,851] {logging_mixin.py:109} INFO - [2021-09-21 01:41:21,851] {dag.py:1834} INFO - Sync 1 DAGs
[2021-09-21 01:41:21,866] {logging_mixin.py:109} INFO - [2021-09-21 01:41:21,866] {dag.py:2287} INFO - Setting next_dagrun for example_skip_dag to 2021-09-19 00:00:00+00:00
[2021-09-21 01:41:21,877] {processor.py:170} INFO - Processing /home/airflow/.local/lib/python3.6/site-packages/airflow/example_dags/example_skip_dag.py took 0.071 seconds
[2021-09-21 01:41:52,211] {processor.py:162} INFO - Started process (PID=3047) to work on /home/airflow/.local/lib/python3.6/site-packages/airflow/example_dags/example_skip_dag.py
[2021-09-21 01:41:52,214] {processor.py:613} INFO - Processing file /home/airflow/.local/lib/python3.6/site-packages/airflow/example_dags/example_skip_dag.py for tasks to queue
[2021-09-21 01:41:52,216] {logging_mixin.py:109} INFO - [2021-09-21 01:41:52,216] {dagbag.py:496} INFO - Filling up the DagBag from /home/airflow/.local/lib/python3.6/site-packages/airflow/example_dags/example_skip_dag.py
[2021-09-21 01:41:52,231] {processor.py:623} INFO - DAG(s) dict_keys(['example_skip_dag']) retrieved from /home/airflow/.local/lib/python3.6/site-packages/airflow/example_dags/example_skip_dag.py
[2021-09-21 01:41:52,256] {logging_mixin.py:109} INFO - [2021-09-21 01:41:52,256] {dag.py:1834} INFO - Sync 1 DAGs
[2021-09-21 01:41:52,269] {logging_mixin.py:109} INFO - [2021-09-21 01:41:52,269] {dag.py:2287} INFO - Setting next_dagrun for example_skip_dag to 2021-09-19 00:00:00+00:00
[2021-09-21 01:41:52,278] {processor.py:170} INFO - Processing /home/airflow/.local/lib/python3.6/site-packages/airflow/example_dags/example_skip_dag.py took 0.071 seconds
[2021-09-21 01:42:22,330] {processor.py:162} INFO - Started process (PID=3113) to work on /home/airflow/.local/lib/python3.6/site-packages/airflow/example_dags/example_skip_dag.py
[2021-09-21 01:42:22,332] {processor.py:613} INFO - Processing file /home/airflow/.local/lib/python3.6/site-packages/airflow/example_dags/example_skip_dag.py for tasks to queue
[2021-09-21 01:42:22,333] {logging_mixin.py:109} INFO - [2021-09-21 01:42:22,333] {dagbag.py:496} INFO - Filling up the DagBag from /home/airflow/.local/lib/python3.6/site-packages/airflow/example_dags/example_skip_dag.py
[2021-09-21 01:42:22,348] {processor.py:623} INFO - DAG(s) dict_keys(['example_skip_dag']) retrieved from /home/airflow/.local/lib/python3.6/site-packages/airflow/example_dags/example_skip_dag.py
[2021-09-21 01:42:22,375] {logging_mixin.py:109} INFO - [2021-09-21 01:42:22,375] {dag.py:1834} INFO - Sync 1 DAGs
[2021-09-21 01:42:22,391] {logging_mixin.py:109} INFO - [2021-09-21 01:42:22,391] {dag.py:2287} INFO - Setting next_dagrun for example_skip_dag to 2021-09-19 00:00:00+00:00
[2021-09-21 01:42:22,403] {processor.py:170} INFO - Processing /home/airflow/.local/lib/python3.6/site-packages/airflow/example_dags/example_skip_dag.py took 0.077 seconds
[2021-09-21 01:42:52,573] {processor.py:162} INFO - Started process (PID=3167) to work on /home/airflow/.local/lib/python3.6/site-packages/airflow/example_dags/example_skip_dag.py
[2021-09-21 01:42:52,575] {processor.py:613} INFO - Processing file /home/airflow/.local/lib/python3.6/site-packages/airflow/example_dags/example_skip_dag.py for tasks to queue
[2021-09-21 01:42:52,577] {logging_mixin.py:109} INFO - [2021-09-21 01:42:52,577] {dagbag.py:496} INFO - Filling up the DagBag from /home/airflow/.local/lib/python3.6/site-packages/airflow/example_dags/example_skip_dag.py
[2021-09-21 01:42:52,594] {processor.py:623} INFO - DAG(s) dict_keys(['example_skip_dag']) retrieved from /home/airflow/.local/lib/python3.6/site-packages/airflow/example_dags/example_skip_dag.py
[2021-09-21 01:42:52,622] {logging_mixin.py:109} INFO - [2021-09-21 01:42:52,622] {dag.py:1834} INFO - Sync 1 DAGs
[2021-09-21 01:42:52,641] {logging_mixin.py:109} INFO - [2021-09-21 01:42:52,641] {dag.py:2287} INFO - Setting next_dagrun for example_skip_dag to 2021-09-19 00:00:00+00:00
[2021-09-21 01:42:52,654] {processor.py:170} INFO - Processing /home/airflow/.local/lib/python3.6/site-packages/airflow/example_dags/example_skip_dag.py took 0.084 seconds
[2021-09-21 01:43:25,925] {processor.py:162} INFO - Started process (PID=3228) to work on /home/airflow/.local/lib/python3.6/site-packages/airflow/example_dags/example_skip_dag.py
[2021-09-21 01:43:25,930] {processor.py:613} INFO - Processing file /home/airflow/.local/lib/python3.6/site-packages/airflow/example_dags/example_skip_dag.py for tasks to queue
[2021-09-21 01:43:25,933] {logging_mixin.py:109} INFO - [2021-09-21 01:43:25,933] {dagbag.py:496} INFO - Filling up the DagBag from /home/airflow/.local/lib/python3.6/site-packages/airflow/example_dags/example_skip_dag.py
[2021-09-21 01:43:25,957] {processor.py:623} INFO - DAG(s) dict_keys(['example_skip_dag']) retrieved from /home/airflow/.local/lib/python3.6/site-packages/airflow/example_dags/example_skip_dag.py
[2021-09-21 01:43:26,029] {logging_mixin.py:109} INFO - [2021-09-21 01:43:26,029] {dag.py:1834} INFO - Sync 1 DAGs
[2021-09-21 01:43:26,067] {logging_mixin.py:109} INFO - [2021-09-21 01:43:26,066] {dag.py:2287} INFO - Setting next_dagrun for example_skip_dag to 2021-09-19 00:00:00+00:00
[2021-09-21 01:43:26,088] {processor.py:170} INFO - Processing /home/airflow/.local/lib/python3.6/site-packages/airflow/example_dags/example_skip_dag.py took 0.169 seconds
[2021-09-21 01:43:56,417] {processor.py:162} INFO - Started process (PID=3280) to work on /home/airflow/.local/lib/python3.6/site-packages/airflow/example_dags/example_skip_dag.py
[2021-09-21 01:43:56,420] {processor.py:613} INFO - Processing file /home/airflow/.local/lib/python3.6/site-packages/airflow/example_dags/example_skip_dag.py for tasks to queue
[2021-09-21 01:43:56,422] {logging_mixin.py:109} INFO - [2021-09-21 01:43:56,422] {dagbag.py:496} INFO - Filling up the DagBag from /home/airflow/.local/lib/python3.6/site-packages/airflow/example_dags/example_skip_dag.py
[2021-09-21 01:43:56,434] {processor.py:623} INFO - DAG(s) dict_keys(['example_skip_dag']) retrieved from /home/airflow/.local/lib/python3.6/site-packages/airflow/example_dags/example_skip_dag.py
[2021-09-21 01:43:56,463] {logging_mixin.py:109} INFO - [2021-09-21 01:43:56,463] {dag.py:1834} INFO - Sync 1 DAGs
[2021-09-21 01:43:56,482] {logging_mixin.py:109} INFO - [2021-09-21 01:43:56,482] {dag.py:2287} INFO - Setting next_dagrun for example_skip_dag to 2021-09-19 00:00:00+00:00
[2021-09-21 01:43:56,494] {processor.py:170} INFO - Processing /home/airflow/.local/lib/python3.6/site-packages/airflow/example_dags/example_skip_dag.py took 0.080 seconds
[2021-09-21 01:44:27,129] {processor.py:162} INFO - Started process (PID=3344) to work on /home/airflow/.local/lib/python3.6/site-packages/airflow/example_dags/example_skip_dag.py
[2021-09-21 01:44:27,131] {processor.py:613} INFO - Processing file /home/airflow/.local/lib/python3.6/site-packages/airflow/example_dags/example_skip_dag.py for tasks to queue
[2021-09-21 01:44:27,132] {logging_mixin.py:109} INFO - [2021-09-21 01:44:27,132] {dagbag.py:496} INFO - Filling up the DagBag from /home/airflow/.local/lib/python3.6/site-packages/airflow/example_dags/example_skip_dag.py
[2021-09-21 01:44:27,145] {processor.py:623} INFO - DAG(s) dict_keys(['example_skip_dag']) retrieved from /home/airflow/.local/lib/python3.6/site-packages/airflow/example_dags/example_skip_dag.py
[2021-09-21 01:44:27,174] {logging_mixin.py:109} INFO - [2021-09-21 01:44:27,174] {dag.py:1834} INFO - Sync 1 DAGs
[2021-09-21 01:44:27,190] {logging_mixin.py:109} INFO - [2021-09-21 01:44:27,190] {dag.py:2287} INFO - Setting next_dagrun for example_skip_dag to 2021-09-19 00:00:00+00:00
[2021-09-21 01:44:27,201] {processor.py:170} INFO - Processing /home/airflow/.local/lib/python3.6/site-packages/airflow/example_dags/example_skip_dag.py took 0.076 seconds
[2021-09-21 01:44:57,347] {processor.py:162} INFO - Started process (PID=3396) to work on /home/airflow/.local/lib/python3.6/site-packages/airflow/example_dags/example_skip_dag.py
[2021-09-21 01:44:57,348] {processor.py:613} INFO - Processing file /home/airflow/.local/lib/python3.6/site-packages/airflow/example_dags/example_skip_dag.py for tasks to queue
[2021-09-21 01:44:57,350] {logging_mixin.py:109} INFO - [2021-09-21 01:44:57,350] {dagbag.py:496} INFO - Filling up the DagBag from /home/airflow/.local/lib/python3.6/site-packages/airflow/example_dags/example_skip_dag.py
[2021-09-21 01:44:57,363] {processor.py:623} INFO - DAG(s) dict_keys(['example_skip_dag']) retrieved from /home/airflow/.local/lib/python3.6/site-packages/airflow/example_dags/example_skip_dag.py
[2021-09-21 01:44:57,392] {logging_mixin.py:109} INFO - [2021-09-21 01:44:57,392] {dag.py:1834} INFO - Sync 1 DAGs
[2021-09-21 01:44:57,409] {logging_mixin.py:109} INFO - [2021-09-21 01:44:57,409] {dag.py:2287} INFO - Setting next_dagrun for example_skip_dag to 2021-09-19 00:00:00+00:00
[2021-09-21 01:44:57,419] {processor.py:170} INFO - Processing /home/airflow/.local/lib/python3.6/site-packages/airflow/example_dags/example_skip_dag.py took 0.076 seconds
[2021-09-21 01:45:28,290] {processor.py:162} INFO - Started process (PID=3462) to work on /home/airflow/.local/lib/python3.6/site-packages/airflow/example_dags/example_skip_dag.py
[2021-09-21 01:45:28,292] {processor.py:613} INFO - Processing file /home/airflow/.local/lib/python3.6/site-packages/airflow/example_dags/example_skip_dag.py for tasks to queue
[2021-09-21 01:45:28,294] {logging_mixin.py:109} INFO - [2021-09-21 01:45:28,294] {dagbag.py:496} INFO - Filling up the DagBag from /home/airflow/.local/lib/python3.6/site-packages/airflow/example_dags/example_skip_dag.py
[2021-09-21 01:45:28,308] {processor.py:623} INFO - DAG(s) dict_keys(['example_skip_dag']) retrieved from /home/airflow/.local/lib/python3.6/site-packages/airflow/example_dags/example_skip_dag.py
[2021-09-21 01:45:28,333] {logging_mixin.py:109} INFO - [2021-09-21 01:45:28,332] {dag.py:1834} INFO - Sync 1 DAGs
[2021-09-21 01:45:28,349] {logging_mixin.py:109} INFO - [2021-09-21 01:45:28,349] {dag.py:2287} INFO - Setting next_dagrun for example_skip_dag to 2021-09-19 00:00:00+00:00
[2021-09-21 01:45:28,361] {processor.py:170} INFO - Processing /home/airflow/.local/lib/python3.6/site-packages/airflow/example_dags/example_skip_dag.py took 0.074 seconds
[2021-09-21 01:45:59,073] {processor.py:162} INFO - Started process (PID=3525) to work on /home/airflow/.local/lib/python3.6/site-packages/airflow/example_dags/example_skip_dag.py
[2021-09-21 01:45:59,075] {processor.py:613} INFO - Processing file /home/airflow/.local/lib/python3.6/site-packages/airflow/example_dags/example_skip_dag.py for tasks to queue
[2021-09-21 01:45:59,077] {logging_mixin.py:109} INFO - [2021-09-21 01:45:59,076] {dagbag.py:496} INFO - Filling up the DagBag from /home/airflow/.local/lib/python3.6/site-packages/airflow/example_dags/example_skip_dag.py
[2021-09-21 01:45:59,089] {processor.py:623} INFO - DAG(s) dict_keys(['example_skip_dag']) retrieved from /home/airflow/.local/lib/python3.6/site-packages/airflow/example_dags/example_skip_dag.py
[2021-09-21 01:45:59,115] {logging_mixin.py:109} INFO - [2021-09-21 01:45:59,115] {dag.py:1834} INFO - Sync 1 DAGs
[2021-09-21 01:45:59,130] {logging_mixin.py:109} INFO - [2021-09-21 01:45:59,130] {dag.py:2287} INFO - Setting next_dagrun for example_skip_dag to 2021-09-19 00:00:00+00:00
[2021-09-21 01:45:59,141] {processor.py:170} INFO - Processing /home/airflow/.local/lib/python3.6/site-packages/airflow/example_dags/example_skip_dag.py took 0.071 seconds
[2021-09-21 01:46:30,388] {processor.py:162} INFO - Started process (PID=3588) to work on /home/airflow/.local/lib/python3.6/site-packages/airflow/example_dags/example_skip_dag.py
[2021-09-21 01:46:30,391] {processor.py:613} INFO - Processing file /home/airflow/.local/lib/python3.6/site-packages/airflow/example_dags/example_skip_dag.py for tasks to queue
[2021-09-21 01:46:30,393] {logging_mixin.py:109} INFO - [2021-09-21 01:46:30,392] {dagbag.py:496} INFO - Filling up the DagBag from /home/airflow/.local/lib/python3.6/site-packages/airflow/example_dags/example_skip_dag.py
[2021-09-21 01:46:30,411] {processor.py:623} INFO - DAG(s) dict_keys(['example_skip_dag']) retrieved from /home/airflow/.local/lib/python3.6/site-packages/airflow/example_dags/example_skip_dag.py
[2021-09-21 01:46:30,443] {logging_mixin.py:109} INFO - [2021-09-21 01:46:30,442] {dag.py:1834} INFO - Sync 1 DAGs
[2021-09-21 01:46:30,461] {logging_mixin.py:109} INFO - [2021-09-21 01:46:30,461] {dag.py:2287} INFO - Setting next_dagrun for example_skip_dag to 2021-09-19 00:00:00+00:00
[2021-09-21 01:46:30,476] {processor.py:170} INFO - Processing /home/airflow/.local/lib/python3.6/site-packages/airflow/example_dags/example_skip_dag.py took 0.092 seconds
[2021-09-21 01:47:01,706] {processor.py:162} INFO - Started process (PID=3644) to work on /home/airflow/.local/lib/python3.6/site-packages/airflow/example_dags/example_skip_dag.py
[2021-09-21 01:47:01,710] {processor.py:613} INFO - Processing file /home/airflow/.local/lib/python3.6/site-packages/airflow/example_dags/example_skip_dag.py for tasks to queue
[2021-09-21 01:47:01,712] {logging_mixin.py:109} INFO - [2021-09-21 01:47:01,712] {dagbag.py:496} INFO - Filling up the DagBag from /home/airflow/.local/lib/python3.6/site-packages/airflow/example_dags/example_skip_dag.py
[2021-09-21 01:47:01,731] {processor.py:623} INFO - DAG(s) dict_keys(['example_skip_dag']) retrieved from /home/airflow/.local/lib/python3.6/site-packages/airflow/example_dags/example_skip_dag.py
[2021-09-21 01:47:01,765] {logging_mixin.py:109} INFO - [2021-09-21 01:47:01,765] {dag.py:1834} INFO - Sync 1 DAGs
[2021-09-21 01:47:01,786] {logging_mixin.py:109} INFO - [2021-09-21 01:47:01,786] {dag.py:2287} INFO - Setting next_dagrun for example_skip_dag to 2021-09-19 00:00:00+00:00
[2021-09-21 01:47:01,805] {processor.py:170} INFO - Processing /home/airflow/.local/lib/python3.6/site-packages/airflow/example_dags/example_skip_dag.py took 0.106 seconds
[2021-09-21 01:47:32,075] {processor.py:162} INFO - Started process (PID=3710) to work on /home/airflow/.local/lib/python3.6/site-packages/airflow/example_dags/example_skip_dag.py
[2021-09-21 01:47:32,077] {processor.py:613} INFO - Processing file /home/airflow/.local/lib/python3.6/site-packages/airflow/example_dags/example_skip_dag.py for tasks to queue
[2021-09-21 01:47:32,079] {logging_mixin.py:109} INFO - [2021-09-21 01:47:32,079] {dagbag.py:496} INFO - Filling up the DagBag from /home/airflow/.local/lib/python3.6/site-packages/airflow/example_dags/example_skip_dag.py
[2021-09-21 01:47:32,096] {processor.py:623} INFO - DAG(s) dict_keys(['example_skip_dag']) retrieved from /home/airflow/.local/lib/python3.6/site-packages/airflow/example_dags/example_skip_dag.py
[2021-09-21 01:47:32,160] {logging_mixin.py:109} INFO - [2021-09-21 01:47:32,159] {dag.py:1834} INFO - Sync 1 DAGs
[2021-09-21 01:47:32,196] {logging_mixin.py:109} INFO - [2021-09-21 01:47:32,196] {dag.py:2287} INFO - Setting next_dagrun for example_skip_dag to 2021-09-19 00:00:00+00:00
[2021-09-21 01:47:32,217] {processor.py:170} INFO - Processing /home/airflow/.local/lib/python3.6/site-packages/airflow/example_dags/example_skip_dag.py took 0.148 seconds
[2021-09-21 01:48:03,055] {processor.py:162} INFO - Started process (PID=3762) to work on /home/airflow/.local/lib/python3.6/site-packages/airflow/example_dags/example_skip_dag.py
[2021-09-21 01:48:03,057] {processor.py:613} INFO - Processing file /home/airflow/.local/lib/python3.6/site-packages/airflow/example_dags/example_skip_dag.py for tasks to queue
[2021-09-21 01:48:03,059] {logging_mixin.py:109} INFO - [2021-09-21 01:48:03,058] {dagbag.py:496} INFO - Filling up the DagBag from /home/airflow/.local/lib/python3.6/site-packages/airflow/example_dags/example_skip_dag.py
[2021-09-21 01:48:03,074] {processor.py:623} INFO - DAG(s) dict_keys(['example_skip_dag']) retrieved from /home/airflow/.local/lib/python3.6/site-packages/airflow/example_dags/example_skip_dag.py
[2021-09-21 01:48:03,096] {logging_mixin.py:109} INFO - [2021-09-21 01:48:03,096] {dag.py:1834} INFO - Sync 1 DAGs
[2021-09-21 01:48:03,109] {logging_mixin.py:109} INFO - [2021-09-21 01:48:03,109] {dag.py:2287} INFO - Setting next_dagrun for example_skip_dag to 2021-09-19 00:00:00+00:00
[2021-09-21 01:48:03,120] {processor.py:170} INFO - Processing /home/airflow/.local/lib/python3.6/site-packages/airflow/example_dags/example_skip_dag.py took 0.069 seconds
[2021-09-21 01:48:33,469] {processor.py:162} INFO - Started process (PID=3827) to work on /home/airflow/.local/lib/python3.6/site-packages/airflow/example_dags/example_skip_dag.py
[2021-09-21 01:48:33,472] {processor.py:613} INFO - Processing file /home/airflow/.local/lib/python3.6/site-packages/airflow/example_dags/example_skip_dag.py for tasks to queue
[2021-09-21 01:48:33,474] {logging_mixin.py:109} INFO - [2021-09-21 01:48:33,473] {dagbag.py:496} INFO - Filling up the DagBag from /home/airflow/.local/lib/python3.6/site-packages/airflow/example_dags/example_skip_dag.py
[2021-09-21 01:48:33,494] {processor.py:623} INFO - DAG(s) dict_keys(['example_skip_dag']) retrieved from /home/airflow/.local/lib/python3.6/site-packages/airflow/example_dags/example_skip_dag.py
[2021-09-21 01:48:33,528] {logging_mixin.py:109} INFO - [2021-09-21 01:48:33,528] {dag.py:1834} INFO - Sync 1 DAGs
[2021-09-21 01:48:33,547] {logging_mixin.py:109} INFO - [2021-09-21 01:48:33,547] {dag.py:2287} INFO - Setting next_dagrun for example_skip_dag to 2021-09-19 00:00:00+00:00
[2021-09-21 01:48:33,563] {processor.py:170} INFO - Processing /home/airflow/.local/lib/python3.6/site-packages/airflow/example_dags/example_skip_dag.py took 0.099 seconds
[2021-09-21 01:49:03,667] {processor.py:162} INFO - Started process (PID=3879) to work on /home/airflow/.local/lib/python3.6/site-packages/airflow/example_dags/example_skip_dag.py
[2021-09-21 01:49:03,669] {processor.py:613} INFO - Processing file /home/airflow/.local/lib/python3.6/site-packages/airflow/example_dags/example_skip_dag.py for tasks to queue
[2021-09-21 01:49:03,671] {logging_mixin.py:109} INFO - [2021-09-21 01:49:03,671] {dagbag.py:496} INFO - Filling up the DagBag from /home/airflow/.local/lib/python3.6/site-packages/airflow/example_dags/example_skip_dag.py
[2021-09-21 01:49:03,683] {processor.py:623} INFO - DAG(s) dict_keys(['example_skip_dag']) retrieved from /home/airflow/.local/lib/python3.6/site-packages/airflow/example_dags/example_skip_dag.py
[2021-09-21 01:49:03,708] {logging_mixin.py:109} INFO - [2021-09-21 01:49:03,708] {dag.py:1834} INFO - Sync 1 DAGs
[2021-09-21 01:49:03,724] {logging_mixin.py:109} INFO - [2021-09-21 01:49:03,724] {dag.py:2287} INFO - Setting next_dagrun for example_skip_dag to 2021-09-19 00:00:00+00:00
[2021-09-21 01:49:03,737] {processor.py:170} INFO - Processing /home/airflow/.local/lib/python3.6/site-packages/airflow/example_dags/example_skip_dag.py took 0.073 seconds
[2021-09-21 01:49:33,861] {processor.py:162} INFO - Started process (PID=3942) to work on /home/airflow/.local/lib/python3.6/site-packages/airflow/example_dags/example_skip_dag.py
[2021-09-21 01:49:33,863] {processor.py:613} INFO - Processing file /home/airflow/.local/lib/python3.6/site-packages/airflow/example_dags/example_skip_dag.py for tasks to queue
[2021-09-21 01:49:33,865] {logging_mixin.py:109} INFO - [2021-09-21 01:49:33,865] {dagbag.py:496} INFO - Filling up the DagBag from /home/airflow/.local/lib/python3.6/site-packages/airflow/example_dags/example_skip_dag.py
[2021-09-21 01:49:33,878] {processor.py:623} INFO - DAG(s) dict_keys(['example_skip_dag']) retrieved from /home/airflow/.local/lib/python3.6/site-packages/airflow/example_dags/example_skip_dag.py
[2021-09-21 01:49:33,901] {logging_mixin.py:109} INFO - [2021-09-21 01:49:33,901] {dag.py:1834} INFO - Sync 1 DAGs
[2021-09-21 01:49:33,917] {logging_mixin.py:109} INFO - [2021-09-21 01:49:33,917] {dag.py:2287} INFO - Setting next_dagrun for example_skip_dag to 2021-09-19 00:00:00+00:00
[2021-09-21 01:49:33,928] {processor.py:170} INFO - Processing /home/airflow/.local/lib/python3.6/site-packages/airflow/example_dags/example_skip_dag.py took 0.070 seconds
[2021-09-21 01:50:04,264] {processor.py:162} INFO - Started process (PID=4006) to work on /home/airflow/.local/lib/python3.6/site-packages/airflow/example_dags/example_skip_dag.py
[2021-09-21 01:50:04,267] {processor.py:613} INFO - Processing file /home/airflow/.local/lib/python3.6/site-packages/airflow/example_dags/example_skip_dag.py for tasks to queue
[2021-09-21 01:50:04,268] {logging_mixin.py:109} INFO - [2021-09-21 01:50:04,268] {dagbag.py:496} INFO - Filling up the DagBag from /home/airflow/.local/lib/python3.6/site-packages/airflow/example_dags/example_skip_dag.py
[2021-09-21 01:50:04,284] {processor.py:623} INFO - DAG(s) dict_keys(['example_skip_dag']) retrieved from /home/airflow/.local/lib/python3.6/site-packages/airflow/example_dags/example_skip_dag.py
[2021-09-21 01:50:04,310] {logging_mixin.py:109} INFO - [2021-09-21 01:50:04,310] {dag.py:1834} INFO - Sync 1 DAGs
[2021-09-21 01:50:04,327] {logging_mixin.py:109} INFO - [2021-09-21 01:50:04,327] {dag.py:2287} INFO - Setting next_dagrun for example_skip_dag to 2021-09-19 00:00:00+00:00
[2021-09-21 01:50:04,339] {processor.py:170} INFO - Processing /home/airflow/.local/lib/python3.6/site-packages/airflow/example_dags/example_skip_dag.py took 0.078 seconds
[2021-09-21 01:50:35,199] {processor.py:162} INFO - Started process (PID=4057) to work on /home/airflow/.local/lib/python3.6/site-packages/airflow/example_dags/example_skip_dag.py
[2021-09-21 01:50:35,201] {processor.py:613} INFO - Processing file /home/airflow/.local/lib/python3.6/site-packages/airflow/example_dags/example_skip_dag.py for tasks to queue
[2021-09-21 01:50:35,202] {logging_mixin.py:109} INFO - [2021-09-21 01:50:35,202] {dagbag.py:496} INFO - Filling up the DagBag from /home/airflow/.local/lib/python3.6/site-packages/airflow/example_dags/example_skip_dag.py
[2021-09-21 01:50:35,217] {processor.py:623} INFO - DAG(s) dict_keys(['example_skip_dag']) retrieved from /home/airflow/.local/lib/python3.6/site-packages/airflow/example_dags/example_skip_dag.py
[2021-09-21 01:50:35,256] {logging_mixin.py:109} INFO - [2021-09-21 01:50:35,256] {dag.py:1834} INFO - Sync 1 DAGs
[2021-09-21 01:50:35,276] {logging_mixin.py:109} INFO - [2021-09-21 01:50:35,276] {dag.py:2287} INFO - Setting next_dagrun for example_skip_dag to 2021-09-19 00:00:00+00:00
[2021-09-21 01:50:35,287] {processor.py:170} INFO - Processing /home/airflow/.local/lib/python3.6/site-packages/airflow/example_dags/example_skip_dag.py took 0.092 seconds
[2021-09-21 01:51:05,524] {processor.py:162} INFO - Started process (PID=4121) to work on /home/airflow/.local/lib/python3.6/site-packages/airflow/example_dags/example_skip_dag.py
[2021-09-21 01:51:05,526] {processor.py:613} INFO - Processing file /home/airflow/.local/lib/python3.6/site-packages/airflow/example_dags/example_skip_dag.py for tasks to queue
[2021-09-21 01:51:05,527] {logging_mixin.py:109} INFO - [2021-09-21 01:51:05,527] {dagbag.py:496} INFO - Filling up the DagBag from /home/airflow/.local/lib/python3.6/site-packages/airflow/example_dags/example_skip_dag.py
[2021-09-21 01:51:05,550] {processor.py:623} INFO - DAG(s) dict_keys(['example_skip_dag']) retrieved from /home/airflow/.local/lib/python3.6/site-packages/airflow/example_dags/example_skip_dag.py
[2021-09-21 01:51:05,578] {logging_mixin.py:109} INFO - [2021-09-21 01:51:05,578] {dag.py:1834} INFO - Sync 1 DAGs
[2021-09-21 01:51:05,593] {logging_mixin.py:109} INFO - [2021-09-21 01:51:05,593] {dag.py:2287} INFO - Setting next_dagrun for example_skip_dag to 2021-09-19 00:00:00+00:00
[2021-09-21 01:51:05,602] {processor.py:170} INFO - Processing /home/airflow/.local/lib/python3.6/site-packages/airflow/example_dags/example_skip_dag.py took 0.085 seconds
[2021-09-21 01:51:35,766] {processor.py:162} INFO - Started process (PID=4174) to work on /home/airflow/.local/lib/python3.6/site-packages/airflow/example_dags/example_skip_dag.py
[2021-09-21 01:51:35,769] {processor.py:613} INFO - Processing file /home/airflow/.local/lib/python3.6/site-packages/airflow/example_dags/example_skip_dag.py for tasks to queue
[2021-09-21 01:51:35,771] {logging_mixin.py:109} INFO - [2021-09-21 01:51:35,771] {dagbag.py:496} INFO - Filling up the DagBag from /home/airflow/.local/lib/python3.6/site-packages/airflow/example_dags/example_skip_dag.py
[2021-09-21 01:51:35,788] {processor.py:623} INFO - DAG(s) dict_keys(['example_skip_dag']) retrieved from /home/airflow/.local/lib/python3.6/site-packages/airflow/example_dags/example_skip_dag.py
[2021-09-21 01:51:35,826] {logging_mixin.py:109} INFO - [2021-09-21 01:51:35,826] {dag.py:1834} INFO - Sync 1 DAGs
[2021-09-21 01:51:35,849] {logging_mixin.py:109} INFO - [2021-09-21 01:51:35,849] {dag.py:2287} INFO - Setting next_dagrun for example_skip_dag to 2021-09-19 00:00:00+00:00
[2021-09-21 01:51:35,863] {processor.py:170} INFO - Processing /home/airflow/.local/lib/python3.6/site-packages/airflow/example_dags/example_skip_dag.py took 0.103 seconds
[2021-09-21 01:52:06,160] {processor.py:162} INFO - Started process (PID=4237) to work on /home/airflow/.local/lib/python3.6/site-packages/airflow/example_dags/example_skip_dag.py
[2021-09-21 01:52:06,164] {processor.py:613} INFO - Processing file /home/airflow/.local/lib/python3.6/site-packages/airflow/example_dags/example_skip_dag.py for tasks to queue
[2021-09-21 01:52:06,166] {logging_mixin.py:109} INFO - [2021-09-21 01:52:06,166] {dagbag.py:496} INFO - Filling up the DagBag from /home/airflow/.local/lib/python3.6/site-packages/airflow/example_dags/example_skip_dag.py
[2021-09-21 01:52:06,194] {processor.py:623} INFO - DAG(s) dict_keys(['example_skip_dag']) retrieved from /home/airflow/.local/lib/python3.6/site-packages/airflow/example_dags/example_skip_dag.py
[2021-09-21 01:52:06,250] {logging_mixin.py:109} INFO - [2021-09-21 01:52:06,250] {dag.py:1834} INFO - Sync 1 DAGs
[2021-09-21 01:52:06,284] {logging_mixin.py:109} INFO - [2021-09-21 01:52:06,284] {dag.py:2287} INFO - Setting next_dagrun for example_skip_dag to 2021-09-19 00:00:00+00:00
[2021-09-21 01:52:06,316] {processor.py:170} INFO - Processing /home/airflow/.local/lib/python3.6/site-packages/airflow/example_dags/example_skip_dag.py took 0.161 seconds
[2021-09-21 01:52:36,361] {processor.py:162} INFO - Started process (PID=4292) to work on /home/airflow/.local/lib/python3.6/site-packages/airflow/example_dags/example_skip_dag.py
[2021-09-21 01:52:36,363] {processor.py:613} INFO - Processing file /home/airflow/.local/lib/python3.6/site-packages/airflow/example_dags/example_skip_dag.py for tasks to queue
[2021-09-21 01:52:36,364] {logging_mixin.py:109} INFO - [2021-09-21 01:52:36,364] {dagbag.py:496} INFO - Filling up the DagBag from /home/airflow/.local/lib/python3.6/site-packages/airflow/example_dags/example_skip_dag.py
[2021-09-21 01:52:36,377] {processor.py:623} INFO - DAG(s) dict_keys(['example_skip_dag']) retrieved from /home/airflow/.local/lib/python3.6/site-packages/airflow/example_dags/example_skip_dag.py
[2021-09-21 01:52:36,406] {logging_mixin.py:109} INFO - [2021-09-21 01:52:36,406] {dag.py:1834} INFO - Sync 1 DAGs
[2021-09-21 01:52:36,422] {logging_mixin.py:109} INFO - [2021-09-21 01:52:36,422] {dag.py:2287} INFO - Setting next_dagrun for example_skip_dag to 2021-09-19 00:00:00+00:00
[2021-09-21 01:52:36,433] {processor.py:170} INFO - Processing /home/airflow/.local/lib/python3.6/site-packages/airflow/example_dags/example_skip_dag.py took 0.076 seconds
