[2021-09-21 01:17:34,686] {processor.py:162} INFO - Started process (PID=246) to work on /home/airflow/.local/lib/python3.6/site-packages/airflow/example_dags/example_bash_operator.py
[2021-09-21 01:17:34,692] {processor.py:613} INFO - Processing file /home/airflow/.local/lib/python3.6/site-packages/airflow/example_dags/example_bash_operator.py for tasks to queue
[2021-09-21 01:17:34,693] {logging_mixin.py:109} INFO - [2021-09-21 01:17:34,693] {dagbag.py:496} INFO - Filling up the DagBag from /home/airflow/.local/lib/python3.6/site-packages/airflow/example_dags/example_bash_operator.py
[2021-09-21 01:17:34,712] {processor.py:623} INFO - DAG(s) dict_keys(['example_bash_operator']) retrieved from /home/airflow/.local/lib/python3.6/site-packages/airflow/example_dags/example_bash_operator.py
[2021-09-21 01:17:36,652] {logging_mixin.py:109} INFO - [2021-09-21 01:17:36,651] {dag.py:1834} INFO - Sync 1 DAGs
[2021-09-21 01:17:36,661] {logging_mixin.py:109} INFO - [2021-09-21 01:17:36,661] {dag.py:1853} INFO - Creating ORM DAG for example_bash_operator
[2021-09-21 01:17:36,668] {logging_mixin.py:109} INFO - [2021-09-21 01:17:36,668] {dag.py:2287} INFO - Setting next_dagrun for example_bash_operator to 2021-09-19 00:00:00+00:00
[2021-09-21 01:17:36,684] {processor.py:170} INFO - Processing /home/airflow/.local/lib/python3.6/site-packages/airflow/example_dags/example_bash_operator.py took 2.002 seconds
[2021-09-21 01:18:06,756] {processor.py:162} INFO - Started process (PID=346) to work on /home/airflow/.local/lib/python3.6/site-packages/airflow/example_dags/example_bash_operator.py
[2021-09-21 01:18:06,758] {processor.py:613} INFO - Processing file /home/airflow/.local/lib/python3.6/site-packages/airflow/example_dags/example_bash_operator.py for tasks to queue
[2021-09-21 01:18:06,759] {logging_mixin.py:109} INFO - [2021-09-21 01:18:06,759] {dagbag.py:496} INFO - Filling up the DagBag from /home/airflow/.local/lib/python3.6/site-packages/airflow/example_dags/example_bash_operator.py
[2021-09-21 01:18:06,775] {processor.py:623} INFO - DAG(s) dict_keys(['example_bash_operator']) retrieved from /home/airflow/.local/lib/python3.6/site-packages/airflow/example_dags/example_bash_operator.py
[2021-09-21 01:18:06,798] {logging_mixin.py:109} INFO - [2021-09-21 01:18:06,798] {dag.py:1834} INFO - Sync 1 DAGs
[2021-09-21 01:18:06,814] {logging_mixin.py:109} INFO - [2021-09-21 01:18:06,814] {dag.py:2287} INFO - Setting next_dagrun for example_bash_operator to 2021-09-19 00:00:00+00:00
[2021-09-21 01:18:06,824] {processor.py:170} INFO - Processing /home/airflow/.local/lib/python3.6/site-packages/airflow/example_dags/example_bash_operator.py took 0.072 seconds
[2021-09-21 01:18:36,911] {processor.py:162} INFO - Started process (PID=401) to work on /home/airflow/.local/lib/python3.6/site-packages/airflow/example_dags/example_bash_operator.py
[2021-09-21 01:18:36,913] {processor.py:613} INFO - Processing file /home/airflow/.local/lib/python3.6/site-packages/airflow/example_dags/example_bash_operator.py for tasks to queue
[2021-09-21 01:18:36,915] {logging_mixin.py:109} INFO - [2021-09-21 01:18:36,915] {dagbag.py:496} INFO - Filling up the DagBag from /home/airflow/.local/lib/python3.6/site-packages/airflow/example_dags/example_bash_operator.py
[2021-09-21 01:18:36,933] {processor.py:623} INFO - DAG(s) dict_keys(['example_bash_operator']) retrieved from /home/airflow/.local/lib/python3.6/site-packages/airflow/example_dags/example_bash_operator.py
[2021-09-21 01:18:36,958] {logging_mixin.py:109} INFO - [2021-09-21 01:18:36,958] {dag.py:1834} INFO - Sync 1 DAGs
[2021-09-21 01:18:36,976] {logging_mixin.py:109} INFO - [2021-09-21 01:18:36,976] {dag.py:2287} INFO - Setting next_dagrun for example_bash_operator to 2021-09-19 00:00:00+00:00
[2021-09-21 01:18:36,987] {processor.py:170} INFO - Processing /home/airflow/.local/lib/python3.6/site-packages/airflow/example_dags/example_bash_operator.py took 0.079 seconds
[2021-09-21 01:19:07,176] {processor.py:162} INFO - Started process (PID=463) to work on /home/airflow/.local/lib/python3.6/site-packages/airflow/example_dags/example_bash_operator.py
[2021-09-21 01:19:07,180] {processor.py:613} INFO - Processing file /home/airflow/.local/lib/python3.6/site-packages/airflow/example_dags/example_bash_operator.py for tasks to queue
[2021-09-21 01:19:07,183] {logging_mixin.py:109} INFO - [2021-09-21 01:19:07,183] {dagbag.py:496} INFO - Filling up the DagBag from /home/airflow/.local/lib/python3.6/site-packages/airflow/example_dags/example_bash_operator.py
[2021-09-21 01:19:07,202] {processor.py:623} INFO - DAG(s) dict_keys(['example_bash_operator']) retrieved from /home/airflow/.local/lib/python3.6/site-packages/airflow/example_dags/example_bash_operator.py
[2021-09-21 01:19:07,228] {logging_mixin.py:109} INFO - [2021-09-21 01:19:07,227] {dag.py:1834} INFO - Sync 1 DAGs
[2021-09-21 01:19:07,246] {logging_mixin.py:109} INFO - [2021-09-21 01:19:07,246] {dag.py:2287} INFO - Setting next_dagrun for example_bash_operator to 2021-09-19 00:00:00+00:00
[2021-09-21 01:19:07,259] {processor.py:170} INFO - Processing /home/airflow/.local/lib/python3.6/site-packages/airflow/example_dags/example_bash_operator.py took 0.092 seconds
[2021-09-21 01:19:37,327] {processor.py:162} INFO - Started process (PID=527) to work on /home/airflow/.local/lib/python3.6/site-packages/airflow/example_dags/example_bash_operator.py
[2021-09-21 01:19:37,329] {processor.py:613} INFO - Processing file /home/airflow/.local/lib/python3.6/site-packages/airflow/example_dags/example_bash_operator.py for tasks to queue
[2021-09-21 01:19:37,330] {logging_mixin.py:109} INFO - [2021-09-21 01:19:37,330] {dagbag.py:496} INFO - Filling up the DagBag from /home/airflow/.local/lib/python3.6/site-packages/airflow/example_dags/example_bash_operator.py
[2021-09-21 01:19:37,344] {processor.py:623} INFO - DAG(s) dict_keys(['example_bash_operator']) retrieved from /home/airflow/.local/lib/python3.6/site-packages/airflow/example_dags/example_bash_operator.py
[2021-09-21 01:19:37,365] {logging_mixin.py:109} INFO - [2021-09-21 01:19:37,365] {dag.py:1834} INFO - Sync 1 DAGs
[2021-09-21 01:19:37,381] {logging_mixin.py:109} INFO - [2021-09-21 01:19:37,381] {dag.py:2287} INFO - Setting next_dagrun for example_bash_operator to 2021-09-19 00:00:00+00:00
[2021-09-21 01:19:37,391] {processor.py:170} INFO - Processing /home/airflow/.local/lib/python3.6/site-packages/airflow/example_dags/example_bash_operator.py took 0.068 seconds
[2021-09-21 01:20:07,600] {processor.py:162} INFO - Started process (PID=580) to work on /home/airflow/.local/lib/python3.6/site-packages/airflow/example_dags/example_bash_operator.py
[2021-09-21 01:20:07,602] {processor.py:613} INFO - Processing file /home/airflow/.local/lib/python3.6/site-packages/airflow/example_dags/example_bash_operator.py for tasks to queue
[2021-09-21 01:20:07,603] {logging_mixin.py:109} INFO - [2021-09-21 01:20:07,603] {dagbag.py:496} INFO - Filling up the DagBag from /home/airflow/.local/lib/python3.6/site-packages/airflow/example_dags/example_bash_operator.py
[2021-09-21 01:20:07,619] {processor.py:623} INFO - DAG(s) dict_keys(['example_bash_operator']) retrieved from /home/airflow/.local/lib/python3.6/site-packages/airflow/example_dags/example_bash_operator.py
[2021-09-21 01:20:07,642] {logging_mixin.py:109} INFO - [2021-09-21 01:20:07,642] {dag.py:1834} INFO - Sync 1 DAGs
[2021-09-21 01:20:07,660] {logging_mixin.py:109} INFO - [2021-09-21 01:20:07,660] {dag.py:2287} INFO - Setting next_dagrun for example_bash_operator to 2021-09-19 00:00:00+00:00
[2021-09-21 01:20:07,673] {processor.py:170} INFO - Processing /home/airflow/.local/lib/python3.6/site-packages/airflow/example_dags/example_bash_operator.py took 0.076 seconds
[2021-09-21 01:20:38,235] {processor.py:162} INFO - Started process (PID=645) to work on /home/airflow/.local/lib/python3.6/site-packages/airflow/example_dags/example_bash_operator.py
[2021-09-21 01:20:38,237] {processor.py:613} INFO - Processing file /home/airflow/.local/lib/python3.6/site-packages/airflow/example_dags/example_bash_operator.py for tasks to queue
[2021-09-21 01:20:38,239] {logging_mixin.py:109} INFO - [2021-09-21 01:20:38,239] {dagbag.py:496} INFO - Filling up the DagBag from /home/airflow/.local/lib/python3.6/site-packages/airflow/example_dags/example_bash_operator.py
[2021-09-21 01:20:38,255] {processor.py:623} INFO - DAG(s) dict_keys(['example_bash_operator']) retrieved from /home/airflow/.local/lib/python3.6/site-packages/airflow/example_dags/example_bash_operator.py
[2021-09-21 01:20:38,280] {logging_mixin.py:109} INFO - [2021-09-21 01:20:38,280] {dag.py:1834} INFO - Sync 1 DAGs
[2021-09-21 01:20:38,297] {logging_mixin.py:109} INFO - [2021-09-21 01:20:38,297] {dag.py:2287} INFO - Setting next_dagrun for example_bash_operator to 2021-09-19 00:00:00+00:00
[2021-09-21 01:20:38,308] {processor.py:170} INFO - Processing /home/airflow/.local/lib/python3.6/site-packages/airflow/example_dags/example_bash_operator.py took 0.076 seconds
[2021-09-21 01:21:08,812] {processor.py:162} INFO - Started process (PID=699) to work on /home/airflow/.local/lib/python3.6/site-packages/airflow/example_dags/example_bash_operator.py
[2021-09-21 01:21:08,815] {processor.py:613} INFO - Processing file /home/airflow/.local/lib/python3.6/site-packages/airflow/example_dags/example_bash_operator.py for tasks to queue
[2021-09-21 01:21:08,816] {logging_mixin.py:109} INFO - [2021-09-21 01:21:08,816] {dagbag.py:496} INFO - Filling up the DagBag from /home/airflow/.local/lib/python3.6/site-packages/airflow/example_dags/example_bash_operator.py
[2021-09-21 01:21:08,836] {processor.py:623} INFO - DAG(s) dict_keys(['example_bash_operator']) retrieved from /home/airflow/.local/lib/python3.6/site-packages/airflow/example_dags/example_bash_operator.py
[2021-09-21 01:21:08,862] {logging_mixin.py:109} INFO - [2021-09-21 01:21:08,862] {dag.py:1834} INFO - Sync 1 DAGs
[2021-09-21 01:21:08,881] {logging_mixin.py:109} INFO - [2021-09-21 01:21:08,881] {dag.py:2287} INFO - Setting next_dagrun for example_bash_operator to 2021-09-19 00:00:00+00:00
[2021-09-21 01:21:08,893] {processor.py:170} INFO - Processing /home/airflow/.local/lib/python3.6/site-packages/airflow/example_dags/example_bash_operator.py took 0.085 seconds
[2021-09-21 01:21:39,305] {processor.py:162} INFO - Started process (PID=762) to work on /home/airflow/.local/lib/python3.6/site-packages/airflow/example_dags/example_bash_operator.py
[2021-09-21 01:21:39,309] {processor.py:613} INFO - Processing file /home/airflow/.local/lib/python3.6/site-packages/airflow/example_dags/example_bash_operator.py for tasks to queue
[2021-09-21 01:21:39,311] {logging_mixin.py:109} INFO - [2021-09-21 01:21:39,311] {dagbag.py:496} INFO - Filling up the DagBag from /home/airflow/.local/lib/python3.6/site-packages/airflow/example_dags/example_bash_operator.py
[2021-09-21 01:21:39,342] {processor.py:623} INFO - DAG(s) dict_keys(['example_bash_operator']) retrieved from /home/airflow/.local/lib/python3.6/site-packages/airflow/example_dags/example_bash_operator.py
[2021-09-21 01:21:39,393] {logging_mixin.py:109} INFO - [2021-09-21 01:21:39,393] {dag.py:1834} INFO - Sync 1 DAGs
[2021-09-21 01:21:39,428] {logging_mixin.py:109} INFO - [2021-09-21 01:21:39,427] {dag.py:2287} INFO - Setting next_dagrun for example_bash_operator to 2021-09-19 00:00:00+00:00
[2021-09-21 01:21:39,452] {processor.py:170} INFO - Processing /home/airflow/.local/lib/python3.6/site-packages/airflow/example_dags/example_bash_operator.py took 0.151 seconds
[2021-09-21 01:22:10,026] {processor.py:162} INFO - Started process (PID=815) to work on /home/airflow/.local/lib/python3.6/site-packages/airflow/example_dags/example_bash_operator.py
[2021-09-21 01:22:10,027] {processor.py:613} INFO - Processing file /home/airflow/.local/lib/python3.6/site-packages/airflow/example_dags/example_bash_operator.py for tasks to queue
[2021-09-21 01:22:10,029] {logging_mixin.py:109} INFO - [2021-09-21 01:22:10,029] {dagbag.py:496} INFO - Filling up the DagBag from /home/airflow/.local/lib/python3.6/site-packages/airflow/example_dags/example_bash_operator.py
[2021-09-21 01:22:10,045] {processor.py:623} INFO - DAG(s) dict_keys(['example_bash_operator']) retrieved from /home/airflow/.local/lib/python3.6/site-packages/airflow/example_dags/example_bash_operator.py
[2021-09-21 01:22:10,070] {logging_mixin.py:109} INFO - [2021-09-21 01:22:10,070] {dag.py:1834} INFO - Sync 1 DAGs
[2021-09-21 01:22:10,088] {logging_mixin.py:109} INFO - [2021-09-21 01:22:10,088] {dag.py:2287} INFO - Setting next_dagrun for example_bash_operator to 2021-09-19 00:00:00+00:00
[2021-09-21 01:22:10,098] {processor.py:170} INFO - Processing /home/airflow/.local/lib/python3.6/site-packages/airflow/example_dags/example_bash_operator.py took 0.076 seconds
[2021-09-21 01:22:40,515] {processor.py:162} INFO - Started process (PID=879) to work on /home/airflow/.local/lib/python3.6/site-packages/airflow/example_dags/example_bash_operator.py
[2021-09-21 01:22:40,517] {processor.py:613} INFO - Processing file /home/airflow/.local/lib/python3.6/site-packages/airflow/example_dags/example_bash_operator.py for tasks to queue
[2021-09-21 01:22:40,519] {logging_mixin.py:109} INFO - [2021-09-21 01:22:40,519] {dagbag.py:496} INFO - Filling up the DagBag from /home/airflow/.local/lib/python3.6/site-packages/airflow/example_dags/example_bash_operator.py
[2021-09-21 01:22:40,536] {processor.py:623} INFO - DAG(s) dict_keys(['example_bash_operator']) retrieved from /home/airflow/.local/lib/python3.6/site-packages/airflow/example_dags/example_bash_operator.py
[2021-09-21 01:22:40,560] {logging_mixin.py:109} INFO - [2021-09-21 01:22:40,560] {dag.py:1834} INFO - Sync 1 DAGs
[2021-09-21 01:22:40,578] {logging_mixin.py:109} INFO - [2021-09-21 01:22:40,578] {dag.py:2287} INFO - Setting next_dagrun for example_bash_operator to 2021-09-19 00:00:00+00:00
[2021-09-21 01:22:40,587] {processor.py:170} INFO - Processing /home/airflow/.local/lib/python3.6/site-packages/airflow/example_dags/example_bash_operator.py took 0.075 seconds
[2021-09-21 01:23:10,838] {processor.py:162} INFO - Started process (PID=932) to work on /home/airflow/.local/lib/python3.6/site-packages/airflow/example_dags/example_bash_operator.py
[2021-09-21 01:23:10,840] {processor.py:613} INFO - Processing file /home/airflow/.local/lib/python3.6/site-packages/airflow/example_dags/example_bash_operator.py for tasks to queue
[2021-09-21 01:23:10,842] {logging_mixin.py:109} INFO - [2021-09-21 01:23:10,842] {dagbag.py:496} INFO - Filling up the DagBag from /home/airflow/.local/lib/python3.6/site-packages/airflow/example_dags/example_bash_operator.py
[2021-09-21 01:23:10,865] {processor.py:623} INFO - DAG(s) dict_keys(['example_bash_operator']) retrieved from /home/airflow/.local/lib/python3.6/site-packages/airflow/example_dags/example_bash_operator.py
[2021-09-21 01:23:10,898] {logging_mixin.py:109} INFO - [2021-09-21 01:23:10,898] {dag.py:1834} INFO - Sync 1 DAGs
[2021-09-21 01:23:10,922] {logging_mixin.py:109} INFO - [2021-09-21 01:23:10,922] {dag.py:2287} INFO - Setting next_dagrun for example_bash_operator to 2021-09-19 00:00:00+00:00
[2021-09-21 01:23:10,933] {processor.py:170} INFO - Processing /home/airflow/.local/lib/python3.6/site-packages/airflow/example_dags/example_bash_operator.py took 0.100 seconds
[2021-09-21 01:23:40,969] {processor.py:162} INFO - Started process (PID=985) to work on /home/airflow/.local/lib/python3.6/site-packages/airflow/example_dags/example_bash_operator.py
[2021-09-21 01:23:40,972] {processor.py:613} INFO - Processing file /home/airflow/.local/lib/python3.6/site-packages/airflow/example_dags/example_bash_operator.py for tasks to queue
[2021-09-21 01:23:40,974] {logging_mixin.py:109} INFO - [2021-09-21 01:23:40,974] {dagbag.py:496} INFO - Filling up the DagBag from /home/airflow/.local/lib/python3.6/site-packages/airflow/example_dags/example_bash_operator.py
[2021-09-21 01:23:40,997] {processor.py:623} INFO - DAG(s) dict_keys(['example_bash_operator']) retrieved from /home/airflow/.local/lib/python3.6/site-packages/airflow/example_dags/example_bash_operator.py
[2021-09-21 01:23:41,025] {logging_mixin.py:109} INFO - [2021-09-21 01:23:41,025] {dag.py:1834} INFO - Sync 1 DAGs
[2021-09-21 01:23:41,049] {logging_mixin.py:109} INFO - [2021-09-21 01:23:41,049] {dag.py:2287} INFO - Setting next_dagrun for example_bash_operator to 2021-09-19 00:00:00+00:00
[2021-09-21 01:23:41,062] {processor.py:170} INFO - Processing /home/airflow/.local/lib/python3.6/site-packages/airflow/example_dags/example_bash_operator.py took 0.098 seconds
[2021-09-21 01:24:11,929] {processor.py:162} INFO - Started process (PID=1038) to work on /home/airflow/.local/lib/python3.6/site-packages/airflow/example_dags/example_bash_operator.py
[2021-09-21 01:24:11,931] {processor.py:613} INFO - Processing file /home/airflow/.local/lib/python3.6/site-packages/airflow/example_dags/example_bash_operator.py for tasks to queue
[2021-09-21 01:24:11,933] {logging_mixin.py:109} INFO - [2021-09-21 01:24:11,933] {dagbag.py:496} INFO - Filling up the DagBag from /home/airflow/.local/lib/python3.6/site-packages/airflow/example_dags/example_bash_operator.py
[2021-09-21 01:24:11,949] {processor.py:623} INFO - DAG(s) dict_keys(['example_bash_operator']) retrieved from /home/airflow/.local/lib/python3.6/site-packages/airflow/example_dags/example_bash_operator.py
[2021-09-21 01:24:11,972] {logging_mixin.py:109} INFO - [2021-09-21 01:24:11,972] {dag.py:1834} INFO - Sync 1 DAGs
[2021-09-21 01:24:11,994] {logging_mixin.py:109} INFO - [2021-09-21 01:24:11,993] {dag.py:2287} INFO - Setting next_dagrun for example_bash_operator to 2021-09-19 00:00:00+00:00
[2021-09-21 01:24:12,004] {processor.py:170} INFO - Processing /home/airflow/.local/lib/python3.6/site-packages/airflow/example_dags/example_bash_operator.py took 0.079 seconds
[2021-09-21 01:24:42,663] {processor.py:162} INFO - Started process (PID=1101) to work on /home/airflow/.local/lib/python3.6/site-packages/airflow/example_dags/example_bash_operator.py
[2021-09-21 01:24:42,681] {processor.py:613} INFO - Processing file /home/airflow/.local/lib/python3.6/site-packages/airflow/example_dags/example_bash_operator.py for tasks to queue
[2021-09-21 01:24:42,692] {logging_mixin.py:109} INFO - [2021-09-21 01:24:42,691] {dagbag.py:496} INFO - Filling up the DagBag from /home/airflow/.local/lib/python3.6/site-packages/airflow/example_dags/example_bash_operator.py
[2021-09-21 01:24:42,764] {processor.py:623} INFO - DAG(s) dict_keys(['example_bash_operator']) retrieved from /home/airflow/.local/lib/python3.6/site-packages/airflow/example_dags/example_bash_operator.py
[2021-09-21 01:24:42,890] {logging_mixin.py:109} INFO - [2021-09-21 01:24:42,889] {dag.py:1834} INFO - Sync 1 DAGs
[2021-09-21 01:24:43,067] {logging_mixin.py:109} INFO - [2021-09-21 01:24:43,066] {dag.py:2287} INFO - Setting next_dagrun for example_bash_operator to 2021-09-19 00:00:00+00:00
[2021-09-21 01:24:43,148] {processor.py:170} INFO - Processing /home/airflow/.local/lib/python3.6/site-packages/airflow/example_dags/example_bash_operator.py took 0.495 seconds
[2021-09-21 01:25:22,523] {processor.py:162} INFO - Started process (PID=1154) to work on /home/airflow/.local/lib/python3.6/site-packages/airflow/example_dags/example_bash_operator.py
[2021-09-21 01:25:22,531] {processor.py:613} INFO - Processing file /home/airflow/.local/lib/python3.6/site-packages/airflow/example_dags/example_bash_operator.py for tasks to queue
[2021-09-21 01:25:22,536] {logging_mixin.py:109} INFO - [2021-09-21 01:25:22,535] {dagbag.py:496} INFO - Filling up the DagBag from /home/airflow/.local/lib/python3.6/site-packages/airflow/example_dags/example_bash_operator.py
[2021-09-21 01:25:22,663] {processor.py:623} INFO - DAG(s) dict_keys(['example_bash_operator']) retrieved from /home/airflow/.local/lib/python3.6/site-packages/airflow/example_dags/example_bash_operator.py
[2021-09-21 01:25:22,759] {logging_mixin.py:109} INFO - [2021-09-21 01:25:22,759] {dag.py:1834} INFO - Sync 1 DAGs
[2021-09-21 01:25:22,791] {logging_mixin.py:109} INFO - [2021-09-21 01:25:22,791] {dag.py:2287} INFO - Setting next_dagrun for example_bash_operator to 2021-09-19 00:00:00+00:00
[2021-09-21 01:25:22,829] {processor.py:170} INFO - Processing /home/airflow/.local/lib/python3.6/site-packages/airflow/example_dags/example_bash_operator.py took 0.324 seconds
[2021-09-21 01:25:53,132] {processor.py:162} INFO - Started process (PID=1208) to work on /home/airflow/.local/lib/python3.6/site-packages/airflow/example_dags/example_bash_operator.py
[2021-09-21 01:25:53,135] {processor.py:613} INFO - Processing file /home/airflow/.local/lib/python3.6/site-packages/airflow/example_dags/example_bash_operator.py for tasks to queue
[2021-09-21 01:25:53,137] {logging_mixin.py:109} INFO - [2021-09-21 01:25:53,136] {dagbag.py:496} INFO - Filling up the DagBag from /home/airflow/.local/lib/python3.6/site-packages/airflow/example_dags/example_bash_operator.py
[2021-09-21 01:25:53,154] {processor.py:623} INFO - DAG(s) dict_keys(['example_bash_operator']) retrieved from /home/airflow/.local/lib/python3.6/site-packages/airflow/example_dags/example_bash_operator.py
[2021-09-21 01:25:53,191] {logging_mixin.py:109} INFO - [2021-09-21 01:25:53,191] {dag.py:1834} INFO - Sync 1 DAGs
[2021-09-21 01:25:53,219] {logging_mixin.py:109} INFO - [2021-09-21 01:25:53,219] {dag.py:2287} INFO - Setting next_dagrun for example_bash_operator to 2021-09-19 00:00:00+00:00
[2021-09-21 01:25:53,244] {processor.py:170} INFO - Processing /home/airflow/.local/lib/python3.6/site-packages/airflow/example_dags/example_bash_operator.py took 0.115 seconds
[2021-09-21 01:26:23,901] {processor.py:162} INFO - Started process (PID=1270) to work on /home/airflow/.local/lib/python3.6/site-packages/airflow/example_dags/example_bash_operator.py
[2021-09-21 01:26:23,913] {processor.py:613} INFO - Processing file /home/airflow/.local/lib/python3.6/site-packages/airflow/example_dags/example_bash_operator.py for tasks to queue
[2021-09-21 01:26:23,920] {logging_mixin.py:109} INFO - [2021-09-21 01:26:23,918] {dagbag.py:496} INFO - Filling up the DagBag from /home/airflow/.local/lib/python3.6/site-packages/airflow/example_dags/example_bash_operator.py
[2021-09-21 01:26:23,961] {processor.py:623} INFO - DAG(s) dict_keys(['example_bash_operator']) retrieved from /home/airflow/.local/lib/python3.6/site-packages/airflow/example_dags/example_bash_operator.py
[2021-09-21 01:26:24,031] {logging_mixin.py:109} INFO - [2021-09-21 01:26:24,031] {dag.py:1834} INFO - Sync 1 DAGs
[2021-09-21 01:26:24,119] {logging_mixin.py:109} INFO - [2021-09-21 01:26:24,119] {dag.py:2287} INFO - Setting next_dagrun for example_bash_operator to 2021-09-19 00:00:00+00:00
[2021-09-21 01:26:24,177] {processor.py:170} INFO - Processing /home/airflow/.local/lib/python3.6/site-packages/airflow/example_dags/example_bash_operator.py took 0.284 seconds
[2021-09-21 01:26:55,028] {processor.py:162} INFO - Started process (PID=1324) to work on /home/airflow/.local/lib/python3.6/site-packages/airflow/example_dags/example_bash_operator.py
[2021-09-21 01:26:55,033] {processor.py:613} INFO - Processing file /home/airflow/.local/lib/python3.6/site-packages/airflow/example_dags/example_bash_operator.py for tasks to queue
[2021-09-21 01:26:55,035] {logging_mixin.py:109} INFO - [2021-09-21 01:26:55,035] {dagbag.py:496} INFO - Filling up the DagBag from /home/airflow/.local/lib/python3.6/site-packages/airflow/example_dags/example_bash_operator.py
[2021-09-21 01:26:55,056] {processor.py:623} INFO - DAG(s) dict_keys(['example_bash_operator']) retrieved from /home/airflow/.local/lib/python3.6/site-packages/airflow/example_dags/example_bash_operator.py
[2021-09-21 01:26:55,091] {logging_mixin.py:109} INFO - [2021-09-21 01:26:55,091] {dag.py:1834} INFO - Sync 1 DAGs
[2021-09-21 01:26:55,115] {logging_mixin.py:109} INFO - [2021-09-21 01:26:55,115] {dag.py:2287} INFO - Setting next_dagrun for example_bash_operator to 2021-09-19 00:00:00+00:00
[2021-09-21 01:26:55,141] {processor.py:170} INFO - Processing /home/airflow/.local/lib/python3.6/site-packages/airflow/example_dags/example_bash_operator.py took 0.119 seconds
[2021-09-21 01:27:27,603] {processor.py:162} INFO - Started process (PID=1377) to work on /home/airflow/.local/lib/python3.6/site-packages/airflow/example_dags/example_bash_operator.py
[2021-09-21 01:27:27,609] {processor.py:613} INFO - Processing file /home/airflow/.local/lib/python3.6/site-packages/airflow/example_dags/example_bash_operator.py for tasks to queue
[2021-09-21 01:27:27,615] {logging_mixin.py:109} INFO - [2021-09-21 01:27:27,614] {dagbag.py:496} INFO - Filling up the DagBag from /home/airflow/.local/lib/python3.6/site-packages/airflow/example_dags/example_bash_operator.py
[2021-09-21 01:27:27,652] {processor.py:623} INFO - DAG(s) dict_keys(['example_bash_operator']) retrieved from /home/airflow/.local/lib/python3.6/site-packages/airflow/example_dags/example_bash_operator.py
[2021-09-21 01:27:27,730] {logging_mixin.py:109} INFO - [2021-09-21 01:27:27,729] {dag.py:1834} INFO - Sync 1 DAGs
[2021-09-21 01:27:27,775] {logging_mixin.py:109} INFO - [2021-09-21 01:27:27,773] {dag.py:2287} INFO - Setting next_dagrun for example_bash_operator to 2021-09-19 00:00:00+00:00
[2021-09-21 01:27:27,801] {processor.py:170} INFO - Processing /home/airflow/.local/lib/python3.6/site-packages/airflow/example_dags/example_bash_operator.py took 0.208 seconds
[2021-09-21 01:27:58,685] {processor.py:162} INFO - Started process (PID=1430) to work on /home/airflow/.local/lib/python3.6/site-packages/airflow/example_dags/example_bash_operator.py
[2021-09-21 01:27:58,687] {processor.py:613} INFO - Processing file /home/airflow/.local/lib/python3.6/site-packages/airflow/example_dags/example_bash_operator.py for tasks to queue
[2021-09-21 01:27:58,688] {logging_mixin.py:109} INFO - [2021-09-21 01:27:58,688] {dagbag.py:496} INFO - Filling up the DagBag from /home/airflow/.local/lib/python3.6/site-packages/airflow/example_dags/example_bash_operator.py
[2021-09-21 01:27:58,708] {processor.py:623} INFO - DAG(s) dict_keys(['example_bash_operator']) retrieved from /home/airflow/.local/lib/python3.6/site-packages/airflow/example_dags/example_bash_operator.py
[2021-09-21 01:27:58,731] {logging_mixin.py:109} INFO - [2021-09-21 01:27:58,731] {dag.py:1834} INFO - Sync 1 DAGs
[2021-09-21 01:27:58,750] {logging_mixin.py:109} INFO - [2021-09-21 01:27:58,749] {dag.py:2287} INFO - Setting next_dagrun for example_bash_operator to 2021-09-19 00:00:00+00:00
[2021-09-21 01:27:58,760] {processor.py:170} INFO - Processing /home/airflow/.local/lib/python3.6/site-packages/airflow/example_dags/example_bash_operator.py took 0.078 seconds
[2021-09-21 01:28:29,399] {processor.py:162} INFO - Started process (PID=1494) to work on /home/airflow/.local/lib/python3.6/site-packages/airflow/example_dags/example_bash_operator.py
[2021-09-21 01:28:29,403] {processor.py:613} INFO - Processing file /home/airflow/.local/lib/python3.6/site-packages/airflow/example_dags/example_bash_operator.py for tasks to queue
[2021-09-21 01:28:29,405] {logging_mixin.py:109} INFO - [2021-09-21 01:28:29,405] {dagbag.py:496} INFO - Filling up the DagBag from /home/airflow/.local/lib/python3.6/site-packages/airflow/example_dags/example_bash_operator.py
[2021-09-21 01:28:29,431] {processor.py:623} INFO - DAG(s) dict_keys(['example_bash_operator']) retrieved from /home/airflow/.local/lib/python3.6/site-packages/airflow/example_dags/example_bash_operator.py
[2021-09-21 01:28:29,468] {logging_mixin.py:109} INFO - [2021-09-21 01:28:29,468] {dag.py:1834} INFO - Sync 1 DAGs
[2021-09-21 01:28:29,508] {logging_mixin.py:109} INFO - [2021-09-21 01:28:29,508] {dag.py:2287} INFO - Setting next_dagrun for example_bash_operator to 2021-09-19 00:00:00+00:00
[2021-09-21 01:28:29,520] {processor.py:170} INFO - Processing /home/airflow/.local/lib/python3.6/site-packages/airflow/example_dags/example_bash_operator.py took 0.132 seconds
[2021-09-21 01:29:00,066] {processor.py:162} INFO - Started process (PID=1546) to work on /home/airflow/.local/lib/python3.6/site-packages/airflow/example_dags/example_bash_operator.py
[2021-09-21 01:29:00,068] {processor.py:613} INFO - Processing file /home/airflow/.local/lib/python3.6/site-packages/airflow/example_dags/example_bash_operator.py for tasks to queue
[2021-09-21 01:29:00,070] {logging_mixin.py:109} INFO - [2021-09-21 01:29:00,070] {dagbag.py:496} INFO - Filling up the DagBag from /home/airflow/.local/lib/python3.6/site-packages/airflow/example_dags/example_bash_operator.py
[2021-09-21 01:29:00,086] {processor.py:623} INFO - DAG(s) dict_keys(['example_bash_operator']) retrieved from /home/airflow/.local/lib/python3.6/site-packages/airflow/example_dags/example_bash_operator.py
[2021-09-21 01:29:00,118] {logging_mixin.py:109} INFO - [2021-09-21 01:29:00,118] {dag.py:1834} INFO - Sync 1 DAGs
[2021-09-21 01:29:00,136] {logging_mixin.py:109} INFO - [2021-09-21 01:29:00,136] {dag.py:2287} INFO - Setting next_dagrun for example_bash_operator to 2021-09-19 00:00:00+00:00
[2021-09-21 01:29:00,147] {processor.py:170} INFO - Processing /home/airflow/.local/lib/python3.6/site-packages/airflow/example_dags/example_bash_operator.py took 0.085 seconds
[2021-09-21 01:29:30,975] {processor.py:162} INFO - Started process (PID=1611) to work on /home/airflow/.local/lib/python3.6/site-packages/airflow/example_dags/example_bash_operator.py
[2021-09-21 01:29:30,978] {processor.py:613} INFO - Processing file /home/airflow/.local/lib/python3.6/site-packages/airflow/example_dags/example_bash_operator.py for tasks to queue
[2021-09-21 01:29:30,980] {logging_mixin.py:109} INFO - [2021-09-21 01:29:30,980] {dagbag.py:496} INFO - Filling up the DagBag from /home/airflow/.local/lib/python3.6/site-packages/airflow/example_dags/example_bash_operator.py
[2021-09-21 01:29:31,016] {processor.py:623} INFO - DAG(s) dict_keys(['example_bash_operator']) retrieved from /home/airflow/.local/lib/python3.6/site-packages/airflow/example_dags/example_bash_operator.py
[2021-09-21 01:29:31,078] {logging_mixin.py:109} INFO - [2021-09-21 01:29:31,077] {dag.py:1834} INFO - Sync 1 DAGs
[2021-09-21 01:29:31,121] {logging_mixin.py:109} INFO - [2021-09-21 01:29:31,121] {dag.py:2287} INFO - Setting next_dagrun for example_bash_operator to 2021-09-19 00:00:00+00:00
[2021-09-21 01:29:31,142] {processor.py:170} INFO - Processing /home/airflow/.local/lib/python3.6/site-packages/airflow/example_dags/example_bash_operator.py took 0.172 seconds
[2021-09-21 01:30:01,289] {processor.py:162} INFO - Started process (PID=1672) to work on /home/airflow/.local/lib/python3.6/site-packages/airflow/example_dags/example_bash_operator.py
[2021-09-21 01:30:01,292] {processor.py:613} INFO - Processing file /home/airflow/.local/lib/python3.6/site-packages/airflow/example_dags/example_bash_operator.py for tasks to queue
[2021-09-21 01:30:01,294] {logging_mixin.py:109} INFO - [2021-09-21 01:30:01,294] {dagbag.py:496} INFO - Filling up the DagBag from /home/airflow/.local/lib/python3.6/site-packages/airflow/example_dags/example_bash_operator.py
[2021-09-21 01:30:01,311] {processor.py:623} INFO - DAG(s) dict_keys(['example_bash_operator']) retrieved from /home/airflow/.local/lib/python3.6/site-packages/airflow/example_dags/example_bash_operator.py
[2021-09-21 01:30:01,364] {logging_mixin.py:109} INFO - [2021-09-21 01:30:01,363] {dag.py:1834} INFO - Sync 1 DAGs
[2021-09-21 01:30:01,407] {logging_mixin.py:109} INFO - [2021-09-21 01:30:01,407] {dag.py:2287} INFO - Setting next_dagrun for example_bash_operator to 2021-09-19 00:00:00+00:00
[2021-09-21 01:30:01,430] {processor.py:170} INFO - Processing /home/airflow/.local/lib/python3.6/site-packages/airflow/example_dags/example_bash_operator.py took 0.145 seconds
[2021-09-21 01:30:32,171] {processor.py:162} INFO - Started process (PID=1727) to work on /home/airflow/.local/lib/python3.6/site-packages/airflow/example_dags/example_bash_operator.py
[2021-09-21 01:30:32,173] {processor.py:613} INFO - Processing file /home/airflow/.local/lib/python3.6/site-packages/airflow/example_dags/example_bash_operator.py for tasks to queue
[2021-09-21 01:30:32,175] {logging_mixin.py:109} INFO - [2021-09-21 01:30:32,175] {dagbag.py:496} INFO - Filling up the DagBag from /home/airflow/.local/lib/python3.6/site-packages/airflow/example_dags/example_bash_operator.py
[2021-09-21 01:30:32,195] {processor.py:623} INFO - DAG(s) dict_keys(['example_bash_operator']) retrieved from /home/airflow/.local/lib/python3.6/site-packages/airflow/example_dags/example_bash_operator.py
[2021-09-21 01:30:32,220] {logging_mixin.py:109} INFO - [2021-09-21 01:30:32,220] {dag.py:1834} INFO - Sync 1 DAGs
[2021-09-21 01:30:32,237] {logging_mixin.py:109} INFO - [2021-09-21 01:30:32,237] {dag.py:2287} INFO - Setting next_dagrun for example_bash_operator to 2021-09-19 00:00:00+00:00
[2021-09-21 01:30:32,248] {processor.py:170} INFO - Processing /home/airflow/.local/lib/python3.6/site-packages/airflow/example_dags/example_bash_operator.py took 0.082 seconds
[2021-09-21 01:31:02,319] {processor.py:162} INFO - Started process (PID=1790) to work on /home/airflow/.local/lib/python3.6/site-packages/airflow/example_dags/example_bash_operator.py
[2021-09-21 01:31:02,322] {processor.py:613} INFO - Processing file /home/airflow/.local/lib/python3.6/site-packages/airflow/example_dags/example_bash_operator.py for tasks to queue
[2021-09-21 01:31:02,323] {logging_mixin.py:109} INFO - [2021-09-21 01:31:02,323] {dagbag.py:496} INFO - Filling up the DagBag from /home/airflow/.local/lib/python3.6/site-packages/airflow/example_dags/example_bash_operator.py
[2021-09-21 01:31:02,339] {processor.py:623} INFO - DAG(s) dict_keys(['example_bash_operator']) retrieved from /home/airflow/.local/lib/python3.6/site-packages/airflow/example_dags/example_bash_operator.py
[2021-09-21 01:31:02,363] {logging_mixin.py:109} INFO - [2021-09-21 01:31:02,363] {dag.py:1834} INFO - Sync 1 DAGs
[2021-09-21 01:31:02,382] {logging_mixin.py:109} INFO - [2021-09-21 01:31:02,381] {dag.py:2287} INFO - Setting next_dagrun for example_bash_operator to 2021-09-19 00:00:00+00:00
[2021-09-21 01:31:02,393] {processor.py:170} INFO - Processing /home/airflow/.local/lib/python3.6/site-packages/airflow/example_dags/example_bash_operator.py took 0.077 seconds
[2021-09-21 01:31:32,583] {processor.py:162} INFO - Started process (PID=1843) to work on /home/airflow/.local/lib/python3.6/site-packages/airflow/example_dags/example_bash_operator.py
[2021-09-21 01:31:32,584] {processor.py:613} INFO - Processing file /home/airflow/.local/lib/python3.6/site-packages/airflow/example_dags/example_bash_operator.py for tasks to queue
[2021-09-21 01:31:32,585] {logging_mixin.py:109} INFO - [2021-09-21 01:31:32,585] {dagbag.py:496} INFO - Filling up the DagBag from /home/airflow/.local/lib/python3.6/site-packages/airflow/example_dags/example_bash_operator.py
[2021-09-21 01:31:32,600] {processor.py:623} INFO - DAG(s) dict_keys(['example_bash_operator']) retrieved from /home/airflow/.local/lib/python3.6/site-packages/airflow/example_dags/example_bash_operator.py
[2021-09-21 01:31:32,620] {logging_mixin.py:109} INFO - [2021-09-21 01:31:32,620] {dag.py:1834} INFO - Sync 1 DAGs
[2021-09-21 01:31:32,634] {logging_mixin.py:109} INFO - [2021-09-21 01:31:32,634] {dag.py:2287} INFO - Setting next_dagrun for example_bash_operator to 2021-09-19 00:00:00+00:00
[2021-09-21 01:31:32,644] {processor.py:170} INFO - Processing /home/airflow/.local/lib/python3.6/site-packages/airflow/example_dags/example_bash_operator.py took 0.065 seconds
[2021-09-21 01:32:03,577] {processor.py:162} INFO - Started process (PID=1907) to work on /home/airflow/.local/lib/python3.6/site-packages/airflow/example_dags/example_bash_operator.py
[2021-09-21 01:32:03,579] {processor.py:613} INFO - Processing file /home/airflow/.local/lib/python3.6/site-packages/airflow/example_dags/example_bash_operator.py for tasks to queue
[2021-09-21 01:32:03,581] {logging_mixin.py:109} INFO - [2021-09-21 01:32:03,581] {dagbag.py:496} INFO - Filling up the DagBag from /home/airflow/.local/lib/python3.6/site-packages/airflow/example_dags/example_bash_operator.py
[2021-09-21 01:32:03,599] {processor.py:623} INFO - DAG(s) dict_keys(['example_bash_operator']) retrieved from /home/airflow/.local/lib/python3.6/site-packages/airflow/example_dags/example_bash_operator.py
[2021-09-21 01:32:03,624] {logging_mixin.py:109} INFO - [2021-09-21 01:32:03,624] {dag.py:1834} INFO - Sync 1 DAGs
[2021-09-21 01:32:03,641] {logging_mixin.py:109} INFO - [2021-09-21 01:32:03,641] {dag.py:2287} INFO - Setting next_dagrun for example_bash_operator to 2021-09-19 00:00:00+00:00
[2021-09-21 01:32:03,652] {processor.py:170} INFO - Processing /home/airflow/.local/lib/python3.6/site-packages/airflow/example_dags/example_bash_operator.py took 0.079 seconds
[2021-09-21 01:32:34,220] {processor.py:162} INFO - Started process (PID=1958) to work on /home/airflow/.local/lib/python3.6/site-packages/airflow/example_dags/example_bash_operator.py
[2021-09-21 01:32:34,222] {processor.py:613} INFO - Processing file /home/airflow/.local/lib/python3.6/site-packages/airflow/example_dags/example_bash_operator.py for tasks to queue
[2021-09-21 01:32:34,223] {logging_mixin.py:109} INFO - [2021-09-21 01:32:34,223] {dagbag.py:496} INFO - Filling up the DagBag from /home/airflow/.local/lib/python3.6/site-packages/airflow/example_dags/example_bash_operator.py
[2021-09-21 01:32:34,240] {processor.py:623} INFO - DAG(s) dict_keys(['example_bash_operator']) retrieved from /home/airflow/.local/lib/python3.6/site-packages/airflow/example_dags/example_bash_operator.py
[2021-09-21 01:32:34,266] {logging_mixin.py:109} INFO - [2021-09-21 01:32:34,266] {dag.py:1834} INFO - Sync 1 DAGs
[2021-09-21 01:32:34,285] {logging_mixin.py:109} INFO - [2021-09-21 01:32:34,285] {dag.py:2287} INFO - Setting next_dagrun for example_bash_operator to 2021-09-19 00:00:00+00:00
[2021-09-21 01:32:34,298] {processor.py:170} INFO - Processing /home/airflow/.local/lib/python3.6/site-packages/airflow/example_dags/example_bash_operator.py took 0.082 seconds
[2021-09-21 01:33:04,929] {processor.py:162} INFO - Started process (PID=2024) to work on /home/airflow/.local/lib/python3.6/site-packages/airflow/example_dags/example_bash_operator.py
[2021-09-21 01:33:04,931] {processor.py:613} INFO - Processing file /home/airflow/.local/lib/python3.6/site-packages/airflow/example_dags/example_bash_operator.py for tasks to queue
[2021-09-21 01:33:04,932] {logging_mixin.py:109} INFO - [2021-09-21 01:33:04,932] {dagbag.py:496} INFO - Filling up the DagBag from /home/airflow/.local/lib/python3.6/site-packages/airflow/example_dags/example_bash_operator.py
[2021-09-21 01:33:04,950] {processor.py:623} INFO - DAG(s) dict_keys(['example_bash_operator']) retrieved from /home/airflow/.local/lib/python3.6/site-packages/airflow/example_dags/example_bash_operator.py
[2021-09-21 01:33:04,980] {logging_mixin.py:109} INFO - [2021-09-21 01:33:04,980] {dag.py:1834} INFO - Sync 1 DAGs
[2021-09-21 01:33:05,002] {logging_mixin.py:109} INFO - [2021-09-21 01:33:05,002] {dag.py:2287} INFO - Setting next_dagrun for example_bash_operator to 2021-09-19 00:00:00+00:00
[2021-09-21 01:33:05,015] {processor.py:170} INFO - Processing /home/airflow/.local/lib/python3.6/site-packages/airflow/example_dags/example_bash_operator.py took 0.090 seconds
[2021-09-21 01:33:35,701] {processor.py:162} INFO - Started process (PID=2087) to work on /home/airflow/.local/lib/python3.6/site-packages/airflow/example_dags/example_bash_operator.py
[2021-09-21 01:33:35,704] {processor.py:613} INFO - Processing file /home/airflow/.local/lib/python3.6/site-packages/airflow/example_dags/example_bash_operator.py for tasks to queue
[2021-09-21 01:33:35,706] {logging_mixin.py:109} INFO - [2021-09-21 01:33:35,706] {dagbag.py:496} INFO - Filling up the DagBag from /home/airflow/.local/lib/python3.6/site-packages/airflow/example_dags/example_bash_operator.py
[2021-09-21 01:33:35,724] {processor.py:623} INFO - DAG(s) dict_keys(['example_bash_operator']) retrieved from /home/airflow/.local/lib/python3.6/site-packages/airflow/example_dags/example_bash_operator.py
[2021-09-21 01:33:35,760] {logging_mixin.py:109} INFO - [2021-09-21 01:33:35,760] {dag.py:1834} INFO - Sync 1 DAGs
[2021-09-21 01:33:35,784] {logging_mixin.py:109} INFO - [2021-09-21 01:33:35,783] {dag.py:2287} INFO - Setting next_dagrun for example_bash_operator to 2021-09-19 00:00:00+00:00
[2021-09-21 01:33:35,798] {processor.py:170} INFO - Processing /home/airflow/.local/lib/python3.6/site-packages/airflow/example_dags/example_bash_operator.py took 0.101 seconds
[2021-09-21 01:34:06,463] {processor.py:162} INFO - Started process (PID=2141) to work on /home/airflow/.local/lib/python3.6/site-packages/airflow/example_dags/example_bash_operator.py
[2021-09-21 01:34:06,465] {processor.py:613} INFO - Processing file /home/airflow/.local/lib/python3.6/site-packages/airflow/example_dags/example_bash_operator.py for tasks to queue
[2021-09-21 01:34:06,467] {logging_mixin.py:109} INFO - [2021-09-21 01:34:06,467] {dagbag.py:496} INFO - Filling up the DagBag from /home/airflow/.local/lib/python3.6/site-packages/airflow/example_dags/example_bash_operator.py
[2021-09-21 01:34:06,486] {processor.py:623} INFO - DAG(s) dict_keys(['example_bash_operator']) retrieved from /home/airflow/.local/lib/python3.6/site-packages/airflow/example_dags/example_bash_operator.py
[2021-09-21 01:34:06,511] {logging_mixin.py:109} INFO - [2021-09-21 01:34:06,511] {dag.py:1834} INFO - Sync 1 DAGs
[2021-09-21 01:34:06,530] {logging_mixin.py:109} INFO - [2021-09-21 01:34:06,530] {dag.py:2287} INFO - Setting next_dagrun for example_bash_operator to 2021-09-19 00:00:00+00:00
[2021-09-21 01:34:06,541] {processor.py:170} INFO - Processing /home/airflow/.local/lib/python3.6/site-packages/airflow/example_dags/example_bash_operator.py took 0.082 seconds
[2021-09-21 01:34:37,085] {processor.py:162} INFO - Started process (PID=2204) to work on /home/airflow/.local/lib/python3.6/site-packages/airflow/example_dags/example_bash_operator.py
[2021-09-21 01:34:37,087] {processor.py:613} INFO - Processing file /home/airflow/.local/lib/python3.6/site-packages/airflow/example_dags/example_bash_operator.py for tasks to queue
[2021-09-21 01:34:37,089] {logging_mixin.py:109} INFO - [2021-09-21 01:34:37,089] {dagbag.py:496} INFO - Filling up the DagBag from /home/airflow/.local/lib/python3.6/site-packages/airflow/example_dags/example_bash_operator.py
[2021-09-21 01:34:37,107] {processor.py:623} INFO - DAG(s) dict_keys(['example_bash_operator']) retrieved from /home/airflow/.local/lib/python3.6/site-packages/airflow/example_dags/example_bash_operator.py
[2021-09-21 01:34:37,133] {logging_mixin.py:109} INFO - [2021-09-21 01:34:37,133] {dag.py:1834} INFO - Sync 1 DAGs
[2021-09-21 01:34:37,151] {logging_mixin.py:109} INFO - [2021-09-21 01:34:37,151] {dag.py:2287} INFO - Setting next_dagrun for example_bash_operator to 2021-09-19 00:00:00+00:00
[2021-09-21 01:34:37,163] {processor.py:170} INFO - Processing /home/airflow/.local/lib/python3.6/site-packages/airflow/example_dags/example_bash_operator.py took 0.082 seconds
[2021-09-21 01:35:07,445] {processor.py:162} INFO - Started process (PID=2256) to work on /home/airflow/.local/lib/python3.6/site-packages/airflow/example_dags/example_bash_operator.py
[2021-09-21 01:35:07,447] {processor.py:613} INFO - Processing file /home/airflow/.local/lib/python3.6/site-packages/airflow/example_dags/example_bash_operator.py for tasks to queue
[2021-09-21 01:35:07,448] {logging_mixin.py:109} INFO - [2021-09-21 01:35:07,448] {dagbag.py:496} INFO - Filling up the DagBag from /home/airflow/.local/lib/python3.6/site-packages/airflow/example_dags/example_bash_operator.py
[2021-09-21 01:35:07,465] {processor.py:623} INFO - DAG(s) dict_keys(['example_bash_operator']) retrieved from /home/airflow/.local/lib/python3.6/site-packages/airflow/example_dags/example_bash_operator.py
[2021-09-21 01:35:07,489] {logging_mixin.py:109} INFO - [2021-09-21 01:35:07,489] {dag.py:1834} INFO - Sync 1 DAGs
[2021-09-21 01:35:07,508] {logging_mixin.py:109} INFO - [2021-09-21 01:35:07,508] {dag.py:2287} INFO - Setting next_dagrun for example_bash_operator to 2021-09-19 00:00:00+00:00
[2021-09-21 01:35:07,520] {processor.py:170} INFO - Processing /home/airflow/.local/lib/python3.6/site-packages/airflow/example_dags/example_bash_operator.py took 0.079 seconds
[2021-09-21 01:35:38,071] {processor.py:162} INFO - Started process (PID=2320) to work on /home/airflow/.local/lib/python3.6/site-packages/airflow/example_dags/example_bash_operator.py
[2021-09-21 01:35:38,073] {processor.py:613} INFO - Processing file /home/airflow/.local/lib/python3.6/site-packages/airflow/example_dags/example_bash_operator.py for tasks to queue
[2021-09-21 01:35:38,074] {logging_mixin.py:109} INFO - [2021-09-21 01:35:38,074] {dagbag.py:496} INFO - Filling up the DagBag from /home/airflow/.local/lib/python3.6/site-packages/airflow/example_dags/example_bash_operator.py
[2021-09-21 01:35:38,088] {processor.py:623} INFO - DAG(s) dict_keys(['example_bash_operator']) retrieved from /home/airflow/.local/lib/python3.6/site-packages/airflow/example_dags/example_bash_operator.py
[2021-09-21 01:35:38,109] {logging_mixin.py:109} INFO - [2021-09-21 01:35:38,109] {dag.py:1834} INFO - Sync 1 DAGs
[2021-09-21 01:35:38,127] {logging_mixin.py:109} INFO - [2021-09-21 01:35:38,127] {dag.py:2287} INFO - Setting next_dagrun for example_bash_operator to 2021-09-19 00:00:00+00:00
[2021-09-21 01:35:38,139] {processor.py:170} INFO - Processing /home/airflow/.local/lib/python3.6/site-packages/airflow/example_dags/example_bash_operator.py took 0.072 seconds
[2021-09-21 01:36:08,987] {processor.py:162} INFO - Started process (PID=2385) to work on /home/airflow/.local/lib/python3.6/site-packages/airflow/example_dags/example_bash_operator.py
[2021-09-21 01:36:08,989] {processor.py:613} INFO - Processing file /home/airflow/.local/lib/python3.6/site-packages/airflow/example_dags/example_bash_operator.py for tasks to queue
[2021-09-21 01:36:08,990] {logging_mixin.py:109} INFO - [2021-09-21 01:36:08,990] {dagbag.py:496} INFO - Filling up the DagBag from /home/airflow/.local/lib/python3.6/site-packages/airflow/example_dags/example_bash_operator.py
[2021-09-21 01:36:09,008] {processor.py:623} INFO - DAG(s) dict_keys(['example_bash_operator']) retrieved from /home/airflow/.local/lib/python3.6/site-packages/airflow/example_dags/example_bash_operator.py
[2021-09-21 01:36:09,034] {logging_mixin.py:109} INFO - [2021-09-21 01:36:09,034] {dag.py:1834} INFO - Sync 1 DAGs
[2021-09-21 01:36:09,052] {logging_mixin.py:109} INFO - [2021-09-21 01:36:09,052] {dag.py:2287} INFO - Setting next_dagrun for example_bash_operator to 2021-09-19 00:00:00+00:00
[2021-09-21 01:36:09,065] {processor.py:170} INFO - Processing /home/airflow/.local/lib/python3.6/site-packages/airflow/example_dags/example_bash_operator.py took 0.082 seconds
[2021-09-21 01:36:44,416] {processor.py:162} INFO - Started process (PID=2448) to work on /home/airflow/.local/lib/python3.6/site-packages/airflow/example_dags/example_bash_operator.py
[2021-09-21 01:36:44,419] {processor.py:613} INFO - Processing file /home/airflow/.local/lib/python3.6/site-packages/airflow/example_dags/example_bash_operator.py for tasks to queue
[2021-09-21 01:36:44,421] {logging_mixin.py:109} INFO - [2021-09-21 01:36:44,421] {dagbag.py:496} INFO - Filling up the DagBag from /home/airflow/.local/lib/python3.6/site-packages/airflow/example_dags/example_bash_operator.py
[2021-09-21 01:36:44,492] {processor.py:623} INFO - DAG(s) dict_keys(['example_bash_operator']) retrieved from /home/airflow/.local/lib/python3.6/site-packages/airflow/example_dags/example_bash_operator.py
[2021-09-21 01:36:44,621] {logging_mixin.py:109} INFO - [2021-09-21 01:36:44,620] {dag.py:1834} INFO - Sync 1 DAGs
[2021-09-21 01:36:44,789] {logging_mixin.py:109} INFO - [2021-09-21 01:36:44,788] {dag.py:2287} INFO - Setting next_dagrun for example_bash_operator to 2021-09-19 00:00:00+00:00
[2021-09-21 01:36:44,889] {processor.py:170} INFO - Processing /home/airflow/.local/lib/python3.6/site-packages/airflow/example_dags/example_bash_operator.py took 0.481 seconds
[2021-09-21 01:37:16,215] {processor.py:162} INFO - Started process (PID=2511) to work on /home/airflow/.local/lib/python3.6/site-packages/airflow/example_dags/example_bash_operator.py
[2021-09-21 01:37:16,221] {processor.py:613} INFO - Processing file /home/airflow/.local/lib/python3.6/site-packages/airflow/example_dags/example_bash_operator.py for tasks to queue
[2021-09-21 01:37:16,223] {logging_mixin.py:109} INFO - [2021-09-21 01:37:16,223] {dagbag.py:496} INFO - Filling up the DagBag from /home/airflow/.local/lib/python3.6/site-packages/airflow/example_dags/example_bash_operator.py
[2021-09-21 01:37:16,270] {processor.py:623} INFO - DAG(s) dict_keys(['example_bash_operator']) retrieved from /home/airflow/.local/lib/python3.6/site-packages/airflow/example_dags/example_bash_operator.py
[2021-09-21 01:37:16,301] {logging_mixin.py:109} INFO - [2021-09-21 01:37:16,300] {dag.py:1834} INFO - Sync 1 DAGs
[2021-09-21 01:37:16,334] {logging_mixin.py:109} INFO - [2021-09-21 01:37:16,334] {dag.py:2287} INFO - Setting next_dagrun for example_bash_operator to 2021-09-19 00:00:00+00:00
[2021-09-21 01:37:16,350] {processor.py:170} INFO - Processing /home/airflow/.local/lib/python3.6/site-packages/airflow/example_dags/example_bash_operator.py took 0.140 seconds
[2021-09-21 01:37:47,384] {processor.py:162} INFO - Started process (PID=2568) to work on /home/airflow/.local/lib/python3.6/site-packages/airflow/example_dags/example_bash_operator.py
[2021-09-21 01:37:47,386] {processor.py:613} INFO - Processing file /home/airflow/.local/lib/python3.6/site-packages/airflow/example_dags/example_bash_operator.py for tasks to queue
[2021-09-21 01:37:47,387] {logging_mixin.py:109} INFO - [2021-09-21 01:37:47,387] {dagbag.py:496} INFO - Filling up the DagBag from /home/airflow/.local/lib/python3.6/site-packages/airflow/example_dags/example_bash_operator.py
[2021-09-21 01:37:47,404] {processor.py:623} INFO - DAG(s) dict_keys(['example_bash_operator']) retrieved from /home/airflow/.local/lib/python3.6/site-packages/airflow/example_dags/example_bash_operator.py
[2021-09-21 01:37:47,427] {logging_mixin.py:109} INFO - [2021-09-21 01:37:47,427] {dag.py:1834} INFO - Sync 1 DAGs
[2021-09-21 01:37:47,445] {logging_mixin.py:109} INFO - [2021-09-21 01:37:47,445] {dag.py:2287} INFO - Setting next_dagrun for example_bash_operator to 2021-09-19 00:00:00+00:00
[2021-09-21 01:37:47,456] {processor.py:170} INFO - Processing /home/airflow/.local/lib/python3.6/site-packages/airflow/example_dags/example_bash_operator.py took 0.077 seconds
[2021-09-21 01:38:18,081] {processor.py:162} INFO - Started process (PID=2633) to work on /home/airflow/.local/lib/python3.6/site-packages/airflow/example_dags/example_bash_operator.py
[2021-09-21 01:38:18,084] {processor.py:613} INFO - Processing file /home/airflow/.local/lib/python3.6/site-packages/airflow/example_dags/example_bash_operator.py for tasks to queue
[2021-09-21 01:38:18,086] {logging_mixin.py:109} INFO - [2021-09-21 01:38:18,086] {dagbag.py:496} INFO - Filling up the DagBag from /home/airflow/.local/lib/python3.6/site-packages/airflow/example_dags/example_bash_operator.py
[2021-09-21 01:38:18,122] {processor.py:623} INFO - DAG(s) dict_keys(['example_bash_operator']) retrieved from /home/airflow/.local/lib/python3.6/site-packages/airflow/example_dags/example_bash_operator.py
[2021-09-21 01:38:18,170] {logging_mixin.py:109} INFO - [2021-09-21 01:38:18,169] {dag.py:1834} INFO - Sync 1 DAGs
[2021-09-21 01:38:18,204] {logging_mixin.py:109} INFO - [2021-09-21 01:38:18,204] {dag.py:2287} INFO - Setting next_dagrun for example_bash_operator to 2021-09-19 00:00:00+00:00
[2021-09-21 01:38:18,227] {processor.py:170} INFO - Processing /home/airflow/.local/lib/python3.6/site-packages/airflow/example_dags/example_bash_operator.py took 0.152 seconds
[2021-09-21 01:38:48,803] {processor.py:162} INFO - Started process (PID=2685) to work on /home/airflow/.local/lib/python3.6/site-packages/airflow/example_dags/example_bash_operator.py
[2021-09-21 01:38:48,805] {processor.py:613} INFO - Processing file /home/airflow/.local/lib/python3.6/site-packages/airflow/example_dags/example_bash_operator.py for tasks to queue
[2021-09-21 01:38:48,806] {logging_mixin.py:109} INFO - [2021-09-21 01:38:48,806] {dagbag.py:496} INFO - Filling up the DagBag from /home/airflow/.local/lib/python3.6/site-packages/airflow/example_dags/example_bash_operator.py
[2021-09-21 01:38:48,826] {processor.py:623} INFO - DAG(s) dict_keys(['example_bash_operator']) retrieved from /home/airflow/.local/lib/python3.6/site-packages/airflow/example_dags/example_bash_operator.py
[2021-09-21 01:38:48,856] {logging_mixin.py:109} INFO - [2021-09-21 01:38:48,856] {dag.py:1834} INFO - Sync 1 DAGs
[2021-09-21 01:38:48,879] {logging_mixin.py:109} INFO - [2021-09-21 01:38:48,879] {dag.py:2287} INFO - Setting next_dagrun for example_bash_operator to 2021-09-19 00:00:00+00:00
[2021-09-21 01:38:48,891] {processor.py:170} INFO - Processing /home/airflow/.local/lib/python3.6/site-packages/airflow/example_dags/example_bash_operator.py took 0.093 seconds
[2021-09-21 01:39:18,962] {processor.py:162} INFO - Started process (PID=2748) to work on /home/airflow/.local/lib/python3.6/site-packages/airflow/example_dags/example_bash_operator.py
[2021-09-21 01:39:18,965] {processor.py:613} INFO - Processing file /home/airflow/.local/lib/python3.6/site-packages/airflow/example_dags/example_bash_operator.py for tasks to queue
[2021-09-21 01:39:18,966] {logging_mixin.py:109} INFO - [2021-09-21 01:39:18,966] {dagbag.py:496} INFO - Filling up the DagBag from /home/airflow/.local/lib/python3.6/site-packages/airflow/example_dags/example_bash_operator.py
[2021-09-21 01:39:18,986] {processor.py:623} INFO - DAG(s) dict_keys(['example_bash_operator']) retrieved from /home/airflow/.local/lib/python3.6/site-packages/airflow/example_dags/example_bash_operator.py
[2021-09-21 01:39:19,011] {logging_mixin.py:109} INFO - [2021-09-21 01:39:19,011] {dag.py:1834} INFO - Sync 1 DAGs
[2021-09-21 01:39:19,031] {logging_mixin.py:109} INFO - [2021-09-21 01:39:19,031] {dag.py:2287} INFO - Setting next_dagrun for example_bash_operator to 2021-09-19 00:00:00+00:00
[2021-09-21 01:39:19,043] {processor.py:170} INFO - Processing /home/airflow/.local/lib/python3.6/site-packages/airflow/example_dags/example_bash_operator.py took 0.086 seconds
[2021-09-21 01:39:49,146] {processor.py:162} INFO - Started process (PID=2800) to work on /home/airflow/.local/lib/python3.6/site-packages/airflow/example_dags/example_bash_operator.py
[2021-09-21 01:39:49,148] {processor.py:613} INFO - Processing file /home/airflow/.local/lib/python3.6/site-packages/airflow/example_dags/example_bash_operator.py for tasks to queue
[2021-09-21 01:39:49,150] {logging_mixin.py:109} INFO - [2021-09-21 01:39:49,150] {dagbag.py:496} INFO - Filling up the DagBag from /home/airflow/.local/lib/python3.6/site-packages/airflow/example_dags/example_bash_operator.py
[2021-09-21 01:39:49,167] {processor.py:623} INFO - DAG(s) dict_keys(['example_bash_operator']) retrieved from /home/airflow/.local/lib/python3.6/site-packages/airflow/example_dags/example_bash_operator.py
[2021-09-21 01:39:49,194] {logging_mixin.py:109} INFO - [2021-09-21 01:39:49,193] {dag.py:1834} INFO - Sync 1 DAGs
[2021-09-21 01:39:49,212] {logging_mixin.py:109} INFO - [2021-09-21 01:39:49,212] {dag.py:2287} INFO - Setting next_dagrun for example_bash_operator to 2021-09-19 00:00:00+00:00
[2021-09-21 01:39:49,230] {processor.py:170} INFO - Processing /home/airflow/.local/lib/python3.6/site-packages/airflow/example_dags/example_bash_operator.py took 0.089 seconds
[2021-09-21 01:40:20,120] {processor.py:162} INFO - Started process (PID=2863) to work on /home/airflow/.local/lib/python3.6/site-packages/airflow/example_dags/example_bash_operator.py
[2021-09-21 01:40:20,124] {processor.py:613} INFO - Processing file /home/airflow/.local/lib/python3.6/site-packages/airflow/example_dags/example_bash_operator.py for tasks to queue
[2021-09-21 01:40:20,125] {logging_mixin.py:109} INFO - [2021-09-21 01:40:20,125] {dagbag.py:496} INFO - Filling up the DagBag from /home/airflow/.local/lib/python3.6/site-packages/airflow/example_dags/example_bash_operator.py
[2021-09-21 01:40:20,145] {processor.py:623} INFO - DAG(s) dict_keys(['example_bash_operator']) retrieved from /home/airflow/.local/lib/python3.6/site-packages/airflow/example_dags/example_bash_operator.py
[2021-09-21 01:40:20,175] {logging_mixin.py:109} INFO - [2021-09-21 01:40:20,175] {dag.py:1834} INFO - Sync 1 DAGs
[2021-09-21 01:40:20,194] {logging_mixin.py:109} INFO - [2021-09-21 01:40:20,193] {dag.py:2287} INFO - Setting next_dagrun for example_bash_operator to 2021-09-19 00:00:00+00:00
[2021-09-21 01:40:20,207] {processor.py:170} INFO - Processing /home/airflow/.local/lib/python3.6/site-packages/airflow/example_dags/example_bash_operator.py took 0.091 seconds
[2021-09-21 01:40:50,803] {processor.py:162} INFO - Started process (PID=2926) to work on /home/airflow/.local/lib/python3.6/site-packages/airflow/example_dags/example_bash_operator.py
[2021-09-21 01:40:50,805] {processor.py:613} INFO - Processing file /home/airflow/.local/lib/python3.6/site-packages/airflow/example_dags/example_bash_operator.py for tasks to queue
[2021-09-21 01:40:50,807] {logging_mixin.py:109} INFO - [2021-09-21 01:40:50,807] {dagbag.py:496} INFO - Filling up the DagBag from /home/airflow/.local/lib/python3.6/site-packages/airflow/example_dags/example_bash_operator.py
[2021-09-21 01:40:50,827] {processor.py:623} INFO - DAG(s) dict_keys(['example_bash_operator']) retrieved from /home/airflow/.local/lib/python3.6/site-packages/airflow/example_dags/example_bash_operator.py
[2021-09-21 01:40:50,852] {logging_mixin.py:109} INFO - [2021-09-21 01:40:50,852] {dag.py:1834} INFO - Sync 1 DAGs
[2021-09-21 01:40:50,871] {logging_mixin.py:109} INFO - [2021-09-21 01:40:50,871] {dag.py:2287} INFO - Setting next_dagrun for example_bash_operator to 2021-09-19 00:00:00+00:00
[2021-09-21 01:40:50,885] {processor.py:170} INFO - Processing /home/airflow/.local/lib/python3.6/site-packages/airflow/example_dags/example_bash_operator.py took 0.088 seconds
[2021-09-21 01:41:21,702] {processor.py:162} INFO - Started process (PID=2979) to work on /home/airflow/.local/lib/python3.6/site-packages/airflow/example_dags/example_bash_operator.py
[2021-09-21 01:41:21,704] {processor.py:613} INFO - Processing file /home/airflow/.local/lib/python3.6/site-packages/airflow/example_dags/example_bash_operator.py for tasks to queue
[2021-09-21 01:41:21,705] {logging_mixin.py:109} INFO - [2021-09-21 01:41:21,705] {dagbag.py:496} INFO - Filling up the DagBag from /home/airflow/.local/lib/python3.6/site-packages/airflow/example_dags/example_bash_operator.py
[2021-09-21 01:41:21,721] {processor.py:623} INFO - DAG(s) dict_keys(['example_bash_operator']) retrieved from /home/airflow/.local/lib/python3.6/site-packages/airflow/example_dags/example_bash_operator.py
[2021-09-21 01:41:21,746] {logging_mixin.py:109} INFO - [2021-09-21 01:41:21,746] {dag.py:1834} INFO - Sync 1 DAGs
[2021-09-21 01:41:21,769] {logging_mixin.py:109} INFO - [2021-09-21 01:41:21,769] {dag.py:2287} INFO - Setting next_dagrun for example_bash_operator to 2021-09-19 00:00:00+00:00
[2021-09-21 01:41:21,785] {processor.py:170} INFO - Processing /home/airflow/.local/lib/python3.6/site-packages/airflow/example_dags/example_bash_operator.py took 0.086 seconds
[2021-09-21 01:41:51,990] {processor.py:162} INFO - Started process (PID=3044) to work on /home/airflow/.local/lib/python3.6/site-packages/airflow/example_dags/example_bash_operator.py
[2021-09-21 01:41:51,994] {processor.py:613} INFO - Processing file /home/airflow/.local/lib/python3.6/site-packages/airflow/example_dags/example_bash_operator.py for tasks to queue
[2021-09-21 01:41:51,995] {logging_mixin.py:109} INFO - [2021-09-21 01:41:51,995] {dagbag.py:496} INFO - Filling up the DagBag from /home/airflow/.local/lib/python3.6/site-packages/airflow/example_dags/example_bash_operator.py
[2021-09-21 01:41:52,018] {processor.py:623} INFO - DAG(s) dict_keys(['example_bash_operator']) retrieved from /home/airflow/.local/lib/python3.6/site-packages/airflow/example_dags/example_bash_operator.py
[2021-09-21 01:41:52,046] {logging_mixin.py:109} INFO - [2021-09-21 01:41:52,046] {dag.py:1834} INFO - Sync 1 DAGs
[2021-09-21 01:41:52,067] {logging_mixin.py:109} INFO - [2021-09-21 01:41:52,066] {dag.py:2287} INFO - Setting next_dagrun for example_bash_operator to 2021-09-19 00:00:00+00:00
[2021-09-21 01:41:52,078] {processor.py:170} INFO - Processing /home/airflow/.local/lib/python3.6/site-packages/airflow/example_dags/example_bash_operator.py took 0.092 seconds
[2021-09-21 01:42:22,106] {processor.py:162} INFO - Started process (PID=3110) to work on /home/airflow/.local/lib/python3.6/site-packages/airflow/example_dags/example_bash_operator.py
[2021-09-21 01:42:22,108] {processor.py:613} INFO - Processing file /home/airflow/.local/lib/python3.6/site-packages/airflow/example_dags/example_bash_operator.py for tasks to queue
[2021-09-21 01:42:22,109] {logging_mixin.py:109} INFO - [2021-09-21 01:42:22,109] {dagbag.py:496} INFO - Filling up the DagBag from /home/airflow/.local/lib/python3.6/site-packages/airflow/example_dags/example_bash_operator.py
[2021-09-21 01:42:22,130] {processor.py:623} INFO - DAG(s) dict_keys(['example_bash_operator']) retrieved from /home/airflow/.local/lib/python3.6/site-packages/airflow/example_dags/example_bash_operator.py
[2021-09-21 01:42:22,158] {logging_mixin.py:109} INFO - [2021-09-21 01:42:22,158] {dag.py:1834} INFO - Sync 1 DAGs
[2021-09-21 01:42:22,177] {logging_mixin.py:109} INFO - [2021-09-21 01:42:22,177] {dag.py:2287} INFO - Setting next_dagrun for example_bash_operator to 2021-09-19 00:00:00+00:00
[2021-09-21 01:42:22,189] {processor.py:170} INFO - Processing /home/airflow/.local/lib/python3.6/site-packages/airflow/example_dags/example_bash_operator.py took 0.087 seconds
[2021-09-21 01:42:52,349] {processor.py:162} INFO - Started process (PID=3164) to work on /home/airflow/.local/lib/python3.6/site-packages/airflow/example_dags/example_bash_operator.py
[2021-09-21 01:42:52,351] {processor.py:613} INFO - Processing file /home/airflow/.local/lib/python3.6/site-packages/airflow/example_dags/example_bash_operator.py for tasks to queue
[2021-09-21 01:42:52,352] {logging_mixin.py:109} INFO - [2021-09-21 01:42:52,352] {dagbag.py:496} INFO - Filling up the DagBag from /home/airflow/.local/lib/python3.6/site-packages/airflow/example_dags/example_bash_operator.py
[2021-09-21 01:42:52,374] {processor.py:623} INFO - DAG(s) dict_keys(['example_bash_operator']) retrieved from /home/airflow/.local/lib/python3.6/site-packages/airflow/example_dags/example_bash_operator.py
[2021-09-21 01:42:52,395] {logging_mixin.py:109} INFO - [2021-09-21 01:42:52,395] {dag.py:1834} INFO - Sync 1 DAGs
[2021-09-21 01:42:52,412] {logging_mixin.py:109} INFO - [2021-09-21 01:42:52,411] {dag.py:2287} INFO - Setting next_dagrun for example_bash_operator to 2021-09-19 00:00:00+00:00
[2021-09-21 01:42:52,422] {processor.py:170} INFO - Processing /home/airflow/.local/lib/python3.6/site-packages/airflow/example_dags/example_bash_operator.py took 0.077 seconds
[2021-09-21 01:43:25,500] {processor.py:162} INFO - Started process (PID=3225) to work on /home/airflow/.local/lib/python3.6/site-packages/airflow/example_dags/example_bash_operator.py
[2021-09-21 01:43:25,504] {processor.py:613} INFO - Processing file /home/airflow/.local/lib/python3.6/site-packages/airflow/example_dags/example_bash_operator.py for tasks to queue
[2021-09-21 01:43:25,507] {logging_mixin.py:109} INFO - [2021-09-21 01:43:25,507] {dagbag.py:496} INFO - Filling up the DagBag from /home/airflow/.local/lib/python3.6/site-packages/airflow/example_dags/example_bash_operator.py
[2021-09-21 01:43:25,533] {processor.py:623} INFO - DAG(s) dict_keys(['example_bash_operator']) retrieved from /home/airflow/.local/lib/python3.6/site-packages/airflow/example_dags/example_bash_operator.py
[2021-09-21 01:43:25,607] {logging_mixin.py:109} INFO - [2021-09-21 01:43:25,607] {dag.py:1834} INFO - Sync 1 DAGs
[2021-09-21 01:43:25,665] {logging_mixin.py:109} INFO - [2021-09-21 01:43:25,665] {dag.py:2287} INFO - Setting next_dagrun for example_bash_operator to 2021-09-19 00:00:00+00:00
[2021-09-21 01:43:25,691] {processor.py:170} INFO - Processing /home/airflow/.local/lib/python3.6/site-packages/airflow/example_dags/example_bash_operator.py took 0.199 seconds
[2021-09-21 01:43:56,252] {processor.py:162} INFO - Started process (PID=3277) to work on /home/airflow/.local/lib/python3.6/site-packages/airflow/example_dags/example_bash_operator.py
[2021-09-21 01:43:56,255] {processor.py:613} INFO - Processing file /home/airflow/.local/lib/python3.6/site-packages/airflow/example_dags/example_bash_operator.py for tasks to queue
[2021-09-21 01:43:56,257] {logging_mixin.py:109} INFO - [2021-09-21 01:43:56,257] {dagbag.py:496} INFO - Filling up the DagBag from /home/airflow/.local/lib/python3.6/site-packages/airflow/example_dags/example_bash_operator.py
[2021-09-21 01:43:56,273] {processor.py:623} INFO - DAG(s) dict_keys(['example_bash_operator']) retrieved from /home/airflow/.local/lib/python3.6/site-packages/airflow/example_dags/example_bash_operator.py
[2021-09-21 01:43:56,300] {logging_mixin.py:109} INFO - [2021-09-21 01:43:56,299] {dag.py:1834} INFO - Sync 1 DAGs
[2021-09-21 01:43:56,320] {logging_mixin.py:109} INFO - [2021-09-21 01:43:56,320] {dag.py:2287} INFO - Setting next_dagrun for example_bash_operator to 2021-09-19 00:00:00+00:00
[2021-09-21 01:43:56,334] {processor.py:170} INFO - Processing /home/airflow/.local/lib/python3.6/site-packages/airflow/example_dags/example_bash_operator.py took 0.086 seconds
[2021-09-21 01:44:26,963] {processor.py:162} INFO - Started process (PID=3341) to work on /home/airflow/.local/lib/python3.6/site-packages/airflow/example_dags/example_bash_operator.py
[2021-09-21 01:44:26,965] {processor.py:613} INFO - Processing file /home/airflow/.local/lib/python3.6/site-packages/airflow/example_dags/example_bash_operator.py for tasks to queue
[2021-09-21 01:44:26,966] {logging_mixin.py:109} INFO - [2021-09-21 01:44:26,966] {dagbag.py:496} INFO - Filling up the DagBag from /home/airflow/.local/lib/python3.6/site-packages/airflow/example_dags/example_bash_operator.py
[2021-09-21 01:44:26,983] {processor.py:623} INFO - DAG(s) dict_keys(['example_bash_operator']) retrieved from /home/airflow/.local/lib/python3.6/site-packages/airflow/example_dags/example_bash_operator.py
[2021-09-21 01:44:27,009] {logging_mixin.py:109} INFO - [2021-09-21 01:44:27,009] {dag.py:1834} INFO - Sync 1 DAGs
[2021-09-21 01:44:27,031] {logging_mixin.py:109} INFO - [2021-09-21 01:44:27,031] {dag.py:2287} INFO - Setting next_dagrun for example_bash_operator to 2021-09-19 00:00:00+00:00
[2021-09-21 01:44:27,044] {processor.py:170} INFO - Processing /home/airflow/.local/lib/python3.6/site-packages/airflow/example_dags/example_bash_operator.py took 0.085 seconds
[2021-09-21 01:44:57,164] {processor.py:162} INFO - Started process (PID=3393) to work on /home/airflow/.local/lib/python3.6/site-packages/airflow/example_dags/example_bash_operator.py
[2021-09-21 01:44:57,166] {processor.py:613} INFO - Processing file /home/airflow/.local/lib/python3.6/site-packages/airflow/example_dags/example_bash_operator.py for tasks to queue
[2021-09-21 01:44:57,167] {logging_mixin.py:109} INFO - [2021-09-21 01:44:57,167] {dagbag.py:496} INFO - Filling up the DagBag from /home/airflow/.local/lib/python3.6/site-packages/airflow/example_dags/example_bash_operator.py
[2021-09-21 01:44:57,184] {processor.py:623} INFO - DAG(s) dict_keys(['example_bash_operator']) retrieved from /home/airflow/.local/lib/python3.6/site-packages/airflow/example_dags/example_bash_operator.py
[2021-09-21 01:44:57,208] {logging_mixin.py:109} INFO - [2021-09-21 01:44:57,208] {dag.py:1834} INFO - Sync 1 DAGs
[2021-09-21 01:44:57,226] {logging_mixin.py:109} INFO - [2021-09-21 01:44:57,226] {dag.py:2287} INFO - Setting next_dagrun for example_bash_operator to 2021-09-19 00:00:00+00:00
[2021-09-21 01:44:57,237] {processor.py:170} INFO - Processing /home/airflow/.local/lib/python3.6/site-packages/airflow/example_dags/example_bash_operator.py took 0.076 seconds
[2021-09-21 01:45:28,095] {processor.py:162} INFO - Started process (PID=3459) to work on /home/airflow/.local/lib/python3.6/site-packages/airflow/example_dags/example_bash_operator.py
[2021-09-21 01:45:28,097] {processor.py:613} INFO - Processing file /home/airflow/.local/lib/python3.6/site-packages/airflow/example_dags/example_bash_operator.py for tasks to queue
[2021-09-21 01:45:28,098] {logging_mixin.py:109} INFO - [2021-09-21 01:45:28,098] {dagbag.py:496} INFO - Filling up the DagBag from /home/airflow/.local/lib/python3.6/site-packages/airflow/example_dags/example_bash_operator.py
[2021-09-21 01:45:28,115] {processor.py:623} INFO - DAG(s) dict_keys(['example_bash_operator']) retrieved from /home/airflow/.local/lib/python3.6/site-packages/airflow/example_dags/example_bash_operator.py
[2021-09-21 01:45:28,142] {logging_mixin.py:109} INFO - [2021-09-21 01:45:28,142] {dag.py:1834} INFO - Sync 1 DAGs
[2021-09-21 01:45:28,161] {logging_mixin.py:109} INFO - [2021-09-21 01:45:28,161] {dag.py:2287} INFO - Setting next_dagrun for example_bash_operator to 2021-09-19 00:00:00+00:00
[2021-09-21 01:45:28,175] {processor.py:170} INFO - Processing /home/airflow/.local/lib/python3.6/site-packages/airflow/example_dags/example_bash_operator.py took 0.084 seconds
[2021-09-21 01:45:58,970] {processor.py:162} INFO - Started process (PID=3522) to work on /home/airflow/.local/lib/python3.6/site-packages/airflow/example_dags/example_bash_operator.py
[2021-09-21 01:45:58,973] {processor.py:613} INFO - Processing file /home/airflow/.local/lib/python3.6/site-packages/airflow/example_dags/example_bash_operator.py for tasks to queue
[2021-09-21 01:45:58,975] {logging_mixin.py:109} INFO - [2021-09-21 01:45:58,975] {dagbag.py:496} INFO - Filling up the DagBag from /home/airflow/.local/lib/python3.6/site-packages/airflow/example_dags/example_bash_operator.py
[2021-09-21 01:45:58,997] {processor.py:623} INFO - DAG(s) dict_keys(['example_bash_operator']) retrieved from /home/airflow/.local/lib/python3.6/site-packages/airflow/example_dags/example_bash_operator.py
[2021-09-21 01:45:59,020] {logging_mixin.py:109} INFO - [2021-09-21 01:45:59,020] {dag.py:1834} INFO - Sync 1 DAGs
[2021-09-21 01:45:59,037] {logging_mixin.py:109} INFO - [2021-09-21 01:45:59,037] {dag.py:2287} INFO - Setting next_dagrun for example_bash_operator to 2021-09-19 00:00:00+00:00
[2021-09-21 01:45:59,049] {processor.py:170} INFO - Processing /home/airflow/.local/lib/python3.6/site-packages/airflow/example_dags/example_bash_operator.py took 0.083 seconds
[2021-09-21 01:46:30,250] {processor.py:162} INFO - Started process (PID=3585) to work on /home/airflow/.local/lib/python3.6/site-packages/airflow/example_dags/example_bash_operator.py
[2021-09-21 01:46:30,252] {processor.py:613} INFO - Processing file /home/airflow/.local/lib/python3.6/site-packages/airflow/example_dags/example_bash_operator.py for tasks to queue
[2021-09-21 01:46:30,254] {logging_mixin.py:109} INFO - [2021-09-21 01:46:30,253] {dagbag.py:496} INFO - Filling up the DagBag from /home/airflow/.local/lib/python3.6/site-packages/airflow/example_dags/example_bash_operator.py
[2021-09-21 01:46:30,273] {processor.py:623} INFO - DAG(s) dict_keys(['example_bash_operator']) retrieved from /home/airflow/.local/lib/python3.6/site-packages/airflow/example_dags/example_bash_operator.py
[2021-09-21 01:46:30,301] {logging_mixin.py:109} INFO - [2021-09-21 01:46:30,301] {dag.py:1834} INFO - Sync 1 DAGs
[2021-09-21 01:46:30,324] {logging_mixin.py:109} INFO - [2021-09-21 01:46:30,324] {dag.py:2287} INFO - Setting next_dagrun for example_bash_operator to 2021-09-19 00:00:00+00:00
[2021-09-21 01:46:30,337] {processor.py:170} INFO - Processing /home/airflow/.local/lib/python3.6/site-packages/airflow/example_dags/example_bash_operator.py took 0.091 seconds
[2021-09-21 01:47:01,535] {processor.py:162} INFO - Started process (PID=3641) to work on /home/airflow/.local/lib/python3.6/site-packages/airflow/example_dags/example_bash_operator.py
[2021-09-21 01:47:01,545] {processor.py:613} INFO - Processing file /home/airflow/.local/lib/python3.6/site-packages/airflow/example_dags/example_bash_operator.py for tasks to queue
[2021-09-21 01:47:01,547] {logging_mixin.py:109} INFO - [2021-09-21 01:47:01,547] {dagbag.py:496} INFO - Filling up the DagBag from /home/airflow/.local/lib/python3.6/site-packages/airflow/example_dags/example_bash_operator.py
[2021-09-21 01:47:01,570] {processor.py:623} INFO - DAG(s) dict_keys(['example_bash_operator']) retrieved from /home/airflow/.local/lib/python3.6/site-packages/airflow/example_dags/example_bash_operator.py
[2021-09-21 01:47:01,603] {logging_mixin.py:109} INFO - [2021-09-21 01:47:01,603] {dag.py:1834} INFO - Sync 1 DAGs
[2021-09-21 01:47:01,628] {logging_mixin.py:109} INFO - [2021-09-21 01:47:01,628] {dag.py:2287} INFO - Setting next_dagrun for example_bash_operator to 2021-09-19 00:00:00+00:00
[2021-09-21 01:47:01,644] {processor.py:170} INFO - Processing /home/airflow/.local/lib/python3.6/site-packages/airflow/example_dags/example_bash_operator.py took 0.114 seconds
[2021-09-21 01:47:31,859] {processor.py:162} INFO - Started process (PID=3707) to work on /home/airflow/.local/lib/python3.6/site-packages/airflow/example_dags/example_bash_operator.py
[2021-09-21 01:47:31,861] {processor.py:613} INFO - Processing file /home/airflow/.local/lib/python3.6/site-packages/airflow/example_dags/example_bash_operator.py for tasks to queue
[2021-09-21 01:47:31,863] {logging_mixin.py:109} INFO - [2021-09-21 01:47:31,863] {dagbag.py:496} INFO - Filling up the DagBag from /home/airflow/.local/lib/python3.6/site-packages/airflow/example_dags/example_bash_operator.py
[2021-09-21 01:47:31,887] {processor.py:623} INFO - DAG(s) dict_keys(['example_bash_operator']) retrieved from /home/airflow/.local/lib/python3.6/site-packages/airflow/example_dags/example_bash_operator.py
[2021-09-21 01:47:31,930] {logging_mixin.py:109} INFO - [2021-09-21 01:47:31,929] {dag.py:1834} INFO - Sync 1 DAGs
[2021-09-21 01:47:31,956] {logging_mixin.py:109} INFO - [2021-09-21 01:47:31,956] {dag.py:2287} INFO - Setting next_dagrun for example_bash_operator to 2021-09-19 00:00:00+00:00
[2021-09-21 01:47:31,971] {processor.py:170} INFO - Processing /home/airflow/.local/lib/python3.6/site-packages/airflow/example_dags/example_bash_operator.py took 0.118 seconds
[2021-09-21 01:48:02,839] {processor.py:162} INFO - Started process (PID=3759) to work on /home/airflow/.local/lib/python3.6/site-packages/airflow/example_dags/example_bash_operator.py
[2021-09-21 01:48:02,842] {processor.py:613} INFO - Processing file /home/airflow/.local/lib/python3.6/site-packages/airflow/example_dags/example_bash_operator.py for tasks to queue
[2021-09-21 01:48:02,843] {logging_mixin.py:109} INFO - [2021-09-21 01:48:02,843] {dagbag.py:496} INFO - Filling up the DagBag from /home/airflow/.local/lib/python3.6/site-packages/airflow/example_dags/example_bash_operator.py
[2021-09-21 01:48:02,862] {processor.py:623} INFO - DAG(s) dict_keys(['example_bash_operator']) retrieved from /home/airflow/.local/lib/python3.6/site-packages/airflow/example_dags/example_bash_operator.py
[2021-09-21 01:48:02,889] {logging_mixin.py:109} INFO - [2021-09-21 01:48:02,888] {dag.py:1834} INFO - Sync 1 DAGs
[2021-09-21 01:48:02,911] {logging_mixin.py:109} INFO - [2021-09-21 01:48:02,911] {dag.py:2287} INFO - Setting next_dagrun for example_bash_operator to 2021-09-19 00:00:00+00:00
[2021-09-21 01:48:02,925] {processor.py:170} INFO - Processing /home/airflow/.local/lib/python3.6/site-packages/airflow/example_dags/example_bash_operator.py took 0.090 seconds
[2021-09-21 01:48:33,152] {processor.py:162} INFO - Started process (PID=3824) to work on /home/airflow/.local/lib/python3.6/site-packages/airflow/example_dags/example_bash_operator.py
[2021-09-21 01:48:33,154] {processor.py:613} INFO - Processing file /home/airflow/.local/lib/python3.6/site-packages/airflow/example_dags/example_bash_operator.py for tasks to queue
[2021-09-21 01:48:33,156] {logging_mixin.py:109} INFO - [2021-09-21 01:48:33,156] {dagbag.py:496} INFO - Filling up the DagBag from /home/airflow/.local/lib/python3.6/site-packages/airflow/example_dags/example_bash_operator.py
[2021-09-21 01:48:33,173] {processor.py:623} INFO - DAG(s) dict_keys(['example_bash_operator']) retrieved from /home/airflow/.local/lib/python3.6/site-packages/airflow/example_dags/example_bash_operator.py
[2021-09-21 01:48:33,199] {logging_mixin.py:109} INFO - [2021-09-21 01:48:33,199] {dag.py:1834} INFO - Sync 1 DAGs
[2021-09-21 01:48:33,217] {logging_mixin.py:109} INFO - [2021-09-21 01:48:33,217] {dag.py:2287} INFO - Setting next_dagrun for example_bash_operator to 2021-09-19 00:00:00+00:00
[2021-09-21 01:48:33,230] {processor.py:170} INFO - Processing /home/airflow/.local/lib/python3.6/site-packages/airflow/example_dags/example_bash_operator.py took 0.082 seconds
[2021-09-21 01:49:03,382] {processor.py:162} INFO - Started process (PID=3876) to work on /home/airflow/.local/lib/python3.6/site-packages/airflow/example_dags/example_bash_operator.py
[2021-09-21 01:49:03,385] {processor.py:613} INFO - Processing file /home/airflow/.local/lib/python3.6/site-packages/airflow/example_dags/example_bash_operator.py for tasks to queue
[2021-09-21 01:49:03,387] {logging_mixin.py:109} INFO - [2021-09-21 01:49:03,386] {dagbag.py:496} INFO - Filling up the DagBag from /home/airflow/.local/lib/python3.6/site-packages/airflow/example_dags/example_bash_operator.py
[2021-09-21 01:49:03,404] {processor.py:623} INFO - DAG(s) dict_keys(['example_bash_operator']) retrieved from /home/airflow/.local/lib/python3.6/site-packages/airflow/example_dags/example_bash_operator.py
[2021-09-21 01:49:03,429] {logging_mixin.py:109} INFO - [2021-09-21 01:49:03,429] {dag.py:1834} INFO - Sync 1 DAGs
[2021-09-21 01:49:03,448] {logging_mixin.py:109} INFO - [2021-09-21 01:49:03,447] {dag.py:2287} INFO - Setting next_dagrun for example_bash_operator to 2021-09-19 00:00:00+00:00
[2021-09-21 01:49:03,460] {processor.py:170} INFO - Processing /home/airflow/.local/lib/python3.6/site-packages/airflow/example_dags/example_bash_operator.py took 0.081 seconds
[2021-09-21 01:49:33,702] {processor.py:162} INFO - Started process (PID=3939) to work on /home/airflow/.local/lib/python3.6/site-packages/airflow/example_dags/example_bash_operator.py
[2021-09-21 01:49:33,704] {processor.py:613} INFO - Processing file /home/airflow/.local/lib/python3.6/site-packages/airflow/example_dags/example_bash_operator.py for tasks to queue
[2021-09-21 01:49:33,705] {logging_mixin.py:109} INFO - [2021-09-21 01:49:33,705] {dagbag.py:496} INFO - Filling up the DagBag from /home/airflow/.local/lib/python3.6/site-packages/airflow/example_dags/example_bash_operator.py
[2021-09-21 01:49:33,728] {processor.py:623} INFO - DAG(s) dict_keys(['example_bash_operator']) retrieved from /home/airflow/.local/lib/python3.6/site-packages/airflow/example_dags/example_bash_operator.py
[2021-09-21 01:49:33,756] {logging_mixin.py:109} INFO - [2021-09-21 01:49:33,755] {dag.py:1834} INFO - Sync 1 DAGs
[2021-09-21 01:49:33,775] {logging_mixin.py:109} INFO - [2021-09-21 01:49:33,775] {dag.py:2287} INFO - Setting next_dagrun for example_bash_operator to 2021-09-19 00:00:00+00:00
[2021-09-21 01:49:33,788] {processor.py:170} INFO - Processing /home/airflow/.local/lib/python3.6/site-packages/airflow/example_dags/example_bash_operator.py took 0.089 seconds
[2021-09-21 01:50:04,083] {processor.py:162} INFO - Started process (PID=4003) to work on /home/airflow/.local/lib/python3.6/site-packages/airflow/example_dags/example_bash_operator.py
[2021-09-21 01:50:04,085] {processor.py:613} INFO - Processing file /home/airflow/.local/lib/python3.6/site-packages/airflow/example_dags/example_bash_operator.py for tasks to queue
[2021-09-21 01:50:04,086] {logging_mixin.py:109} INFO - [2021-09-21 01:50:04,086] {dagbag.py:496} INFO - Filling up the DagBag from /home/airflow/.local/lib/python3.6/site-packages/airflow/example_dags/example_bash_operator.py
[2021-09-21 01:50:04,104] {processor.py:623} INFO - DAG(s) dict_keys(['example_bash_operator']) retrieved from /home/airflow/.local/lib/python3.6/site-packages/airflow/example_dags/example_bash_operator.py
[2021-09-21 01:50:04,131] {logging_mixin.py:109} INFO - [2021-09-21 01:50:04,131] {dag.py:1834} INFO - Sync 1 DAGs
[2021-09-21 01:50:04,163] {logging_mixin.py:109} INFO - [2021-09-21 01:50:04,163] {dag.py:2287} INFO - Setting next_dagrun for example_bash_operator to 2021-09-19 00:00:00+00:00
[2021-09-21 01:50:04,179] {processor.py:170} INFO - Processing /home/airflow/.local/lib/python3.6/site-packages/airflow/example_dags/example_bash_operator.py took 0.100 seconds
[2021-09-21 01:50:34,993] {processor.py:162} INFO - Started process (PID=4054) to work on /home/airflow/.local/lib/python3.6/site-packages/airflow/example_dags/example_bash_operator.py
[2021-09-21 01:50:34,996] {processor.py:613} INFO - Processing file /home/airflow/.local/lib/python3.6/site-packages/airflow/example_dags/example_bash_operator.py for tasks to queue
[2021-09-21 01:50:34,997] {logging_mixin.py:109} INFO - [2021-09-21 01:50:34,997] {dagbag.py:496} INFO - Filling up the DagBag from /home/airflow/.local/lib/python3.6/site-packages/airflow/example_dags/example_bash_operator.py
[2021-09-21 01:50:35,020] {processor.py:623} INFO - DAG(s) dict_keys(['example_bash_operator']) retrieved from /home/airflow/.local/lib/python3.6/site-packages/airflow/example_dags/example_bash_operator.py
[2021-09-21 01:50:35,057] {logging_mixin.py:109} INFO - [2021-09-21 01:50:35,056] {dag.py:1834} INFO - Sync 1 DAGs
[2021-09-21 01:50:35,083] {logging_mixin.py:109} INFO - [2021-09-21 01:50:35,083] {dag.py:2287} INFO - Setting next_dagrun for example_bash_operator to 2021-09-19 00:00:00+00:00
[2021-09-21 01:50:35,097] {processor.py:170} INFO - Processing /home/airflow/.local/lib/python3.6/site-packages/airflow/example_dags/example_bash_operator.py took 0.108 seconds
[2021-09-21 01:51:05,180] {processor.py:162} INFO - Started process (PID=4118) to work on /home/airflow/.local/lib/python3.6/site-packages/airflow/example_dags/example_bash_operator.py
[2021-09-21 01:51:05,181] {processor.py:613} INFO - Processing file /home/airflow/.local/lib/python3.6/site-packages/airflow/example_dags/example_bash_operator.py for tasks to queue
[2021-09-21 01:51:05,182] {logging_mixin.py:109} INFO - [2021-09-21 01:51:05,182] {dagbag.py:496} INFO - Filling up the DagBag from /home/airflow/.local/lib/python3.6/site-packages/airflow/example_dags/example_bash_operator.py
[2021-09-21 01:51:05,197] {processor.py:623} INFO - DAG(s) dict_keys(['example_bash_operator']) retrieved from /home/airflow/.local/lib/python3.6/site-packages/airflow/example_dags/example_bash_operator.py
[2021-09-21 01:51:05,219] {logging_mixin.py:109} INFO - [2021-09-21 01:51:05,219] {dag.py:1834} INFO - Sync 1 DAGs
[2021-09-21 01:51:05,236] {logging_mixin.py:109} INFO - [2021-09-21 01:51:05,236] {dag.py:2287} INFO - Setting next_dagrun for example_bash_operator to 2021-09-19 00:00:00+00:00
[2021-09-21 01:51:05,246] {processor.py:170} INFO - Processing /home/airflow/.local/lib/python3.6/site-packages/airflow/example_dags/example_bash_operator.py took 0.070 seconds
[2021-09-21 01:51:35,556] {processor.py:162} INFO - Started process (PID=4171) to work on /home/airflow/.local/lib/python3.6/site-packages/airflow/example_dags/example_bash_operator.py
[2021-09-21 01:51:35,558] {processor.py:613} INFO - Processing file /home/airflow/.local/lib/python3.6/site-packages/airflow/example_dags/example_bash_operator.py for tasks to queue
[2021-09-21 01:51:35,559] {logging_mixin.py:109} INFO - [2021-09-21 01:51:35,559] {dagbag.py:496} INFO - Filling up the DagBag from /home/airflow/.local/lib/python3.6/site-packages/airflow/example_dags/example_bash_operator.py
[2021-09-21 01:51:35,577] {processor.py:623} INFO - DAG(s) dict_keys(['example_bash_operator']) retrieved from /home/airflow/.local/lib/python3.6/site-packages/airflow/example_dags/example_bash_operator.py
[2021-09-21 01:51:35,603] {logging_mixin.py:109} INFO - [2021-09-21 01:51:35,603] {dag.py:1834} INFO - Sync 1 DAGs
[2021-09-21 01:51:35,622] {logging_mixin.py:109} INFO - [2021-09-21 01:51:35,622] {dag.py:2287} INFO - Setting next_dagrun for example_bash_operator to 2021-09-19 00:00:00+00:00
[2021-09-21 01:51:35,658] {processor.py:170} INFO - Processing /home/airflow/.local/lib/python3.6/site-packages/airflow/example_dags/example_bash_operator.py took 0.106 seconds
[2021-09-21 01:52:05,935] {processor.py:162} INFO - Started process (PID=4234) to work on /home/airflow/.local/lib/python3.6/site-packages/airflow/example_dags/example_bash_operator.py
[2021-09-21 01:52:05,939] {processor.py:613} INFO - Processing file /home/airflow/.local/lib/python3.6/site-packages/airflow/example_dags/example_bash_operator.py for tasks to queue
[2021-09-21 01:52:05,941] {logging_mixin.py:109} INFO - [2021-09-21 01:52:05,941] {dagbag.py:496} INFO - Filling up the DagBag from /home/airflow/.local/lib/python3.6/site-packages/airflow/example_dags/example_bash_operator.py
[2021-09-21 01:52:05,959] {processor.py:623} INFO - DAG(s) dict_keys(['example_bash_operator']) retrieved from /home/airflow/.local/lib/python3.6/site-packages/airflow/example_dags/example_bash_operator.py
[2021-09-21 01:52:05,987] {logging_mixin.py:109} INFO - [2021-09-21 01:52:05,987] {dag.py:1834} INFO - Sync 1 DAGs
[2021-09-21 01:52:06,013] {logging_mixin.py:109} INFO - [2021-09-21 01:52:06,013] {dag.py:2287} INFO - Setting next_dagrun for example_bash_operator to 2021-09-19 00:00:00+00:00
[2021-09-21 01:52:06,032] {processor.py:170} INFO - Processing /home/airflow/.local/lib/python3.6/site-packages/airflow/example_dags/example_bash_operator.py took 0.101 seconds
[2021-09-21 01:52:36,193] {processor.py:162} INFO - Started process (PID=4289) to work on /home/airflow/.local/lib/python3.6/site-packages/airflow/example_dags/example_bash_operator.py
[2021-09-21 01:52:36,195] {processor.py:613} INFO - Processing file /home/airflow/.local/lib/python3.6/site-packages/airflow/example_dags/example_bash_operator.py for tasks to queue
[2021-09-21 01:52:36,196] {logging_mixin.py:109} INFO - [2021-09-21 01:52:36,196] {dagbag.py:496} INFO - Filling up the DagBag from /home/airflow/.local/lib/python3.6/site-packages/airflow/example_dags/example_bash_operator.py
[2021-09-21 01:52:36,213] {processor.py:623} INFO - DAG(s) dict_keys(['example_bash_operator']) retrieved from /home/airflow/.local/lib/python3.6/site-packages/airflow/example_dags/example_bash_operator.py
[2021-09-21 01:52:36,237] {logging_mixin.py:109} INFO - [2021-09-21 01:52:36,237] {dag.py:1834} INFO - Sync 1 DAGs
[2021-09-21 01:52:36,262] {logging_mixin.py:109} INFO - [2021-09-21 01:52:36,262] {dag.py:2287} INFO - Setting next_dagrun for example_bash_operator to 2021-09-19 00:00:00+00:00
[2021-09-21 01:52:36,276] {processor.py:170} INFO - Processing /home/airflow/.local/lib/python3.6/site-packages/airflow/example_dags/example_bash_operator.py took 0.086 seconds
