[2021-09-21 01:17:11,553] {processor.py:162} INFO - Started process (PID=101) to work on /home/airflow/.local/lib/python3.6/site-packages/airflow/example_dags/example_trigger_controller_dag.py
[2021-09-21 01:17:11,556] {processor.py:613} INFO - Processing file /home/airflow/.local/lib/python3.6/site-packages/airflow/example_dags/example_trigger_controller_dag.py for tasks to queue
[2021-09-21 01:17:11,558] {logging_mixin.py:109} INFO - [2021-09-21 01:17:11,557] {dagbag.py:496} INFO - Filling up the DagBag from /home/airflow/.local/lib/python3.6/site-packages/airflow/example_dags/example_trigger_controller_dag.py
[2021-09-21 01:17:11,579] {processor.py:623} INFO - DAG(s) dict_keys(['example_trigger_controller_dag']) retrieved from /home/airflow/.local/lib/python3.6/site-packages/airflow/example_dags/example_trigger_controller_dag.py
[2021-09-21 01:17:14,111] {logging_mixin.py:109} INFO - [2021-09-21 01:17:14,108] {dag.py:1834} INFO - Sync 1 DAGs
[2021-09-21 01:17:14,135] {logging_mixin.py:109} INFO - [2021-09-21 01:17:14,129] {dag.py:1853} INFO - Creating ORM DAG for example_trigger_controller_dag
[2021-09-21 01:17:14,145] {logging_mixin.py:109} INFO - [2021-09-21 01:17:14,145] {dag.py:2287} INFO - Setting next_dagrun for example_trigger_controller_dag to 2021-09-19 00:00:00+00:00
[2021-09-21 01:17:14,171] {processor.py:170} INFO - Processing /home/airflow/.local/lib/python3.6/site-packages/airflow/example_dags/example_trigger_controller_dag.py took 2.622 seconds
[2021-09-21 01:17:44,768] {processor.py:162} INFO - Started process (PID=308) to work on /home/airflow/.local/lib/python3.6/site-packages/airflow/example_dags/example_trigger_controller_dag.py
[2021-09-21 01:17:44,770] {processor.py:613} INFO - Processing file /home/airflow/.local/lib/python3.6/site-packages/airflow/example_dags/example_trigger_controller_dag.py for tasks to queue
[2021-09-21 01:17:44,772] {logging_mixin.py:109} INFO - [2021-09-21 01:17:44,772] {dagbag.py:496} INFO - Filling up the DagBag from /home/airflow/.local/lib/python3.6/site-packages/airflow/example_dags/example_trigger_controller_dag.py
[2021-09-21 01:17:44,787] {processor.py:623} INFO - DAG(s) dict_keys(['example_trigger_controller_dag']) retrieved from /home/airflow/.local/lib/python3.6/site-packages/airflow/example_dags/example_trigger_controller_dag.py
[2021-09-21 01:17:44,820] {logging_mixin.py:109} INFO - [2021-09-21 01:17:44,820] {dag.py:1834} INFO - Sync 1 DAGs
[2021-09-21 01:17:44,842] {logging_mixin.py:109} INFO - [2021-09-21 01:17:44,842] {dag.py:2287} INFO - Setting next_dagrun for example_trigger_controller_dag to 2021-09-19 00:00:00+00:00
[2021-09-21 01:17:44,859] {processor.py:170} INFO - Processing /home/airflow/.local/lib/python3.6/site-packages/airflow/example_dags/example_trigger_controller_dag.py took 0.096 seconds
[2021-09-21 01:18:15,641] {processor.py:162} INFO - Started process (PID=360) to work on /home/airflow/.local/lib/python3.6/site-packages/airflow/example_dags/example_trigger_controller_dag.py
[2021-09-21 01:18:15,644] {processor.py:613} INFO - Processing file /home/airflow/.local/lib/python3.6/site-packages/airflow/example_dags/example_trigger_controller_dag.py for tasks to queue
[2021-09-21 01:18:15,647] {logging_mixin.py:109} INFO - [2021-09-21 01:18:15,647] {dagbag.py:496} INFO - Filling up the DagBag from /home/airflow/.local/lib/python3.6/site-packages/airflow/example_dags/example_trigger_controller_dag.py
[2021-09-21 01:18:15,666] {processor.py:623} INFO - DAG(s) dict_keys(['example_trigger_controller_dag']) retrieved from /home/airflow/.local/lib/python3.6/site-packages/airflow/example_dags/example_trigger_controller_dag.py
[2021-09-21 01:18:15,692] {logging_mixin.py:109} INFO - [2021-09-21 01:18:15,692] {dag.py:1834} INFO - Sync 1 DAGs
[2021-09-21 01:18:15,719] {logging_mixin.py:109} INFO - [2021-09-21 01:18:15,719] {dag.py:2287} INFO - Setting next_dagrun for example_trigger_controller_dag to 2021-09-19 00:00:00+00:00
[2021-09-21 01:18:15,732] {processor.py:170} INFO - Processing /home/airflow/.local/lib/python3.6/site-packages/airflow/example_dags/example_trigger_controller_dag.py took 0.095 seconds
[2021-09-21 01:18:45,827] {processor.py:162} INFO - Started process (PID=425) to work on /home/airflow/.local/lib/python3.6/site-packages/airflow/example_dags/example_trigger_controller_dag.py
[2021-09-21 01:18:45,830] {processor.py:613} INFO - Processing file /home/airflow/.local/lib/python3.6/site-packages/airflow/example_dags/example_trigger_controller_dag.py for tasks to queue
[2021-09-21 01:18:45,833] {logging_mixin.py:109} INFO - [2021-09-21 01:18:45,832] {dagbag.py:496} INFO - Filling up the DagBag from /home/airflow/.local/lib/python3.6/site-packages/airflow/example_dags/example_trigger_controller_dag.py
[2021-09-21 01:18:45,850] {processor.py:623} INFO - DAG(s) dict_keys(['example_trigger_controller_dag']) retrieved from /home/airflow/.local/lib/python3.6/site-packages/airflow/example_dags/example_trigger_controller_dag.py
[2021-09-21 01:18:45,891] {logging_mixin.py:109} INFO - [2021-09-21 01:18:45,890] {dag.py:1834} INFO - Sync 1 DAGs
[2021-09-21 01:18:45,912] {logging_mixin.py:109} INFO - [2021-09-21 01:18:45,912] {dag.py:2287} INFO - Setting next_dagrun for example_trigger_controller_dag to 2021-09-19 00:00:00+00:00
[2021-09-21 01:18:45,928] {processor.py:170} INFO - Processing /home/airflow/.local/lib/python3.6/site-packages/airflow/example_dags/example_trigger_controller_dag.py took 0.106 seconds
[2021-09-21 01:19:16,024] {processor.py:162} INFO - Started process (PID=488) to work on /home/airflow/.local/lib/python3.6/site-packages/airflow/example_dags/example_trigger_controller_dag.py
[2021-09-21 01:19:16,026] {processor.py:613} INFO - Processing file /home/airflow/.local/lib/python3.6/site-packages/airflow/example_dags/example_trigger_controller_dag.py for tasks to queue
[2021-09-21 01:19:16,028] {logging_mixin.py:109} INFO - [2021-09-21 01:19:16,027] {dagbag.py:496} INFO - Filling up the DagBag from /home/airflow/.local/lib/python3.6/site-packages/airflow/example_dags/example_trigger_controller_dag.py
[2021-09-21 01:19:16,039] {processor.py:623} INFO - DAG(s) dict_keys(['example_trigger_controller_dag']) retrieved from /home/airflow/.local/lib/python3.6/site-packages/airflow/example_dags/example_trigger_controller_dag.py
[2021-09-21 01:19:16,062] {logging_mixin.py:109} INFO - [2021-09-21 01:19:16,062] {dag.py:1834} INFO - Sync 1 DAGs
[2021-09-21 01:19:16,076] {logging_mixin.py:109} INFO - [2021-09-21 01:19:16,076] {dag.py:2287} INFO - Setting next_dagrun for example_trigger_controller_dag to 2021-09-19 00:00:00+00:00
[2021-09-21 01:19:16,086] {processor.py:170} INFO - Processing /home/airflow/.local/lib/python3.6/site-packages/airflow/example_dags/example_trigger_controller_dag.py took 0.066 seconds
[2021-09-21 01:19:46,160] {processor.py:162} INFO - Started process (PID=541) to work on /home/airflow/.local/lib/python3.6/site-packages/airflow/example_dags/example_trigger_controller_dag.py
[2021-09-21 01:19:46,162] {processor.py:613} INFO - Processing file /home/airflow/.local/lib/python3.6/site-packages/airflow/example_dags/example_trigger_controller_dag.py for tasks to queue
[2021-09-21 01:19:46,163] {logging_mixin.py:109} INFO - [2021-09-21 01:19:46,163] {dagbag.py:496} INFO - Filling up the DagBag from /home/airflow/.local/lib/python3.6/site-packages/airflow/example_dags/example_trigger_controller_dag.py
[2021-09-21 01:19:46,174] {processor.py:623} INFO - DAG(s) dict_keys(['example_trigger_controller_dag']) retrieved from /home/airflow/.local/lib/python3.6/site-packages/airflow/example_dags/example_trigger_controller_dag.py
[2021-09-21 01:19:46,197] {logging_mixin.py:109} INFO - [2021-09-21 01:19:46,197] {dag.py:1834} INFO - Sync 1 DAGs
[2021-09-21 01:19:46,212] {logging_mixin.py:109} INFO - [2021-09-21 01:19:46,212] {dag.py:2287} INFO - Setting next_dagrun for example_trigger_controller_dag to 2021-09-19 00:00:00+00:00
[2021-09-21 01:19:46,222] {processor.py:170} INFO - Processing /home/airflow/.local/lib/python3.6/site-packages/airflow/example_dags/example_trigger_controller_dag.py took 0.065 seconds
[2021-09-21 01:20:16,463] {processor.py:162} INFO - Started process (PID=605) to work on /home/airflow/.local/lib/python3.6/site-packages/airflow/example_dags/example_trigger_controller_dag.py
[2021-09-21 01:20:16,465] {processor.py:613} INFO - Processing file /home/airflow/.local/lib/python3.6/site-packages/airflow/example_dags/example_trigger_controller_dag.py for tasks to queue
[2021-09-21 01:20:16,467] {logging_mixin.py:109} INFO - [2021-09-21 01:20:16,467] {dagbag.py:496} INFO - Filling up the DagBag from /home/airflow/.local/lib/python3.6/site-packages/airflow/example_dags/example_trigger_controller_dag.py
[2021-09-21 01:20:16,480] {processor.py:623} INFO - DAG(s) dict_keys(['example_trigger_controller_dag']) retrieved from /home/airflow/.local/lib/python3.6/site-packages/airflow/example_dags/example_trigger_controller_dag.py
[2021-09-21 01:20:16,516] {logging_mixin.py:109} INFO - [2021-09-21 01:20:16,516] {dag.py:1834} INFO - Sync 1 DAGs
[2021-09-21 01:20:16,535] {logging_mixin.py:109} INFO - [2021-09-21 01:20:16,535] {dag.py:2287} INFO - Setting next_dagrun for example_trigger_controller_dag to 2021-09-19 00:00:00+00:00
[2021-09-21 01:20:16,548] {processor.py:170} INFO - Processing /home/airflow/.local/lib/python3.6/site-packages/airflow/example_dags/example_trigger_controller_dag.py took 0.089 seconds
[2021-09-21 01:20:46,856] {processor.py:162} INFO - Started process (PID=671) to work on /home/airflow/.local/lib/python3.6/site-packages/airflow/example_dags/example_trigger_controller_dag.py
[2021-09-21 01:20:46,858] {processor.py:613} INFO - Processing file /home/airflow/.local/lib/python3.6/site-packages/airflow/example_dags/example_trigger_controller_dag.py for tasks to queue
[2021-09-21 01:20:46,859] {logging_mixin.py:109} INFO - [2021-09-21 01:20:46,859] {dagbag.py:496} INFO - Filling up the DagBag from /home/airflow/.local/lib/python3.6/site-packages/airflow/example_dags/example_trigger_controller_dag.py
[2021-09-21 01:20:46,875] {processor.py:623} INFO - DAG(s) dict_keys(['example_trigger_controller_dag']) retrieved from /home/airflow/.local/lib/python3.6/site-packages/airflow/example_dags/example_trigger_controller_dag.py
[2021-09-21 01:20:46,904] {logging_mixin.py:109} INFO - [2021-09-21 01:20:46,903] {dag.py:1834} INFO - Sync 1 DAGs
[2021-09-21 01:20:46,923] {logging_mixin.py:109} INFO - [2021-09-21 01:20:46,923] {dag.py:2287} INFO - Setting next_dagrun for example_trigger_controller_dag to 2021-09-19 00:00:00+00:00
[2021-09-21 01:20:46,944] {processor.py:170} INFO - Processing /home/airflow/.local/lib/python3.6/site-packages/airflow/example_dags/example_trigger_controller_dag.py took 0.092 seconds
[2021-09-21 01:21:17,551] {processor.py:162} INFO - Started process (PID=724) to work on /home/airflow/.local/lib/python3.6/site-packages/airflow/example_dags/example_trigger_controller_dag.py
[2021-09-21 01:21:17,560] {processor.py:613} INFO - Processing file /home/airflow/.local/lib/python3.6/site-packages/airflow/example_dags/example_trigger_controller_dag.py for tasks to queue
[2021-09-21 01:21:17,564] {logging_mixin.py:109} INFO - [2021-09-21 01:21:17,564] {dagbag.py:496} INFO - Filling up the DagBag from /home/airflow/.local/lib/python3.6/site-packages/airflow/example_dags/example_trigger_controller_dag.py
[2021-09-21 01:21:17,660] {processor.py:623} INFO - DAG(s) dict_keys(['example_trigger_controller_dag']) retrieved from /home/airflow/.local/lib/python3.6/site-packages/airflow/example_dags/example_trigger_controller_dag.py
[2021-09-21 01:21:17,771] {logging_mixin.py:109} INFO - [2021-09-21 01:21:17,771] {dag.py:1834} INFO - Sync 1 DAGs
[2021-09-21 01:21:17,954] {logging_mixin.py:109} INFO - [2021-09-21 01:21:17,954] {dag.py:2287} INFO - Setting next_dagrun for example_trigger_controller_dag to 2021-09-19 00:00:00+00:00
[2021-09-21 01:21:18,004] {processor.py:170} INFO - Processing /home/airflow/.local/lib/python3.6/site-packages/airflow/example_dags/example_trigger_controller_dag.py took 0.460 seconds
[2021-09-21 01:21:48,850] {processor.py:162} INFO - Started process (PID=787) to work on /home/airflow/.local/lib/python3.6/site-packages/airflow/example_dags/example_trigger_controller_dag.py
[2021-09-21 01:21:48,857] {processor.py:613} INFO - Processing file /home/airflow/.local/lib/python3.6/site-packages/airflow/example_dags/example_trigger_controller_dag.py for tasks to queue
[2021-09-21 01:21:48,859] {logging_mixin.py:109} INFO - [2021-09-21 01:21:48,859] {dagbag.py:496} INFO - Filling up the DagBag from /home/airflow/.local/lib/python3.6/site-packages/airflow/example_dags/example_trigger_controller_dag.py
[2021-09-21 01:21:48,878] {processor.py:623} INFO - DAG(s) dict_keys(['example_trigger_controller_dag']) retrieved from /home/airflow/.local/lib/python3.6/site-packages/airflow/example_dags/example_trigger_controller_dag.py
[2021-09-21 01:21:48,910] {logging_mixin.py:109} INFO - [2021-09-21 01:21:48,910] {dag.py:1834} INFO - Sync 1 DAGs
[2021-09-21 01:21:48,932] {logging_mixin.py:109} INFO - [2021-09-21 01:21:48,932] {dag.py:2287} INFO - Setting next_dagrun for example_trigger_controller_dag to 2021-09-19 00:00:00+00:00
[2021-09-21 01:21:48,946] {processor.py:170} INFO - Processing /home/airflow/.local/lib/python3.6/site-packages/airflow/example_dags/example_trigger_controller_dag.py took 0.101 seconds
[2021-09-21 01:22:19,141] {processor.py:162} INFO - Started process (PID=841) to work on /home/airflow/.local/lib/python3.6/site-packages/airflow/example_dags/example_trigger_controller_dag.py
[2021-09-21 01:22:19,143] {processor.py:613} INFO - Processing file /home/airflow/.local/lib/python3.6/site-packages/airflow/example_dags/example_trigger_controller_dag.py for tasks to queue
[2021-09-21 01:22:19,144] {logging_mixin.py:109} INFO - [2021-09-21 01:22:19,144] {dagbag.py:496} INFO - Filling up the DagBag from /home/airflow/.local/lib/python3.6/site-packages/airflow/example_dags/example_trigger_controller_dag.py
[2021-09-21 01:22:19,157] {processor.py:623} INFO - DAG(s) dict_keys(['example_trigger_controller_dag']) retrieved from /home/airflow/.local/lib/python3.6/site-packages/airflow/example_dags/example_trigger_controller_dag.py
[2021-09-21 01:22:19,184] {logging_mixin.py:109} INFO - [2021-09-21 01:22:19,183] {dag.py:1834} INFO - Sync 1 DAGs
[2021-09-21 01:22:19,200] {logging_mixin.py:109} INFO - [2021-09-21 01:22:19,200] {dag.py:2287} INFO - Setting next_dagrun for example_trigger_controller_dag to 2021-09-19 00:00:00+00:00
[2021-09-21 01:22:19,212] {processor.py:170} INFO - Processing /home/airflow/.local/lib/python3.6/site-packages/airflow/example_dags/example_trigger_controller_dag.py took 0.075 seconds
[2021-09-21 01:22:49,732] {processor.py:162} INFO - Started process (PID=904) to work on /home/airflow/.local/lib/python3.6/site-packages/airflow/example_dags/example_trigger_controller_dag.py
[2021-09-21 01:22:49,737] {processor.py:613} INFO - Processing file /home/airflow/.local/lib/python3.6/site-packages/airflow/example_dags/example_trigger_controller_dag.py for tasks to queue
[2021-09-21 01:22:49,742] {logging_mixin.py:109} INFO - [2021-09-21 01:22:49,741] {dagbag.py:496} INFO - Filling up the DagBag from /home/airflow/.local/lib/python3.6/site-packages/airflow/example_dags/example_trigger_controller_dag.py
[2021-09-21 01:22:49,771] {processor.py:623} INFO - DAG(s) dict_keys(['example_trigger_controller_dag']) retrieved from /home/airflow/.local/lib/python3.6/site-packages/airflow/example_dags/example_trigger_controller_dag.py
[2021-09-21 01:22:49,844] {logging_mixin.py:109} INFO - [2021-09-21 01:22:49,844] {dag.py:1834} INFO - Sync 1 DAGs
[2021-09-21 01:22:49,929] {logging_mixin.py:109} INFO - [2021-09-21 01:22:49,928] {dag.py:2287} INFO - Setting next_dagrun for example_trigger_controller_dag to 2021-09-19 00:00:00+00:00
[2021-09-21 01:22:49,960] {processor.py:170} INFO - Processing /home/airflow/.local/lib/python3.6/site-packages/airflow/example_dags/example_trigger_controller_dag.py took 0.237 seconds
[2021-09-21 01:23:23,968] {processor.py:162} INFO - Started process (PID=957) to work on /home/airflow/.local/lib/python3.6/site-packages/airflow/example_dags/example_trigger_controller_dag.py
[2021-09-21 01:23:23,978] {processor.py:613} INFO - Processing file /home/airflow/.local/lib/python3.6/site-packages/airflow/example_dags/example_trigger_controller_dag.py for tasks to queue
[2021-09-21 01:23:23,982] {logging_mixin.py:109} INFO - [2021-09-21 01:23:23,982] {dagbag.py:496} INFO - Filling up the DagBag from /home/airflow/.local/lib/python3.6/site-packages/airflow/example_dags/example_trigger_controller_dag.py
[2021-09-21 01:23:24,028] {processor.py:623} INFO - DAG(s) dict_keys(['example_trigger_controller_dag']) retrieved from /home/airflow/.local/lib/python3.6/site-packages/airflow/example_dags/example_trigger_controller_dag.py
[2021-09-21 01:23:24,115] {logging_mixin.py:109} INFO - [2021-09-21 01:23:24,114] {dag.py:1834} INFO - Sync 1 DAGs
[2021-09-21 01:23:24,168] {logging_mixin.py:109} INFO - [2021-09-21 01:23:24,167] {dag.py:2287} INFO - Setting next_dagrun for example_trigger_controller_dag to 2021-09-19 00:00:00+00:00
[2021-09-21 01:23:24,200] {processor.py:170} INFO - Processing /home/airflow/.local/lib/python3.6/site-packages/airflow/example_dags/example_trigger_controller_dag.py took 0.245 seconds
[2021-09-21 01:23:54,706] {processor.py:162} INFO - Started process (PID=1010) to work on /home/airflow/.local/lib/python3.6/site-packages/airflow/example_dags/example_trigger_controller_dag.py
[2021-09-21 01:23:54,710] {processor.py:613} INFO - Processing file /home/airflow/.local/lib/python3.6/site-packages/airflow/example_dags/example_trigger_controller_dag.py for tasks to queue
[2021-09-21 01:23:54,711] {logging_mixin.py:109} INFO - [2021-09-21 01:23:54,711] {dagbag.py:496} INFO - Filling up the DagBag from /home/airflow/.local/lib/python3.6/site-packages/airflow/example_dags/example_trigger_controller_dag.py
[2021-09-21 01:23:54,733] {processor.py:623} INFO - DAG(s) dict_keys(['example_trigger_controller_dag']) retrieved from /home/airflow/.local/lib/python3.6/site-packages/airflow/example_dags/example_trigger_controller_dag.py
[2021-09-21 01:23:54,772] {logging_mixin.py:109} INFO - [2021-09-21 01:23:54,772] {dag.py:1834} INFO - Sync 1 DAGs
[2021-09-21 01:23:54,790] {logging_mixin.py:109} INFO - [2021-09-21 01:23:54,790] {dag.py:2287} INFO - Setting next_dagrun for example_trigger_controller_dag to 2021-09-19 00:00:00+00:00
[2021-09-21 01:23:54,803] {processor.py:170} INFO - Processing /home/airflow/.local/lib/python3.6/site-packages/airflow/example_dags/example_trigger_controller_dag.py took 0.101 seconds
[2021-09-21 01:24:24,850] {processor.py:162} INFO - Started process (PID=1062) to work on /home/airflow/.local/lib/python3.6/site-packages/airflow/example_dags/example_trigger_controller_dag.py
[2021-09-21 01:24:24,852] {processor.py:613} INFO - Processing file /home/airflow/.local/lib/python3.6/site-packages/airflow/example_dags/example_trigger_controller_dag.py for tasks to queue
[2021-09-21 01:24:24,854] {logging_mixin.py:109} INFO - [2021-09-21 01:24:24,854] {dagbag.py:496} INFO - Filling up the DagBag from /home/airflow/.local/lib/python3.6/site-packages/airflow/example_dags/example_trigger_controller_dag.py
[2021-09-21 01:24:24,869] {processor.py:623} INFO - DAG(s) dict_keys(['example_trigger_controller_dag']) retrieved from /home/airflow/.local/lib/python3.6/site-packages/airflow/example_dags/example_trigger_controller_dag.py
[2021-09-21 01:24:24,903] {logging_mixin.py:109} INFO - [2021-09-21 01:24:24,903] {dag.py:1834} INFO - Sync 1 DAGs
[2021-09-21 01:24:24,923] {logging_mixin.py:109} INFO - [2021-09-21 01:24:24,923] {dag.py:2287} INFO - Setting next_dagrun for example_trigger_controller_dag to 2021-09-19 00:00:00+00:00
[2021-09-21 01:24:24,937] {processor.py:170} INFO - Processing /home/airflow/.local/lib/python3.6/site-packages/airflow/example_dags/example_trigger_controller_dag.py took 0.091 seconds
[2021-09-21 01:24:55,495] {processor.py:162} INFO - Started process (PID=1114) to work on /home/airflow/.local/lib/python3.6/site-packages/airflow/example_dags/example_trigger_controller_dag.py
[2021-09-21 01:24:55,499] {processor.py:613} INFO - Processing file /home/airflow/.local/lib/python3.6/site-packages/airflow/example_dags/example_trigger_controller_dag.py for tasks to queue
[2021-09-21 01:24:55,502] {logging_mixin.py:109} INFO - [2021-09-21 01:24:55,501] {dagbag.py:496} INFO - Filling up the DagBag from /home/airflow/.local/lib/python3.6/site-packages/airflow/example_dags/example_trigger_controller_dag.py
[2021-09-21 01:24:55,524] {processor.py:623} INFO - DAG(s) dict_keys(['example_trigger_controller_dag']) retrieved from /home/airflow/.local/lib/python3.6/site-packages/airflow/example_dags/example_trigger_controller_dag.py
[2021-09-21 01:24:55,567] {logging_mixin.py:109} INFO - [2021-09-21 01:24:55,567] {dag.py:1834} INFO - Sync 1 DAGs
[2021-09-21 01:24:55,592] {logging_mixin.py:109} INFO - [2021-09-21 01:24:55,592] {dag.py:2287} INFO - Setting next_dagrun for example_trigger_controller_dag to 2021-09-19 00:00:00+00:00
[2021-09-21 01:24:55,610] {processor.py:170} INFO - Processing /home/airflow/.local/lib/python3.6/site-packages/airflow/example_dags/example_trigger_controller_dag.py took 0.123 seconds
[2021-09-21 01:25:26,061] {processor.py:162} INFO - Started process (PID=1167) to work on /home/airflow/.local/lib/python3.6/site-packages/airflow/example_dags/example_trigger_controller_dag.py
[2021-09-21 01:25:26,063] {processor.py:613} INFO - Processing file /home/airflow/.local/lib/python3.6/site-packages/airflow/example_dags/example_trigger_controller_dag.py for tasks to queue
[2021-09-21 01:25:26,066] {logging_mixin.py:109} INFO - [2021-09-21 01:25:26,065] {dagbag.py:496} INFO - Filling up the DagBag from /home/airflow/.local/lib/python3.6/site-packages/airflow/example_dags/example_trigger_controller_dag.py
[2021-09-21 01:25:26,084] {processor.py:623} INFO - DAG(s) dict_keys(['example_trigger_controller_dag']) retrieved from /home/airflow/.local/lib/python3.6/site-packages/airflow/example_dags/example_trigger_controller_dag.py
[2021-09-21 01:25:26,132] {logging_mixin.py:109} INFO - [2021-09-21 01:25:26,132] {dag.py:1834} INFO - Sync 1 DAGs
[2021-09-21 01:25:26,181] {logging_mixin.py:109} INFO - [2021-09-21 01:25:26,180] {dag.py:2287} INFO - Setting next_dagrun for example_trigger_controller_dag to 2021-09-19 00:00:00+00:00
[2021-09-21 01:25:26,203] {processor.py:170} INFO - Processing /home/airflow/.local/lib/python3.6/site-packages/airflow/example_dags/example_trigger_controller_dag.py took 0.147 seconds
[2021-09-21 01:25:56,929] {processor.py:162} INFO - Started process (PID=1231) to work on /home/airflow/.local/lib/python3.6/site-packages/airflow/example_dags/example_trigger_controller_dag.py
[2021-09-21 01:25:56,934] {processor.py:613} INFO - Processing file /home/airflow/.local/lib/python3.6/site-packages/airflow/example_dags/example_trigger_controller_dag.py for tasks to queue
[2021-09-21 01:25:56,936] {logging_mixin.py:109} INFO - [2021-09-21 01:25:56,935] {dagbag.py:496} INFO - Filling up the DagBag from /home/airflow/.local/lib/python3.6/site-packages/airflow/example_dags/example_trigger_controller_dag.py
[2021-09-21 01:25:56,964] {processor.py:623} INFO - DAG(s) dict_keys(['example_trigger_controller_dag']) retrieved from /home/airflow/.local/lib/python3.6/site-packages/airflow/example_dags/example_trigger_controller_dag.py
[2021-09-21 01:25:56,994] {logging_mixin.py:109} INFO - [2021-09-21 01:25:56,993] {dag.py:1834} INFO - Sync 1 DAGs
[2021-09-21 01:25:57,012] {logging_mixin.py:109} INFO - [2021-09-21 01:25:57,011] {dag.py:2287} INFO - Setting next_dagrun for example_trigger_controller_dag to 2021-09-19 00:00:00+00:00
[2021-09-21 01:25:57,026] {processor.py:170} INFO - Processing /home/airflow/.local/lib/python3.6/site-packages/airflow/example_dags/example_trigger_controller_dag.py took 0.101 seconds
[2021-09-21 01:26:28,208] {processor.py:162} INFO - Started process (PID=1281) to work on /home/airflow/.local/lib/python3.6/site-packages/airflow/example_dags/example_trigger_controller_dag.py
[2021-09-21 01:26:28,211] {processor.py:613} INFO - Processing file /home/airflow/.local/lib/python3.6/site-packages/airflow/example_dags/example_trigger_controller_dag.py for tasks to queue
[2021-09-21 01:26:28,214] {logging_mixin.py:109} INFO - [2021-09-21 01:26:28,213] {dagbag.py:496} INFO - Filling up the DagBag from /home/airflow/.local/lib/python3.6/site-packages/airflow/example_dags/example_trigger_controller_dag.py
[2021-09-21 01:26:28,311] {processor.py:623} INFO - DAG(s) dict_keys(['example_trigger_controller_dag']) retrieved from /home/airflow/.local/lib/python3.6/site-packages/airflow/example_dags/example_trigger_controller_dag.py
[2021-09-21 01:26:28,378] {logging_mixin.py:109} INFO - [2021-09-21 01:26:28,378] {dag.py:1834} INFO - Sync 1 DAGs
[2021-09-21 01:26:28,468] {logging_mixin.py:109} INFO - [2021-09-21 01:26:28,468] {dag.py:2287} INFO - Setting next_dagrun for example_trigger_controller_dag to 2021-09-19 00:00:00+00:00
[2021-09-21 01:26:28,519] {processor.py:170} INFO - Processing /home/airflow/.local/lib/python3.6/site-packages/airflow/example_dags/example_trigger_controller_dag.py took 0.321 seconds
[2021-09-21 01:26:59,003] {processor.py:162} INFO - Started process (PID=1333) to work on /home/airflow/.local/lib/python3.6/site-packages/airflow/example_dags/example_trigger_controller_dag.py
[2021-09-21 01:26:59,006] {processor.py:613} INFO - Processing file /home/airflow/.local/lib/python3.6/site-packages/airflow/example_dags/example_trigger_controller_dag.py for tasks to queue
[2021-09-21 01:26:59,011] {logging_mixin.py:109} INFO - [2021-09-21 01:26:59,010] {dagbag.py:496} INFO - Filling up the DagBag from /home/airflow/.local/lib/python3.6/site-packages/airflow/example_dags/example_trigger_controller_dag.py
[2021-09-21 01:26:59,040] {processor.py:623} INFO - DAG(s) dict_keys(['example_trigger_controller_dag']) retrieved from /home/airflow/.local/lib/python3.6/site-packages/airflow/example_dags/example_trigger_controller_dag.py
[2021-09-21 01:26:59,087] {logging_mixin.py:109} INFO - [2021-09-21 01:26:59,086] {dag.py:1834} INFO - Sync 1 DAGs
[2021-09-21 01:26:59,134] {logging_mixin.py:109} INFO - [2021-09-21 01:26:59,133] {dag.py:2287} INFO - Setting next_dagrun for example_trigger_controller_dag to 2021-09-19 00:00:00+00:00
[2021-09-21 01:26:59,167] {processor.py:170} INFO - Processing /home/airflow/.local/lib/python3.6/site-packages/airflow/example_dags/example_trigger_controller_dag.py took 0.174 seconds
[2021-09-21 01:27:30,406] {processor.py:162} INFO - Started process (PID=1384) to work on /home/airflow/.local/lib/python3.6/site-packages/airflow/example_dags/example_trigger_controller_dag.py
[2021-09-21 01:27:30,408] {processor.py:613} INFO - Processing file /home/airflow/.local/lib/python3.6/site-packages/airflow/example_dags/example_trigger_controller_dag.py for tasks to queue
[2021-09-21 01:27:30,409] {logging_mixin.py:109} INFO - [2021-09-21 01:27:30,409] {dagbag.py:496} INFO - Filling up the DagBag from /home/airflow/.local/lib/python3.6/site-packages/airflow/example_dags/example_trigger_controller_dag.py
[2021-09-21 01:27:30,432] {processor.py:623} INFO - DAG(s) dict_keys(['example_trigger_controller_dag']) retrieved from /home/airflow/.local/lib/python3.6/site-packages/airflow/example_dags/example_trigger_controller_dag.py
[2021-09-21 01:27:30,494] {logging_mixin.py:109} INFO - [2021-09-21 01:27:30,494] {dag.py:1834} INFO - Sync 1 DAGs
[2021-09-21 01:27:30,518] {logging_mixin.py:109} INFO - [2021-09-21 01:27:30,518] {dag.py:2287} INFO - Setting next_dagrun for example_trigger_controller_dag to 2021-09-19 00:00:00+00:00
[2021-09-21 01:27:30,528] {processor.py:170} INFO - Processing /home/airflow/.local/lib/python3.6/site-packages/airflow/example_dags/example_trigger_controller_dag.py took 0.129 seconds
[2021-09-21 01:28:01,005] {processor.py:162} INFO - Started process (PID=1436) to work on /home/airflow/.local/lib/python3.6/site-packages/airflow/example_dags/example_trigger_controller_dag.py
[2021-09-21 01:28:01,007] {processor.py:613} INFO - Processing file /home/airflow/.local/lib/python3.6/site-packages/airflow/example_dags/example_trigger_controller_dag.py for tasks to queue
[2021-09-21 01:28:01,009] {logging_mixin.py:109} INFO - [2021-09-21 01:28:01,009] {dagbag.py:496} INFO - Filling up the DagBag from /home/airflow/.local/lib/python3.6/site-packages/airflow/example_dags/example_trigger_controller_dag.py
[2021-09-21 01:28:01,023] {processor.py:623} INFO - DAG(s) dict_keys(['example_trigger_controller_dag']) retrieved from /home/airflow/.local/lib/python3.6/site-packages/airflow/example_dags/example_trigger_controller_dag.py
[2021-09-21 01:28:01,052] {logging_mixin.py:109} INFO - [2021-09-21 01:28:01,052] {dag.py:1834} INFO - Sync 1 DAGs
[2021-09-21 01:28:01,067] {logging_mixin.py:109} INFO - [2021-09-21 01:28:01,067] {dag.py:2287} INFO - Setting next_dagrun for example_trigger_controller_dag to 2021-09-19 00:00:00+00:00
[2021-09-21 01:28:01,078] {processor.py:170} INFO - Processing /home/airflow/.local/lib/python3.6/site-packages/airflow/example_dags/example_trigger_controller_dag.py took 0.077 seconds
[2021-09-21 01:28:31,769] {processor.py:162} INFO - Started process (PID=1500) to work on /home/airflow/.local/lib/python3.6/site-packages/airflow/example_dags/example_trigger_controller_dag.py
[2021-09-21 01:28:31,771] {processor.py:613} INFO - Processing file /home/airflow/.local/lib/python3.6/site-packages/airflow/example_dags/example_trigger_controller_dag.py for tasks to queue
[2021-09-21 01:28:31,772] {logging_mixin.py:109} INFO - [2021-09-21 01:28:31,772] {dagbag.py:496} INFO - Filling up the DagBag from /home/airflow/.local/lib/python3.6/site-packages/airflow/example_dags/example_trigger_controller_dag.py
[2021-09-21 01:28:31,783] {processor.py:623} INFO - DAG(s) dict_keys(['example_trigger_controller_dag']) retrieved from /home/airflow/.local/lib/python3.6/site-packages/airflow/example_dags/example_trigger_controller_dag.py
[2021-09-21 01:28:31,811] {logging_mixin.py:109} INFO - [2021-09-21 01:28:31,811] {dag.py:1834} INFO - Sync 1 DAGs
[2021-09-21 01:28:31,828] {logging_mixin.py:109} INFO - [2021-09-21 01:28:31,828] {dag.py:2287} INFO - Setting next_dagrun for example_trigger_controller_dag to 2021-09-19 00:00:00+00:00
[2021-09-21 01:28:31,844] {processor.py:170} INFO - Processing /home/airflow/.local/lib/python3.6/site-packages/airflow/example_dags/example_trigger_controller_dag.py took 0.079 seconds
[2021-09-21 01:29:02,414] {processor.py:162} INFO - Started process (PID=1561) to work on /home/airflow/.local/lib/python3.6/site-packages/airflow/example_dags/example_trigger_controller_dag.py
[2021-09-21 01:29:02,417] {processor.py:613} INFO - Processing file /home/airflow/.local/lib/python3.6/site-packages/airflow/example_dags/example_trigger_controller_dag.py for tasks to queue
[2021-09-21 01:29:02,418] {logging_mixin.py:109} INFO - [2021-09-21 01:29:02,418] {dagbag.py:496} INFO - Filling up the DagBag from /home/airflow/.local/lib/python3.6/site-packages/airflow/example_dags/example_trigger_controller_dag.py
[2021-09-21 01:29:02,431] {processor.py:623} INFO - DAG(s) dict_keys(['example_trigger_controller_dag']) retrieved from /home/airflow/.local/lib/python3.6/site-packages/airflow/example_dags/example_trigger_controller_dag.py
[2021-09-21 01:29:02,462] {logging_mixin.py:109} INFO - [2021-09-21 01:29:02,461] {dag.py:1834} INFO - Sync 1 DAGs
[2021-09-21 01:29:02,480] {logging_mixin.py:109} INFO - [2021-09-21 01:29:02,480] {dag.py:2287} INFO - Setting next_dagrun for example_trigger_controller_dag to 2021-09-19 00:00:00+00:00
[2021-09-21 01:29:02,495] {processor.py:170} INFO - Processing /home/airflow/.local/lib/python3.6/site-packages/airflow/example_dags/example_trigger_controller_dag.py took 0.085 seconds
[2021-09-21 01:29:33,416] {processor.py:162} INFO - Started process (PID=1617) to work on /home/airflow/.local/lib/python3.6/site-packages/airflow/example_dags/example_trigger_controller_dag.py
[2021-09-21 01:29:33,419] {processor.py:613} INFO - Processing file /home/airflow/.local/lib/python3.6/site-packages/airflow/example_dags/example_trigger_controller_dag.py for tasks to queue
[2021-09-21 01:29:33,422] {logging_mixin.py:109} INFO - [2021-09-21 01:29:33,422] {dagbag.py:496} INFO - Filling up the DagBag from /home/airflow/.local/lib/python3.6/site-packages/airflow/example_dags/example_trigger_controller_dag.py
[2021-09-21 01:29:33,441] {processor.py:623} INFO - DAG(s) dict_keys(['example_trigger_controller_dag']) retrieved from /home/airflow/.local/lib/python3.6/site-packages/airflow/example_dags/example_trigger_controller_dag.py
[2021-09-21 01:29:33,481] {logging_mixin.py:109} INFO - [2021-09-21 01:29:33,481] {dag.py:1834} INFO - Sync 1 DAGs
[2021-09-21 01:29:33,500] {logging_mixin.py:109} INFO - [2021-09-21 01:29:33,500] {dag.py:2287} INFO - Setting next_dagrun for example_trigger_controller_dag to 2021-09-19 00:00:00+00:00
[2021-09-21 01:29:33,519] {processor.py:170} INFO - Processing /home/airflow/.local/lib/python3.6/site-packages/airflow/example_dags/example_trigger_controller_dag.py took 0.109 seconds
[2021-09-21 01:30:03,734] {processor.py:162} INFO - Started process (PID=1681) to work on /home/airflow/.local/lib/python3.6/site-packages/airflow/example_dags/example_trigger_controller_dag.py
[2021-09-21 01:30:03,736] {processor.py:613} INFO - Processing file /home/airflow/.local/lib/python3.6/site-packages/airflow/example_dags/example_trigger_controller_dag.py for tasks to queue
[2021-09-21 01:30:03,739] {logging_mixin.py:109} INFO - [2021-09-21 01:30:03,738] {dagbag.py:496} INFO - Filling up the DagBag from /home/airflow/.local/lib/python3.6/site-packages/airflow/example_dags/example_trigger_controller_dag.py
[2021-09-21 01:30:03,755] {processor.py:623} INFO - DAG(s) dict_keys(['example_trigger_controller_dag']) retrieved from /home/airflow/.local/lib/python3.6/site-packages/airflow/example_dags/example_trigger_controller_dag.py
[2021-09-21 01:30:03,784] {logging_mixin.py:109} INFO - [2021-09-21 01:30:03,783] {dag.py:1834} INFO - Sync 1 DAGs
[2021-09-21 01:30:03,804] {logging_mixin.py:109} INFO - [2021-09-21 01:30:03,803] {dag.py:2287} INFO - Setting next_dagrun for example_trigger_controller_dag to 2021-09-19 00:00:00+00:00
[2021-09-21 01:30:03,818] {processor.py:170} INFO - Processing /home/airflow/.local/lib/python3.6/site-packages/airflow/example_dags/example_trigger_controller_dag.py took 0.089 seconds
[2021-09-21 01:30:34,483] {processor.py:162} INFO - Started process (PID=1733) to work on /home/airflow/.local/lib/python3.6/site-packages/airflow/example_dags/example_trigger_controller_dag.py
[2021-09-21 01:30:34,485] {processor.py:613} INFO - Processing file /home/airflow/.local/lib/python3.6/site-packages/airflow/example_dags/example_trigger_controller_dag.py for tasks to queue
[2021-09-21 01:30:34,487] {logging_mixin.py:109} INFO - [2021-09-21 01:30:34,487] {dagbag.py:496} INFO - Filling up the DagBag from /home/airflow/.local/lib/python3.6/site-packages/airflow/example_dags/example_trigger_controller_dag.py
[2021-09-21 01:30:34,503] {processor.py:623} INFO - DAG(s) dict_keys(['example_trigger_controller_dag']) retrieved from /home/airflow/.local/lib/python3.6/site-packages/airflow/example_dags/example_trigger_controller_dag.py
[2021-09-21 01:30:34,527] {logging_mixin.py:109} INFO - [2021-09-21 01:30:34,527] {dag.py:1834} INFO - Sync 1 DAGs
[2021-09-21 01:30:34,542] {logging_mixin.py:109} INFO - [2021-09-21 01:30:34,542] {dag.py:2287} INFO - Setting next_dagrun for example_trigger_controller_dag to 2021-09-19 00:00:00+00:00
[2021-09-21 01:30:34,555] {processor.py:170} INFO - Processing /home/airflow/.local/lib/python3.6/site-packages/airflow/example_dags/example_trigger_controller_dag.py took 0.082 seconds
[2021-09-21 01:31:04,640] {processor.py:162} INFO - Started process (PID=1796) to work on /home/airflow/.local/lib/python3.6/site-packages/airflow/example_dags/example_trigger_controller_dag.py
[2021-09-21 01:31:04,642] {processor.py:613} INFO - Processing file /home/airflow/.local/lib/python3.6/site-packages/airflow/example_dags/example_trigger_controller_dag.py for tasks to queue
[2021-09-21 01:31:04,644] {logging_mixin.py:109} INFO - [2021-09-21 01:31:04,643] {dagbag.py:496} INFO - Filling up the DagBag from /home/airflow/.local/lib/python3.6/site-packages/airflow/example_dags/example_trigger_controller_dag.py
[2021-09-21 01:31:04,656] {processor.py:623} INFO - DAG(s) dict_keys(['example_trigger_controller_dag']) retrieved from /home/airflow/.local/lib/python3.6/site-packages/airflow/example_dags/example_trigger_controller_dag.py
[2021-09-21 01:31:04,680] {logging_mixin.py:109} INFO - [2021-09-21 01:31:04,680] {dag.py:1834} INFO - Sync 1 DAGs
[2021-09-21 01:31:04,695] {logging_mixin.py:109} INFO - [2021-09-21 01:31:04,695] {dag.py:2287} INFO - Setting next_dagrun for example_trigger_controller_dag to 2021-09-19 00:00:00+00:00
[2021-09-21 01:31:04,705] {processor.py:170} INFO - Processing /home/airflow/.local/lib/python3.6/site-packages/airflow/example_dags/example_trigger_controller_dag.py took 0.068 seconds
[2021-09-21 01:31:34,970] {processor.py:162} INFO - Started process (PID=1860) to work on /home/airflow/.local/lib/python3.6/site-packages/airflow/example_dags/example_trigger_controller_dag.py
[2021-09-21 01:31:34,972] {processor.py:613} INFO - Processing file /home/airflow/.local/lib/python3.6/site-packages/airflow/example_dags/example_trigger_controller_dag.py for tasks to queue
[2021-09-21 01:31:34,973] {logging_mixin.py:109} INFO - [2021-09-21 01:31:34,973] {dagbag.py:496} INFO - Filling up the DagBag from /home/airflow/.local/lib/python3.6/site-packages/airflow/example_dags/example_trigger_controller_dag.py
[2021-09-21 01:31:35,181] {processor.py:623} INFO - DAG(s) dict_keys(['example_trigger_controller_dag']) retrieved from /home/airflow/.local/lib/python3.6/site-packages/airflow/example_dags/example_trigger_controller_dag.py
[2021-09-21 01:31:35,478] {logging_mixin.py:109} INFO - [2021-09-21 01:31:35,478] {dag.py:1834} INFO - Sync 1 DAGs
[2021-09-21 01:31:35,633] {logging_mixin.py:109} INFO - [2021-09-21 01:31:35,633] {dag.py:2287} INFO - Setting next_dagrun for example_trigger_controller_dag to 2021-09-19 00:00:00+00:00
[2021-09-21 01:31:35,676] {processor.py:170} INFO - Processing /home/airflow/.local/lib/python3.6/site-packages/airflow/example_dags/example_trigger_controller_dag.py took 0.712 seconds
[2021-09-21 01:32:06,921] {processor.py:162} INFO - Started process (PID=1913) to work on /home/airflow/.local/lib/python3.6/site-packages/airflow/example_dags/example_trigger_controller_dag.py
[2021-09-21 01:32:06,923] {processor.py:613} INFO - Processing file /home/airflow/.local/lib/python3.6/site-packages/airflow/example_dags/example_trigger_controller_dag.py for tasks to queue
[2021-09-21 01:32:06,925] {logging_mixin.py:109} INFO - [2021-09-21 01:32:06,924] {dagbag.py:496} INFO - Filling up the DagBag from /home/airflow/.local/lib/python3.6/site-packages/airflow/example_dags/example_trigger_controller_dag.py
[2021-09-21 01:32:06,941] {processor.py:623} INFO - DAG(s) dict_keys(['example_trigger_controller_dag']) retrieved from /home/airflow/.local/lib/python3.6/site-packages/airflow/example_dags/example_trigger_controller_dag.py
[2021-09-21 01:32:06,968] {logging_mixin.py:109} INFO - [2021-09-21 01:32:06,968] {dag.py:1834} INFO - Sync 1 DAGs
[2021-09-21 01:32:06,986] {logging_mixin.py:109} INFO - [2021-09-21 01:32:06,985] {dag.py:2287} INFO - Setting next_dagrun for example_trigger_controller_dag to 2021-09-19 00:00:00+00:00
[2021-09-21 01:32:06,998] {processor.py:170} INFO - Processing /home/airflow/.local/lib/python3.6/site-packages/airflow/example_dags/example_trigger_controller_dag.py took 0.081 seconds
[2021-09-21 01:32:37,536] {processor.py:162} INFO - Started process (PID=1975) to work on /home/airflow/.local/lib/python3.6/site-packages/airflow/example_dags/example_trigger_controller_dag.py
[2021-09-21 01:32:37,538] {processor.py:613} INFO - Processing file /home/airflow/.local/lib/python3.6/site-packages/airflow/example_dags/example_trigger_controller_dag.py for tasks to queue
[2021-09-21 01:32:37,540] {logging_mixin.py:109} INFO - [2021-09-21 01:32:37,540] {dagbag.py:496} INFO - Filling up the DagBag from /home/airflow/.local/lib/python3.6/site-packages/airflow/example_dags/example_trigger_controller_dag.py
[2021-09-21 01:32:37,554] {processor.py:623} INFO - DAG(s) dict_keys(['example_trigger_controller_dag']) retrieved from /home/airflow/.local/lib/python3.6/site-packages/airflow/example_dags/example_trigger_controller_dag.py
[2021-09-21 01:32:37,579] {logging_mixin.py:109} INFO - [2021-09-21 01:32:37,578] {dag.py:1834} INFO - Sync 1 DAGs
[2021-09-21 01:32:37,594] {logging_mixin.py:109} INFO - [2021-09-21 01:32:37,594] {dag.py:2287} INFO - Setting next_dagrun for example_trigger_controller_dag to 2021-09-19 00:00:00+00:00
[2021-09-21 01:32:37,607] {processor.py:170} INFO - Processing /home/airflow/.local/lib/python3.6/site-packages/airflow/example_dags/example_trigger_controller_dag.py took 0.076 seconds
[2021-09-21 01:33:08,302] {processor.py:162} INFO - Started process (PID=2030) to work on /home/airflow/.local/lib/python3.6/site-packages/airflow/example_dags/example_trigger_controller_dag.py
[2021-09-21 01:33:08,305] {processor.py:613} INFO - Processing file /home/airflow/.local/lib/python3.6/site-packages/airflow/example_dags/example_trigger_controller_dag.py for tasks to queue
[2021-09-21 01:33:08,306] {logging_mixin.py:109} INFO - [2021-09-21 01:33:08,306] {dagbag.py:496} INFO - Filling up the DagBag from /home/airflow/.local/lib/python3.6/site-packages/airflow/example_dags/example_trigger_controller_dag.py
[2021-09-21 01:33:08,331] {processor.py:623} INFO - DAG(s) dict_keys(['example_trigger_controller_dag']) retrieved from /home/airflow/.local/lib/python3.6/site-packages/airflow/example_dags/example_trigger_controller_dag.py
[2021-09-21 01:33:08,357] {logging_mixin.py:109} INFO - [2021-09-21 01:33:08,357] {dag.py:1834} INFO - Sync 1 DAGs
[2021-09-21 01:33:08,374] {logging_mixin.py:109} INFO - [2021-09-21 01:33:08,373] {dag.py:2287} INFO - Setting next_dagrun for example_trigger_controller_dag to 2021-09-19 00:00:00+00:00
[2021-09-21 01:33:08,385] {processor.py:170} INFO - Processing /home/airflow/.local/lib/python3.6/site-packages/airflow/example_dags/example_trigger_controller_dag.py took 0.091 seconds
[2021-09-21 01:33:39,090] {processor.py:162} INFO - Started process (PID=2093) to work on /home/airflow/.local/lib/python3.6/site-packages/airflow/example_dags/example_trigger_controller_dag.py
[2021-09-21 01:33:39,093] {processor.py:613} INFO - Processing file /home/airflow/.local/lib/python3.6/site-packages/airflow/example_dags/example_trigger_controller_dag.py for tasks to queue
[2021-09-21 01:33:39,094] {logging_mixin.py:109} INFO - [2021-09-21 01:33:39,094] {dagbag.py:496} INFO - Filling up the DagBag from /home/airflow/.local/lib/python3.6/site-packages/airflow/example_dags/example_trigger_controller_dag.py
[2021-09-21 01:33:39,108] {processor.py:623} INFO - DAG(s) dict_keys(['example_trigger_controller_dag']) retrieved from /home/airflow/.local/lib/python3.6/site-packages/airflow/example_dags/example_trigger_controller_dag.py
[2021-09-21 01:33:39,134] {logging_mixin.py:109} INFO - [2021-09-21 01:33:39,134] {dag.py:1834} INFO - Sync 1 DAGs
[2021-09-21 01:33:39,150] {logging_mixin.py:109} INFO - [2021-09-21 01:33:39,150] {dag.py:2287} INFO - Setting next_dagrun for example_trigger_controller_dag to 2021-09-19 00:00:00+00:00
[2021-09-21 01:33:39,161] {processor.py:170} INFO - Processing /home/airflow/.local/lib/python3.6/site-packages/airflow/example_dags/example_trigger_controller_dag.py took 0.075 seconds
[2021-09-21 01:34:09,784] {processor.py:162} INFO - Started process (PID=2157) to work on /home/airflow/.local/lib/python3.6/site-packages/airflow/example_dags/example_trigger_controller_dag.py
[2021-09-21 01:34:09,787] {processor.py:613} INFO - Processing file /home/airflow/.local/lib/python3.6/site-packages/airflow/example_dags/example_trigger_controller_dag.py for tasks to queue
[2021-09-21 01:34:09,788] {logging_mixin.py:109} INFO - [2021-09-21 01:34:09,788] {dagbag.py:496} INFO - Filling up the DagBag from /home/airflow/.local/lib/python3.6/site-packages/airflow/example_dags/example_trigger_controller_dag.py
[2021-09-21 01:34:09,800] {processor.py:623} INFO - DAG(s) dict_keys(['example_trigger_controller_dag']) retrieved from /home/airflow/.local/lib/python3.6/site-packages/airflow/example_dags/example_trigger_controller_dag.py
[2021-09-21 01:34:09,824] {logging_mixin.py:109} INFO - [2021-09-21 01:34:09,824] {dag.py:1834} INFO - Sync 1 DAGs
[2021-09-21 01:34:09,840] {logging_mixin.py:109} INFO - [2021-09-21 01:34:09,839] {dag.py:2287} INFO - Setting next_dagrun for example_trigger_controller_dag to 2021-09-19 00:00:00+00:00
[2021-09-21 01:34:09,851] {processor.py:170} INFO - Processing /home/airflow/.local/lib/python3.6/site-packages/airflow/example_dags/example_trigger_controller_dag.py took 0.071 seconds
[2021-09-21 01:34:40,484] {processor.py:162} INFO - Started process (PID=2210) to work on /home/airflow/.local/lib/python3.6/site-packages/airflow/example_dags/example_trigger_controller_dag.py
[2021-09-21 01:34:40,492] {processor.py:613} INFO - Processing file /home/airflow/.local/lib/python3.6/site-packages/airflow/example_dags/example_trigger_controller_dag.py for tasks to queue
[2021-09-21 01:34:40,493] {logging_mixin.py:109} INFO - [2021-09-21 01:34:40,493] {dagbag.py:496} INFO - Filling up the DagBag from /home/airflow/.local/lib/python3.6/site-packages/airflow/example_dags/example_trigger_controller_dag.py
[2021-09-21 01:34:40,507] {processor.py:623} INFO - DAG(s) dict_keys(['example_trigger_controller_dag']) retrieved from /home/airflow/.local/lib/python3.6/site-packages/airflow/example_dags/example_trigger_controller_dag.py
[2021-09-21 01:34:40,532] {logging_mixin.py:109} INFO - [2021-09-21 01:34:40,532] {dag.py:1834} INFO - Sync 1 DAGs
[2021-09-21 01:34:40,548] {logging_mixin.py:109} INFO - [2021-09-21 01:34:40,548] {dag.py:2287} INFO - Setting next_dagrun for example_trigger_controller_dag to 2021-09-19 00:00:00+00:00
[2021-09-21 01:34:40,559] {processor.py:170} INFO - Processing /home/airflow/.local/lib/python3.6/site-packages/airflow/example_dags/example_trigger_controller_dag.py took 0.080 seconds
[2021-09-21 01:35:10,856] {processor.py:162} INFO - Started process (PID=2272) to work on /home/airflow/.local/lib/python3.6/site-packages/airflow/example_dags/example_trigger_controller_dag.py
[2021-09-21 01:35:10,865] {processor.py:613} INFO - Processing file /home/airflow/.local/lib/python3.6/site-packages/airflow/example_dags/example_trigger_controller_dag.py for tasks to queue
[2021-09-21 01:35:10,868] {logging_mixin.py:109} INFO - [2021-09-21 01:35:10,867] {dagbag.py:496} INFO - Filling up the DagBag from /home/airflow/.local/lib/python3.6/site-packages/airflow/example_dags/example_trigger_controller_dag.py
[2021-09-21 01:35:10,886] {processor.py:623} INFO - DAG(s) dict_keys(['example_trigger_controller_dag']) retrieved from /home/airflow/.local/lib/python3.6/site-packages/airflow/example_dags/example_trigger_controller_dag.py
[2021-09-21 01:35:10,922] {logging_mixin.py:109} INFO - [2021-09-21 01:35:10,921] {dag.py:1834} INFO - Sync 1 DAGs
[2021-09-21 01:35:10,945] {logging_mixin.py:109} INFO - [2021-09-21 01:35:10,945] {dag.py:2287} INFO - Setting next_dagrun for example_trigger_controller_dag to 2021-09-19 00:00:00+00:00
[2021-09-21 01:35:10,960] {processor.py:170} INFO - Processing /home/airflow/.local/lib/python3.6/site-packages/airflow/example_dags/example_trigger_controller_dag.py took 0.114 seconds
[2021-09-21 01:35:41,385] {processor.py:162} INFO - Started process (PID=2326) to work on /home/airflow/.local/lib/python3.6/site-packages/airflow/example_dags/example_trigger_controller_dag.py
[2021-09-21 01:35:41,387] {processor.py:613} INFO - Processing file /home/airflow/.local/lib/python3.6/site-packages/airflow/example_dags/example_trigger_controller_dag.py for tasks to queue
[2021-09-21 01:35:41,389] {logging_mixin.py:109} INFO - [2021-09-21 01:35:41,389] {dagbag.py:496} INFO - Filling up the DagBag from /home/airflow/.local/lib/python3.6/site-packages/airflow/example_dags/example_trigger_controller_dag.py
[2021-09-21 01:35:41,403] {processor.py:623} INFO - DAG(s) dict_keys(['example_trigger_controller_dag']) retrieved from /home/airflow/.local/lib/python3.6/site-packages/airflow/example_dags/example_trigger_controller_dag.py
[2021-09-21 01:35:41,429] {logging_mixin.py:109} INFO - [2021-09-21 01:35:41,429] {dag.py:1834} INFO - Sync 1 DAGs
[2021-09-21 01:35:41,446] {logging_mixin.py:109} INFO - [2021-09-21 01:35:41,445] {dag.py:2287} INFO - Setting next_dagrun for example_trigger_controller_dag to 2021-09-19 00:00:00+00:00
[2021-09-21 01:35:41,457] {processor.py:170} INFO - Processing /home/airflow/.local/lib/python3.6/site-packages/airflow/example_dags/example_trigger_controller_dag.py took 0.078 seconds
[2021-09-21 01:36:12,307] {processor.py:162} INFO - Started process (PID=2391) to work on /home/airflow/.local/lib/python3.6/site-packages/airflow/example_dags/example_trigger_controller_dag.py
[2021-09-21 01:36:12,310] {processor.py:613} INFO - Processing file /home/airflow/.local/lib/python3.6/site-packages/airflow/example_dags/example_trigger_controller_dag.py for tasks to queue
[2021-09-21 01:36:12,311] {logging_mixin.py:109} INFO - [2021-09-21 01:36:12,311] {dagbag.py:496} INFO - Filling up the DagBag from /home/airflow/.local/lib/python3.6/site-packages/airflow/example_dags/example_trigger_controller_dag.py
[2021-09-21 01:36:12,326] {processor.py:623} INFO - DAG(s) dict_keys(['example_trigger_controller_dag']) retrieved from /home/airflow/.local/lib/python3.6/site-packages/airflow/example_dags/example_trigger_controller_dag.py
[2021-09-21 01:36:12,351] {logging_mixin.py:109} INFO - [2021-09-21 01:36:12,351] {dag.py:1834} INFO - Sync 1 DAGs
[2021-09-21 01:36:12,367] {logging_mixin.py:109} INFO - [2021-09-21 01:36:12,367] {dag.py:2287} INFO - Setting next_dagrun for example_trigger_controller_dag to 2021-09-19 00:00:00+00:00
[2021-09-21 01:36:12,379] {processor.py:170} INFO - Processing /home/airflow/.local/lib/python3.6/site-packages/airflow/example_dags/example_trigger_controller_dag.py took 0.075 seconds
[2021-09-21 01:36:44,018] {processor.py:162} INFO - Started process (PID=2445) to work on /home/airflow/.local/lib/python3.6/site-packages/airflow/example_dags/example_trigger_controller_dag.py
[2021-09-21 01:36:44,024] {processor.py:613} INFO - Processing file /home/airflow/.local/lib/python3.6/site-packages/airflow/example_dags/example_trigger_controller_dag.py for tasks to queue
[2021-09-21 01:36:44,029] {logging_mixin.py:109} INFO - [2021-09-21 01:36:44,028] {dagbag.py:496} INFO - Filling up the DagBag from /home/airflow/.local/lib/python3.6/site-packages/airflow/example_dags/example_trigger_controller_dag.py
[2021-09-21 01:36:44,074] {processor.py:623} INFO - DAG(s) dict_keys(['example_trigger_controller_dag']) retrieved from /home/airflow/.local/lib/python3.6/site-packages/airflow/example_dags/example_trigger_controller_dag.py
[2021-09-21 01:36:44,187] {logging_mixin.py:109} INFO - [2021-09-21 01:36:44,187] {dag.py:1834} INFO - Sync 1 DAGs
[2021-09-21 01:36:44,271] {logging_mixin.py:109} INFO - [2021-09-21 01:36:44,270] {dag.py:2287} INFO - Setting next_dagrun for example_trigger_controller_dag to 2021-09-19 00:00:00+00:00
[2021-09-21 01:36:44,309] {processor.py:170} INFO - Processing /home/airflow/.local/lib/python3.6/site-packages/airflow/example_dags/example_trigger_controller_dag.py took 0.304 seconds
[2021-09-21 01:37:16,050] {processor.py:162} INFO - Started process (PID=2508) to work on /home/airflow/.local/lib/python3.6/site-packages/airflow/example_dags/example_trigger_controller_dag.py
[2021-09-21 01:37:16,054] {processor.py:613} INFO - Processing file /home/airflow/.local/lib/python3.6/site-packages/airflow/example_dags/example_trigger_controller_dag.py for tasks to queue
[2021-09-21 01:37:16,057] {logging_mixin.py:109} INFO - [2021-09-21 01:37:16,056] {dagbag.py:496} INFO - Filling up the DagBag from /home/airflow/.local/lib/python3.6/site-packages/airflow/example_dags/example_trigger_controller_dag.py
[2021-09-21 01:37:16,082] {processor.py:623} INFO - DAG(s) dict_keys(['example_trigger_controller_dag']) retrieved from /home/airflow/.local/lib/python3.6/site-packages/airflow/example_dags/example_trigger_controller_dag.py
[2021-09-21 01:37:16,129] {logging_mixin.py:109} INFO - [2021-09-21 01:37:16,128] {dag.py:1834} INFO - Sync 1 DAGs
[2021-09-21 01:37:16,161] {logging_mixin.py:109} INFO - [2021-09-21 01:37:16,160] {dag.py:2287} INFO - Setting next_dagrun for example_trigger_controller_dag to 2021-09-19 00:00:00+00:00
[2021-09-21 01:37:16,175] {processor.py:170} INFO - Processing /home/airflow/.local/lib/python3.6/site-packages/airflow/example_dags/example_trigger_controller_dag.py took 0.129 seconds
[2021-09-21 01:37:47,088] {processor.py:162} INFO - Started process (PID=2563) to work on /home/airflow/.local/lib/python3.6/site-packages/airflow/example_dags/example_trigger_controller_dag.py
[2021-09-21 01:37:47,090] {processor.py:613} INFO - Processing file /home/airflow/.local/lib/python3.6/site-packages/airflow/example_dags/example_trigger_controller_dag.py for tasks to queue
[2021-09-21 01:37:47,092] {logging_mixin.py:109} INFO - [2021-09-21 01:37:47,092] {dagbag.py:496} INFO - Filling up the DagBag from /home/airflow/.local/lib/python3.6/site-packages/airflow/example_dags/example_trigger_controller_dag.py
[2021-09-21 01:37:47,106] {processor.py:623} INFO - DAG(s) dict_keys(['example_trigger_controller_dag']) retrieved from /home/airflow/.local/lib/python3.6/site-packages/airflow/example_dags/example_trigger_controller_dag.py
[2021-09-21 01:37:47,136] {logging_mixin.py:109} INFO - [2021-09-21 01:37:47,136] {dag.py:1834} INFO - Sync 1 DAGs
[2021-09-21 01:37:47,153] {logging_mixin.py:109} INFO - [2021-09-21 01:37:47,153] {dag.py:2287} INFO - Setting next_dagrun for example_trigger_controller_dag to 2021-09-19 00:00:00+00:00
[2021-09-21 01:37:47,163] {processor.py:170} INFO - Processing /home/airflow/.local/lib/python3.6/site-packages/airflow/example_dags/example_trigger_controller_dag.py took 0.079 seconds
[2021-09-21 01:38:17,533] {processor.py:162} INFO - Started process (PID=2628) to work on /home/airflow/.local/lib/python3.6/site-packages/airflow/example_dags/example_trigger_controller_dag.py
[2021-09-21 01:38:17,536] {processor.py:613} INFO - Processing file /home/airflow/.local/lib/python3.6/site-packages/airflow/example_dags/example_trigger_controller_dag.py for tasks to queue
[2021-09-21 01:38:17,537] {logging_mixin.py:109} INFO - [2021-09-21 01:38:17,537] {dagbag.py:496} INFO - Filling up the DagBag from /home/airflow/.local/lib/python3.6/site-packages/airflow/example_dags/example_trigger_controller_dag.py
[2021-09-21 01:38:17,550] {processor.py:623} INFO - DAG(s) dict_keys(['example_trigger_controller_dag']) retrieved from /home/airflow/.local/lib/python3.6/site-packages/airflow/example_dags/example_trigger_controller_dag.py
[2021-09-21 01:38:17,582] {logging_mixin.py:109} INFO - [2021-09-21 01:38:17,582] {dag.py:1834} INFO - Sync 1 DAGs
[2021-09-21 01:38:17,633] {logging_mixin.py:109} INFO - [2021-09-21 01:38:17,632] {dag.py:2287} INFO - Setting next_dagrun for example_trigger_controller_dag to 2021-09-19 00:00:00+00:00
[2021-09-21 01:38:17,657] {processor.py:170} INFO - Processing /home/airflow/.local/lib/python3.6/site-packages/airflow/example_dags/example_trigger_controller_dag.py took 0.130 seconds
[2021-09-21 01:38:48,311] {processor.py:162} INFO - Started process (PID=2680) to work on /home/airflow/.local/lib/python3.6/site-packages/airflow/example_dags/example_trigger_controller_dag.py
[2021-09-21 01:38:48,314] {processor.py:613} INFO - Processing file /home/airflow/.local/lib/python3.6/site-packages/airflow/example_dags/example_trigger_controller_dag.py for tasks to queue
[2021-09-21 01:38:48,316] {logging_mixin.py:109} INFO - [2021-09-21 01:38:48,316] {dagbag.py:496} INFO - Filling up the DagBag from /home/airflow/.local/lib/python3.6/site-packages/airflow/example_dags/example_trigger_controller_dag.py
[2021-09-21 01:38:48,330] {processor.py:623} INFO - DAG(s) dict_keys(['example_trigger_controller_dag']) retrieved from /home/airflow/.local/lib/python3.6/site-packages/airflow/example_dags/example_trigger_controller_dag.py
[2021-09-21 01:38:48,361] {logging_mixin.py:109} INFO - [2021-09-21 01:38:48,361] {dag.py:1834} INFO - Sync 1 DAGs
[2021-09-21 01:38:48,380] {logging_mixin.py:109} INFO - [2021-09-21 01:38:48,380] {dag.py:2287} INFO - Setting next_dagrun for example_trigger_controller_dag to 2021-09-19 00:00:00+00:00
[2021-09-21 01:38:48,393] {processor.py:170} INFO - Processing /home/airflow/.local/lib/python3.6/site-packages/airflow/example_dags/example_trigger_controller_dag.py took 0.087 seconds
[2021-09-21 01:39:18,596] {processor.py:162} INFO - Started process (PID=2743) to work on /home/airflow/.local/lib/python3.6/site-packages/airflow/example_dags/example_trigger_controller_dag.py
[2021-09-21 01:39:18,600] {processor.py:613} INFO - Processing file /home/airflow/.local/lib/python3.6/site-packages/airflow/example_dags/example_trigger_controller_dag.py for tasks to queue
[2021-09-21 01:39:18,601] {logging_mixin.py:109} INFO - [2021-09-21 01:39:18,601] {dagbag.py:496} INFO - Filling up the DagBag from /home/airflow/.local/lib/python3.6/site-packages/airflow/example_dags/example_trigger_controller_dag.py
[2021-09-21 01:39:18,612] {processor.py:623} INFO - DAG(s) dict_keys(['example_trigger_controller_dag']) retrieved from /home/airflow/.local/lib/python3.6/site-packages/airflow/example_dags/example_trigger_controller_dag.py
[2021-09-21 01:39:18,636] {logging_mixin.py:109} INFO - [2021-09-21 01:39:18,636] {dag.py:1834} INFO - Sync 1 DAGs
[2021-09-21 01:39:18,651] {logging_mixin.py:109} INFO - [2021-09-21 01:39:18,651] {dag.py:2287} INFO - Setting next_dagrun for example_trigger_controller_dag to 2021-09-19 00:00:00+00:00
[2021-09-21 01:39:18,661] {processor.py:170} INFO - Processing /home/airflow/.local/lib/python3.6/site-packages/airflow/example_dags/example_trigger_controller_dag.py took 0.069 seconds
[2021-09-21 01:39:48,751] {processor.py:162} INFO - Started process (PID=2795) to work on /home/airflow/.local/lib/python3.6/site-packages/airflow/example_dags/example_trigger_controller_dag.py
[2021-09-21 01:39:48,753] {processor.py:613} INFO - Processing file /home/airflow/.local/lib/python3.6/site-packages/airflow/example_dags/example_trigger_controller_dag.py for tasks to queue
[2021-09-21 01:39:48,754] {logging_mixin.py:109} INFO - [2021-09-21 01:39:48,754] {dagbag.py:496} INFO - Filling up the DagBag from /home/airflow/.local/lib/python3.6/site-packages/airflow/example_dags/example_trigger_controller_dag.py
[2021-09-21 01:39:48,766] {processor.py:623} INFO - DAG(s) dict_keys(['example_trigger_controller_dag']) retrieved from /home/airflow/.local/lib/python3.6/site-packages/airflow/example_dags/example_trigger_controller_dag.py
[2021-09-21 01:39:48,793] {logging_mixin.py:109} INFO - [2021-09-21 01:39:48,793] {dag.py:1834} INFO - Sync 1 DAGs
[2021-09-21 01:39:48,809] {logging_mixin.py:109} INFO - [2021-09-21 01:39:48,809] {dag.py:2287} INFO - Setting next_dagrun for example_trigger_controller_dag to 2021-09-19 00:00:00+00:00
[2021-09-21 01:39:48,820] {processor.py:170} INFO - Processing /home/airflow/.local/lib/python3.6/site-packages/airflow/example_dags/example_trigger_controller_dag.py took 0.073 seconds
[2021-09-21 01:40:18,955] {processor.py:162} INFO - Started process (PID=2858) to work on /home/airflow/.local/lib/python3.6/site-packages/airflow/example_dags/example_trigger_controller_dag.py
[2021-09-21 01:40:18,957] {processor.py:613} INFO - Processing file /home/airflow/.local/lib/python3.6/site-packages/airflow/example_dags/example_trigger_controller_dag.py for tasks to queue
[2021-09-21 01:40:18,959] {logging_mixin.py:109} INFO - [2021-09-21 01:40:18,959] {dagbag.py:496} INFO - Filling up the DagBag from /home/airflow/.local/lib/python3.6/site-packages/airflow/example_dags/example_trigger_controller_dag.py
[2021-09-21 01:40:18,971] {processor.py:623} INFO - DAG(s) dict_keys(['example_trigger_controller_dag']) retrieved from /home/airflow/.local/lib/python3.6/site-packages/airflow/example_dags/example_trigger_controller_dag.py
[2021-09-21 01:40:18,996] {logging_mixin.py:109} INFO - [2021-09-21 01:40:18,996] {dag.py:1834} INFO - Sync 1 DAGs
[2021-09-21 01:40:19,011] {logging_mixin.py:109} INFO - [2021-09-21 01:40:19,011] {dag.py:2287} INFO - Setting next_dagrun for example_trigger_controller_dag to 2021-09-19 00:00:00+00:00
[2021-09-21 01:40:19,022] {processor.py:170} INFO - Processing /home/airflow/.local/lib/python3.6/site-packages/airflow/example_dags/example_trigger_controller_dag.py took 0.070 seconds
[2021-09-21 01:40:49,572] {processor.py:162} INFO - Started process (PID=2921) to work on /home/airflow/.local/lib/python3.6/site-packages/airflow/example_dags/example_trigger_controller_dag.py
[2021-09-21 01:40:49,574] {processor.py:613} INFO - Processing file /home/airflow/.local/lib/python3.6/site-packages/airflow/example_dags/example_trigger_controller_dag.py for tasks to queue
[2021-09-21 01:40:49,576] {logging_mixin.py:109} INFO - [2021-09-21 01:40:49,576] {dagbag.py:496} INFO - Filling up the DagBag from /home/airflow/.local/lib/python3.6/site-packages/airflow/example_dags/example_trigger_controller_dag.py
[2021-09-21 01:40:49,588] {processor.py:623} INFO - DAG(s) dict_keys(['example_trigger_controller_dag']) retrieved from /home/airflow/.local/lib/python3.6/site-packages/airflow/example_dags/example_trigger_controller_dag.py
[2021-09-21 01:40:49,617] {logging_mixin.py:109} INFO - [2021-09-21 01:40:49,617] {dag.py:1834} INFO - Sync 1 DAGs
[2021-09-21 01:40:49,633] {logging_mixin.py:109} INFO - [2021-09-21 01:40:49,633] {dag.py:2287} INFO - Setting next_dagrun for example_trigger_controller_dag to 2021-09-19 00:00:00+00:00
[2021-09-21 01:40:49,644] {processor.py:170} INFO - Processing /home/airflow/.local/lib/python3.6/site-packages/airflow/example_dags/example_trigger_controller_dag.py took 0.076 seconds
[2021-09-21 01:41:20,397] {processor.py:162} INFO - Started process (PID=2974) to work on /home/airflow/.local/lib/python3.6/site-packages/airflow/example_dags/example_trigger_controller_dag.py
[2021-09-21 01:41:20,398] {processor.py:613} INFO - Processing file /home/airflow/.local/lib/python3.6/site-packages/airflow/example_dags/example_trigger_controller_dag.py for tasks to queue
[2021-09-21 01:41:20,400] {logging_mixin.py:109} INFO - [2021-09-21 01:41:20,400] {dagbag.py:496} INFO - Filling up the DagBag from /home/airflow/.local/lib/python3.6/site-packages/airflow/example_dags/example_trigger_controller_dag.py
[2021-09-21 01:41:20,413] {processor.py:623} INFO - DAG(s) dict_keys(['example_trigger_controller_dag']) retrieved from /home/airflow/.local/lib/python3.6/site-packages/airflow/example_dags/example_trigger_controller_dag.py
[2021-09-21 01:41:20,437] {logging_mixin.py:109} INFO - [2021-09-21 01:41:20,437] {dag.py:1834} INFO - Sync 1 DAGs
[2021-09-21 01:41:20,452] {logging_mixin.py:109} INFO - [2021-09-21 01:41:20,452] {dag.py:2287} INFO - Setting next_dagrun for example_trigger_controller_dag to 2021-09-19 00:00:00+00:00
[2021-09-21 01:41:20,464] {processor.py:170} INFO - Processing /home/airflow/.local/lib/python3.6/site-packages/airflow/example_dags/example_trigger_controller_dag.py took 0.072 seconds
[2021-09-21 01:41:50,670] {processor.py:162} INFO - Started process (PID=3039) to work on /home/airflow/.local/lib/python3.6/site-packages/airflow/example_dags/example_trigger_controller_dag.py
[2021-09-21 01:41:50,672] {processor.py:613} INFO - Processing file /home/airflow/.local/lib/python3.6/site-packages/airflow/example_dags/example_trigger_controller_dag.py for tasks to queue
[2021-09-21 01:41:50,674] {logging_mixin.py:109} INFO - [2021-09-21 01:41:50,673] {dagbag.py:496} INFO - Filling up the DagBag from /home/airflow/.local/lib/python3.6/site-packages/airflow/example_dags/example_trigger_controller_dag.py
[2021-09-21 01:41:50,685] {processor.py:623} INFO - DAG(s) dict_keys(['example_trigger_controller_dag']) retrieved from /home/airflow/.local/lib/python3.6/site-packages/airflow/example_dags/example_trigger_controller_dag.py
[2021-09-21 01:41:50,713] {logging_mixin.py:109} INFO - [2021-09-21 01:41:50,712] {dag.py:1834} INFO - Sync 1 DAGs
[2021-09-21 01:41:50,732] {logging_mixin.py:109} INFO - [2021-09-21 01:41:50,732] {dag.py:2287} INFO - Setting next_dagrun for example_trigger_controller_dag to 2021-09-19 00:00:00+00:00
[2021-09-21 01:41:50,750] {processor.py:170} INFO - Processing /home/airflow/.local/lib/python3.6/site-packages/airflow/example_dags/example_trigger_controller_dag.py took 0.084 seconds
[2021-09-21 01:42:20,813] {processor.py:162} INFO - Started process (PID=3094) to work on /home/airflow/.local/lib/python3.6/site-packages/airflow/example_dags/example_trigger_controller_dag.py
[2021-09-21 01:42:20,815] {processor.py:613} INFO - Processing file /home/airflow/.local/lib/python3.6/site-packages/airflow/example_dags/example_trigger_controller_dag.py for tasks to queue
[2021-09-21 01:42:20,816] {logging_mixin.py:109} INFO - [2021-09-21 01:42:20,816] {dagbag.py:496} INFO - Filling up the DagBag from /home/airflow/.local/lib/python3.6/site-packages/airflow/example_dags/example_trigger_controller_dag.py
[2021-09-21 01:42:20,827] {processor.py:623} INFO - DAG(s) dict_keys(['example_trigger_controller_dag']) retrieved from /home/airflow/.local/lib/python3.6/site-packages/airflow/example_dags/example_trigger_controller_dag.py
[2021-09-21 01:42:20,850] {logging_mixin.py:109} INFO - [2021-09-21 01:42:20,850] {dag.py:1834} INFO - Sync 1 DAGs
[2021-09-21 01:42:20,866] {logging_mixin.py:109} INFO - [2021-09-21 01:42:20,865] {dag.py:2287} INFO - Setting next_dagrun for example_trigger_controller_dag to 2021-09-19 00:00:00+00:00
[2021-09-21 01:42:20,876] {processor.py:170} INFO - Processing /home/airflow/.local/lib/python3.6/site-packages/airflow/example_dags/example_trigger_controller_dag.py took 0.067 seconds
[2021-09-21 01:42:51,050] {processor.py:162} INFO - Started process (PID=3159) to work on /home/airflow/.local/lib/python3.6/site-packages/airflow/example_dags/example_trigger_controller_dag.py
[2021-09-21 01:42:51,052] {processor.py:613} INFO - Processing file /home/airflow/.local/lib/python3.6/site-packages/airflow/example_dags/example_trigger_controller_dag.py for tasks to queue
[2021-09-21 01:42:51,054] {logging_mixin.py:109} INFO - [2021-09-21 01:42:51,054] {dagbag.py:496} INFO - Filling up the DagBag from /home/airflow/.local/lib/python3.6/site-packages/airflow/example_dags/example_trigger_controller_dag.py
[2021-09-21 01:42:51,074] {processor.py:623} INFO - DAG(s) dict_keys(['example_trigger_controller_dag']) retrieved from /home/airflow/.local/lib/python3.6/site-packages/airflow/example_dags/example_trigger_controller_dag.py
[2021-09-21 01:42:51,101] {logging_mixin.py:109} INFO - [2021-09-21 01:42:51,101] {dag.py:1834} INFO - Sync 1 DAGs
[2021-09-21 01:42:51,116] {logging_mixin.py:109} INFO - [2021-09-21 01:42:51,116] {dag.py:2287} INFO - Setting next_dagrun for example_trigger_controller_dag to 2021-09-19 00:00:00+00:00
[2021-09-21 01:42:51,127] {processor.py:170} INFO - Processing /home/airflow/.local/lib/python3.6/site-packages/airflow/example_dags/example_trigger_controller_dag.py took 0.080 seconds
[2021-09-21 01:43:24,880] {processor.py:162} INFO - Started process (PID=3217) to work on /home/airflow/.local/lib/python3.6/site-packages/airflow/example_dags/example_trigger_controller_dag.py
[2021-09-21 01:43:24,885] {processor.py:613} INFO - Processing file /home/airflow/.local/lib/python3.6/site-packages/airflow/example_dags/example_trigger_controller_dag.py for tasks to queue
[2021-09-21 01:43:24,888] {logging_mixin.py:109} INFO - [2021-09-21 01:43:24,888] {dagbag.py:496} INFO - Filling up the DagBag from /home/airflow/.local/lib/python3.6/site-packages/airflow/example_dags/example_trigger_controller_dag.py
[2021-09-21 01:43:24,919] {processor.py:623} INFO - DAG(s) dict_keys(['example_trigger_controller_dag']) retrieved from /home/airflow/.local/lib/python3.6/site-packages/airflow/example_dags/example_trigger_controller_dag.py
[2021-09-21 01:43:24,964] {logging_mixin.py:109} INFO - [2021-09-21 01:43:24,964] {dag.py:1834} INFO - Sync 1 DAGs
[2021-09-21 01:43:24,992] {logging_mixin.py:109} INFO - [2021-09-21 01:43:24,992] {dag.py:2287} INFO - Setting next_dagrun for example_trigger_controller_dag to 2021-09-19 00:00:00+00:00
[2021-09-21 01:43:25,017] {processor.py:170} INFO - Processing /home/airflow/.local/lib/python3.6/site-packages/airflow/example_dags/example_trigger_controller_dag.py took 0.145 seconds
[2021-09-21 01:43:55,936] {processor.py:162} INFO - Started process (PID=3270) to work on /home/airflow/.local/lib/python3.6/site-packages/airflow/example_dags/example_trigger_controller_dag.py
[2021-09-21 01:43:55,939] {processor.py:613} INFO - Processing file /home/airflow/.local/lib/python3.6/site-packages/airflow/example_dags/example_trigger_controller_dag.py for tasks to queue
[2021-09-21 01:43:55,940] {logging_mixin.py:109} INFO - [2021-09-21 01:43:55,940] {dagbag.py:496} INFO - Filling up the DagBag from /home/airflow/.local/lib/python3.6/site-packages/airflow/example_dags/example_trigger_controller_dag.py
[2021-09-21 01:43:55,953] {processor.py:623} INFO - DAG(s) dict_keys(['example_trigger_controller_dag']) retrieved from /home/airflow/.local/lib/python3.6/site-packages/airflow/example_dags/example_trigger_controller_dag.py
[2021-09-21 01:43:55,980] {logging_mixin.py:109} INFO - [2021-09-21 01:43:55,979] {dag.py:1834} INFO - Sync 1 DAGs
[2021-09-21 01:43:55,996] {logging_mixin.py:109} INFO - [2021-09-21 01:43:55,996] {dag.py:2287} INFO - Setting next_dagrun for example_trigger_controller_dag to 2021-09-19 00:00:00+00:00
[2021-09-21 01:43:56,008] {processor.py:170} INFO - Processing /home/airflow/.local/lib/python3.6/site-packages/airflow/example_dags/example_trigger_controller_dag.py took 0.076 seconds
[2021-09-21 01:44:26,638] {processor.py:162} INFO - Started process (PID=3334) to work on /home/airflow/.local/lib/python3.6/site-packages/airflow/example_dags/example_trigger_controller_dag.py
[2021-09-21 01:44:26,640] {processor.py:613} INFO - Processing file /home/airflow/.local/lib/python3.6/site-packages/airflow/example_dags/example_trigger_controller_dag.py for tasks to queue
[2021-09-21 01:44:26,641] {logging_mixin.py:109} INFO - [2021-09-21 01:44:26,641] {dagbag.py:496} INFO - Filling up the DagBag from /home/airflow/.local/lib/python3.6/site-packages/airflow/example_dags/example_trigger_controller_dag.py
[2021-09-21 01:44:26,652] {processor.py:623} INFO - DAG(s) dict_keys(['example_trigger_controller_dag']) retrieved from /home/airflow/.local/lib/python3.6/site-packages/airflow/example_dags/example_trigger_controller_dag.py
[2021-09-21 01:44:26,676] {logging_mixin.py:109} INFO - [2021-09-21 01:44:26,676] {dag.py:1834} INFO - Sync 1 DAGs
[2021-09-21 01:44:26,690] {logging_mixin.py:109} INFO - [2021-09-21 01:44:26,690] {dag.py:2287} INFO - Setting next_dagrun for example_trigger_controller_dag to 2021-09-19 00:00:00+00:00
[2021-09-21 01:44:26,701] {processor.py:170} INFO - Processing /home/airflow/.local/lib/python3.6/site-packages/airflow/example_dags/example_trigger_controller_dag.py took 0.068 seconds
[2021-09-21 01:44:56,729] {processor.py:162} INFO - Started process (PID=3386) to work on /home/airflow/.local/lib/python3.6/site-packages/airflow/example_dags/example_trigger_controller_dag.py
[2021-09-21 01:44:56,731] {processor.py:613} INFO - Processing file /home/airflow/.local/lib/python3.6/site-packages/airflow/example_dags/example_trigger_controller_dag.py for tasks to queue
[2021-09-21 01:44:56,732] {logging_mixin.py:109} INFO - [2021-09-21 01:44:56,732] {dagbag.py:496} INFO - Filling up the DagBag from /home/airflow/.local/lib/python3.6/site-packages/airflow/example_dags/example_trigger_controller_dag.py
[2021-09-21 01:44:56,743] {processor.py:623} INFO - DAG(s) dict_keys(['example_trigger_controller_dag']) retrieved from /home/airflow/.local/lib/python3.6/site-packages/airflow/example_dags/example_trigger_controller_dag.py
[2021-09-21 01:44:56,765] {logging_mixin.py:109} INFO - [2021-09-21 01:44:56,765] {dag.py:1834} INFO - Sync 1 DAGs
[2021-09-21 01:44:56,778] {logging_mixin.py:109} INFO - [2021-09-21 01:44:56,778] {dag.py:2287} INFO - Setting next_dagrun for example_trigger_controller_dag to 2021-09-19 00:00:00+00:00
[2021-09-21 01:44:56,787] {processor.py:170} INFO - Processing /home/airflow/.local/lib/python3.6/site-packages/airflow/example_dags/example_trigger_controller_dag.py took 0.062 seconds
[2021-09-21 01:45:27,656] {processor.py:162} INFO - Started process (PID=3450) to work on /home/airflow/.local/lib/python3.6/site-packages/airflow/example_dags/example_trigger_controller_dag.py
[2021-09-21 01:45:27,658] {processor.py:613} INFO - Processing file /home/airflow/.local/lib/python3.6/site-packages/airflow/example_dags/example_trigger_controller_dag.py for tasks to queue
[2021-09-21 01:45:27,659] {logging_mixin.py:109} INFO - [2021-09-21 01:45:27,659] {dagbag.py:496} INFO - Filling up the DagBag from /home/airflow/.local/lib/python3.6/site-packages/airflow/example_dags/example_trigger_controller_dag.py
[2021-09-21 01:45:27,673] {processor.py:623} INFO - DAG(s) dict_keys(['example_trigger_controller_dag']) retrieved from /home/airflow/.local/lib/python3.6/site-packages/airflow/example_dags/example_trigger_controller_dag.py
[2021-09-21 01:45:27,700] {logging_mixin.py:109} INFO - [2021-09-21 01:45:27,700] {dag.py:1834} INFO - Sync 1 DAGs
[2021-09-21 01:45:27,715] {logging_mixin.py:109} INFO - [2021-09-21 01:45:27,715] {dag.py:2287} INFO - Setting next_dagrun for example_trigger_controller_dag to 2021-09-19 00:00:00+00:00
[2021-09-21 01:45:27,726] {processor.py:170} INFO - Processing /home/airflow/.local/lib/python3.6/site-packages/airflow/example_dags/example_trigger_controller_dag.py took 0.074 seconds
[2021-09-21 01:45:58,426] {processor.py:162} INFO - Started process (PID=3513) to work on /home/airflow/.local/lib/python3.6/site-packages/airflow/example_dags/example_trigger_controller_dag.py
[2021-09-21 01:45:58,428] {processor.py:613} INFO - Processing file /home/airflow/.local/lib/python3.6/site-packages/airflow/example_dags/example_trigger_controller_dag.py for tasks to queue
[2021-09-21 01:45:58,430] {logging_mixin.py:109} INFO - [2021-09-21 01:45:58,429] {dagbag.py:496} INFO - Filling up the DagBag from /home/airflow/.local/lib/python3.6/site-packages/airflow/example_dags/example_trigger_controller_dag.py
[2021-09-21 01:45:58,441] {processor.py:623} INFO - DAG(s) dict_keys(['example_trigger_controller_dag']) retrieved from /home/airflow/.local/lib/python3.6/site-packages/airflow/example_dags/example_trigger_controller_dag.py
[2021-09-21 01:45:58,465] {logging_mixin.py:109} INFO - [2021-09-21 01:45:58,465] {dag.py:1834} INFO - Sync 1 DAGs
[2021-09-21 01:45:58,480] {logging_mixin.py:109} INFO - [2021-09-21 01:45:58,480] {dag.py:2287} INFO - Setting next_dagrun for example_trigger_controller_dag to 2021-09-19 00:00:00+00:00
[2021-09-21 01:45:58,492] {processor.py:170} INFO - Processing /home/airflow/.local/lib/python3.6/site-packages/airflow/example_dags/example_trigger_controller_dag.py took 0.070 seconds
[2021-09-21 01:46:29,691] {processor.py:162} INFO - Started process (PID=3575) to work on /home/airflow/.local/lib/python3.6/site-packages/airflow/example_dags/example_trigger_controller_dag.py
[2021-09-21 01:46:29,694] {processor.py:613} INFO - Processing file /home/airflow/.local/lib/python3.6/site-packages/airflow/example_dags/example_trigger_controller_dag.py for tasks to queue
[2021-09-21 01:46:29,696] {logging_mixin.py:109} INFO - [2021-09-21 01:46:29,696] {dagbag.py:496} INFO - Filling up the DagBag from /home/airflow/.local/lib/python3.6/site-packages/airflow/example_dags/example_trigger_controller_dag.py
[2021-09-21 01:46:29,712] {processor.py:623} INFO - DAG(s) dict_keys(['example_trigger_controller_dag']) retrieved from /home/airflow/.local/lib/python3.6/site-packages/airflow/example_dags/example_trigger_controller_dag.py
[2021-09-21 01:46:29,744] {logging_mixin.py:109} INFO - [2021-09-21 01:46:29,744] {dag.py:1834} INFO - Sync 1 DAGs
[2021-09-21 01:46:29,763] {logging_mixin.py:109} INFO - [2021-09-21 01:46:29,762] {dag.py:2287} INFO - Setting next_dagrun for example_trigger_controller_dag to 2021-09-19 00:00:00+00:00
[2021-09-21 01:46:29,776] {processor.py:170} INFO - Processing /home/airflow/.local/lib/python3.6/site-packages/airflow/example_dags/example_trigger_controller_dag.py took 0.089 seconds
[2021-09-21 01:47:00,784] {processor.py:162} INFO - Started process (PID=3631) to work on /home/airflow/.local/lib/python3.6/site-packages/airflow/example_dags/example_trigger_controller_dag.py
[2021-09-21 01:47:00,790] {processor.py:613} INFO - Processing file /home/airflow/.local/lib/python3.6/site-packages/airflow/example_dags/example_trigger_controller_dag.py for tasks to queue
[2021-09-21 01:47:00,792] {logging_mixin.py:109} INFO - [2021-09-21 01:47:00,792] {dagbag.py:496} INFO - Filling up the DagBag from /home/airflow/.local/lib/python3.6/site-packages/airflow/example_dags/example_trigger_controller_dag.py
[2021-09-21 01:47:00,822] {processor.py:623} INFO - DAG(s) dict_keys(['example_trigger_controller_dag']) retrieved from /home/airflow/.local/lib/python3.6/site-packages/airflow/example_dags/example_trigger_controller_dag.py
[2021-09-21 01:47:00,898] {logging_mixin.py:109} INFO - [2021-09-21 01:47:00,898] {dag.py:1834} INFO - Sync 1 DAGs
[2021-09-21 01:47:00,931] {logging_mixin.py:109} INFO - [2021-09-21 01:47:00,931] {dag.py:2287} INFO - Setting next_dagrun for example_trigger_controller_dag to 2021-09-19 00:00:00+00:00
[2021-09-21 01:47:00,956] {processor.py:170} INFO - Processing /home/airflow/.local/lib/python3.6/site-packages/airflow/example_dags/example_trigger_controller_dag.py took 0.181 seconds
[2021-09-21 01:47:31,044] {processor.py:162} INFO - Started process (PID=3694) to work on /home/airflow/.local/lib/python3.6/site-packages/airflow/example_dags/example_trigger_controller_dag.py
[2021-09-21 01:47:31,047] {processor.py:613} INFO - Processing file /home/airflow/.local/lib/python3.6/site-packages/airflow/example_dags/example_trigger_controller_dag.py for tasks to queue
[2021-09-21 01:47:31,049] {logging_mixin.py:109} INFO - [2021-09-21 01:47:31,049] {dagbag.py:496} INFO - Filling up the DagBag from /home/airflow/.local/lib/python3.6/site-packages/airflow/example_dags/example_trigger_controller_dag.py
[2021-09-21 01:47:31,067] {processor.py:623} INFO - DAG(s) dict_keys(['example_trigger_controller_dag']) retrieved from /home/airflow/.local/lib/python3.6/site-packages/airflow/example_dags/example_trigger_controller_dag.py
[2021-09-21 01:47:31,101] {logging_mixin.py:109} INFO - [2021-09-21 01:47:31,101] {dag.py:1834} INFO - Sync 1 DAGs
[2021-09-21 01:47:31,124] {logging_mixin.py:109} INFO - [2021-09-21 01:47:31,124] {dag.py:2287} INFO - Setting next_dagrun for example_trigger_controller_dag to 2021-09-19 00:00:00+00:00
[2021-09-21 01:47:31,139] {processor.py:170} INFO - Processing /home/airflow/.local/lib/python3.6/site-packages/airflow/example_dags/example_trigger_controller_dag.py took 0.101 seconds
[2021-09-21 01:48:01,169] {processor.py:162} INFO - Started process (PID=3749) to work on /home/airflow/.local/lib/python3.6/site-packages/airflow/example_dags/example_trigger_controller_dag.py
[2021-09-21 01:48:01,171] {processor.py:613} INFO - Processing file /home/airflow/.local/lib/python3.6/site-packages/airflow/example_dags/example_trigger_controller_dag.py for tasks to queue
[2021-09-21 01:48:01,172] {logging_mixin.py:109} INFO - [2021-09-21 01:48:01,172] {dagbag.py:496} INFO - Filling up the DagBag from /home/airflow/.local/lib/python3.6/site-packages/airflow/example_dags/example_trigger_controller_dag.py
[2021-09-21 01:48:01,185] {processor.py:623} INFO - DAG(s) dict_keys(['example_trigger_controller_dag']) retrieved from /home/airflow/.local/lib/python3.6/site-packages/airflow/example_dags/example_trigger_controller_dag.py
[2021-09-21 01:48:01,210] {logging_mixin.py:109} INFO - [2021-09-21 01:48:01,210] {dag.py:1834} INFO - Sync 1 DAGs
[2021-09-21 01:48:01,227] {logging_mixin.py:109} INFO - [2021-09-21 01:48:01,226] {dag.py:2287} INFO - Setting next_dagrun for example_trigger_controller_dag to 2021-09-19 00:00:00+00:00
[2021-09-21 01:48:01,238] {processor.py:170} INFO - Processing /home/airflow/.local/lib/python3.6/site-packages/airflow/example_dags/example_trigger_controller_dag.py took 0.073 seconds
[2021-09-21 01:48:31,576] {processor.py:162} INFO - Started process (PID=3814) to work on /home/airflow/.local/lib/python3.6/site-packages/airflow/example_dags/example_trigger_controller_dag.py
[2021-09-21 01:48:31,578] {processor.py:613} INFO - Processing file /home/airflow/.local/lib/python3.6/site-packages/airflow/example_dags/example_trigger_controller_dag.py for tasks to queue
[2021-09-21 01:48:31,580] {logging_mixin.py:109} INFO - [2021-09-21 01:48:31,579] {dagbag.py:496} INFO - Filling up the DagBag from /home/airflow/.local/lib/python3.6/site-packages/airflow/example_dags/example_trigger_controller_dag.py
[2021-09-21 01:48:31,591] {processor.py:623} INFO - DAG(s) dict_keys(['example_trigger_controller_dag']) retrieved from /home/airflow/.local/lib/python3.6/site-packages/airflow/example_dags/example_trigger_controller_dag.py
[2021-09-21 01:48:31,616] {logging_mixin.py:109} INFO - [2021-09-21 01:48:31,616] {dag.py:1834} INFO - Sync 1 DAGs
[2021-09-21 01:48:31,631] {logging_mixin.py:109} INFO - [2021-09-21 01:48:31,631] {dag.py:2287} INFO - Setting next_dagrun for example_trigger_controller_dag to 2021-09-19 00:00:00+00:00
[2021-09-21 01:48:31,642] {processor.py:170} INFO - Processing /home/airflow/.local/lib/python3.6/site-packages/airflow/example_dags/example_trigger_controller_dag.py took 0.069 seconds
[2021-09-21 01:49:01,773] {processor.py:162} INFO - Started process (PID=3866) to work on /home/airflow/.local/lib/python3.6/site-packages/airflow/example_dags/example_trigger_controller_dag.py
[2021-09-21 01:49:01,776] {processor.py:613} INFO - Processing file /home/airflow/.local/lib/python3.6/site-packages/airflow/example_dags/example_trigger_controller_dag.py for tasks to queue
[2021-09-21 01:49:01,777] {logging_mixin.py:109} INFO - [2021-09-21 01:49:01,777] {dagbag.py:496} INFO - Filling up the DagBag from /home/airflow/.local/lib/python3.6/site-packages/airflow/example_dags/example_trigger_controller_dag.py
[2021-09-21 01:49:01,789] {processor.py:623} INFO - DAG(s) dict_keys(['example_trigger_controller_dag']) retrieved from /home/airflow/.local/lib/python3.6/site-packages/airflow/example_dags/example_trigger_controller_dag.py
[2021-09-21 01:49:01,812] {logging_mixin.py:109} INFO - [2021-09-21 01:49:01,812] {dag.py:1834} INFO - Sync 1 DAGs
[2021-09-21 01:49:01,827] {logging_mixin.py:109} INFO - [2021-09-21 01:49:01,826] {dag.py:2287} INFO - Setting next_dagrun for example_trigger_controller_dag to 2021-09-19 00:00:00+00:00
[2021-09-21 01:49:01,838] {processor.py:170} INFO - Processing /home/airflow/.local/lib/python3.6/site-packages/airflow/example_dags/example_trigger_controller_dag.py took 0.068 seconds
[2021-09-21 01:49:32,236] {processor.py:162} INFO - Started process (PID=3929) to work on /home/airflow/.local/lib/python3.6/site-packages/airflow/example_dags/example_trigger_controller_dag.py
[2021-09-21 01:49:32,238] {processor.py:613} INFO - Processing file /home/airflow/.local/lib/python3.6/site-packages/airflow/example_dags/example_trigger_controller_dag.py for tasks to queue
[2021-09-21 01:49:32,239] {logging_mixin.py:109} INFO - [2021-09-21 01:49:32,239] {dagbag.py:496} INFO - Filling up the DagBag from /home/airflow/.local/lib/python3.6/site-packages/airflow/example_dags/example_trigger_controller_dag.py
[2021-09-21 01:49:32,250] {processor.py:623} INFO - DAG(s) dict_keys(['example_trigger_controller_dag']) retrieved from /home/airflow/.local/lib/python3.6/site-packages/airflow/example_dags/example_trigger_controller_dag.py
[2021-09-21 01:49:32,272] {logging_mixin.py:109} INFO - [2021-09-21 01:49:32,272] {dag.py:1834} INFO - Sync 1 DAGs
[2021-09-21 01:49:32,285] {logging_mixin.py:109} INFO - [2021-09-21 01:49:32,285] {dag.py:2287} INFO - Setting next_dagrun for example_trigger_controller_dag to 2021-09-19 00:00:00+00:00
[2021-09-21 01:49:32,295] {processor.py:170} INFO - Processing /home/airflow/.local/lib/python3.6/site-packages/airflow/example_dags/example_trigger_controller_dag.py took 0.062 seconds
[2021-09-21 01:50:02,479] {processor.py:162} INFO - Started process (PID=3992) to work on /home/airflow/.local/lib/python3.6/site-packages/airflow/example_dags/example_trigger_controller_dag.py
[2021-09-21 01:50:02,481] {processor.py:613} INFO - Processing file /home/airflow/.local/lib/python3.6/site-packages/airflow/example_dags/example_trigger_controller_dag.py for tasks to queue
[2021-09-21 01:50:02,483] {logging_mixin.py:109} INFO - [2021-09-21 01:50:02,482] {dagbag.py:496} INFO - Filling up the DagBag from /home/airflow/.local/lib/python3.6/site-packages/airflow/example_dags/example_trigger_controller_dag.py
[2021-09-21 01:50:02,495] {processor.py:623} INFO - DAG(s) dict_keys(['example_trigger_controller_dag']) retrieved from /home/airflow/.local/lib/python3.6/site-packages/airflow/example_dags/example_trigger_controller_dag.py
[2021-09-21 01:50:02,520] {logging_mixin.py:109} INFO - [2021-09-21 01:50:02,520] {dag.py:1834} INFO - Sync 1 DAGs
[2021-09-21 01:50:02,534] {logging_mixin.py:109} INFO - [2021-09-21 01:50:02,534] {dag.py:2287} INFO - Setting next_dagrun for example_trigger_controller_dag to 2021-09-19 00:00:00+00:00
[2021-09-21 01:50:02,546] {processor.py:170} INFO - Processing /home/airflow/.local/lib/python3.6/site-packages/airflow/example_dags/example_trigger_controller_dag.py took 0.070 seconds
[2021-09-21 01:50:33,354] {processor.py:162} INFO - Started process (PID=4044) to work on /home/airflow/.local/lib/python3.6/site-packages/airflow/example_dags/example_trigger_controller_dag.py
[2021-09-21 01:50:33,356] {processor.py:613} INFO - Processing file /home/airflow/.local/lib/python3.6/site-packages/airflow/example_dags/example_trigger_controller_dag.py for tasks to queue
[2021-09-21 01:50:33,357] {logging_mixin.py:109} INFO - [2021-09-21 01:50:33,357] {dagbag.py:496} INFO - Filling up the DagBag from /home/airflow/.local/lib/python3.6/site-packages/airflow/example_dags/example_trigger_controller_dag.py
[2021-09-21 01:50:33,372] {processor.py:623} INFO - DAG(s) dict_keys(['example_trigger_controller_dag']) retrieved from /home/airflow/.local/lib/python3.6/site-packages/airflow/example_dags/example_trigger_controller_dag.py
[2021-09-21 01:50:33,396] {logging_mixin.py:109} INFO - [2021-09-21 01:50:33,396] {dag.py:1834} INFO - Sync 1 DAGs
[2021-09-21 01:50:33,412] {logging_mixin.py:109} INFO - [2021-09-21 01:50:33,412] {dag.py:2287} INFO - Setting next_dagrun for example_trigger_controller_dag to 2021-09-19 00:00:00+00:00
[2021-09-21 01:50:33,424] {processor.py:170} INFO - Processing /home/airflow/.local/lib/python3.6/site-packages/airflow/example_dags/example_trigger_controller_dag.py took 0.075 seconds
[2021-09-21 01:51:03,680] {processor.py:162} INFO - Started process (PID=4108) to work on /home/airflow/.local/lib/python3.6/site-packages/airflow/example_dags/example_trigger_controller_dag.py
[2021-09-21 01:51:03,684] {processor.py:613} INFO - Processing file /home/airflow/.local/lib/python3.6/site-packages/airflow/example_dags/example_trigger_controller_dag.py for tasks to queue
[2021-09-21 01:51:03,686] {logging_mixin.py:109} INFO - [2021-09-21 01:51:03,686] {dagbag.py:496} INFO - Filling up the DagBag from /home/airflow/.local/lib/python3.6/site-packages/airflow/example_dags/example_trigger_controller_dag.py
[2021-09-21 01:51:03,708] {processor.py:623} INFO - DAG(s) dict_keys(['example_trigger_controller_dag']) retrieved from /home/airflow/.local/lib/python3.6/site-packages/airflow/example_dags/example_trigger_controller_dag.py
[2021-09-21 01:51:03,749] {logging_mixin.py:109} INFO - [2021-09-21 01:51:03,748] {dag.py:1834} INFO - Sync 1 DAGs
[2021-09-21 01:51:03,773] {logging_mixin.py:109} INFO - [2021-09-21 01:51:03,773] {dag.py:2287} INFO - Setting next_dagrun for example_trigger_controller_dag to 2021-09-19 00:00:00+00:00
[2021-09-21 01:51:03,790] {processor.py:170} INFO - Processing /home/airflow/.local/lib/python3.6/site-packages/airflow/example_dags/example_trigger_controller_dag.py took 0.117 seconds
[2021-09-21 01:51:33,970] {processor.py:162} INFO - Started process (PID=4161) to work on /home/airflow/.local/lib/python3.6/site-packages/airflow/example_dags/example_trigger_controller_dag.py
[2021-09-21 01:51:33,972] {processor.py:613} INFO - Processing file /home/airflow/.local/lib/python3.6/site-packages/airflow/example_dags/example_trigger_controller_dag.py for tasks to queue
[2021-09-21 01:51:33,973] {logging_mixin.py:109} INFO - [2021-09-21 01:51:33,973] {dagbag.py:496} INFO - Filling up the DagBag from /home/airflow/.local/lib/python3.6/site-packages/airflow/example_dags/example_trigger_controller_dag.py
[2021-09-21 01:51:33,987] {processor.py:623} INFO - DAG(s) dict_keys(['example_trigger_controller_dag']) retrieved from /home/airflow/.local/lib/python3.6/site-packages/airflow/example_dags/example_trigger_controller_dag.py
[2021-09-21 01:51:34,012] {logging_mixin.py:109} INFO - [2021-09-21 01:51:34,012] {dag.py:1834} INFO - Sync 1 DAGs
[2021-09-21 01:51:34,029] {logging_mixin.py:109} INFO - [2021-09-21 01:51:34,028] {dag.py:2287} INFO - Setting next_dagrun for example_trigger_controller_dag to 2021-09-19 00:00:00+00:00
[2021-09-21 01:51:34,041] {processor.py:170} INFO - Processing /home/airflow/.local/lib/python3.6/site-packages/airflow/example_dags/example_trigger_controller_dag.py took 0.074 seconds
[2021-09-21 01:52:05,183] {processor.py:162} INFO - Started process (PID=4223) to work on /home/airflow/.local/lib/python3.6/site-packages/airflow/example_dags/example_trigger_controller_dag.py
[2021-09-21 01:52:05,186] {processor.py:613} INFO - Processing file /home/airflow/.local/lib/python3.6/site-packages/airflow/example_dags/example_trigger_controller_dag.py for tasks to queue
[2021-09-21 01:52:05,188] {logging_mixin.py:109} INFO - [2021-09-21 01:52:05,188] {dagbag.py:496} INFO - Filling up the DagBag from /home/airflow/.local/lib/python3.6/site-packages/airflow/example_dags/example_trigger_controller_dag.py
[2021-09-21 01:52:05,205] {processor.py:623} INFO - DAG(s) dict_keys(['example_trigger_controller_dag']) retrieved from /home/airflow/.local/lib/python3.6/site-packages/airflow/example_dags/example_trigger_controller_dag.py
[2021-09-21 01:52:05,239] {logging_mixin.py:109} INFO - [2021-09-21 01:52:05,238] {dag.py:1834} INFO - Sync 1 DAGs
[2021-09-21 01:52:05,258] {logging_mixin.py:109} INFO - [2021-09-21 01:52:05,258] {dag.py:2287} INFO - Setting next_dagrun for example_trigger_controller_dag to 2021-09-19 00:00:00+00:00
[2021-09-21 01:52:05,273] {processor.py:170} INFO - Processing /home/airflow/.local/lib/python3.6/site-packages/airflow/example_dags/example_trigger_controller_dag.py took 0.095 seconds
[2021-09-21 01:52:35,602] {processor.py:162} INFO - Started process (PID=4279) to work on /home/airflow/.local/lib/python3.6/site-packages/airflow/example_dags/example_trigger_controller_dag.py
[2021-09-21 01:52:35,604] {processor.py:613} INFO - Processing file /home/airflow/.local/lib/python3.6/site-packages/airflow/example_dags/example_trigger_controller_dag.py for tasks to queue
[2021-09-21 01:52:35,606] {logging_mixin.py:109} INFO - [2021-09-21 01:52:35,606] {dagbag.py:496} INFO - Filling up the DagBag from /home/airflow/.local/lib/python3.6/site-packages/airflow/example_dags/example_trigger_controller_dag.py
[2021-09-21 01:52:35,624] {processor.py:623} INFO - DAG(s) dict_keys(['example_trigger_controller_dag']) retrieved from /home/airflow/.local/lib/python3.6/site-packages/airflow/example_dags/example_trigger_controller_dag.py
[2021-09-21 01:52:35,656] {logging_mixin.py:109} INFO - [2021-09-21 01:52:35,656] {dag.py:1834} INFO - Sync 1 DAGs
[2021-09-21 01:52:35,675] {logging_mixin.py:109} INFO - [2021-09-21 01:52:35,675] {dag.py:2287} INFO - Setting next_dagrun for example_trigger_controller_dag to 2021-09-19 00:00:00+00:00
[2021-09-21 01:52:35,690] {processor.py:170} INFO - Processing /home/airflow/.local/lib/python3.6/site-packages/airflow/example_dags/example_trigger_controller_dag.py took 0.092 seconds
