[2021-09-21 01:17:08,992] {processor.py:162} INFO - Started process (PID=87) to work on /home/airflow/.local/lib/python3.6/site-packages/airflow/example_dags/example_branch_labels.py
[2021-09-21 01:17:08,995] {processor.py:613} INFO - Processing file /home/airflow/.local/lib/python3.6/site-packages/airflow/example_dags/example_branch_labels.py for tasks to queue
[2021-09-21 01:17:08,997] {logging_mixin.py:109} INFO - [2021-09-21 01:17:08,997] {dagbag.py:496} INFO - Filling up the DagBag from /home/airflow/.local/lib/python3.6/site-packages/airflow/example_dags/example_branch_labels.py
[2021-09-21 01:17:09,029] {processor.py:623} INFO - DAG(s) dict_keys(['example_branch_labels']) retrieved from /home/airflow/.local/lib/python3.6/site-packages/airflow/example_dags/example_branch_labels.py
[2021-09-21 01:17:11,421] {logging_mixin.py:109} INFO - [2021-09-21 01:17:11,419] {dag.py:1834} INFO - Sync 1 DAGs
[2021-09-21 01:17:11,435] {logging_mixin.py:109} INFO - [2021-09-21 01:17:11,433] {dag.py:1853} INFO - Creating ORM DAG for example_branch_labels
[2021-09-21 01:17:11,443] {logging_mixin.py:109} INFO - [2021-09-21 01:17:11,442] {dag.py:2287} INFO - Setting next_dagrun for example_branch_labels to 2021-09-19 00:00:00+00:00
[2021-09-21 01:17:11,454] {processor.py:170} INFO - Processing /home/airflow/.local/lib/python3.6/site-packages/airflow/example_dags/example_branch_labels.py took 2.468 seconds
[2021-09-21 01:17:41,749] {processor.py:162} INFO - Started process (PID=303) to work on /home/airflow/.local/lib/python3.6/site-packages/airflow/example_dags/example_branch_labels.py
[2021-09-21 01:17:41,751] {processor.py:613} INFO - Processing file /home/airflow/.local/lib/python3.6/site-packages/airflow/example_dags/example_branch_labels.py for tasks to queue
[2021-09-21 01:17:41,753] {logging_mixin.py:109} INFO - [2021-09-21 01:17:41,753] {dagbag.py:496} INFO - Filling up the DagBag from /home/airflow/.local/lib/python3.6/site-packages/airflow/example_dags/example_branch_labels.py
[2021-09-21 01:17:41,774] {processor.py:623} INFO - DAG(s) dict_keys(['example_branch_labels']) retrieved from /home/airflow/.local/lib/python3.6/site-packages/airflow/example_dags/example_branch_labels.py
[2021-09-21 01:17:41,813] {logging_mixin.py:109} INFO - [2021-09-21 01:17:41,813] {dag.py:1834} INFO - Sync 1 DAGs
[2021-09-21 01:17:41,843] {logging_mixin.py:109} INFO - [2021-09-21 01:17:41,843] {dag.py:2287} INFO - Setting next_dagrun for example_branch_labels to 2021-09-19 00:00:00+00:00
[2021-09-21 01:17:41,865] {processor.py:170} INFO - Processing /home/airflow/.local/lib/python3.6/site-packages/airflow/example_dags/example_branch_labels.py took 0.120 seconds
[2021-09-21 01:18:12,506] {processor.py:162} INFO - Started process (PID=357) to work on /home/airflow/.local/lib/python3.6/site-packages/airflow/example_dags/example_branch_labels.py
[2021-09-21 01:18:12,508] {processor.py:613} INFO - Processing file /home/airflow/.local/lib/python3.6/site-packages/airflow/example_dags/example_branch_labels.py for tasks to queue
[2021-09-21 01:18:12,509] {logging_mixin.py:109} INFO - [2021-09-21 01:18:12,509] {dagbag.py:496} INFO - Filling up the DagBag from /home/airflow/.local/lib/python3.6/site-packages/airflow/example_dags/example_branch_labels.py
[2021-09-21 01:18:12,524] {processor.py:623} INFO - DAG(s) dict_keys(['example_branch_labels']) retrieved from /home/airflow/.local/lib/python3.6/site-packages/airflow/example_dags/example_branch_labels.py
[2021-09-21 01:18:12,551] {logging_mixin.py:109} INFO - [2021-09-21 01:18:12,551] {dag.py:1834} INFO - Sync 1 DAGs
[2021-09-21 01:18:12,572] {logging_mixin.py:109} INFO - [2021-09-21 01:18:12,572] {dag.py:2287} INFO - Setting next_dagrun for example_branch_labels to 2021-09-19 00:00:00+00:00
[2021-09-21 01:18:12,583] {processor.py:170} INFO - Processing /home/airflow/.local/lib/python3.6/site-packages/airflow/example_dags/example_branch_labels.py took 0.081 seconds
[2021-09-21 01:18:42,628] {processor.py:162} INFO - Started process (PID=422) to work on /home/airflow/.local/lib/python3.6/site-packages/airflow/example_dags/example_branch_labels.py
[2021-09-21 01:18:42,630] {processor.py:613} INFO - Processing file /home/airflow/.local/lib/python3.6/site-packages/airflow/example_dags/example_branch_labels.py for tasks to queue
[2021-09-21 01:18:42,631] {logging_mixin.py:109} INFO - [2021-09-21 01:18:42,631] {dagbag.py:496} INFO - Filling up the DagBag from /home/airflow/.local/lib/python3.6/site-packages/airflow/example_dags/example_branch_labels.py
[2021-09-21 01:18:42,644] {processor.py:623} INFO - DAG(s) dict_keys(['example_branch_labels']) retrieved from /home/airflow/.local/lib/python3.6/site-packages/airflow/example_dags/example_branch_labels.py
[2021-09-21 01:18:42,666] {logging_mixin.py:109} INFO - [2021-09-21 01:18:42,665] {dag.py:1834} INFO - Sync 1 DAGs
[2021-09-21 01:18:42,683] {logging_mixin.py:109} INFO - [2021-09-21 01:18:42,683] {dag.py:2287} INFO - Setting next_dagrun for example_branch_labels to 2021-09-19 00:00:00+00:00
[2021-09-21 01:18:42,693] {processor.py:170} INFO - Processing /home/airflow/.local/lib/python3.6/site-packages/airflow/example_dags/example_branch_labels.py took 0.068 seconds
[2021-09-21 01:19:12,801] {processor.py:162} INFO - Started process (PID=474) to work on /home/airflow/.local/lib/python3.6/site-packages/airflow/example_dags/example_branch_labels.py
[2021-09-21 01:19:12,804] {processor.py:613} INFO - Processing file /home/airflow/.local/lib/python3.6/site-packages/airflow/example_dags/example_branch_labels.py for tasks to queue
[2021-09-21 01:19:12,811] {logging_mixin.py:109} INFO - [2021-09-21 01:19:12,809] {dagbag.py:496} INFO - Filling up the DagBag from /home/airflow/.local/lib/python3.6/site-packages/airflow/example_dags/example_branch_labels.py
[2021-09-21 01:19:12,826] {processor.py:623} INFO - DAG(s) dict_keys(['example_branch_labels']) retrieved from /home/airflow/.local/lib/python3.6/site-packages/airflow/example_dags/example_branch_labels.py
[2021-09-21 01:19:12,854] {logging_mixin.py:109} INFO - [2021-09-21 01:19:12,854] {dag.py:1834} INFO - Sync 1 DAGs
[2021-09-21 01:19:12,874] {logging_mixin.py:109} INFO - [2021-09-21 01:19:12,874] {dag.py:2287} INFO - Setting next_dagrun for example_branch_labels to 2021-09-19 00:00:00+00:00
[2021-09-21 01:19:12,884] {processor.py:170} INFO - Processing /home/airflow/.local/lib/python3.6/site-packages/airflow/example_dags/example_branch_labels.py took 0.089 seconds
[2021-09-21 01:19:42,950] {processor.py:162} INFO - Started process (PID=538) to work on /home/airflow/.local/lib/python3.6/site-packages/airflow/example_dags/example_branch_labels.py
[2021-09-21 01:19:42,952] {processor.py:613} INFO - Processing file /home/airflow/.local/lib/python3.6/site-packages/airflow/example_dags/example_branch_labels.py for tasks to queue
[2021-09-21 01:19:42,953] {logging_mixin.py:109} INFO - [2021-09-21 01:19:42,953] {dagbag.py:496} INFO - Filling up the DagBag from /home/airflow/.local/lib/python3.6/site-packages/airflow/example_dags/example_branch_labels.py
[2021-09-21 01:19:42,965] {processor.py:623} INFO - DAG(s) dict_keys(['example_branch_labels']) retrieved from /home/airflow/.local/lib/python3.6/site-packages/airflow/example_dags/example_branch_labels.py
[2021-09-21 01:19:42,990] {logging_mixin.py:109} INFO - [2021-09-21 01:19:42,990] {dag.py:1834} INFO - Sync 1 DAGs
[2021-09-21 01:19:43,012] {logging_mixin.py:109} INFO - [2021-09-21 01:19:43,012] {dag.py:2287} INFO - Setting next_dagrun for example_branch_labels to 2021-09-19 00:00:00+00:00
[2021-09-21 01:19:43,028] {processor.py:170} INFO - Processing /home/airflow/.local/lib/python3.6/site-packages/airflow/example_dags/example_branch_labels.py took 0.082 seconds
[2021-09-21 01:20:13,245] {processor.py:162} INFO - Started process (PID=602) to work on /home/airflow/.local/lib/python3.6/site-packages/airflow/example_dags/example_branch_labels.py
[2021-09-21 01:20:13,248] {processor.py:613} INFO - Processing file /home/airflow/.local/lib/python3.6/site-packages/airflow/example_dags/example_branch_labels.py for tasks to queue
[2021-09-21 01:20:13,251] {logging_mixin.py:109} INFO - [2021-09-21 01:20:13,251] {dagbag.py:496} INFO - Filling up the DagBag from /home/airflow/.local/lib/python3.6/site-packages/airflow/example_dags/example_branch_labels.py
[2021-09-21 01:20:13,270] {processor.py:623} INFO - DAG(s) dict_keys(['example_branch_labels']) retrieved from /home/airflow/.local/lib/python3.6/site-packages/airflow/example_dags/example_branch_labels.py
[2021-09-21 01:20:13,312] {logging_mixin.py:109} INFO - [2021-09-21 01:20:13,312] {dag.py:1834} INFO - Sync 1 DAGs
[2021-09-21 01:20:13,351] {logging_mixin.py:109} INFO - [2021-09-21 01:20:13,350] {dag.py:2287} INFO - Setting next_dagrun for example_branch_labels to 2021-09-19 00:00:00+00:00
[2021-09-21 01:20:13,369] {processor.py:170} INFO - Processing /home/airflow/.local/lib/python3.6/site-packages/airflow/example_dags/example_branch_labels.py took 0.129 seconds
[2021-09-21 01:20:43,751] {processor.py:162} INFO - Started process (PID=656) to work on /home/airflow/.local/lib/python3.6/site-packages/airflow/example_dags/example_branch_labels.py
[2021-09-21 01:20:43,753] {processor.py:613} INFO - Processing file /home/airflow/.local/lib/python3.6/site-packages/airflow/example_dags/example_branch_labels.py for tasks to queue
[2021-09-21 01:20:43,754] {logging_mixin.py:109} INFO - [2021-09-21 01:20:43,754] {dagbag.py:496} INFO - Filling up the DagBag from /home/airflow/.local/lib/python3.6/site-packages/airflow/example_dags/example_branch_labels.py
[2021-09-21 01:20:43,766] {processor.py:623} INFO - DAG(s) dict_keys(['example_branch_labels']) retrieved from /home/airflow/.local/lib/python3.6/site-packages/airflow/example_dags/example_branch_labels.py
[2021-09-21 01:20:43,790] {logging_mixin.py:109} INFO - [2021-09-21 01:20:43,790] {dag.py:1834} INFO - Sync 1 DAGs
[2021-09-21 01:20:43,806] {logging_mixin.py:109} INFO - [2021-09-21 01:20:43,806] {dag.py:2287} INFO - Setting next_dagrun for example_branch_labels to 2021-09-19 00:00:00+00:00
[2021-09-21 01:20:43,815] {processor.py:170} INFO - Processing /home/airflow/.local/lib/python3.6/site-packages/airflow/example_dags/example_branch_labels.py took 0.067 seconds
[2021-09-21 01:21:14,681] {processor.py:162} INFO - Started process (PID=721) to work on /home/airflow/.local/lib/python3.6/site-packages/airflow/example_dags/example_branch_labels.py
[2021-09-21 01:21:14,685] {processor.py:613} INFO - Processing file /home/airflow/.local/lib/python3.6/site-packages/airflow/example_dags/example_branch_labels.py for tasks to queue
[2021-09-21 01:21:14,688] {logging_mixin.py:109} INFO - [2021-09-21 01:21:14,687] {dagbag.py:496} INFO - Filling up the DagBag from /home/airflow/.local/lib/python3.6/site-packages/airflow/example_dags/example_branch_labels.py
[2021-09-21 01:21:14,790] {processor.py:623} INFO - DAG(s) dict_keys(['example_branch_labels']) retrieved from /home/airflow/.local/lib/python3.6/site-packages/airflow/example_dags/example_branch_labels.py
[2021-09-21 01:21:15,274] {logging_mixin.py:109} INFO - [2021-09-21 01:21:15,273] {dag.py:1834} INFO - Sync 1 DAGs
[2021-09-21 01:21:15,348] {logging_mixin.py:109} INFO - [2021-09-21 01:21:15,348] {dag.py:2287} INFO - Setting next_dagrun for example_branch_labels to 2021-09-19 00:00:00+00:00
[2021-09-21 01:21:15,367] {processor.py:170} INFO - Processing /home/airflow/.local/lib/python3.6/site-packages/airflow/example_dags/example_branch_labels.py took 0.692 seconds
[2021-09-21 01:21:45,719] {processor.py:162} INFO - Started process (PID=773) to work on /home/airflow/.local/lib/python3.6/site-packages/airflow/example_dags/example_branch_labels.py
[2021-09-21 01:21:45,721] {processor.py:613} INFO - Processing file /home/airflow/.local/lib/python3.6/site-packages/airflow/example_dags/example_branch_labels.py for tasks to queue
[2021-09-21 01:21:45,723] {logging_mixin.py:109} INFO - [2021-09-21 01:21:45,723] {dagbag.py:496} INFO - Filling up the DagBag from /home/airflow/.local/lib/python3.6/site-packages/airflow/example_dags/example_branch_labels.py
[2021-09-21 01:21:45,738] {processor.py:623} INFO - DAG(s) dict_keys(['example_branch_labels']) retrieved from /home/airflow/.local/lib/python3.6/site-packages/airflow/example_dags/example_branch_labels.py
[2021-09-21 01:21:45,767] {logging_mixin.py:109} INFO - [2021-09-21 01:21:45,767] {dag.py:1834} INFO - Sync 1 DAGs
[2021-09-21 01:21:45,789] {logging_mixin.py:109} INFO - [2021-09-21 01:21:45,788] {dag.py:2287} INFO - Setting next_dagrun for example_branch_labels to 2021-09-19 00:00:00+00:00
[2021-09-21 01:21:45,800] {processor.py:170} INFO - Processing /home/airflow/.local/lib/python3.6/site-packages/airflow/example_dags/example_branch_labels.py took 0.085 seconds
[2021-09-21 01:22:15,993] {processor.py:162} INFO - Started process (PID=838) to work on /home/airflow/.local/lib/python3.6/site-packages/airflow/example_dags/example_branch_labels.py
[2021-09-21 01:22:15,996] {processor.py:613} INFO - Processing file /home/airflow/.local/lib/python3.6/site-packages/airflow/example_dags/example_branch_labels.py for tasks to queue
[2021-09-21 01:22:15,998] {logging_mixin.py:109} INFO - [2021-09-21 01:22:15,998] {dagbag.py:496} INFO - Filling up the DagBag from /home/airflow/.local/lib/python3.6/site-packages/airflow/example_dags/example_branch_labels.py
[2021-09-21 01:22:16,016] {processor.py:623} INFO - DAG(s) dict_keys(['example_branch_labels']) retrieved from /home/airflow/.local/lib/python3.6/site-packages/airflow/example_dags/example_branch_labels.py
[2021-09-21 01:22:16,052] {logging_mixin.py:109} INFO - [2021-09-21 01:22:16,052] {dag.py:1834} INFO - Sync 1 DAGs
[2021-09-21 01:22:16,082] {logging_mixin.py:109} INFO - [2021-09-21 01:22:16,081] {dag.py:2287} INFO - Setting next_dagrun for example_branch_labels to 2021-09-19 00:00:00+00:00
[2021-09-21 01:22:16,091] {processor.py:170} INFO - Processing /home/airflow/.local/lib/python3.6/site-packages/airflow/example_dags/example_branch_labels.py took 0.103 seconds
[2021-09-21 01:22:46,428] {processor.py:162} INFO - Started process (PID=900) to work on /home/airflow/.local/lib/python3.6/site-packages/airflow/example_dags/example_branch_labels.py
[2021-09-21 01:22:46,432] {processor.py:613} INFO - Processing file /home/airflow/.local/lib/python3.6/site-packages/airflow/example_dags/example_branch_labels.py for tasks to queue
[2021-09-21 01:22:46,435] {logging_mixin.py:109} INFO - [2021-09-21 01:22:46,435] {dagbag.py:496} INFO - Filling up the DagBag from /home/airflow/.local/lib/python3.6/site-packages/airflow/example_dags/example_branch_labels.py
[2021-09-21 01:22:46,478] {processor.py:623} INFO - DAG(s) dict_keys(['example_branch_labels']) retrieved from /home/airflow/.local/lib/python3.6/site-packages/airflow/example_dags/example_branch_labels.py
[2021-09-21 01:22:46,519] {logging_mixin.py:109} INFO - [2021-09-21 01:22:46,518] {dag.py:1834} INFO - Sync 1 DAGs
[2021-09-21 01:22:46,540] {logging_mixin.py:109} INFO - [2021-09-21 01:22:46,540] {dag.py:2287} INFO - Setting next_dagrun for example_branch_labels to 2021-09-19 00:00:00+00:00
[2021-09-21 01:22:46,553] {processor.py:170} INFO - Processing /home/airflow/.local/lib/python3.6/site-packages/airflow/example_dags/example_branch_labels.py took 0.131 seconds
[2021-09-21 01:23:17,370] {processor.py:162} INFO - Started process (PID=948) to work on /home/airflow/.local/lib/python3.6/site-packages/airflow/example_dags/example_branch_labels.py
[2021-09-21 01:23:17,375] {processor.py:613} INFO - Processing file /home/airflow/.local/lib/python3.6/site-packages/airflow/example_dags/example_branch_labels.py for tasks to queue
[2021-09-21 01:23:17,382] {logging_mixin.py:109} INFO - [2021-09-21 01:23:17,380] {dagbag.py:496} INFO - Filling up the DagBag from /home/airflow/.local/lib/python3.6/site-packages/airflow/example_dags/example_branch_labels.py
[2021-09-21 01:23:17,420] {processor.py:623} INFO - DAG(s) dict_keys(['example_branch_labels']) retrieved from /home/airflow/.local/lib/python3.6/site-packages/airflow/example_dags/example_branch_labels.py
[2021-09-21 01:23:17,517] {logging_mixin.py:109} INFO - [2021-09-21 01:23:17,516] {dag.py:1834} INFO - Sync 1 DAGs
[2021-09-21 01:23:17,620] {logging_mixin.py:109} INFO - [2021-09-21 01:23:17,620] {dag.py:2287} INFO - Setting next_dagrun for example_branch_labels to 2021-09-19 00:00:00+00:00
[2021-09-21 01:23:17,701] {processor.py:170} INFO - Processing /home/airflow/.local/lib/python3.6/site-packages/airflow/example_dags/example_branch_labels.py took 0.339 seconds
[2021-09-21 01:23:48,496] {processor.py:162} INFO - Started process (PID=993) to work on /home/airflow/.local/lib/python3.6/site-packages/airflow/example_dags/example_branch_labels.py
[2021-09-21 01:23:48,498] {processor.py:613} INFO - Processing file /home/airflow/.local/lib/python3.6/site-packages/airflow/example_dags/example_branch_labels.py for tasks to queue
[2021-09-21 01:23:48,500] {logging_mixin.py:109} INFO - [2021-09-21 01:23:48,500] {dagbag.py:496} INFO - Filling up the DagBag from /home/airflow/.local/lib/python3.6/site-packages/airflow/example_dags/example_branch_labels.py
[2021-09-21 01:23:48,512] {processor.py:623} INFO - DAG(s) dict_keys(['example_branch_labels']) retrieved from /home/airflow/.local/lib/python3.6/site-packages/airflow/example_dags/example_branch_labels.py
[2021-09-21 01:23:48,539] {logging_mixin.py:109} INFO - [2021-09-21 01:23:48,539] {dag.py:1834} INFO - Sync 1 DAGs
[2021-09-21 01:23:48,559] {logging_mixin.py:109} INFO - [2021-09-21 01:23:48,559] {dag.py:2287} INFO - Setting next_dagrun for example_branch_labels to 2021-09-19 00:00:00+00:00
[2021-09-21 01:23:48,571] {processor.py:170} INFO - Processing /home/airflow/.local/lib/python3.6/site-packages/airflow/example_dags/example_branch_labels.py took 0.079 seconds
[2021-09-21 01:24:18,604] {processor.py:162} INFO - Started process (PID=1056) to work on /home/airflow/.local/lib/python3.6/site-packages/airflow/example_dags/example_branch_labels.py
[2021-09-21 01:24:18,606] {processor.py:613} INFO - Processing file /home/airflow/.local/lib/python3.6/site-packages/airflow/example_dags/example_branch_labels.py for tasks to queue
[2021-09-21 01:24:18,607] {logging_mixin.py:109} INFO - [2021-09-21 01:24:18,607] {dagbag.py:496} INFO - Filling up the DagBag from /home/airflow/.local/lib/python3.6/site-packages/airflow/example_dags/example_branch_labels.py
[2021-09-21 01:24:18,620] {processor.py:623} INFO - DAG(s) dict_keys(['example_branch_labels']) retrieved from /home/airflow/.local/lib/python3.6/site-packages/airflow/example_dags/example_branch_labels.py
[2021-09-21 01:24:18,646] {logging_mixin.py:109} INFO - [2021-09-21 01:24:18,645] {dag.py:1834} INFO - Sync 1 DAGs
[2021-09-21 01:24:18,664] {logging_mixin.py:109} INFO - [2021-09-21 01:24:18,664] {dag.py:2287} INFO - Setting next_dagrun for example_branch_labels to 2021-09-19 00:00:00+00:00
[2021-09-21 01:24:18,675] {processor.py:170} INFO - Processing /home/airflow/.local/lib/python3.6/site-packages/airflow/example_dags/example_branch_labels.py took 0.074 seconds
[2021-09-21 01:24:50,021] {processor.py:162} INFO - Started process (PID=1109) to work on /home/airflow/.local/lib/python3.6/site-packages/airflow/example_dags/example_branch_labels.py
[2021-09-21 01:24:50,044] {processor.py:613} INFO - Processing file /home/airflow/.local/lib/python3.6/site-packages/airflow/example_dags/example_branch_labels.py for tasks to queue
[2021-09-21 01:24:50,069] {logging_mixin.py:109} INFO - [2021-09-21 01:24:50,068] {dagbag.py:496} INFO - Filling up the DagBag from /home/airflow/.local/lib/python3.6/site-packages/airflow/example_dags/example_branch_labels.py
[2021-09-21 01:24:50,199] {processor.py:623} INFO - DAG(s) dict_keys(['example_branch_labels']) retrieved from /home/airflow/.local/lib/python3.6/site-packages/airflow/example_dags/example_branch_labels.py
[2021-09-21 01:24:50,304] {logging_mixin.py:109} INFO - [2021-09-21 01:24:50,302] {dag.py:1834} INFO - Sync 1 DAGs
[2021-09-21 01:24:50,355] {logging_mixin.py:109} INFO - [2021-09-21 01:24:50,354] {dag.py:2287} INFO - Setting next_dagrun for example_branch_labels to 2021-09-19 00:00:00+00:00
[2021-09-21 01:24:50,385] {processor.py:170} INFO - Processing /home/airflow/.local/lib/python3.6/site-packages/airflow/example_dags/example_branch_labels.py took 0.392 seconds
[2021-09-21 01:25:23,630] {processor.py:162} INFO - Started process (PID=1160) to work on /home/airflow/.local/lib/python3.6/site-packages/airflow/example_dags/example_branch_labels.py
[2021-09-21 01:25:23,634] {processor.py:613} INFO - Processing file /home/airflow/.local/lib/python3.6/site-packages/airflow/example_dags/example_branch_labels.py for tasks to queue
[2021-09-21 01:25:23,637] {logging_mixin.py:109} INFO - [2021-09-21 01:25:23,637] {dagbag.py:496} INFO - Filling up the DagBag from /home/airflow/.local/lib/python3.6/site-packages/airflow/example_dags/example_branch_labels.py
[2021-09-21 01:25:23,659] {processor.py:623} INFO - DAG(s) dict_keys(['example_branch_labels']) retrieved from /home/airflow/.local/lib/python3.6/site-packages/airflow/example_dags/example_branch_labels.py
[2021-09-21 01:25:23,717] {logging_mixin.py:109} INFO - [2021-09-21 01:25:23,717] {dag.py:1834} INFO - Sync 1 DAGs
[2021-09-21 01:25:23,740] {logging_mixin.py:109} INFO - [2021-09-21 01:25:23,740] {dag.py:2287} INFO - Setting next_dagrun for example_branch_labels to 2021-09-19 00:00:00+00:00
[2021-09-21 01:25:23,751] {processor.py:170} INFO - Processing /home/airflow/.local/lib/python3.6/site-packages/airflow/example_dags/example_branch_labels.py took 0.126 seconds
[2021-09-21 01:25:54,577] {processor.py:162} INFO - Started process (PID=1224) to work on /home/airflow/.local/lib/python3.6/site-packages/airflow/example_dags/example_branch_labels.py
[2021-09-21 01:25:54,580] {processor.py:613} INFO - Processing file /home/airflow/.local/lib/python3.6/site-packages/airflow/example_dags/example_branch_labels.py for tasks to queue
[2021-09-21 01:25:54,582] {logging_mixin.py:109} INFO - [2021-09-21 01:25:54,582] {dagbag.py:496} INFO - Filling up the DagBag from /home/airflow/.local/lib/python3.6/site-packages/airflow/example_dags/example_branch_labels.py
[2021-09-21 01:25:54,599] {processor.py:623} INFO - DAG(s) dict_keys(['example_branch_labels']) retrieved from /home/airflow/.local/lib/python3.6/site-packages/airflow/example_dags/example_branch_labels.py
[2021-09-21 01:25:54,632] {logging_mixin.py:109} INFO - [2021-09-21 01:25:54,632] {dag.py:1834} INFO - Sync 1 DAGs
[2021-09-21 01:25:54,659] {logging_mixin.py:109} INFO - [2021-09-21 01:25:54,659] {dag.py:2287} INFO - Setting next_dagrun for example_branch_labels to 2021-09-19 00:00:00+00:00
[2021-09-21 01:25:54,673] {processor.py:170} INFO - Processing /home/airflow/.local/lib/python3.6/site-packages/airflow/example_dags/example_branch_labels.py took 0.101 seconds
[2021-09-21 01:26:26,989] {processor.py:162} INFO - Started process (PID=1276) to work on /home/airflow/.local/lib/python3.6/site-packages/airflow/example_dags/example_branch_labels.py
[2021-09-21 01:26:27,005] {processor.py:613} INFO - Processing file /home/airflow/.local/lib/python3.6/site-packages/airflow/example_dags/example_branch_labels.py for tasks to queue
[2021-09-21 01:26:27,016] {logging_mixin.py:109} INFO - [2021-09-21 01:26:27,012] {dagbag.py:496} INFO - Filling up the DagBag from /home/airflow/.local/lib/python3.6/site-packages/airflow/example_dags/example_branch_labels.py
[2021-09-21 01:26:27,061] {processor.py:623} INFO - DAG(s) dict_keys(['example_branch_labels']) retrieved from /home/airflow/.local/lib/python3.6/site-packages/airflow/example_dags/example_branch_labels.py
[2021-09-21 01:26:27,135] {logging_mixin.py:109} INFO - [2021-09-21 01:26:27,133] {dag.py:1834} INFO - Sync 1 DAGs
[2021-09-21 01:26:27,258] {logging_mixin.py:109} INFO - [2021-09-21 01:26:27,258] {dag.py:2287} INFO - Setting next_dagrun for example_branch_labels to 2021-09-19 00:00:00+00:00
[2021-09-21 01:26:27,328] {processor.py:170} INFO - Processing /home/airflow/.local/lib/python3.6/site-packages/airflow/example_dags/example_branch_labels.py took 0.350 seconds
[2021-09-21 01:26:57,595] {processor.py:162} INFO - Started process (PID=1329) to work on /home/airflow/.local/lib/python3.6/site-packages/airflow/example_dags/example_branch_labels.py
[2021-09-21 01:26:57,598] {processor.py:613} INFO - Processing file /home/airflow/.local/lib/python3.6/site-packages/airflow/example_dags/example_branch_labels.py for tasks to queue
[2021-09-21 01:26:57,600] {logging_mixin.py:109} INFO - [2021-09-21 01:26:57,600] {dagbag.py:496} INFO - Filling up the DagBag from /home/airflow/.local/lib/python3.6/site-packages/airflow/example_dags/example_branch_labels.py
[2021-09-21 01:26:57,618] {processor.py:623} INFO - DAG(s) dict_keys(['example_branch_labels']) retrieved from /home/airflow/.local/lib/python3.6/site-packages/airflow/example_dags/example_branch_labels.py
[2021-09-21 01:26:57,643] {logging_mixin.py:109} INFO - [2021-09-21 01:26:57,643] {dag.py:1834} INFO - Sync 1 DAGs
[2021-09-21 01:26:57,671] {logging_mixin.py:109} INFO - [2021-09-21 01:26:57,671] {dag.py:2287} INFO - Setting next_dagrun for example_branch_labels to 2021-09-19 00:00:00+00:00
[2021-09-21 01:26:57,699] {processor.py:170} INFO - Processing /home/airflow/.local/lib/python3.6/site-packages/airflow/example_dags/example_branch_labels.py took 0.110 seconds
[2021-09-21 01:27:30,087] {processor.py:162} INFO - Started process (PID=1382) to work on /home/airflow/.local/lib/python3.6/site-packages/airflow/example_dags/example_branch_labels.py
[2021-09-21 01:27:30,096] {processor.py:613} INFO - Processing file /home/airflow/.local/lib/python3.6/site-packages/airflow/example_dags/example_branch_labels.py for tasks to queue
[2021-09-21 01:27:30,099] {logging_mixin.py:109} INFO - [2021-09-21 01:27:30,099] {dagbag.py:496} INFO - Filling up the DagBag from /home/airflow/.local/lib/python3.6/site-packages/airflow/example_dags/example_branch_labels.py
[2021-09-21 01:27:30,245] {processor.py:623} INFO - DAG(s) dict_keys(['example_branch_labels']) retrieved from /home/airflow/.local/lib/python3.6/site-packages/airflow/example_dags/example_branch_labels.py
[2021-09-21 01:27:30,281] {logging_mixin.py:109} INFO - [2021-09-21 01:27:30,281] {dag.py:1834} INFO - Sync 1 DAGs
[2021-09-21 01:27:30,302] {logging_mixin.py:109} INFO - [2021-09-21 01:27:30,301] {dag.py:2287} INFO - Setting next_dagrun for example_branch_labels to 2021-09-19 00:00:00+00:00
[2021-09-21 01:27:30,323] {processor.py:170} INFO - Processing /home/airflow/.local/lib/python3.6/site-packages/airflow/example_dags/example_branch_labels.py took 0.286 seconds
[2021-09-21 01:28:00,902] {processor.py:162} INFO - Started process (PID=1434) to work on /home/airflow/.local/lib/python3.6/site-packages/airflow/example_dags/example_branch_labels.py
[2021-09-21 01:28:00,904] {processor.py:613} INFO - Processing file /home/airflow/.local/lib/python3.6/site-packages/airflow/example_dags/example_branch_labels.py for tasks to queue
[2021-09-21 01:28:00,906] {logging_mixin.py:109} INFO - [2021-09-21 01:28:00,906] {dagbag.py:496} INFO - Filling up the DagBag from /home/airflow/.local/lib/python3.6/site-packages/airflow/example_dags/example_branch_labels.py
[2021-09-21 01:28:00,921] {processor.py:623} INFO - DAG(s) dict_keys(['example_branch_labels']) retrieved from /home/airflow/.local/lib/python3.6/site-packages/airflow/example_dags/example_branch_labels.py
[2021-09-21 01:28:00,948] {logging_mixin.py:109} INFO - [2021-09-21 01:28:00,948] {dag.py:1834} INFO - Sync 1 DAGs
[2021-09-21 01:28:00,970] {logging_mixin.py:109} INFO - [2021-09-21 01:28:00,970] {dag.py:2287} INFO - Setting next_dagrun for example_branch_labels to 2021-09-19 00:00:00+00:00
[2021-09-21 01:28:00,980] {processor.py:170} INFO - Processing /home/airflow/.local/lib/python3.6/site-packages/airflow/example_dags/example_branch_labels.py took 0.082 seconds
[2021-09-21 01:28:31,667] {processor.py:162} INFO - Started process (PID=1498) to work on /home/airflow/.local/lib/python3.6/site-packages/airflow/example_dags/example_branch_labels.py
[2021-09-21 01:28:31,669] {processor.py:613} INFO - Processing file /home/airflow/.local/lib/python3.6/site-packages/airflow/example_dags/example_branch_labels.py for tasks to queue
[2021-09-21 01:28:31,671] {logging_mixin.py:109} INFO - [2021-09-21 01:28:31,671] {dagbag.py:496} INFO - Filling up the DagBag from /home/airflow/.local/lib/python3.6/site-packages/airflow/example_dags/example_branch_labels.py
[2021-09-21 01:28:31,683] {processor.py:623} INFO - DAG(s) dict_keys(['example_branch_labels']) retrieved from /home/airflow/.local/lib/python3.6/site-packages/airflow/example_dags/example_branch_labels.py
[2021-09-21 01:28:31,714] {logging_mixin.py:109} INFO - [2021-09-21 01:28:31,713] {dag.py:1834} INFO - Sync 1 DAGs
[2021-09-21 01:28:31,731] {logging_mixin.py:109} INFO - [2021-09-21 01:28:31,731] {dag.py:2287} INFO - Setting next_dagrun for example_branch_labels to 2021-09-19 00:00:00+00:00
[2021-09-21 01:28:31,742] {processor.py:170} INFO - Processing /home/airflow/.local/lib/python3.6/site-packages/airflow/example_dags/example_branch_labels.py took 0.079 seconds
[2021-09-21 01:29:02,300] {processor.py:162} INFO - Started process (PID=1558) to work on /home/airflow/.local/lib/python3.6/site-packages/airflow/example_dags/example_branch_labels.py
[2021-09-21 01:29:02,303] {processor.py:613} INFO - Processing file /home/airflow/.local/lib/python3.6/site-packages/airflow/example_dags/example_branch_labels.py for tasks to queue
[2021-09-21 01:29:02,305] {logging_mixin.py:109} INFO - [2021-09-21 01:29:02,305] {dagbag.py:496} INFO - Filling up the DagBag from /home/airflow/.local/lib/python3.6/site-packages/airflow/example_dags/example_branch_labels.py
[2021-09-21 01:29:02,322] {processor.py:623} INFO - DAG(s) dict_keys(['example_branch_labels']) retrieved from /home/airflow/.local/lib/python3.6/site-packages/airflow/example_dags/example_branch_labels.py
[2021-09-21 01:29:02,350] {logging_mixin.py:109} INFO - [2021-09-21 01:29:02,350] {dag.py:1834} INFO - Sync 1 DAGs
[2021-09-21 01:29:02,374] {logging_mixin.py:109} INFO - [2021-09-21 01:29:02,373] {dag.py:2287} INFO - Setting next_dagrun for example_branch_labels to 2021-09-19 00:00:00+00:00
[2021-09-21 01:29:02,384] {processor.py:170} INFO - Processing /home/airflow/.local/lib/python3.6/site-packages/airflow/example_dags/example_branch_labels.py took 0.088 seconds
[2021-09-21 01:29:33,302] {processor.py:162} INFO - Started process (PID=1615) to work on /home/airflow/.local/lib/python3.6/site-packages/airflow/example_dags/example_branch_labels.py
[2021-09-21 01:29:33,304] {processor.py:613} INFO - Processing file /home/airflow/.local/lib/python3.6/site-packages/airflow/example_dags/example_branch_labels.py for tasks to queue
[2021-09-21 01:29:33,307] {logging_mixin.py:109} INFO - [2021-09-21 01:29:33,306] {dagbag.py:496} INFO - Filling up the DagBag from /home/airflow/.local/lib/python3.6/site-packages/airflow/example_dags/example_branch_labels.py
[2021-09-21 01:29:33,328] {processor.py:623} INFO - DAG(s) dict_keys(['example_branch_labels']) retrieved from /home/airflow/.local/lib/python3.6/site-packages/airflow/example_dags/example_branch_labels.py
[2021-09-21 01:29:33,355] {logging_mixin.py:109} INFO - [2021-09-21 01:29:33,355] {dag.py:1834} INFO - Sync 1 DAGs
[2021-09-21 01:29:33,379] {logging_mixin.py:109} INFO - [2021-09-21 01:29:33,379] {dag.py:2287} INFO - Setting next_dagrun for example_branch_labels to 2021-09-19 00:00:00+00:00
[2021-09-21 01:29:33,389] {processor.py:170} INFO - Processing /home/airflow/.local/lib/python3.6/site-packages/airflow/example_dags/example_branch_labels.py took 0.091 seconds
[2021-09-21 01:30:03,615] {processor.py:162} INFO - Started process (PID=1679) to work on /home/airflow/.local/lib/python3.6/site-packages/airflow/example_dags/example_branch_labels.py
[2021-09-21 01:30:03,618] {processor.py:613} INFO - Processing file /home/airflow/.local/lib/python3.6/site-packages/airflow/example_dags/example_branch_labels.py for tasks to queue
[2021-09-21 01:30:03,620] {logging_mixin.py:109} INFO - [2021-09-21 01:30:03,620] {dagbag.py:496} INFO - Filling up the DagBag from /home/airflow/.local/lib/python3.6/site-packages/airflow/example_dags/example_branch_labels.py
[2021-09-21 01:30:03,636] {processor.py:623} INFO - DAG(s) dict_keys(['example_branch_labels']) retrieved from /home/airflow/.local/lib/python3.6/site-packages/airflow/example_dags/example_branch_labels.py
[2021-09-21 01:30:03,672] {logging_mixin.py:109} INFO - [2021-09-21 01:30:03,672] {dag.py:1834} INFO - Sync 1 DAGs
[2021-09-21 01:30:03,696] {logging_mixin.py:109} INFO - [2021-09-21 01:30:03,696] {dag.py:2287} INFO - Setting next_dagrun for example_branch_labels to 2021-09-19 00:00:00+00:00
[2021-09-21 01:30:03,707] {processor.py:170} INFO - Processing /home/airflow/.local/lib/python3.6/site-packages/airflow/example_dags/example_branch_labels.py took 0.097 seconds
[2021-09-21 01:30:34,380] {processor.py:162} INFO - Started process (PID=1731) to work on /home/airflow/.local/lib/python3.6/site-packages/airflow/example_dags/example_branch_labels.py
[2021-09-21 01:30:34,382] {processor.py:613} INFO - Processing file /home/airflow/.local/lib/python3.6/site-packages/airflow/example_dags/example_branch_labels.py for tasks to queue
[2021-09-21 01:30:34,384] {logging_mixin.py:109} INFO - [2021-09-21 01:30:34,384] {dagbag.py:496} INFO - Filling up the DagBag from /home/airflow/.local/lib/python3.6/site-packages/airflow/example_dags/example_branch_labels.py
[2021-09-21 01:30:34,398] {processor.py:623} INFO - DAG(s) dict_keys(['example_branch_labels']) retrieved from /home/airflow/.local/lib/python3.6/site-packages/airflow/example_dags/example_branch_labels.py
[2021-09-21 01:30:34,423] {logging_mixin.py:109} INFO - [2021-09-21 01:30:34,423] {dag.py:1834} INFO - Sync 1 DAGs
[2021-09-21 01:30:34,442] {logging_mixin.py:109} INFO - [2021-09-21 01:30:34,442] {dag.py:2287} INFO - Setting next_dagrun for example_branch_labels to 2021-09-19 00:00:00+00:00
[2021-09-21 01:30:34,452] {processor.py:170} INFO - Processing /home/airflow/.local/lib/python3.6/site-packages/airflow/example_dags/example_branch_labels.py took 0.075 seconds
[2021-09-21 01:31:04,543] {processor.py:162} INFO - Started process (PID=1794) to work on /home/airflow/.local/lib/python3.6/site-packages/airflow/example_dags/example_branch_labels.py
[2021-09-21 01:31:04,545] {processor.py:613} INFO - Processing file /home/airflow/.local/lib/python3.6/site-packages/airflow/example_dags/example_branch_labels.py for tasks to queue
[2021-09-21 01:31:04,547] {logging_mixin.py:109} INFO - [2021-09-21 01:31:04,547] {dagbag.py:496} INFO - Filling up the DagBag from /home/airflow/.local/lib/python3.6/site-packages/airflow/example_dags/example_branch_labels.py
[2021-09-21 01:31:04,562] {processor.py:623} INFO - DAG(s) dict_keys(['example_branch_labels']) retrieved from /home/airflow/.local/lib/python3.6/site-packages/airflow/example_dags/example_branch_labels.py
[2021-09-21 01:31:04,587] {logging_mixin.py:109} INFO - [2021-09-21 01:31:04,587] {dag.py:1834} INFO - Sync 1 DAGs
[2021-09-21 01:31:04,608] {logging_mixin.py:109} INFO - [2021-09-21 01:31:04,608] {dag.py:2287} INFO - Setting next_dagrun for example_branch_labels to 2021-09-19 00:00:00+00:00
[2021-09-21 01:31:04,618] {processor.py:170} INFO - Processing /home/airflow/.local/lib/python3.6/site-packages/airflow/example_dags/example_branch_labels.py took 0.078 seconds
[2021-09-21 01:31:34,821] {processor.py:162} INFO - Started process (PID=1857) to work on /home/airflow/.local/lib/python3.6/site-packages/airflow/example_dags/example_branch_labels.py
[2021-09-21 01:31:34,860] {processor.py:613} INFO - Processing file /home/airflow/.local/lib/python3.6/site-packages/airflow/example_dags/example_branch_labels.py for tasks to queue
[2021-09-21 01:31:34,864] {logging_mixin.py:109} INFO - [2021-09-21 01:31:34,864] {dagbag.py:496} INFO - Filling up the DagBag from /home/airflow/.local/lib/python3.6/site-packages/airflow/example_dags/example_branch_labels.py
[2021-09-21 01:31:34,880] {processor.py:623} INFO - DAG(s) dict_keys(['example_branch_labels']) retrieved from /home/airflow/.local/lib/python3.6/site-packages/airflow/example_dags/example_branch_labels.py
[2021-09-21 01:31:34,907] {logging_mixin.py:109} INFO - [2021-09-21 01:31:34,906] {dag.py:1834} INFO - Sync 1 DAGs
[2021-09-21 01:31:34,931] {logging_mixin.py:109} INFO - [2021-09-21 01:31:34,929] {dag.py:2287} INFO - Setting next_dagrun for example_branch_labels to 2021-09-19 00:00:00+00:00
[2021-09-21 01:31:34,942] {processor.py:170} INFO - Processing /home/airflow/.local/lib/python3.6/site-packages/airflow/example_dags/example_branch_labels.py took 0.125 seconds
[2021-09-21 01:32:05,804] {processor.py:162} INFO - Started process (PID=1911) to work on /home/airflow/.local/lib/python3.6/site-packages/airflow/example_dags/example_branch_labels.py
[2021-09-21 01:32:05,807] {processor.py:613} INFO - Processing file /home/airflow/.local/lib/python3.6/site-packages/airflow/example_dags/example_branch_labels.py for tasks to queue
[2021-09-21 01:32:05,808] {logging_mixin.py:109} INFO - [2021-09-21 01:32:05,808] {dagbag.py:496} INFO - Filling up the DagBag from /home/airflow/.local/lib/python3.6/site-packages/airflow/example_dags/example_branch_labels.py
[2021-09-21 01:32:05,826] {processor.py:623} INFO - DAG(s) dict_keys(['example_branch_labels']) retrieved from /home/airflow/.local/lib/python3.6/site-packages/airflow/example_dags/example_branch_labels.py
[2021-09-21 01:32:05,855] {logging_mixin.py:109} INFO - [2021-09-21 01:32:05,855] {dag.py:1834} INFO - Sync 1 DAGs
[2021-09-21 01:32:05,880] {logging_mixin.py:109} INFO - [2021-09-21 01:32:05,880] {dag.py:2287} INFO - Setting next_dagrun for example_branch_labels to 2021-09-19 00:00:00+00:00
[2021-09-21 01:32:05,893] {processor.py:170} INFO - Processing /home/airflow/.local/lib/python3.6/site-packages/airflow/example_dags/example_branch_labels.py took 0.093 seconds
[2021-09-21 01:32:36,433] {processor.py:162} INFO - Started process (PID=1973) to work on /home/airflow/.local/lib/python3.6/site-packages/airflow/example_dags/example_branch_labels.py
[2021-09-21 01:32:36,435] {processor.py:613} INFO - Processing file /home/airflow/.local/lib/python3.6/site-packages/airflow/example_dags/example_branch_labels.py for tasks to queue
[2021-09-21 01:32:36,437] {logging_mixin.py:109} INFO - [2021-09-21 01:32:36,437] {dagbag.py:496} INFO - Filling up the DagBag from /home/airflow/.local/lib/python3.6/site-packages/airflow/example_dags/example_branch_labels.py
[2021-09-21 01:32:36,451] {processor.py:623} INFO - DAG(s) dict_keys(['example_branch_labels']) retrieved from /home/airflow/.local/lib/python3.6/site-packages/airflow/example_dags/example_branch_labels.py
[2021-09-21 01:32:36,476] {logging_mixin.py:109} INFO - [2021-09-21 01:32:36,476] {dag.py:1834} INFO - Sync 1 DAGs
[2021-09-21 01:32:36,494] {logging_mixin.py:109} INFO - [2021-09-21 01:32:36,494] {dag.py:2287} INFO - Setting next_dagrun for example_branch_labels to 2021-09-19 00:00:00+00:00
[2021-09-21 01:32:36,503] {processor.py:170} INFO - Processing /home/airflow/.local/lib/python3.6/site-packages/airflow/example_dags/example_branch_labels.py took 0.073 seconds
[2021-09-21 01:33:07,192] {processor.py:162} INFO - Started process (PID=2028) to work on /home/airflow/.local/lib/python3.6/site-packages/airflow/example_dags/example_branch_labels.py
[2021-09-21 01:33:07,195] {processor.py:613} INFO - Processing file /home/airflow/.local/lib/python3.6/site-packages/airflow/example_dags/example_branch_labels.py for tasks to queue
[2021-09-21 01:33:07,196] {logging_mixin.py:109} INFO - [2021-09-21 01:33:07,196] {dagbag.py:496} INFO - Filling up the DagBag from /home/airflow/.local/lib/python3.6/site-packages/airflow/example_dags/example_branch_labels.py
[2021-09-21 01:33:07,210] {processor.py:623} INFO - DAG(s) dict_keys(['example_branch_labels']) retrieved from /home/airflow/.local/lib/python3.6/site-packages/airflow/example_dags/example_branch_labels.py
[2021-09-21 01:33:07,234] {logging_mixin.py:109} INFO - [2021-09-21 01:33:07,234] {dag.py:1834} INFO - Sync 1 DAGs
[2021-09-21 01:33:07,252] {logging_mixin.py:109} INFO - [2021-09-21 01:33:07,251] {dag.py:2287} INFO - Setting next_dagrun for example_branch_labels to 2021-09-19 00:00:00+00:00
[2021-09-21 01:33:07,260] {processor.py:170} INFO - Processing /home/airflow/.local/lib/python3.6/site-packages/airflow/example_dags/example_branch_labels.py took 0.071 seconds
[2021-09-21 01:33:37,990] {processor.py:162} INFO - Started process (PID=2091) to work on /home/airflow/.local/lib/python3.6/site-packages/airflow/example_dags/example_branch_labels.py
[2021-09-21 01:33:37,991] {processor.py:613} INFO - Processing file /home/airflow/.local/lib/python3.6/site-packages/airflow/example_dags/example_branch_labels.py for tasks to queue
[2021-09-21 01:33:37,993] {logging_mixin.py:109} INFO - [2021-09-21 01:33:37,993] {dagbag.py:496} INFO - Filling up the DagBag from /home/airflow/.local/lib/python3.6/site-packages/airflow/example_dags/example_branch_labels.py
[2021-09-21 01:33:38,006] {processor.py:623} INFO - DAG(s) dict_keys(['example_branch_labels']) retrieved from /home/airflow/.local/lib/python3.6/site-packages/airflow/example_dags/example_branch_labels.py
[2021-09-21 01:33:38,029] {logging_mixin.py:109} INFO - [2021-09-21 01:33:38,029] {dag.py:1834} INFO - Sync 1 DAGs
[2021-09-21 01:33:38,045] {logging_mixin.py:109} INFO - [2021-09-21 01:33:38,045] {dag.py:2287} INFO - Setting next_dagrun for example_branch_labels to 2021-09-19 00:00:00+00:00
[2021-09-21 01:33:38,053] {processor.py:170} INFO - Processing /home/airflow/.local/lib/python3.6/site-packages/airflow/example_dags/example_branch_labels.py took 0.067 seconds
[2021-09-21 01:34:08,685] {processor.py:162} INFO - Started process (PID=2155) to work on /home/airflow/.local/lib/python3.6/site-packages/airflow/example_dags/example_branch_labels.py
[2021-09-21 01:34:08,688] {processor.py:613} INFO - Processing file /home/airflow/.local/lib/python3.6/site-packages/airflow/example_dags/example_branch_labels.py for tasks to queue
[2021-09-21 01:34:08,689] {logging_mixin.py:109} INFO - [2021-09-21 01:34:08,689] {dagbag.py:496} INFO - Filling up the DagBag from /home/airflow/.local/lib/python3.6/site-packages/airflow/example_dags/example_branch_labels.py
[2021-09-21 01:34:08,703] {processor.py:623} INFO - DAG(s) dict_keys(['example_branch_labels']) retrieved from /home/airflow/.local/lib/python3.6/site-packages/airflow/example_dags/example_branch_labels.py
[2021-09-21 01:34:08,727] {logging_mixin.py:109} INFO - [2021-09-21 01:34:08,727] {dag.py:1834} INFO - Sync 1 DAGs
[2021-09-21 01:34:08,745] {logging_mixin.py:109} INFO - [2021-09-21 01:34:08,745] {dag.py:2287} INFO - Setting next_dagrun for example_branch_labels to 2021-09-19 00:00:00+00:00
[2021-09-21 01:34:08,754] {processor.py:170} INFO - Processing /home/airflow/.local/lib/python3.6/site-packages/airflow/example_dags/example_branch_labels.py took 0.073 seconds
[2021-09-21 01:34:39,365] {processor.py:162} INFO - Started process (PID=2208) to work on /home/airflow/.local/lib/python3.6/site-packages/airflow/example_dags/example_branch_labels.py
[2021-09-21 01:34:39,367] {processor.py:613} INFO - Processing file /home/airflow/.local/lib/python3.6/site-packages/airflow/example_dags/example_branch_labels.py for tasks to queue
[2021-09-21 01:34:39,368] {logging_mixin.py:109} INFO - [2021-09-21 01:34:39,368] {dagbag.py:496} INFO - Filling up the DagBag from /home/airflow/.local/lib/python3.6/site-packages/airflow/example_dags/example_branch_labels.py
[2021-09-21 01:34:39,383] {processor.py:623} INFO - DAG(s) dict_keys(['example_branch_labels']) retrieved from /home/airflow/.local/lib/python3.6/site-packages/airflow/example_dags/example_branch_labels.py
[2021-09-21 01:34:39,411] {logging_mixin.py:109} INFO - [2021-09-21 01:34:39,411] {dag.py:1834} INFO - Sync 1 DAGs
[2021-09-21 01:34:39,440] {logging_mixin.py:109} INFO - [2021-09-21 01:34:39,440] {dag.py:2287} INFO - Setting next_dagrun for example_branch_labels to 2021-09-19 00:00:00+00:00
[2021-09-21 01:34:39,459] {processor.py:170} INFO - Processing /home/airflow/.local/lib/python3.6/site-packages/airflow/example_dags/example_branch_labels.py took 0.098 seconds
[2021-09-21 01:35:09,680] {processor.py:162} INFO - Started process (PID=2270) to work on /home/airflow/.local/lib/python3.6/site-packages/airflow/example_dags/example_branch_labels.py
[2021-09-21 01:35:09,683] {processor.py:613} INFO - Processing file /home/airflow/.local/lib/python3.6/site-packages/airflow/example_dags/example_branch_labels.py for tasks to queue
[2021-09-21 01:35:09,687] {logging_mixin.py:109} INFO - [2021-09-21 01:35:09,686] {dagbag.py:496} INFO - Filling up the DagBag from /home/airflow/.local/lib/python3.6/site-packages/airflow/example_dags/example_branch_labels.py
[2021-09-21 01:35:09,725] {processor.py:623} INFO - DAG(s) dict_keys(['example_branch_labels']) retrieved from /home/airflow/.local/lib/python3.6/site-packages/airflow/example_dags/example_branch_labels.py
[2021-09-21 01:35:09,770] {logging_mixin.py:109} INFO - [2021-09-21 01:35:09,770] {dag.py:1834} INFO - Sync 1 DAGs
[2021-09-21 01:35:09,800] {logging_mixin.py:109} INFO - [2021-09-21 01:35:09,800] {dag.py:2287} INFO - Setting next_dagrun for example_branch_labels to 2021-09-19 00:00:00+00:00
[2021-09-21 01:35:09,815] {processor.py:170} INFO - Processing /home/airflow/.local/lib/python3.6/site-packages/airflow/example_dags/example_branch_labels.py took 0.141 seconds
[2021-09-21 01:35:40,282] {processor.py:162} INFO - Started process (PID=2324) to work on /home/airflow/.local/lib/python3.6/site-packages/airflow/example_dags/example_branch_labels.py
[2021-09-21 01:35:40,284] {processor.py:613} INFO - Processing file /home/airflow/.local/lib/python3.6/site-packages/airflow/example_dags/example_branch_labels.py for tasks to queue
[2021-09-21 01:35:40,285] {logging_mixin.py:109} INFO - [2021-09-21 01:35:40,285] {dagbag.py:496} INFO - Filling up the DagBag from /home/airflow/.local/lib/python3.6/site-packages/airflow/example_dags/example_branch_labels.py
[2021-09-21 01:35:40,299] {processor.py:623} INFO - DAG(s) dict_keys(['example_branch_labels']) retrieved from /home/airflow/.local/lib/python3.6/site-packages/airflow/example_dags/example_branch_labels.py
[2021-09-21 01:35:40,324] {logging_mixin.py:109} INFO - [2021-09-21 01:35:40,324] {dag.py:1834} INFO - Sync 1 DAGs
[2021-09-21 01:35:40,341] {logging_mixin.py:109} INFO - [2021-09-21 01:35:40,341] {dag.py:2287} INFO - Setting next_dagrun for example_branch_labels to 2021-09-19 00:00:00+00:00
[2021-09-21 01:35:40,350] {processor.py:170} INFO - Processing /home/airflow/.local/lib/python3.6/site-packages/airflow/example_dags/example_branch_labels.py took 0.071 seconds
[2021-09-21 01:36:11,210] {processor.py:162} INFO - Started process (PID=2389) to work on /home/airflow/.local/lib/python3.6/site-packages/airflow/example_dags/example_branch_labels.py
[2021-09-21 01:36:11,212] {processor.py:613} INFO - Processing file /home/airflow/.local/lib/python3.6/site-packages/airflow/example_dags/example_branch_labels.py for tasks to queue
[2021-09-21 01:36:11,213] {logging_mixin.py:109} INFO - [2021-09-21 01:36:11,213] {dagbag.py:496} INFO - Filling up the DagBag from /home/airflow/.local/lib/python3.6/site-packages/airflow/example_dags/example_branch_labels.py
[2021-09-21 01:36:11,227] {processor.py:623} INFO - DAG(s) dict_keys(['example_branch_labels']) retrieved from /home/airflow/.local/lib/python3.6/site-packages/airflow/example_dags/example_branch_labels.py
[2021-09-21 01:36:11,250] {logging_mixin.py:109} INFO - [2021-09-21 01:36:11,250] {dag.py:1834} INFO - Sync 1 DAGs
[2021-09-21 01:36:11,268] {logging_mixin.py:109} INFO - [2021-09-21 01:36:11,268] {dag.py:2287} INFO - Setting next_dagrun for example_branch_labels to 2021-09-19 00:00:00+00:00
[2021-09-21 01:36:11,277] {processor.py:170} INFO - Processing /home/airflow/.local/lib/python3.6/site-packages/airflow/example_dags/example_branch_labels.py took 0.070 seconds
[2021-09-21 01:36:43,568] {processor.py:162} INFO - Started process (PID=2443) to work on /home/airflow/.local/lib/python3.6/site-packages/airflow/example_dags/example_branch_labels.py
[2021-09-21 01:36:43,571] {processor.py:613} INFO - Processing file /home/airflow/.local/lib/python3.6/site-packages/airflow/example_dags/example_branch_labels.py for tasks to queue
[2021-09-21 01:36:43,575] {logging_mixin.py:109} INFO - [2021-09-21 01:36:43,574] {dagbag.py:496} INFO - Filling up the DagBag from /home/airflow/.local/lib/python3.6/site-packages/airflow/example_dags/example_branch_labels.py
[2021-09-21 01:36:43,793] {processor.py:623} INFO - DAG(s) dict_keys(['example_branch_labels']) retrieved from /home/airflow/.local/lib/python3.6/site-packages/airflow/example_dags/example_branch_labels.py
[2021-09-21 01:36:43,873] {logging_mixin.py:109} INFO - [2021-09-21 01:36:43,873] {dag.py:1834} INFO - Sync 1 DAGs
[2021-09-21 01:36:43,937] {logging_mixin.py:109} INFO - [2021-09-21 01:36:43,936] {dag.py:2287} INFO - Setting next_dagrun for example_branch_labels to 2021-09-19 00:00:00+00:00
[2021-09-21 01:36:43,964] {processor.py:170} INFO - Processing /home/airflow/.local/lib/python3.6/site-packages/airflow/example_dags/example_branch_labels.py took 0.405 seconds
[2021-09-21 01:37:15,664] {processor.py:162} INFO - Started process (PID=2506) to work on /home/airflow/.local/lib/python3.6/site-packages/airflow/example_dags/example_branch_labels.py
[2021-09-21 01:37:15,669] {processor.py:613} INFO - Processing file /home/airflow/.local/lib/python3.6/site-packages/airflow/example_dags/example_branch_labels.py for tasks to queue
[2021-09-21 01:37:15,686] {logging_mixin.py:109} INFO - [2021-09-21 01:37:15,686] {dagbag.py:496} INFO - Filling up the DagBag from /home/airflow/.local/lib/python3.6/site-packages/airflow/example_dags/example_branch_labels.py
[2021-09-21 01:37:15,742] {processor.py:623} INFO - DAG(s) dict_keys(['example_branch_labels']) retrieved from /home/airflow/.local/lib/python3.6/site-packages/airflow/example_dags/example_branch_labels.py
[2021-09-21 01:37:15,870] {logging_mixin.py:109} INFO - [2021-09-21 01:37:15,870] {dag.py:1834} INFO - Sync 1 DAGs
[2021-09-21 01:37:15,930] {logging_mixin.py:109} INFO - [2021-09-21 01:37:15,930] {dag.py:2287} INFO - Setting next_dagrun for example_branch_labels to 2021-09-19 00:00:00+00:00
[2021-09-21 01:37:15,948] {processor.py:170} INFO - Processing /home/airflow/.local/lib/python3.6/site-packages/airflow/example_dags/example_branch_labels.py took 0.301 seconds
[2021-09-21 01:37:46,992] {processor.py:162} INFO - Started process (PID=2561) to work on /home/airflow/.local/lib/python3.6/site-packages/airflow/example_dags/example_branch_labels.py
[2021-09-21 01:37:46,994] {processor.py:613} INFO - Processing file /home/airflow/.local/lib/python3.6/site-packages/airflow/example_dags/example_branch_labels.py for tasks to queue
[2021-09-21 01:37:46,996] {logging_mixin.py:109} INFO - [2021-09-21 01:37:46,996] {dagbag.py:496} INFO - Filling up the DagBag from /home/airflow/.local/lib/python3.6/site-packages/airflow/example_dags/example_branch_labels.py
[2021-09-21 01:37:47,011] {processor.py:623} INFO - DAG(s) dict_keys(['example_branch_labels']) retrieved from /home/airflow/.local/lib/python3.6/site-packages/airflow/example_dags/example_branch_labels.py
[2021-09-21 01:37:47,037] {logging_mixin.py:109} INFO - [2021-09-21 01:37:47,037] {dag.py:1834} INFO - Sync 1 DAGs
[2021-09-21 01:37:47,056] {logging_mixin.py:109} INFO - [2021-09-21 01:37:47,056] {dag.py:2287} INFO - Setting next_dagrun for example_branch_labels to 2021-09-19 00:00:00+00:00
[2021-09-21 01:37:47,065] {processor.py:170} INFO - Processing /home/airflow/.local/lib/python3.6/site-packages/airflow/example_dags/example_branch_labels.py took 0.078 seconds
[2021-09-21 01:38:17,387] {processor.py:162} INFO - Started process (PID=2626) to work on /home/airflow/.local/lib/python3.6/site-packages/airflow/example_dags/example_branch_labels.py
[2021-09-21 01:38:17,389] {processor.py:613} INFO - Processing file /home/airflow/.local/lib/python3.6/site-packages/airflow/example_dags/example_branch_labels.py for tasks to queue
[2021-09-21 01:38:17,391] {logging_mixin.py:109} INFO - [2021-09-21 01:38:17,391] {dagbag.py:496} INFO - Filling up the DagBag from /home/airflow/.local/lib/python3.6/site-packages/airflow/example_dags/example_branch_labels.py
[2021-09-21 01:38:17,414] {processor.py:623} INFO - DAG(s) dict_keys(['example_branch_labels']) retrieved from /home/airflow/.local/lib/python3.6/site-packages/airflow/example_dags/example_branch_labels.py
[2021-09-21 01:38:17,461] {logging_mixin.py:109} INFO - [2021-09-21 01:38:17,460] {dag.py:1834} INFO - Sync 1 DAGs
[2021-09-21 01:38:17,486] {logging_mixin.py:109} INFO - [2021-09-21 01:38:17,486] {dag.py:2287} INFO - Setting next_dagrun for example_branch_labels to 2021-09-19 00:00:00+00:00
[2021-09-21 01:38:17,502] {processor.py:170} INFO - Processing /home/airflow/.local/lib/python3.6/site-packages/airflow/example_dags/example_branch_labels.py took 0.122 seconds
[2021-09-21 01:38:48,197] {processor.py:162} INFO - Started process (PID=2678) to work on /home/airflow/.local/lib/python3.6/site-packages/airflow/example_dags/example_branch_labels.py
[2021-09-21 01:38:48,200] {processor.py:613} INFO - Processing file /home/airflow/.local/lib/python3.6/site-packages/airflow/example_dags/example_branch_labels.py for tasks to queue
[2021-09-21 01:38:48,201] {logging_mixin.py:109} INFO - [2021-09-21 01:38:48,201] {dagbag.py:496} INFO - Filling up the DagBag from /home/airflow/.local/lib/python3.6/site-packages/airflow/example_dags/example_branch_labels.py
[2021-09-21 01:38:48,217] {processor.py:623} INFO - DAG(s) dict_keys(['example_branch_labels']) retrieved from /home/airflow/.local/lib/python3.6/site-packages/airflow/example_dags/example_branch_labels.py
[2021-09-21 01:38:48,248] {logging_mixin.py:109} INFO - [2021-09-21 01:38:48,248] {dag.py:1834} INFO - Sync 1 DAGs
[2021-09-21 01:38:48,270] {logging_mixin.py:109} INFO - [2021-09-21 01:38:48,270] {dag.py:2287} INFO - Setting next_dagrun for example_branch_labels to 2021-09-19 00:00:00+00:00
[2021-09-21 01:38:48,283] {processor.py:170} INFO - Processing /home/airflow/.local/lib/python3.6/site-packages/airflow/example_dags/example_branch_labels.py took 0.090 seconds
[2021-09-21 01:39:18,493] {processor.py:162} INFO - Started process (PID=2741) to work on /home/airflow/.local/lib/python3.6/site-packages/airflow/example_dags/example_branch_labels.py
[2021-09-21 01:39:18,496] {processor.py:613} INFO - Processing file /home/airflow/.local/lib/python3.6/site-packages/airflow/example_dags/example_branch_labels.py for tasks to queue
[2021-09-21 01:39:18,497] {logging_mixin.py:109} INFO - [2021-09-21 01:39:18,497] {dagbag.py:496} INFO - Filling up the DagBag from /home/airflow/.local/lib/python3.6/site-packages/airflow/example_dags/example_branch_labels.py
[2021-09-21 01:39:18,510] {processor.py:623} INFO - DAG(s) dict_keys(['example_branch_labels']) retrieved from /home/airflow/.local/lib/python3.6/site-packages/airflow/example_dags/example_branch_labels.py
[2021-09-21 01:39:18,535] {logging_mixin.py:109} INFO - [2021-09-21 01:39:18,534] {dag.py:1834} INFO - Sync 1 DAGs
[2021-09-21 01:39:18,562] {logging_mixin.py:109} INFO - [2021-09-21 01:39:18,562] {dag.py:2287} INFO - Setting next_dagrun for example_branch_labels to 2021-09-19 00:00:00+00:00
[2021-09-21 01:39:18,573] {processor.py:170} INFO - Processing /home/airflow/.local/lib/python3.6/site-packages/airflow/example_dags/example_branch_labels.py took 0.084 seconds
[2021-09-21 01:39:48,651] {processor.py:162} INFO - Started process (PID=2793) to work on /home/airflow/.local/lib/python3.6/site-packages/airflow/example_dags/example_branch_labels.py
[2021-09-21 01:39:48,653] {processor.py:613} INFO - Processing file /home/airflow/.local/lib/python3.6/site-packages/airflow/example_dags/example_branch_labels.py for tasks to queue
[2021-09-21 01:39:48,655] {logging_mixin.py:109} INFO - [2021-09-21 01:39:48,655] {dagbag.py:496} INFO - Filling up the DagBag from /home/airflow/.local/lib/python3.6/site-packages/airflow/example_dags/example_branch_labels.py
[2021-09-21 01:39:48,671] {processor.py:623} INFO - DAG(s) dict_keys(['example_branch_labels']) retrieved from /home/airflow/.local/lib/python3.6/site-packages/airflow/example_dags/example_branch_labels.py
[2021-09-21 01:39:48,697] {logging_mixin.py:109} INFO - [2021-09-21 01:39:48,697] {dag.py:1834} INFO - Sync 1 DAGs
[2021-09-21 01:39:48,716] {logging_mixin.py:109} INFO - [2021-09-21 01:39:48,716] {dag.py:2287} INFO - Setting next_dagrun for example_branch_labels to 2021-09-19 00:00:00+00:00
[2021-09-21 01:39:48,727] {processor.py:170} INFO - Processing /home/airflow/.local/lib/python3.6/site-packages/airflow/example_dags/example_branch_labels.py took 0.083 seconds
[2021-09-21 01:40:18,777] {processor.py:162} INFO - Started process (PID=2856) to work on /home/airflow/.local/lib/python3.6/site-packages/airflow/example_dags/example_branch_labels.py
[2021-09-21 01:40:18,780] {processor.py:613} INFO - Processing file /home/airflow/.local/lib/python3.6/site-packages/airflow/example_dags/example_branch_labels.py for tasks to queue
[2021-09-21 01:40:18,781] {logging_mixin.py:109} INFO - [2021-09-21 01:40:18,781] {dagbag.py:496} INFO - Filling up the DagBag from /home/airflow/.local/lib/python3.6/site-packages/airflow/example_dags/example_branch_labels.py
[2021-09-21 01:40:18,794] {processor.py:623} INFO - DAG(s) dict_keys(['example_branch_labels']) retrieved from /home/airflow/.local/lib/python3.6/site-packages/airflow/example_dags/example_branch_labels.py
[2021-09-21 01:40:18,817] {logging_mixin.py:109} INFO - [2021-09-21 01:40:18,817] {dag.py:1834} INFO - Sync 1 DAGs
[2021-09-21 01:40:18,836] {logging_mixin.py:109} INFO - [2021-09-21 01:40:18,835] {dag.py:2287} INFO - Setting next_dagrun for example_branch_labels to 2021-09-19 00:00:00+00:00
[2021-09-21 01:40:18,845] {processor.py:170} INFO - Processing /home/airflow/.local/lib/python3.6/site-packages/airflow/example_dags/example_branch_labels.py took 0.072 seconds
[2021-09-21 01:40:49,465] {processor.py:162} INFO - Started process (PID=2919) to work on /home/airflow/.local/lib/python3.6/site-packages/airflow/example_dags/example_branch_labels.py
[2021-09-21 01:40:49,467] {processor.py:613} INFO - Processing file /home/airflow/.local/lib/python3.6/site-packages/airflow/example_dags/example_branch_labels.py for tasks to queue
[2021-09-21 01:40:49,469] {logging_mixin.py:109} INFO - [2021-09-21 01:40:49,469] {dagbag.py:496} INFO - Filling up the DagBag from /home/airflow/.local/lib/python3.6/site-packages/airflow/example_dags/example_branch_labels.py
[2021-09-21 01:40:49,484] {processor.py:623} INFO - DAG(s) dict_keys(['example_branch_labels']) retrieved from /home/airflow/.local/lib/python3.6/site-packages/airflow/example_dags/example_branch_labels.py
[2021-09-21 01:40:49,519] {logging_mixin.py:109} INFO - [2021-09-21 01:40:49,519] {dag.py:1834} INFO - Sync 1 DAGs
[2021-09-21 01:40:49,539] {logging_mixin.py:109} INFO - [2021-09-21 01:40:49,539] {dag.py:2287} INFO - Setting next_dagrun for example_branch_labels to 2021-09-19 00:00:00+00:00
[2021-09-21 01:40:49,550] {processor.py:170} INFO - Processing /home/airflow/.local/lib/python3.6/site-packages/airflow/example_dags/example_branch_labels.py took 0.088 seconds
[2021-09-21 01:41:20,298] {processor.py:162} INFO - Started process (PID=2972) to work on /home/airflow/.local/lib/python3.6/site-packages/airflow/example_dags/example_branch_labels.py
[2021-09-21 01:41:20,300] {processor.py:613} INFO - Processing file /home/airflow/.local/lib/python3.6/site-packages/airflow/example_dags/example_branch_labels.py for tasks to queue
[2021-09-21 01:41:20,301] {logging_mixin.py:109} INFO - [2021-09-21 01:41:20,301] {dagbag.py:496} INFO - Filling up the DagBag from /home/airflow/.local/lib/python3.6/site-packages/airflow/example_dags/example_branch_labels.py
[2021-09-21 01:41:20,314] {processor.py:623} INFO - DAG(s) dict_keys(['example_branch_labels']) retrieved from /home/airflow/.local/lib/python3.6/site-packages/airflow/example_dags/example_branch_labels.py
[2021-09-21 01:41:20,338] {logging_mixin.py:109} INFO - [2021-09-21 01:41:20,338] {dag.py:1834} INFO - Sync 1 DAGs
[2021-09-21 01:41:20,361] {logging_mixin.py:109} INFO - [2021-09-21 01:41:20,361] {dag.py:2287} INFO - Setting next_dagrun for example_branch_labels to 2021-09-19 00:00:00+00:00
[2021-09-21 01:41:20,369] {processor.py:170} INFO - Processing /home/airflow/.local/lib/python3.6/site-packages/airflow/example_dags/example_branch_labels.py took 0.074 seconds
[2021-09-21 01:41:50,576] {processor.py:162} INFO - Started process (PID=3037) to work on /home/airflow/.local/lib/python3.6/site-packages/airflow/example_dags/example_branch_labels.py
[2021-09-21 01:41:50,578] {processor.py:613} INFO - Processing file /home/airflow/.local/lib/python3.6/site-packages/airflow/example_dags/example_branch_labels.py for tasks to queue
[2021-09-21 01:41:50,579] {logging_mixin.py:109} INFO - [2021-09-21 01:41:50,579] {dagbag.py:496} INFO - Filling up the DagBag from /home/airflow/.local/lib/python3.6/site-packages/airflow/example_dags/example_branch_labels.py
[2021-09-21 01:41:50,592] {processor.py:623} INFO - DAG(s) dict_keys(['example_branch_labels']) retrieved from /home/airflow/.local/lib/python3.6/site-packages/airflow/example_dags/example_branch_labels.py
[2021-09-21 01:41:50,616] {logging_mixin.py:109} INFO - [2021-09-21 01:41:50,615] {dag.py:1834} INFO - Sync 1 DAGs
[2021-09-21 01:41:50,633] {logging_mixin.py:109} INFO - [2021-09-21 01:41:50,633] {dag.py:2287} INFO - Setting next_dagrun for example_branch_labels to 2021-09-19 00:00:00+00:00
[2021-09-21 01:41:50,643] {processor.py:170} INFO - Processing /home/airflow/.local/lib/python3.6/site-packages/airflow/example_dags/example_branch_labels.py took 0.072 seconds
[2021-09-21 01:42:20,718] {processor.py:162} INFO - Started process (PID=3092) to work on /home/airflow/.local/lib/python3.6/site-packages/airflow/example_dags/example_branch_labels.py
[2021-09-21 01:42:20,720] {processor.py:613} INFO - Processing file /home/airflow/.local/lib/python3.6/site-packages/airflow/example_dags/example_branch_labels.py for tasks to queue
[2021-09-21 01:42:20,721] {logging_mixin.py:109} INFO - [2021-09-21 01:42:20,721] {dagbag.py:496} INFO - Filling up the DagBag from /home/airflow/.local/lib/python3.6/site-packages/airflow/example_dags/example_branch_labels.py
[2021-09-21 01:42:20,735] {processor.py:623} INFO - DAG(s) dict_keys(['example_branch_labels']) retrieved from /home/airflow/.local/lib/python3.6/site-packages/airflow/example_dags/example_branch_labels.py
[2021-09-21 01:42:20,761] {logging_mixin.py:109} INFO - [2021-09-21 01:42:20,761] {dag.py:1834} INFO - Sync 1 DAGs
[2021-09-21 01:42:20,778] {logging_mixin.py:109} INFO - [2021-09-21 01:42:20,778] {dag.py:2287} INFO - Setting next_dagrun for example_branch_labels to 2021-09-19 00:00:00+00:00
[2021-09-21 01:42:20,787] {processor.py:170} INFO - Processing /home/airflow/.local/lib/python3.6/site-packages/airflow/example_dags/example_branch_labels.py took 0.073 seconds
[2021-09-21 01:42:50,956] {processor.py:162} INFO - Started process (PID=3157) to work on /home/airflow/.local/lib/python3.6/site-packages/airflow/example_dags/example_branch_labels.py
[2021-09-21 01:42:50,958] {processor.py:613} INFO - Processing file /home/airflow/.local/lib/python3.6/site-packages/airflow/example_dags/example_branch_labels.py for tasks to queue
[2021-09-21 01:42:50,959] {logging_mixin.py:109} INFO - [2021-09-21 01:42:50,959] {dagbag.py:496} INFO - Filling up the DagBag from /home/airflow/.local/lib/python3.6/site-packages/airflow/example_dags/example_branch_labels.py
[2021-09-21 01:42:50,973] {processor.py:623} INFO - DAG(s) dict_keys(['example_branch_labels']) retrieved from /home/airflow/.local/lib/python3.6/site-packages/airflow/example_dags/example_branch_labels.py
[2021-09-21 01:42:50,997] {logging_mixin.py:109} INFO - [2021-09-21 01:42:50,997] {dag.py:1834} INFO - Sync 1 DAGs
[2021-09-21 01:42:51,015] {logging_mixin.py:109} INFO - [2021-09-21 01:42:51,014] {dag.py:2287} INFO - Setting next_dagrun for example_branch_labels to 2021-09-19 00:00:00+00:00
[2021-09-21 01:42:51,023] {processor.py:170} INFO - Processing /home/airflow/.local/lib/python3.6/site-packages/airflow/example_dags/example_branch_labels.py took 0.071 seconds
[2021-09-21 01:43:24,692] {processor.py:162} INFO - Started process (PID=3215) to work on /home/airflow/.local/lib/python3.6/site-packages/airflow/example_dags/example_branch_labels.py
[2021-09-21 01:43:24,696] {processor.py:613} INFO - Processing file /home/airflow/.local/lib/python3.6/site-packages/airflow/example_dags/example_branch_labels.py for tasks to queue
[2021-09-21 01:43:24,700] {logging_mixin.py:109} INFO - [2021-09-21 01:43:24,700] {dagbag.py:496} INFO - Filling up the DagBag from /home/airflow/.local/lib/python3.6/site-packages/airflow/example_dags/example_branch_labels.py
[2021-09-21 01:43:24,732] {processor.py:623} INFO - DAG(s) dict_keys(['example_branch_labels']) retrieved from /home/airflow/.local/lib/python3.6/site-packages/airflow/example_dags/example_branch_labels.py
[2021-09-21 01:43:24,776] {logging_mixin.py:109} INFO - [2021-09-21 01:43:24,775] {dag.py:1834} INFO - Sync 1 DAGs
[2021-09-21 01:43:24,812] {logging_mixin.py:109} INFO - [2021-09-21 01:43:24,811] {dag.py:2287} INFO - Setting next_dagrun for example_branch_labels to 2021-09-19 00:00:00+00:00
[2021-09-21 01:43:24,830] {processor.py:170} INFO - Processing /home/airflow/.local/lib/python3.6/site-packages/airflow/example_dags/example_branch_labels.py took 0.146 seconds
[2021-09-21 01:43:54,916] {processor.py:162} INFO - Started process (PID=3268) to work on /home/airflow/.local/lib/python3.6/site-packages/airflow/example_dags/example_branch_labels.py
[2021-09-21 01:43:54,919] {processor.py:613} INFO - Processing file /home/airflow/.local/lib/python3.6/site-packages/airflow/example_dags/example_branch_labels.py for tasks to queue
[2021-09-21 01:43:54,921] {logging_mixin.py:109} INFO - [2021-09-21 01:43:54,920] {dagbag.py:496} INFO - Filling up the DagBag from /home/airflow/.local/lib/python3.6/site-packages/airflow/example_dags/example_branch_labels.py
[2021-09-21 01:43:54,934] {processor.py:623} INFO - DAG(s) dict_keys(['example_branch_labels']) retrieved from /home/airflow/.local/lib/python3.6/site-packages/airflow/example_dags/example_branch_labels.py
[2021-09-21 01:43:54,960] {logging_mixin.py:109} INFO - [2021-09-21 01:43:54,960] {dag.py:1834} INFO - Sync 1 DAGs
[2021-09-21 01:43:54,977] {logging_mixin.py:109} INFO - [2021-09-21 01:43:54,977] {dag.py:2287} INFO - Setting next_dagrun for example_branch_labels to 2021-09-19 00:00:00+00:00
[2021-09-21 01:43:54,988] {processor.py:170} INFO - Processing /home/airflow/.local/lib/python3.6/site-packages/airflow/example_dags/example_branch_labels.py took 0.075 seconds
[2021-09-21 01:44:25,540] {processor.py:162} INFO - Started process (PID=3332) to work on /home/airflow/.local/lib/python3.6/site-packages/airflow/example_dags/example_branch_labels.py
[2021-09-21 01:44:25,542] {processor.py:613} INFO - Processing file /home/airflow/.local/lib/python3.6/site-packages/airflow/example_dags/example_branch_labels.py for tasks to queue
[2021-09-21 01:44:25,544] {logging_mixin.py:109} INFO - [2021-09-21 01:44:25,544] {dagbag.py:496} INFO - Filling up the DagBag from /home/airflow/.local/lib/python3.6/site-packages/airflow/example_dags/example_branch_labels.py
[2021-09-21 01:44:25,558] {processor.py:623} INFO - DAG(s) dict_keys(['example_branch_labels']) retrieved from /home/airflow/.local/lib/python3.6/site-packages/airflow/example_dags/example_branch_labels.py
[2021-09-21 01:44:25,582] {logging_mixin.py:109} INFO - [2021-09-21 01:44:25,582] {dag.py:1834} INFO - Sync 1 DAGs
[2021-09-21 01:44:25,599] {logging_mixin.py:109} INFO - [2021-09-21 01:44:25,599] {dag.py:2287} INFO - Setting next_dagrun for example_branch_labels to 2021-09-19 00:00:00+00:00
[2021-09-21 01:44:25,610] {processor.py:170} INFO - Processing /home/airflow/.local/lib/python3.6/site-packages/airflow/example_dags/example_branch_labels.py took 0.073 seconds
[2021-09-21 01:44:56,556] {processor.py:162} INFO - Started process (PID=3384) to work on /home/airflow/.local/lib/python3.6/site-packages/airflow/example_dags/example_branch_labels.py
[2021-09-21 01:44:56,558] {processor.py:613} INFO - Processing file /home/airflow/.local/lib/python3.6/site-packages/airflow/example_dags/example_branch_labels.py for tasks to queue
[2021-09-21 01:44:56,559] {logging_mixin.py:109} INFO - [2021-09-21 01:44:56,559] {dagbag.py:496} INFO - Filling up the DagBag from /home/airflow/.local/lib/python3.6/site-packages/airflow/example_dags/example_branch_labels.py
[2021-09-21 01:44:56,573] {processor.py:623} INFO - DAG(s) dict_keys(['example_branch_labels']) retrieved from /home/airflow/.local/lib/python3.6/site-packages/airflow/example_dags/example_branch_labels.py
[2021-09-21 01:44:56,595] {logging_mixin.py:109} INFO - [2021-09-21 01:44:56,595] {dag.py:1834} INFO - Sync 1 DAGs
[2021-09-21 01:44:56,612] {logging_mixin.py:109} INFO - [2021-09-21 01:44:56,612] {dag.py:2287} INFO - Setting next_dagrun for example_branch_labels to 2021-09-19 00:00:00+00:00
[2021-09-21 01:44:56,621] {processor.py:170} INFO - Processing /home/airflow/.local/lib/python3.6/site-packages/airflow/example_dags/example_branch_labels.py took 0.069 seconds
[2021-09-21 01:45:27,561] {processor.py:162} INFO - Started process (PID=3448) to work on /home/airflow/.local/lib/python3.6/site-packages/airflow/example_dags/example_branch_labels.py
[2021-09-21 01:45:27,562] {processor.py:613} INFO - Processing file /home/airflow/.local/lib/python3.6/site-packages/airflow/example_dags/example_branch_labels.py for tasks to queue
[2021-09-21 01:45:27,564] {logging_mixin.py:109} INFO - [2021-09-21 01:45:27,564] {dagbag.py:496} INFO - Filling up the DagBag from /home/airflow/.local/lib/python3.6/site-packages/airflow/example_dags/example_branch_labels.py
[2021-09-21 01:45:27,583] {processor.py:623} INFO - DAG(s) dict_keys(['example_branch_labels']) retrieved from /home/airflow/.local/lib/python3.6/site-packages/airflow/example_dags/example_branch_labels.py
[2021-09-21 01:45:27,606] {logging_mixin.py:109} INFO - [2021-09-21 01:45:27,606] {dag.py:1834} INFO - Sync 1 DAGs
[2021-09-21 01:45:27,623] {logging_mixin.py:109} INFO - [2021-09-21 01:45:27,623] {dag.py:2287} INFO - Setting next_dagrun for example_branch_labels to 2021-09-19 00:00:00+00:00
[2021-09-21 01:45:27,633] {processor.py:170} INFO - Processing /home/airflow/.local/lib/python3.6/site-packages/airflow/example_dags/example_branch_labels.py took 0.076 seconds
[2021-09-21 01:45:58,331] {processor.py:162} INFO - Started process (PID=3511) to work on /home/airflow/.local/lib/python3.6/site-packages/airflow/example_dags/example_branch_labels.py
[2021-09-21 01:45:58,333] {processor.py:613} INFO - Processing file /home/airflow/.local/lib/python3.6/site-packages/airflow/example_dags/example_branch_labels.py for tasks to queue
[2021-09-21 01:45:58,334] {logging_mixin.py:109} INFO - [2021-09-21 01:45:58,334] {dagbag.py:496} INFO - Filling up the DagBag from /home/airflow/.local/lib/python3.6/site-packages/airflow/example_dags/example_branch_labels.py
[2021-09-21 01:45:58,349] {processor.py:623} INFO - DAG(s) dict_keys(['example_branch_labels']) retrieved from /home/airflow/.local/lib/python3.6/site-packages/airflow/example_dags/example_branch_labels.py
[2021-09-21 01:45:58,372] {logging_mixin.py:109} INFO - [2021-09-21 01:45:58,372] {dag.py:1834} INFO - Sync 1 DAGs
[2021-09-21 01:45:58,391] {logging_mixin.py:109} INFO - [2021-09-21 01:45:58,391] {dag.py:2287} INFO - Setting next_dagrun for example_branch_labels to 2021-09-19 00:00:00+00:00
[2021-09-21 01:45:58,401] {processor.py:170} INFO - Processing /home/airflow/.local/lib/python3.6/site-packages/airflow/example_dags/example_branch_labels.py took 0.074 seconds
[2021-09-21 01:46:29,480] {processor.py:162} INFO - Started process (PID=3570) to work on /home/airflow/.local/lib/python3.6/site-packages/airflow/example_dags/example_branch_labels.py
[2021-09-21 01:46:29,483] {processor.py:613} INFO - Processing file /home/airflow/.local/lib/python3.6/site-packages/airflow/example_dags/example_branch_labels.py for tasks to queue
[2021-09-21 01:46:29,485] {logging_mixin.py:109} INFO - [2021-09-21 01:46:29,485] {dagbag.py:496} INFO - Filling up the DagBag from /home/airflow/.local/lib/python3.6/site-packages/airflow/example_dags/example_branch_labels.py
[2021-09-21 01:46:29,507] {processor.py:623} INFO - DAG(s) dict_keys(['example_branch_labels']) retrieved from /home/airflow/.local/lib/python3.6/site-packages/airflow/example_dags/example_branch_labels.py
[2021-09-21 01:46:29,536] {logging_mixin.py:109} INFO - [2021-09-21 01:46:29,536] {dag.py:1834} INFO - Sync 1 DAGs
[2021-09-21 01:46:29,556] {logging_mixin.py:109} INFO - [2021-09-21 01:46:29,556] {dag.py:2287} INFO - Setting next_dagrun for example_branch_labels to 2021-09-19 00:00:00+00:00
[2021-09-21 01:46:29,566] {processor.py:170} INFO - Processing /home/airflow/.local/lib/python3.6/site-packages/airflow/example_dags/example_branch_labels.py took 0.091 seconds
[2021-09-21 01:47:00,616] {processor.py:162} INFO - Started process (PID=3629) to work on /home/airflow/.local/lib/python3.6/site-packages/airflow/example_dags/example_branch_labels.py
[2021-09-21 01:47:00,647] {processor.py:613} INFO - Processing file /home/airflow/.local/lib/python3.6/site-packages/airflow/example_dags/example_branch_labels.py for tasks to queue
[2021-09-21 01:47:00,649] {logging_mixin.py:109} INFO - [2021-09-21 01:47:00,649] {dagbag.py:496} INFO - Filling up the DagBag from /home/airflow/.local/lib/python3.6/site-packages/airflow/example_dags/example_branch_labels.py
[2021-09-21 01:47:00,666] {processor.py:623} INFO - DAG(s) dict_keys(['example_branch_labels']) retrieved from /home/airflow/.local/lib/python3.6/site-packages/airflow/example_dags/example_branch_labels.py
[2021-09-21 01:47:00,697] {logging_mixin.py:109} INFO - [2021-09-21 01:47:00,697] {dag.py:1834} INFO - Sync 1 DAGs
[2021-09-21 01:47:00,719] {logging_mixin.py:109} INFO - [2021-09-21 01:47:00,719] {dag.py:2287} INFO - Setting next_dagrun for example_branch_labels to 2021-09-19 00:00:00+00:00
[2021-09-21 01:47:00,735] {processor.py:170} INFO - Processing /home/airflow/.local/lib/python3.6/site-packages/airflow/example_dags/example_branch_labels.py took 0.123 seconds
[2021-09-21 01:47:30,878] {processor.py:162} INFO - Started process (PID=3683) to work on /home/airflow/.local/lib/python3.6/site-packages/airflow/example_dags/example_branch_labels.py
[2021-09-21 01:47:30,885] {processor.py:613} INFO - Processing file /home/airflow/.local/lib/python3.6/site-packages/airflow/example_dags/example_branch_labels.py for tasks to queue
[2021-09-21 01:47:30,887] {logging_mixin.py:109} INFO - [2021-09-21 01:47:30,887] {dagbag.py:496} INFO - Filling up the DagBag from /home/airflow/.local/lib/python3.6/site-packages/airflow/example_dags/example_branch_labels.py
[2021-09-21 01:47:30,909] {processor.py:623} INFO - DAG(s) dict_keys(['example_branch_labels']) retrieved from /home/airflow/.local/lib/python3.6/site-packages/airflow/example_dags/example_branch_labels.py
[2021-09-21 01:47:30,956] {logging_mixin.py:109} INFO - [2021-09-21 01:47:30,955] {dag.py:1834} INFO - Sync 1 DAGs
[2021-09-21 01:47:30,986] {logging_mixin.py:109} INFO - [2021-09-21 01:47:30,986] {dag.py:2287} INFO - Setting next_dagrun for example_branch_labels to 2021-09-19 00:00:00+00:00
[2021-09-21 01:47:31,002] {processor.py:170} INFO - Processing /home/airflow/.local/lib/python3.6/site-packages/airflow/example_dags/example_branch_labels.py took 0.129 seconds
[2021-09-21 01:48:01,079] {processor.py:162} INFO - Started process (PID=3747) to work on /home/airflow/.local/lib/python3.6/site-packages/airflow/example_dags/example_branch_labels.py
[2021-09-21 01:48:01,081] {processor.py:613} INFO - Processing file /home/airflow/.local/lib/python3.6/site-packages/airflow/example_dags/example_branch_labels.py for tasks to queue
[2021-09-21 01:48:01,082] {logging_mixin.py:109} INFO - [2021-09-21 01:48:01,082] {dagbag.py:496} INFO - Filling up the DagBag from /home/airflow/.local/lib/python3.6/site-packages/airflow/example_dags/example_branch_labels.py
[2021-09-21 01:48:01,094] {processor.py:623} INFO - DAG(s) dict_keys(['example_branch_labels']) retrieved from /home/airflow/.local/lib/python3.6/site-packages/airflow/example_dags/example_branch_labels.py
[2021-09-21 01:48:01,117] {logging_mixin.py:109} INFO - [2021-09-21 01:48:01,116] {dag.py:1834} INFO - Sync 1 DAGs
[2021-09-21 01:48:01,134] {logging_mixin.py:109} INFO - [2021-09-21 01:48:01,134] {dag.py:2287} INFO - Setting next_dagrun for example_branch_labels to 2021-09-19 00:00:00+00:00
[2021-09-21 01:48:01,143] {processor.py:170} INFO - Processing /home/airflow/.local/lib/python3.6/site-packages/airflow/example_dags/example_branch_labels.py took 0.067 seconds
[2021-09-21 01:48:31,485] {processor.py:162} INFO - Started process (PID=3812) to work on /home/airflow/.local/lib/python3.6/site-packages/airflow/example_dags/example_branch_labels.py
[2021-09-21 01:48:31,487] {processor.py:613} INFO - Processing file /home/airflow/.local/lib/python3.6/site-packages/airflow/example_dags/example_branch_labels.py for tasks to queue
[2021-09-21 01:48:31,489] {logging_mixin.py:109} INFO - [2021-09-21 01:48:31,488] {dagbag.py:496} INFO - Filling up the DagBag from /home/airflow/.local/lib/python3.6/site-packages/airflow/example_dags/example_branch_labels.py
[2021-09-21 01:48:31,502] {processor.py:623} INFO - DAG(s) dict_keys(['example_branch_labels']) retrieved from /home/airflow/.local/lib/python3.6/site-packages/airflow/example_dags/example_branch_labels.py
[2021-09-21 01:48:31,526] {logging_mixin.py:109} INFO - [2021-09-21 01:48:31,526] {dag.py:1834} INFO - Sync 1 DAGs
[2021-09-21 01:48:31,543] {logging_mixin.py:109} INFO - [2021-09-21 01:48:31,543] {dag.py:2287} INFO - Setting next_dagrun for example_branch_labels to 2021-09-19 00:00:00+00:00
[2021-09-21 01:48:31,553] {processor.py:170} INFO - Processing /home/airflow/.local/lib/python3.6/site-packages/airflow/example_dags/example_branch_labels.py took 0.071 seconds
[2021-09-21 01:49:01,668] {processor.py:162} INFO - Started process (PID=3864) to work on /home/airflow/.local/lib/python3.6/site-packages/airflow/example_dags/example_branch_labels.py
[2021-09-21 01:49:01,670] {processor.py:613} INFO - Processing file /home/airflow/.local/lib/python3.6/site-packages/airflow/example_dags/example_branch_labels.py for tasks to queue
[2021-09-21 01:49:01,672] {logging_mixin.py:109} INFO - [2021-09-21 01:49:01,671] {dagbag.py:496} INFO - Filling up the DagBag from /home/airflow/.local/lib/python3.6/site-packages/airflow/example_dags/example_branch_labels.py
[2021-09-21 01:49:01,685] {processor.py:623} INFO - DAG(s) dict_keys(['example_branch_labels']) retrieved from /home/airflow/.local/lib/python3.6/site-packages/airflow/example_dags/example_branch_labels.py
[2021-09-21 01:49:01,713] {logging_mixin.py:109} INFO - [2021-09-21 01:49:01,713] {dag.py:1834} INFO - Sync 1 DAGs
[2021-09-21 01:49:01,735] {logging_mixin.py:109} INFO - [2021-09-21 01:49:01,735] {dag.py:2287} INFO - Setting next_dagrun for example_branch_labels to 2021-09-19 00:00:00+00:00
[2021-09-21 01:49:01,744] {processor.py:170} INFO - Processing /home/airflow/.local/lib/python3.6/site-packages/airflow/example_dags/example_branch_labels.py took 0.080 seconds
[2021-09-21 01:49:32,064] {processor.py:162} INFO - Started process (PID=3927) to work on /home/airflow/.local/lib/python3.6/site-packages/airflow/example_dags/example_branch_labels.py
[2021-09-21 01:49:32,066] {processor.py:613} INFO - Processing file /home/airflow/.local/lib/python3.6/site-packages/airflow/example_dags/example_branch_labels.py for tasks to queue
[2021-09-21 01:49:32,067] {logging_mixin.py:109} INFO - [2021-09-21 01:49:32,067] {dagbag.py:496} INFO - Filling up the DagBag from /home/airflow/.local/lib/python3.6/site-packages/airflow/example_dags/example_branch_labels.py
[2021-09-21 01:49:32,081] {processor.py:623} INFO - DAG(s) dict_keys(['example_branch_labels']) retrieved from /home/airflow/.local/lib/python3.6/site-packages/airflow/example_dags/example_branch_labels.py
[2021-09-21 01:49:32,104] {logging_mixin.py:109} INFO - [2021-09-21 01:49:32,104] {dag.py:1834} INFO - Sync 1 DAGs
[2021-09-21 01:49:32,121] {logging_mixin.py:109} INFO - [2021-09-21 01:49:32,121] {dag.py:2287} INFO - Setting next_dagrun for example_branch_labels to 2021-09-19 00:00:00+00:00
[2021-09-21 01:49:32,132] {processor.py:170} INFO - Processing /home/airflow/.local/lib/python3.6/site-packages/airflow/example_dags/example_branch_labels.py took 0.072 seconds
[2021-09-21 01:50:02,377] {processor.py:162} INFO - Started process (PID=3990) to work on /home/airflow/.local/lib/python3.6/site-packages/airflow/example_dags/example_branch_labels.py
[2021-09-21 01:50:02,379] {processor.py:613} INFO - Processing file /home/airflow/.local/lib/python3.6/site-packages/airflow/example_dags/example_branch_labels.py for tasks to queue
[2021-09-21 01:50:02,380] {logging_mixin.py:109} INFO - [2021-09-21 01:50:02,380] {dagbag.py:496} INFO - Filling up the DagBag from /home/airflow/.local/lib/python3.6/site-packages/airflow/example_dags/example_branch_labels.py
[2021-09-21 01:50:02,393] {processor.py:623} INFO - DAG(s) dict_keys(['example_branch_labels']) retrieved from /home/airflow/.local/lib/python3.6/site-packages/airflow/example_dags/example_branch_labels.py
[2021-09-21 01:50:02,420] {logging_mixin.py:109} INFO - [2021-09-21 01:50:02,420] {dag.py:1834} INFO - Sync 1 DAGs
[2021-09-21 01:50:02,439] {logging_mixin.py:109} INFO - [2021-09-21 01:50:02,439] {dag.py:2287} INFO - Setting next_dagrun for example_branch_labels to 2021-09-19 00:00:00+00:00
[2021-09-21 01:50:02,451] {processor.py:170} INFO - Processing /home/airflow/.local/lib/python3.6/site-packages/airflow/example_dags/example_branch_labels.py took 0.077 seconds
[2021-09-21 01:50:33,241] {processor.py:162} INFO - Started process (PID=4042) to work on /home/airflow/.local/lib/python3.6/site-packages/airflow/example_dags/example_branch_labels.py
[2021-09-21 01:50:33,244] {processor.py:613} INFO - Processing file /home/airflow/.local/lib/python3.6/site-packages/airflow/example_dags/example_branch_labels.py for tasks to queue
[2021-09-21 01:50:33,245] {logging_mixin.py:109} INFO - [2021-09-21 01:50:33,245] {dagbag.py:496} INFO - Filling up the DagBag from /home/airflow/.local/lib/python3.6/site-packages/airflow/example_dags/example_branch_labels.py
[2021-09-21 01:50:33,263] {processor.py:623} INFO - DAG(s) dict_keys(['example_branch_labels']) retrieved from /home/airflow/.local/lib/python3.6/site-packages/airflow/example_dags/example_branch_labels.py
[2021-09-21 01:50:33,290] {logging_mixin.py:109} INFO - [2021-09-21 01:50:33,290] {dag.py:1834} INFO - Sync 1 DAGs
[2021-09-21 01:50:33,313] {logging_mixin.py:109} INFO - [2021-09-21 01:50:33,313] {dag.py:2287} INFO - Setting next_dagrun for example_branch_labels to 2021-09-19 00:00:00+00:00
[2021-09-21 01:50:33,325] {processor.py:170} INFO - Processing /home/airflow/.local/lib/python3.6/site-packages/airflow/example_dags/example_branch_labels.py took 0.089 seconds
[2021-09-21 01:51:03,532] {processor.py:162} INFO - Started process (PID=4106) to work on /home/airflow/.local/lib/python3.6/site-packages/airflow/example_dags/example_branch_labels.py
[2021-09-21 01:51:03,534] {processor.py:613} INFO - Processing file /home/airflow/.local/lib/python3.6/site-packages/airflow/example_dags/example_branch_labels.py for tasks to queue
[2021-09-21 01:51:03,536] {logging_mixin.py:109} INFO - [2021-09-21 01:51:03,536] {dagbag.py:496} INFO - Filling up the DagBag from /home/airflow/.local/lib/python3.6/site-packages/airflow/example_dags/example_branch_labels.py
[2021-09-21 01:51:03,555] {processor.py:623} INFO - DAG(s) dict_keys(['example_branch_labels']) retrieved from /home/airflow/.local/lib/python3.6/site-packages/airflow/example_dags/example_branch_labels.py
[2021-09-21 01:51:03,592] {logging_mixin.py:109} INFO - [2021-09-21 01:51:03,592] {dag.py:1834} INFO - Sync 1 DAGs
[2021-09-21 01:51:03,623] {logging_mixin.py:109} INFO - [2021-09-21 01:51:03,623] {dag.py:2287} INFO - Setting next_dagrun for example_branch_labels to 2021-09-19 00:00:00+00:00
[2021-09-21 01:51:03,643] {processor.py:170} INFO - Processing /home/airflow/.local/lib/python3.6/site-packages/airflow/example_dags/example_branch_labels.py took 0.117 seconds
[2021-09-21 01:51:33,866] {processor.py:162} INFO - Started process (PID=4159) to work on /home/airflow/.local/lib/python3.6/site-packages/airflow/example_dags/example_branch_labels.py
[2021-09-21 01:51:33,868] {processor.py:613} INFO - Processing file /home/airflow/.local/lib/python3.6/site-packages/airflow/example_dags/example_branch_labels.py for tasks to queue
[2021-09-21 01:51:33,870] {logging_mixin.py:109} INFO - [2021-09-21 01:51:33,869] {dagbag.py:496} INFO - Filling up the DagBag from /home/airflow/.local/lib/python3.6/site-packages/airflow/example_dags/example_branch_labels.py
[2021-09-21 01:51:33,885] {processor.py:623} INFO - DAG(s) dict_keys(['example_branch_labels']) retrieved from /home/airflow/.local/lib/python3.6/site-packages/airflow/example_dags/example_branch_labels.py
[2021-09-21 01:51:33,910] {logging_mixin.py:109} INFO - [2021-09-21 01:51:33,910] {dag.py:1834} INFO - Sync 1 DAGs
[2021-09-21 01:51:33,931] {logging_mixin.py:109} INFO - [2021-09-21 01:51:33,931] {dag.py:2287} INFO - Setting next_dagrun for example_branch_labels to 2021-09-19 00:00:00+00:00
[2021-09-21 01:51:33,941] {processor.py:170} INFO - Processing /home/airflow/.local/lib/python3.6/site-packages/airflow/example_dags/example_branch_labels.py took 0.078 seconds
[2021-09-21 01:52:05,047] {processor.py:162} INFO - Started process (PID=4221) to work on /home/airflow/.local/lib/python3.6/site-packages/airflow/example_dags/example_branch_labels.py
[2021-09-21 01:52:05,052] {processor.py:613} INFO - Processing file /home/airflow/.local/lib/python3.6/site-packages/airflow/example_dags/example_branch_labels.py for tasks to queue
[2021-09-21 01:52:05,056] {logging_mixin.py:109} INFO - [2021-09-21 01:52:05,055] {dagbag.py:496} INFO - Filling up the DagBag from /home/airflow/.local/lib/python3.6/site-packages/airflow/example_dags/example_branch_labels.py
[2021-09-21 01:52:05,074] {processor.py:623} INFO - DAG(s) dict_keys(['example_branch_labels']) retrieved from /home/airflow/.local/lib/python3.6/site-packages/airflow/example_dags/example_branch_labels.py
[2021-09-21 01:52:05,114] {logging_mixin.py:109} INFO - [2021-09-21 01:52:05,114] {dag.py:1834} INFO - Sync 1 DAGs
[2021-09-21 01:52:05,143] {logging_mixin.py:109} INFO - [2021-09-21 01:52:05,143] {dag.py:2287} INFO - Setting next_dagrun for example_branch_labels to 2021-09-19 00:00:00+00:00
[2021-09-21 01:52:05,158] {processor.py:170} INFO - Processing /home/airflow/.local/lib/python3.6/site-packages/airflow/example_dags/example_branch_labels.py took 0.117 seconds
[2021-09-21 01:52:35,485] {processor.py:162} INFO - Started process (PID=4277) to work on /home/airflow/.local/lib/python3.6/site-packages/airflow/example_dags/example_branch_labels.py
[2021-09-21 01:52:35,487] {processor.py:613} INFO - Processing file /home/airflow/.local/lib/python3.6/site-packages/airflow/example_dags/example_branch_labels.py for tasks to queue
[2021-09-21 01:52:35,489] {logging_mixin.py:109} INFO - [2021-09-21 01:52:35,489] {dagbag.py:496} INFO - Filling up the DagBag from /home/airflow/.local/lib/python3.6/site-packages/airflow/example_dags/example_branch_labels.py
[2021-09-21 01:52:35,509] {processor.py:623} INFO - DAG(s) dict_keys(['example_branch_labels']) retrieved from /home/airflow/.local/lib/python3.6/site-packages/airflow/example_dags/example_branch_labels.py
[2021-09-21 01:52:35,539] {logging_mixin.py:109} INFO - [2021-09-21 01:52:35,539] {dag.py:1834} INFO - Sync 1 DAGs
[2021-09-21 01:52:35,561] {logging_mixin.py:109} INFO - [2021-09-21 01:52:35,561] {dag.py:2287} INFO - Setting next_dagrun for example_branch_labels to 2021-09-19 00:00:00+00:00
[2021-09-21 01:52:35,571] {processor.py:170} INFO - Processing /home/airflow/.local/lib/python3.6/site-packages/airflow/example_dags/example_branch_labels.py took 0.090 seconds
