[2021-09-21 01:17:27,962] {processor.py:162} INFO - Started process (PID=193) to work on /home/airflow/.local/lib/python3.6/site-packages/airflow/example_dags/example_python_operator.py
[2021-09-21 01:17:27,965] {processor.py:613} INFO - Processing file /home/airflow/.local/lib/python3.6/site-packages/airflow/example_dags/example_python_operator.py for tasks to queue
[2021-09-21 01:17:27,966] {logging_mixin.py:109} INFO - [2021-09-21 01:17:27,966] {dagbag.py:496} INFO - Filling up the DagBag from /home/airflow/.local/lib/python3.6/site-packages/airflow/example_dags/example_python_operator.py
[2021-09-21 01:17:27,984] {processor.py:623} INFO - DAG(s) dict_keys(['example_python_operator']) retrieved from /home/airflow/.local/lib/python3.6/site-packages/airflow/example_dags/example_python_operator.py
[2021-09-21 01:17:30,059] {logging_mixin.py:109} INFO - [2021-09-21 01:17:30,057] {dag.py:1834} INFO - Sync 1 DAGs
[2021-09-21 01:17:30,070] {logging_mixin.py:109} INFO - [2021-09-21 01:17:30,069] {dag.py:1853} INFO - Creating ORM DAG for example_python_operator
[2021-09-21 01:17:30,075] {logging_mixin.py:109} INFO - [2021-09-21 01:17:30,074] {dag.py:2287} INFO - Setting next_dagrun for example_python_operator to None
[2021-09-21 01:17:30,090] {processor.py:170} INFO - Processing /home/airflow/.local/lib/python3.6/site-packages/airflow/example_dags/example_python_operator.py took 2.133 seconds
[2021-09-21 01:18:00,191] {processor.py:162} INFO - Started process (PID=330) to work on /home/airflow/.local/lib/python3.6/site-packages/airflow/example_dags/example_python_operator.py
[2021-09-21 01:18:00,192] {processor.py:613} INFO - Processing file /home/airflow/.local/lib/python3.6/site-packages/airflow/example_dags/example_python_operator.py for tasks to queue
[2021-09-21 01:18:00,194] {logging_mixin.py:109} INFO - [2021-09-21 01:18:00,194] {dagbag.py:496} INFO - Filling up the DagBag from /home/airflow/.local/lib/python3.6/site-packages/airflow/example_dags/example_python_operator.py
[2021-09-21 01:18:00,207] {processor.py:623} INFO - DAG(s) dict_keys(['example_python_operator']) retrieved from /home/airflow/.local/lib/python3.6/site-packages/airflow/example_dags/example_python_operator.py
[2021-09-21 01:18:00,229] {logging_mixin.py:109} INFO - [2021-09-21 01:18:00,229] {dag.py:1834} INFO - Sync 1 DAGs
[2021-09-21 01:18:00,242] {logging_mixin.py:109} INFO - [2021-09-21 01:18:00,242] {dag.py:2287} INFO - Setting next_dagrun for example_python_operator to None
[2021-09-21 01:18:00,286] {processor.py:170} INFO - Processing /home/airflow/.local/lib/python3.6/site-packages/airflow/example_dags/example_python_operator.py took 0.099 seconds
[2021-09-21 01:18:30,449] {processor.py:162} INFO - Started process (PID=395) to work on /home/airflow/.local/lib/python3.6/site-packages/airflow/example_dags/example_python_operator.py
[2021-09-21 01:18:30,452] {processor.py:613} INFO - Processing file /home/airflow/.local/lib/python3.6/site-packages/airflow/example_dags/example_python_operator.py for tasks to queue
[2021-09-21 01:18:30,453] {logging_mixin.py:109} INFO - [2021-09-21 01:18:30,453] {dagbag.py:496} INFO - Filling up the DagBag from /home/airflow/.local/lib/python3.6/site-packages/airflow/example_dags/example_python_operator.py
[2021-09-21 01:18:30,469] {processor.py:623} INFO - DAG(s) dict_keys(['example_python_operator']) retrieved from /home/airflow/.local/lib/python3.6/site-packages/airflow/example_dags/example_python_operator.py
[2021-09-21 01:18:30,496] {logging_mixin.py:109} INFO - [2021-09-21 01:18:30,496] {dag.py:1834} INFO - Sync 1 DAGs
[2021-09-21 01:18:30,512] {logging_mixin.py:109} INFO - [2021-09-21 01:18:30,512] {dag.py:2287} INFO - Setting next_dagrun for example_python_operator to None
[2021-09-21 01:18:30,524] {processor.py:170} INFO - Processing /home/airflow/.local/lib/python3.6/site-packages/airflow/example_dags/example_python_operator.py took 0.079 seconds
[2021-09-21 01:19:00,608] {processor.py:162} INFO - Started process (PID=447) to work on /home/airflow/.local/lib/python3.6/site-packages/airflow/example_dags/example_python_operator.py
[2021-09-21 01:19:00,610] {processor.py:613} INFO - Processing file /home/airflow/.local/lib/python3.6/site-packages/airflow/example_dags/example_python_operator.py for tasks to queue
[2021-09-21 01:19:00,612] {logging_mixin.py:109} INFO - [2021-09-21 01:19:00,612] {dagbag.py:496} INFO - Filling up the DagBag from /home/airflow/.local/lib/python3.6/site-packages/airflow/example_dags/example_python_operator.py
[2021-09-21 01:19:00,627] {processor.py:623} INFO - DAG(s) dict_keys(['example_python_operator']) retrieved from /home/airflow/.local/lib/python3.6/site-packages/airflow/example_dags/example_python_operator.py
[2021-09-21 01:19:00,653] {logging_mixin.py:109} INFO - [2021-09-21 01:19:00,653] {dag.py:1834} INFO - Sync 1 DAGs
[2021-09-21 01:19:00,669] {logging_mixin.py:109} INFO - [2021-09-21 01:19:00,669] {dag.py:2287} INFO - Setting next_dagrun for example_python_operator to None
[2021-09-21 01:19:00,679] {processor.py:170} INFO - Processing /home/airflow/.local/lib/python3.6/site-packages/airflow/example_dags/example_python_operator.py took 0.075 seconds
[2021-09-21 01:19:30,757] {processor.py:162} INFO - Started process (PID=510) to work on /home/airflow/.local/lib/python3.6/site-packages/airflow/example_dags/example_python_operator.py
[2021-09-21 01:19:30,759] {processor.py:613} INFO - Processing file /home/airflow/.local/lib/python3.6/site-packages/airflow/example_dags/example_python_operator.py for tasks to queue
[2021-09-21 01:19:30,760] {logging_mixin.py:109} INFO - [2021-09-21 01:19:30,760] {dagbag.py:496} INFO - Filling up the DagBag from /home/airflow/.local/lib/python3.6/site-packages/airflow/example_dags/example_python_operator.py
[2021-09-21 01:19:30,771] {processor.py:623} INFO - DAG(s) dict_keys(['example_python_operator']) retrieved from /home/airflow/.local/lib/python3.6/site-packages/airflow/example_dags/example_python_operator.py
[2021-09-21 01:19:30,793] {logging_mixin.py:109} INFO - [2021-09-21 01:19:30,793] {dag.py:1834} INFO - Sync 1 DAGs
[2021-09-21 01:19:30,806] {logging_mixin.py:109} INFO - [2021-09-21 01:19:30,805] {dag.py:2287} INFO - Setting next_dagrun for example_python_operator to None
[2021-09-21 01:19:30,814] {processor.py:170} INFO - Processing /home/airflow/.local/lib/python3.6/site-packages/airflow/example_dags/example_python_operator.py took 0.061 seconds
[2021-09-21 01:20:00,888] {processor.py:162} INFO - Started process (PID=573) to work on /home/airflow/.local/lib/python3.6/site-packages/airflow/example_dags/example_python_operator.py
[2021-09-21 01:20:00,890] {processor.py:613} INFO - Processing file /home/airflow/.local/lib/python3.6/site-packages/airflow/example_dags/example_python_operator.py for tasks to queue
[2021-09-21 01:20:00,892] {logging_mixin.py:109} INFO - [2021-09-21 01:20:00,892] {dagbag.py:496} INFO - Filling up the DagBag from /home/airflow/.local/lib/python3.6/site-packages/airflow/example_dags/example_python_operator.py
[2021-09-21 01:20:00,910] {processor.py:623} INFO - DAG(s) dict_keys(['example_python_operator']) retrieved from /home/airflow/.local/lib/python3.6/site-packages/airflow/example_dags/example_python_operator.py
[2021-09-21 01:20:00,936] {logging_mixin.py:109} INFO - [2021-09-21 01:20:00,936] {dag.py:1834} INFO - Sync 1 DAGs
[2021-09-21 01:20:00,951] {logging_mixin.py:109} INFO - [2021-09-21 01:20:00,951] {dag.py:2287} INFO - Setting next_dagrun for example_python_operator to None
[2021-09-21 01:20:00,966] {processor.py:170} INFO - Processing /home/airflow/.local/lib/python3.6/site-packages/airflow/example_dags/example_python_operator.py took 0.082 seconds
[2021-09-21 01:20:31,005] {processor.py:162} INFO - Started process (PID=626) to work on /home/airflow/.local/lib/python3.6/site-packages/airflow/example_dags/example_python_operator.py
[2021-09-21 01:20:31,007] {processor.py:613} INFO - Processing file /home/airflow/.local/lib/python3.6/site-packages/airflow/example_dags/example_python_operator.py for tasks to queue
[2021-09-21 01:20:31,009] {logging_mixin.py:109} INFO - [2021-09-21 01:20:31,008] {dagbag.py:496} INFO - Filling up the DagBag from /home/airflow/.local/lib/python3.6/site-packages/airflow/example_dags/example_python_operator.py
[2021-09-21 01:20:31,023] {processor.py:623} INFO - DAG(s) dict_keys(['example_python_operator']) retrieved from /home/airflow/.local/lib/python3.6/site-packages/airflow/example_dags/example_python_operator.py
[2021-09-21 01:20:31,046] {logging_mixin.py:109} INFO - [2021-09-21 01:20:31,046] {dag.py:1834} INFO - Sync 1 DAGs
[2021-09-21 01:20:31,060] {logging_mixin.py:109} INFO - [2021-09-21 01:20:31,060] {dag.py:2287} INFO - Setting next_dagrun for example_python_operator to None
[2021-09-21 01:20:31,069] {processor.py:170} INFO - Processing /home/airflow/.local/lib/python3.6/site-packages/airflow/example_dags/example_python_operator.py took 0.067 seconds
[2021-09-21 01:21:01,410] {processor.py:162} INFO - Started process (PID=692) to work on /home/airflow/.local/lib/python3.6/site-packages/airflow/example_dags/example_python_operator.py
[2021-09-21 01:21:01,415] {processor.py:613} INFO - Processing file /home/airflow/.local/lib/python3.6/site-packages/airflow/example_dags/example_python_operator.py for tasks to queue
[2021-09-21 01:21:01,436] {logging_mixin.py:109} INFO - [2021-09-21 01:21:01,434] {dagbag.py:496} INFO - Filling up the DagBag from /home/airflow/.local/lib/python3.6/site-packages/airflow/example_dags/example_python_operator.py
[2021-09-21 01:21:01,591] {processor.py:623} INFO - DAG(s) dict_keys(['example_python_operator']) retrieved from /home/airflow/.local/lib/python3.6/site-packages/airflow/example_dags/example_python_operator.py
[2021-09-21 01:21:01,672] {logging_mixin.py:109} INFO - [2021-09-21 01:21:01,672] {dag.py:1834} INFO - Sync 1 DAGs
[2021-09-21 01:21:01,862] {logging_mixin.py:109} INFO - [2021-09-21 01:21:01,862] {dag.py:2287} INFO - Setting next_dagrun for example_python_operator to None
[2021-09-21 01:21:01,929] {processor.py:170} INFO - Processing /home/airflow/.local/lib/python3.6/site-packages/airflow/example_dags/example_python_operator.py took 0.528 seconds
[2021-09-21 01:21:32,477] {processor.py:162} INFO - Started process (PID=745) to work on /home/airflow/.local/lib/python3.6/site-packages/airflow/example_dags/example_python_operator.py
[2021-09-21 01:21:32,479] {processor.py:613} INFO - Processing file /home/airflow/.local/lib/python3.6/site-packages/airflow/example_dags/example_python_operator.py for tasks to queue
[2021-09-21 01:21:32,481] {logging_mixin.py:109} INFO - [2021-09-21 01:21:32,481] {dagbag.py:496} INFO - Filling up the DagBag from /home/airflow/.local/lib/python3.6/site-packages/airflow/example_dags/example_python_operator.py
[2021-09-21 01:21:32,497] {processor.py:623} INFO - DAG(s) dict_keys(['example_python_operator']) retrieved from /home/airflow/.local/lib/python3.6/site-packages/airflow/example_dags/example_python_operator.py
[2021-09-21 01:21:32,526] {logging_mixin.py:109} INFO - [2021-09-21 01:21:32,526] {dag.py:1834} INFO - Sync 1 DAGs
[2021-09-21 01:21:32,543] {logging_mixin.py:109} INFO - [2021-09-21 01:21:32,543] {dag.py:2287} INFO - Setting next_dagrun for example_python_operator to None
[2021-09-21 01:21:32,556] {processor.py:170} INFO - Processing /home/airflow/.local/lib/python3.6/site-packages/airflow/example_dags/example_python_operator.py took 0.083 seconds
[2021-09-21 01:22:03,481] {processor.py:162} INFO - Started process (PID=808) to work on /home/airflow/.local/lib/python3.6/site-packages/airflow/example_dags/example_python_operator.py
[2021-09-21 01:22:03,484] {processor.py:613} INFO - Processing file /home/airflow/.local/lib/python3.6/site-packages/airflow/example_dags/example_python_operator.py for tasks to queue
[2021-09-21 01:22:03,487] {logging_mixin.py:109} INFO - [2021-09-21 01:22:03,486] {dagbag.py:496} INFO - Filling up the DagBag from /home/airflow/.local/lib/python3.6/site-packages/airflow/example_dags/example_python_operator.py
[2021-09-21 01:22:03,519] {processor.py:623} INFO - DAG(s) dict_keys(['example_python_operator']) retrieved from /home/airflow/.local/lib/python3.6/site-packages/airflow/example_dags/example_python_operator.py
[2021-09-21 01:22:03,569] {logging_mixin.py:109} INFO - [2021-09-21 01:22:03,568] {dag.py:1834} INFO - Sync 1 DAGs
[2021-09-21 01:22:03,587] {logging_mixin.py:109} INFO - [2021-09-21 01:22:03,587] {dag.py:2287} INFO - Setting next_dagrun for example_python_operator to None
[2021-09-21 01:22:03,599] {processor.py:170} INFO - Processing /home/airflow/.local/lib/python3.6/site-packages/airflow/example_dags/example_python_operator.py took 0.123 seconds
[2021-09-21 01:22:33,777] {processor.py:162} INFO - Started process (PID=870) to work on /home/airflow/.local/lib/python3.6/site-packages/airflow/example_dags/example_python_operator.py
[2021-09-21 01:22:33,779] {processor.py:613} INFO - Processing file /home/airflow/.local/lib/python3.6/site-packages/airflow/example_dags/example_python_operator.py for tasks to queue
[2021-09-21 01:22:33,780] {logging_mixin.py:109} INFO - [2021-09-21 01:22:33,780] {dagbag.py:496} INFO - Filling up the DagBag from /home/airflow/.local/lib/python3.6/site-packages/airflow/example_dags/example_python_operator.py
[2021-09-21 01:22:33,795] {processor.py:623} INFO - DAG(s) dict_keys(['example_python_operator']) retrieved from /home/airflow/.local/lib/python3.6/site-packages/airflow/example_dags/example_python_operator.py
[2021-09-21 01:22:33,822] {logging_mixin.py:109} INFO - [2021-09-21 01:22:33,822] {dag.py:1834} INFO - Sync 1 DAGs
[2021-09-21 01:22:33,839] {logging_mixin.py:109} INFO - [2021-09-21 01:22:33,839] {dag.py:2287} INFO - Setting next_dagrun for example_python_operator to None
[2021-09-21 01:22:33,851] {processor.py:170} INFO - Processing /home/airflow/.local/lib/python3.6/site-packages/airflow/example_dags/example_python_operator.py took 0.077 seconds
[2021-09-21 01:23:04,637] {processor.py:162} INFO - Started process (PID=925) to work on /home/airflow/.local/lib/python3.6/site-packages/airflow/example_dags/example_python_operator.py
[2021-09-21 01:23:04,642] {processor.py:613} INFO - Processing file /home/airflow/.local/lib/python3.6/site-packages/airflow/example_dags/example_python_operator.py for tasks to queue
[2021-09-21 01:23:04,648] {logging_mixin.py:109} INFO - [2021-09-21 01:23:04,647] {dagbag.py:496} INFO - Filling up the DagBag from /home/airflow/.local/lib/python3.6/site-packages/airflow/example_dags/example_python_operator.py
[2021-09-21 01:23:04,710] {processor.py:623} INFO - DAG(s) dict_keys(['example_python_operator']) retrieved from /home/airflow/.local/lib/python3.6/site-packages/airflow/example_dags/example_python_operator.py
[2021-09-21 01:23:04,778] {logging_mixin.py:109} INFO - [2021-09-21 01:23:04,778] {dag.py:1834} INFO - Sync 1 DAGs
[2021-09-21 01:23:04,821] {logging_mixin.py:109} INFO - [2021-09-21 01:23:04,821] {dag.py:2287} INFO - Setting next_dagrun for example_python_operator to None
[2021-09-21 01:23:04,861] {processor.py:170} INFO - Processing /home/airflow/.local/lib/python3.6/site-packages/airflow/example_dags/example_python_operator.py took 0.253 seconds
[2021-09-21 01:23:35,471] {processor.py:162} INFO - Started process (PID=967) to work on /home/airflow/.local/lib/python3.6/site-packages/airflow/example_dags/example_python_operator.py
[2021-09-21 01:23:35,479] {processor.py:613} INFO - Processing file /home/airflow/.local/lib/python3.6/site-packages/airflow/example_dags/example_python_operator.py for tasks to queue
[2021-09-21 01:23:35,483] {logging_mixin.py:109} INFO - [2021-09-21 01:23:35,483] {dagbag.py:496} INFO - Filling up the DagBag from /home/airflow/.local/lib/python3.6/site-packages/airflow/example_dags/example_python_operator.py
[2021-09-21 01:23:35,536] {processor.py:623} INFO - DAG(s) dict_keys(['example_python_operator']) retrieved from /home/airflow/.local/lib/python3.6/site-packages/airflow/example_dags/example_python_operator.py
[2021-09-21 01:23:35,611] {logging_mixin.py:109} INFO - [2021-09-21 01:23:35,610] {dag.py:1834} INFO - Sync 1 DAGs
[2021-09-21 01:23:35,658] {logging_mixin.py:109} INFO - [2021-09-21 01:23:35,658] {dag.py:2287} INFO - Setting next_dagrun for example_python_operator to None
[2021-09-21 01:23:35,687] {processor.py:170} INFO - Processing /home/airflow/.local/lib/python3.6/site-packages/airflow/example_dags/example_python_operator.py took 0.232 seconds
[2021-09-21 01:24:06,335] {processor.py:162} INFO - Started process (PID=1031) to work on /home/airflow/.local/lib/python3.6/site-packages/airflow/example_dags/example_python_operator.py
[2021-09-21 01:24:06,337] {processor.py:613} INFO - Processing file /home/airflow/.local/lib/python3.6/site-packages/airflow/example_dags/example_python_operator.py for tasks to queue
[2021-09-21 01:24:06,338] {logging_mixin.py:109} INFO - [2021-09-21 01:24:06,338] {dagbag.py:496} INFO - Filling up the DagBag from /home/airflow/.local/lib/python3.6/site-packages/airflow/example_dags/example_python_operator.py
[2021-09-21 01:24:06,355] {processor.py:623} INFO - DAG(s) dict_keys(['example_python_operator']) retrieved from /home/airflow/.local/lib/python3.6/site-packages/airflow/example_dags/example_python_operator.py
[2021-09-21 01:24:06,380] {logging_mixin.py:109} INFO - [2021-09-21 01:24:06,380] {dag.py:1834} INFO - Sync 1 DAGs
[2021-09-21 01:24:06,396] {logging_mixin.py:109} INFO - [2021-09-21 01:24:06,396] {dag.py:2287} INFO - Setting next_dagrun for example_python_operator to None
[2021-09-21 01:24:06,407] {processor.py:170} INFO - Processing /home/airflow/.local/lib/python3.6/site-packages/airflow/example_dags/example_python_operator.py took 0.076 seconds
[2021-09-21 01:24:37,352] {processor.py:162} INFO - Started process (PID=1083) to work on /home/airflow/.local/lib/python3.6/site-packages/airflow/example_dags/example_python_operator.py
[2021-09-21 01:24:37,360] {processor.py:613} INFO - Processing file /home/airflow/.local/lib/python3.6/site-packages/airflow/example_dags/example_python_operator.py for tasks to queue
[2021-09-21 01:24:37,366] {logging_mixin.py:109} INFO - [2021-09-21 01:24:37,366] {dagbag.py:496} INFO - Filling up the DagBag from /home/airflow/.local/lib/python3.6/site-packages/airflow/example_dags/example_python_operator.py
[2021-09-21 01:24:37,399] {processor.py:623} INFO - DAG(s) dict_keys(['example_python_operator']) retrieved from /home/airflow/.local/lib/python3.6/site-packages/airflow/example_dags/example_python_operator.py
[2021-09-21 01:24:37,455] {logging_mixin.py:109} INFO - [2021-09-21 01:24:37,454] {dag.py:1834} INFO - Sync 1 DAGs
[2021-09-21 01:24:37,498] {logging_mixin.py:109} INFO - [2021-09-21 01:24:37,497] {dag.py:2287} INFO - Setting next_dagrun for example_python_operator to None
[2021-09-21 01:24:37,534] {processor.py:170} INFO - Processing /home/airflow/.local/lib/python3.6/site-packages/airflow/example_dags/example_python_operator.py took 0.191 seconds
[2021-09-21 01:25:07,815] {processor.py:162} INFO - Started process (PID=1135) to work on /home/airflow/.local/lib/python3.6/site-packages/airflow/example_dags/example_python_operator.py
[2021-09-21 01:25:07,817] {processor.py:613} INFO - Processing file /home/airflow/.local/lib/python3.6/site-packages/airflow/example_dags/example_python_operator.py for tasks to queue
[2021-09-21 01:25:07,819] {logging_mixin.py:109} INFO - [2021-09-21 01:25:07,819] {dagbag.py:496} INFO - Filling up the DagBag from /home/airflow/.local/lib/python3.6/site-packages/airflow/example_dags/example_python_operator.py
[2021-09-21 01:25:07,836] {processor.py:623} INFO - DAG(s) dict_keys(['example_python_operator']) retrieved from /home/airflow/.local/lib/python3.6/site-packages/airflow/example_dags/example_python_operator.py
[2021-09-21 01:25:07,865] {logging_mixin.py:109} INFO - [2021-09-21 01:25:07,865] {dag.py:1834} INFO - Sync 1 DAGs
[2021-09-21 01:25:07,881] {logging_mixin.py:109} INFO - [2021-09-21 01:25:07,881] {dag.py:2287} INFO - Setting next_dagrun for example_python_operator to None
[2021-09-21 01:25:07,891] {processor.py:170} INFO - Processing /home/airflow/.local/lib/python3.6/site-packages/airflow/example_dags/example_python_operator.py took 0.080 seconds
[2021-09-21 01:25:38,409] {processor.py:162} INFO - Started process (PID=1188) to work on /home/airflow/.local/lib/python3.6/site-packages/airflow/example_dags/example_python_operator.py
[2021-09-21 01:25:38,414] {processor.py:613} INFO - Processing file /home/airflow/.local/lib/python3.6/site-packages/airflow/example_dags/example_python_operator.py for tasks to queue
[2021-09-21 01:25:38,417] {logging_mixin.py:109} INFO - [2021-09-21 01:25:38,416] {dagbag.py:496} INFO - Filling up the DagBag from /home/airflow/.local/lib/python3.6/site-packages/airflow/example_dags/example_python_operator.py
[2021-09-21 01:25:38,440] {processor.py:623} INFO - DAG(s) dict_keys(['example_python_operator']) retrieved from /home/airflow/.local/lib/python3.6/site-packages/airflow/example_dags/example_python_operator.py
[2021-09-21 01:25:38,478] {logging_mixin.py:109} INFO - [2021-09-21 01:25:38,478] {dag.py:1834} INFO - Sync 1 DAGs
[2021-09-21 01:25:38,503] {logging_mixin.py:109} INFO - [2021-09-21 01:25:38,503] {dag.py:2287} INFO - Setting next_dagrun for example_python_operator to None
[2021-09-21 01:25:38,521] {processor.py:170} INFO - Processing /home/airflow/.local/lib/python3.6/site-packages/airflow/example_dags/example_python_operator.py took 0.119 seconds
[2021-09-21 01:26:08,703] {processor.py:162} INFO - Started process (PID=1252) to work on /home/airflow/.local/lib/python3.6/site-packages/airflow/example_dags/example_python_operator.py
[2021-09-21 01:26:08,712] {processor.py:613} INFO - Processing file /home/airflow/.local/lib/python3.6/site-packages/airflow/example_dags/example_python_operator.py for tasks to queue
[2021-09-21 01:26:08,717] {logging_mixin.py:109} INFO - [2021-09-21 01:26:08,717] {dagbag.py:496} INFO - Filling up the DagBag from /home/airflow/.local/lib/python3.6/site-packages/airflow/example_dags/example_python_operator.py
[2021-09-21 01:26:08,766] {processor.py:623} INFO - DAG(s) dict_keys(['example_python_operator']) retrieved from /home/airflow/.local/lib/python3.6/site-packages/airflow/example_dags/example_python_operator.py
[2021-09-21 01:26:08,836] {logging_mixin.py:109} INFO - [2021-09-21 01:26:08,836] {dag.py:1834} INFO - Sync 1 DAGs
[2021-09-21 01:26:08,885] {logging_mixin.py:109} INFO - [2021-09-21 01:26:08,885] {dag.py:2287} INFO - Setting next_dagrun for example_python_operator to None
[2021-09-21 01:26:08,926] {processor.py:170} INFO - Processing /home/airflow/.local/lib/python3.6/site-packages/airflow/example_dags/example_python_operator.py took 0.236 seconds
[2021-09-21 01:26:39,198] {processor.py:162} INFO - Started process (PID=1293) to work on /home/airflow/.local/lib/python3.6/site-packages/airflow/example_dags/example_python_operator.py
[2021-09-21 01:26:39,202] {processor.py:613} INFO - Processing file /home/airflow/.local/lib/python3.6/site-packages/airflow/example_dags/example_python_operator.py for tasks to queue
[2021-09-21 01:26:39,204] {logging_mixin.py:109} INFO - [2021-09-21 01:26:39,204] {dagbag.py:496} INFO - Filling up the DagBag from /home/airflow/.local/lib/python3.6/site-packages/airflow/example_dags/example_python_operator.py
[2021-09-21 01:26:39,231] {processor.py:623} INFO - DAG(s) dict_keys(['example_python_operator']) retrieved from /home/airflow/.local/lib/python3.6/site-packages/airflow/example_dags/example_python_operator.py
[2021-09-21 01:26:39,303] {logging_mixin.py:109} INFO - [2021-09-21 01:26:39,302] {dag.py:1834} INFO - Sync 1 DAGs
[2021-09-21 01:26:39,348] {logging_mixin.py:109} INFO - [2021-09-21 01:26:39,348] {dag.py:2287} INFO - Setting next_dagrun for example_python_operator to None
[2021-09-21 01:26:39,371] {processor.py:170} INFO - Processing /home/airflow/.local/lib/python3.6/site-packages/airflow/example_dags/example_python_operator.py took 0.186 seconds
[2021-09-21 01:27:10,012] {processor.py:162} INFO - Started process (PID=1358) to work on /home/airflow/.local/lib/python3.6/site-packages/airflow/example_dags/example_python_operator.py
[2021-09-21 01:27:10,014] {processor.py:613} INFO - Processing file /home/airflow/.local/lib/python3.6/site-packages/airflow/example_dags/example_python_operator.py for tasks to queue
[2021-09-21 01:27:10,016] {logging_mixin.py:109} INFO - [2021-09-21 01:27:10,016] {dagbag.py:496} INFO - Filling up the DagBag from /home/airflow/.local/lib/python3.6/site-packages/airflow/example_dags/example_python_operator.py
[2021-09-21 01:27:10,031] {processor.py:623} INFO - DAG(s) dict_keys(['example_python_operator']) retrieved from /home/airflow/.local/lib/python3.6/site-packages/airflow/example_dags/example_python_operator.py
[2021-09-21 01:27:10,068] {logging_mixin.py:109} INFO - [2021-09-21 01:27:10,068] {dag.py:1834} INFO - Sync 1 DAGs
[2021-09-21 01:27:10,087] {logging_mixin.py:109} INFO - [2021-09-21 01:27:10,086] {dag.py:2287} INFO - Setting next_dagrun for example_python_operator to None
[2021-09-21 01:27:10,100] {processor.py:170} INFO - Processing /home/airflow/.local/lib/python3.6/site-packages/airflow/example_dags/example_python_operator.py took 0.092 seconds
[2021-09-21 01:27:41,029] {processor.py:162} INFO - Started process (PID=1409) to work on /home/airflow/.local/lib/python3.6/site-packages/airflow/example_dags/example_python_operator.py
[2021-09-21 01:27:41,032] {processor.py:613} INFO - Processing file /home/airflow/.local/lib/python3.6/site-packages/airflow/example_dags/example_python_operator.py for tasks to queue
[2021-09-21 01:27:41,033] {logging_mixin.py:109} INFO - [2021-09-21 01:27:41,033] {dagbag.py:496} INFO - Filling up the DagBag from /home/airflow/.local/lib/python3.6/site-packages/airflow/example_dags/example_python_operator.py
[2021-09-21 01:27:41,049] {processor.py:623} INFO - DAG(s) dict_keys(['example_python_operator']) retrieved from /home/airflow/.local/lib/python3.6/site-packages/airflow/example_dags/example_python_operator.py
[2021-09-21 01:27:41,077] {logging_mixin.py:109} INFO - [2021-09-21 01:27:41,077] {dag.py:1834} INFO - Sync 1 DAGs
[2021-09-21 01:27:41,095] {logging_mixin.py:109} INFO - [2021-09-21 01:27:41,095] {dag.py:2287} INFO - Setting next_dagrun for example_python_operator to None
[2021-09-21 01:27:41,109] {processor.py:170} INFO - Processing /home/airflow/.local/lib/python3.6/site-packages/airflow/example_dags/example_python_operator.py took 0.085 seconds
[2021-09-21 01:28:11,836] {processor.py:162} INFO - Started process (PID=1462) to work on /home/airflow/.local/lib/python3.6/site-packages/airflow/example_dags/example_python_operator.py
[2021-09-21 01:28:11,841] {processor.py:613} INFO - Processing file /home/airflow/.local/lib/python3.6/site-packages/airflow/example_dags/example_python_operator.py for tasks to queue
[2021-09-21 01:28:11,843] {logging_mixin.py:109} INFO - [2021-09-21 01:28:11,843] {dagbag.py:496} INFO - Filling up the DagBag from /home/airflow/.local/lib/python3.6/site-packages/airflow/example_dags/example_python_operator.py
[2021-09-21 01:28:11,861] {processor.py:623} INFO - DAG(s) dict_keys(['example_python_operator']) retrieved from /home/airflow/.local/lib/python3.6/site-packages/airflow/example_dags/example_python_operator.py
[2021-09-21 01:28:11,890] {logging_mixin.py:109} INFO - [2021-09-21 01:28:11,890] {dag.py:1834} INFO - Sync 1 DAGs
[2021-09-21 01:28:11,910] {logging_mixin.py:109} INFO - [2021-09-21 01:28:11,910] {dag.py:2287} INFO - Setting next_dagrun for example_python_operator to None
[2021-09-21 01:28:11,925] {processor.py:170} INFO - Processing /home/airflow/.local/lib/python3.6/site-packages/airflow/example_dags/example_python_operator.py took 0.094 seconds
[2021-09-21 01:28:42,506] {processor.py:162} INFO - Started process (PID=1525) to work on /home/airflow/.local/lib/python3.6/site-packages/airflow/example_dags/example_python_operator.py
[2021-09-21 01:28:42,538] {processor.py:613} INFO - Processing file /home/airflow/.local/lib/python3.6/site-packages/airflow/example_dags/example_python_operator.py for tasks to queue
[2021-09-21 01:28:42,540] {logging_mixin.py:109} INFO - [2021-09-21 01:28:42,540] {dagbag.py:496} INFO - Filling up the DagBag from /home/airflow/.local/lib/python3.6/site-packages/airflow/example_dags/example_python_operator.py
[2021-09-21 01:28:42,605] {processor.py:623} INFO - DAG(s) dict_keys(['example_python_operator']) retrieved from /home/airflow/.local/lib/python3.6/site-packages/airflow/example_dags/example_python_operator.py
[2021-09-21 01:28:42,633] {logging_mixin.py:109} INFO - [2021-09-21 01:28:42,633] {dag.py:1834} INFO - Sync 1 DAGs
[2021-09-21 01:28:42,649] {logging_mixin.py:109} INFO - [2021-09-21 01:28:42,649] {dag.py:2287} INFO - Setting next_dagrun for example_python_operator to None
[2021-09-21 01:28:42,664] {processor.py:170} INFO - Processing /home/airflow/.local/lib/python3.6/site-packages/airflow/example_dags/example_python_operator.py took 0.162 seconds
[2021-09-21 01:29:13,247] {processor.py:162} INFO - Started process (PID=1579) to work on /home/airflow/.local/lib/python3.6/site-packages/airflow/example_dags/example_python_operator.py
[2021-09-21 01:29:13,249] {processor.py:613} INFO - Processing file /home/airflow/.local/lib/python3.6/site-packages/airflow/example_dags/example_python_operator.py for tasks to queue
[2021-09-21 01:29:13,251] {logging_mixin.py:109} INFO - [2021-09-21 01:29:13,251] {dagbag.py:496} INFO - Filling up the DagBag from /home/airflow/.local/lib/python3.6/site-packages/airflow/example_dags/example_python_operator.py
[2021-09-21 01:29:13,268] {processor.py:623} INFO - DAG(s) dict_keys(['example_python_operator']) retrieved from /home/airflow/.local/lib/python3.6/site-packages/airflow/example_dags/example_python_operator.py
[2021-09-21 01:29:13,314] {logging_mixin.py:109} INFO - [2021-09-21 01:29:13,314] {dag.py:1834} INFO - Sync 1 DAGs
[2021-09-21 01:29:13,342] {logging_mixin.py:109} INFO - [2021-09-21 01:29:13,342] {dag.py:2287} INFO - Setting next_dagrun for example_python_operator to None
[2021-09-21 01:29:13,368] {processor.py:170} INFO - Processing /home/airflow/.local/lib/python3.6/site-packages/airflow/example_dags/example_python_operator.py took 0.125 seconds
[2021-09-21 01:29:43,522] {processor.py:162} INFO - Started process (PID=1643) to work on /home/airflow/.local/lib/python3.6/site-packages/airflow/example_dags/example_python_operator.py
[2021-09-21 01:29:43,524] {processor.py:613} INFO - Processing file /home/airflow/.local/lib/python3.6/site-packages/airflow/example_dags/example_python_operator.py for tasks to queue
[2021-09-21 01:29:43,525] {logging_mixin.py:109} INFO - [2021-09-21 01:29:43,525] {dagbag.py:496} INFO - Filling up the DagBag from /home/airflow/.local/lib/python3.6/site-packages/airflow/example_dags/example_python_operator.py
[2021-09-21 01:29:43,540] {processor.py:623} INFO - DAG(s) dict_keys(['example_python_operator']) retrieved from /home/airflow/.local/lib/python3.6/site-packages/airflow/example_dags/example_python_operator.py
[2021-09-21 01:29:43,566] {logging_mixin.py:109} INFO - [2021-09-21 01:29:43,565] {dag.py:1834} INFO - Sync 1 DAGs
[2021-09-21 01:29:43,581] {logging_mixin.py:109} INFO - [2021-09-21 01:29:43,581] {dag.py:2287} INFO - Setting next_dagrun for example_python_operator to None
[2021-09-21 01:29:43,592] {processor.py:170} INFO - Processing /home/airflow/.local/lib/python3.6/site-packages/airflow/example_dags/example_python_operator.py took 0.073 seconds
[2021-09-21 01:30:13,657] {processor.py:162} INFO - Started process (PID=1696) to work on /home/airflow/.local/lib/python3.6/site-packages/airflow/example_dags/example_python_operator.py
[2021-09-21 01:30:13,661] {processor.py:613} INFO - Processing file /home/airflow/.local/lib/python3.6/site-packages/airflow/example_dags/example_python_operator.py for tasks to queue
[2021-09-21 01:30:13,665] {logging_mixin.py:109} INFO - [2021-09-21 01:30:13,665] {dagbag.py:496} INFO - Filling up the DagBag from /home/airflow/.local/lib/python3.6/site-packages/airflow/example_dags/example_python_operator.py
[2021-09-21 01:30:13,683] {processor.py:623} INFO - DAG(s) dict_keys(['example_python_operator']) retrieved from /home/airflow/.local/lib/python3.6/site-packages/airflow/example_dags/example_python_operator.py
[2021-09-21 01:30:13,709] {logging_mixin.py:109} INFO - [2021-09-21 01:30:13,709] {dag.py:1834} INFO - Sync 1 DAGs
[2021-09-21 01:30:13,727] {logging_mixin.py:109} INFO - [2021-09-21 01:30:13,727] {dag.py:2287} INFO - Setting next_dagrun for example_python_operator to None
[2021-09-21 01:30:13,751] {processor.py:170} INFO - Processing /home/airflow/.local/lib/python3.6/site-packages/airflow/example_dags/example_python_operator.py took 0.099 seconds
[2021-09-21 01:30:44,253] {processor.py:162} INFO - Started process (PID=1758) to work on /home/airflow/.local/lib/python3.6/site-packages/airflow/example_dags/example_python_operator.py
[2021-09-21 01:30:44,255] {processor.py:613} INFO - Processing file /home/airflow/.local/lib/python3.6/site-packages/airflow/example_dags/example_python_operator.py for tasks to queue
[2021-09-21 01:30:44,256] {logging_mixin.py:109} INFO - [2021-09-21 01:30:44,256] {dagbag.py:496} INFO - Filling up the DagBag from /home/airflow/.local/lib/python3.6/site-packages/airflow/example_dags/example_python_operator.py
[2021-09-21 01:30:44,272] {processor.py:623} INFO - DAG(s) dict_keys(['example_python_operator']) retrieved from /home/airflow/.local/lib/python3.6/site-packages/airflow/example_dags/example_python_operator.py
[2021-09-21 01:30:44,297] {logging_mixin.py:109} INFO - [2021-09-21 01:30:44,297] {dag.py:1834} INFO - Sync 1 DAGs
[2021-09-21 01:30:44,312] {logging_mixin.py:109} INFO - [2021-09-21 01:30:44,312] {dag.py:2287} INFO - Setting next_dagrun for example_python_operator to None
[2021-09-21 01:30:44,322] {processor.py:170} INFO - Processing /home/airflow/.local/lib/python3.6/site-packages/airflow/example_dags/example_python_operator.py took 0.073 seconds
[2021-09-21 01:31:14,701] {processor.py:162} INFO - Started process (PID=1822) to work on /home/airflow/.local/lib/python3.6/site-packages/airflow/example_dags/example_python_operator.py
[2021-09-21 01:31:14,713] {processor.py:613} INFO - Processing file /home/airflow/.local/lib/python3.6/site-packages/airflow/example_dags/example_python_operator.py for tasks to queue
[2021-09-21 01:31:14,725] {logging_mixin.py:109} INFO - [2021-09-21 01:31:14,725] {dagbag.py:496} INFO - Filling up the DagBag from /home/airflow/.local/lib/python3.6/site-packages/airflow/example_dags/example_python_operator.py
[2021-09-21 01:31:14,850] {processor.py:623} INFO - DAG(s) dict_keys(['example_python_operator']) retrieved from /home/airflow/.local/lib/python3.6/site-packages/airflow/example_dags/example_python_operator.py
[2021-09-21 01:31:14,975] {logging_mixin.py:109} INFO - [2021-09-21 01:31:14,975] {dag.py:1834} INFO - Sync 1 DAGs
[2021-09-21 01:31:15,308] {logging_mixin.py:109} INFO - [2021-09-21 01:31:15,307] {dag.py:2287} INFO - Setting next_dagrun for example_python_operator to None
[2021-09-21 01:31:15,351] {processor.py:170} INFO - Processing /home/airflow/.local/lib/python3.6/site-packages/airflow/example_dags/example_python_operator.py took 0.662 seconds
[2021-09-21 01:31:45,933] {processor.py:162} INFO - Started process (PID=1875) to work on /home/airflow/.local/lib/python3.6/site-packages/airflow/example_dags/example_python_operator.py
[2021-09-21 01:31:45,934] {processor.py:613} INFO - Processing file /home/airflow/.local/lib/python3.6/site-packages/airflow/example_dags/example_python_operator.py for tasks to queue
[2021-09-21 01:31:45,936] {logging_mixin.py:109} INFO - [2021-09-21 01:31:45,936] {dagbag.py:496} INFO - Filling up the DagBag from /home/airflow/.local/lib/python3.6/site-packages/airflow/example_dags/example_python_operator.py
[2021-09-21 01:31:45,957] {processor.py:623} INFO - DAG(s) dict_keys(['example_python_operator']) retrieved from /home/airflow/.local/lib/python3.6/site-packages/airflow/example_dags/example_python_operator.py
[2021-09-21 01:31:45,981] {logging_mixin.py:109} INFO - [2021-09-21 01:31:45,981] {dag.py:1834} INFO - Sync 1 DAGs
[2021-09-21 01:31:45,995] {logging_mixin.py:109} INFO - [2021-09-21 01:31:45,995] {dag.py:2287} INFO - Setting next_dagrun for example_python_operator to None
[2021-09-21 01:31:46,004] {processor.py:170} INFO - Processing /home/airflow/.local/lib/python3.6/site-packages/airflow/example_dags/example_python_operator.py took 0.075 seconds
[2021-09-21 01:32:16,631] {processor.py:162} INFO - Started process (PID=1938) to work on /home/airflow/.local/lib/python3.6/site-packages/airflow/example_dags/example_python_operator.py
[2021-09-21 01:32:16,633] {processor.py:613} INFO - Processing file /home/airflow/.local/lib/python3.6/site-packages/airflow/example_dags/example_python_operator.py for tasks to queue
[2021-09-21 01:32:16,634] {logging_mixin.py:109} INFO - [2021-09-21 01:32:16,634] {dagbag.py:496} INFO - Filling up the DagBag from /home/airflow/.local/lib/python3.6/site-packages/airflow/example_dags/example_python_operator.py
[2021-09-21 01:32:16,653] {processor.py:623} INFO - DAG(s) dict_keys(['example_python_operator']) retrieved from /home/airflow/.local/lib/python3.6/site-packages/airflow/example_dags/example_python_operator.py
[2021-09-21 01:32:16,683] {logging_mixin.py:109} INFO - [2021-09-21 01:32:16,682] {dag.py:1834} INFO - Sync 1 DAGs
[2021-09-21 01:32:16,699] {logging_mixin.py:109} INFO - [2021-09-21 01:32:16,699] {dag.py:2287} INFO - Setting next_dagrun for example_python_operator to None
[2021-09-21 01:32:16,715] {processor.py:170} INFO - Processing /home/airflow/.local/lib/python3.6/site-packages/airflow/example_dags/example_python_operator.py took 0.087 seconds
[2021-09-21 01:32:47,262] {processor.py:162} INFO - Started process (PID=2002) to work on /home/airflow/.local/lib/python3.6/site-packages/airflow/example_dags/example_python_operator.py
[2021-09-21 01:32:47,264] {processor.py:613} INFO - Processing file /home/airflow/.local/lib/python3.6/site-packages/airflow/example_dags/example_python_operator.py for tasks to queue
[2021-09-21 01:32:47,265] {logging_mixin.py:109} INFO - [2021-09-21 01:32:47,265] {dagbag.py:496} INFO - Filling up the DagBag from /home/airflow/.local/lib/python3.6/site-packages/airflow/example_dags/example_python_operator.py
[2021-09-21 01:32:47,277] {processor.py:623} INFO - DAG(s) dict_keys(['example_python_operator']) retrieved from /home/airflow/.local/lib/python3.6/site-packages/airflow/example_dags/example_python_operator.py
[2021-09-21 01:32:47,301] {logging_mixin.py:109} INFO - [2021-09-21 01:32:47,301] {dag.py:1834} INFO - Sync 1 DAGs
[2021-09-21 01:32:47,318] {logging_mixin.py:109} INFO - [2021-09-21 01:32:47,318] {dag.py:2287} INFO - Setting next_dagrun for example_python_operator to None
[2021-09-21 01:32:47,331] {processor.py:170} INFO - Processing /home/airflow/.local/lib/python3.6/site-packages/airflow/example_dags/example_python_operator.py took 0.072 seconds
[2021-09-21 01:33:18,063] {processor.py:162} INFO - Started process (PID=2056) to work on /home/airflow/.local/lib/python3.6/site-packages/airflow/example_dags/example_python_operator.py
[2021-09-21 01:33:18,065] {processor.py:613} INFO - Processing file /home/airflow/.local/lib/python3.6/site-packages/airflow/example_dags/example_python_operator.py for tasks to queue
[2021-09-21 01:33:18,067] {logging_mixin.py:109} INFO - [2021-09-21 01:33:18,066] {dagbag.py:496} INFO - Filling up the DagBag from /home/airflow/.local/lib/python3.6/site-packages/airflow/example_dags/example_python_operator.py
[2021-09-21 01:33:18,083] {processor.py:623} INFO - DAG(s) dict_keys(['example_python_operator']) retrieved from /home/airflow/.local/lib/python3.6/site-packages/airflow/example_dags/example_python_operator.py
[2021-09-21 01:33:18,111] {logging_mixin.py:109} INFO - [2021-09-21 01:33:18,111] {dag.py:1834} INFO - Sync 1 DAGs
[2021-09-21 01:33:18,127] {logging_mixin.py:109} INFO - [2021-09-21 01:33:18,127] {dag.py:2287} INFO - Setting next_dagrun for example_python_operator to None
[2021-09-21 01:33:18,144] {processor.py:170} INFO - Processing /home/airflow/.local/lib/python3.6/site-packages/airflow/example_dags/example_python_operator.py took 0.085 seconds
[2021-09-21 01:33:48,809] {processor.py:162} INFO - Started process (PID=2120) to work on /home/airflow/.local/lib/python3.6/site-packages/airflow/example_dags/example_python_operator.py
[2021-09-21 01:33:48,813] {processor.py:613} INFO - Processing file /home/airflow/.local/lib/python3.6/site-packages/airflow/example_dags/example_python_operator.py for tasks to queue
[2021-09-21 01:33:48,818] {logging_mixin.py:109} INFO - [2021-09-21 01:33:48,817] {dagbag.py:496} INFO - Filling up the DagBag from /home/airflow/.local/lib/python3.6/site-packages/airflow/example_dags/example_python_operator.py
[2021-09-21 01:33:48,836] {processor.py:623} INFO - DAG(s) dict_keys(['example_python_operator']) retrieved from /home/airflow/.local/lib/python3.6/site-packages/airflow/example_dags/example_python_operator.py
[2021-09-21 01:33:48,861] {logging_mixin.py:109} INFO - [2021-09-21 01:33:48,861] {dag.py:1834} INFO - Sync 1 DAGs
[2021-09-21 01:33:48,876] {logging_mixin.py:109} INFO - [2021-09-21 01:33:48,876] {dag.py:2287} INFO - Setting next_dagrun for example_python_operator to None
[2021-09-21 01:33:48,886] {processor.py:170} INFO - Processing /home/airflow/.local/lib/python3.6/site-packages/airflow/example_dags/example_python_operator.py took 0.081 seconds
[2021-09-21 01:34:20,464] {processor.py:162} INFO - Started process (PID=2180) to work on /home/airflow/.local/lib/python3.6/site-packages/airflow/example_dags/example_python_operator.py
[2021-09-21 01:34:20,487] {processor.py:613} INFO - Processing file /home/airflow/.local/lib/python3.6/site-packages/airflow/example_dags/example_python_operator.py for tasks to queue
[2021-09-21 01:34:20,493] {logging_mixin.py:109} INFO - [2021-09-21 01:34:20,492] {dagbag.py:496} INFO - Filling up the DagBag from /home/airflow/.local/lib/python3.6/site-packages/airflow/example_dags/example_python_operator.py
[2021-09-21 01:34:20,763] {processor.py:623} INFO - DAG(s) dict_keys(['example_python_operator']) retrieved from /home/airflow/.local/lib/python3.6/site-packages/airflow/example_dags/example_python_operator.py
[2021-09-21 01:34:20,886] {logging_mixin.py:109} INFO - [2021-09-21 01:34:20,886] {dag.py:1834} INFO - Sync 1 DAGs
[2021-09-21 01:34:21,134] {logging_mixin.py:109} INFO - [2021-09-21 01:34:21,134] {dag.py:2287} INFO - Setting next_dagrun for example_python_operator to None
[2021-09-21 01:34:21,196] {processor.py:170} INFO - Processing /home/airflow/.local/lib/python3.6/site-packages/airflow/example_dags/example_python_operator.py took 0.817 seconds
[2021-09-21 01:34:51,376] {processor.py:162} INFO - Started process (PID=2234) to work on /home/airflow/.local/lib/python3.6/site-packages/airflow/example_dags/example_python_operator.py
[2021-09-21 01:34:51,378] {processor.py:613} INFO - Processing file /home/airflow/.local/lib/python3.6/site-packages/airflow/example_dags/example_python_operator.py for tasks to queue
[2021-09-21 01:34:51,380] {logging_mixin.py:109} INFO - [2021-09-21 01:34:51,380] {dagbag.py:496} INFO - Filling up the DagBag from /home/airflow/.local/lib/python3.6/site-packages/airflow/example_dags/example_python_operator.py
[2021-09-21 01:34:51,394] {processor.py:623} INFO - DAG(s) dict_keys(['example_python_operator']) retrieved from /home/airflow/.local/lib/python3.6/site-packages/airflow/example_dags/example_python_operator.py
[2021-09-21 01:34:51,421] {logging_mixin.py:109} INFO - [2021-09-21 01:34:51,421] {dag.py:1834} INFO - Sync 1 DAGs
[2021-09-21 01:34:51,437] {logging_mixin.py:109} INFO - [2021-09-21 01:34:51,437] {dag.py:2287} INFO - Setting next_dagrun for example_python_operator to None
[2021-09-21 01:34:51,447] {processor.py:170} INFO - Processing /home/airflow/.local/lib/python3.6/site-packages/airflow/example_dags/example_python_operator.py took 0.077 seconds
[2021-09-21 01:35:22,348] {processor.py:162} INFO - Started process (PID=2299) to work on /home/airflow/.local/lib/python3.6/site-packages/airflow/example_dags/example_python_operator.py
[2021-09-21 01:35:22,350] {processor.py:613} INFO - Processing file /home/airflow/.local/lib/python3.6/site-packages/airflow/example_dags/example_python_operator.py for tasks to queue
[2021-09-21 01:35:22,351] {logging_mixin.py:109} INFO - [2021-09-21 01:35:22,351] {dagbag.py:496} INFO - Filling up the DagBag from /home/airflow/.local/lib/python3.6/site-packages/airflow/example_dags/example_python_operator.py
[2021-09-21 01:35:22,366] {processor.py:623} INFO - DAG(s) dict_keys(['example_python_operator']) retrieved from /home/airflow/.local/lib/python3.6/site-packages/airflow/example_dags/example_python_operator.py
[2021-09-21 01:35:22,391] {logging_mixin.py:109} INFO - [2021-09-21 01:35:22,391] {dag.py:1834} INFO - Sync 1 DAGs
[2021-09-21 01:35:22,407] {logging_mixin.py:109} INFO - [2021-09-21 01:35:22,407] {dag.py:2287} INFO - Setting next_dagrun for example_python_operator to None
[2021-09-21 01:35:22,417] {processor.py:170} INFO - Processing /home/airflow/.local/lib/python3.6/site-packages/airflow/example_dags/example_python_operator.py took 0.073 seconds
[2021-09-21 01:35:53,029] {processor.py:162} INFO - Started process (PID=2352) to work on /home/airflow/.local/lib/python3.6/site-packages/airflow/example_dags/example_python_operator.py
[2021-09-21 01:35:53,031] {processor.py:613} INFO - Processing file /home/airflow/.local/lib/python3.6/site-packages/airflow/example_dags/example_python_operator.py for tasks to queue
[2021-09-21 01:35:53,033] {logging_mixin.py:109} INFO - [2021-09-21 01:35:53,033] {dagbag.py:496} INFO - Filling up the DagBag from /home/airflow/.local/lib/python3.6/site-packages/airflow/example_dags/example_python_operator.py
[2021-09-21 01:35:53,052] {processor.py:623} INFO - DAG(s) dict_keys(['example_python_operator']) retrieved from /home/airflow/.local/lib/python3.6/site-packages/airflow/example_dags/example_python_operator.py
[2021-09-21 01:35:53,079] {logging_mixin.py:109} INFO - [2021-09-21 01:35:53,079] {dag.py:1834} INFO - Sync 1 DAGs
[2021-09-21 01:35:53,101] {logging_mixin.py:109} INFO - [2021-09-21 01:35:53,101] {dag.py:2287} INFO - Setting next_dagrun for example_python_operator to None
[2021-09-21 01:35:53,117] {processor.py:170} INFO - Processing /home/airflow/.local/lib/python3.6/site-packages/airflow/example_dags/example_python_operator.py took 0.092 seconds
[2021-09-21 01:36:23,429] {processor.py:162} INFO - Started process (PID=2418) to work on /home/airflow/.local/lib/python3.6/site-packages/airflow/example_dags/example_python_operator.py
[2021-09-21 01:36:23,433] {processor.py:613} INFO - Processing file /home/airflow/.local/lib/python3.6/site-packages/airflow/example_dags/example_python_operator.py for tasks to queue
[2021-09-21 01:36:23,434] {logging_mixin.py:109} INFO - [2021-09-21 01:36:23,434] {dagbag.py:496} INFO - Filling up the DagBag from /home/airflow/.local/lib/python3.6/site-packages/airflow/example_dags/example_python_operator.py
[2021-09-21 01:36:23,460] {processor.py:623} INFO - DAG(s) dict_keys(['example_python_operator']) retrieved from /home/airflow/.local/lib/python3.6/site-packages/airflow/example_dags/example_python_operator.py
[2021-09-21 01:36:23,506] {logging_mixin.py:109} INFO - [2021-09-21 01:36:23,506] {dag.py:1834} INFO - Sync 1 DAGs
[2021-09-21 01:36:23,536] {logging_mixin.py:109} INFO - [2021-09-21 01:36:23,535] {dag.py:2287} INFO - Setting next_dagrun for example_python_operator to None
[2021-09-21 01:36:23,557] {processor.py:170} INFO - Processing /home/airflow/.local/lib/python3.6/site-packages/airflow/example_dags/example_python_operator.py took 0.134 seconds
[2021-09-21 01:36:53,893] {processor.py:162} INFO - Started process (PID=2473) to work on /home/airflow/.local/lib/python3.6/site-packages/airflow/example_dags/example_python_operator.py
[2021-09-21 01:36:53,895] {processor.py:613} INFO - Processing file /home/airflow/.local/lib/python3.6/site-packages/airflow/example_dags/example_python_operator.py for tasks to queue
[2021-09-21 01:36:53,896] {logging_mixin.py:109} INFO - [2021-09-21 01:36:53,896] {dagbag.py:496} INFO - Filling up the DagBag from /home/airflow/.local/lib/python3.6/site-packages/airflow/example_dags/example_python_operator.py
[2021-09-21 01:36:53,912] {processor.py:623} INFO - DAG(s) dict_keys(['example_python_operator']) retrieved from /home/airflow/.local/lib/python3.6/site-packages/airflow/example_dags/example_python_operator.py
[2021-09-21 01:36:53,938] {logging_mixin.py:109} INFO - [2021-09-21 01:36:53,937] {dag.py:1834} INFO - Sync 1 DAGs
[2021-09-21 01:36:53,959] {logging_mixin.py:109} INFO - [2021-09-21 01:36:53,958] {dag.py:2287} INFO - Setting next_dagrun for example_python_operator to None
[2021-09-21 01:36:53,975] {processor.py:170} INFO - Processing /home/airflow/.local/lib/python3.6/site-packages/airflow/example_dags/example_python_operator.py took 0.086 seconds
[2021-09-21 01:37:24,076] {processor.py:162} INFO - Started process (PID=2524) to work on /home/airflow/.local/lib/python3.6/site-packages/airflow/example_dags/example_python_operator.py
[2021-09-21 01:37:24,077] {processor.py:613} INFO - Processing file /home/airflow/.local/lib/python3.6/site-packages/airflow/example_dags/example_python_operator.py for tasks to queue
[2021-09-21 01:37:24,079] {logging_mixin.py:109} INFO - [2021-09-21 01:37:24,079] {dagbag.py:496} INFO - Filling up the DagBag from /home/airflow/.local/lib/python3.6/site-packages/airflow/example_dags/example_python_operator.py
[2021-09-21 01:37:24,093] {processor.py:623} INFO - DAG(s) dict_keys(['example_python_operator']) retrieved from /home/airflow/.local/lib/python3.6/site-packages/airflow/example_dags/example_python_operator.py
[2021-09-21 01:37:24,114] {logging_mixin.py:109} INFO - [2021-09-21 01:37:24,114] {dag.py:1834} INFO - Sync 1 DAGs
[2021-09-21 01:37:24,128] {logging_mixin.py:109} INFO - [2021-09-21 01:37:24,128] {dag.py:2287} INFO - Setting next_dagrun for example_python_operator to None
[2021-09-21 01:37:24,138] {processor.py:170} INFO - Processing /home/airflow/.local/lib/python3.6/site-packages/airflow/example_dags/example_python_operator.py took 0.066 seconds
[2021-09-21 01:37:54,809] {processor.py:162} INFO - Started process (PID=2589) to work on /home/airflow/.local/lib/python3.6/site-packages/airflow/example_dags/example_python_operator.py
[2021-09-21 01:37:54,811] {processor.py:613} INFO - Processing file /home/airflow/.local/lib/python3.6/site-packages/airflow/example_dags/example_python_operator.py for tasks to queue
[2021-09-21 01:37:54,812] {logging_mixin.py:109} INFO - [2021-09-21 01:37:54,812] {dagbag.py:496} INFO - Filling up the DagBag from /home/airflow/.local/lib/python3.6/site-packages/airflow/example_dags/example_python_operator.py
[2021-09-21 01:37:54,828] {processor.py:623} INFO - DAG(s) dict_keys(['example_python_operator']) retrieved from /home/airflow/.local/lib/python3.6/site-packages/airflow/example_dags/example_python_operator.py
[2021-09-21 01:37:54,857] {logging_mixin.py:109} INFO - [2021-09-21 01:37:54,857] {dag.py:1834} INFO - Sync 1 DAGs
[2021-09-21 01:37:54,873] {logging_mixin.py:109} INFO - [2021-09-21 01:37:54,872] {dag.py:2287} INFO - Setting next_dagrun for example_python_operator to None
[2021-09-21 01:37:54,883] {processor.py:170} INFO - Processing /home/airflow/.local/lib/python3.6/site-packages/airflow/example_dags/example_python_operator.py took 0.079 seconds
[2021-09-21 01:38:25,170] {processor.py:162} INFO - Started process (PID=2643) to work on /home/airflow/.local/lib/python3.6/site-packages/airflow/example_dags/example_python_operator.py
[2021-09-21 01:38:25,173] {processor.py:613} INFO - Processing file /home/airflow/.local/lib/python3.6/site-packages/airflow/example_dags/example_python_operator.py for tasks to queue
[2021-09-21 01:38:25,174] {logging_mixin.py:109} INFO - [2021-09-21 01:38:25,174] {dagbag.py:496} INFO - Filling up the DagBag from /home/airflow/.local/lib/python3.6/site-packages/airflow/example_dags/example_python_operator.py
[2021-09-21 01:38:25,192] {processor.py:623} INFO - DAG(s) dict_keys(['example_python_operator']) retrieved from /home/airflow/.local/lib/python3.6/site-packages/airflow/example_dags/example_python_operator.py
[2021-09-21 01:38:25,221] {logging_mixin.py:109} INFO - [2021-09-21 01:38:25,221] {dag.py:1834} INFO - Sync 1 DAGs
[2021-09-21 01:38:25,238] {logging_mixin.py:109} INFO - [2021-09-21 01:38:25,238] {dag.py:2287} INFO - Setting next_dagrun for example_python_operator to None
[2021-09-21 01:38:25,250] {processor.py:170} INFO - Processing /home/airflow/.local/lib/python3.6/site-packages/airflow/example_dags/example_python_operator.py took 0.083 seconds
[2021-09-21 01:38:55,555] {processor.py:162} INFO - Started process (PID=2706) to work on /home/airflow/.local/lib/python3.6/site-packages/airflow/example_dags/example_python_operator.py
[2021-09-21 01:38:55,558] {processor.py:613} INFO - Processing file /home/airflow/.local/lib/python3.6/site-packages/airflow/example_dags/example_python_operator.py for tasks to queue
[2021-09-21 01:38:55,560] {logging_mixin.py:109} INFO - [2021-09-21 01:38:55,559] {dagbag.py:496} INFO - Filling up the DagBag from /home/airflow/.local/lib/python3.6/site-packages/airflow/example_dags/example_python_operator.py
[2021-09-21 01:38:55,575] {processor.py:623} INFO - DAG(s) dict_keys(['example_python_operator']) retrieved from /home/airflow/.local/lib/python3.6/site-packages/airflow/example_dags/example_python_operator.py
[2021-09-21 01:38:55,601] {logging_mixin.py:109} INFO - [2021-09-21 01:38:55,601] {dag.py:1834} INFO - Sync 1 DAGs
[2021-09-21 01:38:55,616] {logging_mixin.py:109} INFO - [2021-09-21 01:38:55,616] {dag.py:2287} INFO - Setting next_dagrun for example_python_operator to None
[2021-09-21 01:38:55,628] {processor.py:170} INFO - Processing /home/airflow/.local/lib/python3.6/site-packages/airflow/example_dags/example_python_operator.py took 0.077 seconds
[2021-09-21 01:39:25,713] {processor.py:162} INFO - Started process (PID=2758) to work on /home/airflow/.local/lib/python3.6/site-packages/airflow/example_dags/example_python_operator.py
[2021-09-21 01:39:25,716] {processor.py:613} INFO - Processing file /home/airflow/.local/lib/python3.6/site-packages/airflow/example_dags/example_python_operator.py for tasks to queue
[2021-09-21 01:39:25,717] {logging_mixin.py:109} INFO - [2021-09-21 01:39:25,717] {dagbag.py:496} INFO - Filling up the DagBag from /home/airflow/.local/lib/python3.6/site-packages/airflow/example_dags/example_python_operator.py
[2021-09-21 01:39:25,735] {processor.py:623} INFO - DAG(s) dict_keys(['example_python_operator']) retrieved from /home/airflow/.local/lib/python3.6/site-packages/airflow/example_dags/example_python_operator.py
[2021-09-21 01:39:25,764] {logging_mixin.py:109} INFO - [2021-09-21 01:39:25,764] {dag.py:1834} INFO - Sync 1 DAGs
[2021-09-21 01:39:25,781] {logging_mixin.py:109} INFO - [2021-09-21 01:39:25,780] {dag.py:2287} INFO - Setting next_dagrun for example_python_operator to None
[2021-09-21 01:39:25,793] {processor.py:170} INFO - Processing /home/airflow/.local/lib/python3.6/site-packages/airflow/example_dags/example_python_operator.py took 0.084 seconds
[2021-09-21 01:39:55,859] {processor.py:162} INFO - Started process (PID=2820) to work on /home/airflow/.local/lib/python3.6/site-packages/airflow/example_dags/example_python_operator.py
[2021-09-21 01:39:55,861] {processor.py:613} INFO - Processing file /home/airflow/.local/lib/python3.6/site-packages/airflow/example_dags/example_python_operator.py for tasks to queue
[2021-09-21 01:39:55,863] {logging_mixin.py:109} INFO - [2021-09-21 01:39:55,862] {dagbag.py:496} INFO - Filling up the DagBag from /home/airflow/.local/lib/python3.6/site-packages/airflow/example_dags/example_python_operator.py
[2021-09-21 01:39:55,879] {processor.py:623} INFO - DAG(s) dict_keys(['example_python_operator']) retrieved from /home/airflow/.local/lib/python3.6/site-packages/airflow/example_dags/example_python_operator.py
[2021-09-21 01:39:55,907] {logging_mixin.py:109} INFO - [2021-09-21 01:39:55,907] {dag.py:1834} INFO - Sync 1 DAGs
[2021-09-21 01:39:55,925] {logging_mixin.py:109} INFO - [2021-09-21 01:39:55,924] {dag.py:2287} INFO - Setting next_dagrun for example_python_operator to None
[2021-09-21 01:39:55,937] {processor.py:170} INFO - Processing /home/airflow/.local/lib/python3.6/site-packages/airflow/example_dags/example_python_operator.py took 0.082 seconds
[2021-09-21 01:40:26,583] {processor.py:162} INFO - Started process (PID=2884) to work on /home/airflow/.local/lib/python3.6/site-packages/airflow/example_dags/example_python_operator.py
[2021-09-21 01:40:26,585] {processor.py:613} INFO - Processing file /home/airflow/.local/lib/python3.6/site-packages/airflow/example_dags/example_python_operator.py for tasks to queue
[2021-09-21 01:40:26,586] {logging_mixin.py:109} INFO - [2021-09-21 01:40:26,586] {dagbag.py:496} INFO - Filling up the DagBag from /home/airflow/.local/lib/python3.6/site-packages/airflow/example_dags/example_python_operator.py
[2021-09-21 01:40:26,598] {processor.py:623} INFO - DAG(s) dict_keys(['example_python_operator']) retrieved from /home/airflow/.local/lib/python3.6/site-packages/airflow/example_dags/example_python_operator.py
[2021-09-21 01:40:26,621] {logging_mixin.py:109} INFO - [2021-09-21 01:40:26,621] {dag.py:1834} INFO - Sync 1 DAGs
[2021-09-21 01:40:26,635] {logging_mixin.py:109} INFO - [2021-09-21 01:40:26,635] {dag.py:2287} INFO - Setting next_dagrun for example_python_operator to None
[2021-09-21 01:40:26,645] {processor.py:170} INFO - Processing /home/airflow/.local/lib/python3.6/site-packages/airflow/example_dags/example_python_operator.py took 0.065 seconds
[2021-09-21 01:40:57,294] {processor.py:162} INFO - Started process (PID=2936) to work on /home/airflow/.local/lib/python3.6/site-packages/airflow/example_dags/example_python_operator.py
[2021-09-21 01:40:57,296] {processor.py:613} INFO - Processing file /home/airflow/.local/lib/python3.6/site-packages/airflow/example_dags/example_python_operator.py for tasks to queue
[2021-09-21 01:40:57,297] {logging_mixin.py:109} INFO - [2021-09-21 01:40:57,297] {dagbag.py:496} INFO - Filling up the DagBag from /home/airflow/.local/lib/python3.6/site-packages/airflow/example_dags/example_python_operator.py
[2021-09-21 01:40:57,309] {processor.py:623} INFO - DAG(s) dict_keys(['example_python_operator']) retrieved from /home/airflow/.local/lib/python3.6/site-packages/airflow/example_dags/example_python_operator.py
[2021-09-21 01:40:57,333] {logging_mixin.py:109} INFO - [2021-09-21 01:40:57,332] {dag.py:1834} INFO - Sync 1 DAGs
[2021-09-21 01:40:57,347] {logging_mixin.py:109} INFO - [2021-09-21 01:40:57,346] {dag.py:2287} INFO - Setting next_dagrun for example_python_operator to None
[2021-09-21 01:40:57,356] {processor.py:170} INFO - Processing /home/airflow/.local/lib/python3.6/site-packages/airflow/example_dags/example_python_operator.py took 0.065 seconds
[2021-09-21 01:41:28,218] {processor.py:162} INFO - Started process (PID=3000) to work on /home/airflow/.local/lib/python3.6/site-packages/airflow/example_dags/example_python_operator.py
[2021-09-21 01:41:28,220] {processor.py:613} INFO - Processing file /home/airflow/.local/lib/python3.6/site-packages/airflow/example_dags/example_python_operator.py for tasks to queue
[2021-09-21 01:41:28,221] {logging_mixin.py:109} INFO - [2021-09-21 01:41:28,221] {dagbag.py:496} INFO - Filling up the DagBag from /home/airflow/.local/lib/python3.6/site-packages/airflow/example_dags/example_python_operator.py
[2021-09-21 01:41:28,237] {processor.py:623} INFO - DAG(s) dict_keys(['example_python_operator']) retrieved from /home/airflow/.local/lib/python3.6/site-packages/airflow/example_dags/example_python_operator.py
[2021-09-21 01:41:28,265] {logging_mixin.py:109} INFO - [2021-09-21 01:41:28,265] {dag.py:1834} INFO - Sync 1 DAGs
[2021-09-21 01:41:28,280] {logging_mixin.py:109} INFO - [2021-09-21 01:41:28,279] {dag.py:2287} INFO - Setting next_dagrun for example_python_operator to None
[2021-09-21 01:41:28,290] {processor.py:170} INFO - Processing /home/airflow/.local/lib/python3.6/site-packages/airflow/example_dags/example_python_operator.py took 0.081 seconds
[2021-09-21 01:41:58,577] {processor.py:162} INFO - Started process (PID=3065) to work on /home/airflow/.local/lib/python3.6/site-packages/airflow/example_dags/example_python_operator.py
[2021-09-21 01:41:58,580] {processor.py:613} INFO - Processing file /home/airflow/.local/lib/python3.6/site-packages/airflow/example_dags/example_python_operator.py for tasks to queue
[2021-09-21 01:41:58,583] {logging_mixin.py:109} INFO - [2021-09-21 01:41:58,583] {dagbag.py:496} INFO - Filling up the DagBag from /home/airflow/.local/lib/python3.6/site-packages/airflow/example_dags/example_python_operator.py
[2021-09-21 01:41:58,608] {processor.py:623} INFO - DAG(s) dict_keys(['example_python_operator']) retrieved from /home/airflow/.local/lib/python3.6/site-packages/airflow/example_dags/example_python_operator.py
[2021-09-21 01:41:58,649] {logging_mixin.py:109} INFO - [2021-09-21 01:41:58,649] {dag.py:1834} INFO - Sync 1 DAGs
[2021-09-21 01:41:58,668] {logging_mixin.py:109} INFO - [2021-09-21 01:41:58,668] {dag.py:2287} INFO - Setting next_dagrun for example_python_operator to None
[2021-09-21 01:41:58,684] {processor.py:170} INFO - Processing /home/airflow/.local/lib/python3.6/site-packages/airflow/example_dags/example_python_operator.py took 0.114 seconds
[2021-09-21 01:42:28,889] {processor.py:162} INFO - Started process (PID=3120) to work on /home/airflow/.local/lib/python3.6/site-packages/airflow/example_dags/example_python_operator.py
[2021-09-21 01:42:28,891] {processor.py:613} INFO - Processing file /home/airflow/.local/lib/python3.6/site-packages/airflow/example_dags/example_python_operator.py for tasks to queue
[2021-09-21 01:42:28,892] {logging_mixin.py:109} INFO - [2021-09-21 01:42:28,892] {dagbag.py:496} INFO - Filling up the DagBag from /home/airflow/.local/lib/python3.6/site-packages/airflow/example_dags/example_python_operator.py
[2021-09-21 01:42:28,906] {processor.py:623} INFO - DAG(s) dict_keys(['example_python_operator']) retrieved from /home/airflow/.local/lib/python3.6/site-packages/airflow/example_dags/example_python_operator.py
[2021-09-21 01:42:28,929] {logging_mixin.py:109} INFO - [2021-09-21 01:42:28,929] {dag.py:1834} INFO - Sync 1 DAGs
[2021-09-21 01:42:28,944] {logging_mixin.py:109} INFO - [2021-09-21 01:42:28,944] {dag.py:2287} INFO - Setting next_dagrun for example_python_operator to None
[2021-09-21 01:42:28,954] {processor.py:170} INFO - Processing /home/airflow/.local/lib/python3.6/site-packages/airflow/example_dags/example_python_operator.py took 0.068 seconds
[2021-09-21 01:42:59,823] {processor.py:162} INFO - Started process (PID=3183) to work on /home/airflow/.local/lib/python3.6/site-packages/airflow/example_dags/example_python_operator.py
[2021-09-21 01:42:59,826] {processor.py:613} INFO - Processing file /home/airflow/.local/lib/python3.6/site-packages/airflow/example_dags/example_python_operator.py for tasks to queue
[2021-09-21 01:42:59,827] {logging_mixin.py:109} INFO - [2021-09-21 01:42:59,827] {dagbag.py:496} INFO - Filling up the DagBag from /home/airflow/.local/lib/python3.6/site-packages/airflow/example_dags/example_python_operator.py
[2021-09-21 01:42:59,840] {processor.py:623} INFO - DAG(s) dict_keys(['example_python_operator']) retrieved from /home/airflow/.local/lib/python3.6/site-packages/airflow/example_dags/example_python_operator.py
[2021-09-21 01:42:59,870] {logging_mixin.py:109} INFO - [2021-09-21 01:42:59,870] {dag.py:1834} INFO - Sync 1 DAGs
[2021-09-21 01:42:59,889] {logging_mixin.py:109} INFO - [2021-09-21 01:42:59,888] {dag.py:2287} INFO - Setting next_dagrun for example_python_operator to None
[2021-09-21 01:42:59,904] {processor.py:170} INFO - Processing /home/airflow/.local/lib/python3.6/site-packages/airflow/example_dags/example_python_operator.py took 0.091 seconds
[2021-09-21 01:43:30,598] {processor.py:162} INFO - Started process (PID=3234) to work on /home/airflow/.local/lib/python3.6/site-packages/airflow/example_dags/example_python_operator.py
[2021-09-21 01:43:30,600] {processor.py:613} INFO - Processing file /home/airflow/.local/lib/python3.6/site-packages/airflow/example_dags/example_python_operator.py for tasks to queue
[2021-09-21 01:43:30,601] {logging_mixin.py:109} INFO - [2021-09-21 01:43:30,601] {dagbag.py:496} INFO - Filling up the DagBag from /home/airflow/.local/lib/python3.6/site-packages/airflow/example_dags/example_python_operator.py
[2021-09-21 01:43:30,615] {processor.py:623} INFO - DAG(s) dict_keys(['example_python_operator']) retrieved from /home/airflow/.local/lib/python3.6/site-packages/airflow/example_dags/example_python_operator.py
[2021-09-21 01:43:30,640] {logging_mixin.py:109} INFO - [2021-09-21 01:43:30,640] {dag.py:1834} INFO - Sync 1 DAGs
[2021-09-21 01:43:30,659] {logging_mixin.py:109} INFO - [2021-09-21 01:43:30,659] {dag.py:2287} INFO - Setting next_dagrun for example_python_operator to None
[2021-09-21 01:43:30,669] {processor.py:170} INFO - Processing /home/airflow/.local/lib/python3.6/site-packages/airflow/example_dags/example_python_operator.py took 0.075 seconds
[2021-09-21 01:44:00,699] {processor.py:162} INFO - Started process (PID=3296) to work on /home/airflow/.local/lib/python3.6/site-packages/airflow/example_dags/example_python_operator.py
[2021-09-21 01:44:00,701] {processor.py:613} INFO - Processing file /home/airflow/.local/lib/python3.6/site-packages/airflow/example_dags/example_python_operator.py for tasks to queue
[2021-09-21 01:44:00,703] {logging_mixin.py:109} INFO - [2021-09-21 01:44:00,702] {dagbag.py:496} INFO - Filling up the DagBag from /home/airflow/.local/lib/python3.6/site-packages/airflow/example_dags/example_python_operator.py
[2021-09-21 01:44:00,714] {processor.py:623} INFO - DAG(s) dict_keys(['example_python_operator']) retrieved from /home/airflow/.local/lib/python3.6/site-packages/airflow/example_dags/example_python_operator.py
[2021-09-21 01:44:00,735] {logging_mixin.py:109} INFO - [2021-09-21 01:44:00,735] {dag.py:1834} INFO - Sync 1 DAGs
[2021-09-21 01:44:00,747] {logging_mixin.py:109} INFO - [2021-09-21 01:44:00,747] {dag.py:2287} INFO - Setting next_dagrun for example_python_operator to None
[2021-09-21 01:44:00,758] {processor.py:170} INFO - Processing /home/airflow/.local/lib/python3.6/site-packages/airflow/example_dags/example_python_operator.py took 0.063 seconds
[2021-09-21 01:44:31,442] {processor.py:162} INFO - Started process (PID=3350) to work on /home/airflow/.local/lib/python3.6/site-packages/airflow/example_dags/example_python_operator.py
[2021-09-21 01:44:31,444] {processor.py:613} INFO - Processing file /home/airflow/.local/lib/python3.6/site-packages/airflow/example_dags/example_python_operator.py for tasks to queue
[2021-09-21 01:44:31,445] {logging_mixin.py:109} INFO - [2021-09-21 01:44:31,445] {dagbag.py:496} INFO - Filling up the DagBag from /home/airflow/.local/lib/python3.6/site-packages/airflow/example_dags/example_python_operator.py
[2021-09-21 01:44:31,462] {processor.py:623} INFO - DAG(s) dict_keys(['example_python_operator']) retrieved from /home/airflow/.local/lib/python3.6/site-packages/airflow/example_dags/example_python_operator.py
[2021-09-21 01:44:31,490] {logging_mixin.py:109} INFO - [2021-09-21 01:44:31,490] {dag.py:1834} INFO - Sync 1 DAGs
[2021-09-21 01:44:31,505] {logging_mixin.py:109} INFO - [2021-09-21 01:44:31,505] {dag.py:2287} INFO - Setting next_dagrun for example_python_operator to None
[2021-09-21 01:44:31,516] {processor.py:170} INFO - Processing /home/airflow/.local/lib/python3.6/site-packages/airflow/example_dags/example_python_operator.py took 0.079 seconds
[2021-09-21 01:45:01,635] {processor.py:162} INFO - Started process (PID=3413) to work on /home/airflow/.local/lib/python3.6/site-packages/airflow/example_dags/example_python_operator.py
[2021-09-21 01:45:01,639] {processor.py:613} INFO - Processing file /home/airflow/.local/lib/python3.6/site-packages/airflow/example_dags/example_python_operator.py for tasks to queue
[2021-09-21 01:45:01,640] {logging_mixin.py:109} INFO - [2021-09-21 01:45:01,640] {dagbag.py:496} INFO - Filling up the DagBag from /home/airflow/.local/lib/python3.6/site-packages/airflow/example_dags/example_python_operator.py
[2021-09-21 01:45:01,660] {processor.py:623} INFO - DAG(s) dict_keys(['example_python_operator']) retrieved from /home/airflow/.local/lib/python3.6/site-packages/airflow/example_dags/example_python_operator.py
[2021-09-21 01:45:01,691] {logging_mixin.py:109} INFO - [2021-09-21 01:45:01,691] {dag.py:1834} INFO - Sync 1 DAGs
[2021-09-21 01:45:01,711] {logging_mixin.py:109} INFO - [2021-09-21 01:45:01,710] {dag.py:2287} INFO - Setting next_dagrun for example_python_operator to None
[2021-09-21 01:45:01,723] {processor.py:170} INFO - Processing /home/airflow/.local/lib/python3.6/site-packages/airflow/example_dags/example_python_operator.py took 0.096 seconds
[2021-09-21 01:45:32,453] {processor.py:162} INFO - Started process (PID=3477) to work on /home/airflow/.local/lib/python3.6/site-packages/airflow/example_dags/example_python_operator.py
[2021-09-21 01:45:32,455] {processor.py:613} INFO - Processing file /home/airflow/.local/lib/python3.6/site-packages/airflow/example_dags/example_python_operator.py for tasks to queue
[2021-09-21 01:45:32,456] {logging_mixin.py:109} INFO - [2021-09-21 01:45:32,456] {dagbag.py:496} INFO - Filling up the DagBag from /home/airflow/.local/lib/python3.6/site-packages/airflow/example_dags/example_python_operator.py
[2021-09-21 01:45:32,469] {processor.py:623} INFO - DAG(s) dict_keys(['example_python_operator']) retrieved from /home/airflow/.local/lib/python3.6/site-packages/airflow/example_dags/example_python_operator.py
[2021-09-21 01:45:32,490] {logging_mixin.py:109} INFO - [2021-09-21 01:45:32,489] {dag.py:1834} INFO - Sync 1 DAGs
[2021-09-21 01:45:32,504] {logging_mixin.py:109} INFO - [2021-09-21 01:45:32,504] {dag.py:2287} INFO - Setting next_dagrun for example_python_operator to None
[2021-09-21 01:45:32,514] {processor.py:170} INFO - Processing /home/airflow/.local/lib/python3.6/site-packages/airflow/example_dags/example_python_operator.py took 0.064 seconds
[2021-09-21 01:46:03,275] {processor.py:162} INFO - Started process (PID=3529) to work on /home/airflow/.local/lib/python3.6/site-packages/airflow/example_dags/example_python_operator.py
[2021-09-21 01:46:03,276] {processor.py:613} INFO - Processing file /home/airflow/.local/lib/python3.6/site-packages/airflow/example_dags/example_python_operator.py for tasks to queue
[2021-09-21 01:46:03,279] {logging_mixin.py:109} INFO - [2021-09-21 01:46:03,278] {dagbag.py:496} INFO - Filling up the DagBag from /home/airflow/.local/lib/python3.6/site-packages/airflow/example_dags/example_python_operator.py
[2021-09-21 01:46:03,291] {processor.py:623} INFO - DAG(s) dict_keys(['example_python_operator']) retrieved from /home/airflow/.local/lib/python3.6/site-packages/airflow/example_dags/example_python_operator.py
[2021-09-21 01:46:03,311] {logging_mixin.py:109} INFO - [2021-09-21 01:46:03,311] {dag.py:1834} INFO - Sync 1 DAGs
[2021-09-21 01:46:03,323] {logging_mixin.py:109} INFO - [2021-09-21 01:46:03,323] {dag.py:2287} INFO - Setting next_dagrun for example_python_operator to None
[2021-09-21 01:46:03,334] {processor.py:170} INFO - Processing /home/airflow/.local/lib/python3.6/site-packages/airflow/example_dags/example_python_operator.py took 0.062 seconds
[2021-09-21 01:46:33,700] {processor.py:162} INFO - Started process (PID=3592) to work on /home/airflow/.local/lib/python3.6/site-packages/airflow/example_dags/example_python_operator.py
[2021-09-21 01:46:33,703] {processor.py:613} INFO - Processing file /home/airflow/.local/lib/python3.6/site-packages/airflow/example_dags/example_python_operator.py for tasks to queue
[2021-09-21 01:46:33,704] {logging_mixin.py:109} INFO - [2021-09-21 01:46:33,704] {dagbag.py:496} INFO - Filling up the DagBag from /home/airflow/.local/lib/python3.6/site-packages/airflow/example_dags/example_python_operator.py
[2021-09-21 01:46:33,720] {processor.py:623} INFO - DAG(s) dict_keys(['example_python_operator']) retrieved from /home/airflow/.local/lib/python3.6/site-packages/airflow/example_dags/example_python_operator.py
[2021-09-21 01:46:33,747] {logging_mixin.py:109} INFO - [2021-09-21 01:46:33,747] {dag.py:1834} INFO - Sync 1 DAGs
[2021-09-21 01:46:33,763] {logging_mixin.py:109} INFO - [2021-09-21 01:46:33,763] {dag.py:2287} INFO - Setting next_dagrun for example_python_operator to None
[2021-09-21 01:46:33,775] {processor.py:170} INFO - Processing /home/airflow/.local/lib/python3.6/site-packages/airflow/example_dags/example_python_operator.py took 0.079 seconds
[2021-09-21 01:47:03,968] {processor.py:162} INFO - Started process (PID=3647) to work on /home/airflow/.local/lib/python3.6/site-packages/airflow/example_dags/example_python_operator.py
[2021-09-21 01:47:03,971] {processor.py:613} INFO - Processing file /home/airflow/.local/lib/python3.6/site-packages/airflow/example_dags/example_python_operator.py for tasks to queue
[2021-09-21 01:47:03,973] {logging_mixin.py:109} INFO - [2021-09-21 01:47:03,973] {dagbag.py:496} INFO - Filling up the DagBag from /home/airflow/.local/lib/python3.6/site-packages/airflow/example_dags/example_python_operator.py
[2021-09-21 01:47:03,995] {processor.py:623} INFO - DAG(s) dict_keys(['example_python_operator']) retrieved from /home/airflow/.local/lib/python3.6/site-packages/airflow/example_dags/example_python_operator.py
[2021-09-21 01:47:04,088] {logging_mixin.py:109} INFO - [2021-09-21 01:47:04,088] {dag.py:1834} INFO - Sync 1 DAGs
[2021-09-21 01:47:04,115] {logging_mixin.py:109} INFO - [2021-09-21 01:47:04,115] {dag.py:2287} INFO - Setting next_dagrun for example_python_operator to None
[2021-09-21 01:47:04,132] {processor.py:170} INFO - Processing /home/airflow/.local/lib/python3.6/site-packages/airflow/example_dags/example_python_operator.py took 0.168 seconds
[2021-09-21 01:47:34,344] {processor.py:162} INFO - Started process (PID=3713) to work on /home/airflow/.local/lib/python3.6/site-packages/airflow/example_dags/example_python_operator.py
[2021-09-21 01:47:34,345] {processor.py:613} INFO - Processing file /home/airflow/.local/lib/python3.6/site-packages/airflow/example_dags/example_python_operator.py for tasks to queue
[2021-09-21 01:47:34,346] {logging_mixin.py:109} INFO - [2021-09-21 01:47:34,346] {dagbag.py:496} INFO - Filling up the DagBag from /home/airflow/.local/lib/python3.6/site-packages/airflow/example_dags/example_python_operator.py
[2021-09-21 01:47:34,360] {processor.py:623} INFO - DAG(s) dict_keys(['example_python_operator']) retrieved from /home/airflow/.local/lib/python3.6/site-packages/airflow/example_dags/example_python_operator.py
[2021-09-21 01:47:34,385] {logging_mixin.py:109} INFO - [2021-09-21 01:47:34,384] {dag.py:1834} INFO - Sync 1 DAGs
[2021-09-21 01:47:34,403] {logging_mixin.py:109} INFO - [2021-09-21 01:47:34,402] {dag.py:2287} INFO - Setting next_dagrun for example_python_operator to None
[2021-09-21 01:47:34,415] {processor.py:170} INFO - Processing /home/airflow/.local/lib/python3.6/site-packages/airflow/example_dags/example_python_operator.py took 0.074 seconds
[2021-09-21 01:48:05,175] {processor.py:162} INFO - Started process (PID=3765) to work on /home/airflow/.local/lib/python3.6/site-packages/airflow/example_dags/example_python_operator.py
[2021-09-21 01:48:05,177] {processor.py:613} INFO - Processing file /home/airflow/.local/lib/python3.6/site-packages/airflow/example_dags/example_python_operator.py for tasks to queue
[2021-09-21 01:48:05,178] {logging_mixin.py:109} INFO - [2021-09-21 01:48:05,178] {dagbag.py:496} INFO - Filling up the DagBag from /home/airflow/.local/lib/python3.6/site-packages/airflow/example_dags/example_python_operator.py
[2021-09-21 01:48:05,194] {processor.py:623} INFO - DAG(s) dict_keys(['example_python_operator']) retrieved from /home/airflow/.local/lib/python3.6/site-packages/airflow/example_dags/example_python_operator.py
[2021-09-21 01:48:05,224] {logging_mixin.py:109} INFO - [2021-09-21 01:48:05,224] {dag.py:1834} INFO - Sync 1 DAGs
[2021-09-21 01:48:05,246] {logging_mixin.py:109} INFO - [2021-09-21 01:48:05,245] {dag.py:2287} INFO - Setting next_dagrun for example_python_operator to None
[2021-09-21 01:48:05,260] {processor.py:170} INFO - Processing /home/airflow/.local/lib/python3.6/site-packages/airflow/example_dags/example_python_operator.py took 0.088 seconds
[2021-09-21 01:48:35,644] {processor.py:162} INFO - Started process (PID=3830) to work on /home/airflow/.local/lib/python3.6/site-packages/airflow/example_dags/example_python_operator.py
[2021-09-21 01:48:35,647] {processor.py:613} INFO - Processing file /home/airflow/.local/lib/python3.6/site-packages/airflow/example_dags/example_python_operator.py for tasks to queue
[2021-09-21 01:48:35,648] {logging_mixin.py:109} INFO - [2021-09-21 01:48:35,648] {dagbag.py:496} INFO - Filling up the DagBag from /home/airflow/.local/lib/python3.6/site-packages/airflow/example_dags/example_python_operator.py
[2021-09-21 01:48:35,667] {processor.py:623} INFO - DAG(s) dict_keys(['example_python_operator']) retrieved from /home/airflow/.local/lib/python3.6/site-packages/airflow/example_dags/example_python_operator.py
[2021-09-21 01:48:35,696] {logging_mixin.py:109} INFO - [2021-09-21 01:48:35,696] {dag.py:1834} INFO - Sync 1 DAGs
[2021-09-21 01:48:35,715] {logging_mixin.py:109} INFO - [2021-09-21 01:48:35,715] {dag.py:2287} INFO - Setting next_dagrun for example_python_operator to None
[2021-09-21 01:48:35,727] {processor.py:170} INFO - Processing /home/airflow/.local/lib/python3.6/site-packages/airflow/example_dags/example_python_operator.py took 0.087 seconds
[2021-09-21 01:49:05,784] {processor.py:162} INFO - Started process (PID=3893) to work on /home/airflow/.local/lib/python3.6/site-packages/airflow/example_dags/example_python_operator.py
[2021-09-21 01:49:05,786] {processor.py:613} INFO - Processing file /home/airflow/.local/lib/python3.6/site-packages/airflow/example_dags/example_python_operator.py for tasks to queue
[2021-09-21 01:49:05,788] {logging_mixin.py:109} INFO - [2021-09-21 01:49:05,788] {dagbag.py:496} INFO - Filling up the DagBag from /home/airflow/.local/lib/python3.6/site-packages/airflow/example_dags/example_python_operator.py
[2021-09-21 01:49:05,802] {processor.py:623} INFO - DAG(s) dict_keys(['example_python_operator']) retrieved from /home/airflow/.local/lib/python3.6/site-packages/airflow/example_dags/example_python_operator.py
[2021-09-21 01:49:05,828] {logging_mixin.py:109} INFO - [2021-09-21 01:49:05,828] {dag.py:1834} INFO - Sync 1 DAGs
[2021-09-21 01:49:05,844] {logging_mixin.py:109} INFO - [2021-09-21 01:49:05,844] {dag.py:2287} INFO - Setting next_dagrun for example_python_operator to None
[2021-09-21 01:49:05,855] {processor.py:170} INFO - Processing /home/airflow/.local/lib/python3.6/site-packages/airflow/example_dags/example_python_operator.py took 0.076 seconds
[2021-09-21 01:49:36,023] {processor.py:162} INFO - Started process (PID=3945) to work on /home/airflow/.local/lib/python3.6/site-packages/airflow/example_dags/example_python_operator.py
[2021-09-21 01:49:36,026] {processor.py:613} INFO - Processing file /home/airflow/.local/lib/python3.6/site-packages/airflow/example_dags/example_python_operator.py for tasks to queue
[2021-09-21 01:49:36,028] {logging_mixin.py:109} INFO - [2021-09-21 01:49:36,028] {dagbag.py:496} INFO - Filling up the DagBag from /home/airflow/.local/lib/python3.6/site-packages/airflow/example_dags/example_python_operator.py
[2021-09-21 01:49:36,043] {processor.py:623} INFO - DAG(s) dict_keys(['example_python_operator']) retrieved from /home/airflow/.local/lib/python3.6/site-packages/airflow/example_dags/example_python_operator.py
[2021-09-21 01:49:36,067] {logging_mixin.py:109} INFO - [2021-09-21 01:49:36,067] {dag.py:1834} INFO - Sync 1 DAGs
[2021-09-21 01:49:36,082] {logging_mixin.py:109} INFO - [2021-09-21 01:49:36,082] {dag.py:2287} INFO - Setting next_dagrun for example_python_operator to None
[2021-09-21 01:49:36,092] {processor.py:170} INFO - Processing /home/airflow/.local/lib/python3.6/site-packages/airflow/example_dags/example_python_operator.py took 0.074 seconds
[2021-09-21 01:50:06,424] {processor.py:162} INFO - Started process (PID=4009) to work on /home/airflow/.local/lib/python3.6/site-packages/airflow/example_dags/example_python_operator.py
[2021-09-21 01:50:06,426] {processor.py:613} INFO - Processing file /home/airflow/.local/lib/python3.6/site-packages/airflow/example_dags/example_python_operator.py for tasks to queue
[2021-09-21 01:50:06,428] {logging_mixin.py:109} INFO - [2021-09-21 01:50:06,428] {dagbag.py:496} INFO - Filling up the DagBag from /home/airflow/.local/lib/python3.6/site-packages/airflow/example_dags/example_python_operator.py
[2021-09-21 01:50:06,443] {processor.py:623} INFO - DAG(s) dict_keys(['example_python_operator']) retrieved from /home/airflow/.local/lib/python3.6/site-packages/airflow/example_dags/example_python_operator.py
[2021-09-21 01:50:06,469] {logging_mixin.py:109} INFO - [2021-09-21 01:50:06,469] {dag.py:1834} INFO - Sync 1 DAGs
[2021-09-21 01:50:06,486] {logging_mixin.py:109} INFO - [2021-09-21 01:50:06,486] {dag.py:2287} INFO - Setting next_dagrun for example_python_operator to None
[2021-09-21 01:50:06,497] {processor.py:170} INFO - Processing /home/airflow/.local/lib/python3.6/site-packages/airflow/example_dags/example_python_operator.py took 0.077 seconds
[2021-09-21 01:50:37,367] {processor.py:162} INFO - Started process (PID=4060) to work on /home/airflow/.local/lib/python3.6/site-packages/airflow/example_dags/example_python_operator.py
[2021-09-21 01:50:37,370] {processor.py:613} INFO - Processing file /home/airflow/.local/lib/python3.6/site-packages/airflow/example_dags/example_python_operator.py for tasks to queue
[2021-09-21 01:50:37,371] {logging_mixin.py:109} INFO - [2021-09-21 01:50:37,371] {dagbag.py:496} INFO - Filling up the DagBag from /home/airflow/.local/lib/python3.6/site-packages/airflow/example_dags/example_python_operator.py
[2021-09-21 01:50:37,387] {processor.py:623} INFO - DAG(s) dict_keys(['example_python_operator']) retrieved from /home/airflow/.local/lib/python3.6/site-packages/airflow/example_dags/example_python_operator.py
[2021-09-21 01:50:37,411] {logging_mixin.py:109} INFO - [2021-09-21 01:50:37,411] {dag.py:1834} INFO - Sync 1 DAGs
[2021-09-21 01:50:37,428] {logging_mixin.py:109} INFO - [2021-09-21 01:50:37,428] {dag.py:2287} INFO - Setting next_dagrun for example_python_operator to None
[2021-09-21 01:50:37,440] {processor.py:170} INFO - Processing /home/airflow/.local/lib/python3.6/site-packages/airflow/example_dags/example_python_operator.py took 0.078 seconds
[2021-09-21 01:51:07,639] {processor.py:162} INFO - Started process (PID=4124) to work on /home/airflow/.local/lib/python3.6/site-packages/airflow/example_dags/example_python_operator.py
[2021-09-21 01:51:07,641] {processor.py:613} INFO - Processing file /home/airflow/.local/lib/python3.6/site-packages/airflow/example_dags/example_python_operator.py for tasks to queue
[2021-09-21 01:51:07,643] {logging_mixin.py:109} INFO - [2021-09-21 01:51:07,643] {dagbag.py:496} INFO - Filling up the DagBag from /home/airflow/.local/lib/python3.6/site-packages/airflow/example_dags/example_python_operator.py
[2021-09-21 01:51:07,659] {processor.py:623} INFO - DAG(s) dict_keys(['example_python_operator']) retrieved from /home/airflow/.local/lib/python3.6/site-packages/airflow/example_dags/example_python_operator.py
[2021-09-21 01:51:07,685] {logging_mixin.py:109} INFO - [2021-09-21 01:51:07,685] {dag.py:1834} INFO - Sync 1 DAGs
[2021-09-21 01:51:07,700] {logging_mixin.py:109} INFO - [2021-09-21 01:51:07,700] {dag.py:2287} INFO - Setting next_dagrun for example_python_operator to None
[2021-09-21 01:51:07,710] {processor.py:170} INFO - Processing /home/airflow/.local/lib/python3.6/site-packages/airflow/example_dags/example_python_operator.py took 0.075 seconds
[2021-09-21 01:51:37,969] {processor.py:162} INFO - Started process (PID=4177) to work on /home/airflow/.local/lib/python3.6/site-packages/airflow/example_dags/example_python_operator.py
[2021-09-21 01:51:37,970] {processor.py:613} INFO - Processing file /home/airflow/.local/lib/python3.6/site-packages/airflow/example_dags/example_python_operator.py for tasks to queue
[2021-09-21 01:51:37,971] {logging_mixin.py:109} INFO - [2021-09-21 01:51:37,971] {dagbag.py:496} INFO - Filling up the DagBag from /home/airflow/.local/lib/python3.6/site-packages/airflow/example_dags/example_python_operator.py
[2021-09-21 01:51:37,983] {processor.py:623} INFO - DAG(s) dict_keys(['example_python_operator']) retrieved from /home/airflow/.local/lib/python3.6/site-packages/airflow/example_dags/example_python_operator.py
[2021-09-21 01:51:38,006] {logging_mixin.py:109} INFO - [2021-09-21 01:51:38,006] {dag.py:1834} INFO - Sync 1 DAGs
[2021-09-21 01:51:38,019] {logging_mixin.py:109} INFO - [2021-09-21 01:51:38,019] {dag.py:2287} INFO - Setting next_dagrun for example_python_operator to None
[2021-09-21 01:51:38,028] {processor.py:170} INFO - Processing /home/airflow/.local/lib/python3.6/site-packages/airflow/example_dags/example_python_operator.py took 0.062 seconds
[2021-09-21 01:52:08,409] {processor.py:162} INFO - Started process (PID=4240) to work on /home/airflow/.local/lib/python3.6/site-packages/airflow/example_dags/example_python_operator.py
[2021-09-21 01:52:08,416] {processor.py:613} INFO - Processing file /home/airflow/.local/lib/python3.6/site-packages/airflow/example_dags/example_python_operator.py for tasks to queue
[2021-09-21 01:52:08,418] {logging_mixin.py:109} INFO - [2021-09-21 01:52:08,417] {dagbag.py:496} INFO - Filling up the DagBag from /home/airflow/.local/lib/python3.6/site-packages/airflow/example_dags/example_python_operator.py
[2021-09-21 01:52:08,438] {processor.py:623} INFO - DAG(s) dict_keys(['example_python_operator']) retrieved from /home/airflow/.local/lib/python3.6/site-packages/airflow/example_dags/example_python_operator.py
[2021-09-21 01:52:08,476] {logging_mixin.py:109} INFO - [2021-09-21 01:52:08,476] {dag.py:1834} INFO - Sync 1 DAGs
[2021-09-21 01:52:08,492] {logging_mixin.py:109} INFO - [2021-09-21 01:52:08,492] {dag.py:2287} INFO - Setting next_dagrun for example_python_operator to None
[2021-09-21 01:52:08,504] {processor.py:170} INFO - Processing /home/airflow/.local/lib/python3.6/site-packages/airflow/example_dags/example_python_operator.py took 0.099 seconds
[2021-09-21 01:52:39,537] {processor.py:162} INFO - Started process (PID=4295) to work on /home/airflow/.local/lib/python3.6/site-packages/airflow/example_dags/example_python_operator.py
[2021-09-21 01:52:39,539] {processor.py:613} INFO - Processing file /home/airflow/.local/lib/python3.6/site-packages/airflow/example_dags/example_python_operator.py for tasks to queue
[2021-09-21 01:52:39,541] {logging_mixin.py:109} INFO - [2021-09-21 01:52:39,541] {dagbag.py:496} INFO - Filling up the DagBag from /home/airflow/.local/lib/python3.6/site-packages/airflow/example_dags/example_python_operator.py
[2021-09-21 01:52:39,556] {processor.py:623} INFO - DAG(s) dict_keys(['example_python_operator']) retrieved from /home/airflow/.local/lib/python3.6/site-packages/airflow/example_dags/example_python_operator.py
[2021-09-21 01:52:39,581] {logging_mixin.py:109} INFO - [2021-09-21 01:52:39,580] {dag.py:1834} INFO - Sync 1 DAGs
[2021-09-21 01:52:39,601] {logging_mixin.py:109} INFO - [2021-09-21 01:52:39,601] {dag.py:2287} INFO - Setting next_dagrun for example_python_operator to None
[2021-09-21 01:52:39,612] {processor.py:170} INFO - Processing /home/airflow/.local/lib/python3.6/site-packages/airflow/example_dags/example_python_operator.py took 0.079 seconds
