[2021-09-21 01:17:37,593] {processor.py:162} INFO - Started process (PID=267) to work on /home/airflow/.local/lib/python3.6/site-packages/airflow/example_dags/example_task_group_decorator.py
[2021-09-21 01:17:37,596] {processor.py:613} INFO - Processing file /home/airflow/.local/lib/python3.6/site-packages/airflow/example_dags/example_task_group_decorator.py for tasks to queue
[2021-09-21 01:17:37,598] {logging_mixin.py:109} INFO - [2021-09-21 01:17:37,598] {dagbag.py:496} INFO - Filling up the DagBag from /home/airflow/.local/lib/python3.6/site-packages/airflow/example_dags/example_task_group_decorator.py
[2021-09-21 01:17:37,631] {processor.py:623} INFO - DAG(s) dict_keys(['example_task_group_decorator']) retrieved from /home/airflow/.local/lib/python3.6/site-packages/airflow/example_dags/example_task_group_decorator.py
[2021-09-21 01:17:39,666] {logging_mixin.py:109} INFO - [2021-09-21 01:17:39,665] {dag.py:1834} INFO - Sync 1 DAGs
[2021-09-21 01:17:39,676] {logging_mixin.py:109} INFO - [2021-09-21 01:17:39,676] {dag.py:1853} INFO - Creating ORM DAG for example_task_group_decorator
[2021-09-21 01:17:39,681] {logging_mixin.py:109} INFO - [2021-09-21 01:17:39,681] {dag.py:2287} INFO - Setting next_dagrun for example_task_group_decorator to 2021-09-19 00:00:00+00:00
[2021-09-21 01:17:39,690] {processor.py:170} INFO - Processing /home/airflow/.local/lib/python3.6/site-packages/airflow/example_dags/example_task_group_decorator.py took 2.103 seconds
[2021-09-21 01:18:09,793] {processor.py:162} INFO - Started process (PID=349) to work on /home/airflow/.local/lib/python3.6/site-packages/airflow/example_dags/example_task_group_decorator.py
[2021-09-21 01:18:09,798] {processor.py:613} INFO - Processing file /home/airflow/.local/lib/python3.6/site-packages/airflow/example_dags/example_task_group_decorator.py for tasks to queue
[2021-09-21 01:18:09,801] {logging_mixin.py:109} INFO - [2021-09-21 01:18:09,801] {dagbag.py:496} INFO - Filling up the DagBag from /home/airflow/.local/lib/python3.6/site-packages/airflow/example_dags/example_task_group_decorator.py
[2021-09-21 01:18:09,854] {processor.py:623} INFO - DAG(s) dict_keys(['example_task_group_decorator']) retrieved from /home/airflow/.local/lib/python3.6/site-packages/airflow/example_dags/example_task_group_decorator.py
[2021-09-21 01:18:10,081] {logging_mixin.py:109} INFO - [2021-09-21 01:18:10,080] {dag.py:1834} INFO - Sync 1 DAGs
[2021-09-21 01:18:10,093] {logging_mixin.py:109} INFO - [2021-09-21 01:18:10,093] {dag.py:2287} INFO - Setting next_dagrun for example_task_group_decorator to 2021-09-19 00:00:00+00:00
[2021-09-21 01:18:10,105] {processor.py:170} INFO - Processing /home/airflow/.local/lib/python3.6/site-packages/airflow/example_dags/example_task_group_decorator.py took 0.323 seconds
[2021-09-21 01:18:41,013] {processor.py:162} INFO - Started process (PID=414) to work on /home/airflow/.local/lib/python3.6/site-packages/airflow/example_dags/example_task_group_decorator.py
[2021-09-21 01:18:41,015] {processor.py:613} INFO - Processing file /home/airflow/.local/lib/python3.6/site-packages/airflow/example_dags/example_task_group_decorator.py for tasks to queue
[2021-09-21 01:18:41,016] {logging_mixin.py:109} INFO - [2021-09-21 01:18:41,016] {dagbag.py:496} INFO - Filling up the DagBag from /home/airflow/.local/lib/python3.6/site-packages/airflow/example_dags/example_task_group_decorator.py
[2021-09-21 01:18:41,047] {processor.py:623} INFO - DAG(s) dict_keys(['example_task_group_decorator']) retrieved from /home/airflow/.local/lib/python3.6/site-packages/airflow/example_dags/example_task_group_decorator.py
[2021-09-21 01:18:41,212] {logging_mixin.py:109} INFO - [2021-09-21 01:18:41,212] {dag.py:1834} INFO - Sync 1 DAGs
[2021-09-21 01:18:41,224] {logging_mixin.py:109} INFO - [2021-09-21 01:18:41,224] {dag.py:2287} INFO - Setting next_dagrun for example_task_group_decorator to 2021-09-19 00:00:00+00:00
[2021-09-21 01:18:41,237] {processor.py:170} INFO - Processing /home/airflow/.local/lib/python3.6/site-packages/airflow/example_dags/example_task_group_decorator.py took 0.228 seconds
[2021-09-21 01:19:11,326] {processor.py:162} INFO - Started process (PID=466) to work on /home/airflow/.local/lib/python3.6/site-packages/airflow/example_dags/example_task_group_decorator.py
[2021-09-21 01:19:11,328] {processor.py:613} INFO - Processing file /home/airflow/.local/lib/python3.6/site-packages/airflow/example_dags/example_task_group_decorator.py for tasks to queue
[2021-09-21 01:19:11,330] {logging_mixin.py:109} INFO - [2021-09-21 01:19:11,330] {dagbag.py:496} INFO - Filling up the DagBag from /home/airflow/.local/lib/python3.6/site-packages/airflow/example_dags/example_task_group_decorator.py
[2021-09-21 01:19:11,361] {processor.py:623} INFO - DAG(s) dict_keys(['example_task_group_decorator']) retrieved from /home/airflow/.local/lib/python3.6/site-packages/airflow/example_dags/example_task_group_decorator.py
[2021-09-21 01:19:11,390] {logging_mixin.py:109} INFO - [2021-09-21 01:19:11,390] {dag.py:1834} INFO - Sync 1 DAGs
[2021-09-21 01:19:11,407] {logging_mixin.py:109} INFO - [2021-09-21 01:19:11,407] {dag.py:2287} INFO - Setting next_dagrun for example_task_group_decorator to 2021-09-19 00:00:00+00:00
[2021-09-21 01:19:11,422] {processor.py:170} INFO - Processing /home/airflow/.local/lib/python3.6/site-packages/airflow/example_dags/example_task_group_decorator.py took 0.100 seconds
[2021-09-21 01:19:41,548] {processor.py:162} INFO - Started process (PID=531) to work on /home/airflow/.local/lib/python3.6/site-packages/airflow/example_dags/example_task_group_decorator.py
[2021-09-21 01:19:41,549] {processor.py:613} INFO - Processing file /home/airflow/.local/lib/python3.6/site-packages/airflow/example_dags/example_task_group_decorator.py for tasks to queue
[2021-09-21 01:19:41,551] {logging_mixin.py:109} INFO - [2021-09-21 01:19:41,551] {dagbag.py:496} INFO - Filling up the DagBag from /home/airflow/.local/lib/python3.6/site-packages/airflow/example_dags/example_task_group_decorator.py
[2021-09-21 01:19:41,581] {processor.py:623} INFO - DAG(s) dict_keys(['example_task_group_decorator']) retrieved from /home/airflow/.local/lib/python3.6/site-packages/airflow/example_dags/example_task_group_decorator.py
[2021-09-21 01:19:41,770] {logging_mixin.py:109} INFO - [2021-09-21 01:19:41,770] {dag.py:1834} INFO - Sync 1 DAGs
[2021-09-21 01:19:41,782] {logging_mixin.py:109} INFO - [2021-09-21 01:19:41,782] {dag.py:2287} INFO - Setting next_dagrun for example_task_group_decorator to 2021-09-19 00:00:00+00:00
[2021-09-21 01:19:41,794] {processor.py:170} INFO - Processing /home/airflow/.local/lib/python3.6/site-packages/airflow/example_dags/example_task_group_decorator.py took 0.250 seconds
[2021-09-21 01:20:11,844] {processor.py:162} INFO - Started process (PID=595) to work on /home/airflow/.local/lib/python3.6/site-packages/airflow/example_dags/example_task_group_decorator.py
[2021-09-21 01:20:11,846] {processor.py:613} INFO - Processing file /home/airflow/.local/lib/python3.6/site-packages/airflow/example_dags/example_task_group_decorator.py for tasks to queue
[2021-09-21 01:20:11,849] {logging_mixin.py:109} INFO - [2021-09-21 01:20:11,849] {dagbag.py:496} INFO - Filling up the DagBag from /home/airflow/.local/lib/python3.6/site-packages/airflow/example_dags/example_task_group_decorator.py
[2021-09-21 01:20:11,879] {processor.py:623} INFO - DAG(s) dict_keys(['example_task_group_decorator']) retrieved from /home/airflow/.local/lib/python3.6/site-packages/airflow/example_dags/example_task_group_decorator.py
[2021-09-21 01:20:12,091] {logging_mixin.py:109} INFO - [2021-09-21 01:20:12,091] {dag.py:1834} INFO - Sync 1 DAGs
[2021-09-21 01:20:12,107] {logging_mixin.py:109} INFO - [2021-09-21 01:20:12,107] {dag.py:2287} INFO - Setting next_dagrun for example_task_group_decorator to 2021-09-19 00:00:00+00:00
[2021-09-21 01:20:12,123] {processor.py:170} INFO - Processing /home/airflow/.local/lib/python3.6/site-packages/airflow/example_dags/example_task_group_decorator.py took 0.283 seconds
[2021-09-21 01:20:42,592] {processor.py:162} INFO - Started process (PID=652) to work on /home/airflow/.local/lib/python3.6/site-packages/airflow/example_dags/example_task_group_decorator.py
[2021-09-21 01:20:42,593] {processor.py:613} INFO - Processing file /home/airflow/.local/lib/python3.6/site-packages/airflow/example_dags/example_task_group_decorator.py for tasks to queue
[2021-09-21 01:20:42,595] {logging_mixin.py:109} INFO - [2021-09-21 01:20:42,595] {dagbag.py:496} INFO - Filling up the DagBag from /home/airflow/.local/lib/python3.6/site-packages/airflow/example_dags/example_task_group_decorator.py
[2021-09-21 01:20:42,623] {processor.py:623} INFO - DAG(s) dict_keys(['example_task_group_decorator']) retrieved from /home/airflow/.local/lib/python3.6/site-packages/airflow/example_dags/example_task_group_decorator.py
[2021-09-21 01:20:42,812] {logging_mixin.py:109} INFO - [2021-09-21 01:20:42,812] {dag.py:1834} INFO - Sync 1 DAGs
[2021-09-21 01:20:42,824] {logging_mixin.py:109} INFO - [2021-09-21 01:20:42,824] {dag.py:2287} INFO - Setting next_dagrun for example_task_group_decorator to 2021-09-19 00:00:00+00:00
[2021-09-21 01:20:42,834] {processor.py:170} INFO - Processing /home/airflow/.local/lib/python3.6/site-packages/airflow/example_dags/example_task_group_decorator.py took 0.246 seconds
[2021-09-21 01:21:13,234] {processor.py:162} INFO - Started process (PID=717) to work on /home/airflow/.local/lib/python3.6/site-packages/airflow/example_dags/example_task_group_decorator.py
[2021-09-21 01:21:13,238] {processor.py:613} INFO - Processing file /home/airflow/.local/lib/python3.6/site-packages/airflow/example_dags/example_task_group_decorator.py for tasks to queue
[2021-09-21 01:21:13,240] {logging_mixin.py:109} INFO - [2021-09-21 01:21:13,240] {dagbag.py:496} INFO - Filling up the DagBag from /home/airflow/.local/lib/python3.6/site-packages/airflow/example_dags/example_task_group_decorator.py
[2021-09-21 01:21:13,275] {processor.py:623} INFO - DAG(s) dict_keys(['example_task_group_decorator']) retrieved from /home/airflow/.local/lib/python3.6/site-packages/airflow/example_dags/example_task_group_decorator.py
[2021-09-21 01:21:13,481] {logging_mixin.py:109} INFO - [2021-09-21 01:21:13,481] {dag.py:1834} INFO - Sync 1 DAGs
[2021-09-21 01:21:13,492] {logging_mixin.py:109} INFO - [2021-09-21 01:21:13,492] {dag.py:2287} INFO - Setting next_dagrun for example_task_group_decorator to 2021-09-19 00:00:00+00:00
[2021-09-21 01:21:13,503] {processor.py:170} INFO - Processing /home/airflow/.local/lib/python3.6/site-packages/airflow/example_dags/example_task_group_decorator.py took 0.273 seconds
[2021-09-21 01:21:43,539] {processor.py:162} INFO - Started process (PID=769) to work on /home/airflow/.local/lib/python3.6/site-packages/airflow/example_dags/example_task_group_decorator.py
[2021-09-21 01:21:43,541] {processor.py:613} INFO - Processing file /home/airflow/.local/lib/python3.6/site-packages/airflow/example_dags/example_task_group_decorator.py for tasks to queue
[2021-09-21 01:21:43,543] {logging_mixin.py:109} INFO - [2021-09-21 01:21:43,543] {dagbag.py:496} INFO - Filling up the DagBag from /home/airflow/.local/lib/python3.6/site-packages/airflow/example_dags/example_task_group_decorator.py
[2021-09-21 01:21:43,574] {processor.py:623} INFO - DAG(s) dict_keys(['example_task_group_decorator']) retrieved from /home/airflow/.local/lib/python3.6/site-packages/airflow/example_dags/example_task_group_decorator.py
[2021-09-21 01:21:43,782] {logging_mixin.py:109} INFO - [2021-09-21 01:21:43,781] {dag.py:1834} INFO - Sync 1 DAGs
[2021-09-21 01:21:43,793] {logging_mixin.py:109} INFO - [2021-09-21 01:21:43,793] {dag.py:2287} INFO - Setting next_dagrun for example_task_group_decorator to 2021-09-19 00:00:00+00:00
[2021-09-21 01:21:43,810] {processor.py:170} INFO - Processing /home/airflow/.local/lib/python3.6/site-packages/airflow/example_dags/example_task_group_decorator.py took 0.275 seconds
[2021-09-21 01:22:15,542] {processor.py:162} INFO - Started process (PID=834) to work on /home/airflow/.local/lib/python3.6/site-packages/airflow/example_dags/example_task_group_decorator.py
[2021-09-21 01:22:15,547] {processor.py:613} INFO - Processing file /home/airflow/.local/lib/python3.6/site-packages/airflow/example_dags/example_task_group_decorator.py for tasks to queue
[2021-09-21 01:22:15,548] {logging_mixin.py:109} INFO - [2021-09-21 01:22:15,548] {dagbag.py:496} INFO - Filling up the DagBag from /home/airflow/.local/lib/python3.6/site-packages/airflow/example_dags/example_task_group_decorator.py
[2021-09-21 01:22:15,589] {processor.py:623} INFO - DAG(s) dict_keys(['example_task_group_decorator']) retrieved from /home/airflow/.local/lib/python3.6/site-packages/airflow/example_dags/example_task_group_decorator.py
[2021-09-21 01:22:15,914] {logging_mixin.py:109} INFO - [2021-09-21 01:22:15,913] {dag.py:1834} INFO - Sync 1 DAGs
[2021-09-21 01:22:15,936] {logging_mixin.py:109} INFO - [2021-09-21 01:22:15,935] {dag.py:2287} INFO - Setting next_dagrun for example_task_group_decorator to 2021-09-19 00:00:00+00:00
[2021-09-21 01:22:15,953] {processor.py:170} INFO - Processing /home/airflow/.local/lib/python3.6/site-packages/airflow/example_dags/example_task_group_decorator.py took 0.414 seconds
[2021-09-21 01:22:46,095] {processor.py:162} INFO - Started process (PID=896) to work on /home/airflow/.local/lib/python3.6/site-packages/airflow/example_dags/example_task_group_decorator.py
[2021-09-21 01:22:46,098] {processor.py:613} INFO - Processing file /home/airflow/.local/lib/python3.6/site-packages/airflow/example_dags/example_task_group_decorator.py for tasks to queue
[2021-09-21 01:22:46,101] {logging_mixin.py:109} INFO - [2021-09-21 01:22:46,101] {dagbag.py:496} INFO - Filling up the DagBag from /home/airflow/.local/lib/python3.6/site-packages/airflow/example_dags/example_task_group_decorator.py
[2021-09-21 01:22:46,161] {processor.py:623} INFO - DAG(s) dict_keys(['example_task_group_decorator']) retrieved from /home/airflow/.local/lib/python3.6/site-packages/airflow/example_dags/example_task_group_decorator.py
[2021-09-21 01:22:46,605] {logging_mixin.py:109} INFO - [2021-09-21 01:22:46,605] {dag.py:1834} INFO - Sync 1 DAGs
[2021-09-21 01:22:46,621] {logging_mixin.py:109} INFO - [2021-09-21 01:22:46,621] {dag.py:2287} INFO - Setting next_dagrun for example_task_group_decorator to 2021-09-19 00:00:00+00:00
[2021-09-21 01:22:46,639] {processor.py:170} INFO - Processing /home/airflow/.local/lib/python3.6/site-packages/airflow/example_dags/example_task_group_decorator.py took 0.549 seconds
[2021-09-21 01:23:17,696] {processor.py:162} INFO - Started process (PID=951) to work on /home/airflow/.local/lib/python3.6/site-packages/airflow/example_dags/example_task_group_decorator.py
[2021-09-21 01:23:17,741] {processor.py:613} INFO - Processing file /home/airflow/.local/lib/python3.6/site-packages/airflow/example_dags/example_task_group_decorator.py for tasks to queue
[2021-09-21 01:23:17,796] {logging_mixin.py:109} INFO - [2021-09-21 01:23:17,795] {dagbag.py:496} INFO - Filling up the DagBag from /home/airflow/.local/lib/python3.6/site-packages/airflow/example_dags/example_task_group_decorator.py
[2021-09-21 01:23:21,002] {processor.py:623} INFO - DAG(s) dict_keys(['example_task_group_decorator']) retrieved from /home/airflow/.local/lib/python3.6/site-packages/airflow/example_dags/example_task_group_decorator.py
[2021-09-21 01:23:23,612] {logging_mixin.py:109} INFO - [2021-09-21 01:23:23,611] {dag.py:1834} INFO - Sync 1 DAGs
[2021-09-21 01:23:23,759] {logging_mixin.py:109} INFO - [2021-09-21 01:23:23,759] {dag.py:2287} INFO - Setting next_dagrun for example_task_group_decorator to 2021-09-19 00:00:00+00:00
[2021-09-21 01:23:23,893] {processor.py:170} INFO - Processing /home/airflow/.local/lib/python3.6/site-packages/airflow/example_dags/example_task_group_decorator.py took 6.235 seconds
[2021-09-21 01:23:54,804] {processor.py:162} INFO - Started process (PID=1011) to work on /home/airflow/.local/lib/python3.6/site-packages/airflow/example_dags/example_task_group_decorator.py
[2021-09-21 01:23:54,807] {processor.py:613} INFO - Processing file /home/airflow/.local/lib/python3.6/site-packages/airflow/example_dags/example_task_group_decorator.py for tasks to queue
[2021-09-21 01:23:54,808] {logging_mixin.py:109} INFO - [2021-09-21 01:23:54,808] {dagbag.py:496} INFO - Filling up the DagBag from /home/airflow/.local/lib/python3.6/site-packages/airflow/example_dags/example_task_group_decorator.py
[2021-09-21 01:23:54,837] {processor.py:623} INFO - DAG(s) dict_keys(['example_task_group_decorator']) retrieved from /home/airflow/.local/lib/python3.6/site-packages/airflow/example_dags/example_task_group_decorator.py
[2021-09-21 01:23:55,058] {logging_mixin.py:109} INFO - [2021-09-21 01:23:55,058] {dag.py:1834} INFO - Sync 1 DAGs
[2021-09-21 01:23:55,084] {logging_mixin.py:109} INFO - [2021-09-21 01:23:55,083] {dag.py:2287} INFO - Setting next_dagrun for example_task_group_decorator to 2021-09-19 00:00:00+00:00
[2021-09-21 01:23:55,107] {processor.py:170} INFO - Processing /home/airflow/.local/lib/python3.6/site-packages/airflow/example_dags/example_task_group_decorator.py took 0.307 seconds
[2021-09-21 01:24:26,089] {processor.py:162} INFO - Started process (PID=1065) to work on /home/airflow/.local/lib/python3.6/site-packages/airflow/example_dags/example_task_group_decorator.py
[2021-09-21 01:24:26,091] {processor.py:613} INFO - Processing file /home/airflow/.local/lib/python3.6/site-packages/airflow/example_dags/example_task_group_decorator.py for tasks to queue
[2021-09-21 01:24:26,093] {logging_mixin.py:109} INFO - [2021-09-21 01:24:26,093] {dagbag.py:496} INFO - Filling up the DagBag from /home/airflow/.local/lib/python3.6/site-packages/airflow/example_dags/example_task_group_decorator.py
[2021-09-21 01:24:26,123] {processor.py:623} INFO - DAG(s) dict_keys(['example_task_group_decorator']) retrieved from /home/airflow/.local/lib/python3.6/site-packages/airflow/example_dags/example_task_group_decorator.py
[2021-09-21 01:24:26,318] {logging_mixin.py:109} INFO - [2021-09-21 01:24:26,318] {dag.py:1834} INFO - Sync 1 DAGs
[2021-09-21 01:24:26,333] {logging_mixin.py:109} INFO - [2021-09-21 01:24:26,333] {dag.py:2287} INFO - Setting next_dagrun for example_task_group_decorator to 2021-09-19 00:00:00+00:00
[2021-09-21 01:24:26,346] {processor.py:170} INFO - Processing /home/airflow/.local/lib/python3.6/site-packages/airflow/example_dags/example_task_group_decorator.py took 0.261 seconds
[2021-09-21 01:24:56,832] {processor.py:162} INFO - Started process (PID=1127) to work on /home/airflow/.local/lib/python3.6/site-packages/airflow/example_dags/example_task_group_decorator.py
[2021-09-21 01:24:56,838] {processor.py:613} INFO - Processing file /home/airflow/.local/lib/python3.6/site-packages/airflow/example_dags/example_task_group_decorator.py for tasks to queue
[2021-09-21 01:24:56,843] {logging_mixin.py:109} INFO - [2021-09-21 01:24:56,842] {dagbag.py:496} INFO - Filling up the DagBag from /home/airflow/.local/lib/python3.6/site-packages/airflow/example_dags/example_task_group_decorator.py
[2021-09-21 01:24:56,891] {processor.py:623} INFO - DAG(s) dict_keys(['example_task_group_decorator']) retrieved from /home/airflow/.local/lib/python3.6/site-packages/airflow/example_dags/example_task_group_decorator.py
[2021-09-21 01:24:57,269] {logging_mixin.py:109} INFO - [2021-09-21 01:24:57,269] {dag.py:1834} INFO - Sync 1 DAGs
[2021-09-21 01:24:57,297] {logging_mixin.py:109} INFO - [2021-09-21 01:24:57,296] {dag.py:2287} INFO - Setting next_dagrun for example_task_group_decorator to 2021-09-19 00:00:00+00:00
[2021-09-21 01:24:57,322] {processor.py:170} INFO - Processing /home/airflow/.local/lib/python3.6/site-packages/airflow/example_dags/example_task_group_decorator.py took 0.495 seconds
[2021-09-21 01:25:27,369] {processor.py:162} INFO - Started process (PID=1170) to work on /home/airflow/.local/lib/python3.6/site-packages/airflow/example_dags/example_task_group_decorator.py
[2021-09-21 01:25:27,372] {processor.py:613} INFO - Processing file /home/airflow/.local/lib/python3.6/site-packages/airflow/example_dags/example_task_group_decorator.py for tasks to queue
[2021-09-21 01:25:27,374] {logging_mixin.py:109} INFO - [2021-09-21 01:25:27,373] {dagbag.py:496} INFO - Filling up the DagBag from /home/airflow/.local/lib/python3.6/site-packages/airflow/example_dags/example_task_group_decorator.py
[2021-09-21 01:25:27,431] {processor.py:623} INFO - DAG(s) dict_keys(['example_task_group_decorator']) retrieved from /home/airflow/.local/lib/python3.6/site-packages/airflow/example_dags/example_task_group_decorator.py
[2021-09-21 01:25:27,830] {logging_mixin.py:109} INFO - [2021-09-21 01:25:27,830] {dag.py:1834} INFO - Sync 1 DAGs
[2021-09-21 01:25:27,848] {logging_mixin.py:109} INFO - [2021-09-21 01:25:27,848] {dag.py:2287} INFO - Setting next_dagrun for example_task_group_decorator to 2021-09-19 00:00:00+00:00
[2021-09-21 01:25:27,864] {processor.py:170} INFO - Processing /home/airflow/.local/lib/python3.6/site-packages/airflow/example_dags/example_task_group_decorator.py took 0.501 seconds
[2021-09-21 01:25:58,162] {processor.py:162} INFO - Started process (PID=1234) to work on /home/airflow/.local/lib/python3.6/site-packages/airflow/example_dags/example_task_group_decorator.py
[2021-09-21 01:25:58,164] {processor.py:613} INFO - Processing file /home/airflow/.local/lib/python3.6/site-packages/airflow/example_dags/example_task_group_decorator.py for tasks to queue
[2021-09-21 01:25:58,165] {logging_mixin.py:109} INFO - [2021-09-21 01:25:58,165] {dagbag.py:496} INFO - Filling up the DagBag from /home/airflow/.local/lib/python3.6/site-packages/airflow/example_dags/example_task_group_decorator.py
[2021-09-21 01:25:58,197] {processor.py:623} INFO - DAG(s) dict_keys(['example_task_group_decorator']) retrieved from /home/airflow/.local/lib/python3.6/site-packages/airflow/example_dags/example_task_group_decorator.py
[2021-09-21 01:25:58,225] {logging_mixin.py:109} INFO - [2021-09-21 01:25:58,225] {dag.py:1834} INFO - Sync 1 DAGs
[2021-09-21 01:25:58,243] {logging_mixin.py:109} INFO - [2021-09-21 01:25:58,242] {dag.py:2287} INFO - Setting next_dagrun for example_task_group_decorator to 2021-09-19 00:00:00+00:00
[2021-09-21 01:25:58,255] {processor.py:170} INFO - Processing /home/airflow/.local/lib/python3.6/site-packages/airflow/example_dags/example_task_group_decorator.py took 0.097 seconds
[2021-09-21 01:26:28,998] {processor.py:162} INFO - Started process (PID=1286) to work on /home/airflow/.local/lib/python3.6/site-packages/airflow/example_dags/example_task_group_decorator.py
[2021-09-21 01:26:29,002] {processor.py:613} INFO - Processing file /home/airflow/.local/lib/python3.6/site-packages/airflow/example_dags/example_task_group_decorator.py for tasks to queue
[2021-09-21 01:26:29,006] {logging_mixin.py:109} INFO - [2021-09-21 01:26:29,006] {dagbag.py:496} INFO - Filling up the DagBag from /home/airflow/.local/lib/python3.6/site-packages/airflow/example_dags/example_task_group_decorator.py
[2021-09-21 01:26:29,162] {processor.py:623} INFO - DAG(s) dict_keys(['example_task_group_decorator']) retrieved from /home/airflow/.local/lib/python3.6/site-packages/airflow/example_dags/example_task_group_decorator.py
[2021-09-21 01:26:29,751] {logging_mixin.py:109} INFO - [2021-09-21 01:26:29,751] {dag.py:1834} INFO - Sync 1 DAGs
[2021-09-21 01:26:29,806] {logging_mixin.py:109} INFO - [2021-09-21 01:26:29,806] {dag.py:2287} INFO - Setting next_dagrun for example_task_group_decorator to 2021-09-19 00:00:00+00:00
[2021-09-21 01:26:29,851] {processor.py:170} INFO - Processing /home/airflow/.local/lib/python3.6/site-packages/airflow/example_dags/example_task_group_decorator.py took 0.862 seconds
[2021-09-21 01:27:00,458] {processor.py:162} INFO - Started process (PID=1339) to work on /home/airflow/.local/lib/python3.6/site-packages/airflow/example_dags/example_task_group_decorator.py
[2021-09-21 01:27:00,463] {processor.py:613} INFO - Processing file /home/airflow/.local/lib/python3.6/site-packages/airflow/example_dags/example_task_group_decorator.py for tasks to queue
[2021-09-21 01:27:00,467] {logging_mixin.py:109} INFO - [2021-09-21 01:27:00,467] {dagbag.py:496} INFO - Filling up the DagBag from /home/airflow/.local/lib/python3.6/site-packages/airflow/example_dags/example_task_group_decorator.py
[2021-09-21 01:27:00,511] {processor.py:623} INFO - DAG(s) dict_keys(['example_task_group_decorator']) retrieved from /home/airflow/.local/lib/python3.6/site-packages/airflow/example_dags/example_task_group_decorator.py
[2021-09-21 01:27:00,828] {logging_mixin.py:109} INFO - [2021-09-21 01:27:00,828] {dag.py:1834} INFO - Sync 1 DAGs
[2021-09-21 01:27:00,861] {logging_mixin.py:109} INFO - [2021-09-21 01:27:00,861] {dag.py:2287} INFO - Setting next_dagrun for example_task_group_decorator to 2021-09-19 00:00:00+00:00
[2021-09-21 01:27:00,896] {processor.py:170} INFO - Processing /home/airflow/.local/lib/python3.6/site-packages/airflow/example_dags/example_task_group_decorator.py took 0.448 seconds
[2021-09-21 01:27:31,061] {processor.py:162} INFO - Started process (PID=1392) to work on /home/airflow/.local/lib/python3.6/site-packages/airflow/example_dags/example_task_group_decorator.py
[2021-09-21 01:27:31,064] {processor.py:613} INFO - Processing file /home/airflow/.local/lib/python3.6/site-packages/airflow/example_dags/example_task_group_decorator.py for tasks to queue
[2021-09-21 01:27:31,066] {logging_mixin.py:109} INFO - [2021-09-21 01:27:31,066] {dagbag.py:496} INFO - Filling up the DagBag from /home/airflow/.local/lib/python3.6/site-packages/airflow/example_dags/example_task_group_decorator.py
[2021-09-21 01:27:31,100] {processor.py:623} INFO - DAG(s) dict_keys(['example_task_group_decorator']) retrieved from /home/airflow/.local/lib/python3.6/site-packages/airflow/example_dags/example_task_group_decorator.py
[2021-09-21 01:27:31,532] {logging_mixin.py:109} INFO - [2021-09-21 01:27:31,532] {dag.py:1834} INFO - Sync 1 DAGs
[2021-09-21 01:27:31,553] {logging_mixin.py:109} INFO - [2021-09-21 01:27:31,553] {dag.py:2287} INFO - Setting next_dagrun for example_task_group_decorator to 2021-09-19 00:00:00+00:00
[2021-09-21 01:27:31,571] {processor.py:170} INFO - Processing /home/airflow/.local/lib/python3.6/site-packages/airflow/example_dags/example_task_group_decorator.py took 0.515 seconds
[2021-09-21 01:28:02,375] {processor.py:162} INFO - Started process (PID=1444) to work on /home/airflow/.local/lib/python3.6/site-packages/airflow/example_dags/example_task_group_decorator.py
[2021-09-21 01:28:02,377] {processor.py:613} INFO - Processing file /home/airflow/.local/lib/python3.6/site-packages/airflow/example_dags/example_task_group_decorator.py for tasks to queue
[2021-09-21 01:28:02,378] {logging_mixin.py:109} INFO - [2021-09-21 01:28:02,378] {dagbag.py:496} INFO - Filling up the DagBag from /home/airflow/.local/lib/python3.6/site-packages/airflow/example_dags/example_task_group_decorator.py
[2021-09-21 01:28:02,406] {processor.py:623} INFO - DAG(s) dict_keys(['example_task_group_decorator']) retrieved from /home/airflow/.local/lib/python3.6/site-packages/airflow/example_dags/example_task_group_decorator.py
[2021-09-21 01:28:02,628] {logging_mixin.py:109} INFO - [2021-09-21 01:28:02,628] {dag.py:1834} INFO - Sync 1 DAGs
[2021-09-21 01:28:02,644] {logging_mixin.py:109} INFO - [2021-09-21 01:28:02,644] {dag.py:2287} INFO - Setting next_dagrun for example_task_group_decorator to 2021-09-19 00:00:00+00:00
[2021-09-21 01:28:02,659] {processor.py:170} INFO - Processing /home/airflow/.local/lib/python3.6/site-packages/airflow/example_dags/example_task_group_decorator.py took 0.288 seconds
[2021-09-21 01:28:33,169] {processor.py:162} INFO - Started process (PID=1508) to work on /home/airflow/.local/lib/python3.6/site-packages/airflow/example_dags/example_task_group_decorator.py
[2021-09-21 01:28:33,171] {processor.py:613} INFO - Processing file /home/airflow/.local/lib/python3.6/site-packages/airflow/example_dags/example_task_group_decorator.py for tasks to queue
[2021-09-21 01:28:33,172] {logging_mixin.py:109} INFO - [2021-09-21 01:28:33,172] {dagbag.py:496} INFO - Filling up the DagBag from /home/airflow/.local/lib/python3.6/site-packages/airflow/example_dags/example_task_group_decorator.py
[2021-09-21 01:28:33,198] {processor.py:623} INFO - DAG(s) dict_keys(['example_task_group_decorator']) retrieved from /home/airflow/.local/lib/python3.6/site-packages/airflow/example_dags/example_task_group_decorator.py
[2021-09-21 01:28:33,390] {logging_mixin.py:109} INFO - [2021-09-21 01:28:33,390] {dag.py:1834} INFO - Sync 1 DAGs
[2021-09-21 01:28:33,402] {logging_mixin.py:109} INFO - [2021-09-21 01:28:33,402] {dag.py:2287} INFO - Setting next_dagrun for example_task_group_decorator to 2021-09-19 00:00:00+00:00
[2021-09-21 01:28:33,414] {processor.py:170} INFO - Processing /home/airflow/.local/lib/python3.6/site-packages/airflow/example_dags/example_task_group_decorator.py took 0.249 seconds
[2021-09-21 01:29:03,862] {processor.py:162} INFO - Started process (PID=1572) to work on /home/airflow/.local/lib/python3.6/site-packages/airflow/example_dags/example_task_group_decorator.py
[2021-09-21 01:29:03,865] {processor.py:613} INFO - Processing file /home/airflow/.local/lib/python3.6/site-packages/airflow/example_dags/example_task_group_decorator.py for tasks to queue
[2021-09-21 01:29:03,867] {logging_mixin.py:109} INFO - [2021-09-21 01:29:03,867] {dagbag.py:496} INFO - Filling up the DagBag from /home/airflow/.local/lib/python3.6/site-packages/airflow/example_dags/example_task_group_decorator.py
[2021-09-21 01:29:03,899] {processor.py:623} INFO - DAG(s) dict_keys(['example_task_group_decorator']) retrieved from /home/airflow/.local/lib/python3.6/site-packages/airflow/example_dags/example_task_group_decorator.py
[2021-09-21 01:29:04,102] {logging_mixin.py:109} INFO - [2021-09-21 01:29:04,102] {dag.py:1834} INFO - Sync 1 DAGs
[2021-09-21 01:29:04,115] {logging_mixin.py:109} INFO - [2021-09-21 01:29:04,115] {dag.py:2287} INFO - Setting next_dagrun for example_task_group_decorator to 2021-09-19 00:00:00+00:00
[2021-09-21 01:29:04,127] {processor.py:170} INFO - Processing /home/airflow/.local/lib/python3.6/site-packages/airflow/example_dags/example_task_group_decorator.py took 0.269 seconds
[2021-09-21 01:29:34,896] {processor.py:162} INFO - Started process (PID=1625) to work on /home/airflow/.local/lib/python3.6/site-packages/airflow/example_dags/example_task_group_decorator.py
[2021-09-21 01:29:34,898] {processor.py:613} INFO - Processing file /home/airflow/.local/lib/python3.6/site-packages/airflow/example_dags/example_task_group_decorator.py for tasks to queue
[2021-09-21 01:29:34,900] {logging_mixin.py:109} INFO - [2021-09-21 01:29:34,900] {dagbag.py:496} INFO - Filling up the DagBag from /home/airflow/.local/lib/python3.6/site-packages/airflow/example_dags/example_task_group_decorator.py
[2021-09-21 01:29:34,927] {processor.py:623} INFO - DAG(s) dict_keys(['example_task_group_decorator']) retrieved from /home/airflow/.local/lib/python3.6/site-packages/airflow/example_dags/example_task_group_decorator.py
[2021-09-21 01:29:35,140] {logging_mixin.py:109} INFO - [2021-09-21 01:29:35,140] {dag.py:1834} INFO - Sync 1 DAGs
[2021-09-21 01:29:35,151] {logging_mixin.py:109} INFO - [2021-09-21 01:29:35,151] {dag.py:2287} INFO - Setting next_dagrun for example_task_group_decorator to 2021-09-19 00:00:00+00:00
[2021-09-21 01:29:35,162] {processor.py:170} INFO - Processing /home/airflow/.local/lib/python3.6/site-packages/airflow/example_dags/example_task_group_decorator.py took 0.270 seconds
[2021-09-21 01:30:05,223] {processor.py:162} INFO - Started process (PID=1689) to work on /home/airflow/.local/lib/python3.6/site-packages/airflow/example_dags/example_task_group_decorator.py
[2021-09-21 01:30:05,225] {processor.py:613} INFO - Processing file /home/airflow/.local/lib/python3.6/site-packages/airflow/example_dags/example_task_group_decorator.py for tasks to queue
[2021-09-21 01:30:05,228] {logging_mixin.py:109} INFO - [2021-09-21 01:30:05,228] {dagbag.py:496} INFO - Filling up the DagBag from /home/airflow/.local/lib/python3.6/site-packages/airflow/example_dags/example_task_group_decorator.py
[2021-09-21 01:30:05,255] {processor.py:623} INFO - DAG(s) dict_keys(['example_task_group_decorator']) retrieved from /home/airflow/.local/lib/python3.6/site-packages/airflow/example_dags/example_task_group_decorator.py
[2021-09-21 01:30:05,285] {logging_mixin.py:109} INFO - [2021-09-21 01:30:05,285] {dag.py:1834} INFO - Sync 1 DAGs
[2021-09-21 01:30:05,304] {logging_mixin.py:109} INFO - [2021-09-21 01:30:05,304] {dag.py:2287} INFO - Setting next_dagrun for example_task_group_decorator to 2021-09-19 00:00:00+00:00
[2021-09-21 01:30:05,316] {processor.py:170} INFO - Processing /home/airflow/.local/lib/python3.6/site-packages/airflow/example_dags/example_task_group_decorator.py took 0.097 seconds
[2021-09-21 01:30:35,902] {processor.py:162} INFO - Started process (PID=1741) to work on /home/airflow/.local/lib/python3.6/site-packages/airflow/example_dags/example_task_group_decorator.py
[2021-09-21 01:30:35,904] {processor.py:613} INFO - Processing file /home/airflow/.local/lib/python3.6/site-packages/airflow/example_dags/example_task_group_decorator.py for tasks to queue
[2021-09-21 01:30:35,905] {logging_mixin.py:109} INFO - [2021-09-21 01:30:35,905] {dagbag.py:496} INFO - Filling up the DagBag from /home/airflow/.local/lib/python3.6/site-packages/airflow/example_dags/example_task_group_decorator.py
[2021-09-21 01:30:35,935] {processor.py:623} INFO - DAG(s) dict_keys(['example_task_group_decorator']) retrieved from /home/airflow/.local/lib/python3.6/site-packages/airflow/example_dags/example_task_group_decorator.py
[2021-09-21 01:30:36,099] {logging_mixin.py:109} INFO - [2021-09-21 01:30:36,099] {dag.py:1834} INFO - Sync 1 DAGs
[2021-09-21 01:30:36,109] {logging_mixin.py:109} INFO - [2021-09-21 01:30:36,109] {dag.py:2287} INFO - Setting next_dagrun for example_task_group_decorator to 2021-09-19 00:00:00+00:00
[2021-09-21 01:30:36,118] {processor.py:170} INFO - Processing /home/airflow/.local/lib/python3.6/site-packages/airflow/example_dags/example_task_group_decorator.py took 0.220 seconds
[2021-09-21 01:31:07,019] {processor.py:162} INFO - Started process (PID=1804) to work on /home/airflow/.local/lib/python3.6/site-packages/airflow/example_dags/example_task_group_decorator.py
[2021-09-21 01:31:07,022] {processor.py:613} INFO - Processing file /home/airflow/.local/lib/python3.6/site-packages/airflow/example_dags/example_task_group_decorator.py for tasks to queue
[2021-09-21 01:31:07,024] {logging_mixin.py:109} INFO - [2021-09-21 01:31:07,024] {dagbag.py:496} INFO - Filling up the DagBag from /home/airflow/.local/lib/python3.6/site-packages/airflow/example_dags/example_task_group_decorator.py
[2021-09-21 01:31:07,054] {processor.py:623} INFO - DAG(s) dict_keys(['example_task_group_decorator']) retrieved from /home/airflow/.local/lib/python3.6/site-packages/airflow/example_dags/example_task_group_decorator.py
[2021-09-21 01:31:07,229] {logging_mixin.py:109} INFO - [2021-09-21 01:31:07,229] {dag.py:1834} INFO - Sync 1 DAGs
[2021-09-21 01:31:07,239] {logging_mixin.py:109} INFO - [2021-09-21 01:31:07,239] {dag.py:2287} INFO - Setting next_dagrun for example_task_group_decorator to 2021-09-19 00:00:00+00:00
[2021-09-21 01:31:07,254] {processor.py:170} INFO - Processing /home/airflow/.local/lib/python3.6/site-packages/airflow/example_dags/example_task_group_decorator.py took 0.239 seconds
[2021-09-21 01:31:37,973] {processor.py:162} INFO - Started process (PID=1870) to work on /home/airflow/.local/lib/python3.6/site-packages/airflow/example_dags/example_task_group_decorator.py
[2021-09-21 01:31:37,975] {processor.py:613} INFO - Processing file /home/airflow/.local/lib/python3.6/site-packages/airflow/example_dags/example_task_group_decorator.py for tasks to queue
[2021-09-21 01:31:37,977] {logging_mixin.py:109} INFO - [2021-09-21 01:31:37,977] {dagbag.py:496} INFO - Filling up the DagBag from /home/airflow/.local/lib/python3.6/site-packages/airflow/example_dags/example_task_group_decorator.py
[2021-09-21 01:31:38,047] {processor.py:623} INFO - DAG(s) dict_keys(['example_task_group_decorator']) retrieved from /home/airflow/.local/lib/python3.6/site-packages/airflow/example_dags/example_task_group_decorator.py
[2021-09-21 01:31:38,582] {logging_mixin.py:109} INFO - [2021-09-21 01:31:38,582] {dag.py:1834} INFO - Sync 1 DAGs
[2021-09-21 01:31:38,615] {logging_mixin.py:109} INFO - [2021-09-21 01:31:38,614] {dag.py:2287} INFO - Setting next_dagrun for example_task_group_decorator to 2021-09-19 00:00:00+00:00
[2021-09-21 01:31:38,637] {processor.py:170} INFO - Processing /home/airflow/.local/lib/python3.6/site-packages/airflow/example_dags/example_task_group_decorator.py took 0.670 seconds
[2021-09-21 01:32:09,505] {processor.py:162} INFO - Started process (PID=1923) to work on /home/airflow/.local/lib/python3.6/site-packages/airflow/example_dags/example_task_group_decorator.py
[2021-09-21 01:32:09,507] {processor.py:613} INFO - Processing file /home/airflow/.local/lib/python3.6/site-packages/airflow/example_dags/example_task_group_decorator.py for tasks to queue
[2021-09-21 01:32:09,508] {logging_mixin.py:109} INFO - [2021-09-21 01:32:09,508] {dagbag.py:496} INFO - Filling up the DagBag from /home/airflow/.local/lib/python3.6/site-packages/airflow/example_dags/example_task_group_decorator.py
[2021-09-21 01:32:09,538] {processor.py:623} INFO - DAG(s) dict_keys(['example_task_group_decorator']) retrieved from /home/airflow/.local/lib/python3.6/site-packages/airflow/example_dags/example_task_group_decorator.py
[2021-09-21 01:32:09,702] {logging_mixin.py:109} INFO - [2021-09-21 01:32:09,702] {dag.py:1834} INFO - Sync 1 DAGs
[2021-09-21 01:32:09,724] {logging_mixin.py:109} INFO - [2021-09-21 01:32:09,724] {dag.py:2287} INFO - Setting next_dagrun for example_task_group_decorator to 2021-09-19 00:00:00+00:00
[2021-09-21 01:32:09,736] {processor.py:170} INFO - Processing /home/airflow/.local/lib/python3.6/site-packages/airflow/example_dags/example_task_group_decorator.py took 0.235 seconds
[2021-09-21 01:32:40,066] {processor.py:162} INFO - Started process (PID=1985) to work on /home/airflow/.local/lib/python3.6/site-packages/airflow/example_dags/example_task_group_decorator.py
[2021-09-21 01:32:40,068] {processor.py:613} INFO - Processing file /home/airflow/.local/lib/python3.6/site-packages/airflow/example_dags/example_task_group_decorator.py for tasks to queue
[2021-09-21 01:32:40,069] {logging_mixin.py:109} INFO - [2021-09-21 01:32:40,069] {dagbag.py:496} INFO - Filling up the DagBag from /home/airflow/.local/lib/python3.6/site-packages/airflow/example_dags/example_task_group_decorator.py
[2021-09-21 01:32:40,104] {processor.py:623} INFO - DAG(s) dict_keys(['example_task_group_decorator']) retrieved from /home/airflow/.local/lib/python3.6/site-packages/airflow/example_dags/example_task_group_decorator.py
[2021-09-21 01:32:40,270] {logging_mixin.py:109} INFO - [2021-09-21 01:32:40,269] {dag.py:1834} INFO - Sync 1 DAGs
[2021-09-21 01:32:40,281] {logging_mixin.py:109} INFO - [2021-09-21 01:32:40,281] {dag.py:2287} INFO - Setting next_dagrun for example_task_group_decorator to 2021-09-19 00:00:00+00:00
[2021-09-21 01:32:40,292] {processor.py:170} INFO - Processing /home/airflow/.local/lib/python3.6/site-packages/airflow/example_dags/example_task_group_decorator.py took 0.233 seconds
[2021-09-21 01:33:10,775] {processor.py:162} INFO - Started process (PID=2051) to work on /home/airflow/.local/lib/python3.6/site-packages/airflow/example_dags/example_task_group_decorator.py
[2021-09-21 01:33:10,780] {processor.py:613} INFO - Processing file /home/airflow/.local/lib/python3.6/site-packages/airflow/example_dags/example_task_group_decorator.py for tasks to queue
[2021-09-21 01:33:10,784] {logging_mixin.py:109} INFO - [2021-09-21 01:33:10,783] {dagbag.py:496} INFO - Filling up the DagBag from /home/airflow/.local/lib/python3.6/site-packages/airflow/example_dags/example_task_group_decorator.py
[2021-09-21 01:33:10,814] {processor.py:623} INFO - DAG(s) dict_keys(['example_task_group_decorator']) retrieved from /home/airflow/.local/lib/python3.6/site-packages/airflow/example_dags/example_task_group_decorator.py
[2021-09-21 01:33:10,988] {logging_mixin.py:109} INFO - [2021-09-21 01:33:10,988] {dag.py:1834} INFO - Sync 1 DAGs
[2021-09-21 01:33:11,003] {logging_mixin.py:109} INFO - [2021-09-21 01:33:11,002] {dag.py:2287} INFO - Setting next_dagrun for example_task_group_decorator to 2021-09-19 00:00:00+00:00
[2021-09-21 01:33:11,017] {processor.py:170} INFO - Processing /home/airflow/.local/lib/python3.6/site-packages/airflow/example_dags/example_task_group_decorator.py took 0.248 seconds
[2021-09-21 01:33:41,577] {processor.py:162} INFO - Started process (PID=2103) to work on /home/airflow/.local/lib/python3.6/site-packages/airflow/example_dags/example_task_group_decorator.py
[2021-09-21 01:33:41,580] {processor.py:613} INFO - Processing file /home/airflow/.local/lib/python3.6/site-packages/airflow/example_dags/example_task_group_decorator.py for tasks to queue
[2021-09-21 01:33:41,581] {logging_mixin.py:109} INFO - [2021-09-21 01:33:41,581] {dagbag.py:496} INFO - Filling up the DagBag from /home/airflow/.local/lib/python3.6/site-packages/airflow/example_dags/example_task_group_decorator.py
[2021-09-21 01:33:41,610] {processor.py:623} INFO - DAG(s) dict_keys(['example_task_group_decorator']) retrieved from /home/airflow/.local/lib/python3.6/site-packages/airflow/example_dags/example_task_group_decorator.py
[2021-09-21 01:33:41,787] {logging_mixin.py:109} INFO - [2021-09-21 01:33:41,787] {dag.py:1834} INFO - Sync 1 DAGs
[2021-09-21 01:33:41,799] {logging_mixin.py:109} INFO - [2021-09-21 01:33:41,799] {dag.py:2287} INFO - Setting next_dagrun for example_task_group_decorator to 2021-09-19 00:00:00+00:00
[2021-09-21 01:33:41,810] {processor.py:170} INFO - Processing /home/airflow/.local/lib/python3.6/site-packages/airflow/example_dags/example_task_group_decorator.py took 0.236 seconds
[2021-09-21 01:34:12,274] {processor.py:162} INFO - Started process (PID=2167) to work on /home/airflow/.local/lib/python3.6/site-packages/airflow/example_dags/example_task_group_decorator.py
[2021-09-21 01:34:12,277] {processor.py:613} INFO - Processing file /home/airflow/.local/lib/python3.6/site-packages/airflow/example_dags/example_task_group_decorator.py for tasks to queue
[2021-09-21 01:34:12,282] {logging_mixin.py:109} INFO - [2021-09-21 01:34:12,281] {dagbag.py:496} INFO - Filling up the DagBag from /home/airflow/.local/lib/python3.6/site-packages/airflow/example_dags/example_task_group_decorator.py
[2021-09-21 01:34:12,315] {processor.py:623} INFO - DAG(s) dict_keys(['example_task_group_decorator']) retrieved from /home/airflow/.local/lib/python3.6/site-packages/airflow/example_dags/example_task_group_decorator.py
[2021-09-21 01:34:12,491] {logging_mixin.py:109} INFO - [2021-09-21 01:34:12,491] {dag.py:1834} INFO - Sync 1 DAGs
[2021-09-21 01:34:12,505] {logging_mixin.py:109} INFO - [2021-09-21 01:34:12,505] {dag.py:2287} INFO - Setting next_dagrun for example_task_group_decorator to 2021-09-19 00:00:00+00:00
[2021-09-21 01:34:12,518] {processor.py:170} INFO - Processing /home/airflow/.local/lib/python3.6/site-packages/airflow/example_dags/example_task_group_decorator.py took 0.248 seconds
[2021-09-21 01:34:43,054] {processor.py:162} INFO - Started process (PID=2220) to work on /home/airflow/.local/lib/python3.6/site-packages/airflow/example_dags/example_task_group_decorator.py
[2021-09-21 01:34:43,057] {processor.py:613} INFO - Processing file /home/airflow/.local/lib/python3.6/site-packages/airflow/example_dags/example_task_group_decorator.py for tasks to queue
[2021-09-21 01:34:43,059] {logging_mixin.py:109} INFO - [2021-09-21 01:34:43,059] {dagbag.py:496} INFO - Filling up the DagBag from /home/airflow/.local/lib/python3.6/site-packages/airflow/example_dags/example_task_group_decorator.py
[2021-09-21 01:34:43,094] {processor.py:623} INFO - DAG(s) dict_keys(['example_task_group_decorator']) retrieved from /home/airflow/.local/lib/python3.6/site-packages/airflow/example_dags/example_task_group_decorator.py
[2021-09-21 01:34:43,263] {logging_mixin.py:109} INFO - [2021-09-21 01:34:43,263] {dag.py:1834} INFO - Sync 1 DAGs
[2021-09-21 01:34:43,275] {logging_mixin.py:109} INFO - [2021-09-21 01:34:43,275] {dag.py:2287} INFO - Setting next_dagrun for example_task_group_decorator to 2021-09-19 00:00:00+00:00
[2021-09-21 01:34:43,285] {processor.py:170} INFO - Processing /home/airflow/.local/lib/python3.6/site-packages/airflow/example_dags/example_task_group_decorator.py took 0.235 seconds
[2021-09-21 01:35:13,482] {processor.py:162} INFO - Started process (PID=2282) to work on /home/airflow/.local/lib/python3.6/site-packages/airflow/example_dags/example_task_group_decorator.py
[2021-09-21 01:35:13,483] {processor.py:613} INFO - Processing file /home/airflow/.local/lib/python3.6/site-packages/airflow/example_dags/example_task_group_decorator.py for tasks to queue
[2021-09-21 01:35:13,485] {logging_mixin.py:109} INFO - [2021-09-21 01:35:13,485] {dagbag.py:496} INFO - Filling up the DagBag from /home/airflow/.local/lib/python3.6/site-packages/airflow/example_dags/example_task_group_decorator.py
[2021-09-21 01:35:13,518] {processor.py:623} INFO - DAG(s) dict_keys(['example_task_group_decorator']) retrieved from /home/airflow/.local/lib/python3.6/site-packages/airflow/example_dags/example_task_group_decorator.py
[2021-09-21 01:35:13,864] {logging_mixin.py:109} INFO - [2021-09-21 01:35:13,863] {dag.py:1834} INFO - Sync 1 DAGs
[2021-09-21 01:35:14,124] {logging_mixin.py:109} INFO - [2021-09-21 01:35:14,124] {dag.py:2287} INFO - Setting next_dagrun for example_task_group_decorator to 2021-09-19 00:00:00+00:00
[2021-09-21 01:35:14,163] {processor.py:170} INFO - Processing /home/airflow/.local/lib/python3.6/site-packages/airflow/example_dags/example_task_group_decorator.py took 0.684 seconds
[2021-09-21 01:35:44,900] {processor.py:162} INFO - Started process (PID=2347) to work on /home/airflow/.local/lib/python3.6/site-packages/airflow/example_dags/example_task_group_decorator.py
[2021-09-21 01:35:44,901] {processor.py:613} INFO - Processing file /home/airflow/.local/lib/python3.6/site-packages/airflow/example_dags/example_task_group_decorator.py for tasks to queue
[2021-09-21 01:35:44,903] {logging_mixin.py:109} INFO - [2021-09-21 01:35:44,903] {dagbag.py:496} INFO - Filling up the DagBag from /home/airflow/.local/lib/python3.6/site-packages/airflow/example_dags/example_task_group_decorator.py
[2021-09-21 01:35:44,928] {processor.py:623} INFO - DAG(s) dict_keys(['example_task_group_decorator']) retrieved from /home/airflow/.local/lib/python3.6/site-packages/airflow/example_dags/example_task_group_decorator.py
[2021-09-21 01:35:45,121] {logging_mixin.py:109} INFO - [2021-09-21 01:35:45,121] {dag.py:1834} INFO - Sync 1 DAGs
[2021-09-21 01:35:45,134] {logging_mixin.py:109} INFO - [2021-09-21 01:35:45,134] {dag.py:2287} INFO - Setting next_dagrun for example_task_group_decorator to 2021-09-19 00:00:00+00:00
[2021-09-21 01:35:45,147] {processor.py:170} INFO - Processing /home/airflow/.local/lib/python3.6/site-packages/airflow/example_dags/example_task_group_decorator.py took 0.251 seconds
[2021-09-21 01:36:15,926] {processor.py:162} INFO - Started process (PID=2401) to work on /home/airflow/.local/lib/python3.6/site-packages/airflow/example_dags/example_task_group_decorator.py
[2021-09-21 01:36:15,929] {processor.py:613} INFO - Processing file /home/airflow/.local/lib/python3.6/site-packages/airflow/example_dags/example_task_group_decorator.py for tasks to queue
[2021-09-21 01:36:15,931] {logging_mixin.py:109} INFO - [2021-09-21 01:36:15,930] {dagbag.py:496} INFO - Filling up the DagBag from /home/airflow/.local/lib/python3.6/site-packages/airflow/example_dags/example_task_group_decorator.py
[2021-09-21 01:36:15,967] {processor.py:623} INFO - DAG(s) dict_keys(['example_task_group_decorator']) retrieved from /home/airflow/.local/lib/python3.6/site-packages/airflow/example_dags/example_task_group_decorator.py
[2021-09-21 01:36:16,219] {logging_mixin.py:109} INFO - [2021-09-21 01:36:16,219] {dag.py:1834} INFO - Sync 1 DAGs
[2021-09-21 01:36:16,234] {logging_mixin.py:109} INFO - [2021-09-21 01:36:16,234] {dag.py:2287} INFO - Setting next_dagrun for example_task_group_decorator to 2021-09-19 00:00:00+00:00
[2021-09-21 01:36:16,249] {processor.py:170} INFO - Processing /home/airflow/.local/lib/python3.6/site-packages/airflow/example_dags/example_task_group_decorator.py took 0.328 seconds
[2021-09-21 01:36:46,562] {processor.py:162} INFO - Started process (PID=2467) to work on /home/airflow/.local/lib/python3.6/site-packages/airflow/example_dags/example_task_group_decorator.py
[2021-09-21 01:36:46,584] {processor.py:613} INFO - Processing file /home/airflow/.local/lib/python3.6/site-packages/airflow/example_dags/example_task_group_decorator.py for tasks to queue
[2021-09-21 01:36:46,613] {logging_mixin.py:109} INFO - [2021-09-21 01:36:46,613] {dagbag.py:496} INFO - Filling up the DagBag from /home/airflow/.local/lib/python3.6/site-packages/airflow/example_dags/example_task_group_decorator.py
[2021-09-21 01:36:46,813] {processor.py:623} INFO - DAG(s) dict_keys(['example_task_group_decorator']) retrieved from /home/airflow/.local/lib/python3.6/site-packages/airflow/example_dags/example_task_group_decorator.py
[2021-09-21 01:36:48,909] {logging_mixin.py:109} INFO - [2021-09-21 01:36:48,909] {dag.py:1834} INFO - Sync 1 DAGs
[2021-09-21 01:36:48,938] {logging_mixin.py:109} INFO - [2021-09-21 01:36:48,938] {dag.py:2287} INFO - Setting next_dagrun for example_task_group_decorator to 2021-09-19 00:00:00+00:00
[2021-09-21 01:36:48,976] {processor.py:170} INFO - Processing /home/airflow/.local/lib/python3.6/site-packages/airflow/example_dags/example_task_group_decorator.py took 2.419 seconds
[2021-09-21 01:37:19,969] {processor.py:162} INFO - Started process (PID=2522) to work on /home/airflow/.local/lib/python3.6/site-packages/airflow/example_dags/example_task_group_decorator.py
[2021-09-21 01:37:19,972] {processor.py:613} INFO - Processing file /home/airflow/.local/lib/python3.6/site-packages/airflow/example_dags/example_task_group_decorator.py for tasks to queue
[2021-09-21 01:37:19,976] {logging_mixin.py:109} INFO - [2021-09-21 01:37:19,975] {dagbag.py:496} INFO - Filling up the DagBag from /home/airflow/.local/lib/python3.6/site-packages/airflow/example_dags/example_task_group_decorator.py
[2021-09-21 01:37:20,007] {processor.py:623} INFO - DAG(s) dict_keys(['example_task_group_decorator']) retrieved from /home/airflow/.local/lib/python3.6/site-packages/airflow/example_dags/example_task_group_decorator.py
[2021-09-21 01:37:20,037] {logging_mixin.py:109} INFO - [2021-09-21 01:37:20,037] {dag.py:1834} INFO - Sync 1 DAGs
[2021-09-21 01:37:20,058] {logging_mixin.py:109} INFO - [2021-09-21 01:37:20,058] {dag.py:2287} INFO - Setting next_dagrun for example_task_group_decorator to 2021-09-19 00:00:00+00:00
[2021-09-21 01:37:20,069] {processor.py:170} INFO - Processing /home/airflow/.local/lib/python3.6/site-packages/airflow/example_dags/example_task_group_decorator.py took 0.104 seconds
[2021-09-21 01:37:50,771] {processor.py:162} INFO - Started process (PID=2584) to work on /home/airflow/.local/lib/python3.6/site-packages/airflow/example_dags/example_task_group_decorator.py
[2021-09-21 01:37:50,773] {processor.py:613} INFO - Processing file /home/airflow/.local/lib/python3.6/site-packages/airflow/example_dags/example_task_group_decorator.py for tasks to queue
[2021-09-21 01:37:50,774] {logging_mixin.py:109} INFO - [2021-09-21 01:37:50,774] {dagbag.py:496} INFO - Filling up the DagBag from /home/airflow/.local/lib/python3.6/site-packages/airflow/example_dags/example_task_group_decorator.py
[2021-09-21 01:37:50,807] {processor.py:623} INFO - DAG(s) dict_keys(['example_task_group_decorator']) retrieved from /home/airflow/.local/lib/python3.6/site-packages/airflow/example_dags/example_task_group_decorator.py
[2021-09-21 01:37:50,990] {logging_mixin.py:109} INFO - [2021-09-21 01:37:50,990] {dag.py:1834} INFO - Sync 1 DAGs
[2021-09-21 01:37:51,001] {logging_mixin.py:109} INFO - [2021-09-21 01:37:51,001] {dag.py:2287} INFO - Setting next_dagrun for example_task_group_decorator to 2021-09-19 00:00:00+00:00
[2021-09-21 01:37:51,011] {processor.py:170} INFO - Processing /home/airflow/.local/lib/python3.6/site-packages/airflow/example_dags/example_task_group_decorator.py took 0.244 seconds
[2021-09-21 01:38:21,830] {processor.py:162} INFO - Started process (PID=2641) to work on /home/airflow/.local/lib/python3.6/site-packages/airflow/example_dags/example_task_group_decorator.py
[2021-09-21 01:38:21,832] {processor.py:613} INFO - Processing file /home/airflow/.local/lib/python3.6/site-packages/airflow/example_dags/example_task_group_decorator.py for tasks to queue
[2021-09-21 01:38:21,834] {logging_mixin.py:109} INFO - [2021-09-21 01:38:21,834] {dagbag.py:496} INFO - Filling up the DagBag from /home/airflow/.local/lib/python3.6/site-packages/airflow/example_dags/example_task_group_decorator.py
[2021-09-21 01:38:21,871] {processor.py:623} INFO - DAG(s) dict_keys(['example_task_group_decorator']) retrieved from /home/airflow/.local/lib/python3.6/site-packages/airflow/example_dags/example_task_group_decorator.py
[2021-09-21 01:38:22,087] {logging_mixin.py:109} INFO - [2021-09-21 01:38:22,087] {dag.py:1834} INFO - Sync 1 DAGs
[2021-09-21 01:38:22,101] {logging_mixin.py:109} INFO - [2021-09-21 01:38:22,101] {dag.py:2287} INFO - Setting next_dagrun for example_task_group_decorator to 2021-09-19 00:00:00+00:00
[2021-09-21 01:38:22,115] {processor.py:170} INFO - Processing /home/airflow/.local/lib/python3.6/site-packages/airflow/example_dags/example_task_group_decorator.py took 0.290 seconds
[2021-09-21 01:38:52,245] {processor.py:162} INFO - Started process (PID=2693) to work on /home/airflow/.local/lib/python3.6/site-packages/airflow/example_dags/example_task_group_decorator.py
[2021-09-21 01:38:52,247] {processor.py:613} INFO - Processing file /home/airflow/.local/lib/python3.6/site-packages/airflow/example_dags/example_task_group_decorator.py for tasks to queue
[2021-09-21 01:38:52,249] {logging_mixin.py:109} INFO - [2021-09-21 01:38:52,248] {dagbag.py:496} INFO - Filling up the DagBag from /home/airflow/.local/lib/python3.6/site-packages/airflow/example_dags/example_task_group_decorator.py
[2021-09-21 01:38:52,278] {processor.py:623} INFO - DAG(s) dict_keys(['example_task_group_decorator']) retrieved from /home/airflow/.local/lib/python3.6/site-packages/airflow/example_dags/example_task_group_decorator.py
[2021-09-21 01:38:52,461] {logging_mixin.py:109} INFO - [2021-09-21 01:38:52,461] {dag.py:1834} INFO - Sync 1 DAGs
[2021-09-21 01:38:52,474] {logging_mixin.py:109} INFO - [2021-09-21 01:38:52,474] {dag.py:2287} INFO - Setting next_dagrun for example_task_group_decorator to 2021-09-19 00:00:00+00:00
[2021-09-21 01:38:52,490] {processor.py:170} INFO - Processing /home/airflow/.local/lib/python3.6/site-packages/airflow/example_dags/example_task_group_decorator.py took 0.249 seconds
[2021-09-21 01:39:23,415] {processor.py:162} INFO - Started process (PID=2757) to work on /home/airflow/.local/lib/python3.6/site-packages/airflow/example_dags/example_task_group_decorator.py
[2021-09-21 01:39:23,418] {processor.py:613} INFO - Processing file /home/airflow/.local/lib/python3.6/site-packages/airflow/example_dags/example_task_group_decorator.py for tasks to queue
[2021-09-21 01:39:23,420] {logging_mixin.py:109} INFO - [2021-09-21 01:39:23,420] {dagbag.py:496} INFO - Filling up the DagBag from /home/airflow/.local/lib/python3.6/site-packages/airflow/example_dags/example_task_group_decorator.py
[2021-09-21 01:39:23,453] {processor.py:623} INFO - DAG(s) dict_keys(['example_task_group_decorator']) retrieved from /home/airflow/.local/lib/python3.6/site-packages/airflow/example_dags/example_task_group_decorator.py
[2021-09-21 01:39:23,653] {logging_mixin.py:109} INFO - [2021-09-21 01:39:23,653] {dag.py:1834} INFO - Sync 1 DAGs
[2021-09-21 01:39:23,664] {logging_mixin.py:109} INFO - [2021-09-21 01:39:23,664] {dag.py:2287} INFO - Setting next_dagrun for example_task_group_decorator to 2021-09-19 00:00:00+00:00
[2021-09-21 01:39:23,675] {processor.py:170} INFO - Processing /home/airflow/.local/lib/python3.6/site-packages/airflow/example_dags/example_task_group_decorator.py took 0.264 seconds
[2021-09-21 01:39:54,580] {processor.py:162} INFO - Started process (PID=2819) to work on /home/airflow/.local/lib/python3.6/site-packages/airflow/example_dags/example_task_group_decorator.py
[2021-09-21 01:39:54,582] {processor.py:613} INFO - Processing file /home/airflow/.local/lib/python3.6/site-packages/airflow/example_dags/example_task_group_decorator.py for tasks to queue
[2021-09-21 01:39:54,584] {logging_mixin.py:109} INFO - [2021-09-21 01:39:54,584] {dagbag.py:496} INFO - Filling up the DagBag from /home/airflow/.local/lib/python3.6/site-packages/airflow/example_dags/example_task_group_decorator.py
[2021-09-21 01:39:54,617] {processor.py:623} INFO - DAG(s) dict_keys(['example_task_group_decorator']) retrieved from /home/airflow/.local/lib/python3.6/site-packages/airflow/example_dags/example_task_group_decorator.py
[2021-09-21 01:39:54,805] {logging_mixin.py:109} INFO - [2021-09-21 01:39:54,805] {dag.py:1834} INFO - Sync 1 DAGs
[2021-09-21 01:39:54,816] {logging_mixin.py:109} INFO - [2021-09-21 01:39:54,816] {dag.py:2287} INFO - Setting next_dagrun for example_task_group_decorator to 2021-09-19 00:00:00+00:00
[2021-09-21 01:39:54,827] {processor.py:170} INFO - Processing /home/airflow/.local/lib/python3.6/site-packages/airflow/example_dags/example_task_group_decorator.py took 0.251 seconds
[2021-09-21 01:40:25,543] {processor.py:162} INFO - Started process (PID=2872) to work on /home/airflow/.local/lib/python3.6/site-packages/airflow/example_dags/example_task_group_decorator.py
[2021-09-21 01:40:25,546] {processor.py:613} INFO - Processing file /home/airflow/.local/lib/python3.6/site-packages/airflow/example_dags/example_task_group_decorator.py for tasks to queue
[2021-09-21 01:40:25,547] {logging_mixin.py:109} INFO - [2021-09-21 01:40:25,547] {dagbag.py:496} INFO - Filling up the DagBag from /home/airflow/.local/lib/python3.6/site-packages/airflow/example_dags/example_task_group_decorator.py
[2021-09-21 01:40:25,577] {processor.py:623} INFO - DAG(s) dict_keys(['example_task_group_decorator']) retrieved from /home/airflow/.local/lib/python3.6/site-packages/airflow/example_dags/example_task_group_decorator.py
[2021-09-21 01:40:25,739] {logging_mixin.py:109} INFO - [2021-09-21 01:40:25,739] {dag.py:1834} INFO - Sync 1 DAGs
[2021-09-21 01:40:25,751] {logging_mixin.py:109} INFO - [2021-09-21 01:40:25,751] {dag.py:2287} INFO - Setting next_dagrun for example_task_group_decorator to 2021-09-19 00:00:00+00:00
[2021-09-21 01:40:25,762] {processor.py:170} INFO - Processing /home/airflow/.local/lib/python3.6/site-packages/airflow/example_dags/example_task_group_decorator.py took 0.223 seconds
[2021-09-21 01:40:56,201] {processor.py:162} INFO - Started process (PID=2935) to work on /home/airflow/.local/lib/python3.6/site-packages/airflow/example_dags/example_task_group_decorator.py
[2021-09-21 01:40:56,203] {processor.py:613} INFO - Processing file /home/airflow/.local/lib/python3.6/site-packages/airflow/example_dags/example_task_group_decorator.py for tasks to queue
[2021-09-21 01:40:56,204] {logging_mixin.py:109} INFO - [2021-09-21 01:40:56,204] {dagbag.py:496} INFO - Filling up the DagBag from /home/airflow/.local/lib/python3.6/site-packages/airflow/example_dags/example_task_group_decorator.py
[2021-09-21 01:40:56,236] {processor.py:623} INFO - DAG(s) dict_keys(['example_task_group_decorator']) retrieved from /home/airflow/.local/lib/python3.6/site-packages/airflow/example_dags/example_task_group_decorator.py
[2021-09-21 01:40:56,400] {logging_mixin.py:109} INFO - [2021-09-21 01:40:56,400] {dag.py:1834} INFO - Sync 1 DAGs
[2021-09-21 01:40:56,411] {logging_mixin.py:109} INFO - [2021-09-21 01:40:56,411] {dag.py:2287} INFO - Setting next_dagrun for example_task_group_decorator to 2021-09-19 00:00:00+00:00
[2021-09-21 01:40:56,421] {processor.py:170} INFO - Processing /home/airflow/.local/lib/python3.6/site-packages/airflow/example_dags/example_task_group_decorator.py took 0.225 seconds
[2021-09-21 01:41:27,118] {processor.py:162} INFO - Started process (PID=2999) to work on /home/airflow/.local/lib/python3.6/site-packages/airflow/example_dags/example_task_group_decorator.py
[2021-09-21 01:41:27,120] {processor.py:613} INFO - Processing file /home/airflow/.local/lib/python3.6/site-packages/airflow/example_dags/example_task_group_decorator.py for tasks to queue
[2021-09-21 01:41:27,122] {logging_mixin.py:109} INFO - [2021-09-21 01:41:27,122] {dagbag.py:496} INFO - Filling up the DagBag from /home/airflow/.local/lib/python3.6/site-packages/airflow/example_dags/example_task_group_decorator.py
[2021-09-21 01:41:27,152] {processor.py:623} INFO - DAG(s) dict_keys(['example_task_group_decorator']) retrieved from /home/airflow/.local/lib/python3.6/site-packages/airflow/example_dags/example_task_group_decorator.py
[2021-09-21 01:41:27,320] {logging_mixin.py:109} INFO - [2021-09-21 01:41:27,320] {dag.py:1834} INFO - Sync 1 DAGs
[2021-09-21 01:41:27,332] {logging_mixin.py:109} INFO - [2021-09-21 01:41:27,332] {dag.py:2287} INFO - Setting next_dagrun for example_task_group_decorator to 2021-09-19 00:00:00+00:00
[2021-09-21 01:41:27,342] {processor.py:170} INFO - Processing /home/airflow/.local/lib/python3.6/site-packages/airflow/example_dags/example_task_group_decorator.py took 0.228 seconds
[2021-09-21 01:41:57,486] {processor.py:162} INFO - Started process (PID=3053) to work on /home/airflow/.local/lib/python3.6/site-packages/airflow/example_dags/example_task_group_decorator.py
[2021-09-21 01:41:57,491] {processor.py:613} INFO - Processing file /home/airflow/.local/lib/python3.6/site-packages/airflow/example_dags/example_task_group_decorator.py for tasks to queue
[2021-09-21 01:41:57,494] {logging_mixin.py:109} INFO - [2021-09-21 01:41:57,493] {dagbag.py:496} INFO - Filling up the DagBag from /home/airflow/.local/lib/python3.6/site-packages/airflow/example_dags/example_task_group_decorator.py
[2021-09-21 01:41:57,519] {processor.py:623} INFO - DAG(s) dict_keys(['example_task_group_decorator']) retrieved from /home/airflow/.local/lib/python3.6/site-packages/airflow/example_dags/example_task_group_decorator.py
[2021-09-21 01:41:58,141] {logging_mixin.py:109} INFO - [2021-09-21 01:41:58,141] {dag.py:1834} INFO - Sync 1 DAGs
[2021-09-21 01:41:58,186] {logging_mixin.py:109} INFO - [2021-09-21 01:41:58,186] {dag.py:2287} INFO - Setting next_dagrun for example_task_group_decorator to 2021-09-19 00:00:00+00:00
[2021-09-21 01:41:58,217] {processor.py:170} INFO - Processing /home/airflow/.local/lib/python3.6/site-packages/airflow/example_dags/example_task_group_decorator.py took 0.740 seconds
[2021-09-21 01:42:28,621] {processor.py:162} INFO - Started process (PID=3119) to work on /home/airflow/.local/lib/python3.6/site-packages/airflow/example_dags/example_task_group_decorator.py
[2021-09-21 01:42:28,623] {processor.py:613} INFO - Processing file /home/airflow/.local/lib/python3.6/site-packages/airflow/example_dags/example_task_group_decorator.py for tasks to queue
[2021-09-21 01:42:28,625] {logging_mixin.py:109} INFO - [2021-09-21 01:42:28,625] {dagbag.py:496} INFO - Filling up the DagBag from /home/airflow/.local/lib/python3.6/site-packages/airflow/example_dags/example_task_group_decorator.py
[2021-09-21 01:42:28,661] {processor.py:623} INFO - DAG(s) dict_keys(['example_task_group_decorator']) retrieved from /home/airflow/.local/lib/python3.6/site-packages/airflow/example_dags/example_task_group_decorator.py
[2021-09-21 01:42:28,838] {logging_mixin.py:109} INFO - [2021-09-21 01:42:28,838] {dag.py:1834} INFO - Sync 1 DAGs
[2021-09-21 01:42:28,849] {logging_mixin.py:109} INFO - [2021-09-21 01:42:28,849] {dag.py:2287} INFO - Setting next_dagrun for example_task_group_decorator to 2021-09-19 00:00:00+00:00
[2021-09-21 01:42:28,861] {processor.py:170} INFO - Processing /home/airflow/.local/lib/python3.6/site-packages/airflow/example_dags/example_task_group_decorator.py took 0.243 seconds
[2021-09-21 01:42:59,819] {processor.py:162} INFO - Started process (PID=3184) to work on /home/airflow/.local/lib/python3.6/site-packages/airflow/example_dags/example_task_group_decorator.py
[2021-09-21 01:42:59,821] {processor.py:613} INFO - Processing file /home/airflow/.local/lib/python3.6/site-packages/airflow/example_dags/example_task_group_decorator.py for tasks to queue
[2021-09-21 01:42:59,822] {logging_mixin.py:109} INFO - [2021-09-21 01:42:59,822] {dagbag.py:496} INFO - Filling up the DagBag from /home/airflow/.local/lib/python3.6/site-packages/airflow/example_dags/example_task_group_decorator.py
[2021-09-21 01:42:59,848] {processor.py:623} INFO - DAG(s) dict_keys(['example_task_group_decorator']) retrieved from /home/airflow/.local/lib/python3.6/site-packages/airflow/example_dags/example_task_group_decorator.py
[2021-09-21 01:43:00,032] {logging_mixin.py:109} INFO - [2021-09-21 01:43:00,032] {dag.py:1834} INFO - Sync 1 DAGs
[2021-09-21 01:43:00,046] {logging_mixin.py:109} INFO - [2021-09-21 01:43:00,046] {dag.py:2287} INFO - Setting next_dagrun for example_task_group_decorator to 2021-09-19 00:00:00+00:00
[2021-09-21 01:43:00,059] {processor.py:170} INFO - Processing /home/airflow/.local/lib/python3.6/site-packages/airflow/example_dags/example_task_group_decorator.py took 0.243 seconds
[2021-09-21 01:43:30,603] {processor.py:162} INFO - Started process (PID=3235) to work on /home/airflow/.local/lib/python3.6/site-packages/airflow/example_dags/example_task_group_decorator.py
[2021-09-21 01:43:30,604] {processor.py:613} INFO - Processing file /home/airflow/.local/lib/python3.6/site-packages/airflow/example_dags/example_task_group_decorator.py for tasks to queue
[2021-09-21 01:43:30,606] {logging_mixin.py:109} INFO - [2021-09-21 01:43:30,606] {dagbag.py:496} INFO - Filling up the DagBag from /home/airflow/.local/lib/python3.6/site-packages/airflow/example_dags/example_task_group_decorator.py
[2021-09-21 01:43:30,633] {processor.py:623} INFO - DAG(s) dict_keys(['example_task_group_decorator']) retrieved from /home/airflow/.local/lib/python3.6/site-packages/airflow/example_dags/example_task_group_decorator.py
[2021-09-21 01:43:30,855] {logging_mixin.py:109} INFO - [2021-09-21 01:43:30,854] {dag.py:1834} INFO - Sync 1 DAGs
[2021-09-21 01:43:30,867] {logging_mixin.py:109} INFO - [2021-09-21 01:43:30,867] {dag.py:2287} INFO - Setting next_dagrun for example_task_group_decorator to 2021-09-19 00:00:00+00:00
[2021-09-21 01:43:30,879] {processor.py:170} INFO - Processing /home/airflow/.local/lib/python3.6/site-packages/airflow/example_dags/example_task_group_decorator.py took 0.280 seconds
[2021-09-21 01:44:01,709] {processor.py:162} INFO - Started process (PID=3298) to work on /home/airflow/.local/lib/python3.6/site-packages/airflow/example_dags/example_task_group_decorator.py
[2021-09-21 01:44:01,713] {processor.py:613} INFO - Processing file /home/airflow/.local/lib/python3.6/site-packages/airflow/example_dags/example_task_group_decorator.py for tasks to queue
[2021-09-21 01:44:01,715] {logging_mixin.py:109} INFO - [2021-09-21 01:44:01,714] {dagbag.py:496} INFO - Filling up the DagBag from /home/airflow/.local/lib/python3.6/site-packages/airflow/example_dags/example_task_group_decorator.py
[2021-09-21 01:44:01,753] {processor.py:623} INFO - DAG(s) dict_keys(['example_task_group_decorator']) retrieved from /home/airflow/.local/lib/python3.6/site-packages/airflow/example_dags/example_task_group_decorator.py
[2021-09-21 01:44:01,923] {logging_mixin.py:109} INFO - [2021-09-21 01:44:01,922] {dag.py:1834} INFO - Sync 1 DAGs
[2021-09-21 01:44:01,934] {logging_mixin.py:109} INFO - [2021-09-21 01:44:01,934] {dag.py:2287} INFO - Setting next_dagrun for example_task_group_decorator to 2021-09-19 00:00:00+00:00
[2021-09-21 01:44:01,944] {processor.py:170} INFO - Processing /home/airflow/.local/lib/python3.6/site-packages/airflow/example_dags/example_task_group_decorator.py took 0.239 seconds
[2021-09-21 01:44:32,502] {processor.py:162} INFO - Started process (PID=3351) to work on /home/airflow/.local/lib/python3.6/site-packages/airflow/example_dags/example_task_group_decorator.py
[2021-09-21 01:44:32,504] {processor.py:613} INFO - Processing file /home/airflow/.local/lib/python3.6/site-packages/airflow/example_dags/example_task_group_decorator.py for tasks to queue
[2021-09-21 01:44:32,505] {logging_mixin.py:109} INFO - [2021-09-21 01:44:32,505] {dagbag.py:496} INFO - Filling up the DagBag from /home/airflow/.local/lib/python3.6/site-packages/airflow/example_dags/example_task_group_decorator.py
[2021-09-21 01:44:32,538] {processor.py:623} INFO - DAG(s) dict_keys(['example_task_group_decorator']) retrieved from /home/airflow/.local/lib/python3.6/site-packages/airflow/example_dags/example_task_group_decorator.py
[2021-09-21 01:44:32,707] {logging_mixin.py:109} INFO - [2021-09-21 01:44:32,707] {dag.py:1834} INFO - Sync 1 DAGs
[2021-09-21 01:44:32,719] {logging_mixin.py:109} INFO - [2021-09-21 01:44:32,719] {dag.py:2287} INFO - Setting next_dagrun for example_task_group_decorator to 2021-09-19 00:00:00+00:00
[2021-09-21 01:44:32,730] {processor.py:170} INFO - Processing /home/airflow/.local/lib/python3.6/site-packages/airflow/example_dags/example_task_group_decorator.py took 0.232 seconds
[2021-09-21 01:45:03,691] {processor.py:162} INFO - Started process (PID=3414) to work on /home/airflow/.local/lib/python3.6/site-packages/airflow/example_dags/example_task_group_decorator.py
[2021-09-21 01:45:03,693] {processor.py:613} INFO - Processing file /home/airflow/.local/lib/python3.6/site-packages/airflow/example_dags/example_task_group_decorator.py for tasks to queue
[2021-09-21 01:45:03,695] {logging_mixin.py:109} INFO - [2021-09-21 01:45:03,694] {dagbag.py:496} INFO - Filling up the DagBag from /home/airflow/.local/lib/python3.6/site-packages/airflow/example_dags/example_task_group_decorator.py
[2021-09-21 01:45:03,727] {processor.py:623} INFO - DAG(s) dict_keys(['example_task_group_decorator']) retrieved from /home/airflow/.local/lib/python3.6/site-packages/airflow/example_dags/example_task_group_decorator.py
[2021-09-21 01:45:03,764] {logging_mixin.py:109} INFO - [2021-09-21 01:45:03,764] {dag.py:1834} INFO - Sync 1 DAGs
[2021-09-21 01:45:03,784] {logging_mixin.py:109} INFO - [2021-09-21 01:45:03,784] {dag.py:2287} INFO - Setting next_dagrun for example_task_group_decorator to 2021-09-19 00:00:00+00:00
[2021-09-21 01:45:03,803] {processor.py:170} INFO - Processing /home/airflow/.local/lib/python3.6/site-packages/airflow/example_dags/example_task_group_decorator.py took 0.117 seconds
[2021-09-21 01:45:34,527] {processor.py:162} INFO - Started process (PID=3478) to work on /home/airflow/.local/lib/python3.6/site-packages/airflow/example_dags/example_task_group_decorator.py
[2021-09-21 01:45:34,529] {processor.py:613} INFO - Processing file /home/airflow/.local/lib/python3.6/site-packages/airflow/example_dags/example_task_group_decorator.py for tasks to queue
[2021-09-21 01:45:34,530] {logging_mixin.py:109} INFO - [2021-09-21 01:45:34,530] {dagbag.py:496} INFO - Filling up the DagBag from /home/airflow/.local/lib/python3.6/site-packages/airflow/example_dags/example_task_group_decorator.py
[2021-09-21 01:45:34,560] {processor.py:623} INFO - DAG(s) dict_keys(['example_task_group_decorator']) retrieved from /home/airflow/.local/lib/python3.6/site-packages/airflow/example_dags/example_task_group_decorator.py
[2021-09-21 01:45:34,725] {logging_mixin.py:109} INFO - [2021-09-21 01:45:34,725] {dag.py:1834} INFO - Sync 1 DAGs
[2021-09-21 01:45:34,737] {logging_mixin.py:109} INFO - [2021-09-21 01:45:34,737] {dag.py:2287} INFO - Setting next_dagrun for example_task_group_decorator to 2021-09-19 00:00:00+00:00
[2021-09-21 01:45:34,747] {processor.py:170} INFO - Processing /home/airflow/.local/lib/python3.6/site-packages/airflow/example_dags/example_task_group_decorator.py took 0.224 seconds
[2021-09-21 01:46:05,345] {processor.py:162} INFO - Started process (PID=3530) to work on /home/airflow/.local/lib/python3.6/site-packages/airflow/example_dags/example_task_group_decorator.py
[2021-09-21 01:46:05,347] {processor.py:613} INFO - Processing file /home/airflow/.local/lib/python3.6/site-packages/airflow/example_dags/example_task_group_decorator.py for tasks to queue
[2021-09-21 01:46:05,348] {logging_mixin.py:109} INFO - [2021-09-21 01:46:05,348] {dagbag.py:496} INFO - Filling up the DagBag from /home/airflow/.local/lib/python3.6/site-packages/airflow/example_dags/example_task_group_decorator.py
[2021-09-21 01:46:05,377] {processor.py:623} INFO - DAG(s) dict_keys(['example_task_group_decorator']) retrieved from /home/airflow/.local/lib/python3.6/site-packages/airflow/example_dags/example_task_group_decorator.py
[2021-09-21 01:46:05,550] {logging_mixin.py:109} INFO - [2021-09-21 01:46:05,550] {dag.py:1834} INFO - Sync 1 DAGs
[2021-09-21 01:46:05,568] {logging_mixin.py:109} INFO - [2021-09-21 01:46:05,568] {dag.py:2287} INFO - Setting next_dagrun for example_task_group_decorator to 2021-09-19 00:00:00+00:00
[2021-09-21 01:46:05,579] {processor.py:170} INFO - Processing /home/airflow/.local/lib/python3.6/site-packages/airflow/example_dags/example_task_group_decorator.py took 0.238 seconds
[2021-09-21 01:46:35,747] {processor.py:162} INFO - Started process (PID=3593) to work on /home/airflow/.local/lib/python3.6/site-packages/airflow/example_dags/example_task_group_decorator.py
[2021-09-21 01:46:35,749] {processor.py:613} INFO - Processing file /home/airflow/.local/lib/python3.6/site-packages/airflow/example_dags/example_task_group_decorator.py for tasks to queue
[2021-09-21 01:46:35,751] {logging_mixin.py:109} INFO - [2021-09-21 01:46:35,751] {dagbag.py:496} INFO - Filling up the DagBag from /home/airflow/.local/lib/python3.6/site-packages/airflow/example_dags/example_task_group_decorator.py
[2021-09-21 01:46:35,778] {processor.py:623} INFO - DAG(s) dict_keys(['example_task_group_decorator']) retrieved from /home/airflow/.local/lib/python3.6/site-packages/airflow/example_dags/example_task_group_decorator.py
[2021-09-21 01:46:36,027] {logging_mixin.py:109} INFO - [2021-09-21 01:46:36,027] {dag.py:1834} INFO - Sync 1 DAGs
[2021-09-21 01:46:36,045] {logging_mixin.py:109} INFO - [2021-09-21 01:46:36,044] {dag.py:2287} INFO - Setting next_dagrun for example_task_group_decorator to 2021-09-19 00:00:00+00:00
[2021-09-21 01:46:36,057] {processor.py:170} INFO - Processing /home/airflow/.local/lib/python3.6/site-packages/airflow/example_dags/example_task_group_decorator.py took 0.313 seconds
[2021-09-21 01:47:06,179] {processor.py:162} INFO - Started process (PID=3657) to work on /home/airflow/.local/lib/python3.6/site-packages/airflow/example_dags/example_task_group_decorator.py
[2021-09-21 01:47:06,187] {processor.py:613} INFO - Processing file /home/airflow/.local/lib/python3.6/site-packages/airflow/example_dags/example_task_group_decorator.py for tasks to queue
[2021-09-21 01:47:06,190] {logging_mixin.py:109} INFO - [2021-09-21 01:47:06,190] {dagbag.py:496} INFO - Filling up the DagBag from /home/airflow/.local/lib/python3.6/site-packages/airflow/example_dags/example_task_group_decorator.py
[2021-09-21 01:47:06,231] {processor.py:623} INFO - DAG(s) dict_keys(['example_task_group_decorator']) retrieved from /home/airflow/.local/lib/python3.6/site-packages/airflow/example_dags/example_task_group_decorator.py
[2021-09-21 01:47:06,630] {logging_mixin.py:109} INFO - [2021-09-21 01:47:06,629] {dag.py:1834} INFO - Sync 1 DAGs
[2021-09-21 01:47:06,655] {logging_mixin.py:109} INFO - [2021-09-21 01:47:06,655] {dag.py:2287} INFO - Setting next_dagrun for example_task_group_decorator to 2021-09-19 00:00:00+00:00
[2021-09-21 01:47:06,684] {processor.py:170} INFO - Processing /home/airflow/.local/lib/python3.6/site-packages/airflow/example_dags/example_task_group_decorator.py took 0.515 seconds
[2021-09-21 01:47:37,392] {processor.py:162} INFO - Started process (PID=3714) to work on /home/airflow/.local/lib/python3.6/site-packages/airflow/example_dags/example_task_group_decorator.py
[2021-09-21 01:47:37,396] {processor.py:613} INFO - Processing file /home/airflow/.local/lib/python3.6/site-packages/airflow/example_dags/example_task_group_decorator.py for tasks to queue
[2021-09-21 01:47:37,399] {logging_mixin.py:109} INFO - [2021-09-21 01:47:37,399] {dagbag.py:496} INFO - Filling up the DagBag from /home/airflow/.local/lib/python3.6/site-packages/airflow/example_dags/example_task_group_decorator.py
[2021-09-21 01:47:37,471] {processor.py:623} INFO - DAG(s) dict_keys(['example_task_group_decorator']) retrieved from /home/airflow/.local/lib/python3.6/site-packages/airflow/example_dags/example_task_group_decorator.py
[2021-09-21 01:47:37,852] {logging_mixin.py:109} INFO - [2021-09-21 01:47:37,852] {dag.py:1834} INFO - Sync 1 DAGs
[2021-09-21 01:47:37,869] {logging_mixin.py:109} INFO - [2021-09-21 01:47:37,868] {dag.py:2287} INFO - Setting next_dagrun for example_task_group_decorator to 2021-09-19 00:00:00+00:00
[2021-09-21 01:47:37,890] {processor.py:170} INFO - Processing /home/airflow/.local/lib/python3.6/site-packages/airflow/example_dags/example_task_group_decorator.py took 0.506 seconds
[2021-09-21 01:48:08,233] {processor.py:162} INFO - Started process (PID=3777) to work on /home/airflow/.local/lib/python3.6/site-packages/airflow/example_dags/example_task_group_decorator.py
[2021-09-21 01:48:08,236] {processor.py:613} INFO - Processing file /home/airflow/.local/lib/python3.6/site-packages/airflow/example_dags/example_task_group_decorator.py for tasks to queue
[2021-09-21 01:48:08,237] {logging_mixin.py:109} INFO - [2021-09-21 01:48:08,237] {dagbag.py:496} INFO - Filling up the DagBag from /home/airflow/.local/lib/python3.6/site-packages/airflow/example_dags/example_task_group_decorator.py
[2021-09-21 01:48:08,265] {processor.py:623} INFO - DAG(s) dict_keys(['example_task_group_decorator']) retrieved from /home/airflow/.local/lib/python3.6/site-packages/airflow/example_dags/example_task_group_decorator.py
[2021-09-21 01:48:08,444] {logging_mixin.py:109} INFO - [2021-09-21 01:48:08,444] {dag.py:1834} INFO - Sync 1 DAGs
[2021-09-21 01:48:08,457] {logging_mixin.py:109} INFO - [2021-09-21 01:48:08,457] {dag.py:2287} INFO - Setting next_dagrun for example_task_group_decorator to 2021-09-19 00:00:00+00:00
[2021-09-21 01:48:08,469] {processor.py:170} INFO - Processing /home/airflow/.local/lib/python3.6/site-packages/airflow/example_dags/example_task_group_decorator.py took 0.240 seconds
[2021-09-21 01:48:38,688] {processor.py:162} INFO - Started process (PID=3831) to work on /home/airflow/.local/lib/python3.6/site-packages/airflow/example_dags/example_task_group_decorator.py
[2021-09-21 01:48:38,690] {processor.py:613} INFO - Processing file /home/airflow/.local/lib/python3.6/site-packages/airflow/example_dags/example_task_group_decorator.py for tasks to queue
[2021-09-21 01:48:38,692] {logging_mixin.py:109} INFO - [2021-09-21 01:48:38,692] {dagbag.py:496} INFO - Filling up the DagBag from /home/airflow/.local/lib/python3.6/site-packages/airflow/example_dags/example_task_group_decorator.py
[2021-09-21 01:48:38,728] {processor.py:623} INFO - DAG(s) dict_keys(['example_task_group_decorator']) retrieved from /home/airflow/.local/lib/python3.6/site-packages/airflow/example_dags/example_task_group_decorator.py
[2021-09-21 01:48:38,754] {logging_mixin.py:109} INFO - [2021-09-21 01:48:38,754] {dag.py:1834} INFO - Sync 1 DAGs
[2021-09-21 01:48:38,769] {logging_mixin.py:109} INFO - [2021-09-21 01:48:38,768] {dag.py:2287} INFO - Setting next_dagrun for example_task_group_decorator to 2021-09-19 00:00:00+00:00
[2021-09-21 01:48:38,780] {processor.py:170} INFO - Processing /home/airflow/.local/lib/python3.6/site-packages/airflow/example_dags/example_task_group_decorator.py took 0.095 seconds
[2021-09-21 01:49:08,843] {processor.py:162} INFO - Started process (PID=3894) to work on /home/airflow/.local/lib/python3.6/site-packages/airflow/example_dags/example_task_group_decorator.py
[2021-09-21 01:49:08,846] {processor.py:613} INFO - Processing file /home/airflow/.local/lib/python3.6/site-packages/airflow/example_dags/example_task_group_decorator.py for tasks to queue
[2021-09-21 01:49:08,848] {logging_mixin.py:109} INFO - [2021-09-21 01:49:08,848] {dagbag.py:496} INFO - Filling up the DagBag from /home/airflow/.local/lib/python3.6/site-packages/airflow/example_dags/example_task_group_decorator.py
[2021-09-21 01:49:08,876] {processor.py:623} INFO - DAG(s) dict_keys(['example_task_group_decorator']) retrieved from /home/airflow/.local/lib/python3.6/site-packages/airflow/example_dags/example_task_group_decorator.py
[2021-09-21 01:49:09,040] {logging_mixin.py:109} INFO - [2021-09-21 01:49:09,040] {dag.py:1834} INFO - Sync 1 DAGs
[2021-09-21 01:49:09,051] {logging_mixin.py:109} INFO - [2021-09-21 01:49:09,050] {dag.py:2287} INFO - Setting next_dagrun for example_task_group_decorator to 2021-09-19 00:00:00+00:00
[2021-09-21 01:49:09,061] {processor.py:170} INFO - Processing /home/airflow/.local/lib/python3.6/site-packages/airflow/example_dags/example_task_group_decorator.py took 0.222 seconds
[2021-09-21 01:49:39,121] {processor.py:162} INFO - Started process (PID=3956) to work on /home/airflow/.local/lib/python3.6/site-packages/airflow/example_dags/example_task_group_decorator.py
[2021-09-21 01:49:39,123] {processor.py:613} INFO - Processing file /home/airflow/.local/lib/python3.6/site-packages/airflow/example_dags/example_task_group_decorator.py for tasks to queue
[2021-09-21 01:49:39,124] {logging_mixin.py:109} INFO - [2021-09-21 01:49:39,124] {dagbag.py:496} INFO - Filling up the DagBag from /home/airflow/.local/lib/python3.6/site-packages/airflow/example_dags/example_task_group_decorator.py
[2021-09-21 01:49:39,151] {processor.py:623} INFO - DAG(s) dict_keys(['example_task_group_decorator']) retrieved from /home/airflow/.local/lib/python3.6/site-packages/airflow/example_dags/example_task_group_decorator.py
[2021-09-21 01:49:39,316] {logging_mixin.py:109} INFO - [2021-09-21 01:49:39,316] {dag.py:1834} INFO - Sync 1 DAGs
[2021-09-21 01:49:39,328] {logging_mixin.py:109} INFO - [2021-09-21 01:49:39,328] {dag.py:2287} INFO - Setting next_dagrun for example_task_group_decorator to 2021-09-19 00:00:00+00:00
[2021-09-21 01:49:39,340] {processor.py:170} INFO - Processing /home/airflow/.local/lib/python3.6/site-packages/airflow/example_dags/example_task_group_decorator.py took 0.222 seconds
[2021-09-21 01:50:09,476] {processor.py:162} INFO - Started process (PID=4010) to work on /home/airflow/.local/lib/python3.6/site-packages/airflow/example_dags/example_task_group_decorator.py
[2021-09-21 01:50:09,478] {processor.py:613} INFO - Processing file /home/airflow/.local/lib/python3.6/site-packages/airflow/example_dags/example_task_group_decorator.py for tasks to queue
[2021-09-21 01:50:09,479] {logging_mixin.py:109} INFO - [2021-09-21 01:50:09,479] {dagbag.py:496} INFO - Filling up the DagBag from /home/airflow/.local/lib/python3.6/site-packages/airflow/example_dags/example_task_group_decorator.py
[2021-09-21 01:50:09,504] {processor.py:623} INFO - DAG(s) dict_keys(['example_task_group_decorator']) retrieved from /home/airflow/.local/lib/python3.6/site-packages/airflow/example_dags/example_task_group_decorator.py
[2021-09-21 01:50:09,687] {logging_mixin.py:109} INFO - [2021-09-21 01:50:09,687] {dag.py:1834} INFO - Sync 1 DAGs
[2021-09-21 01:50:09,703] {logging_mixin.py:109} INFO - [2021-09-21 01:50:09,703] {dag.py:2287} INFO - Setting next_dagrun for example_task_group_decorator to 2021-09-19 00:00:00+00:00
[2021-09-21 01:50:09,720] {processor.py:170} INFO - Processing /home/airflow/.local/lib/python3.6/site-packages/airflow/example_dags/example_task_group_decorator.py took 0.248 seconds
[2021-09-21 01:50:40,388] {processor.py:162} INFO - Started process (PID=4071) to work on /home/airflow/.local/lib/python3.6/site-packages/airflow/example_dags/example_task_group_decorator.py
[2021-09-21 01:50:40,391] {processor.py:613} INFO - Processing file /home/airflow/.local/lib/python3.6/site-packages/airflow/example_dags/example_task_group_decorator.py for tasks to queue
[2021-09-21 01:50:40,392] {logging_mixin.py:109} INFO - [2021-09-21 01:50:40,392] {dagbag.py:496} INFO - Filling up the DagBag from /home/airflow/.local/lib/python3.6/site-packages/airflow/example_dags/example_task_group_decorator.py
[2021-09-21 01:50:40,420] {processor.py:623} INFO - DAG(s) dict_keys(['example_task_group_decorator']) retrieved from /home/airflow/.local/lib/python3.6/site-packages/airflow/example_dags/example_task_group_decorator.py
[2021-09-21 01:50:40,654] {logging_mixin.py:109} INFO - [2021-09-21 01:50:40,654] {dag.py:1834} INFO - Sync 1 DAGs
[2021-09-21 01:50:40,675] {logging_mixin.py:109} INFO - [2021-09-21 01:50:40,674] {dag.py:2287} INFO - Setting next_dagrun for example_task_group_decorator to 2021-09-19 00:00:00+00:00
[2021-09-21 01:50:40,693] {processor.py:170} INFO - Processing /home/airflow/.local/lib/python3.6/site-packages/airflow/example_dags/example_task_group_decorator.py took 0.310 seconds
[2021-09-21 01:51:10,748] {processor.py:162} INFO - Started process (PID=4125) to work on /home/airflow/.local/lib/python3.6/site-packages/airflow/example_dags/example_task_group_decorator.py
[2021-09-21 01:51:10,749] {processor.py:613} INFO - Processing file /home/airflow/.local/lib/python3.6/site-packages/airflow/example_dags/example_task_group_decorator.py for tasks to queue
[2021-09-21 01:51:10,751] {logging_mixin.py:109} INFO - [2021-09-21 01:51:10,751] {dagbag.py:496} INFO - Filling up the DagBag from /home/airflow/.local/lib/python3.6/site-packages/airflow/example_dags/example_task_group_decorator.py
[2021-09-21 01:51:10,776] {processor.py:623} INFO - DAG(s) dict_keys(['example_task_group_decorator']) retrieved from /home/airflow/.local/lib/python3.6/site-packages/airflow/example_dags/example_task_group_decorator.py
[2021-09-21 01:51:10,948] {logging_mixin.py:109} INFO - [2021-09-21 01:51:10,948] {dag.py:1834} INFO - Sync 1 DAGs
[2021-09-21 01:51:10,960] {logging_mixin.py:109} INFO - [2021-09-21 01:51:10,960] {dag.py:2287} INFO - Setting next_dagrun for example_task_group_decorator to 2021-09-19 00:00:00+00:00
[2021-09-21 01:51:10,970] {processor.py:170} INFO - Processing /home/airflow/.local/lib/python3.6/site-packages/airflow/example_dags/example_task_group_decorator.py took 0.226 seconds
[2021-09-21 01:51:41,055] {processor.py:162} INFO - Started process (PID=4190) to work on /home/airflow/.local/lib/python3.6/site-packages/airflow/example_dags/example_task_group_decorator.py
[2021-09-21 01:51:41,056] {processor.py:613} INFO - Processing file /home/airflow/.local/lib/python3.6/site-packages/airflow/example_dags/example_task_group_decorator.py for tasks to queue
[2021-09-21 01:51:41,058] {logging_mixin.py:109} INFO - [2021-09-21 01:51:41,058] {dagbag.py:496} INFO - Filling up the DagBag from /home/airflow/.local/lib/python3.6/site-packages/airflow/example_dags/example_task_group_decorator.py
[2021-09-21 01:51:41,088] {processor.py:623} INFO - DAG(s) dict_keys(['example_task_group_decorator']) retrieved from /home/airflow/.local/lib/python3.6/site-packages/airflow/example_dags/example_task_group_decorator.py
[2021-09-21 01:51:41,265] {logging_mixin.py:109} INFO - [2021-09-21 01:51:41,265] {dag.py:1834} INFO - Sync 1 DAGs
[2021-09-21 01:51:41,279] {logging_mixin.py:109} INFO - [2021-09-21 01:51:41,278] {dag.py:2287} INFO - Setting next_dagrun for example_task_group_decorator to 2021-09-19 00:00:00+00:00
[2021-09-21 01:51:41,290] {processor.py:170} INFO - Processing /home/airflow/.local/lib/python3.6/site-packages/airflow/example_dags/example_task_group_decorator.py took 0.239 seconds
[2021-09-21 01:52:11,484] {processor.py:162} INFO - Started process (PID=4241) to work on /home/airflow/.local/lib/python3.6/site-packages/airflow/example_dags/example_task_group_decorator.py
[2021-09-21 01:52:11,486] {processor.py:613} INFO - Processing file /home/airflow/.local/lib/python3.6/site-packages/airflow/example_dags/example_task_group_decorator.py for tasks to queue
[2021-09-21 01:52:11,488] {logging_mixin.py:109} INFO - [2021-09-21 01:52:11,488] {dagbag.py:496} INFO - Filling up the DagBag from /home/airflow/.local/lib/python3.6/site-packages/airflow/example_dags/example_task_group_decorator.py
[2021-09-21 01:52:11,520] {processor.py:623} INFO - DAG(s) dict_keys(['example_task_group_decorator']) retrieved from /home/airflow/.local/lib/python3.6/site-packages/airflow/example_dags/example_task_group_decorator.py
[2021-09-21 01:52:11,726] {logging_mixin.py:109} INFO - [2021-09-21 01:52:11,726] {dag.py:1834} INFO - Sync 1 DAGs
[2021-09-21 01:52:11,738] {logging_mixin.py:109} INFO - [2021-09-21 01:52:11,738] {dag.py:2287} INFO - Setting next_dagrun for example_task_group_decorator to 2021-09-19 00:00:00+00:00
[2021-09-21 01:52:11,750] {processor.py:170} INFO - Processing /home/airflow/.local/lib/python3.6/site-packages/airflow/example_dags/example_task_group_decorator.py took 0.271 seconds
