[2021-09-21 01:17:33,481] {processor.py:162} INFO - Started process (PID=239) to work on /home/airflow/.local/lib/python3.6/site-packages/airflow/example_dags/example_latest_only.py
[2021-09-21 01:17:33,483] {processor.py:613} INFO - Processing file /home/airflow/.local/lib/python3.6/site-packages/airflow/example_dags/example_latest_only.py for tasks to queue
[2021-09-21 01:17:33,484] {logging_mixin.py:109} INFO - [2021-09-21 01:17:33,484] {dagbag.py:496} INFO - Filling up the DagBag from /home/airflow/.local/lib/python3.6/site-packages/airflow/example_dags/example_latest_only.py
[2021-09-21 01:17:33,503] {processor.py:623} INFO - DAG(s) dict_keys(['latest_only']) retrieved from /home/airflow/.local/lib/python3.6/site-packages/airflow/example_dags/example_latest_only.py
[2021-09-21 01:17:35,416] {logging_mixin.py:109} INFO - [2021-09-21 01:17:35,415] {dag.py:1834} INFO - Sync 1 DAGs
[2021-09-21 01:17:35,426] {logging_mixin.py:109} INFO - [2021-09-21 01:17:35,425] {dag.py:1853} INFO - Creating ORM DAG for latest_only
[2021-09-21 01:17:35,429] {logging_mixin.py:109} INFO - [2021-09-21 01:17:35,429] {dag.py:2287} INFO - Setting next_dagrun for latest_only to 2021-09-19 00:00:00+00:00
[2021-09-21 01:17:35,442] {processor.py:170} INFO - Processing /home/airflow/.local/lib/python3.6/site-packages/airflow/example_dags/example_latest_only.py took 1.965 seconds
[2021-09-21 01:18:05,624] {processor.py:162} INFO - Started process (PID=345) to work on /home/airflow/.local/lib/python3.6/site-packages/airflow/example_dags/example_latest_only.py
[2021-09-21 01:18:05,626] {processor.py:613} INFO - Processing file /home/airflow/.local/lib/python3.6/site-packages/airflow/example_dags/example_latest_only.py for tasks to queue
[2021-09-21 01:18:05,627] {logging_mixin.py:109} INFO - [2021-09-21 01:18:05,627] {dagbag.py:496} INFO - Filling up the DagBag from /home/airflow/.local/lib/python3.6/site-packages/airflow/example_dags/example_latest_only.py
[2021-09-21 01:18:05,640] {processor.py:623} INFO - DAG(s) dict_keys(['latest_only']) retrieved from /home/airflow/.local/lib/python3.6/site-packages/airflow/example_dags/example_latest_only.py
[2021-09-21 01:18:05,664] {logging_mixin.py:109} INFO - [2021-09-21 01:18:05,664] {dag.py:1834} INFO - Sync 1 DAGs
[2021-09-21 01:18:05,679] {logging_mixin.py:109} INFO - [2021-09-21 01:18:05,679] {dag.py:2287} INFO - Setting next_dagrun for latest_only to 2021-09-19 00:00:00+00:00
[2021-09-21 01:18:05,691] {processor.py:170} INFO - Processing /home/airflow/.local/lib/python3.6/site-packages/airflow/example_dags/example_latest_only.py took 0.069 seconds
[2021-09-21 01:18:35,792] {processor.py:162} INFO - Started process (PID=400) to work on /home/airflow/.local/lib/python3.6/site-packages/airflow/example_dags/example_latest_only.py
[2021-09-21 01:18:35,794] {processor.py:613} INFO - Processing file /home/airflow/.local/lib/python3.6/site-packages/airflow/example_dags/example_latest_only.py for tasks to queue
[2021-09-21 01:18:35,796] {logging_mixin.py:109} INFO - [2021-09-21 01:18:35,796] {dagbag.py:496} INFO - Filling up the DagBag from /home/airflow/.local/lib/python3.6/site-packages/airflow/example_dags/example_latest_only.py
[2021-09-21 01:18:35,813] {processor.py:623} INFO - DAG(s) dict_keys(['latest_only']) retrieved from /home/airflow/.local/lib/python3.6/site-packages/airflow/example_dags/example_latest_only.py
[2021-09-21 01:18:35,842] {logging_mixin.py:109} INFO - [2021-09-21 01:18:35,842] {dag.py:1834} INFO - Sync 1 DAGs
[2021-09-21 01:18:35,867] {logging_mixin.py:109} INFO - [2021-09-21 01:18:35,866] {dag.py:2287} INFO - Setting next_dagrun for latest_only to 2021-09-19 00:00:00+00:00
[2021-09-21 01:18:35,884] {processor.py:170} INFO - Processing /home/airflow/.local/lib/python3.6/site-packages/airflow/example_dags/example_latest_only.py took 0.099 seconds
[2021-09-21 01:19:06,051] {processor.py:162} INFO - Started process (PID=462) to work on /home/airflow/.local/lib/python3.6/site-packages/airflow/example_dags/example_latest_only.py
[2021-09-21 01:19:06,054] {processor.py:613} INFO - Processing file /home/airflow/.local/lib/python3.6/site-packages/airflow/example_dags/example_latest_only.py for tasks to queue
[2021-09-21 01:19:06,056] {logging_mixin.py:109} INFO - [2021-09-21 01:19:06,055] {dagbag.py:496} INFO - Filling up the DagBag from /home/airflow/.local/lib/python3.6/site-packages/airflow/example_dags/example_latest_only.py
[2021-09-21 01:19:06,070] {processor.py:623} INFO - DAG(s) dict_keys(['latest_only']) retrieved from /home/airflow/.local/lib/python3.6/site-packages/airflow/example_dags/example_latest_only.py
[2021-09-21 01:19:06,103] {logging_mixin.py:109} INFO - [2021-09-21 01:19:06,103] {dag.py:1834} INFO - Sync 1 DAGs
[2021-09-21 01:19:06,122] {logging_mixin.py:109} INFO - [2021-09-21 01:19:06,122] {dag.py:2287} INFO - Setting next_dagrun for latest_only to 2021-09-19 00:00:00+00:00
[2021-09-21 01:19:06,136] {processor.py:170} INFO - Processing /home/airflow/.local/lib/python3.6/site-packages/airflow/example_dags/example_latest_only.py took 0.088 seconds
[2021-09-21 01:19:36,220] {processor.py:162} INFO - Started process (PID=515) to work on /home/airflow/.local/lib/python3.6/site-packages/airflow/example_dags/example_latest_only.py
[2021-09-21 01:19:36,222] {processor.py:613} INFO - Processing file /home/airflow/.local/lib/python3.6/site-packages/airflow/example_dags/example_latest_only.py for tasks to queue
[2021-09-21 01:19:36,224] {logging_mixin.py:109} INFO - [2021-09-21 01:19:36,223] {dagbag.py:496} INFO - Filling up the DagBag from /home/airflow/.local/lib/python3.6/site-packages/airflow/example_dags/example_latest_only.py
[2021-09-21 01:19:36,236] {processor.py:623} INFO - DAG(s) dict_keys(['latest_only']) retrieved from /home/airflow/.local/lib/python3.6/site-packages/airflow/example_dags/example_latest_only.py
[2021-09-21 01:19:36,258] {logging_mixin.py:109} INFO - [2021-09-21 01:19:36,258] {dag.py:1834} INFO - Sync 1 DAGs
[2021-09-21 01:19:36,275] {logging_mixin.py:109} INFO - [2021-09-21 01:19:36,275] {dag.py:2287} INFO - Setting next_dagrun for latest_only to 2021-09-19 00:00:00+00:00
[2021-09-21 01:19:36,286] {processor.py:170} INFO - Processing /home/airflow/.local/lib/python3.6/site-packages/airflow/example_dags/example_latest_only.py took 0.070 seconds
[2021-09-21 01:20:06,502] {processor.py:162} INFO - Started process (PID=579) to work on /home/airflow/.local/lib/python3.6/site-packages/airflow/example_dags/example_latest_only.py
[2021-09-21 01:20:06,503] {processor.py:613} INFO - Processing file /home/airflow/.local/lib/python3.6/site-packages/airflow/example_dags/example_latest_only.py for tasks to queue
[2021-09-21 01:20:06,505] {logging_mixin.py:109} INFO - [2021-09-21 01:20:06,505] {dagbag.py:496} INFO - Filling up the DagBag from /home/airflow/.local/lib/python3.6/site-packages/airflow/example_dags/example_latest_only.py
[2021-09-21 01:20:06,515] {processor.py:623} INFO - DAG(s) dict_keys(['latest_only']) retrieved from /home/airflow/.local/lib/python3.6/site-packages/airflow/example_dags/example_latest_only.py
[2021-09-21 01:20:06,539] {logging_mixin.py:109} INFO - [2021-09-21 01:20:06,539] {dag.py:1834} INFO - Sync 1 DAGs
[2021-09-21 01:20:06,563] {logging_mixin.py:109} INFO - [2021-09-21 01:20:06,563] {dag.py:2287} INFO - Setting next_dagrun for latest_only to 2021-09-19 00:00:00+00:00
[2021-09-21 01:20:06,575] {processor.py:170} INFO - Processing /home/airflow/.local/lib/python3.6/site-packages/airflow/example_dags/example_latest_only.py took 0.076 seconds
[2021-09-21 01:20:37,161] {processor.py:162} INFO - Started process (PID=644) to work on /home/airflow/.local/lib/python3.6/site-packages/airflow/example_dags/example_latest_only.py
[2021-09-21 01:20:37,163] {processor.py:613} INFO - Processing file /home/airflow/.local/lib/python3.6/site-packages/airflow/example_dags/example_latest_only.py for tasks to queue
[2021-09-21 01:20:37,164] {logging_mixin.py:109} INFO - [2021-09-21 01:20:37,164] {dagbag.py:496} INFO - Filling up the DagBag from /home/airflow/.local/lib/python3.6/site-packages/airflow/example_dags/example_latest_only.py
[2021-09-21 01:20:37,177] {processor.py:623} INFO - DAG(s) dict_keys(['latest_only']) retrieved from /home/airflow/.local/lib/python3.6/site-packages/airflow/example_dags/example_latest_only.py
[2021-09-21 01:20:37,203] {logging_mixin.py:109} INFO - [2021-09-21 01:20:37,203] {dag.py:1834} INFO - Sync 1 DAGs
[2021-09-21 01:20:37,219] {logging_mixin.py:109} INFO - [2021-09-21 01:20:37,219] {dag.py:2287} INFO - Setting next_dagrun for latest_only to 2021-09-19 00:00:00+00:00
[2021-09-21 01:20:37,232] {processor.py:170} INFO - Processing /home/airflow/.local/lib/python3.6/site-packages/airflow/example_dags/example_latest_only.py took 0.075 seconds
[2021-09-21 01:21:07,703] {processor.py:162} INFO - Started process (PID=698) to work on /home/airflow/.local/lib/python3.6/site-packages/airflow/example_dags/example_latest_only.py
[2021-09-21 01:21:07,705] {processor.py:613} INFO - Processing file /home/airflow/.local/lib/python3.6/site-packages/airflow/example_dags/example_latest_only.py for tasks to queue
[2021-09-21 01:21:07,707] {logging_mixin.py:109} INFO - [2021-09-21 01:21:07,707] {dagbag.py:496} INFO - Filling up the DagBag from /home/airflow/.local/lib/python3.6/site-packages/airflow/example_dags/example_latest_only.py
[2021-09-21 01:21:07,721] {processor.py:623} INFO - DAG(s) dict_keys(['latest_only']) retrieved from /home/airflow/.local/lib/python3.6/site-packages/airflow/example_dags/example_latest_only.py
[2021-09-21 01:21:07,748] {logging_mixin.py:109} INFO - [2021-09-21 01:21:07,748] {dag.py:1834} INFO - Sync 1 DAGs
[2021-09-21 01:21:07,766] {logging_mixin.py:109} INFO - [2021-09-21 01:21:07,766] {dag.py:2287} INFO - Setting next_dagrun for latest_only to 2021-09-19 00:00:00+00:00
[2021-09-21 01:21:07,779] {processor.py:170} INFO - Processing /home/airflow/.local/lib/python3.6/site-packages/airflow/example_dags/example_latest_only.py took 0.080 seconds
[2021-09-21 01:21:38,134] {processor.py:162} INFO - Started process (PID=761) to work on /home/airflow/.local/lib/python3.6/site-packages/airflow/example_dags/example_latest_only.py
[2021-09-21 01:21:38,136] {processor.py:613} INFO - Processing file /home/airflow/.local/lib/python3.6/site-packages/airflow/example_dags/example_latest_only.py for tasks to queue
[2021-09-21 01:21:38,138] {logging_mixin.py:109} INFO - [2021-09-21 01:21:38,137] {dagbag.py:496} INFO - Filling up the DagBag from /home/airflow/.local/lib/python3.6/site-packages/airflow/example_dags/example_latest_only.py
[2021-09-21 01:21:38,151] {processor.py:623} INFO - DAG(s) dict_keys(['latest_only']) retrieved from /home/airflow/.local/lib/python3.6/site-packages/airflow/example_dags/example_latest_only.py
[2021-09-21 01:21:38,179] {logging_mixin.py:109} INFO - [2021-09-21 01:21:38,179] {dag.py:1834} INFO - Sync 1 DAGs
[2021-09-21 01:21:38,197] {logging_mixin.py:109} INFO - [2021-09-21 01:21:38,197] {dag.py:2287} INFO - Setting next_dagrun for latest_only to 2021-09-19 00:00:00+00:00
[2021-09-21 01:21:38,208] {processor.py:170} INFO - Processing /home/airflow/.local/lib/python3.6/site-packages/airflow/example_dags/example_latest_only.py took 0.079 seconds
[2021-09-21 01:22:08,914] {processor.py:162} INFO - Started process (PID=814) to work on /home/airflow/.local/lib/python3.6/site-packages/airflow/example_dags/example_latest_only.py
[2021-09-21 01:22:08,916] {processor.py:613} INFO - Processing file /home/airflow/.local/lib/python3.6/site-packages/airflow/example_dags/example_latest_only.py for tasks to queue
[2021-09-21 01:22:08,918] {logging_mixin.py:109} INFO - [2021-09-21 01:22:08,917] {dagbag.py:496} INFO - Filling up the DagBag from /home/airflow/.local/lib/python3.6/site-packages/airflow/example_dags/example_latest_only.py
[2021-09-21 01:22:08,932] {processor.py:623} INFO - DAG(s) dict_keys(['latest_only']) retrieved from /home/airflow/.local/lib/python3.6/site-packages/airflow/example_dags/example_latest_only.py
[2021-09-21 01:22:08,961] {logging_mixin.py:109} INFO - [2021-09-21 01:22:08,961] {dag.py:1834} INFO - Sync 1 DAGs
[2021-09-21 01:22:08,980] {logging_mixin.py:109} INFO - [2021-09-21 01:22:08,980] {dag.py:2287} INFO - Setting next_dagrun for latest_only to 2021-09-19 00:00:00+00:00
[2021-09-21 01:22:08,995] {processor.py:170} INFO - Processing /home/airflow/.local/lib/python3.6/site-packages/airflow/example_dags/example_latest_only.py took 0.087 seconds
[2021-09-21 01:22:39,407] {processor.py:162} INFO - Started process (PID=878) to work on /home/airflow/.local/lib/python3.6/site-packages/airflow/example_dags/example_latest_only.py
[2021-09-21 01:22:39,409] {processor.py:613} INFO - Processing file /home/airflow/.local/lib/python3.6/site-packages/airflow/example_dags/example_latest_only.py for tasks to queue
[2021-09-21 01:22:39,410] {logging_mixin.py:109} INFO - [2021-09-21 01:22:39,410] {dagbag.py:496} INFO - Filling up the DagBag from /home/airflow/.local/lib/python3.6/site-packages/airflow/example_dags/example_latest_only.py
[2021-09-21 01:22:39,427] {processor.py:623} INFO - DAG(s) dict_keys(['latest_only']) retrieved from /home/airflow/.local/lib/python3.6/site-packages/airflow/example_dags/example_latest_only.py
[2021-09-21 01:22:39,456] {logging_mixin.py:109} INFO - [2021-09-21 01:22:39,456] {dag.py:1834} INFO - Sync 1 DAGs
[2021-09-21 01:22:39,475] {logging_mixin.py:109} INFO - [2021-09-21 01:22:39,474] {dag.py:2287} INFO - Setting next_dagrun for latest_only to 2021-09-19 00:00:00+00:00
[2021-09-21 01:22:39,488] {processor.py:170} INFO - Processing /home/airflow/.local/lib/python3.6/site-packages/airflow/example_dags/example_latest_only.py took 0.085 seconds
[2021-09-21 01:23:09,716] {processor.py:162} INFO - Started process (PID=931) to work on /home/airflow/.local/lib/python3.6/site-packages/airflow/example_dags/example_latest_only.py
[2021-09-21 01:23:09,719] {processor.py:613} INFO - Processing file /home/airflow/.local/lib/python3.6/site-packages/airflow/example_dags/example_latest_only.py for tasks to queue
[2021-09-21 01:23:09,721] {logging_mixin.py:109} INFO - [2021-09-21 01:23:09,720] {dagbag.py:496} INFO - Filling up the DagBag from /home/airflow/.local/lib/python3.6/site-packages/airflow/example_dags/example_latest_only.py
[2021-09-21 01:23:09,736] {processor.py:623} INFO - DAG(s) dict_keys(['latest_only']) retrieved from /home/airflow/.local/lib/python3.6/site-packages/airflow/example_dags/example_latest_only.py
[2021-09-21 01:23:09,767] {logging_mixin.py:109} INFO - [2021-09-21 01:23:09,766] {dag.py:1834} INFO - Sync 1 DAGs
[2021-09-21 01:23:09,788] {logging_mixin.py:109} INFO - [2021-09-21 01:23:09,788] {dag.py:2287} INFO - Setting next_dagrun for latest_only to 2021-09-19 00:00:00+00:00
[2021-09-21 01:23:09,803] {processor.py:170} INFO - Processing /home/airflow/.local/lib/python3.6/site-packages/airflow/example_dags/example_latest_only.py took 0.091 seconds
[2021-09-21 01:23:39,974] {processor.py:162} INFO - Started process (PID=984) to work on /home/airflow/.local/lib/python3.6/site-packages/airflow/example_dags/example_latest_only.py
[2021-09-21 01:23:39,978] {processor.py:613} INFO - Processing file /home/airflow/.local/lib/python3.6/site-packages/airflow/example_dags/example_latest_only.py for tasks to queue
[2021-09-21 01:23:39,981] {logging_mixin.py:109} INFO - [2021-09-21 01:23:39,980] {dagbag.py:496} INFO - Filling up the DagBag from /home/airflow/.local/lib/python3.6/site-packages/airflow/example_dags/example_latest_only.py
[2021-09-21 01:23:40,005] {processor.py:623} INFO - DAG(s) dict_keys(['latest_only']) retrieved from /home/airflow/.local/lib/python3.6/site-packages/airflow/example_dags/example_latest_only.py
[2021-09-21 01:23:40,057] {logging_mixin.py:109} INFO - [2021-09-21 01:23:40,057] {dag.py:1834} INFO - Sync 1 DAGs
[2021-09-21 01:23:40,091] {logging_mixin.py:109} INFO - [2021-09-21 01:23:40,091] {dag.py:2287} INFO - Setting next_dagrun for latest_only to 2021-09-19 00:00:00+00:00
[2021-09-21 01:23:40,114] {processor.py:170} INFO - Processing /home/airflow/.local/lib/python3.6/site-packages/airflow/example_dags/example_latest_only.py took 0.148 seconds
[2021-09-21 01:24:10,828] {processor.py:162} INFO - Started process (PID=1037) to work on /home/airflow/.local/lib/python3.6/site-packages/airflow/example_dags/example_latest_only.py
[2021-09-21 01:24:10,830] {processor.py:613} INFO - Processing file /home/airflow/.local/lib/python3.6/site-packages/airflow/example_dags/example_latest_only.py for tasks to queue
[2021-09-21 01:24:10,832] {logging_mixin.py:109} INFO - [2021-09-21 01:24:10,832] {dagbag.py:496} INFO - Filling up the DagBag from /home/airflow/.local/lib/python3.6/site-packages/airflow/example_dags/example_latest_only.py
[2021-09-21 01:24:10,845] {processor.py:623} INFO - DAG(s) dict_keys(['latest_only']) retrieved from /home/airflow/.local/lib/python3.6/site-packages/airflow/example_dags/example_latest_only.py
[2021-09-21 01:24:10,870] {logging_mixin.py:109} INFO - [2021-09-21 01:24:10,870] {dag.py:1834} INFO - Sync 1 DAGs
[2021-09-21 01:24:10,886] {logging_mixin.py:109} INFO - [2021-09-21 01:24:10,886] {dag.py:2287} INFO - Setting next_dagrun for latest_only to 2021-09-19 00:00:00+00:00
[2021-09-21 01:24:10,898] {processor.py:170} INFO - Processing /home/airflow/.local/lib/python3.6/site-packages/airflow/example_dags/example_latest_only.py took 0.075 seconds
[2021-09-21 01:24:41,778] {processor.py:162} INFO - Started process (PID=1100) to work on /home/airflow/.local/lib/python3.6/site-packages/airflow/example_dags/example_latest_only.py
[2021-09-21 01:24:41,798] {processor.py:613} INFO - Processing file /home/airflow/.local/lib/python3.6/site-packages/airflow/example_dags/example_latest_only.py for tasks to queue
[2021-09-21 01:24:41,807] {logging_mixin.py:109} INFO - [2021-09-21 01:24:41,806] {dagbag.py:496} INFO - Filling up the DagBag from /home/airflow/.local/lib/python3.6/site-packages/airflow/example_dags/example_latest_only.py
[2021-09-21 01:24:41,918] {processor.py:623} INFO - DAG(s) dict_keys(['latest_only']) retrieved from /home/airflow/.local/lib/python3.6/site-packages/airflow/example_dags/example_latest_only.py
[2021-09-21 01:24:42,245] {logging_mixin.py:109} INFO - [2021-09-21 01:24:42,244] {dag.py:1834} INFO - Sync 1 DAGs
[2021-09-21 01:24:42,471] {logging_mixin.py:109} INFO - [2021-09-21 01:24:42,470] {dag.py:2287} INFO - Setting next_dagrun for latest_only to 2021-09-19 00:00:00+00:00
[2021-09-21 01:24:42,525] {processor.py:170} INFO - Processing /home/airflow/.local/lib/python3.6/site-packages/airflow/example_dags/example_latest_only.py took 0.881 seconds
[2021-09-21 01:25:18,477] {processor.py:162} INFO - Started process (PID=1153) to work on /home/airflow/.local/lib/python3.6/site-packages/airflow/example_dags/example_latest_only.py
[2021-09-21 01:25:18,503] {processor.py:613} INFO - Processing file /home/airflow/.local/lib/python3.6/site-packages/airflow/example_dags/example_latest_only.py for tasks to queue
[2021-09-21 01:25:18,549] {logging_mixin.py:109} INFO - [2021-09-21 01:25:18,542] {dagbag.py:496} INFO - Filling up the DagBag from /home/airflow/.local/lib/python3.6/site-packages/airflow/example_dags/example_latest_only.py
[2021-09-21 01:25:19,252] {processor.py:623} INFO - DAG(s) dict_keys(['latest_only']) retrieved from /home/airflow/.local/lib/python3.6/site-packages/airflow/example_dags/example_latest_only.py
[2021-09-21 01:25:22,258] {logging_mixin.py:109} INFO - [2021-09-21 01:25:22,258] {dag.py:1834} INFO - Sync 1 DAGs
[2021-09-21 01:25:22,354] {logging_mixin.py:109} INFO - [2021-09-21 01:25:22,354] {dag.py:2287} INFO - Setting next_dagrun for latest_only to 2021-09-19 00:00:00+00:00
[2021-09-21 01:25:22,417] {processor.py:170} INFO - Processing /home/airflow/.local/lib/python3.6/site-packages/airflow/example_dags/example_latest_only.py took 4.151 seconds
[2021-09-21 01:25:53,016] {processor.py:162} INFO - Started process (PID=1207) to work on /home/airflow/.local/lib/python3.6/site-packages/airflow/example_dags/example_latest_only.py
[2021-09-21 01:25:53,018] {processor.py:613} INFO - Processing file /home/airflow/.local/lib/python3.6/site-packages/airflow/example_dags/example_latest_only.py for tasks to queue
[2021-09-21 01:25:53,020] {logging_mixin.py:109} INFO - [2021-09-21 01:25:53,020] {dagbag.py:496} INFO - Filling up the DagBag from /home/airflow/.local/lib/python3.6/site-packages/airflow/example_dags/example_latest_only.py
[2021-09-21 01:25:53,037] {processor.py:623} INFO - DAG(s) dict_keys(['latest_only']) retrieved from /home/airflow/.local/lib/python3.6/site-packages/airflow/example_dags/example_latest_only.py
[2021-09-21 01:25:53,064] {logging_mixin.py:109} INFO - [2021-09-21 01:25:53,063] {dag.py:1834} INFO - Sync 1 DAGs
[2021-09-21 01:25:53,081] {logging_mixin.py:109} INFO - [2021-09-21 01:25:53,081] {dag.py:2287} INFO - Setting next_dagrun for latest_only to 2021-09-19 00:00:00+00:00
[2021-09-21 01:25:53,095] {processor.py:170} INFO - Processing /home/airflow/.local/lib/python3.6/site-packages/airflow/example_dags/example_latest_only.py took 0.086 seconds
[2021-09-21 01:26:23,395] {processor.py:162} INFO - Started process (PID=1269) to work on /home/airflow/.local/lib/python3.6/site-packages/airflow/example_dags/example_latest_only.py
[2021-09-21 01:26:23,406] {processor.py:613} INFO - Processing file /home/airflow/.local/lib/python3.6/site-packages/airflow/example_dags/example_latest_only.py for tasks to queue
[2021-09-21 01:26:23,418] {logging_mixin.py:109} INFO - [2021-09-21 01:26:23,417] {dagbag.py:496} INFO - Filling up the DagBag from /home/airflow/.local/lib/python3.6/site-packages/airflow/example_dags/example_latest_only.py
[2021-09-21 01:26:23,480] {processor.py:623} INFO - DAG(s) dict_keys(['latest_only']) retrieved from /home/airflow/.local/lib/python3.6/site-packages/airflow/example_dags/example_latest_only.py
[2021-09-21 01:26:23,718] {logging_mixin.py:109} INFO - [2021-09-21 01:26:23,718] {dag.py:1834} INFO - Sync 1 DAGs
[2021-09-21 01:26:23,783] {logging_mixin.py:109} INFO - [2021-09-21 01:26:23,783] {dag.py:2287} INFO - Setting next_dagrun for latest_only to 2021-09-19 00:00:00+00:00
[2021-09-21 01:26:23,829] {processor.py:170} INFO - Processing /home/airflow/.local/lib/python3.6/site-packages/airflow/example_dags/example_latest_only.py took 0.450 seconds
[2021-09-21 01:26:54,003] {processor.py:162} INFO - Started process (PID=1322) to work on /home/airflow/.local/lib/python3.6/site-packages/airflow/example_dags/example_latest_only.py
[2021-09-21 01:26:54,005] {processor.py:613} INFO - Processing file /home/airflow/.local/lib/python3.6/site-packages/airflow/example_dags/example_latest_only.py for tasks to queue
[2021-09-21 01:26:54,006] {logging_mixin.py:109} INFO - [2021-09-21 01:26:54,006] {dagbag.py:496} INFO - Filling up the DagBag from /home/airflow/.local/lib/python3.6/site-packages/airflow/example_dags/example_latest_only.py
[2021-09-21 01:26:54,020] {processor.py:623} INFO - DAG(s) dict_keys(['latest_only']) retrieved from /home/airflow/.local/lib/python3.6/site-packages/airflow/example_dags/example_latest_only.py
[2021-09-21 01:26:54,043] {logging_mixin.py:109} INFO - [2021-09-21 01:26:54,043] {dag.py:1834} INFO - Sync 1 DAGs
[2021-09-21 01:26:54,059] {logging_mixin.py:109} INFO - [2021-09-21 01:26:54,059] {dag.py:2287} INFO - Setting next_dagrun for latest_only to 2021-09-19 00:00:00+00:00
[2021-09-21 01:26:54,072] {processor.py:170} INFO - Processing /home/airflow/.local/lib/python3.6/site-packages/airflow/example_dags/example_latest_only.py took 0.073 seconds
[2021-09-21 01:27:26,243] {processor.py:162} INFO - Started process (PID=1375) to work on /home/airflow/.local/lib/python3.6/site-packages/airflow/example_dags/example_latest_only.py
[2021-09-21 01:27:26,248] {processor.py:613} INFO - Processing file /home/airflow/.local/lib/python3.6/site-packages/airflow/example_dags/example_latest_only.py for tasks to queue
[2021-09-21 01:27:26,250] {logging_mixin.py:109} INFO - [2021-09-21 01:27:26,250] {dagbag.py:496} INFO - Filling up the DagBag from /home/airflow/.local/lib/python3.6/site-packages/airflow/example_dags/example_latest_only.py
[2021-09-21 01:27:26,273] {processor.py:623} INFO - DAG(s) dict_keys(['latest_only']) retrieved from /home/airflow/.local/lib/python3.6/site-packages/airflow/example_dags/example_latest_only.py
[2021-09-21 01:27:26,315] {logging_mixin.py:109} INFO - [2021-09-21 01:27:26,314] {dag.py:1834} INFO - Sync 1 DAGs
[2021-09-21 01:27:26,975] {logging_mixin.py:109} INFO - [2021-09-21 01:27:26,975] {dag.py:2287} INFO - Setting next_dagrun for latest_only to 2021-09-19 00:00:00+00:00
[2021-09-21 01:27:27,061] {processor.py:170} INFO - Processing /home/airflow/.local/lib/python3.6/site-packages/airflow/example_dags/example_latest_only.py took 1.638 seconds
[2021-09-21 01:27:57,563] {processor.py:162} INFO - Started process (PID=1427) to work on /home/airflow/.local/lib/python3.6/site-packages/airflow/example_dags/example_latest_only.py
[2021-09-21 01:27:57,565] {processor.py:613} INFO - Processing file /home/airflow/.local/lib/python3.6/site-packages/airflow/example_dags/example_latest_only.py for tasks to queue
[2021-09-21 01:27:57,567] {logging_mixin.py:109} INFO - [2021-09-21 01:27:57,567] {dagbag.py:496} INFO - Filling up the DagBag from /home/airflow/.local/lib/python3.6/site-packages/airflow/example_dags/example_latest_only.py
[2021-09-21 01:27:57,581] {processor.py:623} INFO - DAG(s) dict_keys(['latest_only']) retrieved from /home/airflow/.local/lib/python3.6/site-packages/airflow/example_dags/example_latest_only.py
[2021-09-21 01:27:57,607] {logging_mixin.py:109} INFO - [2021-09-21 01:27:57,607] {dag.py:1834} INFO - Sync 1 DAGs
[2021-09-21 01:27:57,623] {logging_mixin.py:109} INFO - [2021-09-21 01:27:57,622] {dag.py:2287} INFO - Setting next_dagrun for latest_only to 2021-09-19 00:00:00+00:00
[2021-09-21 01:27:57,635] {processor.py:170} INFO - Processing /home/airflow/.local/lib/python3.6/site-packages/airflow/example_dags/example_latest_only.py took 0.076 seconds
[2021-09-21 01:28:28,349] {processor.py:162} INFO - Started process (PID=1492) to work on /home/airflow/.local/lib/python3.6/site-packages/airflow/example_dags/example_latest_only.py
[2021-09-21 01:28:28,353] {processor.py:613} INFO - Processing file /home/airflow/.local/lib/python3.6/site-packages/airflow/example_dags/example_latest_only.py for tasks to queue
[2021-09-21 01:28:28,355] {logging_mixin.py:109} INFO - [2021-09-21 01:28:28,355] {dagbag.py:496} INFO - Filling up the DagBag from /home/airflow/.local/lib/python3.6/site-packages/airflow/example_dags/example_latest_only.py
[2021-09-21 01:28:28,374] {processor.py:623} INFO - DAG(s) dict_keys(['latest_only']) retrieved from /home/airflow/.local/lib/python3.6/site-packages/airflow/example_dags/example_latest_only.py
[2021-09-21 01:28:28,407] {logging_mixin.py:109} INFO - [2021-09-21 01:28:28,407] {dag.py:1834} INFO - Sync 1 DAGs
[2021-09-21 01:28:28,426] {logging_mixin.py:109} INFO - [2021-09-21 01:28:28,426] {dag.py:2287} INFO - Setting next_dagrun for latest_only to 2021-09-19 00:00:00+00:00
[2021-09-21 01:28:28,442] {processor.py:170} INFO - Processing /home/airflow/.local/lib/python3.6/site-packages/airflow/example_dags/example_latest_only.py took 0.098 seconds
[2021-09-21 01:28:59,045] {processor.py:162} INFO - Started process (PID=1544) to work on /home/airflow/.local/lib/python3.6/site-packages/airflow/example_dags/example_latest_only.py
[2021-09-21 01:28:59,047] {processor.py:613} INFO - Processing file /home/airflow/.local/lib/python3.6/site-packages/airflow/example_dags/example_latest_only.py for tasks to queue
[2021-09-21 01:28:59,049] {logging_mixin.py:109} INFO - [2021-09-21 01:28:59,048] {dagbag.py:496} INFO - Filling up the DagBag from /home/airflow/.local/lib/python3.6/site-packages/airflow/example_dags/example_latest_only.py
[2021-09-21 01:28:59,061] {processor.py:623} INFO - DAG(s) dict_keys(['latest_only']) retrieved from /home/airflow/.local/lib/python3.6/site-packages/airflow/example_dags/example_latest_only.py
[2021-09-21 01:28:59,086] {logging_mixin.py:109} INFO - [2021-09-21 01:28:59,086] {dag.py:1834} INFO - Sync 1 DAGs
[2021-09-21 01:28:59,102] {logging_mixin.py:109} INFO - [2021-09-21 01:28:59,102] {dag.py:2287} INFO - Setting next_dagrun for latest_only to 2021-09-19 00:00:00+00:00
[2021-09-21 01:28:59,113] {processor.py:170} INFO - Processing /home/airflow/.local/lib/python3.6/site-packages/airflow/example_dags/example_latest_only.py took 0.072 seconds
[2021-09-21 01:29:29,965] {processor.py:162} INFO - Started process (PID=1609) to work on /home/airflow/.local/lib/python3.6/site-packages/airflow/example_dags/example_latest_only.py
[2021-09-21 01:29:29,969] {processor.py:613} INFO - Processing file /home/airflow/.local/lib/python3.6/site-packages/airflow/example_dags/example_latest_only.py for tasks to queue
[2021-09-21 01:29:29,972] {logging_mixin.py:109} INFO - [2021-09-21 01:29:29,971] {dagbag.py:496} INFO - Filling up the DagBag from /home/airflow/.local/lib/python3.6/site-packages/airflow/example_dags/example_latest_only.py
[2021-09-21 01:29:29,993] {processor.py:623} INFO - DAG(s) dict_keys(['latest_only']) retrieved from /home/airflow/.local/lib/python3.6/site-packages/airflow/example_dags/example_latest_only.py
[2021-09-21 01:29:30,036] {logging_mixin.py:109} INFO - [2021-09-21 01:29:30,035] {dag.py:1834} INFO - Sync 1 DAGs
[2021-09-21 01:29:30,053] {logging_mixin.py:109} INFO - [2021-09-21 01:29:30,053] {dag.py:2287} INFO - Setting next_dagrun for latest_only to 2021-09-19 00:00:00+00:00
[2021-09-21 01:29:30,067] {processor.py:170} INFO - Processing /home/airflow/.local/lib/python3.6/site-packages/airflow/example_dags/example_latest_only.py took 0.110 seconds
[2021-09-21 01:30:00,264] {processor.py:162} INFO - Started process (PID=1662) to work on /home/airflow/.local/lib/python3.6/site-packages/airflow/example_dags/example_latest_only.py
[2021-09-21 01:30:00,266] {processor.py:613} INFO - Processing file /home/airflow/.local/lib/python3.6/site-packages/airflow/example_dags/example_latest_only.py for tasks to queue
[2021-09-21 01:30:00,268] {logging_mixin.py:109} INFO - [2021-09-21 01:30:00,268] {dagbag.py:496} INFO - Filling up the DagBag from /home/airflow/.local/lib/python3.6/site-packages/airflow/example_dags/example_latest_only.py
[2021-09-21 01:30:00,280] {processor.py:623} INFO - DAG(s) dict_keys(['latest_only']) retrieved from /home/airflow/.local/lib/python3.6/site-packages/airflow/example_dags/example_latest_only.py
[2021-09-21 01:30:00,303] {logging_mixin.py:109} INFO - [2021-09-21 01:30:00,303] {dag.py:1834} INFO - Sync 1 DAGs
[2021-09-21 01:30:00,316] {logging_mixin.py:109} INFO - [2021-09-21 01:30:00,316] {dag.py:2287} INFO - Setting next_dagrun for latest_only to 2021-09-19 00:00:00+00:00
[2021-09-21 01:30:00,326] {processor.py:170} INFO - Processing /home/airflow/.local/lib/python3.6/site-packages/airflow/example_dags/example_latest_only.py took 0.065 seconds
[2021-09-21 01:30:31,131] {processor.py:162} INFO - Started process (PID=1725) to work on /home/airflow/.local/lib/python3.6/site-packages/airflow/example_dags/example_latest_only.py
[2021-09-21 01:30:31,133] {processor.py:613} INFO - Processing file /home/airflow/.local/lib/python3.6/site-packages/airflow/example_dags/example_latest_only.py for tasks to queue
[2021-09-21 01:30:31,134] {logging_mixin.py:109} INFO - [2021-09-21 01:30:31,134] {dagbag.py:496} INFO - Filling up the DagBag from /home/airflow/.local/lib/python3.6/site-packages/airflow/example_dags/example_latest_only.py
[2021-09-21 01:30:31,147] {processor.py:623} INFO - DAG(s) dict_keys(['latest_only']) retrieved from /home/airflow/.local/lib/python3.6/site-packages/airflow/example_dags/example_latest_only.py
[2021-09-21 01:30:31,170] {logging_mixin.py:109} INFO - [2021-09-21 01:30:31,170] {dag.py:1834} INFO - Sync 1 DAGs
[2021-09-21 01:30:31,184] {logging_mixin.py:109} INFO - [2021-09-21 01:30:31,184] {dag.py:2287} INFO - Setting next_dagrun for latest_only to 2021-09-19 00:00:00+00:00
[2021-09-21 01:30:31,198] {processor.py:170} INFO - Processing /home/airflow/.local/lib/python3.6/site-packages/airflow/example_dags/example_latest_only.py took 0.071 seconds
[2021-09-21 01:31:01,301] {processor.py:162} INFO - Started process (PID=1788) to work on /home/airflow/.local/lib/python3.6/site-packages/airflow/example_dags/example_latest_only.py
[2021-09-21 01:31:01,304] {processor.py:613} INFO - Processing file /home/airflow/.local/lib/python3.6/site-packages/airflow/example_dags/example_latest_only.py for tasks to queue
[2021-09-21 01:31:01,305] {logging_mixin.py:109} INFO - [2021-09-21 01:31:01,305] {dagbag.py:496} INFO - Filling up the DagBag from /home/airflow/.local/lib/python3.6/site-packages/airflow/example_dags/example_latest_only.py
[2021-09-21 01:31:01,323] {processor.py:623} INFO - DAG(s) dict_keys(['latest_only']) retrieved from /home/airflow/.local/lib/python3.6/site-packages/airflow/example_dags/example_latest_only.py
[2021-09-21 01:31:01,345] {logging_mixin.py:109} INFO - [2021-09-21 01:31:01,345] {dag.py:1834} INFO - Sync 1 DAGs
[2021-09-21 01:31:01,360] {logging_mixin.py:109} INFO - [2021-09-21 01:31:01,360] {dag.py:2287} INFO - Setting next_dagrun for latest_only to 2021-09-19 00:00:00+00:00
[2021-09-21 01:31:01,371] {processor.py:170} INFO - Processing /home/airflow/.local/lib/python3.6/site-packages/airflow/example_dags/example_latest_only.py took 0.073 seconds
[2021-09-21 01:31:31,573] {processor.py:162} INFO - Started process (PID=1841) to work on /home/airflow/.local/lib/python3.6/site-packages/airflow/example_dags/example_latest_only.py
[2021-09-21 01:31:31,576] {processor.py:613} INFO - Processing file /home/airflow/.local/lib/python3.6/site-packages/airflow/example_dags/example_latest_only.py for tasks to queue
[2021-09-21 01:31:31,577] {logging_mixin.py:109} INFO - [2021-09-21 01:31:31,577] {dagbag.py:496} INFO - Filling up the DagBag from /home/airflow/.local/lib/python3.6/site-packages/airflow/example_dags/example_latest_only.py
[2021-09-21 01:31:31,590] {processor.py:623} INFO - DAG(s) dict_keys(['latest_only']) retrieved from /home/airflow/.local/lib/python3.6/site-packages/airflow/example_dags/example_latest_only.py
[2021-09-21 01:31:31,613] {logging_mixin.py:109} INFO - [2021-09-21 01:31:31,613] {dag.py:1834} INFO - Sync 1 DAGs
[2021-09-21 01:31:31,628] {logging_mixin.py:109} INFO - [2021-09-21 01:31:31,627] {dag.py:2287} INFO - Setting next_dagrun for latest_only to 2021-09-19 00:00:00+00:00
[2021-09-21 01:31:31,638] {processor.py:170} INFO - Processing /home/airflow/.local/lib/python3.6/site-packages/airflow/example_dags/example_latest_only.py took 0.068 seconds
[2021-09-21 01:32:02,550] {processor.py:162} INFO - Started process (PID=1905) to work on /home/airflow/.local/lib/python3.6/site-packages/airflow/example_dags/example_latest_only.py
[2021-09-21 01:32:02,552] {processor.py:613} INFO - Processing file /home/airflow/.local/lib/python3.6/site-packages/airflow/example_dags/example_latest_only.py for tasks to queue
[2021-09-21 01:32:02,553] {logging_mixin.py:109} INFO - [2021-09-21 01:32:02,553] {dagbag.py:496} INFO - Filling up the DagBag from /home/airflow/.local/lib/python3.6/site-packages/airflow/example_dags/example_latest_only.py
[2021-09-21 01:32:02,565] {processor.py:623} INFO - DAG(s) dict_keys(['latest_only']) retrieved from /home/airflow/.local/lib/python3.6/site-packages/airflow/example_dags/example_latest_only.py
[2021-09-21 01:32:02,588] {logging_mixin.py:109} INFO - [2021-09-21 01:32:02,588] {dag.py:1834} INFO - Sync 1 DAGs
[2021-09-21 01:32:02,603] {logging_mixin.py:109} INFO - [2021-09-21 01:32:02,603] {dag.py:2287} INFO - Setting next_dagrun for latest_only to 2021-09-19 00:00:00+00:00
[2021-09-21 01:32:02,615] {processor.py:170} INFO - Processing /home/airflow/.local/lib/python3.6/site-packages/airflow/example_dags/example_latest_only.py took 0.068 seconds
[2021-09-21 01:32:33,201] {processor.py:162} INFO - Started process (PID=1956) to work on /home/airflow/.local/lib/python3.6/site-packages/airflow/example_dags/example_latest_only.py
[2021-09-21 01:32:33,203] {processor.py:613} INFO - Processing file /home/airflow/.local/lib/python3.6/site-packages/airflow/example_dags/example_latest_only.py for tasks to queue
[2021-09-21 01:32:33,204] {logging_mixin.py:109} INFO - [2021-09-21 01:32:33,204] {dagbag.py:496} INFO - Filling up the DagBag from /home/airflow/.local/lib/python3.6/site-packages/airflow/example_dags/example_latest_only.py
[2021-09-21 01:32:33,216] {processor.py:623} INFO - DAG(s) dict_keys(['latest_only']) retrieved from /home/airflow/.local/lib/python3.6/site-packages/airflow/example_dags/example_latest_only.py
[2021-09-21 01:32:33,239] {logging_mixin.py:109} INFO - [2021-09-21 01:32:33,239] {dag.py:1834} INFO - Sync 1 DAGs
[2021-09-21 01:32:33,255] {logging_mixin.py:109} INFO - [2021-09-21 01:32:33,255] {dag.py:2287} INFO - Setting next_dagrun for latest_only to 2021-09-19 00:00:00+00:00
[2021-09-21 01:32:33,266] {processor.py:170} INFO - Processing /home/airflow/.local/lib/python3.6/site-packages/airflow/example_dags/example_latest_only.py took 0.069 seconds
[2021-09-21 01:33:03,905] {processor.py:162} INFO - Started process (PID=2022) to work on /home/airflow/.local/lib/python3.6/site-packages/airflow/example_dags/example_latest_only.py
[2021-09-21 01:33:03,907] {processor.py:613} INFO - Processing file /home/airflow/.local/lib/python3.6/site-packages/airflow/example_dags/example_latest_only.py for tasks to queue
[2021-09-21 01:33:03,909] {logging_mixin.py:109} INFO - [2021-09-21 01:33:03,909] {dagbag.py:496} INFO - Filling up the DagBag from /home/airflow/.local/lib/python3.6/site-packages/airflow/example_dags/example_latest_only.py
[2021-09-21 01:33:03,923] {processor.py:623} INFO - DAG(s) dict_keys(['latest_only']) retrieved from /home/airflow/.local/lib/python3.6/site-packages/airflow/example_dags/example_latest_only.py
[2021-09-21 01:33:03,947] {logging_mixin.py:109} INFO - [2021-09-21 01:33:03,946] {dag.py:1834} INFO - Sync 1 DAGs
[2021-09-21 01:33:03,962] {logging_mixin.py:109} INFO - [2021-09-21 01:33:03,962] {dag.py:2287} INFO - Setting next_dagrun for latest_only to 2021-09-19 00:00:00+00:00
[2021-09-21 01:33:03,976] {processor.py:170} INFO - Processing /home/airflow/.local/lib/python3.6/site-packages/airflow/example_dags/example_latest_only.py took 0.074 seconds
[2021-09-21 01:33:34,665] {processor.py:162} INFO - Started process (PID=2085) to work on /home/airflow/.local/lib/python3.6/site-packages/airflow/example_dags/example_latest_only.py
[2021-09-21 01:33:34,668] {processor.py:613} INFO - Processing file /home/airflow/.local/lib/python3.6/site-packages/airflow/example_dags/example_latest_only.py for tasks to queue
[2021-09-21 01:33:34,670] {logging_mixin.py:109} INFO - [2021-09-21 01:33:34,670] {dagbag.py:496} INFO - Filling up the DagBag from /home/airflow/.local/lib/python3.6/site-packages/airflow/example_dags/example_latest_only.py
[2021-09-21 01:33:34,687] {processor.py:623} INFO - DAG(s) dict_keys(['latest_only']) retrieved from /home/airflow/.local/lib/python3.6/site-packages/airflow/example_dags/example_latest_only.py
[2021-09-21 01:33:34,713] {logging_mixin.py:109} INFO - [2021-09-21 01:33:34,713] {dag.py:1834} INFO - Sync 1 DAGs
[2021-09-21 01:33:34,730] {logging_mixin.py:109} INFO - [2021-09-21 01:33:34,730] {dag.py:2287} INFO - Setting next_dagrun for latest_only to 2021-09-19 00:00:00+00:00
[2021-09-21 01:33:34,742] {processor.py:170} INFO - Processing /home/airflow/.local/lib/python3.6/site-packages/airflow/example_dags/example_latest_only.py took 0.081 seconds
[2021-09-21 01:34:05,446] {processor.py:162} INFO - Started process (PID=2139) to work on /home/airflow/.local/lib/python3.6/site-packages/airflow/example_dags/example_latest_only.py
[2021-09-21 01:34:05,449] {processor.py:613} INFO - Processing file /home/airflow/.local/lib/python3.6/site-packages/airflow/example_dags/example_latest_only.py for tasks to queue
[2021-09-21 01:34:05,451] {logging_mixin.py:109} INFO - [2021-09-21 01:34:05,451] {dagbag.py:496} INFO - Filling up the DagBag from /home/airflow/.local/lib/python3.6/site-packages/airflow/example_dags/example_latest_only.py
[2021-09-21 01:34:05,465] {processor.py:623} INFO - DAG(s) dict_keys(['latest_only']) retrieved from /home/airflow/.local/lib/python3.6/site-packages/airflow/example_dags/example_latest_only.py
[2021-09-21 01:34:05,488] {logging_mixin.py:109} INFO - [2021-09-21 01:34:05,488] {dag.py:1834} INFO - Sync 1 DAGs
[2021-09-21 01:34:05,502] {logging_mixin.py:109} INFO - [2021-09-21 01:34:05,502] {dag.py:2287} INFO - Setting next_dagrun for latest_only to 2021-09-19 00:00:00+00:00
[2021-09-21 01:34:05,513] {processor.py:170} INFO - Processing /home/airflow/.local/lib/python3.6/site-packages/airflow/example_dags/example_latest_only.py took 0.071 seconds
[2021-09-21 01:34:36,059] {processor.py:162} INFO - Started process (PID=2202) to work on /home/airflow/.local/lib/python3.6/site-packages/airflow/example_dags/example_latest_only.py
[2021-09-21 01:34:36,062] {processor.py:613} INFO - Processing file /home/airflow/.local/lib/python3.6/site-packages/airflow/example_dags/example_latest_only.py for tasks to queue
[2021-09-21 01:34:36,063] {logging_mixin.py:109} INFO - [2021-09-21 01:34:36,063] {dagbag.py:496} INFO - Filling up the DagBag from /home/airflow/.local/lib/python3.6/site-packages/airflow/example_dags/example_latest_only.py
[2021-09-21 01:34:36,076] {processor.py:623} INFO - DAG(s) dict_keys(['latest_only']) retrieved from /home/airflow/.local/lib/python3.6/site-packages/airflow/example_dags/example_latest_only.py
[2021-09-21 01:34:36,099] {logging_mixin.py:109} INFO - [2021-09-21 01:34:36,099] {dag.py:1834} INFO - Sync 1 DAGs
[2021-09-21 01:34:36,113] {logging_mixin.py:109} INFO - [2021-09-21 01:34:36,113] {dag.py:2287} INFO - Setting next_dagrun for latest_only to 2021-09-19 00:00:00+00:00
[2021-09-21 01:34:36,122] {processor.py:170} INFO - Processing /home/airflow/.local/lib/python3.6/site-packages/airflow/example_dags/example_latest_only.py took 0.066 seconds
[2021-09-21 01:35:06,425] {processor.py:162} INFO - Started process (PID=2254) to work on /home/airflow/.local/lib/python3.6/site-packages/airflow/example_dags/example_latest_only.py
[2021-09-21 01:35:06,427] {processor.py:613} INFO - Processing file /home/airflow/.local/lib/python3.6/site-packages/airflow/example_dags/example_latest_only.py for tasks to queue
[2021-09-21 01:35:06,428] {logging_mixin.py:109} INFO - [2021-09-21 01:35:06,428] {dagbag.py:496} INFO - Filling up the DagBag from /home/airflow/.local/lib/python3.6/site-packages/airflow/example_dags/example_latest_only.py
[2021-09-21 01:35:06,441] {processor.py:623} INFO - DAG(s) dict_keys(['latest_only']) retrieved from /home/airflow/.local/lib/python3.6/site-packages/airflow/example_dags/example_latest_only.py
[2021-09-21 01:35:06,465] {logging_mixin.py:109} INFO - [2021-09-21 01:35:06,465] {dag.py:1834} INFO - Sync 1 DAGs
[2021-09-21 01:35:06,480] {logging_mixin.py:109} INFO - [2021-09-21 01:35:06,480] {dag.py:2287} INFO - Setting next_dagrun for latest_only to 2021-09-19 00:00:00+00:00
[2021-09-21 01:35:06,491] {processor.py:170} INFO - Processing /home/airflow/.local/lib/python3.6/site-packages/airflow/example_dags/example_latest_only.py took 0.069 seconds
[2021-09-21 01:35:37,055] {processor.py:162} INFO - Started process (PID=2318) to work on /home/airflow/.local/lib/python3.6/site-packages/airflow/example_dags/example_latest_only.py
[2021-09-21 01:35:37,057] {processor.py:613} INFO - Processing file /home/airflow/.local/lib/python3.6/site-packages/airflow/example_dags/example_latest_only.py for tasks to queue
[2021-09-21 01:35:37,059] {logging_mixin.py:109} INFO - [2021-09-21 01:35:37,058] {dagbag.py:496} INFO - Filling up the DagBag from /home/airflow/.local/lib/python3.6/site-packages/airflow/example_dags/example_latest_only.py
[2021-09-21 01:35:37,072] {processor.py:623} INFO - DAG(s) dict_keys(['latest_only']) retrieved from /home/airflow/.local/lib/python3.6/site-packages/airflow/example_dags/example_latest_only.py
[2021-09-21 01:35:37,096] {logging_mixin.py:109} INFO - [2021-09-21 01:35:37,095] {dag.py:1834} INFO - Sync 1 DAGs
[2021-09-21 01:35:37,110] {logging_mixin.py:109} INFO - [2021-09-21 01:35:37,110] {dag.py:2287} INFO - Setting next_dagrun for latest_only to 2021-09-19 00:00:00+00:00
[2021-09-21 01:35:37,122] {processor.py:170} INFO - Processing /home/airflow/.local/lib/python3.6/site-packages/airflow/example_dags/example_latest_only.py took 0.070 seconds
[2021-09-21 01:36:07,950] {processor.py:162} INFO - Started process (PID=2383) to work on /home/airflow/.local/lib/python3.6/site-packages/airflow/example_dags/example_latest_only.py
[2021-09-21 01:36:07,952] {processor.py:613} INFO - Processing file /home/airflow/.local/lib/python3.6/site-packages/airflow/example_dags/example_latest_only.py for tasks to queue
[2021-09-21 01:36:07,955] {logging_mixin.py:109} INFO - [2021-09-21 01:36:07,954] {dagbag.py:496} INFO - Filling up the DagBag from /home/airflow/.local/lib/python3.6/site-packages/airflow/example_dags/example_latest_only.py
[2021-09-21 01:36:07,969] {processor.py:623} INFO - DAG(s) dict_keys(['latest_only']) retrieved from /home/airflow/.local/lib/python3.6/site-packages/airflow/example_dags/example_latest_only.py
[2021-09-21 01:36:07,995] {logging_mixin.py:109} INFO - [2021-09-21 01:36:07,994] {dag.py:1834} INFO - Sync 1 DAGs
[2021-09-21 01:36:08,009] {logging_mixin.py:109} INFO - [2021-09-21 01:36:08,009] {dag.py:2287} INFO - Setting next_dagrun for latest_only to 2021-09-19 00:00:00+00:00
[2021-09-21 01:36:08,021] {processor.py:170} INFO - Processing /home/airflow/.local/lib/python3.6/site-packages/airflow/example_dags/example_latest_only.py took 0.075 seconds
[2021-09-21 01:36:41,987] {processor.py:162} INFO - Started process (PID=2438) to work on /home/airflow/.local/lib/python3.6/site-packages/airflow/example_dags/example_latest_only.py
[2021-09-21 01:36:42,033] {processor.py:613} INFO - Processing file /home/airflow/.local/lib/python3.6/site-packages/airflow/example_dags/example_latest_only.py for tasks to queue
[2021-09-21 01:36:42,098] {logging_mixin.py:109} INFO - [2021-09-21 01:36:42,096] {dagbag.py:496} INFO - Filling up the DagBag from /home/airflow/.local/lib/python3.6/site-packages/airflow/example_dags/example_latest_only.py
[2021-09-21 01:36:42,265] {processor.py:623} INFO - DAG(s) dict_keys(['latest_only']) retrieved from /home/airflow/.local/lib/python3.6/site-packages/airflow/example_dags/example_latest_only.py
[2021-09-21 01:36:42,417] {logging_mixin.py:109} INFO - [2021-09-21 01:36:42,416] {dag.py:1834} INFO - Sync 1 DAGs
[2021-09-21 01:36:42,543] {logging_mixin.py:109} INFO - [2021-09-21 01:36:42,543] {dag.py:2287} INFO - Setting next_dagrun for latest_only to 2021-09-19 00:00:00+00:00
[2021-09-21 01:36:42,582] {processor.py:170} INFO - Processing /home/airflow/.local/lib/python3.6/site-packages/airflow/example_dags/example_latest_only.py took 0.625 seconds
[2021-09-21 01:37:12,731] {processor.py:162} INFO - Started process (PID=2492) to work on /home/airflow/.local/lib/python3.6/site-packages/airflow/example_dags/example_latest_only.py
[2021-09-21 01:37:12,734] {processor.py:613} INFO - Processing file /home/airflow/.local/lib/python3.6/site-packages/airflow/example_dags/example_latest_only.py for tasks to queue
[2021-09-21 01:37:12,735] {logging_mixin.py:109} INFO - [2021-09-21 01:37:12,735] {dagbag.py:496} INFO - Filling up the DagBag from /home/airflow/.local/lib/python3.6/site-packages/airflow/example_dags/example_latest_only.py
[2021-09-21 01:37:12,749] {processor.py:623} INFO - DAG(s) dict_keys(['latest_only']) retrieved from /home/airflow/.local/lib/python3.6/site-packages/airflow/example_dags/example_latest_only.py
[2021-09-21 01:37:12,773] {logging_mixin.py:109} INFO - [2021-09-21 01:37:12,773] {dag.py:1834} INFO - Sync 1 DAGs
[2021-09-21 01:37:12,789] {logging_mixin.py:109} INFO - [2021-09-21 01:37:12,789] {dag.py:2287} INFO - Setting next_dagrun for latest_only to 2021-09-19 00:00:00+00:00
[2021-09-21 01:37:12,803] {processor.py:170} INFO - Processing /home/airflow/.local/lib/python3.6/site-packages/airflow/example_dags/example_latest_only.py took 0.076 seconds
[2021-09-21 01:37:43,743] {processor.py:162} INFO - Started process (PID=2556) to work on /home/airflow/.local/lib/python3.6/site-packages/airflow/example_dags/example_latest_only.py
[2021-09-21 01:37:43,745] {processor.py:613} INFO - Processing file /home/airflow/.local/lib/python3.6/site-packages/airflow/example_dags/example_latest_only.py for tasks to queue
[2021-09-21 01:37:43,746] {logging_mixin.py:109} INFO - [2021-09-21 01:37:43,746] {dagbag.py:496} INFO - Filling up the DagBag from /home/airflow/.local/lib/python3.6/site-packages/airflow/example_dags/example_latest_only.py
[2021-09-21 01:37:43,759] {processor.py:623} INFO - DAG(s) dict_keys(['latest_only']) retrieved from /home/airflow/.local/lib/python3.6/site-packages/airflow/example_dags/example_latest_only.py
[2021-09-21 01:37:43,781] {logging_mixin.py:109} INFO - [2021-09-21 01:37:43,781] {dag.py:1834} INFO - Sync 1 DAGs
[2021-09-21 01:37:43,796] {logging_mixin.py:109} INFO - [2021-09-21 01:37:43,796] {dag.py:2287} INFO - Setting next_dagrun for latest_only to 2021-09-19 00:00:00+00:00
[2021-09-21 01:37:43,806] {processor.py:170} INFO - Processing /home/airflow/.local/lib/python3.6/site-packages/airflow/example_dags/example_latest_only.py took 0.067 seconds
[2021-09-21 01:38:15,464] {processor.py:162} INFO - Started process (PID=2620) to work on /home/airflow/.local/lib/python3.6/site-packages/airflow/example_dags/example_latest_only.py
[2021-09-21 01:38:15,474] {processor.py:613} INFO - Processing file /home/airflow/.local/lib/python3.6/site-packages/airflow/example_dags/example_latest_only.py for tasks to queue
[2021-09-21 01:38:15,481] {logging_mixin.py:109} INFO - [2021-09-21 01:38:15,479] {dagbag.py:496} INFO - Filling up the DagBag from /home/airflow/.local/lib/python3.6/site-packages/airflow/example_dags/example_latest_only.py
[2021-09-21 01:38:15,542] {processor.py:623} INFO - DAG(s) dict_keys(['latest_only']) retrieved from /home/airflow/.local/lib/python3.6/site-packages/airflow/example_dags/example_latest_only.py
[2021-09-21 01:38:15,631] {logging_mixin.py:109} INFO - [2021-09-21 01:38:15,631] {dag.py:1834} INFO - Sync 1 DAGs
[2021-09-21 01:38:15,671] {logging_mixin.py:109} INFO - [2021-09-21 01:38:15,671] {dag.py:2287} INFO - Setting next_dagrun for latest_only to 2021-09-19 00:00:00+00:00
[2021-09-21 01:38:15,702] {processor.py:170} INFO - Processing /home/airflow/.local/lib/python3.6/site-packages/airflow/example_dags/example_latest_only.py took 0.248 seconds
[2021-09-21 01:38:46,042] {processor.py:162} INFO - Started process (PID=2674) to work on /home/airflow/.local/lib/python3.6/site-packages/airflow/example_dags/example_latest_only.py
[2021-09-21 01:38:46,046] {processor.py:613} INFO - Processing file /home/airflow/.local/lib/python3.6/site-packages/airflow/example_dags/example_latest_only.py for tasks to queue
[2021-09-21 01:38:46,049] {logging_mixin.py:109} INFO - [2021-09-21 01:38:46,049] {dagbag.py:496} INFO - Filling up the DagBag from /home/airflow/.local/lib/python3.6/site-packages/airflow/example_dags/example_latest_only.py
[2021-09-21 01:38:46,072] {processor.py:623} INFO - DAG(s) dict_keys(['latest_only']) retrieved from /home/airflow/.local/lib/python3.6/site-packages/airflow/example_dags/example_latest_only.py
[2021-09-21 01:38:46,105] {logging_mixin.py:109} INFO - [2021-09-21 01:38:46,104] {dag.py:1834} INFO - Sync 1 DAGs
[2021-09-21 01:38:46,126] {logging_mixin.py:109} INFO - [2021-09-21 01:38:46,126] {dag.py:2287} INFO - Setting next_dagrun for latest_only to 2021-09-19 00:00:00+00:00
[2021-09-21 01:38:46,141] {processor.py:170} INFO - Processing /home/airflow/.local/lib/python3.6/site-packages/airflow/example_dags/example_latest_only.py took 0.106 seconds
[2021-09-21 01:39:16,214] {processor.py:162} INFO - Started process (PID=2736) to work on /home/airflow/.local/lib/python3.6/site-packages/airflow/example_dags/example_latest_only.py
[2021-09-21 01:39:16,217] {processor.py:613} INFO - Processing file /home/airflow/.local/lib/python3.6/site-packages/airflow/example_dags/example_latest_only.py for tasks to queue
[2021-09-21 01:39:16,219] {logging_mixin.py:109} INFO - [2021-09-21 01:39:16,219] {dagbag.py:496} INFO - Filling up the DagBag from /home/airflow/.local/lib/python3.6/site-packages/airflow/example_dags/example_latest_only.py
[2021-09-21 01:39:16,236] {processor.py:623} INFO - DAG(s) dict_keys(['latest_only']) retrieved from /home/airflow/.local/lib/python3.6/site-packages/airflow/example_dags/example_latest_only.py
[2021-09-21 01:39:16,290] {logging_mixin.py:109} INFO - [2021-09-21 01:39:16,289] {dag.py:1834} INFO - Sync 1 DAGs
[2021-09-21 01:39:16,320] {logging_mixin.py:109} INFO - [2021-09-21 01:39:16,320] {dag.py:2287} INFO - Setting next_dagrun for latest_only to 2021-09-19 00:00:00+00:00
[2021-09-21 01:39:16,343] {processor.py:170} INFO - Processing /home/airflow/.local/lib/python3.6/site-packages/airflow/example_dags/example_latest_only.py took 0.134 seconds
[2021-09-21 01:39:46,511] {processor.py:162} INFO - Started process (PID=2789) to work on /home/airflow/.local/lib/python3.6/site-packages/airflow/example_dags/example_latest_only.py
[2021-09-21 01:39:46,513] {processor.py:613} INFO - Processing file /home/airflow/.local/lib/python3.6/site-packages/airflow/example_dags/example_latest_only.py for tasks to queue
[2021-09-21 01:39:46,515] {logging_mixin.py:109} INFO - [2021-09-21 01:39:46,515] {dagbag.py:496} INFO - Filling up the DagBag from /home/airflow/.local/lib/python3.6/site-packages/airflow/example_dags/example_latest_only.py
[2021-09-21 01:39:46,530] {processor.py:623} INFO - DAG(s) dict_keys(['latest_only']) retrieved from /home/airflow/.local/lib/python3.6/site-packages/airflow/example_dags/example_latest_only.py
[2021-09-21 01:39:46,558] {logging_mixin.py:109} INFO - [2021-09-21 01:39:46,558] {dag.py:1834} INFO - Sync 1 DAGs
[2021-09-21 01:39:46,576] {logging_mixin.py:109} INFO - [2021-09-21 01:39:46,576] {dag.py:2287} INFO - Setting next_dagrun for latest_only to 2021-09-19 00:00:00+00:00
[2021-09-21 01:39:46,593] {processor.py:170} INFO - Processing /home/airflow/.local/lib/python3.6/site-packages/airflow/example_dags/example_latest_only.py took 0.086 seconds
[2021-09-21 01:40:17,550] {processor.py:162} INFO - Started process (PID=2853) to work on /home/airflow/.local/lib/python3.6/site-packages/airflow/example_dags/example_latest_only.py
[2021-09-21 01:40:17,552] {processor.py:613} INFO - Processing file /home/airflow/.local/lib/python3.6/site-packages/airflow/example_dags/example_latest_only.py for tasks to queue
[2021-09-21 01:40:17,553] {logging_mixin.py:109} INFO - [2021-09-21 01:40:17,553] {dagbag.py:496} INFO - Filling up the DagBag from /home/airflow/.local/lib/python3.6/site-packages/airflow/example_dags/example_latest_only.py
[2021-09-21 01:40:17,568] {processor.py:623} INFO - DAG(s) dict_keys(['latest_only']) retrieved from /home/airflow/.local/lib/python3.6/site-packages/airflow/example_dags/example_latest_only.py
[2021-09-21 01:40:17,599] {logging_mixin.py:109} INFO - [2021-09-21 01:40:17,599] {dag.py:1834} INFO - Sync 1 DAGs
[2021-09-21 01:40:17,619] {logging_mixin.py:109} INFO - [2021-09-21 01:40:17,619] {dag.py:2287} INFO - Setting next_dagrun for latest_only to 2021-09-19 00:00:00+00:00
[2021-09-21 01:40:17,632] {processor.py:170} INFO - Processing /home/airflow/.local/lib/python3.6/site-packages/airflow/example_dags/example_latest_only.py took 0.086 seconds
[2021-09-21 01:40:48,365] {processor.py:162} INFO - Started process (PID=2905) to work on /home/airflow/.local/lib/python3.6/site-packages/airflow/example_dags/example_latest_only.py
[2021-09-21 01:40:48,368] {processor.py:613} INFO - Processing file /home/airflow/.local/lib/python3.6/site-packages/airflow/example_dags/example_latest_only.py for tasks to queue
[2021-09-21 01:40:48,370] {logging_mixin.py:109} INFO - [2021-09-21 01:40:48,370] {dagbag.py:496} INFO - Filling up the DagBag from /home/airflow/.local/lib/python3.6/site-packages/airflow/example_dags/example_latest_only.py
[2021-09-21 01:40:48,382] {processor.py:623} INFO - DAG(s) dict_keys(['latest_only']) retrieved from /home/airflow/.local/lib/python3.6/site-packages/airflow/example_dags/example_latest_only.py
[2021-09-21 01:40:48,406] {logging_mixin.py:109} INFO - [2021-09-21 01:40:48,406] {dag.py:1834} INFO - Sync 1 DAGs
[2021-09-21 01:40:48,420] {logging_mixin.py:109} INFO - [2021-09-21 01:40:48,420] {dag.py:2287} INFO - Setting next_dagrun for latest_only to 2021-09-19 00:00:00+00:00
[2021-09-21 01:40:48,429] {processor.py:170} INFO - Processing /home/airflow/.local/lib/python3.6/site-packages/airflow/example_dags/example_latest_only.py took 0.068 seconds
[2021-09-21 01:41:19,219] {processor.py:162} INFO - Started process (PID=2969) to work on /home/airflow/.local/lib/python3.6/site-packages/airflow/example_dags/example_latest_only.py
[2021-09-21 01:41:19,221] {processor.py:613} INFO - Processing file /home/airflow/.local/lib/python3.6/site-packages/airflow/example_dags/example_latest_only.py for tasks to queue
[2021-09-21 01:41:19,223] {logging_mixin.py:109} INFO - [2021-09-21 01:41:19,222] {dagbag.py:496} INFO - Filling up the DagBag from /home/airflow/.local/lib/python3.6/site-packages/airflow/example_dags/example_latest_only.py
[2021-09-21 01:41:19,235] {processor.py:623} INFO - DAG(s) dict_keys(['latest_only']) retrieved from /home/airflow/.local/lib/python3.6/site-packages/airflow/example_dags/example_latest_only.py
[2021-09-21 01:41:19,262] {logging_mixin.py:109} INFO - [2021-09-21 01:41:19,262] {dag.py:1834} INFO - Sync 1 DAGs
[2021-09-21 01:41:19,277] {logging_mixin.py:109} INFO - [2021-09-21 01:41:19,277] {dag.py:2287} INFO - Setting next_dagrun for latest_only to 2021-09-19 00:00:00+00:00
[2021-09-21 01:41:19,288] {processor.py:170} INFO - Processing /home/airflow/.local/lib/python3.6/site-packages/airflow/example_dags/example_latest_only.py took 0.072 seconds
[2021-09-21 01:41:49,503] {processor.py:162} INFO - Started process (PID=3034) to work on /home/airflow/.local/lib/python3.6/site-packages/airflow/example_dags/example_latest_only.py
[2021-09-21 01:41:49,505] {processor.py:613} INFO - Processing file /home/airflow/.local/lib/python3.6/site-packages/airflow/example_dags/example_latest_only.py for tasks to queue
[2021-09-21 01:41:49,506] {logging_mixin.py:109} INFO - [2021-09-21 01:41:49,506] {dagbag.py:496} INFO - Filling up the DagBag from /home/airflow/.local/lib/python3.6/site-packages/airflow/example_dags/example_latest_only.py
[2021-09-21 01:41:49,518] {processor.py:623} INFO - DAG(s) dict_keys(['latest_only']) retrieved from /home/airflow/.local/lib/python3.6/site-packages/airflow/example_dags/example_latest_only.py
[2021-09-21 01:41:49,541] {logging_mixin.py:109} INFO - [2021-09-21 01:41:49,541] {dag.py:1834} INFO - Sync 1 DAGs
[2021-09-21 01:41:49,554] {logging_mixin.py:109} INFO - [2021-09-21 01:41:49,553] {dag.py:2287} INFO - Setting next_dagrun for latest_only to 2021-09-19 00:00:00+00:00
[2021-09-21 01:41:49,563] {processor.py:170} INFO - Processing /home/airflow/.local/lib/python3.6/site-packages/airflow/example_dags/example_latest_only.py took 0.063 seconds
[2021-09-21 01:42:19,609] {processor.py:162} INFO - Started process (PID=3089) to work on /home/airflow/.local/lib/python3.6/site-packages/airflow/example_dags/example_latest_only.py
[2021-09-21 01:42:19,611] {processor.py:613} INFO - Processing file /home/airflow/.local/lib/python3.6/site-packages/airflow/example_dags/example_latest_only.py for tasks to queue
[2021-09-21 01:42:19,613] {logging_mixin.py:109} INFO - [2021-09-21 01:42:19,612] {dagbag.py:496} INFO - Filling up the DagBag from /home/airflow/.local/lib/python3.6/site-packages/airflow/example_dags/example_latest_only.py
[2021-09-21 01:42:19,626] {processor.py:623} INFO - DAG(s) dict_keys(['latest_only']) retrieved from /home/airflow/.local/lib/python3.6/site-packages/airflow/example_dags/example_latest_only.py
[2021-09-21 01:42:19,649] {logging_mixin.py:109} INFO - [2021-09-21 01:42:19,649] {dag.py:1834} INFO - Sync 1 DAGs
[2021-09-21 01:42:19,664] {logging_mixin.py:109} INFO - [2021-09-21 01:42:19,664] {dag.py:2287} INFO - Setting next_dagrun for latest_only to 2021-09-19 00:00:00+00:00
[2021-09-21 01:42:19,675] {processor.py:170} INFO - Processing /home/airflow/.local/lib/python3.6/site-packages/airflow/example_dags/example_latest_only.py took 0.071 seconds
[2021-09-21 01:42:49,871] {processor.py:162} INFO - Started process (PID=3154) to work on /home/airflow/.local/lib/python3.6/site-packages/airflow/example_dags/example_latest_only.py
[2021-09-21 01:42:49,873] {processor.py:613} INFO - Processing file /home/airflow/.local/lib/python3.6/site-packages/airflow/example_dags/example_latest_only.py for tasks to queue
[2021-09-21 01:42:49,874] {logging_mixin.py:109} INFO - [2021-09-21 01:42:49,874] {dagbag.py:496} INFO - Filling up the DagBag from /home/airflow/.local/lib/python3.6/site-packages/airflow/example_dags/example_latest_only.py
[2021-09-21 01:42:49,886] {processor.py:623} INFO - DAG(s) dict_keys(['latest_only']) retrieved from /home/airflow/.local/lib/python3.6/site-packages/airflow/example_dags/example_latest_only.py
[2021-09-21 01:42:49,909] {logging_mixin.py:109} INFO - [2021-09-21 01:42:49,909] {dag.py:1834} INFO - Sync 1 DAGs
[2021-09-21 01:42:49,924] {logging_mixin.py:109} INFO - [2021-09-21 01:42:49,924] {dag.py:2287} INFO - Setting next_dagrun for latest_only to 2021-09-19 00:00:00+00:00
[2021-09-21 01:42:49,935] {processor.py:170} INFO - Processing /home/airflow/.local/lib/python3.6/site-packages/airflow/example_dags/example_latest_only.py took 0.068 seconds
[2021-09-21 01:43:25,057] {processor.py:162} INFO - Started process (PID=3219) to work on /home/airflow/.local/lib/python3.6/site-packages/airflow/example_dags/example_latest_only.py
[2021-09-21 01:43:25,061] {processor.py:613} INFO - Processing file /home/airflow/.local/lib/python3.6/site-packages/airflow/example_dags/example_latest_only.py for tasks to queue
[2021-09-21 01:43:25,063] {logging_mixin.py:109} INFO - [2021-09-21 01:43:25,063] {dagbag.py:496} INFO - Filling up the DagBag from /home/airflow/.local/lib/python3.6/site-packages/airflow/example_dags/example_latest_only.py
[2021-09-21 01:43:25,089] {processor.py:623} INFO - DAG(s) dict_keys(['latest_only']) retrieved from /home/airflow/.local/lib/python3.6/site-packages/airflow/example_dags/example_latest_only.py
[2021-09-21 01:43:25,144] {logging_mixin.py:109} INFO - [2021-09-21 01:43:25,144] {dag.py:1834} INFO - Sync 1 DAGs
[2021-09-21 01:43:25,178] {logging_mixin.py:109} INFO - [2021-09-21 01:43:25,177] {dag.py:2287} INFO - Setting next_dagrun for latest_only to 2021-09-19 00:00:00+00:00
[2021-09-21 01:43:25,198] {processor.py:170} INFO - Processing /home/airflow/.local/lib/python3.6/site-packages/airflow/example_dags/example_latest_only.py took 0.147 seconds
[2021-09-21 01:43:56,230] {processor.py:162} INFO - Started process (PID=3276) to work on /home/airflow/.local/lib/python3.6/site-packages/airflow/example_dags/example_latest_only.py
[2021-09-21 01:43:56,233] {processor.py:613} INFO - Processing file /home/airflow/.local/lib/python3.6/site-packages/airflow/example_dags/example_latest_only.py for tasks to queue
[2021-09-21 01:43:56,235] {logging_mixin.py:109} INFO - [2021-09-21 01:43:56,235] {dagbag.py:496} INFO - Filling up the DagBag from /home/airflow/.local/lib/python3.6/site-packages/airflow/example_dags/example_latest_only.py
[2021-09-21 01:43:56,249] {processor.py:623} INFO - DAG(s) dict_keys(['latest_only']) retrieved from /home/airflow/.local/lib/python3.6/site-packages/airflow/example_dags/example_latest_only.py
[2021-09-21 01:43:56,275] {logging_mixin.py:109} INFO - [2021-09-21 01:43:56,275] {dag.py:1834} INFO - Sync 1 DAGs
[2021-09-21 01:43:56,291] {logging_mixin.py:109} INFO - [2021-09-21 01:43:56,291] {dag.py:2287} INFO - Setting next_dagrun for latest_only to 2021-09-19 00:00:00+00:00
[2021-09-21 01:43:56,303] {processor.py:170} INFO - Processing /home/airflow/.local/lib/python3.6/site-packages/airflow/example_dags/example_latest_only.py took 0.076 seconds
[2021-09-21 01:44:26,937] {processor.py:162} INFO - Started process (PID=3340) to work on /home/airflow/.local/lib/python3.6/site-packages/airflow/example_dags/example_latest_only.py
[2021-09-21 01:44:26,939] {processor.py:613} INFO - Processing file /home/airflow/.local/lib/python3.6/site-packages/airflow/example_dags/example_latest_only.py for tasks to queue
[2021-09-21 01:44:26,941] {logging_mixin.py:109} INFO - [2021-09-21 01:44:26,940] {dagbag.py:496} INFO - Filling up the DagBag from /home/airflow/.local/lib/python3.6/site-packages/airflow/example_dags/example_latest_only.py
[2021-09-21 01:44:26,956] {processor.py:623} INFO - DAG(s) dict_keys(['latest_only']) retrieved from /home/airflow/.local/lib/python3.6/site-packages/airflow/example_dags/example_latest_only.py
[2021-09-21 01:44:26,981] {logging_mixin.py:109} INFO - [2021-09-21 01:44:26,981] {dag.py:1834} INFO - Sync 1 DAGs
[2021-09-21 01:44:26,999] {logging_mixin.py:109} INFO - [2021-09-21 01:44:26,999] {dag.py:2287} INFO - Setting next_dagrun for latest_only to 2021-09-19 00:00:00+00:00
[2021-09-21 01:44:27,010] {processor.py:170} INFO - Processing /home/airflow/.local/lib/python3.6/site-packages/airflow/example_dags/example_latest_only.py took 0.078 seconds
[2021-09-21 01:44:57,162] {processor.py:162} INFO - Started process (PID=3392) to work on /home/airflow/.local/lib/python3.6/site-packages/airflow/example_dags/example_latest_only.py
[2021-09-21 01:44:57,164] {processor.py:613} INFO - Processing file /home/airflow/.local/lib/python3.6/site-packages/airflow/example_dags/example_latest_only.py for tasks to queue
[2021-09-21 01:44:57,165] {logging_mixin.py:109} INFO - [2021-09-21 01:44:57,165] {dagbag.py:496} INFO - Filling up the DagBag from /home/airflow/.local/lib/python3.6/site-packages/airflow/example_dags/example_latest_only.py
[2021-09-21 01:44:57,178] {processor.py:623} INFO - DAG(s) dict_keys(['latest_only']) retrieved from /home/airflow/.local/lib/python3.6/site-packages/airflow/example_dags/example_latest_only.py
[2021-09-21 01:44:57,202] {logging_mixin.py:109} INFO - [2021-09-21 01:44:57,201] {dag.py:1834} INFO - Sync 1 DAGs
[2021-09-21 01:44:57,218] {logging_mixin.py:109} INFO - [2021-09-21 01:44:57,218] {dag.py:2287} INFO - Setting next_dagrun for latest_only to 2021-09-19 00:00:00+00:00
[2021-09-21 01:44:57,229] {processor.py:170} INFO - Processing /home/airflow/.local/lib/python3.6/site-packages/airflow/example_dags/example_latest_only.py took 0.070 seconds
[2021-09-21 01:45:28,091] {processor.py:162} INFO - Started process (PID=3458) to work on /home/airflow/.local/lib/python3.6/site-packages/airflow/example_dags/example_latest_only.py
[2021-09-21 01:45:28,093] {processor.py:613} INFO - Processing file /home/airflow/.local/lib/python3.6/site-packages/airflow/example_dags/example_latest_only.py for tasks to queue
[2021-09-21 01:45:28,094] {logging_mixin.py:109} INFO - [2021-09-21 01:45:28,094] {dagbag.py:496} INFO - Filling up the DagBag from /home/airflow/.local/lib/python3.6/site-packages/airflow/example_dags/example_latest_only.py
[2021-09-21 01:45:28,109] {processor.py:623} INFO - DAG(s) dict_keys(['latest_only']) retrieved from /home/airflow/.local/lib/python3.6/site-packages/airflow/example_dags/example_latest_only.py
[2021-09-21 01:45:28,136] {logging_mixin.py:109} INFO - [2021-09-21 01:45:28,136] {dag.py:1834} INFO - Sync 1 DAGs
[2021-09-21 01:45:28,156] {logging_mixin.py:109} INFO - [2021-09-21 01:45:28,156] {dag.py:2287} INFO - Setting next_dagrun for latest_only to 2021-09-19 00:00:00+00:00
[2021-09-21 01:45:28,167] {processor.py:170} INFO - Processing /home/airflow/.local/lib/python3.6/site-packages/airflow/example_dags/example_latest_only.py took 0.083 seconds
[2021-09-21 01:45:58,884] {processor.py:162} INFO - Started process (PID=3521) to work on /home/airflow/.local/lib/python3.6/site-packages/airflow/example_dags/example_latest_only.py
[2021-09-21 01:45:58,886] {processor.py:613} INFO - Processing file /home/airflow/.local/lib/python3.6/site-packages/airflow/example_dags/example_latest_only.py for tasks to queue
[2021-09-21 01:45:58,887] {logging_mixin.py:109} INFO - [2021-09-21 01:45:58,887] {dagbag.py:496} INFO - Filling up the DagBag from /home/airflow/.local/lib/python3.6/site-packages/airflow/example_dags/example_latest_only.py
[2021-09-21 01:45:58,900] {processor.py:623} INFO - DAG(s) dict_keys(['latest_only']) retrieved from /home/airflow/.local/lib/python3.6/site-packages/airflow/example_dags/example_latest_only.py
[2021-09-21 01:45:58,923] {logging_mixin.py:109} INFO - [2021-09-21 01:45:58,922] {dag.py:1834} INFO - Sync 1 DAGs
[2021-09-21 01:45:58,937] {logging_mixin.py:109} INFO - [2021-09-21 01:45:58,937] {dag.py:2287} INFO - Setting next_dagrun for latest_only to 2021-09-19 00:00:00+00:00
[2021-09-21 01:45:58,948] {processor.py:170} INFO - Processing /home/airflow/.local/lib/python3.6/site-packages/airflow/example_dags/example_latest_only.py took 0.068 seconds
[2021-09-21 01:46:30,173] {processor.py:162} INFO - Started process (PID=3584) to work on /home/airflow/.local/lib/python3.6/site-packages/airflow/example_dags/example_latest_only.py
[2021-09-21 01:46:30,175] {processor.py:613} INFO - Processing file /home/airflow/.local/lib/python3.6/site-packages/airflow/example_dags/example_latest_only.py for tasks to queue
[2021-09-21 01:46:30,177] {logging_mixin.py:109} INFO - [2021-09-21 01:46:30,177] {dagbag.py:496} INFO - Filling up the DagBag from /home/airflow/.local/lib/python3.6/site-packages/airflow/example_dags/example_latest_only.py
[2021-09-21 01:46:30,190] {processor.py:623} INFO - DAG(s) dict_keys(['latest_only']) retrieved from /home/airflow/.local/lib/python3.6/site-packages/airflow/example_dags/example_latest_only.py
[2021-09-21 01:46:30,219] {logging_mixin.py:109} INFO - [2021-09-21 01:46:30,218] {dag.py:1834} INFO - Sync 1 DAGs
[2021-09-21 01:46:30,236] {logging_mixin.py:109} INFO - [2021-09-21 01:46:30,236] {dag.py:2287} INFO - Setting next_dagrun for latest_only to 2021-09-19 00:00:00+00:00
[2021-09-21 01:46:30,249] {processor.py:170} INFO - Processing /home/airflow/.local/lib/python3.6/site-packages/airflow/example_dags/example_latest_only.py took 0.081 seconds
[2021-09-21 01:47:01,442] {processor.py:162} INFO - Started process (PID=3640) to work on /home/airflow/.local/lib/python3.6/site-packages/airflow/example_dags/example_latest_only.py
[2021-09-21 01:47:01,448] {processor.py:613} INFO - Processing file /home/airflow/.local/lib/python3.6/site-packages/airflow/example_dags/example_latest_only.py for tasks to queue
[2021-09-21 01:47:01,450] {logging_mixin.py:109} INFO - [2021-09-21 01:47:01,450] {dagbag.py:496} INFO - Filling up the DagBag from /home/airflow/.local/lib/python3.6/site-packages/airflow/example_dags/example_latest_only.py
[2021-09-21 01:47:01,467] {processor.py:623} INFO - DAG(s) dict_keys(['latest_only']) retrieved from /home/airflow/.local/lib/python3.6/site-packages/airflow/example_dags/example_latest_only.py
[2021-09-21 01:47:01,499] {logging_mixin.py:109} INFO - [2021-09-21 01:47:01,499] {dag.py:1834} INFO - Sync 1 DAGs
[2021-09-21 01:47:01,520] {logging_mixin.py:109} INFO - [2021-09-21 01:47:01,520] {dag.py:2287} INFO - Setting next_dagrun for latest_only to 2021-09-19 00:00:00+00:00
[2021-09-21 01:47:01,536] {processor.py:170} INFO - Processing /home/airflow/.local/lib/python3.6/site-packages/airflow/example_dags/example_latest_only.py took 0.099 seconds
[2021-09-21 01:47:31,756] {processor.py:162} INFO - Started process (PID=3706) to work on /home/airflow/.local/lib/python3.6/site-packages/airflow/example_dags/example_latest_only.py
[2021-09-21 01:47:31,759] {processor.py:613} INFO - Processing file /home/airflow/.local/lib/python3.6/site-packages/airflow/example_dags/example_latest_only.py for tasks to queue
[2021-09-21 01:47:31,761] {logging_mixin.py:109} INFO - [2021-09-21 01:47:31,761] {dagbag.py:496} INFO - Filling up the DagBag from /home/airflow/.local/lib/python3.6/site-packages/airflow/example_dags/example_latest_only.py
[2021-09-21 01:47:31,777] {processor.py:623} INFO - DAG(s) dict_keys(['latest_only']) retrieved from /home/airflow/.local/lib/python3.6/site-packages/airflow/example_dags/example_latest_only.py
[2021-09-21 01:47:31,836] {logging_mixin.py:109} INFO - [2021-09-21 01:47:31,835] {dag.py:1834} INFO - Sync 1 DAGs
[2021-09-21 01:47:31,864] {logging_mixin.py:109} INFO - [2021-09-21 01:47:31,864] {dag.py:2287} INFO - Setting next_dagrun for latest_only to 2021-09-19 00:00:00+00:00
[2021-09-21 01:47:31,882] {processor.py:170} INFO - Processing /home/airflow/.local/lib/python3.6/site-packages/airflow/example_dags/example_latest_only.py took 0.131 seconds
[2021-09-21 01:48:02,735] {processor.py:162} INFO - Started process (PID=3758) to work on /home/airflow/.local/lib/python3.6/site-packages/airflow/example_dags/example_latest_only.py
[2021-09-21 01:48:02,737] {processor.py:613} INFO - Processing file /home/airflow/.local/lib/python3.6/site-packages/airflow/example_dags/example_latest_only.py for tasks to queue
[2021-09-21 01:48:02,739] {logging_mixin.py:109} INFO - [2021-09-21 01:48:02,739] {dagbag.py:496} INFO - Filling up the DagBag from /home/airflow/.local/lib/python3.6/site-packages/airflow/example_dags/example_latest_only.py
[2021-09-21 01:48:02,754] {processor.py:623} INFO - DAG(s) dict_keys(['latest_only']) retrieved from /home/airflow/.local/lib/python3.6/site-packages/airflow/example_dags/example_latest_only.py
[2021-09-21 01:48:02,782] {logging_mixin.py:109} INFO - [2021-09-21 01:48:02,782] {dag.py:1834} INFO - Sync 1 DAGs
[2021-09-21 01:48:02,798] {logging_mixin.py:109} INFO - [2021-09-21 01:48:02,798] {dag.py:2287} INFO - Setting next_dagrun for latest_only to 2021-09-19 00:00:00+00:00
[2021-09-21 01:48:02,814] {processor.py:170} INFO - Processing /home/airflow/.local/lib/python3.6/site-packages/airflow/example_dags/example_latest_only.py took 0.082 seconds
[2021-09-21 01:48:33,038] {processor.py:162} INFO - Started process (PID=3823) to work on /home/airflow/.local/lib/python3.6/site-packages/airflow/example_dags/example_latest_only.py
[2021-09-21 01:48:33,040] {processor.py:613} INFO - Processing file /home/airflow/.local/lib/python3.6/site-packages/airflow/example_dags/example_latest_only.py for tasks to queue
[2021-09-21 01:48:33,041] {logging_mixin.py:109} INFO - [2021-09-21 01:48:33,041] {dagbag.py:496} INFO - Filling up the DagBag from /home/airflow/.local/lib/python3.6/site-packages/airflow/example_dags/example_latest_only.py
[2021-09-21 01:48:33,058] {processor.py:623} INFO - DAG(s) dict_keys(['latest_only']) retrieved from /home/airflow/.local/lib/python3.6/site-packages/airflow/example_dags/example_latest_only.py
[2021-09-21 01:48:33,082] {logging_mixin.py:109} INFO - [2021-09-21 01:48:33,082] {dag.py:1834} INFO - Sync 1 DAGs
[2021-09-21 01:48:33,100] {logging_mixin.py:109} INFO - [2021-09-21 01:48:33,099] {dag.py:2287} INFO - Setting next_dagrun for latest_only to 2021-09-19 00:00:00+00:00
[2021-09-21 01:48:33,114] {processor.py:170} INFO - Processing /home/airflow/.local/lib/python3.6/site-packages/airflow/example_dags/example_latest_only.py took 0.080 seconds
[2021-09-21 01:49:03,284] {processor.py:162} INFO - Started process (PID=3875) to work on /home/airflow/.local/lib/python3.6/site-packages/airflow/example_dags/example_latest_only.py
[2021-09-21 01:49:03,287] {processor.py:613} INFO - Processing file /home/airflow/.local/lib/python3.6/site-packages/airflow/example_dags/example_latest_only.py for tasks to queue
[2021-09-21 01:49:03,288] {logging_mixin.py:109} INFO - [2021-09-21 01:49:03,288] {dagbag.py:496} INFO - Filling up the DagBag from /home/airflow/.local/lib/python3.6/site-packages/airflow/example_dags/example_latest_only.py
[2021-09-21 01:49:03,301] {processor.py:623} INFO - DAG(s) dict_keys(['latest_only']) retrieved from /home/airflow/.local/lib/python3.6/site-packages/airflow/example_dags/example_latest_only.py
[2021-09-21 01:49:03,327] {logging_mixin.py:109} INFO - [2021-09-21 01:49:03,326] {dag.py:1834} INFO - Sync 1 DAGs
[2021-09-21 01:49:03,343] {logging_mixin.py:109} INFO - [2021-09-21 01:49:03,343] {dag.py:2287} INFO - Setting next_dagrun for latest_only to 2021-09-19 00:00:00+00:00
[2021-09-21 01:49:03,358] {processor.py:170} INFO - Processing /home/airflow/.local/lib/python3.6/site-packages/airflow/example_dags/example_latest_only.py took 0.077 seconds
[2021-09-21 01:49:33,669] {processor.py:162} INFO - Started process (PID=3938) to work on /home/airflow/.local/lib/python3.6/site-packages/airflow/example_dags/example_latest_only.py
[2021-09-21 01:49:33,671] {processor.py:613} INFO - Processing file /home/airflow/.local/lib/python3.6/site-packages/airflow/example_dags/example_latest_only.py for tasks to queue
[2021-09-21 01:49:33,673] {logging_mixin.py:109} INFO - [2021-09-21 01:49:33,673] {dagbag.py:496} INFO - Filling up the DagBag from /home/airflow/.local/lib/python3.6/site-packages/airflow/example_dags/example_latest_only.py
[2021-09-21 01:49:33,687] {processor.py:623} INFO - DAG(s) dict_keys(['latest_only']) retrieved from /home/airflow/.local/lib/python3.6/site-packages/airflow/example_dags/example_latest_only.py
[2021-09-21 01:49:33,714] {logging_mixin.py:109} INFO - [2021-09-21 01:49:33,713] {dag.py:1834} INFO - Sync 1 DAGs
[2021-09-21 01:49:33,731] {logging_mixin.py:109} INFO - [2021-09-21 01:49:33,731] {dag.py:2287} INFO - Setting next_dagrun for latest_only to 2021-09-19 00:00:00+00:00
[2021-09-21 01:49:33,742] {processor.py:170} INFO - Processing /home/airflow/.local/lib/python3.6/site-packages/airflow/example_dags/example_latest_only.py took 0.077 seconds
[2021-09-21 01:50:04,054] {processor.py:162} INFO - Started process (PID=4002) to work on /home/airflow/.local/lib/python3.6/site-packages/airflow/example_dags/example_latest_only.py
[2021-09-21 01:50:04,056] {processor.py:613} INFO - Processing file /home/airflow/.local/lib/python3.6/site-packages/airflow/example_dags/example_latest_only.py for tasks to queue
[2021-09-21 01:50:04,058] {logging_mixin.py:109} INFO - [2021-09-21 01:50:04,058] {dagbag.py:496} INFO - Filling up the DagBag from /home/airflow/.local/lib/python3.6/site-packages/airflow/example_dags/example_latest_only.py
[2021-09-21 01:50:04,073] {processor.py:623} INFO - DAG(s) dict_keys(['latest_only']) retrieved from /home/airflow/.local/lib/python3.6/site-packages/airflow/example_dags/example_latest_only.py
[2021-09-21 01:50:04,101] {logging_mixin.py:109} INFO - [2021-09-21 01:50:04,101] {dag.py:1834} INFO - Sync 1 DAGs
[2021-09-21 01:50:04,118] {logging_mixin.py:109} INFO - [2021-09-21 01:50:04,118] {dag.py:2287} INFO - Setting next_dagrun for latest_only to 2021-09-19 00:00:00+00:00
[2021-09-21 01:50:04,130] {processor.py:170} INFO - Processing /home/airflow/.local/lib/python3.6/site-packages/airflow/example_dags/example_latest_only.py took 0.081 seconds
[2021-09-21 01:50:34,973] {processor.py:162} INFO - Started process (PID=4053) to work on /home/airflow/.local/lib/python3.6/site-packages/airflow/example_dags/example_latest_only.py
[2021-09-21 01:50:34,976] {processor.py:613} INFO - Processing file /home/airflow/.local/lib/python3.6/site-packages/airflow/example_dags/example_latest_only.py for tasks to queue
[2021-09-21 01:50:34,980] {logging_mixin.py:109} INFO - [2021-09-21 01:50:34,980] {dagbag.py:496} INFO - Filling up the DagBag from /home/airflow/.local/lib/python3.6/site-packages/airflow/example_dags/example_latest_only.py
[2021-09-21 01:50:34,996] {processor.py:623} INFO - DAG(s) dict_keys(['latest_only']) retrieved from /home/airflow/.local/lib/python3.6/site-packages/airflow/example_dags/example_latest_only.py
[2021-09-21 01:50:35,031] {logging_mixin.py:109} INFO - [2021-09-21 01:50:35,031] {dag.py:1834} INFO - Sync 1 DAGs
[2021-09-21 01:50:35,051] {logging_mixin.py:109} INFO - [2021-09-21 01:50:35,051] {dag.py:2287} INFO - Setting next_dagrun for latest_only to 2021-09-19 00:00:00+00:00
[2021-09-21 01:50:35,065] {processor.py:170} INFO - Processing /home/airflow/.local/lib/python3.6/site-packages/airflow/example_dags/example_latest_only.py took 0.097 seconds
[2021-09-21 01:51:05,164] {processor.py:162} INFO - Started process (PID=4117) to work on /home/airflow/.local/lib/python3.6/site-packages/airflow/example_dags/example_latest_only.py
[2021-09-21 01:51:05,166] {processor.py:613} INFO - Processing file /home/airflow/.local/lib/python3.6/site-packages/airflow/example_dags/example_latest_only.py for tasks to queue
[2021-09-21 01:51:05,167] {logging_mixin.py:109} INFO - [2021-09-21 01:51:05,167] {dagbag.py:496} INFO - Filling up the DagBag from /home/airflow/.local/lib/python3.6/site-packages/airflow/example_dags/example_latest_only.py
[2021-09-21 01:51:05,179] {processor.py:623} INFO - DAG(s) dict_keys(['latest_only']) retrieved from /home/airflow/.local/lib/python3.6/site-packages/airflow/example_dags/example_latest_only.py
[2021-09-21 01:51:05,199] {logging_mixin.py:109} INFO - [2021-09-21 01:51:05,199] {dag.py:1834} INFO - Sync 1 DAGs
[2021-09-21 01:51:05,213] {logging_mixin.py:109} INFO - [2021-09-21 01:51:05,213] {dag.py:2287} INFO - Setting next_dagrun for latest_only to 2021-09-19 00:00:00+00:00
[2021-09-21 01:51:05,223] {processor.py:170} INFO - Processing /home/airflow/.local/lib/python3.6/site-packages/airflow/example_dags/example_latest_only.py took 0.062 seconds
[2021-09-21 01:51:35,540] {processor.py:162} INFO - Started process (PID=4170) to work on /home/airflow/.local/lib/python3.6/site-packages/airflow/example_dags/example_latest_only.py
[2021-09-21 01:51:35,542] {processor.py:613} INFO - Processing file /home/airflow/.local/lib/python3.6/site-packages/airflow/example_dags/example_latest_only.py for tasks to queue
[2021-09-21 01:51:35,543] {logging_mixin.py:109} INFO - [2021-09-21 01:51:35,543] {dagbag.py:496} INFO - Filling up the DagBag from /home/airflow/.local/lib/python3.6/site-packages/airflow/example_dags/example_latest_only.py
[2021-09-21 01:51:35,559] {processor.py:623} INFO - DAG(s) dict_keys(['latest_only']) retrieved from /home/airflow/.local/lib/python3.6/site-packages/airflow/example_dags/example_latest_only.py
[2021-09-21 01:51:35,584] {logging_mixin.py:109} INFO - [2021-09-21 01:51:35,584] {dag.py:1834} INFO - Sync 1 DAGs
[2021-09-21 01:51:35,599] {logging_mixin.py:109} INFO - [2021-09-21 01:51:35,599] {dag.py:2287} INFO - Setting next_dagrun for latest_only to 2021-09-19 00:00:00+00:00
[2021-09-21 01:51:35,611] {processor.py:170} INFO - Processing /home/airflow/.local/lib/python3.6/site-packages/airflow/example_dags/example_latest_only.py took 0.075 seconds
[2021-09-21 01:52:05,931] {processor.py:162} INFO - Started process (PID=4233) to work on /home/airflow/.local/lib/python3.6/site-packages/airflow/example_dags/example_latest_only.py
[2021-09-21 01:52:05,936] {processor.py:613} INFO - Processing file /home/airflow/.local/lib/python3.6/site-packages/airflow/example_dags/example_latest_only.py for tasks to queue
[2021-09-21 01:52:05,937] {logging_mixin.py:109} INFO - [2021-09-21 01:52:05,937] {dagbag.py:496} INFO - Filling up the DagBag from /home/airflow/.local/lib/python3.6/site-packages/airflow/example_dags/example_latest_only.py
[2021-09-21 01:52:05,952] {processor.py:623} INFO - DAG(s) dict_keys(['latest_only']) retrieved from /home/airflow/.local/lib/python3.6/site-packages/airflow/example_dags/example_latest_only.py
[2021-09-21 01:52:05,979] {logging_mixin.py:109} INFO - [2021-09-21 01:52:05,979] {dag.py:1834} INFO - Sync 1 DAGs
[2021-09-21 01:52:05,998] {logging_mixin.py:109} INFO - [2021-09-21 01:52:05,998] {dag.py:2287} INFO - Setting next_dagrun for latest_only to 2021-09-19 00:00:00+00:00
[2021-09-21 01:52:06,014] {processor.py:170} INFO - Processing /home/airflow/.local/lib/python3.6/site-packages/airflow/example_dags/example_latest_only.py took 0.090 seconds
[2021-09-21 01:52:36,176] {processor.py:162} INFO - Started process (PID=4288) to work on /home/airflow/.local/lib/python3.6/site-packages/airflow/example_dags/example_latest_only.py
[2021-09-21 01:52:36,178] {processor.py:613} INFO - Processing file /home/airflow/.local/lib/python3.6/site-packages/airflow/example_dags/example_latest_only.py for tasks to queue
[2021-09-21 01:52:36,179] {logging_mixin.py:109} INFO - [2021-09-21 01:52:36,179] {dagbag.py:496} INFO - Filling up the DagBag from /home/airflow/.local/lib/python3.6/site-packages/airflow/example_dags/example_latest_only.py
[2021-09-21 01:52:36,194] {processor.py:623} INFO - DAG(s) dict_keys(['latest_only']) retrieved from /home/airflow/.local/lib/python3.6/site-packages/airflow/example_dags/example_latest_only.py
[2021-09-21 01:52:36,217] {logging_mixin.py:109} INFO - [2021-09-21 01:52:36,217] {dag.py:1834} INFO - Sync 1 DAGs
[2021-09-21 01:52:36,233] {logging_mixin.py:109} INFO - [2021-09-21 01:52:36,233] {dag.py:2287} INFO - Setting next_dagrun for latest_only to 2021-09-19 00:00:00+00:00
[2021-09-21 01:52:36,244] {processor.py:170} INFO - Processing /home/airflow/.local/lib/python3.6/site-packages/airflow/example_dags/example_latest_only.py took 0.073 seconds
