[2021-09-21 01:17:23,331] {processor.py:162} INFO - Started process (PID=165) to work on /home/airflow/.local/lib/python3.6/site-packages/airflow/example_dags/example_dag_decorator.py
[2021-09-21 01:17:23,334] {processor.py:613} INFO - Processing file /home/airflow/.local/lib/python3.6/site-packages/airflow/example_dags/example_dag_decorator.py for tasks to queue
[2021-09-21 01:17:23,335] {logging_mixin.py:109} INFO - [2021-09-21 01:17:23,335] {dagbag.py:496} INFO - Filling up the DagBag from /home/airflow/.local/lib/python3.6/site-packages/airflow/example_dags/example_dag_decorator.py
[2021-09-21 01:17:23,385] {processor.py:623} INFO - DAG(s) dict_keys(['example_dag_decorator']) retrieved from /home/airflow/.local/lib/python3.6/site-packages/airflow/example_dags/example_dag_decorator.py
[2021-09-21 01:17:25,646] {logging_mixin.py:109} INFO - [2021-09-21 01:17:25,645] {dag.py:1834} INFO - Sync 1 DAGs
[2021-09-21 01:17:25,659] {logging_mixin.py:109} INFO - [2021-09-21 01:17:25,657] {dag.py:1853} INFO - Creating ORM DAG for example_dag_decorator
[2021-09-21 01:17:25,664] {logging_mixin.py:109} INFO - [2021-09-21 01:17:25,664] {dag.py:2287} INFO - Setting next_dagrun for example_dag_decorator to None
[2021-09-21 01:17:25,677] {processor.py:170} INFO - Processing /home/airflow/.local/lib/python3.6/site-packages/airflow/example_dags/example_dag_decorator.py took 2.350 seconds
[2021-09-21 01:17:56,095] {processor.py:162} INFO - Started process (PID=326) to work on /home/airflow/.local/lib/python3.6/site-packages/airflow/example_dags/example_dag_decorator.py
[2021-09-21 01:17:56,096] {processor.py:613} INFO - Processing file /home/airflow/.local/lib/python3.6/site-packages/airflow/example_dags/example_dag_decorator.py for tasks to queue
[2021-09-21 01:17:56,098] {logging_mixin.py:109} INFO - [2021-09-21 01:17:56,098] {dagbag.py:496} INFO - Filling up the DagBag from /home/airflow/.local/lib/python3.6/site-packages/airflow/example_dags/example_dag_decorator.py
[2021-09-21 01:17:56,120] {processor.py:623} INFO - DAG(s) dict_keys(['example_dag_decorator']) retrieved from /home/airflow/.local/lib/python3.6/site-packages/airflow/example_dags/example_dag_decorator.py
[2021-09-21 01:17:56,274] {logging_mixin.py:109} INFO - [2021-09-21 01:17:56,273] {dag.py:1834} INFO - Sync 1 DAGs
[2021-09-21 01:17:56,284] {logging_mixin.py:109} INFO - [2021-09-21 01:17:56,284] {dag.py:2287} INFO - Setting next_dagrun for example_dag_decorator to None
[2021-09-21 01:17:56,314] {processor.py:170} INFO - Processing /home/airflow/.local/lib/python3.6/site-packages/airflow/example_dags/example_dag_decorator.py took 0.222 seconds
[2021-09-21 01:18:27,077] {processor.py:162} INFO - Started process (PID=378) to work on /home/airflow/.local/lib/python3.6/site-packages/airflow/example_dags/example_dag_decorator.py
[2021-09-21 01:18:27,079] {processor.py:613} INFO - Processing file /home/airflow/.local/lib/python3.6/site-packages/airflow/example_dags/example_dag_decorator.py for tasks to queue
[2021-09-21 01:18:27,080] {logging_mixin.py:109} INFO - [2021-09-21 01:18:27,080] {dagbag.py:496} INFO - Filling up the DagBag from /home/airflow/.local/lib/python3.6/site-packages/airflow/example_dags/example_dag_decorator.py
[2021-09-21 01:18:27,101] {processor.py:623} INFO - DAG(s) dict_keys(['example_dag_decorator']) retrieved from /home/airflow/.local/lib/python3.6/site-packages/airflow/example_dags/example_dag_decorator.py
[2021-09-21 01:18:27,274] {logging_mixin.py:109} INFO - [2021-09-21 01:18:27,274] {dag.py:1834} INFO - Sync 1 DAGs
[2021-09-21 01:18:27,285] {logging_mixin.py:109} INFO - [2021-09-21 01:18:27,285] {dag.py:2287} INFO - Setting next_dagrun for example_dag_decorator to None
[2021-09-21 01:18:27,300] {processor.py:170} INFO - Processing /home/airflow/.local/lib/python3.6/site-packages/airflow/example_dags/example_dag_decorator.py took 0.227 seconds
[2021-09-21 01:18:58,235] {processor.py:162} INFO - Started process (PID=443) to work on /home/airflow/.local/lib/python3.6/site-packages/airflow/example_dags/example_dag_decorator.py
[2021-09-21 01:18:58,237] {processor.py:613} INFO - Processing file /home/airflow/.local/lib/python3.6/site-packages/airflow/example_dags/example_dag_decorator.py for tasks to queue
[2021-09-21 01:18:58,240] {logging_mixin.py:109} INFO - [2021-09-21 01:18:58,239] {dagbag.py:496} INFO - Filling up the DagBag from /home/airflow/.local/lib/python3.6/site-packages/airflow/example_dags/example_dag_decorator.py
[2021-09-21 01:18:58,274] {processor.py:623} INFO - DAG(s) dict_keys(['example_dag_decorator']) retrieved from /home/airflow/.local/lib/python3.6/site-packages/airflow/example_dags/example_dag_decorator.py
[2021-09-21 01:18:58,451] {logging_mixin.py:109} INFO - [2021-09-21 01:18:58,451] {dag.py:1834} INFO - Sync 1 DAGs
[2021-09-21 01:18:58,464] {logging_mixin.py:109} INFO - [2021-09-21 01:18:58,463] {dag.py:2287} INFO - Setting next_dagrun for example_dag_decorator to None
[2021-09-21 01:18:58,473] {processor.py:170} INFO - Processing /home/airflow/.local/lib/python3.6/site-packages/airflow/example_dags/example_dag_decorator.py took 0.245 seconds
[2021-09-21 01:19:29,399] {processor.py:162} INFO - Started process (PID=507) to work on /home/airflow/.local/lib/python3.6/site-packages/airflow/example_dags/example_dag_decorator.py
[2021-09-21 01:19:29,402] {processor.py:613} INFO - Processing file /home/airflow/.local/lib/python3.6/site-packages/airflow/example_dags/example_dag_decorator.py for tasks to queue
[2021-09-21 01:19:29,404] {logging_mixin.py:109} INFO - [2021-09-21 01:19:29,404] {dagbag.py:496} INFO - Filling up the DagBag from /home/airflow/.local/lib/python3.6/site-packages/airflow/example_dags/example_dag_decorator.py
[2021-09-21 01:19:29,426] {processor.py:623} INFO - DAG(s) dict_keys(['example_dag_decorator']) retrieved from /home/airflow/.local/lib/python3.6/site-packages/airflow/example_dags/example_dag_decorator.py
[2021-09-21 01:19:29,605] {logging_mixin.py:109} INFO - [2021-09-21 01:19:29,605] {dag.py:1834} INFO - Sync 1 DAGs
[2021-09-21 01:19:29,617] {logging_mixin.py:109} INFO - [2021-09-21 01:19:29,617] {dag.py:2287} INFO - Setting next_dagrun for example_dag_decorator to None
[2021-09-21 01:19:29,634] {processor.py:170} INFO - Processing /home/airflow/.local/lib/python3.6/site-packages/airflow/example_dags/example_dag_decorator.py took 0.238 seconds
[2021-09-21 01:19:59,779] {processor.py:162} INFO - Started process (PID=560) to work on /home/airflow/.local/lib/python3.6/site-packages/airflow/example_dags/example_dag_decorator.py
[2021-09-21 01:19:59,781] {processor.py:613} INFO - Processing file /home/airflow/.local/lib/python3.6/site-packages/airflow/example_dags/example_dag_decorator.py for tasks to queue
[2021-09-21 01:19:59,783] {logging_mixin.py:109} INFO - [2021-09-21 01:19:59,783] {dagbag.py:496} INFO - Filling up the DagBag from /home/airflow/.local/lib/python3.6/site-packages/airflow/example_dags/example_dag_decorator.py
[2021-09-21 01:19:59,805] {processor.py:623} INFO - DAG(s) dict_keys(['example_dag_decorator']) retrieved from /home/airflow/.local/lib/python3.6/site-packages/airflow/example_dags/example_dag_decorator.py
[2021-09-21 01:19:59,977] {logging_mixin.py:109} INFO - [2021-09-21 01:19:59,977] {dag.py:1834} INFO - Sync 1 DAGs
[2021-09-21 01:19:59,988] {logging_mixin.py:109} INFO - [2021-09-21 01:19:59,988] {dag.py:2287} INFO - Setting next_dagrun for example_dag_decorator to None
[2021-09-21 01:19:59,998] {processor.py:170} INFO - Processing /home/airflow/.local/lib/python3.6/site-packages/airflow/example_dags/example_dag_decorator.py took 0.223 seconds
[2021-09-21 01:20:30,905] {processor.py:162} INFO - Started process (PID=625) to work on /home/airflow/.local/lib/python3.6/site-packages/airflow/example_dags/example_dag_decorator.py
[2021-09-21 01:20:30,907] {processor.py:613} INFO - Processing file /home/airflow/.local/lib/python3.6/site-packages/airflow/example_dags/example_dag_decorator.py for tasks to queue
[2021-09-21 01:20:30,909] {logging_mixin.py:109} INFO - [2021-09-21 01:20:30,909] {dagbag.py:496} INFO - Filling up the DagBag from /home/airflow/.local/lib/python3.6/site-packages/airflow/example_dags/example_dag_decorator.py
[2021-09-21 01:20:30,933] {processor.py:623} INFO - DAG(s) dict_keys(['example_dag_decorator']) retrieved from /home/airflow/.local/lib/python3.6/site-packages/airflow/example_dags/example_dag_decorator.py
[2021-09-21 01:20:30,958] {logging_mixin.py:109} INFO - [2021-09-21 01:20:30,958] {dag.py:1834} INFO - Sync 1 DAGs
[2021-09-21 01:20:30,972] {logging_mixin.py:109} INFO - [2021-09-21 01:20:30,972] {dag.py:2287} INFO - Setting next_dagrun for example_dag_decorator to None
[2021-09-21 01:20:30,982] {processor.py:170} INFO - Processing /home/airflow/.local/lib/python3.6/site-packages/airflow/example_dags/example_dag_decorator.py took 0.081 seconds
[2021-09-21 01:21:01,379] {processor.py:162} INFO - Started process (PID=691) to work on /home/airflow/.local/lib/python3.6/site-packages/airflow/example_dags/example_dag_decorator.py
[2021-09-21 01:21:01,387] {processor.py:613} INFO - Processing file /home/airflow/.local/lib/python3.6/site-packages/airflow/example_dags/example_dag_decorator.py for tasks to queue
[2021-09-21 01:21:01,391] {logging_mixin.py:109} INFO - [2021-09-21 01:21:01,390] {dagbag.py:496} INFO - Filling up the DagBag from /home/airflow/.local/lib/python3.6/site-packages/airflow/example_dags/example_dag_decorator.py
[2021-09-21 01:21:01,534] {processor.py:623} INFO - DAG(s) dict_keys(['example_dag_decorator']) retrieved from /home/airflow/.local/lib/python3.6/site-packages/airflow/example_dags/example_dag_decorator.py
[2021-09-21 01:21:02,257] {logging_mixin.py:109} INFO - [2021-09-21 01:21:02,257] {dag.py:1834} INFO - Sync 1 DAGs
[2021-09-21 01:21:02,296] {logging_mixin.py:109} INFO - [2021-09-21 01:21:02,296] {dag.py:2287} INFO - Setting next_dagrun for example_dag_decorator to None
[2021-09-21 01:21:02,324] {processor.py:170} INFO - Processing /home/airflow/.local/lib/python3.6/site-packages/airflow/example_dags/example_dag_decorator.py took 0.960 seconds
[2021-09-21 01:21:32,474] {processor.py:162} INFO - Started process (PID=744) to work on /home/airflow/.local/lib/python3.6/site-packages/airflow/example_dags/example_dag_decorator.py
[2021-09-21 01:21:32,476] {processor.py:613} INFO - Processing file /home/airflow/.local/lib/python3.6/site-packages/airflow/example_dags/example_dag_decorator.py for tasks to queue
[2021-09-21 01:21:32,479] {logging_mixin.py:109} INFO - [2021-09-21 01:21:32,478] {dagbag.py:496} INFO - Filling up the DagBag from /home/airflow/.local/lib/python3.6/site-packages/airflow/example_dags/example_dag_decorator.py
[2021-09-21 01:21:32,503] {processor.py:623} INFO - DAG(s) dict_keys(['example_dag_decorator']) retrieved from /home/airflow/.local/lib/python3.6/site-packages/airflow/example_dags/example_dag_decorator.py
[2021-09-21 01:21:32,706] {logging_mixin.py:109} INFO - [2021-09-21 01:21:32,706] {dag.py:1834} INFO - Sync 1 DAGs
[2021-09-21 01:21:32,720] {logging_mixin.py:109} INFO - [2021-09-21 01:21:32,720] {dag.py:2287} INFO - Setting next_dagrun for example_dag_decorator to None
[2021-09-21 01:21:32,733] {processor.py:170} INFO - Processing /home/airflow/.local/lib/python3.6/site-packages/airflow/example_dags/example_dag_decorator.py took 0.264 seconds
[2021-09-21 01:22:03,463] {processor.py:162} INFO - Started process (PID=807) to work on /home/airflow/.local/lib/python3.6/site-packages/airflow/example_dags/example_dag_decorator.py
[2021-09-21 01:22:03,467] {processor.py:613} INFO - Processing file /home/airflow/.local/lib/python3.6/site-packages/airflow/example_dags/example_dag_decorator.py for tasks to queue
[2021-09-21 01:22:03,474] {logging_mixin.py:109} INFO - [2021-09-21 01:22:03,473] {dagbag.py:496} INFO - Filling up the DagBag from /home/airflow/.local/lib/python3.6/site-packages/airflow/example_dags/example_dag_decorator.py
[2021-09-21 01:22:03,512] {processor.py:623} INFO - DAG(s) dict_keys(['example_dag_decorator']) retrieved from /home/airflow/.local/lib/python3.6/site-packages/airflow/example_dags/example_dag_decorator.py
[2021-09-21 01:22:03,762] {logging_mixin.py:109} INFO - [2021-09-21 01:22:03,762] {dag.py:1834} INFO - Sync 1 DAGs
[2021-09-21 01:22:03,774] {logging_mixin.py:109} INFO - [2021-09-21 01:22:03,774] {dag.py:2287} INFO - Setting next_dagrun for example_dag_decorator to None
[2021-09-21 01:22:03,785] {processor.py:170} INFO - Processing /home/airflow/.local/lib/python3.6/site-packages/airflow/example_dags/example_dag_decorator.py took 0.328 seconds
[2021-09-21 01:22:33,878] {processor.py:162} INFO - Started process (PID=871) to work on /home/airflow/.local/lib/python3.6/site-packages/airflow/example_dags/example_dag_decorator.py
[2021-09-21 01:22:33,880] {processor.py:613} INFO - Processing file /home/airflow/.local/lib/python3.6/site-packages/airflow/example_dags/example_dag_decorator.py for tasks to queue
[2021-09-21 01:22:33,881] {logging_mixin.py:109} INFO - [2021-09-21 01:22:33,881] {dagbag.py:496} INFO - Filling up the DagBag from /home/airflow/.local/lib/python3.6/site-packages/airflow/example_dags/example_dag_decorator.py
[2021-09-21 01:22:33,903] {processor.py:623} INFO - DAG(s) dict_keys(['example_dag_decorator']) retrieved from /home/airflow/.local/lib/python3.6/site-packages/airflow/example_dags/example_dag_decorator.py
[2021-09-21 01:22:34,161] {logging_mixin.py:109} INFO - [2021-09-21 01:22:34,160] {dag.py:1834} INFO - Sync 1 DAGs
[2021-09-21 01:22:34,183] {logging_mixin.py:109} INFO - [2021-09-21 01:22:34,183] {dag.py:2287} INFO - Setting next_dagrun for example_dag_decorator to None
[2021-09-21 01:22:34,205] {processor.py:170} INFO - Processing /home/airflow/.local/lib/python3.6/site-packages/airflow/example_dags/example_dag_decorator.py took 0.332 seconds
[2021-09-21 01:23:04,576] {processor.py:162} INFO - Started process (PID=924) to work on /home/airflow/.local/lib/python3.6/site-packages/airflow/example_dags/example_dag_decorator.py
[2021-09-21 01:23:04,580] {processor.py:613} INFO - Processing file /home/airflow/.local/lib/python3.6/site-packages/airflow/example_dags/example_dag_decorator.py for tasks to queue
[2021-09-21 01:23:04,584] {logging_mixin.py:109} INFO - [2021-09-21 01:23:04,582] {dagbag.py:496} INFO - Filling up the DagBag from /home/airflow/.local/lib/python3.6/site-packages/airflow/example_dags/example_dag_decorator.py
[2021-09-21 01:23:04,681] {processor.py:623} INFO - DAG(s) dict_keys(['example_dag_decorator']) retrieved from /home/airflow/.local/lib/python3.6/site-packages/airflow/example_dags/example_dag_decorator.py
[2021-09-21 01:23:05,023] {logging_mixin.py:109} INFO - [2021-09-21 01:23:05,023] {dag.py:1834} INFO - Sync 1 DAGs
[2021-09-21 01:23:05,069] {logging_mixin.py:109} INFO - [2021-09-21 01:23:05,069] {dag.py:2287} INFO - Setting next_dagrun for example_dag_decorator to None
[2021-09-21 01:23:05,100] {processor.py:170} INFO - Processing /home/airflow/.local/lib/python3.6/site-packages/airflow/example_dags/example_dag_decorator.py took 0.534 seconds
[2021-09-21 01:23:35,448] {processor.py:162} INFO - Started process (PID=966) to work on /home/airflow/.local/lib/python3.6/site-packages/airflow/example_dags/example_dag_decorator.py
[2021-09-21 01:23:35,456] {processor.py:613} INFO - Processing file /home/airflow/.local/lib/python3.6/site-packages/airflow/example_dags/example_dag_decorator.py for tasks to queue
[2021-09-21 01:23:35,460] {logging_mixin.py:109} INFO - [2021-09-21 01:23:35,459] {dagbag.py:496} INFO - Filling up the DagBag from /home/airflow/.local/lib/python3.6/site-packages/airflow/example_dags/example_dag_decorator.py
[2021-09-21 01:23:35,537] {processor.py:623} INFO - DAG(s) dict_keys(['example_dag_decorator']) retrieved from /home/airflow/.local/lib/python3.6/site-packages/airflow/example_dags/example_dag_decorator.py
[2021-09-21 01:23:36,011] {logging_mixin.py:109} INFO - [2021-09-21 01:23:36,011] {dag.py:1834} INFO - Sync 1 DAGs
[2021-09-21 01:23:36,063] {logging_mixin.py:109} INFO - [2021-09-21 01:23:36,063] {dag.py:2287} INFO - Setting next_dagrun for example_dag_decorator to None
[2021-09-21 01:23:36,093] {processor.py:170} INFO - Processing /home/airflow/.local/lib/python3.6/site-packages/airflow/example_dags/example_dag_decorator.py took 0.656 seconds
[2021-09-21 01:24:06,334] {processor.py:162} INFO - Started process (PID=1030) to work on /home/airflow/.local/lib/python3.6/site-packages/airflow/example_dags/example_dag_decorator.py
[2021-09-21 01:24:06,336] {processor.py:613} INFO - Processing file /home/airflow/.local/lib/python3.6/site-packages/airflow/example_dags/example_dag_decorator.py for tasks to queue
[2021-09-21 01:24:06,338] {logging_mixin.py:109} INFO - [2021-09-21 01:24:06,338] {dagbag.py:496} INFO - Filling up the DagBag from /home/airflow/.local/lib/python3.6/site-packages/airflow/example_dags/example_dag_decorator.py
[2021-09-21 01:24:06,363] {processor.py:623} INFO - DAG(s) dict_keys(['example_dag_decorator']) retrieved from /home/airflow/.local/lib/python3.6/site-packages/airflow/example_dags/example_dag_decorator.py
[2021-09-21 01:24:06,561] {logging_mixin.py:109} INFO - [2021-09-21 01:24:06,561] {dag.py:1834} INFO - Sync 1 DAGs
[2021-09-21 01:24:06,574] {logging_mixin.py:109} INFO - [2021-09-21 01:24:06,574] {dag.py:2287} INFO - Setting next_dagrun for example_dag_decorator to None
[2021-09-21 01:24:06,587] {processor.py:170} INFO - Processing /home/airflow/.local/lib/python3.6/site-packages/airflow/example_dags/example_dag_decorator.py took 0.261 seconds
[2021-09-21 01:24:37,345] {processor.py:162} INFO - Started process (PID=1082) to work on /home/airflow/.local/lib/python3.6/site-packages/airflow/example_dags/example_dag_decorator.py
[2021-09-21 01:24:37,352] {processor.py:613} INFO - Processing file /home/airflow/.local/lib/python3.6/site-packages/airflow/example_dags/example_dag_decorator.py for tasks to queue
[2021-09-21 01:24:37,358] {logging_mixin.py:109} INFO - [2021-09-21 01:24:37,358] {dagbag.py:496} INFO - Filling up the DagBag from /home/airflow/.local/lib/python3.6/site-packages/airflow/example_dags/example_dag_decorator.py
[2021-09-21 01:24:37,412] {processor.py:623} INFO - DAG(s) dict_keys(['example_dag_decorator']) retrieved from /home/airflow/.local/lib/python3.6/site-packages/airflow/example_dags/example_dag_decorator.py
[2021-09-21 01:24:38,047] {logging_mixin.py:109} INFO - [2021-09-21 01:24:38,046] {dag.py:1834} INFO - Sync 1 DAGs
[2021-09-21 01:24:38,088] {logging_mixin.py:109} INFO - [2021-09-21 01:24:38,088] {dag.py:2287} INFO - Setting next_dagrun for example_dag_decorator to None
[2021-09-21 01:24:38,120] {processor.py:170} INFO - Processing /home/airflow/.local/lib/python3.6/site-packages/airflow/example_dags/example_dag_decorator.py took 0.785 seconds
[2021-09-21 01:25:08,821] {processor.py:162} INFO - Started process (PID=1136) to work on /home/airflow/.local/lib/python3.6/site-packages/airflow/example_dags/example_dag_decorator.py
[2021-09-21 01:25:08,825] {processor.py:613} INFO - Processing file /home/airflow/.local/lib/python3.6/site-packages/airflow/example_dags/example_dag_decorator.py for tasks to queue
[2021-09-21 01:25:08,827] {logging_mixin.py:109} INFO - [2021-09-21 01:25:08,826] {dagbag.py:496} INFO - Filling up the DagBag from /home/airflow/.local/lib/python3.6/site-packages/airflow/example_dags/example_dag_decorator.py
[2021-09-21 01:25:08,847] {processor.py:623} INFO - DAG(s) dict_keys(['example_dag_decorator']) retrieved from /home/airflow/.local/lib/python3.6/site-packages/airflow/example_dags/example_dag_decorator.py
[2021-09-21 01:25:09,068] {logging_mixin.py:109} INFO - [2021-09-21 01:25:09,068] {dag.py:1834} INFO - Sync 1 DAGs
[2021-09-21 01:25:09,086] {logging_mixin.py:109} INFO - [2021-09-21 01:25:09,086] {dag.py:2287} INFO - Setting next_dagrun for example_dag_decorator to None
[2021-09-21 01:25:09,109] {processor.py:170} INFO - Processing /home/airflow/.local/lib/python3.6/site-packages/airflow/example_dags/example_dag_decorator.py took 0.292 seconds
[2021-09-21 01:25:39,548] {processor.py:162} INFO - Started process (PID=1189) to work on /home/airflow/.local/lib/python3.6/site-packages/airflow/example_dags/example_dag_decorator.py
[2021-09-21 01:25:39,551] {processor.py:613} INFO - Processing file /home/airflow/.local/lib/python3.6/site-packages/airflow/example_dags/example_dag_decorator.py for tasks to queue
[2021-09-21 01:25:39,554] {logging_mixin.py:109} INFO - [2021-09-21 01:25:39,553] {dagbag.py:496} INFO - Filling up the DagBag from /home/airflow/.local/lib/python3.6/site-packages/airflow/example_dags/example_dag_decorator.py
[2021-09-21 01:25:39,585] {processor.py:623} INFO - DAG(s) dict_keys(['example_dag_decorator']) retrieved from /home/airflow/.local/lib/python3.6/site-packages/airflow/example_dags/example_dag_decorator.py
[2021-09-21 01:25:39,860] {logging_mixin.py:109} INFO - [2021-09-21 01:25:39,860] {dag.py:1834} INFO - Sync 1 DAGs
[2021-09-21 01:25:39,879] {logging_mixin.py:109} INFO - [2021-09-21 01:25:39,879] {dag.py:2287} INFO - Setting next_dagrun for example_dag_decorator to None
[2021-09-21 01:25:39,899] {processor.py:170} INFO - Processing /home/airflow/.local/lib/python3.6/site-packages/airflow/example_dags/example_dag_decorator.py took 0.355 seconds
[2021-09-21 01:26:09,983] {processor.py:162} INFO - Started process (PID=1253) to work on /home/airflow/.local/lib/python3.6/site-packages/airflow/example_dags/example_dag_decorator.py
[2021-09-21 01:26:09,987] {processor.py:613} INFO - Processing file /home/airflow/.local/lib/python3.6/site-packages/airflow/example_dags/example_dag_decorator.py for tasks to queue
[2021-09-21 01:26:09,990] {logging_mixin.py:109} INFO - [2021-09-21 01:26:09,990] {dagbag.py:496} INFO - Filling up the DagBag from /home/airflow/.local/lib/python3.6/site-packages/airflow/example_dags/example_dag_decorator.py
[2021-09-21 01:26:10,032] {processor.py:623} INFO - DAG(s) dict_keys(['example_dag_decorator']) retrieved from /home/airflow/.local/lib/python3.6/site-packages/airflow/example_dags/example_dag_decorator.py
[2021-09-21 01:26:10,593] {logging_mixin.py:109} INFO - [2021-09-21 01:26:10,592] {dag.py:1834} INFO - Sync 1 DAGs
[2021-09-21 01:26:10,627] {logging_mixin.py:109} INFO - [2021-09-21 01:26:10,626] {dag.py:2287} INFO - Setting next_dagrun for example_dag_decorator to None
[2021-09-21 01:26:10,694] {processor.py:170} INFO - Processing /home/airflow/.local/lib/python3.6/site-packages/airflow/example_dags/example_dag_decorator.py took 0.715 seconds
[2021-09-21 01:26:41,171] {processor.py:162} INFO - Started process (PID=1305) to work on /home/airflow/.local/lib/python3.6/site-packages/airflow/example_dags/example_dag_decorator.py
[2021-09-21 01:26:41,174] {processor.py:613} INFO - Processing file /home/airflow/.local/lib/python3.6/site-packages/airflow/example_dags/example_dag_decorator.py for tasks to queue
[2021-09-21 01:26:41,175] {logging_mixin.py:109} INFO - [2021-09-21 01:26:41,175] {dagbag.py:496} INFO - Filling up the DagBag from /home/airflow/.local/lib/python3.6/site-packages/airflow/example_dags/example_dag_decorator.py
[2021-09-21 01:26:41,200] {processor.py:623} INFO - DAG(s) dict_keys(['example_dag_decorator']) retrieved from /home/airflow/.local/lib/python3.6/site-packages/airflow/example_dags/example_dag_decorator.py
[2021-09-21 01:26:41,471] {logging_mixin.py:109} INFO - [2021-09-21 01:26:41,470] {dag.py:1834} INFO - Sync 1 DAGs
[2021-09-21 01:26:41,491] {logging_mixin.py:109} INFO - [2021-09-21 01:26:41,491] {dag.py:2287} INFO - Setting next_dagrun for example_dag_decorator to None
[2021-09-21 01:26:41,510] {processor.py:170} INFO - Processing /home/airflow/.local/lib/python3.6/site-packages/airflow/example_dags/example_dag_decorator.py took 0.346 seconds
[2021-09-21 01:27:12,037] {processor.py:162} INFO - Started process (PID=1359) to work on /home/airflow/.local/lib/python3.6/site-packages/airflow/example_dags/example_dag_decorator.py
[2021-09-21 01:27:12,039] {processor.py:613} INFO - Processing file /home/airflow/.local/lib/python3.6/site-packages/airflow/example_dags/example_dag_decorator.py for tasks to queue
[2021-09-21 01:27:12,042] {logging_mixin.py:109} INFO - [2021-09-21 01:27:12,042] {dagbag.py:496} INFO - Filling up the DagBag from /home/airflow/.local/lib/python3.6/site-packages/airflow/example_dags/example_dag_decorator.py
[2021-09-21 01:27:12,146] {processor.py:623} INFO - DAG(s) dict_keys(['example_dag_decorator']) retrieved from /home/airflow/.local/lib/python3.6/site-packages/airflow/example_dags/example_dag_decorator.py
[2021-09-21 01:27:13,050] {logging_mixin.py:109} INFO - [2021-09-21 01:27:13,050] {dag.py:1834} INFO - Sync 1 DAGs
[2021-09-21 01:27:13,117] {logging_mixin.py:109} INFO - [2021-09-21 01:27:13,117] {dag.py:2287} INFO - Setting next_dagrun for example_dag_decorator to None
[2021-09-21 01:27:13,404] {processor.py:170} INFO - Processing /home/airflow/.local/lib/python3.6/site-packages/airflow/example_dags/example_dag_decorator.py took 1.371 seconds
[2021-09-21 01:27:44,095] {processor.py:162} INFO - Started process (PID=1410) to work on /home/airflow/.local/lib/python3.6/site-packages/airflow/example_dags/example_dag_decorator.py
[2021-09-21 01:27:44,098] {processor.py:613} INFO - Processing file /home/airflow/.local/lib/python3.6/site-packages/airflow/example_dags/example_dag_decorator.py for tasks to queue
[2021-09-21 01:27:44,099] {logging_mixin.py:109} INFO - [2021-09-21 01:27:44,099] {dagbag.py:496} INFO - Filling up the DagBag from /home/airflow/.local/lib/python3.6/site-packages/airflow/example_dags/example_dag_decorator.py
[2021-09-21 01:27:44,130] {processor.py:623} INFO - DAG(s) dict_keys(['example_dag_decorator']) retrieved from /home/airflow/.local/lib/python3.6/site-packages/airflow/example_dags/example_dag_decorator.py
[2021-09-21 01:27:44,329] {logging_mixin.py:109} INFO - [2021-09-21 01:27:44,329] {dag.py:1834} INFO - Sync 1 DAGs
[2021-09-21 01:27:44,344] {logging_mixin.py:109} INFO - [2021-09-21 01:27:44,344] {dag.py:2287} INFO - Setting next_dagrun for example_dag_decorator to None
[2021-09-21 01:27:44,355] {processor.py:170} INFO - Processing /home/airflow/.local/lib/python3.6/site-packages/airflow/example_dags/example_dag_decorator.py took 0.265 seconds
[2021-09-21 01:28:14,855] {processor.py:162} INFO - Started process (PID=1463) to work on /home/airflow/.local/lib/python3.6/site-packages/airflow/example_dags/example_dag_decorator.py
[2021-09-21 01:28:14,857] {processor.py:613} INFO - Processing file /home/airflow/.local/lib/python3.6/site-packages/airflow/example_dags/example_dag_decorator.py for tasks to queue
[2021-09-21 01:28:14,858] {logging_mixin.py:109} INFO - [2021-09-21 01:28:14,858] {dagbag.py:496} INFO - Filling up the DagBag from /home/airflow/.local/lib/python3.6/site-packages/airflow/example_dags/example_dag_decorator.py
[2021-09-21 01:28:14,880] {processor.py:623} INFO - DAG(s) dict_keys(['example_dag_decorator']) retrieved from /home/airflow/.local/lib/python3.6/site-packages/airflow/example_dags/example_dag_decorator.py
[2021-09-21 01:28:14,908] {logging_mixin.py:109} INFO - [2021-09-21 01:28:14,907] {dag.py:1834} INFO - Sync 1 DAGs
[2021-09-21 01:28:14,924] {logging_mixin.py:109} INFO - [2021-09-21 01:28:14,924] {dag.py:2287} INFO - Setting next_dagrun for example_dag_decorator to None
[2021-09-21 01:28:14,937] {processor.py:170} INFO - Processing /home/airflow/.local/lib/python3.6/site-packages/airflow/example_dags/example_dag_decorator.py took 0.085 seconds
[2021-09-21 01:28:45,684] {processor.py:162} INFO - Started process (PID=1526) to work on /home/airflow/.local/lib/python3.6/site-packages/airflow/example_dags/example_dag_decorator.py
[2021-09-21 01:28:45,687] {processor.py:613} INFO - Processing file /home/airflow/.local/lib/python3.6/site-packages/airflow/example_dags/example_dag_decorator.py for tasks to queue
[2021-09-21 01:28:45,689] {logging_mixin.py:109} INFO - [2021-09-21 01:28:45,689] {dagbag.py:496} INFO - Filling up the DagBag from /home/airflow/.local/lib/python3.6/site-packages/airflow/example_dags/example_dag_decorator.py
[2021-09-21 01:28:45,712] {processor.py:623} INFO - DAG(s) dict_keys(['example_dag_decorator']) retrieved from /home/airflow/.local/lib/python3.6/site-packages/airflow/example_dags/example_dag_decorator.py
[2021-09-21 01:28:45,877] {logging_mixin.py:109} INFO - [2021-09-21 01:28:45,877] {dag.py:1834} INFO - Sync 1 DAGs
[2021-09-21 01:28:45,889] {logging_mixin.py:109} INFO - [2021-09-21 01:28:45,889] {dag.py:2287} INFO - Setting next_dagrun for example_dag_decorator to None
[2021-09-21 01:28:45,901] {processor.py:170} INFO - Processing /home/airflow/.local/lib/python3.6/site-packages/airflow/example_dags/example_dag_decorator.py took 0.221 seconds
[2021-09-21 01:29:16,352] {processor.py:162} INFO - Started process (PID=1591) to work on /home/airflow/.local/lib/python3.6/site-packages/airflow/example_dags/example_dag_decorator.py
[2021-09-21 01:29:16,354] {processor.py:613} INFO - Processing file /home/airflow/.local/lib/python3.6/site-packages/airflow/example_dags/example_dag_decorator.py for tasks to queue
[2021-09-21 01:29:16,356] {logging_mixin.py:109} INFO - [2021-09-21 01:29:16,356] {dagbag.py:496} INFO - Filling up the DagBag from /home/airflow/.local/lib/python3.6/site-packages/airflow/example_dags/example_dag_decorator.py
[2021-09-21 01:29:16,382] {processor.py:623} INFO - DAG(s) dict_keys(['example_dag_decorator']) retrieved from /home/airflow/.local/lib/python3.6/site-packages/airflow/example_dags/example_dag_decorator.py
[2021-09-21 01:29:16,603] {logging_mixin.py:109} INFO - [2021-09-21 01:29:16,603] {dag.py:1834} INFO - Sync 1 DAGs
[2021-09-21 01:29:16,620] {logging_mixin.py:109} INFO - [2021-09-21 01:29:16,620] {dag.py:2287} INFO - Setting next_dagrun for example_dag_decorator to None
[2021-09-21 01:29:16,635] {processor.py:170} INFO - Processing /home/airflow/.local/lib/python3.6/site-packages/airflow/example_dags/example_dag_decorator.py took 0.287 seconds
[2021-09-21 01:29:47,608] {processor.py:162} INFO - Started process (PID=1644) to work on /home/airflow/.local/lib/python3.6/site-packages/airflow/example_dags/example_dag_decorator.py
[2021-09-21 01:29:47,610] {processor.py:613} INFO - Processing file /home/airflow/.local/lib/python3.6/site-packages/airflow/example_dags/example_dag_decorator.py for tasks to queue
[2021-09-21 01:29:47,613] {logging_mixin.py:109} INFO - [2021-09-21 01:29:47,612] {dagbag.py:496} INFO - Filling up the DagBag from /home/airflow/.local/lib/python3.6/site-packages/airflow/example_dags/example_dag_decorator.py
[2021-09-21 01:29:47,631] {processor.py:623} INFO - DAG(s) dict_keys(['example_dag_decorator']) retrieved from /home/airflow/.local/lib/python3.6/site-packages/airflow/example_dags/example_dag_decorator.py
[2021-09-21 01:29:47,811] {logging_mixin.py:109} INFO - [2021-09-21 01:29:47,811] {dag.py:1834} INFO - Sync 1 DAGs
[2021-09-21 01:29:47,824] {logging_mixin.py:109} INFO - [2021-09-21 01:29:47,824] {dag.py:2287} INFO - Setting next_dagrun for example_dag_decorator to None
[2021-09-21 01:29:47,835] {processor.py:170} INFO - Processing /home/airflow/.local/lib/python3.6/site-packages/airflow/example_dags/example_dag_decorator.py took 0.231 seconds
[2021-09-21 01:30:18,733] {processor.py:162} INFO - Started process (PID=1708) to work on /home/airflow/.local/lib/python3.6/site-packages/airflow/example_dags/example_dag_decorator.py
[2021-09-21 01:30:18,736] {processor.py:613} INFO - Processing file /home/airflow/.local/lib/python3.6/site-packages/airflow/example_dags/example_dag_decorator.py for tasks to queue
[2021-09-21 01:30:18,737] {logging_mixin.py:109} INFO - [2021-09-21 01:30:18,737] {dagbag.py:496} INFO - Filling up the DagBag from /home/airflow/.local/lib/python3.6/site-packages/airflow/example_dags/example_dag_decorator.py
[2021-09-21 01:30:18,755] {processor.py:623} INFO - DAG(s) dict_keys(['example_dag_decorator']) retrieved from /home/airflow/.local/lib/python3.6/site-packages/airflow/example_dags/example_dag_decorator.py
[2021-09-21 01:30:18,781] {logging_mixin.py:109} INFO - [2021-09-21 01:30:18,781] {dag.py:1834} INFO - Sync 1 DAGs
[2021-09-21 01:30:18,797] {logging_mixin.py:109} INFO - [2021-09-21 01:30:18,797] {dag.py:2287} INFO - Setting next_dagrun for example_dag_decorator to None
[2021-09-21 01:30:18,809] {processor.py:170} INFO - Processing /home/airflow/.local/lib/python3.6/site-packages/airflow/example_dags/example_dag_decorator.py took 0.078 seconds
[2021-09-21 01:30:49,295] {processor.py:162} INFO - Started process (PID=1770) to work on /home/airflow/.local/lib/python3.6/site-packages/airflow/example_dags/example_dag_decorator.py
[2021-09-21 01:30:49,297] {processor.py:613} INFO - Processing file /home/airflow/.local/lib/python3.6/site-packages/airflow/example_dags/example_dag_decorator.py for tasks to queue
[2021-09-21 01:30:49,298] {logging_mixin.py:109} INFO - [2021-09-21 01:30:49,298] {dagbag.py:496} INFO - Filling up the DagBag from /home/airflow/.local/lib/python3.6/site-packages/airflow/example_dags/example_dag_decorator.py
[2021-09-21 01:30:49,318] {processor.py:623} INFO - DAG(s) dict_keys(['example_dag_decorator']) retrieved from /home/airflow/.local/lib/python3.6/site-packages/airflow/example_dags/example_dag_decorator.py
[2021-09-21 01:30:49,539] {logging_mixin.py:109} INFO - [2021-09-21 01:30:49,539] {dag.py:1834} INFO - Sync 1 DAGs
[2021-09-21 01:30:49,551] {logging_mixin.py:109} INFO - [2021-09-21 01:30:49,551] {dag.py:2287} INFO - Setting next_dagrun for example_dag_decorator to None
[2021-09-21 01:30:49,562] {processor.py:170} INFO - Processing /home/airflow/.local/lib/python3.6/site-packages/airflow/example_dags/example_dag_decorator.py took 0.271 seconds
[2021-09-21 01:31:20,084] {processor.py:162} INFO - Started process (PID=1823) to work on /home/airflow/.local/lib/python3.6/site-packages/airflow/example_dags/example_dag_decorator.py
[2021-09-21 01:31:20,086] {processor.py:613} INFO - Processing file /home/airflow/.local/lib/python3.6/site-packages/airflow/example_dags/example_dag_decorator.py for tasks to queue
[2021-09-21 01:31:20,088] {logging_mixin.py:109} INFO - [2021-09-21 01:31:20,087] {dagbag.py:496} INFO - Filling up the DagBag from /home/airflow/.local/lib/python3.6/site-packages/airflow/example_dags/example_dag_decorator.py
[2021-09-21 01:31:20,111] {processor.py:623} INFO - DAG(s) dict_keys(['example_dag_decorator']) retrieved from /home/airflow/.local/lib/python3.6/site-packages/airflow/example_dags/example_dag_decorator.py
[2021-09-21 01:31:20,275] {logging_mixin.py:109} INFO - [2021-09-21 01:31:20,274] {dag.py:1834} INFO - Sync 1 DAGs
[2021-09-21 01:31:20,285] {logging_mixin.py:109} INFO - [2021-09-21 01:31:20,285] {dag.py:2287} INFO - Setting next_dagrun for example_dag_decorator to None
[2021-09-21 01:31:20,296] {processor.py:170} INFO - Processing /home/airflow/.local/lib/python3.6/site-packages/airflow/example_dags/example_dag_decorator.py took 0.216 seconds
[2021-09-21 01:31:50,931] {processor.py:162} INFO - Started process (PID=1887) to work on /home/airflow/.local/lib/python3.6/site-packages/airflow/example_dags/example_dag_decorator.py
[2021-09-21 01:31:50,933] {processor.py:613} INFO - Processing file /home/airflow/.local/lib/python3.6/site-packages/airflow/example_dags/example_dag_decorator.py for tasks to queue
[2021-09-21 01:31:50,935] {logging_mixin.py:109} INFO - [2021-09-21 01:31:50,934] {dagbag.py:496} INFO - Filling up the DagBag from /home/airflow/.local/lib/python3.6/site-packages/airflow/example_dags/example_dag_decorator.py
[2021-09-21 01:31:50,957] {processor.py:623} INFO - DAG(s) dict_keys(['example_dag_decorator']) retrieved from /home/airflow/.local/lib/python3.6/site-packages/airflow/example_dags/example_dag_decorator.py
[2021-09-21 01:31:51,134] {logging_mixin.py:109} INFO - [2021-09-21 01:31:51,133] {dag.py:1834} INFO - Sync 1 DAGs
[2021-09-21 01:31:51,147] {logging_mixin.py:109} INFO - [2021-09-21 01:31:51,147] {dag.py:2287} INFO - Setting next_dagrun for example_dag_decorator to None
[2021-09-21 01:31:51,157] {processor.py:170} INFO - Processing /home/airflow/.local/lib/python3.6/site-packages/airflow/example_dags/example_dag_decorator.py took 0.230 seconds
[2021-09-21 01:32:21,629] {processor.py:162} INFO - Started process (PID=1939) to work on /home/airflow/.local/lib/python3.6/site-packages/airflow/example_dags/example_dag_decorator.py
[2021-09-21 01:32:21,632] {processor.py:613} INFO - Processing file /home/airflow/.local/lib/python3.6/site-packages/airflow/example_dags/example_dag_decorator.py for tasks to queue
[2021-09-21 01:32:21,633] {logging_mixin.py:109} INFO - [2021-09-21 01:32:21,633] {dagbag.py:496} INFO - Filling up the DagBag from /home/airflow/.local/lib/python3.6/site-packages/airflow/example_dags/example_dag_decorator.py
[2021-09-21 01:32:21,666] {processor.py:623} INFO - DAG(s) dict_keys(['example_dag_decorator']) retrieved from /home/airflow/.local/lib/python3.6/site-packages/airflow/example_dags/example_dag_decorator.py
[2021-09-21 01:32:21,856] {logging_mixin.py:109} INFO - [2021-09-21 01:32:21,856] {dag.py:1834} INFO - Sync 1 DAGs
[2021-09-21 01:32:21,873] {logging_mixin.py:109} INFO - [2021-09-21 01:32:21,873] {dag.py:2287} INFO - Setting next_dagrun for example_dag_decorator to None
[2021-09-21 01:32:21,885] {processor.py:170} INFO - Processing /home/airflow/.local/lib/python3.6/site-packages/airflow/example_dags/example_dag_decorator.py took 0.259 seconds
[2021-09-21 01:32:52,272] {processor.py:162} INFO - Started process (PID=2003) to work on /home/airflow/.local/lib/python3.6/site-packages/airflow/example_dags/example_dag_decorator.py
[2021-09-21 01:32:52,273] {processor.py:613} INFO - Processing file /home/airflow/.local/lib/python3.6/site-packages/airflow/example_dags/example_dag_decorator.py for tasks to queue
[2021-09-21 01:32:52,275] {logging_mixin.py:109} INFO - [2021-09-21 01:32:52,275] {dagbag.py:496} INFO - Filling up the DagBag from /home/airflow/.local/lib/python3.6/site-packages/airflow/example_dags/example_dag_decorator.py
[2021-09-21 01:32:52,296] {processor.py:623} INFO - DAG(s) dict_keys(['example_dag_decorator']) retrieved from /home/airflow/.local/lib/python3.6/site-packages/airflow/example_dags/example_dag_decorator.py
[2021-09-21 01:32:52,474] {logging_mixin.py:109} INFO - [2021-09-21 01:32:52,474] {dag.py:1834} INFO - Sync 1 DAGs
[2021-09-21 01:32:52,485] {logging_mixin.py:109} INFO - [2021-09-21 01:32:52,485] {dag.py:2287} INFO - Setting next_dagrun for example_dag_decorator to None
[2021-09-21 01:32:52,495] {processor.py:170} INFO - Processing /home/airflow/.local/lib/python3.6/site-packages/airflow/example_dags/example_dag_decorator.py took 0.228 seconds
[2021-09-21 01:33:23,056] {processor.py:162} INFO - Started process (PID=2068) to work on /home/airflow/.local/lib/python3.6/site-packages/airflow/example_dags/example_dag_decorator.py
[2021-09-21 01:33:23,058] {processor.py:613} INFO - Processing file /home/airflow/.local/lib/python3.6/site-packages/airflow/example_dags/example_dag_decorator.py for tasks to queue
[2021-09-21 01:33:23,059] {logging_mixin.py:109} INFO - [2021-09-21 01:33:23,059] {dagbag.py:496} INFO - Filling up the DagBag from /home/airflow/.local/lib/python3.6/site-packages/airflow/example_dags/example_dag_decorator.py
[2021-09-21 01:33:23,079] {processor.py:623} INFO - DAG(s) dict_keys(['example_dag_decorator']) retrieved from /home/airflow/.local/lib/python3.6/site-packages/airflow/example_dags/example_dag_decorator.py
[2021-09-21 01:33:23,250] {logging_mixin.py:109} INFO - [2021-09-21 01:33:23,250] {dag.py:1834} INFO - Sync 1 DAGs
[2021-09-21 01:33:23,262] {logging_mixin.py:109} INFO - [2021-09-21 01:33:23,261] {dag.py:2287} INFO - Setting next_dagrun for example_dag_decorator to None
[2021-09-21 01:33:23,272] {processor.py:170} INFO - Processing /home/airflow/.local/lib/python3.6/site-packages/airflow/example_dags/example_dag_decorator.py took 0.220 seconds
[2021-09-21 01:33:53,814] {processor.py:162} INFO - Started process (PID=2121) to work on /home/airflow/.local/lib/python3.6/site-packages/airflow/example_dags/example_dag_decorator.py
[2021-09-21 01:33:53,816] {processor.py:613} INFO - Processing file /home/airflow/.local/lib/python3.6/site-packages/airflow/example_dags/example_dag_decorator.py for tasks to queue
[2021-09-21 01:33:53,818] {logging_mixin.py:109} INFO - [2021-09-21 01:33:53,817] {dagbag.py:496} INFO - Filling up the DagBag from /home/airflow/.local/lib/python3.6/site-packages/airflow/example_dags/example_dag_decorator.py
[2021-09-21 01:33:53,841] {processor.py:623} INFO - DAG(s) dict_keys(['example_dag_decorator']) retrieved from /home/airflow/.local/lib/python3.6/site-packages/airflow/example_dags/example_dag_decorator.py
[2021-09-21 01:33:54,050] {logging_mixin.py:109} INFO - [2021-09-21 01:33:54,050] {dag.py:1834} INFO - Sync 1 DAGs
[2021-09-21 01:33:54,064] {logging_mixin.py:109} INFO - [2021-09-21 01:33:54,064] {dag.py:2287} INFO - Setting next_dagrun for example_dag_decorator to None
[2021-09-21 01:33:54,076] {processor.py:170} INFO - Processing /home/airflow/.local/lib/python3.6/site-packages/airflow/example_dags/example_dag_decorator.py took 0.266 seconds
[2021-09-21 01:34:24,339] {processor.py:162} INFO - Started process (PID=2184) to work on /home/airflow/.local/lib/python3.6/site-packages/airflow/example_dags/example_dag_decorator.py
[2021-09-21 01:34:24,343] {processor.py:613} INFO - Processing file /home/airflow/.local/lib/python3.6/site-packages/airflow/example_dags/example_dag_decorator.py for tasks to queue
[2021-09-21 01:34:24,345] {logging_mixin.py:109} INFO - [2021-09-21 01:34:24,345] {dagbag.py:496} INFO - Filling up the DagBag from /home/airflow/.local/lib/python3.6/site-packages/airflow/example_dags/example_dag_decorator.py
[2021-09-21 01:34:24,369] {processor.py:623} INFO - DAG(s) dict_keys(['example_dag_decorator']) retrieved from /home/airflow/.local/lib/python3.6/site-packages/airflow/example_dags/example_dag_decorator.py
[2021-09-21 01:34:24,627] {logging_mixin.py:109} INFO - [2021-09-21 01:34:24,627] {dag.py:1834} INFO - Sync 1 DAGs
[2021-09-21 01:34:24,643] {logging_mixin.py:109} INFO - [2021-09-21 01:34:24,643] {dag.py:2287} INFO - Setting next_dagrun for example_dag_decorator to None
[2021-09-21 01:34:24,656] {processor.py:170} INFO - Processing /home/airflow/.local/lib/python3.6/site-packages/airflow/example_dags/example_dag_decorator.py took 0.323 seconds
[2021-09-21 01:34:54,734] {processor.py:162} INFO - Started process (PID=2236) to work on /home/airflow/.local/lib/python3.6/site-packages/airflow/example_dags/example_dag_decorator.py
[2021-09-21 01:34:54,736] {processor.py:613} INFO - Processing file /home/airflow/.local/lib/python3.6/site-packages/airflow/example_dags/example_dag_decorator.py for tasks to queue
[2021-09-21 01:34:54,737] {logging_mixin.py:109} INFO - [2021-09-21 01:34:54,737] {dagbag.py:496} INFO - Filling up the DagBag from /home/airflow/.local/lib/python3.6/site-packages/airflow/example_dags/example_dag_decorator.py
[2021-09-21 01:34:54,758] {processor.py:623} INFO - DAG(s) dict_keys(['example_dag_decorator']) retrieved from /home/airflow/.local/lib/python3.6/site-packages/airflow/example_dags/example_dag_decorator.py
[2021-09-21 01:34:54,933] {logging_mixin.py:109} INFO - [2021-09-21 01:34:54,932] {dag.py:1834} INFO - Sync 1 DAGs
[2021-09-21 01:34:54,948] {logging_mixin.py:109} INFO - [2021-09-21 01:34:54,948] {dag.py:2287} INFO - Setting next_dagrun for example_dag_decorator to None
[2021-09-21 01:34:54,958] {processor.py:170} INFO - Processing /home/airflow/.local/lib/python3.6/site-packages/airflow/example_dags/example_dag_decorator.py took 0.228 seconds
[2021-09-21 01:35:25,463] {processor.py:162} INFO - Started process (PID=2300) to work on /home/airflow/.local/lib/python3.6/site-packages/airflow/example_dags/example_dag_decorator.py
[2021-09-21 01:35:25,465] {processor.py:613} INFO - Processing file /home/airflow/.local/lib/python3.6/site-packages/airflow/example_dags/example_dag_decorator.py for tasks to queue
[2021-09-21 01:35:25,467] {logging_mixin.py:109} INFO - [2021-09-21 01:35:25,467] {dagbag.py:496} INFO - Filling up the DagBag from /home/airflow/.local/lib/python3.6/site-packages/airflow/example_dags/example_dag_decorator.py
[2021-09-21 01:35:25,494] {processor.py:623} INFO - DAG(s) dict_keys(['example_dag_decorator']) retrieved from /home/airflow/.local/lib/python3.6/site-packages/airflow/example_dags/example_dag_decorator.py
[2021-09-21 01:35:25,713] {logging_mixin.py:109} INFO - [2021-09-21 01:35:25,713] {dag.py:1834} INFO - Sync 1 DAGs
[2021-09-21 01:35:25,728] {logging_mixin.py:109} INFO - [2021-09-21 01:35:25,728] {dag.py:2287} INFO - Setting next_dagrun for example_dag_decorator to None
[2021-09-21 01:35:25,740] {processor.py:170} INFO - Processing /home/airflow/.local/lib/python3.6/site-packages/airflow/example_dags/example_dag_decorator.py took 0.282 seconds
[2021-09-21 01:35:56,153] {processor.py:162} INFO - Started process (PID=2364) to work on /home/airflow/.local/lib/python3.6/site-packages/airflow/example_dags/example_dag_decorator.py
[2021-09-21 01:35:56,155] {processor.py:613} INFO - Processing file /home/airflow/.local/lib/python3.6/site-packages/airflow/example_dags/example_dag_decorator.py for tasks to queue
[2021-09-21 01:35:56,156] {logging_mixin.py:109} INFO - [2021-09-21 01:35:56,156] {dagbag.py:496} INFO - Filling up the DagBag from /home/airflow/.local/lib/python3.6/site-packages/airflow/example_dags/example_dag_decorator.py
[2021-09-21 01:35:56,177] {processor.py:623} INFO - DAG(s) dict_keys(['example_dag_decorator']) retrieved from /home/airflow/.local/lib/python3.6/site-packages/airflow/example_dags/example_dag_decorator.py
[2021-09-21 01:35:56,338] {logging_mixin.py:109} INFO - [2021-09-21 01:35:56,337] {dag.py:1834} INFO - Sync 1 DAGs
[2021-09-21 01:35:56,349] {logging_mixin.py:109} INFO - [2021-09-21 01:35:56,349] {dag.py:2287} INFO - Setting next_dagrun for example_dag_decorator to None
[2021-09-21 01:35:56,362] {processor.py:170} INFO - Processing /home/airflow/.local/lib/python3.6/site-packages/airflow/example_dags/example_dag_decorator.py took 0.212 seconds
[2021-09-21 01:36:27,658] {processor.py:162} INFO - Started process (PID=2419) to work on /home/airflow/.local/lib/python3.6/site-packages/airflow/example_dags/example_dag_decorator.py
[2021-09-21 01:36:27,669] {processor.py:613} INFO - Processing file /home/airflow/.local/lib/python3.6/site-packages/airflow/example_dags/example_dag_decorator.py for tasks to queue
[2021-09-21 01:36:27,674] {logging_mixin.py:109} INFO - [2021-09-21 01:36:27,674] {dagbag.py:496} INFO - Filling up the DagBag from /home/airflow/.local/lib/python3.6/site-packages/airflow/example_dags/example_dag_decorator.py
[2021-09-21 01:36:27,751] {processor.py:623} INFO - DAG(s) dict_keys(['example_dag_decorator']) retrieved from /home/airflow/.local/lib/python3.6/site-packages/airflow/example_dags/example_dag_decorator.py
[2021-09-21 01:36:28,024] {logging_mixin.py:109} INFO - [2021-09-21 01:36:28,024] {dag.py:1834} INFO - Sync 1 DAGs
[2021-09-21 01:36:28,039] {logging_mixin.py:109} INFO - [2021-09-21 01:36:28,039] {dag.py:2287} INFO - Setting next_dagrun for example_dag_decorator to None
[2021-09-21 01:36:28,059] {processor.py:170} INFO - Processing /home/airflow/.local/lib/python3.6/site-packages/airflow/example_dags/example_dag_decorator.py took 0.414 seconds
[2021-09-21 01:36:58,206] {processor.py:162} INFO - Started process (PID=2474) to work on /home/airflow/.local/lib/python3.6/site-packages/airflow/example_dags/example_dag_decorator.py
[2021-09-21 01:36:58,209] {processor.py:613} INFO - Processing file /home/airflow/.local/lib/python3.6/site-packages/airflow/example_dags/example_dag_decorator.py for tasks to queue
[2021-09-21 01:36:58,211] {logging_mixin.py:109} INFO - [2021-09-21 01:36:58,211] {dagbag.py:496} INFO - Filling up the DagBag from /home/airflow/.local/lib/python3.6/site-packages/airflow/example_dags/example_dag_decorator.py
[2021-09-21 01:36:58,240] {processor.py:623} INFO - DAG(s) dict_keys(['example_dag_decorator']) retrieved from /home/airflow/.local/lib/python3.6/site-packages/airflow/example_dags/example_dag_decorator.py
[2021-09-21 01:36:58,480] {logging_mixin.py:109} INFO - [2021-09-21 01:36:58,480] {dag.py:1834} INFO - Sync 1 DAGs
[2021-09-21 01:36:58,494] {logging_mixin.py:109} INFO - [2021-09-21 01:36:58,494] {dag.py:2287} INFO - Setting next_dagrun for example_dag_decorator to None
[2021-09-21 01:36:58,507] {processor.py:170} INFO - Processing /home/airflow/.local/lib/python3.6/site-packages/airflow/example_dags/example_dag_decorator.py took 0.305 seconds
[2021-09-21 01:37:29,181] {processor.py:162} INFO - Started process (PID=2537) to work on /home/airflow/.local/lib/python3.6/site-packages/airflow/example_dags/example_dag_decorator.py
[2021-09-21 01:37:29,183] {processor.py:613} INFO - Processing file /home/airflow/.local/lib/python3.6/site-packages/airflow/example_dags/example_dag_decorator.py for tasks to queue
[2021-09-21 01:37:29,185] {logging_mixin.py:109} INFO - [2021-09-21 01:37:29,184] {dagbag.py:496} INFO - Filling up the DagBag from /home/airflow/.local/lib/python3.6/site-packages/airflow/example_dags/example_dag_decorator.py
[2021-09-21 01:37:29,207] {processor.py:623} INFO - DAG(s) dict_keys(['example_dag_decorator']) retrieved from /home/airflow/.local/lib/python3.6/site-packages/airflow/example_dags/example_dag_decorator.py
[2021-09-21 01:37:29,230] {logging_mixin.py:109} INFO - [2021-09-21 01:37:29,230] {dag.py:1834} INFO - Sync 1 DAGs
[2021-09-21 01:37:29,244] {logging_mixin.py:109} INFO - [2021-09-21 01:37:29,244] {dag.py:2287} INFO - Setting next_dagrun for example_dag_decorator to None
[2021-09-21 01:37:29,255] {processor.py:170} INFO - Processing /home/airflow/.local/lib/python3.6/site-packages/airflow/example_dags/example_dag_decorator.py took 0.078 seconds
[2021-09-21 01:37:59,938] {processor.py:162} INFO - Started process (PID=2591) to work on /home/airflow/.local/lib/python3.6/site-packages/airflow/example_dags/example_dag_decorator.py
[2021-09-21 01:37:59,940] {processor.py:613} INFO - Processing file /home/airflow/.local/lib/python3.6/site-packages/airflow/example_dags/example_dag_decorator.py for tasks to queue
[2021-09-21 01:37:59,942] {logging_mixin.py:109} INFO - [2021-09-21 01:37:59,942] {dagbag.py:496} INFO - Filling up the DagBag from /home/airflow/.local/lib/python3.6/site-packages/airflow/example_dags/example_dag_decorator.py
[2021-09-21 01:37:59,965] {processor.py:623} INFO - DAG(s) dict_keys(['example_dag_decorator']) retrieved from /home/airflow/.local/lib/python3.6/site-packages/airflow/example_dags/example_dag_decorator.py
[2021-09-21 01:38:00,146] {logging_mixin.py:109} INFO - [2021-09-21 01:38:00,146] {dag.py:1834} INFO - Sync 1 DAGs
[2021-09-21 01:38:00,157] {logging_mixin.py:109} INFO - [2021-09-21 01:38:00,157] {dag.py:2287} INFO - Setting next_dagrun for example_dag_decorator to None
[2021-09-21 01:38:00,166] {processor.py:170} INFO - Processing /home/airflow/.local/lib/python3.6/site-packages/airflow/example_dags/example_dag_decorator.py took 0.232 seconds
[2021-09-21 01:38:30,326] {processor.py:162} INFO - Started process (PID=2655) to work on /home/airflow/.local/lib/python3.6/site-packages/airflow/example_dags/example_dag_decorator.py
[2021-09-21 01:38:30,332] {processor.py:613} INFO - Processing file /home/airflow/.local/lib/python3.6/site-packages/airflow/example_dags/example_dag_decorator.py for tasks to queue
[2021-09-21 01:38:30,335] {logging_mixin.py:109} INFO - [2021-09-21 01:38:30,335] {dagbag.py:496} INFO - Filling up the DagBag from /home/airflow/.local/lib/python3.6/site-packages/airflow/example_dags/example_dag_decorator.py
[2021-09-21 01:38:30,358] {processor.py:623} INFO - DAG(s) dict_keys(['example_dag_decorator']) retrieved from /home/airflow/.local/lib/python3.6/site-packages/airflow/example_dags/example_dag_decorator.py
[2021-09-21 01:38:30,382] {logging_mixin.py:109} INFO - [2021-09-21 01:38:30,382] {dag.py:1834} INFO - Sync 1 DAGs
[2021-09-21 01:38:30,397] {logging_mixin.py:109} INFO - [2021-09-21 01:38:30,397] {dag.py:2287} INFO - Setting next_dagrun for example_dag_decorator to None
[2021-09-21 01:38:30,422] {processor.py:170} INFO - Processing /home/airflow/.local/lib/python3.6/site-packages/airflow/example_dags/example_dag_decorator.py took 0.101 seconds
[2021-09-21 01:39:00,682] {processor.py:162} INFO - Started process (PID=2708) to work on /home/airflow/.local/lib/python3.6/site-packages/airflow/example_dags/example_dag_decorator.py
[2021-09-21 01:39:00,685] {processor.py:613} INFO - Processing file /home/airflow/.local/lib/python3.6/site-packages/airflow/example_dags/example_dag_decorator.py for tasks to queue
[2021-09-21 01:39:00,687] {logging_mixin.py:109} INFO - [2021-09-21 01:39:00,687] {dagbag.py:496} INFO - Filling up the DagBag from /home/airflow/.local/lib/python3.6/site-packages/airflow/example_dags/example_dag_decorator.py
[2021-09-21 01:39:00,709] {processor.py:623} INFO - DAG(s) dict_keys(['example_dag_decorator']) retrieved from /home/airflow/.local/lib/python3.6/site-packages/airflow/example_dags/example_dag_decorator.py
[2021-09-21 01:39:00,886] {logging_mixin.py:109} INFO - [2021-09-21 01:39:00,886] {dag.py:1834} INFO - Sync 1 DAGs
[2021-09-21 01:39:00,904] {logging_mixin.py:109} INFO - [2021-09-21 01:39:00,904] {dag.py:2287} INFO - Setting next_dagrun for example_dag_decorator to None
[2021-09-21 01:39:00,919] {processor.py:170} INFO - Processing /home/airflow/.local/lib/python3.6/site-packages/airflow/example_dags/example_dag_decorator.py took 0.241 seconds
[2021-09-21 01:39:30,977] {processor.py:162} INFO - Started process (PID=2771) to work on /home/airflow/.local/lib/python3.6/site-packages/airflow/example_dags/example_dag_decorator.py
[2021-09-21 01:39:30,980] {processor.py:613} INFO - Processing file /home/airflow/.local/lib/python3.6/site-packages/airflow/example_dags/example_dag_decorator.py for tasks to queue
[2021-09-21 01:39:30,983] {logging_mixin.py:109} INFO - [2021-09-21 01:39:30,983] {dagbag.py:496} INFO - Filling up the DagBag from /home/airflow/.local/lib/python3.6/site-packages/airflow/example_dags/example_dag_decorator.py
[2021-09-21 01:39:31,010] {processor.py:623} INFO - DAG(s) dict_keys(['example_dag_decorator']) retrieved from /home/airflow/.local/lib/python3.6/site-packages/airflow/example_dags/example_dag_decorator.py
[2021-09-21 01:39:31,202] {logging_mixin.py:109} INFO - [2021-09-21 01:39:31,202] {dag.py:1834} INFO - Sync 1 DAGs
[2021-09-21 01:39:31,217] {logging_mixin.py:109} INFO - [2021-09-21 01:39:31,217] {dag.py:2287} INFO - Setting next_dagrun for example_dag_decorator to None
[2021-09-21 01:39:31,234] {processor.py:170} INFO - Processing /home/airflow/.local/lib/python3.6/site-packages/airflow/example_dags/example_dag_decorator.py took 0.260 seconds
[2021-09-21 01:40:01,995] {processor.py:162} INFO - Started process (PID=2822) to work on /home/airflow/.local/lib/python3.6/site-packages/airflow/example_dags/example_dag_decorator.py
[2021-09-21 01:40:01,997] {processor.py:613} INFO - Processing file /home/airflow/.local/lib/python3.6/site-packages/airflow/example_dags/example_dag_decorator.py for tasks to queue
[2021-09-21 01:40:01,998] {logging_mixin.py:109} INFO - [2021-09-21 01:40:01,998] {dagbag.py:496} INFO - Filling up the DagBag from /home/airflow/.local/lib/python3.6/site-packages/airflow/example_dags/example_dag_decorator.py
[2021-09-21 01:40:02,021] {processor.py:623} INFO - DAG(s) dict_keys(['example_dag_decorator']) retrieved from /home/airflow/.local/lib/python3.6/site-packages/airflow/example_dags/example_dag_decorator.py
[2021-09-21 01:40:02,045] {logging_mixin.py:109} INFO - [2021-09-21 01:40:02,045] {dag.py:1834} INFO - Sync 1 DAGs
[2021-09-21 01:40:02,060] {logging_mixin.py:109} INFO - [2021-09-21 01:40:02,060] {dag.py:2287} INFO - Setting next_dagrun for example_dag_decorator to None
[2021-09-21 01:40:02,070] {processor.py:170} INFO - Processing /home/airflow/.local/lib/python3.6/site-packages/airflow/example_dags/example_dag_decorator.py took 0.079 seconds
[2021-09-21 01:40:32,704] {processor.py:162} INFO - Started process (PID=2886) to work on /home/airflow/.local/lib/python3.6/site-packages/airflow/example_dags/example_dag_decorator.py
[2021-09-21 01:40:32,707] {processor.py:613} INFO - Processing file /home/airflow/.local/lib/python3.6/site-packages/airflow/example_dags/example_dag_decorator.py for tasks to queue
[2021-09-21 01:40:32,709] {logging_mixin.py:109} INFO - [2021-09-21 01:40:32,708] {dagbag.py:496} INFO - Filling up the DagBag from /home/airflow/.local/lib/python3.6/site-packages/airflow/example_dags/example_dag_decorator.py
[2021-09-21 01:40:32,731] {processor.py:623} INFO - DAG(s) dict_keys(['example_dag_decorator']) retrieved from /home/airflow/.local/lib/python3.6/site-packages/airflow/example_dags/example_dag_decorator.py
[2021-09-21 01:40:32,756] {logging_mixin.py:109} INFO - [2021-09-21 01:40:32,756] {dag.py:1834} INFO - Sync 1 DAGs
[2021-09-21 01:40:32,770] {logging_mixin.py:109} INFO - [2021-09-21 01:40:32,770] {dag.py:2287} INFO - Setting next_dagrun for example_dag_decorator to None
[2021-09-21 01:40:32,781] {processor.py:170} INFO - Processing /home/airflow/.local/lib/python3.6/site-packages/airflow/example_dags/example_dag_decorator.py took 0.080 seconds
[2021-09-21 01:41:03,404] {processor.py:162} INFO - Started process (PID=2949) to work on /home/airflow/.local/lib/python3.6/site-packages/airflow/example_dags/example_dag_decorator.py
[2021-09-21 01:41:03,405] {processor.py:613} INFO - Processing file /home/airflow/.local/lib/python3.6/site-packages/airflow/example_dags/example_dag_decorator.py for tasks to queue
[2021-09-21 01:41:03,407] {logging_mixin.py:109} INFO - [2021-09-21 01:41:03,407] {dagbag.py:496} INFO - Filling up the DagBag from /home/airflow/.local/lib/python3.6/site-packages/airflow/example_dags/example_dag_decorator.py
[2021-09-21 01:41:03,430] {processor.py:623} INFO - DAG(s) dict_keys(['example_dag_decorator']) retrieved from /home/airflow/.local/lib/python3.6/site-packages/airflow/example_dags/example_dag_decorator.py
[2021-09-21 01:41:03,592] {logging_mixin.py:109} INFO - [2021-09-21 01:41:03,592] {dag.py:1834} INFO - Sync 1 DAGs
[2021-09-21 01:41:03,604] {logging_mixin.py:109} INFO - [2021-09-21 01:41:03,604] {dag.py:2287} INFO - Setting next_dagrun for example_dag_decorator to None
[2021-09-21 01:41:03,615] {processor.py:170} INFO - Processing /home/airflow/.local/lib/python3.6/site-packages/airflow/example_dags/example_dag_decorator.py took 0.216 seconds
[2021-09-21 01:41:34,329] {processor.py:162} INFO - Started process (PID=3002) to work on /home/airflow/.local/lib/python3.6/site-packages/airflow/example_dags/example_dag_decorator.py
[2021-09-21 01:41:34,331] {processor.py:613} INFO - Processing file /home/airflow/.local/lib/python3.6/site-packages/airflow/example_dags/example_dag_decorator.py for tasks to queue
[2021-09-21 01:41:34,332] {logging_mixin.py:109} INFO - [2021-09-21 01:41:34,332] {dagbag.py:496} INFO - Filling up the DagBag from /home/airflow/.local/lib/python3.6/site-packages/airflow/example_dags/example_dag_decorator.py
[2021-09-21 01:41:34,357] {processor.py:623} INFO - DAG(s) dict_keys(['example_dag_decorator']) retrieved from /home/airflow/.local/lib/python3.6/site-packages/airflow/example_dags/example_dag_decorator.py
[2021-09-21 01:41:34,550] {logging_mixin.py:109} INFO - [2021-09-21 01:41:34,549] {dag.py:1834} INFO - Sync 1 DAGs
[2021-09-21 01:41:34,562] {logging_mixin.py:109} INFO - [2021-09-21 01:41:34,562] {dag.py:2287} INFO - Setting next_dagrun for example_dag_decorator to None
[2021-09-21 01:41:34,573] {processor.py:170} INFO - Processing /home/airflow/.local/lib/python3.6/site-packages/airflow/example_dags/example_dag_decorator.py took 0.250 seconds
[2021-09-21 01:42:04,734] {processor.py:162} INFO - Started process (PID=3068) to work on /home/airflow/.local/lib/python3.6/site-packages/airflow/example_dags/example_dag_decorator.py
[2021-09-21 01:42:04,738] {processor.py:613} INFO - Processing file /home/airflow/.local/lib/python3.6/site-packages/airflow/example_dags/example_dag_decorator.py for tasks to queue
[2021-09-21 01:42:04,739] {logging_mixin.py:109} INFO - [2021-09-21 01:42:04,739] {dagbag.py:496} INFO - Filling up the DagBag from /home/airflow/.local/lib/python3.6/site-packages/airflow/example_dags/example_dag_decorator.py
[2021-09-21 01:42:04,759] {processor.py:623} INFO - DAG(s) dict_keys(['example_dag_decorator']) retrieved from /home/airflow/.local/lib/python3.6/site-packages/airflow/example_dags/example_dag_decorator.py
[2021-09-21 01:42:04,918] {logging_mixin.py:109} INFO - [2021-09-21 01:42:04,918] {dag.py:1834} INFO - Sync 1 DAGs
[2021-09-21 01:42:04,929] {logging_mixin.py:109} INFO - [2021-09-21 01:42:04,929] {dag.py:2287} INFO - Setting next_dagrun for example_dag_decorator to None
[2021-09-21 01:42:04,939] {processor.py:170} INFO - Processing /home/airflow/.local/lib/python3.6/site-packages/airflow/example_dags/example_dag_decorator.py took 0.209 seconds
[2021-09-21 01:42:34,996] {processor.py:162} INFO - Started process (PID=3134) to work on /home/airflow/.local/lib/python3.6/site-packages/airflow/example_dags/example_dag_decorator.py
[2021-09-21 01:42:34,999] {processor.py:613} INFO - Processing file /home/airflow/.local/lib/python3.6/site-packages/airflow/example_dags/example_dag_decorator.py for tasks to queue
[2021-09-21 01:42:35,001] {logging_mixin.py:109} INFO - [2021-09-21 01:42:35,001] {dagbag.py:496} INFO - Filling up the DagBag from /home/airflow/.local/lib/python3.6/site-packages/airflow/example_dags/example_dag_decorator.py
[2021-09-21 01:42:35,021] {processor.py:623} INFO - DAG(s) dict_keys(['example_dag_decorator']) retrieved from /home/airflow/.local/lib/python3.6/site-packages/airflow/example_dags/example_dag_decorator.py
[2021-09-21 01:42:35,190] {logging_mixin.py:109} INFO - [2021-09-21 01:42:35,190] {dag.py:1834} INFO - Sync 1 DAGs
[2021-09-21 01:42:35,202] {logging_mixin.py:109} INFO - [2021-09-21 01:42:35,202] {dag.py:2287} INFO - Setting next_dagrun for example_dag_decorator to None
[2021-09-21 01:42:35,212] {processor.py:170} INFO - Processing /home/airflow/.local/lib/python3.6/site-packages/airflow/example_dags/example_dag_decorator.py took 0.220 seconds
[2021-09-21 01:43:05,985] {processor.py:162} INFO - Started process (PID=3186) to work on /home/airflow/.local/lib/python3.6/site-packages/airflow/example_dags/example_dag_decorator.py
[2021-09-21 01:43:05,987] {processor.py:613} INFO - Processing file /home/airflow/.local/lib/python3.6/site-packages/airflow/example_dags/example_dag_decorator.py for tasks to queue
[2021-09-21 01:43:05,989] {logging_mixin.py:109} INFO - [2021-09-21 01:43:05,988] {dagbag.py:496} INFO - Filling up the DagBag from /home/airflow/.local/lib/python3.6/site-packages/airflow/example_dags/example_dag_decorator.py
[2021-09-21 01:43:06,012] {processor.py:623} INFO - DAG(s) dict_keys(['example_dag_decorator']) retrieved from /home/airflow/.local/lib/python3.6/site-packages/airflow/example_dags/example_dag_decorator.py
[2021-09-21 01:43:06,178] {logging_mixin.py:109} INFO - [2021-09-21 01:43:06,178] {dag.py:1834} INFO - Sync 1 DAGs
[2021-09-21 01:43:06,199] {logging_mixin.py:109} INFO - [2021-09-21 01:43:06,199] {dag.py:2287} INFO - Setting next_dagrun for example_dag_decorator to None
[2021-09-21 01:43:06,212] {processor.py:170} INFO - Processing /home/airflow/.local/lib/python3.6/site-packages/airflow/example_dags/example_dag_decorator.py took 0.232 seconds
[2021-09-21 01:43:36,950] {processor.py:162} INFO - Started process (PID=3237) to work on /home/airflow/.local/lib/python3.6/site-packages/airflow/example_dags/example_dag_decorator.py
[2021-09-21 01:43:36,976] {processor.py:613} INFO - Processing file /home/airflow/.local/lib/python3.6/site-packages/airflow/example_dags/example_dag_decorator.py for tasks to queue
[2021-09-21 01:43:36,977] {logging_mixin.py:109} INFO - [2021-09-21 01:43:36,977] {dagbag.py:496} INFO - Filling up the DagBag from /home/airflow/.local/lib/python3.6/site-packages/airflow/example_dags/example_dag_decorator.py
[2021-09-21 01:43:37,007] {processor.py:623} INFO - DAG(s) dict_keys(['example_dag_decorator']) retrieved from /home/airflow/.local/lib/python3.6/site-packages/airflow/example_dags/example_dag_decorator.py
[2021-09-21 01:43:37,263] {logging_mixin.py:109} INFO - [2021-09-21 01:43:37,263] {dag.py:1834} INFO - Sync 1 DAGs
[2021-09-21 01:43:37,301] {logging_mixin.py:109} INFO - [2021-09-21 01:43:37,301] {dag.py:2287} INFO - Setting next_dagrun for example_dag_decorator to None
[2021-09-21 01:43:37,318] {processor.py:170} INFO - Processing /home/airflow/.local/lib/python3.6/site-packages/airflow/example_dags/example_dag_decorator.py took 0.372 seconds
[2021-09-21 01:44:07,823] {processor.py:162} INFO - Started process (PID=3300) to work on /home/airflow/.local/lib/python3.6/site-packages/airflow/example_dags/example_dag_decorator.py
[2021-09-21 01:44:07,826] {processor.py:613} INFO - Processing file /home/airflow/.local/lib/python3.6/site-packages/airflow/example_dags/example_dag_decorator.py for tasks to queue
[2021-09-21 01:44:07,827] {logging_mixin.py:109} INFO - [2021-09-21 01:44:07,827] {dagbag.py:496} INFO - Filling up the DagBag from /home/airflow/.local/lib/python3.6/site-packages/airflow/example_dags/example_dag_decorator.py
[2021-09-21 01:44:07,850] {processor.py:623} INFO - DAG(s) dict_keys(['example_dag_decorator']) retrieved from /home/airflow/.local/lib/python3.6/site-packages/airflow/example_dags/example_dag_decorator.py
[2021-09-21 01:44:08,010] {logging_mixin.py:109} INFO - [2021-09-21 01:44:08,010] {dag.py:1834} INFO - Sync 1 DAGs
[2021-09-21 01:44:08,023] {logging_mixin.py:109} INFO - [2021-09-21 01:44:08,022] {dag.py:2287} INFO - Setting next_dagrun for example_dag_decorator to None
[2021-09-21 01:44:08,032] {processor.py:170} INFO - Processing /home/airflow/.local/lib/python3.6/site-packages/airflow/example_dags/example_dag_decorator.py took 0.214 seconds
[2021-09-21 01:44:38,783] {processor.py:162} INFO - Started process (PID=3363) to work on /home/airflow/.local/lib/python3.6/site-packages/airflow/example_dags/example_dag_decorator.py
[2021-09-21 01:44:38,786] {processor.py:613} INFO - Processing file /home/airflow/.local/lib/python3.6/site-packages/airflow/example_dags/example_dag_decorator.py for tasks to queue
[2021-09-21 01:44:38,787] {logging_mixin.py:109} INFO - [2021-09-21 01:44:38,787] {dagbag.py:496} INFO - Filling up the DagBag from /home/airflow/.local/lib/python3.6/site-packages/airflow/example_dags/example_dag_decorator.py
[2021-09-21 01:44:38,805] {processor.py:623} INFO - DAG(s) dict_keys(['example_dag_decorator']) retrieved from /home/airflow/.local/lib/python3.6/site-packages/airflow/example_dags/example_dag_decorator.py
[2021-09-21 01:44:38,965] {logging_mixin.py:109} INFO - [2021-09-21 01:44:38,964] {dag.py:1834} INFO - Sync 1 DAGs
[2021-09-21 01:44:38,977] {logging_mixin.py:109} INFO - [2021-09-21 01:44:38,977] {dag.py:2287} INFO - Setting next_dagrun for example_dag_decorator to None
[2021-09-21 01:44:38,987] {processor.py:170} INFO - Processing /home/airflow/.local/lib/python3.6/site-packages/airflow/example_dags/example_dag_decorator.py took 0.207 seconds
[2021-09-21 01:45:09,862] {processor.py:162} INFO - Started process (PID=3427) to work on /home/airflow/.local/lib/python3.6/site-packages/airflow/example_dags/example_dag_decorator.py
[2021-09-21 01:45:09,864] {processor.py:613} INFO - Processing file /home/airflow/.local/lib/python3.6/site-packages/airflow/example_dags/example_dag_decorator.py for tasks to queue
[2021-09-21 01:45:09,866] {logging_mixin.py:109} INFO - [2021-09-21 01:45:09,865] {dagbag.py:496} INFO - Filling up the DagBag from /home/airflow/.local/lib/python3.6/site-packages/airflow/example_dags/example_dag_decorator.py
[2021-09-21 01:45:09,889] {processor.py:623} INFO - DAG(s) dict_keys(['example_dag_decorator']) retrieved from /home/airflow/.local/lib/python3.6/site-packages/airflow/example_dags/example_dag_decorator.py
[2021-09-21 01:45:09,916] {logging_mixin.py:109} INFO - [2021-09-21 01:45:09,916] {dag.py:1834} INFO - Sync 1 DAGs
[2021-09-21 01:45:09,930] {logging_mixin.py:109} INFO - [2021-09-21 01:45:09,930] {dag.py:2287} INFO - Setting next_dagrun for example_dag_decorator to None
[2021-09-21 01:45:09,941] {processor.py:170} INFO - Processing /home/airflow/.local/lib/python3.6/site-packages/airflow/example_dags/example_dag_decorator.py took 0.083 seconds
[2021-09-21 01:45:40,575] {processor.py:162} INFO - Started process (PID=3480) to work on /home/airflow/.local/lib/python3.6/site-packages/airflow/example_dags/example_dag_decorator.py
[2021-09-21 01:45:40,577] {processor.py:613} INFO - Processing file /home/airflow/.local/lib/python3.6/site-packages/airflow/example_dags/example_dag_decorator.py for tasks to queue
[2021-09-21 01:45:40,578] {logging_mixin.py:109} INFO - [2021-09-21 01:45:40,578] {dagbag.py:496} INFO - Filling up the DagBag from /home/airflow/.local/lib/python3.6/site-packages/airflow/example_dags/example_dag_decorator.py
[2021-09-21 01:45:40,595] {processor.py:623} INFO - DAG(s) dict_keys(['example_dag_decorator']) retrieved from /home/airflow/.local/lib/python3.6/site-packages/airflow/example_dags/example_dag_decorator.py
[2021-09-21 01:45:40,801] {logging_mixin.py:109} INFO - [2021-09-21 01:45:40,801] {dag.py:1834} INFO - Sync 1 DAGs
[2021-09-21 01:45:40,817] {logging_mixin.py:109} INFO - [2021-09-21 01:45:40,817] {dag.py:2287} INFO - Setting next_dagrun for example_dag_decorator to None
[2021-09-21 01:45:40,830] {processor.py:170} INFO - Processing /home/airflow/.local/lib/python3.6/site-packages/airflow/example_dags/example_dag_decorator.py took 0.258 seconds
[2021-09-21 01:46:11,643] {processor.py:162} INFO - Started process (PID=3542) to work on /home/airflow/.local/lib/python3.6/site-packages/airflow/example_dags/example_dag_decorator.py
[2021-09-21 01:46:11,645] {processor.py:613} INFO - Processing file /home/airflow/.local/lib/python3.6/site-packages/airflow/example_dags/example_dag_decorator.py for tasks to queue
[2021-09-21 01:46:11,646] {logging_mixin.py:109} INFO - [2021-09-21 01:46:11,646] {dagbag.py:496} INFO - Filling up the DagBag from /home/airflow/.local/lib/python3.6/site-packages/airflow/example_dags/example_dag_decorator.py
[2021-09-21 01:46:11,670] {processor.py:623} INFO - DAG(s) dict_keys(['example_dag_decorator']) retrieved from /home/airflow/.local/lib/python3.6/site-packages/airflow/example_dags/example_dag_decorator.py
[2021-09-21 01:46:11,695] {logging_mixin.py:109} INFO - [2021-09-21 01:46:11,695] {dag.py:1834} INFO - Sync 1 DAGs
[2021-09-21 01:46:11,709] {logging_mixin.py:109} INFO - [2021-09-21 01:46:11,709] {dag.py:2287} INFO - Setting next_dagrun for example_dag_decorator to None
[2021-09-21 01:46:11,721] {processor.py:170} INFO - Processing /home/airflow/.local/lib/python3.6/site-packages/airflow/example_dags/example_dag_decorator.py took 0.082 seconds
[2021-09-21 01:46:41,966] {processor.py:162} INFO - Started process (PID=3606) to work on /home/airflow/.local/lib/python3.6/site-packages/airflow/example_dags/example_dag_decorator.py
[2021-09-21 01:46:41,968] {processor.py:613} INFO - Processing file /home/airflow/.local/lib/python3.6/site-packages/airflow/example_dags/example_dag_decorator.py for tasks to queue
[2021-09-21 01:46:41,970] {logging_mixin.py:109} INFO - [2021-09-21 01:46:41,970] {dagbag.py:496} INFO - Filling up the DagBag from /home/airflow/.local/lib/python3.6/site-packages/airflow/example_dags/example_dag_decorator.py
[2021-09-21 01:46:41,995] {processor.py:623} INFO - DAG(s) dict_keys(['example_dag_decorator']) retrieved from /home/airflow/.local/lib/python3.6/site-packages/airflow/example_dags/example_dag_decorator.py
[2021-09-21 01:46:42,199] {logging_mixin.py:109} INFO - [2021-09-21 01:46:42,199] {dag.py:1834} INFO - Sync 1 DAGs
[2021-09-21 01:46:42,212] {logging_mixin.py:109} INFO - [2021-09-21 01:46:42,212] {dag.py:2287} INFO - Setting next_dagrun for example_dag_decorator to None
[2021-09-21 01:46:42,224] {processor.py:170} INFO - Processing /home/airflow/.local/lib/python3.6/site-packages/airflow/example_dags/example_dag_decorator.py took 0.262 seconds
[2021-09-21 01:47:12,792] {processor.py:162} INFO - Started process (PID=3662) to work on /home/airflow/.local/lib/python3.6/site-packages/airflow/example_dags/example_dag_decorator.py
[2021-09-21 01:47:12,796] {processor.py:613} INFO - Processing file /home/airflow/.local/lib/python3.6/site-packages/airflow/example_dags/example_dag_decorator.py for tasks to queue
[2021-09-21 01:47:12,798] {logging_mixin.py:109} INFO - [2021-09-21 01:47:12,798] {dagbag.py:496} INFO - Filling up the DagBag from /home/airflow/.local/lib/python3.6/site-packages/airflow/example_dags/example_dag_decorator.py
[2021-09-21 01:47:12,828] {processor.py:623} INFO - DAG(s) dict_keys(['example_dag_decorator']) retrieved from /home/airflow/.local/lib/python3.6/site-packages/airflow/example_dags/example_dag_decorator.py
[2021-09-21 01:47:13,179] {logging_mixin.py:109} INFO - [2021-09-21 01:47:13,179] {dag.py:1834} INFO - Sync 1 DAGs
[2021-09-21 01:47:13,205] {logging_mixin.py:109} INFO - [2021-09-21 01:47:13,205] {dag.py:2287} INFO - Setting next_dagrun for example_dag_decorator to None
[2021-09-21 01:47:13,224] {processor.py:170} INFO - Processing /home/airflow/.local/lib/python3.6/site-packages/airflow/example_dags/example_dag_decorator.py took 0.437 seconds
[2021-09-21 01:47:43,366] {processor.py:162} INFO - Started process (PID=3724) to work on /home/airflow/.local/lib/python3.6/site-packages/airflow/example_dags/example_dag_decorator.py
[2021-09-21 01:47:43,368] {processor.py:613} INFO - Processing file /home/airflow/.local/lib/python3.6/site-packages/airflow/example_dags/example_dag_decorator.py for tasks to queue
[2021-09-21 01:47:43,370] {logging_mixin.py:109} INFO - [2021-09-21 01:47:43,370] {dagbag.py:496} INFO - Filling up the DagBag from /home/airflow/.local/lib/python3.6/site-packages/airflow/example_dags/example_dag_decorator.py
[2021-09-21 01:47:43,390] {processor.py:623} INFO - DAG(s) dict_keys(['example_dag_decorator']) retrieved from /home/airflow/.local/lib/python3.6/site-packages/airflow/example_dags/example_dag_decorator.py
[2021-09-21 01:47:43,565] {logging_mixin.py:109} INFO - [2021-09-21 01:47:43,565] {dag.py:1834} INFO - Sync 1 DAGs
[2021-09-21 01:47:43,582] {logging_mixin.py:109} INFO - [2021-09-21 01:47:43,581] {dag.py:2287} INFO - Setting next_dagrun for example_dag_decorator to None
[2021-09-21 01:47:43,593] {processor.py:170} INFO - Processing /home/airflow/.local/lib/python3.6/site-packages/airflow/example_dags/example_dag_decorator.py took 0.230 seconds
[2021-09-21 01:48:13,782] {processor.py:162} INFO - Started process (PID=3779) to work on /home/airflow/.local/lib/python3.6/site-packages/airflow/example_dags/example_dag_decorator.py
[2021-09-21 01:48:13,784] {processor.py:613} INFO - Processing file /home/airflow/.local/lib/python3.6/site-packages/airflow/example_dags/example_dag_decorator.py for tasks to queue
[2021-09-21 01:48:13,786] {logging_mixin.py:109} INFO - [2021-09-21 01:48:13,785] {dagbag.py:496} INFO - Filling up the DagBag from /home/airflow/.local/lib/python3.6/site-packages/airflow/example_dags/example_dag_decorator.py
[2021-09-21 01:48:13,804] {processor.py:623} INFO - DAG(s) dict_keys(['example_dag_decorator']) retrieved from /home/airflow/.local/lib/python3.6/site-packages/airflow/example_dags/example_dag_decorator.py
[2021-09-21 01:48:13,826] {logging_mixin.py:109} INFO - [2021-09-21 01:48:13,826] {dag.py:1834} INFO - Sync 1 DAGs
[2021-09-21 01:48:13,839] {logging_mixin.py:109} INFO - [2021-09-21 01:48:13,839] {dag.py:2287} INFO - Setting next_dagrun for example_dag_decorator to None
[2021-09-21 01:48:13,849] {processor.py:170} INFO - Processing /home/airflow/.local/lib/python3.6/site-packages/airflow/example_dags/example_dag_decorator.py took 0.070 seconds
[2021-09-21 01:48:44,066] {processor.py:162} INFO - Started process (PID=3844) to work on /home/airflow/.local/lib/python3.6/site-packages/airflow/example_dags/example_dag_decorator.py
[2021-09-21 01:48:44,069] {processor.py:613} INFO - Processing file /home/airflow/.local/lib/python3.6/site-packages/airflow/example_dags/example_dag_decorator.py for tasks to queue
[2021-09-21 01:48:44,071] {logging_mixin.py:109} INFO - [2021-09-21 01:48:44,070] {dagbag.py:496} INFO - Filling up the DagBag from /home/airflow/.local/lib/python3.6/site-packages/airflow/example_dags/example_dag_decorator.py
[2021-09-21 01:48:44,092] {processor.py:623} INFO - DAG(s) dict_keys(['example_dag_decorator']) retrieved from /home/airflow/.local/lib/python3.6/site-packages/airflow/example_dags/example_dag_decorator.py
[2021-09-21 01:48:44,277] {logging_mixin.py:109} INFO - [2021-09-21 01:48:44,277] {dag.py:1834} INFO - Sync 1 DAGs
[2021-09-21 01:48:44,288] {logging_mixin.py:109} INFO - [2021-09-21 01:48:44,288] {dag.py:2287} INFO - Setting next_dagrun for example_dag_decorator to None
[2021-09-21 01:48:44,297] {processor.py:170} INFO - Processing /home/airflow/.local/lib/python3.6/site-packages/airflow/example_dags/example_dag_decorator.py took 0.235 seconds
[2021-09-21 01:49:14,359] {processor.py:162} INFO - Started process (PID=3896) to work on /home/airflow/.local/lib/python3.6/site-packages/airflow/example_dags/example_dag_decorator.py
[2021-09-21 01:49:14,362] {processor.py:613} INFO - Processing file /home/airflow/.local/lib/python3.6/site-packages/airflow/example_dags/example_dag_decorator.py for tasks to queue
[2021-09-21 01:49:14,363] {logging_mixin.py:109} INFO - [2021-09-21 01:49:14,363] {dagbag.py:496} INFO - Filling up the DagBag from /home/airflow/.local/lib/python3.6/site-packages/airflow/example_dags/example_dag_decorator.py
[2021-09-21 01:49:14,386] {processor.py:623} INFO - DAG(s) dict_keys(['example_dag_decorator']) retrieved from /home/airflow/.local/lib/python3.6/site-packages/airflow/example_dags/example_dag_decorator.py
[2021-09-21 01:49:14,585] {logging_mixin.py:109} INFO - [2021-09-21 01:49:14,585] {dag.py:1834} INFO - Sync 1 DAGs
[2021-09-21 01:49:14,599] {logging_mixin.py:109} INFO - [2021-09-21 01:49:14,598] {dag.py:2287} INFO - Setting next_dagrun for example_dag_decorator to None
[2021-09-21 01:49:14,611] {processor.py:170} INFO - Processing /home/airflow/.local/lib/python3.6/site-packages/airflow/example_dags/example_dag_decorator.py took 0.256 seconds
[2021-09-21 01:49:45,405] {processor.py:162} INFO - Started process (PID=3959) to work on /home/airflow/.local/lib/python3.6/site-packages/airflow/example_dags/example_dag_decorator.py
[2021-09-21 01:49:45,407] {processor.py:613} INFO - Processing file /home/airflow/.local/lib/python3.6/site-packages/airflow/example_dags/example_dag_decorator.py for tasks to queue
[2021-09-21 01:49:45,408] {logging_mixin.py:109} INFO - [2021-09-21 01:49:45,408] {dagbag.py:496} INFO - Filling up the DagBag from /home/airflow/.local/lib/python3.6/site-packages/airflow/example_dags/example_dag_decorator.py
[2021-09-21 01:49:45,431] {processor.py:623} INFO - DAG(s) dict_keys(['example_dag_decorator']) retrieved from /home/airflow/.local/lib/python3.6/site-packages/airflow/example_dags/example_dag_decorator.py
[2021-09-21 01:49:45,619] {logging_mixin.py:109} INFO - [2021-09-21 01:49:45,619] {dag.py:1834} INFO - Sync 1 DAGs
[2021-09-21 01:49:45,631] {logging_mixin.py:109} INFO - [2021-09-21 01:49:45,631] {dag.py:2287} INFO - Setting next_dagrun for example_dag_decorator to None
[2021-09-21 01:49:45,644] {processor.py:170} INFO - Processing /home/airflow/.local/lib/python3.6/site-packages/airflow/example_dags/example_dag_decorator.py took 0.243 seconds
[2021-09-21 01:50:15,810] {processor.py:162} INFO - Started process (PID=4022) to work on /home/airflow/.local/lib/python3.6/site-packages/airflow/example_dags/example_dag_decorator.py
[2021-09-21 01:50:15,814] {processor.py:613} INFO - Processing file /home/airflow/.local/lib/python3.6/site-packages/airflow/example_dags/example_dag_decorator.py for tasks to queue
[2021-09-21 01:50:15,816] {logging_mixin.py:109} INFO - [2021-09-21 01:50:15,816] {dagbag.py:496} INFO - Filling up the DagBag from /home/airflow/.local/lib/python3.6/site-packages/airflow/example_dags/example_dag_decorator.py
[2021-09-21 01:50:15,899] {processor.py:623} INFO - DAG(s) dict_keys(['example_dag_decorator']) retrieved from /home/airflow/.local/lib/python3.6/site-packages/airflow/example_dags/example_dag_decorator.py
[2021-09-21 01:50:16,339] {logging_mixin.py:109} INFO - [2021-09-21 01:50:16,339] {dag.py:1834} INFO - Sync 1 DAGs
[2021-09-21 01:50:16,365] {logging_mixin.py:109} INFO - [2021-09-21 01:50:16,365] {dag.py:2287} INFO - Setting next_dagrun for example_dag_decorator to None
[2021-09-21 01:50:16,380] {processor.py:170} INFO - Processing /home/airflow/.local/lib/python3.6/site-packages/airflow/example_dags/example_dag_decorator.py took 0.583 seconds
[2021-09-21 01:50:46,752] {processor.py:162} INFO - Started process (PID=4073) to work on /home/airflow/.local/lib/python3.6/site-packages/airflow/example_dags/example_dag_decorator.py
[2021-09-21 01:50:46,754] {processor.py:613} INFO - Processing file /home/airflow/.local/lib/python3.6/site-packages/airflow/example_dags/example_dag_decorator.py for tasks to queue
[2021-09-21 01:50:46,757] {logging_mixin.py:109} INFO - [2021-09-21 01:50:46,756] {dagbag.py:496} INFO - Filling up the DagBag from /home/airflow/.local/lib/python3.6/site-packages/airflow/example_dags/example_dag_decorator.py
[2021-09-21 01:50:46,786] {processor.py:623} INFO - DAG(s) dict_keys(['example_dag_decorator']) retrieved from /home/airflow/.local/lib/python3.6/site-packages/airflow/example_dags/example_dag_decorator.py
[2021-09-21 01:50:47,026] {logging_mixin.py:109} INFO - [2021-09-21 01:50:47,026] {dag.py:1834} INFO - Sync 1 DAGs
[2021-09-21 01:50:47,049] {logging_mixin.py:109} INFO - [2021-09-21 01:50:47,049] {dag.py:2287} INFO - Setting next_dagrun for example_dag_decorator to None
[2021-09-21 01:50:47,062] {processor.py:170} INFO - Processing /home/airflow/.local/lib/python3.6/site-packages/airflow/example_dags/example_dag_decorator.py took 0.316 seconds
[2021-09-21 01:51:17,218] {processor.py:162} INFO - Started process (PID=4138) to work on /home/airflow/.local/lib/python3.6/site-packages/airflow/example_dags/example_dag_decorator.py
[2021-09-21 01:51:17,221] {processor.py:613} INFO - Processing file /home/airflow/.local/lib/python3.6/site-packages/airflow/example_dags/example_dag_decorator.py for tasks to queue
[2021-09-21 01:51:17,223] {logging_mixin.py:109} INFO - [2021-09-21 01:51:17,222] {dagbag.py:496} INFO - Filling up the DagBag from /home/airflow/.local/lib/python3.6/site-packages/airflow/example_dags/example_dag_decorator.py
[2021-09-21 01:51:17,255] {processor.py:623} INFO - DAG(s) dict_keys(['example_dag_decorator']) retrieved from /home/airflow/.local/lib/python3.6/site-packages/airflow/example_dags/example_dag_decorator.py
[2021-09-21 01:51:17,497] {logging_mixin.py:109} INFO - [2021-09-21 01:51:17,497] {dag.py:1834} INFO - Sync 1 DAGs
[2021-09-21 01:51:17,515] {logging_mixin.py:109} INFO - [2021-09-21 01:51:17,515] {dag.py:2287} INFO - Setting next_dagrun for example_dag_decorator to None
[2021-09-21 01:51:17,528] {processor.py:170} INFO - Processing /home/airflow/.local/lib/python3.6/site-packages/airflow/example_dags/example_dag_decorator.py took 0.317 seconds
[2021-09-21 01:51:48,367] {processor.py:162} INFO - Started process (PID=4192) to work on /home/airflow/.local/lib/python3.6/site-packages/airflow/example_dags/example_dag_decorator.py
[2021-09-21 01:51:48,375] {processor.py:613} INFO - Processing file /home/airflow/.local/lib/python3.6/site-packages/airflow/example_dags/example_dag_decorator.py for tasks to queue
[2021-09-21 01:51:48,380] {logging_mixin.py:109} INFO - [2021-09-21 01:51:48,380] {dagbag.py:496} INFO - Filling up the DagBag from /home/airflow/.local/lib/python3.6/site-packages/airflow/example_dags/example_dag_decorator.py
[2021-09-21 01:51:48,455] {processor.py:623} INFO - DAG(s) dict_keys(['example_dag_decorator']) retrieved from /home/airflow/.local/lib/python3.6/site-packages/airflow/example_dags/example_dag_decorator.py
[2021-09-21 01:51:48,899] {logging_mixin.py:109} INFO - [2021-09-21 01:51:48,898] {dag.py:1834} INFO - Sync 1 DAGs
[2021-09-21 01:51:48,920] {logging_mixin.py:109} INFO - [2021-09-21 01:51:48,920] {dag.py:2287} INFO - Setting next_dagrun for example_dag_decorator to None
[2021-09-21 01:51:48,948] {processor.py:170} INFO - Processing /home/airflow/.local/lib/python3.6/site-packages/airflow/example_dags/example_dag_decorator.py took 0.594 seconds
[2021-09-21 01:52:19,587] {processor.py:162} INFO - Started process (PID=4255) to work on /home/airflow/.local/lib/python3.6/site-packages/airflow/example_dags/example_dag_decorator.py
[2021-09-21 01:52:19,590] {processor.py:613} INFO - Processing file /home/airflow/.local/lib/python3.6/site-packages/airflow/example_dags/example_dag_decorator.py for tasks to queue
[2021-09-21 01:52:19,591] {logging_mixin.py:109} INFO - [2021-09-21 01:52:19,591] {dagbag.py:496} INFO - Filling up the DagBag from /home/airflow/.local/lib/python3.6/site-packages/airflow/example_dags/example_dag_decorator.py
[2021-09-21 01:52:19,611] {processor.py:623} INFO - DAG(s) dict_keys(['example_dag_decorator']) retrieved from /home/airflow/.local/lib/python3.6/site-packages/airflow/example_dags/example_dag_decorator.py
[2021-09-21 01:52:19,773] {logging_mixin.py:109} INFO - [2021-09-21 01:52:19,773] {dag.py:1834} INFO - Sync 1 DAGs
[2021-09-21 01:52:19,785] {logging_mixin.py:109} INFO - [2021-09-21 01:52:19,785] {dag.py:2287} INFO - Setting next_dagrun for example_dag_decorator to None
[2021-09-21 01:52:19,796] {processor.py:170} INFO - Processing /home/airflow/.local/lib/python3.6/site-packages/airflow/example_dags/example_dag_decorator.py took 0.212 seconds
