[2021-09-21 01:17:24,305] {processor.py:162} INFO - Started process (PID=172) to work on /home/airflow/.local/lib/python3.6/site-packages/airflow/example_dags/example_branch_day_of_week_operator.py
[2021-09-21 01:17:24,307] {processor.py:613} INFO - Processing file /home/airflow/.local/lib/python3.6/site-packages/airflow/example_dags/example_branch_day_of_week_operator.py for tasks to queue
[2021-09-21 01:17:24,308] {logging_mixin.py:109} INFO - [2021-09-21 01:17:24,308] {dagbag.py:496} INFO - Filling up the DagBag from /home/airflow/.local/lib/python3.6/site-packages/airflow/example_dags/example_branch_day_of_week_operator.py
[2021-09-21 01:17:24,326] {processor.py:623} INFO - DAG(s) dict_keys(['example_weekday_branch_operator']) retrieved from /home/airflow/.local/lib/python3.6/site-packages/airflow/example_dags/example_branch_day_of_week_operator.py
[2021-09-21 01:17:26,448] {logging_mixin.py:109} INFO - [2021-09-21 01:17:26,447] {dag.py:1834} INFO - Sync 1 DAGs
[2021-09-21 01:17:26,458] {logging_mixin.py:109} INFO - [2021-09-21 01:17:26,457] {dag.py:1853} INFO - Creating ORM DAG for example_weekday_branch_operator
[2021-09-21 01:17:26,464] {logging_mixin.py:109} INFO - [2021-09-21 01:17:26,464] {dag.py:2287} INFO - Setting next_dagrun for example_weekday_branch_operator to 2021-09-19 00:00:00+00:00
[2021-09-21 01:17:26,475] {processor.py:170} INFO - Processing /home/airflow/.local/lib/python3.6/site-packages/airflow/example_dags/example_branch_day_of_week_operator.py took 2.174 seconds
[2021-09-21 01:17:57,125] {processor.py:162} INFO - Started process (PID=327) to work on /home/airflow/.local/lib/python3.6/site-packages/airflow/example_dags/example_branch_day_of_week_operator.py
[2021-09-21 01:17:57,127] {processor.py:613} INFO - Processing file /home/airflow/.local/lib/python3.6/site-packages/airflow/example_dags/example_branch_day_of_week_operator.py for tasks to queue
[2021-09-21 01:17:57,128] {logging_mixin.py:109} INFO - [2021-09-21 01:17:57,128] {dagbag.py:496} INFO - Filling up the DagBag from /home/airflow/.local/lib/python3.6/site-packages/airflow/example_dags/example_branch_day_of_week_operator.py
[2021-09-21 01:17:57,141] {processor.py:623} INFO - DAG(s) dict_keys(['example_weekday_branch_operator']) retrieved from /home/airflow/.local/lib/python3.6/site-packages/airflow/example_dags/example_branch_day_of_week_operator.py
[2021-09-21 01:17:57,163] {logging_mixin.py:109} INFO - [2021-09-21 01:17:57,163] {dag.py:1834} INFO - Sync 1 DAGs
[2021-09-21 01:17:57,179] {logging_mixin.py:109} INFO - [2021-09-21 01:17:57,179] {dag.py:2287} INFO - Setting next_dagrun for example_weekday_branch_operator to 2021-09-19 00:00:00+00:00
[2021-09-21 01:17:57,189] {processor.py:170} INFO - Processing /home/airflow/.local/lib/python3.6/site-packages/airflow/example_dags/example_branch_day_of_week_operator.py took 0.067 seconds
[2021-09-21 01:18:27,329] {processor.py:162} INFO - Started process (PID=379) to work on /home/airflow/.local/lib/python3.6/site-packages/airflow/example_dags/example_branch_day_of_week_operator.py
[2021-09-21 01:18:27,331] {processor.py:613} INFO - Processing file /home/airflow/.local/lib/python3.6/site-packages/airflow/example_dags/example_branch_day_of_week_operator.py for tasks to queue
[2021-09-21 01:18:27,332] {logging_mixin.py:109} INFO - [2021-09-21 01:18:27,332] {dagbag.py:496} INFO - Filling up the DagBag from /home/airflow/.local/lib/python3.6/site-packages/airflow/example_dags/example_branch_day_of_week_operator.py
[2021-09-21 01:18:27,345] {processor.py:623} INFO - DAG(s) dict_keys(['example_weekday_branch_operator']) retrieved from /home/airflow/.local/lib/python3.6/site-packages/airflow/example_dags/example_branch_day_of_week_operator.py
[2021-09-21 01:18:27,369] {logging_mixin.py:109} INFO - [2021-09-21 01:18:27,369] {dag.py:1834} INFO - Sync 1 DAGs
[2021-09-21 01:18:27,386] {logging_mixin.py:109} INFO - [2021-09-21 01:18:27,386] {dag.py:2287} INFO - Setting next_dagrun for example_weekday_branch_operator to 2021-09-19 00:00:00+00:00
[2021-09-21 01:18:27,397] {processor.py:170} INFO - Processing /home/airflow/.local/lib/python3.6/site-packages/airflow/example_dags/example_branch_day_of_week_operator.py took 0.071 seconds
[2021-09-21 01:18:58,238] {processor.py:162} INFO - Started process (PID=444) to work on /home/airflow/.local/lib/python3.6/site-packages/airflow/example_dags/example_branch_day_of_week_operator.py
[2021-09-21 01:18:58,239] {processor.py:613} INFO - Processing file /home/airflow/.local/lib/python3.6/site-packages/airflow/example_dags/example_branch_day_of_week_operator.py for tasks to queue
[2021-09-21 01:18:58,241] {logging_mixin.py:109} INFO - [2021-09-21 01:18:58,241] {dagbag.py:496} INFO - Filling up the DagBag from /home/airflow/.local/lib/python3.6/site-packages/airflow/example_dags/example_branch_day_of_week_operator.py
[2021-09-21 01:18:58,259] {processor.py:623} INFO - DAG(s) dict_keys(['example_weekday_branch_operator']) retrieved from /home/airflow/.local/lib/python3.6/site-packages/airflow/example_dags/example_branch_day_of_week_operator.py
[2021-09-21 01:18:58,284] {logging_mixin.py:109} INFO - [2021-09-21 01:18:58,284] {dag.py:1834} INFO - Sync 1 DAGs
[2021-09-21 01:18:58,307] {logging_mixin.py:109} INFO - [2021-09-21 01:18:58,307] {dag.py:2287} INFO - Setting next_dagrun for example_weekday_branch_operator to 2021-09-19 00:00:00+00:00
[2021-09-21 01:18:58,317] {processor.py:170} INFO - Processing /home/airflow/.local/lib/python3.6/site-packages/airflow/example_dags/example_branch_day_of_week_operator.py took 0.084 seconds
[2021-09-21 01:19:28,391] {processor.py:162} INFO - Started process (PID=506) to work on /home/airflow/.local/lib/python3.6/site-packages/airflow/example_dags/example_branch_day_of_week_operator.py
[2021-09-21 01:19:28,394] {processor.py:613} INFO - Processing file /home/airflow/.local/lib/python3.6/site-packages/airflow/example_dags/example_branch_day_of_week_operator.py for tasks to queue
[2021-09-21 01:19:28,396] {logging_mixin.py:109} INFO - [2021-09-21 01:19:28,395] {dagbag.py:496} INFO - Filling up the DagBag from /home/airflow/.local/lib/python3.6/site-packages/airflow/example_dags/example_branch_day_of_week_operator.py
[2021-09-21 01:19:28,410] {processor.py:623} INFO - DAG(s) dict_keys(['example_weekday_branch_operator']) retrieved from /home/airflow/.local/lib/python3.6/site-packages/airflow/example_dags/example_branch_day_of_week_operator.py
[2021-09-21 01:19:28,433] {logging_mixin.py:109} INFO - [2021-09-21 01:19:28,433] {dag.py:1834} INFO - Sync 1 DAGs
[2021-09-21 01:19:28,450] {logging_mixin.py:109} INFO - [2021-09-21 01:19:28,450] {dag.py:2287} INFO - Setting next_dagrun for example_weekday_branch_operator to 2021-09-19 00:00:00+00:00
[2021-09-21 01:19:28,461] {processor.py:170} INFO - Processing /home/airflow/.local/lib/python3.6/site-packages/airflow/example_dags/example_branch_day_of_week_operator.py took 0.073 seconds
[2021-09-21 01:19:58,631] {processor.py:162} INFO - Started process (PID=559) to work on /home/airflow/.local/lib/python3.6/site-packages/airflow/example_dags/example_branch_day_of_week_operator.py
[2021-09-21 01:19:58,635] {processor.py:613} INFO - Processing file /home/airflow/.local/lib/python3.6/site-packages/airflow/example_dags/example_branch_day_of_week_operator.py for tasks to queue
[2021-09-21 01:19:58,639] {logging_mixin.py:109} INFO - [2021-09-21 01:19:58,638] {dagbag.py:496} INFO - Filling up the DagBag from /home/airflow/.local/lib/python3.6/site-packages/airflow/example_dags/example_branch_day_of_week_operator.py
[2021-09-21 01:19:58,662] {processor.py:623} INFO - DAG(s) dict_keys(['example_weekday_branch_operator']) retrieved from /home/airflow/.local/lib/python3.6/site-packages/airflow/example_dags/example_branch_day_of_week_operator.py
[2021-09-21 01:19:58,711] {logging_mixin.py:109} INFO - [2021-09-21 01:19:58,711] {dag.py:1834} INFO - Sync 1 DAGs
[2021-09-21 01:19:58,734] {logging_mixin.py:109} INFO - [2021-09-21 01:19:58,733] {dag.py:2287} INFO - Setting next_dagrun for example_weekday_branch_operator to 2021-09-19 00:00:00+00:00
[2021-09-21 01:19:58,747] {processor.py:170} INFO - Processing /home/airflow/.local/lib/python3.6/site-packages/airflow/example_dags/example_branch_day_of_week_operator.py took 0.126 seconds
[2021-09-21 01:20:28,794] {processor.py:162} INFO - Started process (PID=623) to work on /home/airflow/.local/lib/python3.6/site-packages/airflow/example_dags/example_branch_day_of_week_operator.py
[2021-09-21 01:20:28,796] {processor.py:613} INFO - Processing file /home/airflow/.local/lib/python3.6/site-packages/airflow/example_dags/example_branch_day_of_week_operator.py for tasks to queue
[2021-09-21 01:20:28,797] {logging_mixin.py:109} INFO - [2021-09-21 01:20:28,797] {dagbag.py:496} INFO - Filling up the DagBag from /home/airflow/.local/lib/python3.6/site-packages/airflow/example_dags/example_branch_day_of_week_operator.py
[2021-09-21 01:20:28,812] {processor.py:623} INFO - DAG(s) dict_keys(['example_weekday_branch_operator']) retrieved from /home/airflow/.local/lib/python3.6/site-packages/airflow/example_dags/example_branch_day_of_week_operator.py
[2021-09-21 01:20:28,836] {logging_mixin.py:109} INFO - [2021-09-21 01:20:28,836] {dag.py:1834} INFO - Sync 1 DAGs
[2021-09-21 01:20:28,854] {logging_mixin.py:109} INFO - [2021-09-21 01:20:28,854] {dag.py:2287} INFO - Setting next_dagrun for example_weekday_branch_operator to 2021-09-19 00:00:00+00:00
[2021-09-21 01:20:28,865] {processor.py:170} INFO - Processing /home/airflow/.local/lib/python3.6/site-packages/airflow/example_dags/example_branch_day_of_week_operator.py took 0.074 seconds
[2021-09-21 01:20:59,191] {processor.py:162} INFO - Started process (PID=689) to work on /home/airflow/.local/lib/python3.6/site-packages/airflow/example_dags/example_branch_day_of_week_operator.py
[2021-09-21 01:20:59,195] {processor.py:613} INFO - Processing file /home/airflow/.local/lib/python3.6/site-packages/airflow/example_dags/example_branch_day_of_week_operator.py for tasks to queue
[2021-09-21 01:20:59,197] {logging_mixin.py:109} INFO - [2021-09-21 01:20:59,196] {dagbag.py:496} INFO - Filling up the DagBag from /home/airflow/.local/lib/python3.6/site-packages/airflow/example_dags/example_branch_day_of_week_operator.py
[2021-09-21 01:20:59,215] {processor.py:623} INFO - DAG(s) dict_keys(['example_weekday_branch_operator']) retrieved from /home/airflow/.local/lib/python3.6/site-packages/airflow/example_dags/example_branch_day_of_week_operator.py
[2021-09-21 01:20:59,250] {logging_mixin.py:109} INFO - [2021-09-21 01:20:59,250] {dag.py:1834} INFO - Sync 1 DAGs
[2021-09-21 01:20:59,283] {logging_mixin.py:109} INFO - [2021-09-21 01:20:59,283] {dag.py:2287} INFO - Setting next_dagrun for example_weekday_branch_operator to 2021-09-19 00:00:00+00:00
[2021-09-21 01:20:59,301] {processor.py:170} INFO - Processing /home/airflow/.local/lib/python3.6/site-packages/airflow/example_dags/example_branch_day_of_week_operator.py took 0.115 seconds
[2021-09-21 01:21:29,377] {processor.py:162} INFO - Started process (PID=742) to work on /home/airflow/.local/lib/python3.6/site-packages/airflow/example_dags/example_branch_day_of_week_operator.py
[2021-09-21 01:21:29,378] {processor.py:613} INFO - Processing file /home/airflow/.local/lib/python3.6/site-packages/airflow/example_dags/example_branch_day_of_week_operator.py for tasks to queue
[2021-09-21 01:21:29,379] {logging_mixin.py:109} INFO - [2021-09-21 01:21:29,379] {dagbag.py:496} INFO - Filling up the DagBag from /home/airflow/.local/lib/python3.6/site-packages/airflow/example_dags/example_branch_day_of_week_operator.py
[2021-09-21 01:21:29,391] {processor.py:623} INFO - DAG(s) dict_keys(['example_weekday_branch_operator']) retrieved from /home/airflow/.local/lib/python3.6/site-packages/airflow/example_dags/example_branch_day_of_week_operator.py
[2021-09-21 01:21:29,412] {logging_mixin.py:109} INFO - [2021-09-21 01:21:29,412] {dag.py:1834} INFO - Sync 1 DAGs
[2021-09-21 01:21:29,427] {logging_mixin.py:109} INFO - [2021-09-21 01:21:29,427] {dag.py:2287} INFO - Setting next_dagrun for example_weekday_branch_operator to 2021-09-19 00:00:00+00:00
[2021-09-21 01:21:29,437] {processor.py:170} INFO - Processing /home/airflow/.local/lib/python3.6/site-packages/airflow/example_dags/example_branch_day_of_week_operator.py took 0.063 seconds
[2021-09-21 01:22:00,347] {processor.py:162} INFO - Started process (PID=805) to work on /home/airflow/.local/lib/python3.6/site-packages/airflow/example_dags/example_branch_day_of_week_operator.py
[2021-09-21 01:22:00,349] {processor.py:613} INFO - Processing file /home/airflow/.local/lib/python3.6/site-packages/airflow/example_dags/example_branch_day_of_week_operator.py for tasks to queue
[2021-09-21 01:22:00,350] {logging_mixin.py:109} INFO - [2021-09-21 01:22:00,350] {dagbag.py:496} INFO - Filling up the DagBag from /home/airflow/.local/lib/python3.6/site-packages/airflow/example_dags/example_branch_day_of_week_operator.py
[2021-09-21 01:22:00,362] {processor.py:623} INFO - DAG(s) dict_keys(['example_weekday_branch_operator']) retrieved from /home/airflow/.local/lib/python3.6/site-packages/airflow/example_dags/example_branch_day_of_week_operator.py
[2021-09-21 01:22:00,384] {logging_mixin.py:109} INFO - [2021-09-21 01:22:00,383] {dag.py:1834} INFO - Sync 1 DAGs
[2021-09-21 01:22:00,404] {logging_mixin.py:109} INFO - [2021-09-21 01:22:00,403] {dag.py:2287} INFO - Setting next_dagrun for example_weekday_branch_operator to 2021-09-19 00:00:00+00:00
[2021-09-21 01:22:00,416] {processor.py:170} INFO - Processing /home/airflow/.local/lib/python3.6/site-packages/airflow/example_dags/example_branch_day_of_week_operator.py took 0.072 seconds
[2021-09-21 01:22:30,659] {processor.py:162} INFO - Started process (PID=859) to work on /home/airflow/.local/lib/python3.6/site-packages/airflow/example_dags/example_branch_day_of_week_operator.py
[2021-09-21 01:22:30,661] {processor.py:613} INFO - Processing file /home/airflow/.local/lib/python3.6/site-packages/airflow/example_dags/example_branch_day_of_week_operator.py for tasks to queue
[2021-09-21 01:22:30,663] {logging_mixin.py:109} INFO - [2021-09-21 01:22:30,662] {dagbag.py:496} INFO - Filling up the DagBag from /home/airflow/.local/lib/python3.6/site-packages/airflow/example_dags/example_branch_day_of_week_operator.py
[2021-09-21 01:22:30,674] {processor.py:623} INFO - DAG(s) dict_keys(['example_weekday_branch_operator']) retrieved from /home/airflow/.local/lib/python3.6/site-packages/airflow/example_dags/example_branch_day_of_week_operator.py
[2021-09-21 01:22:30,697] {logging_mixin.py:109} INFO - [2021-09-21 01:22:30,697] {dag.py:1834} INFO - Sync 1 DAGs
[2021-09-21 01:22:30,723] {logging_mixin.py:109} INFO - [2021-09-21 01:22:30,722] {dag.py:2287} INFO - Setting next_dagrun for example_weekday_branch_operator to 2021-09-19 00:00:00+00:00
[2021-09-21 01:22:30,735] {processor.py:170} INFO - Processing /home/airflow/.local/lib/python3.6/site-packages/airflow/example_dags/example_branch_day_of_week_operator.py took 0.079 seconds
[2021-09-21 01:23:01,660] {processor.py:162} INFO - Started process (PID=921) to work on /home/airflow/.local/lib/python3.6/site-packages/airflow/example_dags/example_branch_day_of_week_operator.py
[2021-09-21 01:23:01,680] {processor.py:613} INFO - Processing file /home/airflow/.local/lib/python3.6/site-packages/airflow/example_dags/example_branch_day_of_week_operator.py for tasks to queue
[2021-09-21 01:23:01,693] {logging_mixin.py:109} INFO - [2021-09-21 01:23:01,688] {dagbag.py:496} INFO - Filling up the DagBag from /home/airflow/.local/lib/python3.6/site-packages/airflow/example_dags/example_branch_day_of_week_operator.py
[2021-09-21 01:23:01,826] {processor.py:623} INFO - DAG(s) dict_keys(['example_weekday_branch_operator']) retrieved from /home/airflow/.local/lib/python3.6/site-packages/airflow/example_dags/example_branch_day_of_week_operator.py
[2021-09-21 01:23:02,208] {logging_mixin.py:109} INFO - [2021-09-21 01:23:02,208] {dag.py:1834} INFO - Sync 1 DAGs
[2021-09-21 01:23:02,344] {logging_mixin.py:109} INFO - [2021-09-21 01:23:02,342] {dag.py:2287} INFO - Setting next_dagrun for example_weekday_branch_operator to 2021-09-19 00:00:00+00:00
[2021-09-21 01:23:02,434] {processor.py:170} INFO - Processing /home/airflow/.local/lib/python3.6/site-packages/airflow/example_dags/example_branch_day_of_week_operator.py took 0.875 seconds
[2021-09-21 01:23:33,306] {processor.py:162} INFO - Started process (PID=964) to work on /home/airflow/.local/lib/python3.6/site-packages/airflow/example_dags/example_branch_day_of_week_operator.py
[2021-09-21 01:23:33,315] {processor.py:613} INFO - Processing file /home/airflow/.local/lib/python3.6/site-packages/airflow/example_dags/example_branch_day_of_week_operator.py for tasks to queue
[2021-09-21 01:23:33,318] {logging_mixin.py:109} INFO - [2021-09-21 01:23:33,318] {dagbag.py:496} INFO - Filling up the DagBag from /home/airflow/.local/lib/python3.6/site-packages/airflow/example_dags/example_branch_day_of_week_operator.py
[2021-09-21 01:23:33,368] {processor.py:623} INFO - DAG(s) dict_keys(['example_weekday_branch_operator']) retrieved from /home/airflow/.local/lib/python3.6/site-packages/airflow/example_dags/example_branch_day_of_week_operator.py
[2021-09-21 01:23:33,478] {logging_mixin.py:109} INFO - [2021-09-21 01:23:33,478] {dag.py:1834} INFO - Sync 1 DAGs
[2021-09-21 01:23:34,021] {logging_mixin.py:109} INFO - [2021-09-21 01:23:34,019] {dag.py:2287} INFO - Setting next_dagrun for example_weekday_branch_operator to 2021-09-19 00:00:00+00:00
[2021-09-21 01:23:34,155] {processor.py:170} INFO - Processing /home/airflow/.local/lib/python3.6/site-packages/airflow/example_dags/example_branch_day_of_week_operator.py took 0.860 seconds
[2021-09-21 01:24:04,229] {processor.py:162} INFO - Started process (PID=1028) to work on /home/airflow/.local/lib/python3.6/site-packages/airflow/example_dags/example_branch_day_of_week_operator.py
[2021-09-21 01:24:04,231] {processor.py:613} INFO - Processing file /home/airflow/.local/lib/python3.6/site-packages/airflow/example_dags/example_branch_day_of_week_operator.py for tasks to queue
[2021-09-21 01:24:04,232] {logging_mixin.py:109} INFO - [2021-09-21 01:24:04,232] {dagbag.py:496} INFO - Filling up the DagBag from /home/airflow/.local/lib/python3.6/site-packages/airflow/example_dags/example_branch_day_of_week_operator.py
[2021-09-21 01:24:04,246] {processor.py:623} INFO - DAG(s) dict_keys(['example_weekday_branch_operator']) retrieved from /home/airflow/.local/lib/python3.6/site-packages/airflow/example_dags/example_branch_day_of_week_operator.py
[2021-09-21 01:24:04,269] {logging_mixin.py:109} INFO - [2021-09-21 01:24:04,269] {dag.py:1834} INFO - Sync 1 DAGs
[2021-09-21 01:24:04,287] {logging_mixin.py:109} INFO - [2021-09-21 01:24:04,287] {dag.py:2287} INFO - Setting next_dagrun for example_weekday_branch_operator to 2021-09-19 00:00:00+00:00
[2021-09-21 01:24:04,298] {processor.py:170} INFO - Processing /home/airflow/.local/lib/python3.6/site-packages/airflow/example_dags/example_branch_day_of_week_operator.py took 0.072 seconds
[2021-09-21 01:24:34,698] {processor.py:162} INFO - Started process (PID=1080) to work on /home/airflow/.local/lib/python3.6/site-packages/airflow/example_dags/example_branch_day_of_week_operator.py
[2021-09-21 01:24:34,703] {processor.py:613} INFO - Processing file /home/airflow/.local/lib/python3.6/site-packages/airflow/example_dags/example_branch_day_of_week_operator.py for tasks to queue
[2021-09-21 01:24:34,707] {logging_mixin.py:109} INFO - [2021-09-21 01:24:34,706] {dagbag.py:496} INFO - Filling up the DagBag from /home/airflow/.local/lib/python3.6/site-packages/airflow/example_dags/example_branch_day_of_week_operator.py
[2021-09-21 01:24:34,812] {processor.py:623} INFO - DAG(s) dict_keys(['example_weekday_branch_operator']) retrieved from /home/airflow/.local/lib/python3.6/site-packages/airflow/example_dags/example_branch_day_of_week_operator.py
[2021-09-21 01:24:34,925] {logging_mixin.py:109} INFO - [2021-09-21 01:24:34,924] {dag.py:1834} INFO - Sync 1 DAGs
[2021-09-21 01:24:35,027] {logging_mixin.py:109} INFO - [2021-09-21 01:24:35,026] {dag.py:2287} INFO - Setting next_dagrun for example_weekday_branch_operator to 2021-09-19 00:00:00+00:00
[2021-09-21 01:24:35,093] {processor.py:170} INFO - Processing /home/airflow/.local/lib/python3.6/site-packages/airflow/example_dags/example_branch_day_of_week_operator.py took 0.402 seconds
[2021-09-21 01:25:05,803] {processor.py:162} INFO - Started process (PID=1133) to work on /home/airflow/.local/lib/python3.6/site-packages/airflow/example_dags/example_branch_day_of_week_operator.py
[2021-09-21 01:25:05,822] {processor.py:613} INFO - Processing file /home/airflow/.local/lib/python3.6/site-packages/airflow/example_dags/example_branch_day_of_week_operator.py for tasks to queue
[2021-09-21 01:25:05,824] {logging_mixin.py:109} INFO - [2021-09-21 01:25:05,824] {dagbag.py:496} INFO - Filling up the DagBag from /home/airflow/.local/lib/python3.6/site-packages/airflow/example_dags/example_branch_day_of_week_operator.py
[2021-09-21 01:25:05,838] {processor.py:623} INFO - DAG(s) dict_keys(['example_weekday_branch_operator']) retrieved from /home/airflow/.local/lib/python3.6/site-packages/airflow/example_dags/example_branch_day_of_week_operator.py
[2021-09-21 01:25:05,884] {logging_mixin.py:109} INFO - [2021-09-21 01:25:05,884] {dag.py:1834} INFO - Sync 1 DAGs
[2021-09-21 01:25:05,915] {logging_mixin.py:109} INFO - [2021-09-21 01:25:05,915] {dag.py:2287} INFO - Setting next_dagrun for example_weekday_branch_operator to 2021-09-19 00:00:00+00:00
[2021-09-21 01:25:05,943] {processor.py:170} INFO - Processing /home/airflow/.local/lib/python3.6/site-packages/airflow/example_dags/example_branch_day_of_week_operator.py took 0.146 seconds
[2021-09-21 01:25:36,238] {processor.py:162} INFO - Started process (PID=1186) to work on /home/airflow/.local/lib/python3.6/site-packages/airflow/example_dags/example_branch_day_of_week_operator.py
[2021-09-21 01:25:36,240] {processor.py:613} INFO - Processing file /home/airflow/.local/lib/python3.6/site-packages/airflow/example_dags/example_branch_day_of_week_operator.py for tasks to queue
[2021-09-21 01:25:36,242] {logging_mixin.py:109} INFO - [2021-09-21 01:25:36,242] {dagbag.py:496} INFO - Filling up the DagBag from /home/airflow/.local/lib/python3.6/site-packages/airflow/example_dags/example_branch_day_of_week_operator.py
[2021-09-21 01:25:36,265] {processor.py:623} INFO - DAG(s) dict_keys(['example_weekday_branch_operator']) retrieved from /home/airflow/.local/lib/python3.6/site-packages/airflow/example_dags/example_branch_day_of_week_operator.py
[2021-09-21 01:25:36,306] {logging_mixin.py:109} INFO - [2021-09-21 01:25:36,306] {dag.py:1834} INFO - Sync 1 DAGs
[2021-09-21 01:25:36,338] {logging_mixin.py:109} INFO - [2021-09-21 01:25:36,338] {dag.py:2287} INFO - Setting next_dagrun for example_weekday_branch_operator to 2021-09-19 00:00:00+00:00
[2021-09-21 01:25:36,359] {processor.py:170} INFO - Processing /home/airflow/.local/lib/python3.6/site-packages/airflow/example_dags/example_branch_day_of_week_operator.py took 0.125 seconds
[2021-09-21 01:26:06,764] {processor.py:162} INFO - Started process (PID=1247) to work on /home/airflow/.local/lib/python3.6/site-packages/airflow/example_dags/example_branch_day_of_week_operator.py
[2021-09-21 01:26:06,810] {processor.py:613} INFO - Processing file /home/airflow/.local/lib/python3.6/site-packages/airflow/example_dags/example_branch_day_of_week_operator.py for tasks to queue
[2021-09-21 01:26:06,814] {logging_mixin.py:109} INFO - [2021-09-21 01:26:06,813] {dagbag.py:496} INFO - Filling up the DagBag from /home/airflow/.local/lib/python3.6/site-packages/airflow/example_dags/example_branch_day_of_week_operator.py
[2021-09-21 01:26:06,898] {processor.py:623} INFO - DAG(s) dict_keys(['example_weekday_branch_operator']) retrieved from /home/airflow/.local/lib/python3.6/site-packages/airflow/example_dags/example_branch_day_of_week_operator.py
[2021-09-21 01:26:07,192] {logging_mixin.py:109} INFO - [2021-09-21 01:26:07,192] {dag.py:1834} INFO - Sync 1 DAGs
[2021-09-21 01:26:07,259] {logging_mixin.py:109} INFO - [2021-09-21 01:26:07,258] {dag.py:2287} INFO - Setting next_dagrun for example_weekday_branch_operator to 2021-09-19 00:00:00+00:00
[2021-09-21 01:26:07,295] {processor.py:170} INFO - Processing /home/airflow/.local/lib/python3.6/site-packages/airflow/example_dags/example_branch_day_of_week_operator.py took 0.574 seconds
[2021-09-21 01:26:37,455] {processor.py:162} INFO - Started process (PID=1291) to work on /home/airflow/.local/lib/python3.6/site-packages/airflow/example_dags/example_branch_day_of_week_operator.py
[2021-09-21 01:26:37,459] {processor.py:613} INFO - Processing file /home/airflow/.local/lib/python3.6/site-packages/airflow/example_dags/example_branch_day_of_week_operator.py for tasks to queue
[2021-09-21 01:26:37,464] {logging_mixin.py:109} INFO - [2021-09-21 01:26:37,463] {dagbag.py:496} INFO - Filling up the DagBag from /home/airflow/.local/lib/python3.6/site-packages/airflow/example_dags/example_branch_day_of_week_operator.py
[2021-09-21 01:26:37,566] {processor.py:623} INFO - DAG(s) dict_keys(['example_weekday_branch_operator']) retrieved from /home/airflow/.local/lib/python3.6/site-packages/airflow/example_dags/example_branch_day_of_week_operator.py
[2021-09-21 01:26:37,678] {logging_mixin.py:109} INFO - [2021-09-21 01:26:37,677] {dag.py:1834} INFO - Sync 1 DAGs
[2021-09-21 01:26:37,739] {logging_mixin.py:109} INFO - [2021-09-21 01:26:37,739] {dag.py:2287} INFO - Setting next_dagrun for example_weekday_branch_operator to 2021-09-19 00:00:00+00:00
[2021-09-21 01:26:37,775] {processor.py:170} INFO - Processing /home/airflow/.local/lib/python3.6/site-packages/airflow/example_dags/example_branch_day_of_week_operator.py took 0.328 seconds
[2021-09-21 01:27:07,998] {processor.py:162} INFO - Started process (PID=1356) to work on /home/airflow/.local/lib/python3.6/site-packages/airflow/example_dags/example_branch_day_of_week_operator.py
[2021-09-21 01:27:08,001] {processor.py:613} INFO - Processing file /home/airflow/.local/lib/python3.6/site-packages/airflow/example_dags/example_branch_day_of_week_operator.py for tasks to queue
[2021-09-21 01:27:08,002] {logging_mixin.py:109} INFO - [2021-09-21 01:27:08,002] {dagbag.py:496} INFO - Filling up the DagBag from /home/airflow/.local/lib/python3.6/site-packages/airflow/example_dags/example_branch_day_of_week_operator.py
[2021-09-21 01:27:08,017] {processor.py:623} INFO - DAG(s) dict_keys(['example_weekday_branch_operator']) retrieved from /home/airflow/.local/lib/python3.6/site-packages/airflow/example_dags/example_branch_day_of_week_operator.py
[2021-09-21 01:27:08,044] {logging_mixin.py:109} INFO - [2021-09-21 01:27:08,044] {dag.py:1834} INFO - Sync 1 DAGs
[2021-09-21 01:27:08,074] {logging_mixin.py:109} INFO - [2021-09-21 01:27:08,074] {dag.py:2287} INFO - Setting next_dagrun for example_weekday_branch_operator to 2021-09-19 00:00:00+00:00
[2021-09-21 01:27:08,091] {processor.py:170} INFO - Processing /home/airflow/.local/lib/python3.6/site-packages/airflow/example_dags/example_branch_day_of_week_operator.py took 0.097 seconds
[2021-09-21 01:27:38,639] {processor.py:162} INFO - Started process (PID=1404) to work on /home/airflow/.local/lib/python3.6/site-packages/airflow/example_dags/example_branch_day_of_week_operator.py
[2021-09-21 01:27:38,643] {processor.py:613} INFO - Processing file /home/airflow/.local/lib/python3.6/site-packages/airflow/example_dags/example_branch_day_of_week_operator.py for tasks to queue
[2021-09-21 01:27:38,646] {logging_mixin.py:109} INFO - [2021-09-21 01:27:38,645] {dagbag.py:496} INFO - Filling up the DagBag from /home/airflow/.local/lib/python3.6/site-packages/airflow/example_dags/example_branch_day_of_week_operator.py
[2021-09-21 01:27:38,700] {processor.py:623} INFO - DAG(s) dict_keys(['example_weekday_branch_operator']) retrieved from /home/airflow/.local/lib/python3.6/site-packages/airflow/example_dags/example_branch_day_of_week_operator.py
[2021-09-21 01:27:38,822] {logging_mixin.py:109} INFO - [2021-09-21 01:27:38,822] {dag.py:1834} INFO - Sync 1 DAGs
[2021-09-21 01:27:38,849] {logging_mixin.py:109} INFO - [2021-09-21 01:27:38,849] {dag.py:2287} INFO - Setting next_dagrun for example_weekday_branch_operator to 2021-09-19 00:00:00+00:00
[2021-09-21 01:27:38,863] {processor.py:170} INFO - Processing /home/airflow/.local/lib/python3.6/site-packages/airflow/example_dags/example_branch_day_of_week_operator.py took 0.229 seconds
[2021-09-21 01:28:09,694] {processor.py:162} INFO - Started process (PID=1460) to work on /home/airflow/.local/lib/python3.6/site-packages/airflow/example_dags/example_branch_day_of_week_operator.py
[2021-09-21 01:28:09,698] {processor.py:613} INFO - Processing file /home/airflow/.local/lib/python3.6/site-packages/airflow/example_dags/example_branch_day_of_week_operator.py for tasks to queue
[2021-09-21 01:28:09,699] {logging_mixin.py:109} INFO - [2021-09-21 01:28:09,699] {dagbag.py:496} INFO - Filling up the DagBag from /home/airflow/.local/lib/python3.6/site-packages/airflow/example_dags/example_branch_day_of_week_operator.py
[2021-09-21 01:28:09,720] {processor.py:623} INFO - DAG(s) dict_keys(['example_weekday_branch_operator']) retrieved from /home/airflow/.local/lib/python3.6/site-packages/airflow/example_dags/example_branch_day_of_week_operator.py
[2021-09-21 01:28:09,748] {logging_mixin.py:109} INFO - [2021-09-21 01:28:09,748] {dag.py:1834} INFO - Sync 1 DAGs
[2021-09-21 01:28:09,770] {logging_mixin.py:109} INFO - [2021-09-21 01:28:09,769] {dag.py:2287} INFO - Setting next_dagrun for example_weekday_branch_operator to 2021-09-19 00:00:00+00:00
[2021-09-21 01:28:09,781] {processor.py:170} INFO - Processing /home/airflow/.local/lib/python3.6/site-packages/airflow/example_dags/example_branch_day_of_week_operator.py took 0.096 seconds
[2021-09-21 01:28:40,345] {processor.py:162} INFO - Started process (PID=1523) to work on /home/airflow/.local/lib/python3.6/site-packages/airflow/example_dags/example_branch_day_of_week_operator.py
[2021-09-21 01:28:40,388] {processor.py:613} INFO - Processing file /home/airflow/.local/lib/python3.6/site-packages/airflow/example_dags/example_branch_day_of_week_operator.py for tasks to queue
[2021-09-21 01:28:40,390] {logging_mixin.py:109} INFO - [2021-09-21 01:28:40,390] {dagbag.py:496} INFO - Filling up the DagBag from /home/airflow/.local/lib/python3.6/site-packages/airflow/example_dags/example_branch_day_of_week_operator.py
[2021-09-21 01:28:40,405] {processor.py:623} INFO - DAG(s) dict_keys(['example_weekday_branch_operator']) retrieved from /home/airflow/.local/lib/python3.6/site-packages/airflow/example_dags/example_branch_day_of_week_operator.py
[2021-09-21 01:28:40,434] {logging_mixin.py:109} INFO - [2021-09-21 01:28:40,434] {dag.py:1834} INFO - Sync 1 DAGs
[2021-09-21 01:28:40,460] {logging_mixin.py:109} INFO - [2021-09-21 01:28:40,460] {dag.py:2287} INFO - Setting next_dagrun for example_weekday_branch_operator to 2021-09-19 00:00:00+00:00
[2021-09-21 01:28:40,472] {processor.py:170} INFO - Processing /home/airflow/.local/lib/python3.6/site-packages/airflow/example_dags/example_branch_day_of_week_operator.py took 0.130 seconds
[2021-09-21 01:29:11,052] {processor.py:162} INFO - Started process (PID=1577) to work on /home/airflow/.local/lib/python3.6/site-packages/airflow/example_dags/example_branch_day_of_week_operator.py
[2021-09-21 01:29:11,057] {processor.py:613} INFO - Processing file /home/airflow/.local/lib/python3.6/site-packages/airflow/example_dags/example_branch_day_of_week_operator.py for tasks to queue
[2021-09-21 01:29:11,063] {logging_mixin.py:109} INFO - [2021-09-21 01:29:11,062] {dagbag.py:496} INFO - Filling up the DagBag from /home/airflow/.local/lib/python3.6/site-packages/airflow/example_dags/example_branch_day_of_week_operator.py
[2021-09-21 01:29:11,086] {processor.py:623} INFO - DAG(s) dict_keys(['example_weekday_branch_operator']) retrieved from /home/airflow/.local/lib/python3.6/site-packages/airflow/example_dags/example_branch_day_of_week_operator.py
[2021-09-21 01:29:11,135] {logging_mixin.py:109} INFO - [2021-09-21 01:29:11,135] {dag.py:1834} INFO - Sync 1 DAGs
[2021-09-21 01:29:11,169] {logging_mixin.py:109} INFO - [2021-09-21 01:29:11,169] {dag.py:2287} INFO - Setting next_dagrun for example_weekday_branch_operator to 2021-09-19 00:00:00+00:00
[2021-09-21 01:29:11,189] {processor.py:170} INFO - Processing /home/airflow/.local/lib/python3.6/site-packages/airflow/example_dags/example_branch_day_of_week_operator.py took 0.144 seconds
[2021-09-21 01:29:41,415] {processor.py:162} INFO - Started process (PID=1640) to work on /home/airflow/.local/lib/python3.6/site-packages/airflow/example_dags/example_branch_day_of_week_operator.py
[2021-09-21 01:29:41,417] {processor.py:613} INFO - Processing file /home/airflow/.local/lib/python3.6/site-packages/airflow/example_dags/example_branch_day_of_week_operator.py for tasks to queue
[2021-09-21 01:29:41,418] {logging_mixin.py:109} INFO - [2021-09-21 01:29:41,418] {dagbag.py:496} INFO - Filling up the DagBag from /home/airflow/.local/lib/python3.6/site-packages/airflow/example_dags/example_branch_day_of_week_operator.py
[2021-09-21 01:29:41,429] {processor.py:623} INFO - DAG(s) dict_keys(['example_weekday_branch_operator']) retrieved from /home/airflow/.local/lib/python3.6/site-packages/airflow/example_dags/example_branch_day_of_week_operator.py
[2021-09-21 01:29:41,451] {logging_mixin.py:109} INFO - [2021-09-21 01:29:41,450] {dag.py:1834} INFO - Sync 1 DAGs
[2021-09-21 01:29:41,468] {logging_mixin.py:109} INFO - [2021-09-21 01:29:41,468] {dag.py:2287} INFO - Setting next_dagrun for example_weekday_branch_operator to 2021-09-19 00:00:00+00:00
[2021-09-21 01:29:41,478] {processor.py:170} INFO - Processing /home/airflow/.local/lib/python3.6/site-packages/airflow/example_dags/example_branch_day_of_week_operator.py took 0.066 seconds
[2021-09-21 01:30:11,521] {processor.py:162} INFO - Started process (PID=1693) to work on /home/airflow/.local/lib/python3.6/site-packages/airflow/example_dags/example_branch_day_of_week_operator.py
[2021-09-21 01:30:11,523] {processor.py:613} INFO - Processing file /home/airflow/.local/lib/python3.6/site-packages/airflow/example_dags/example_branch_day_of_week_operator.py for tasks to queue
[2021-09-21 01:30:11,524] {logging_mixin.py:109} INFO - [2021-09-21 01:30:11,524] {dagbag.py:496} INFO - Filling up the DagBag from /home/airflow/.local/lib/python3.6/site-packages/airflow/example_dags/example_branch_day_of_week_operator.py
[2021-09-21 01:30:11,535] {processor.py:623} INFO - DAG(s) dict_keys(['example_weekday_branch_operator']) retrieved from /home/airflow/.local/lib/python3.6/site-packages/airflow/example_dags/example_branch_day_of_week_operator.py
[2021-09-21 01:30:11,555] {logging_mixin.py:109} INFO - [2021-09-21 01:30:11,554] {dag.py:1834} INFO - Sync 1 DAGs
[2021-09-21 01:30:11,569] {logging_mixin.py:109} INFO - [2021-09-21 01:30:11,569] {dag.py:2287} INFO - Setting next_dagrun for example_weekday_branch_operator to 2021-09-19 00:00:00+00:00
[2021-09-21 01:30:11,578] {processor.py:170} INFO - Processing /home/airflow/.local/lib/python3.6/site-packages/airflow/example_dags/example_branch_day_of_week_operator.py took 0.061 seconds
[2021-09-21 01:30:42,058] {processor.py:162} INFO - Started process (PID=1755) to work on /home/airflow/.local/lib/python3.6/site-packages/airflow/example_dags/example_branch_day_of_week_operator.py
[2021-09-21 01:30:42,059] {processor.py:613} INFO - Processing file /home/airflow/.local/lib/python3.6/site-packages/airflow/example_dags/example_branch_day_of_week_operator.py for tasks to queue
[2021-09-21 01:30:42,061] {logging_mixin.py:109} INFO - [2021-09-21 01:30:42,061] {dagbag.py:496} INFO - Filling up the DagBag from /home/airflow/.local/lib/python3.6/site-packages/airflow/example_dags/example_branch_day_of_week_operator.py
[2021-09-21 01:30:42,072] {processor.py:623} INFO - DAG(s) dict_keys(['example_weekday_branch_operator']) retrieved from /home/airflow/.local/lib/python3.6/site-packages/airflow/example_dags/example_branch_day_of_week_operator.py
[2021-09-21 01:30:42,096] {logging_mixin.py:109} INFO - [2021-09-21 01:30:42,096] {dag.py:1834} INFO - Sync 1 DAGs
[2021-09-21 01:30:42,113] {logging_mixin.py:109} INFO - [2021-09-21 01:30:42,113] {dag.py:2287} INFO - Setting next_dagrun for example_weekday_branch_operator to 2021-09-19 00:00:00+00:00
[2021-09-21 01:30:42,123] {processor.py:170} INFO - Processing /home/airflow/.local/lib/python3.6/site-packages/airflow/example_dags/example_branch_day_of_week_operator.py took 0.069 seconds
[2021-09-21 01:31:12,239] {processor.py:162} INFO - Started process (PID=1819) to work on /home/airflow/.local/lib/python3.6/site-packages/airflow/example_dags/example_branch_day_of_week_operator.py
[2021-09-21 01:31:12,241] {processor.py:613} INFO - Processing file /home/airflow/.local/lib/python3.6/site-packages/airflow/example_dags/example_branch_day_of_week_operator.py for tasks to queue
[2021-09-21 01:31:12,242] {logging_mixin.py:109} INFO - [2021-09-21 01:31:12,242] {dagbag.py:496} INFO - Filling up the DagBag from /home/airflow/.local/lib/python3.6/site-packages/airflow/example_dags/example_branch_day_of_week_operator.py
[2021-09-21 01:31:12,257] {processor.py:623} INFO - DAG(s) dict_keys(['example_weekday_branch_operator']) retrieved from /home/airflow/.local/lib/python3.6/site-packages/airflow/example_dags/example_branch_day_of_week_operator.py
[2021-09-21 01:31:12,284] {logging_mixin.py:109} INFO - [2021-09-21 01:31:12,283] {dag.py:1834} INFO - Sync 1 DAGs
[2021-09-21 01:31:12,305] {logging_mixin.py:109} INFO - [2021-09-21 01:31:12,304] {dag.py:2287} INFO - Setting next_dagrun for example_weekday_branch_operator to 2021-09-19 00:00:00+00:00
[2021-09-21 01:31:12,321] {processor.py:170} INFO - Processing /home/airflow/.local/lib/python3.6/site-packages/airflow/example_dags/example_branch_day_of_week_operator.py took 0.086 seconds
[2021-09-21 01:31:42,741] {processor.py:162} INFO - Started process (PID=1872) to work on /home/airflow/.local/lib/python3.6/site-packages/airflow/example_dags/example_branch_day_of_week_operator.py
[2021-09-21 01:31:42,743] {processor.py:613} INFO - Processing file /home/airflow/.local/lib/python3.6/site-packages/airflow/example_dags/example_branch_day_of_week_operator.py for tasks to queue
[2021-09-21 01:31:42,745] {logging_mixin.py:109} INFO - [2021-09-21 01:31:42,745] {dagbag.py:496} INFO - Filling up the DagBag from /home/airflow/.local/lib/python3.6/site-packages/airflow/example_dags/example_branch_day_of_week_operator.py
[2021-09-21 01:31:42,760] {processor.py:623} INFO - DAG(s) dict_keys(['example_weekday_branch_operator']) retrieved from /home/airflow/.local/lib/python3.6/site-packages/airflow/example_dags/example_branch_day_of_week_operator.py
[2021-09-21 01:31:42,783] {logging_mixin.py:109} INFO - [2021-09-21 01:31:42,783] {dag.py:1834} INFO - Sync 1 DAGs
[2021-09-21 01:31:42,801] {logging_mixin.py:109} INFO - [2021-09-21 01:31:42,801] {dag.py:2287} INFO - Setting next_dagrun for example_weekday_branch_operator to 2021-09-19 00:00:00+00:00
[2021-09-21 01:31:42,811] {processor.py:170} INFO - Processing /home/airflow/.local/lib/python3.6/site-packages/airflow/example_dags/example_branch_day_of_week_operator.py took 0.074 seconds
[2021-09-21 01:32:13,545] {processor.py:162} INFO - Started process (PID=1935) to work on /home/airflow/.local/lib/python3.6/site-packages/airflow/example_dags/example_branch_day_of_week_operator.py
[2021-09-21 01:32:13,555] {processor.py:613} INFO - Processing file /home/airflow/.local/lib/python3.6/site-packages/airflow/example_dags/example_branch_day_of_week_operator.py for tasks to queue
[2021-09-21 01:32:13,556] {logging_mixin.py:109} INFO - [2021-09-21 01:32:13,556] {dagbag.py:496} INFO - Filling up the DagBag from /home/airflow/.local/lib/python3.6/site-packages/airflow/example_dags/example_branch_day_of_week_operator.py
[2021-09-21 01:32:13,575] {processor.py:623} INFO - DAG(s) dict_keys(['example_weekday_branch_operator']) retrieved from /home/airflow/.local/lib/python3.6/site-packages/airflow/example_dags/example_branch_day_of_week_operator.py
[2021-09-21 01:32:13,602] {logging_mixin.py:109} INFO - [2021-09-21 01:32:13,602] {dag.py:1834} INFO - Sync 1 DAGs
[2021-09-21 01:32:13,621] {logging_mixin.py:109} INFO - [2021-09-21 01:32:13,621] {dag.py:2287} INFO - Setting next_dagrun for example_weekday_branch_operator to 2021-09-19 00:00:00+00:00
[2021-09-21 01:32:13,633] {processor.py:170} INFO - Processing /home/airflow/.local/lib/python3.6/site-packages/airflow/example_dags/example_branch_day_of_week_operator.py took 0.093 seconds
[2021-09-21 01:32:44,079] {processor.py:162} INFO - Started process (PID=1987) to work on /home/airflow/.local/lib/python3.6/site-packages/airflow/example_dags/example_branch_day_of_week_operator.py
[2021-09-21 01:32:44,081] {processor.py:613} INFO - Processing file /home/airflow/.local/lib/python3.6/site-packages/airflow/example_dags/example_branch_day_of_week_operator.py for tasks to queue
[2021-09-21 01:32:44,082] {logging_mixin.py:109} INFO - [2021-09-21 01:32:44,082] {dagbag.py:496} INFO - Filling up the DagBag from /home/airflow/.local/lib/python3.6/site-packages/airflow/example_dags/example_branch_day_of_week_operator.py
[2021-09-21 01:32:44,093] {processor.py:623} INFO - DAG(s) dict_keys(['example_weekday_branch_operator']) retrieved from /home/airflow/.local/lib/python3.6/site-packages/airflow/example_dags/example_branch_day_of_week_operator.py
[2021-09-21 01:32:44,114] {logging_mixin.py:109} INFO - [2021-09-21 01:32:44,114] {dag.py:1834} INFO - Sync 1 DAGs
[2021-09-21 01:32:44,129] {logging_mixin.py:109} INFO - [2021-09-21 01:32:44,129] {dag.py:2287} INFO - Setting next_dagrun for example_weekday_branch_operator to 2021-09-19 00:00:00+00:00
[2021-09-21 01:32:44,138] {processor.py:170} INFO - Processing /home/airflow/.local/lib/python3.6/site-packages/airflow/example_dags/example_branch_day_of_week_operator.py took 0.062 seconds
[2021-09-21 01:33:14,835] {processor.py:162} INFO - Started process (PID=2053) to work on /home/airflow/.local/lib/python3.6/site-packages/airflow/example_dags/example_branch_day_of_week_operator.py
[2021-09-21 01:33:14,837] {processor.py:613} INFO - Processing file /home/airflow/.local/lib/python3.6/site-packages/airflow/example_dags/example_branch_day_of_week_operator.py for tasks to queue
[2021-09-21 01:33:14,840] {logging_mixin.py:109} INFO - [2021-09-21 01:33:14,840] {dagbag.py:496} INFO - Filling up the DagBag from /home/airflow/.local/lib/python3.6/site-packages/airflow/example_dags/example_branch_day_of_week_operator.py
[2021-09-21 01:33:14,868] {processor.py:623} INFO - DAG(s) dict_keys(['example_weekday_branch_operator']) retrieved from /home/airflow/.local/lib/python3.6/site-packages/airflow/example_dags/example_branch_day_of_week_operator.py
[2021-09-21 01:33:14,901] {logging_mixin.py:109} INFO - [2021-09-21 01:33:14,901] {dag.py:1834} INFO - Sync 1 DAGs
[2021-09-21 01:33:14,920] {logging_mixin.py:109} INFO - [2021-09-21 01:33:14,920] {dag.py:2287} INFO - Setting next_dagrun for example_weekday_branch_operator to 2021-09-19 00:00:00+00:00
[2021-09-21 01:33:14,933] {processor.py:170} INFO - Processing /home/airflow/.local/lib/python3.6/site-packages/airflow/example_dags/example_branch_day_of_week_operator.py took 0.102 seconds
[2021-09-21 01:33:45,606] {processor.py:162} INFO - Started process (PID=2117) to work on /home/airflow/.local/lib/python3.6/site-packages/airflow/example_dags/example_branch_day_of_week_operator.py
[2021-09-21 01:33:45,609] {processor.py:613} INFO - Processing file /home/airflow/.local/lib/python3.6/site-packages/airflow/example_dags/example_branch_day_of_week_operator.py for tasks to queue
[2021-09-21 01:33:45,611] {logging_mixin.py:109} INFO - [2021-09-21 01:33:45,611] {dagbag.py:496} INFO - Filling up the DagBag from /home/airflow/.local/lib/python3.6/site-packages/airflow/example_dags/example_branch_day_of_week_operator.py
[2021-09-21 01:33:45,627] {processor.py:623} INFO - DAG(s) dict_keys(['example_weekday_branch_operator']) retrieved from /home/airflow/.local/lib/python3.6/site-packages/airflow/example_dags/example_branch_day_of_week_operator.py
[2021-09-21 01:33:45,658] {logging_mixin.py:109} INFO - [2021-09-21 01:33:45,658] {dag.py:1834} INFO - Sync 1 DAGs
[2021-09-21 01:33:45,677] {logging_mixin.py:109} INFO - [2021-09-21 01:33:45,677] {dag.py:2287} INFO - Setting next_dagrun for example_weekday_branch_operator to 2021-09-19 00:00:00+00:00
[2021-09-21 01:33:45,687] {processor.py:170} INFO - Processing /home/airflow/.local/lib/python3.6/site-packages/airflow/example_dags/example_branch_day_of_week_operator.py took 0.086 seconds
[2021-09-21 01:34:16,295] {processor.py:162} INFO - Started process (PID=2169) to work on /home/airflow/.local/lib/python3.6/site-packages/airflow/example_dags/example_branch_day_of_week_operator.py
[2021-09-21 01:34:16,297] {processor.py:613} INFO - Processing file /home/airflow/.local/lib/python3.6/site-packages/airflow/example_dags/example_branch_day_of_week_operator.py for tasks to queue
[2021-09-21 01:34:16,298] {logging_mixin.py:109} INFO - [2021-09-21 01:34:16,298] {dagbag.py:496} INFO - Filling up the DagBag from /home/airflow/.local/lib/python3.6/site-packages/airflow/example_dags/example_branch_day_of_week_operator.py
[2021-09-21 01:34:16,312] {processor.py:623} INFO - DAG(s) dict_keys(['example_weekday_branch_operator']) retrieved from /home/airflow/.local/lib/python3.6/site-packages/airflow/example_dags/example_branch_day_of_week_operator.py
[2021-09-21 01:34:16,337] {logging_mixin.py:109} INFO - [2021-09-21 01:34:16,337] {dag.py:1834} INFO - Sync 1 DAGs
[2021-09-21 01:34:16,368] {logging_mixin.py:109} INFO - [2021-09-21 01:34:16,368] {dag.py:2287} INFO - Setting next_dagrun for example_weekday_branch_operator to 2021-09-19 00:00:00+00:00
[2021-09-21 01:34:16,378] {processor.py:170} INFO - Processing /home/airflow/.local/lib/python3.6/site-packages/airflow/example_dags/example_branch_day_of_week_operator.py took 0.087 seconds
[2021-09-21 01:34:47,095] {processor.py:162} INFO - Started process (PID=2232) to work on /home/airflow/.local/lib/python3.6/site-packages/airflow/example_dags/example_branch_day_of_week_operator.py
[2021-09-21 01:34:47,097] {processor.py:613} INFO - Processing file /home/airflow/.local/lib/python3.6/site-packages/airflow/example_dags/example_branch_day_of_week_operator.py for tasks to queue
[2021-09-21 01:34:47,099] {logging_mixin.py:109} INFO - [2021-09-21 01:34:47,098] {dagbag.py:496} INFO - Filling up the DagBag from /home/airflow/.local/lib/python3.6/site-packages/airflow/example_dags/example_branch_day_of_week_operator.py
[2021-09-21 01:34:47,121] {processor.py:623} INFO - DAG(s) dict_keys(['example_weekday_branch_operator']) retrieved from /home/airflow/.local/lib/python3.6/site-packages/airflow/example_dags/example_branch_day_of_week_operator.py
[2021-09-21 01:34:47,157] {logging_mixin.py:109} INFO - [2021-09-21 01:34:47,156] {dag.py:1834} INFO - Sync 1 DAGs
[2021-09-21 01:34:47,184] {logging_mixin.py:109} INFO - [2021-09-21 01:34:47,184] {dag.py:2287} INFO - Setting next_dagrun for example_weekday_branch_operator to 2021-09-19 00:00:00+00:00
[2021-09-21 01:34:47,200] {processor.py:170} INFO - Processing /home/airflow/.local/lib/python3.6/site-packages/airflow/example_dags/example_branch_day_of_week_operator.py took 0.112 seconds
[2021-09-21 01:35:17,246] {processor.py:162} INFO - Started process (PID=2284) to work on /home/airflow/.local/lib/python3.6/site-packages/airflow/example_dags/example_branch_day_of_week_operator.py
[2021-09-21 01:35:17,248] {processor.py:613} INFO - Processing file /home/airflow/.local/lib/python3.6/site-packages/airflow/example_dags/example_branch_day_of_week_operator.py for tasks to queue
[2021-09-21 01:35:17,249] {logging_mixin.py:109} INFO - [2021-09-21 01:35:17,249] {dagbag.py:496} INFO - Filling up the DagBag from /home/airflow/.local/lib/python3.6/site-packages/airflow/example_dags/example_branch_day_of_week_operator.py
[2021-09-21 01:35:17,264] {processor.py:623} INFO - DAG(s) dict_keys(['example_weekday_branch_operator']) retrieved from /home/airflow/.local/lib/python3.6/site-packages/airflow/example_dags/example_branch_day_of_week_operator.py
[2021-09-21 01:35:17,288] {logging_mixin.py:109} INFO - [2021-09-21 01:35:17,288] {dag.py:1834} INFO - Sync 1 DAGs
[2021-09-21 01:35:17,306] {logging_mixin.py:109} INFO - [2021-09-21 01:35:17,306] {dag.py:2287} INFO - Setting next_dagrun for example_weekday_branch_operator to 2021-09-19 00:00:00+00:00
[2021-09-21 01:35:17,319] {processor.py:170} INFO - Processing /home/airflow/.local/lib/python3.6/site-packages/airflow/example_dags/example_branch_day_of_week_operator.py took 0.078 seconds
[2021-09-21 01:35:47,926] {processor.py:162} INFO - Started process (PID=2349) to work on /home/airflow/.local/lib/python3.6/site-packages/airflow/example_dags/example_branch_day_of_week_operator.py
[2021-09-21 01:35:47,928] {processor.py:613} INFO - Processing file /home/airflow/.local/lib/python3.6/site-packages/airflow/example_dags/example_branch_day_of_week_operator.py for tasks to queue
[2021-09-21 01:35:47,930] {logging_mixin.py:109} INFO - [2021-09-21 01:35:47,930] {dagbag.py:496} INFO - Filling up the DagBag from /home/airflow/.local/lib/python3.6/site-packages/airflow/example_dags/example_branch_day_of_week_operator.py
[2021-09-21 01:35:47,944] {processor.py:623} INFO - DAG(s) dict_keys(['example_weekday_branch_operator']) retrieved from /home/airflow/.local/lib/python3.6/site-packages/airflow/example_dags/example_branch_day_of_week_operator.py
[2021-09-21 01:35:47,969] {logging_mixin.py:109} INFO - [2021-09-21 01:35:47,968] {dag.py:1834} INFO - Sync 1 DAGs
[2021-09-21 01:35:47,987] {logging_mixin.py:109} INFO - [2021-09-21 01:35:47,986] {dag.py:2287} INFO - Setting next_dagrun for example_weekday_branch_operator to 2021-09-19 00:00:00+00:00
[2021-09-21 01:35:47,998] {processor.py:170} INFO - Processing /home/airflow/.local/lib/python3.6/site-packages/airflow/example_dags/example_branch_day_of_week_operator.py took 0.076 seconds
[2021-09-21 01:36:18,294] {processor.py:162} INFO - Started process (PID=2403) to work on /home/airflow/.local/lib/python3.6/site-packages/airflow/example_dags/example_branch_day_of_week_operator.py
[2021-09-21 01:36:18,296] {processor.py:613} INFO - Processing file /home/airflow/.local/lib/python3.6/site-packages/airflow/example_dags/example_branch_day_of_week_operator.py for tasks to queue
[2021-09-21 01:36:18,298] {logging_mixin.py:109} INFO - [2021-09-21 01:36:18,298] {dagbag.py:496} INFO - Filling up the DagBag from /home/airflow/.local/lib/python3.6/site-packages/airflow/example_dags/example_branch_day_of_week_operator.py
[2021-09-21 01:36:18,313] {processor.py:623} INFO - DAG(s) dict_keys(['example_weekday_branch_operator']) retrieved from /home/airflow/.local/lib/python3.6/site-packages/airflow/example_dags/example_branch_day_of_week_operator.py
[2021-09-21 01:36:18,350] {logging_mixin.py:109} INFO - [2021-09-21 01:36:18,350] {dag.py:1834} INFO - Sync 1 DAGs
[2021-09-21 01:36:18,369] {logging_mixin.py:109} INFO - [2021-09-21 01:36:18,369] {dag.py:2287} INFO - Setting next_dagrun for example_weekday_branch_operator to 2021-09-19 00:00:00+00:00
[2021-09-21 01:36:18,390] {processor.py:170} INFO - Processing /home/airflow/.local/lib/python3.6/site-packages/airflow/example_dags/example_branch_day_of_week_operator.py took 0.100 seconds
[2021-09-21 01:36:49,026] {processor.py:162} INFO - Started process (PID=2470) to work on /home/airflow/.local/lib/python3.6/site-packages/airflow/example_dags/example_branch_day_of_week_operator.py
[2021-09-21 01:36:49,031] {processor.py:613} INFO - Processing file /home/airflow/.local/lib/python3.6/site-packages/airflow/example_dags/example_branch_day_of_week_operator.py for tasks to queue
[2021-09-21 01:36:49,035] {logging_mixin.py:109} INFO - [2021-09-21 01:36:49,035] {dagbag.py:496} INFO - Filling up the DagBag from /home/airflow/.local/lib/python3.6/site-packages/airflow/example_dags/example_branch_day_of_week_operator.py
[2021-09-21 01:36:49,130] {processor.py:623} INFO - DAG(s) dict_keys(['example_weekday_branch_operator']) retrieved from /home/airflow/.local/lib/python3.6/site-packages/airflow/example_dags/example_branch_day_of_week_operator.py
[2021-09-21 01:36:49,235] {logging_mixin.py:109} INFO - [2021-09-21 01:36:49,235] {dag.py:1834} INFO - Sync 1 DAGs
[2021-09-21 01:36:49,320] {logging_mixin.py:109} INFO - [2021-09-21 01:36:49,320] {dag.py:2287} INFO - Setting next_dagrun for example_weekday_branch_operator to 2021-09-19 00:00:00+00:00
[2021-09-21 01:36:49,434] {processor.py:170} INFO - Processing /home/airflow/.local/lib/python3.6/site-packages/airflow/example_dags/example_branch_day_of_week_operator.py took 0.413 seconds
[2021-09-21 01:37:19,846] {processor.py:162} INFO - Started process (PID=2521) to work on /home/airflow/.local/lib/python3.6/site-packages/airflow/example_dags/example_branch_day_of_week_operator.py
[2021-09-21 01:37:19,849] {processor.py:613} INFO - Processing file /home/airflow/.local/lib/python3.6/site-packages/airflow/example_dags/example_branch_day_of_week_operator.py for tasks to queue
[2021-09-21 01:37:19,852] {logging_mixin.py:109} INFO - [2021-09-21 01:37:19,852] {dagbag.py:496} INFO - Filling up the DagBag from /home/airflow/.local/lib/python3.6/site-packages/airflow/example_dags/example_branch_day_of_week_operator.py
[2021-09-21 01:37:19,874] {processor.py:623} INFO - DAG(s) dict_keys(['example_weekday_branch_operator']) retrieved from /home/airflow/.local/lib/python3.6/site-packages/airflow/example_dags/example_branch_day_of_week_operator.py
[2021-09-21 01:37:19,905] {logging_mixin.py:109} INFO - [2021-09-21 01:37:19,905] {dag.py:1834} INFO - Sync 1 DAGs
[2021-09-21 01:37:19,931] {logging_mixin.py:109} INFO - [2021-09-21 01:37:19,931] {dag.py:2287} INFO - Setting next_dagrun for example_weekday_branch_operator to 2021-09-19 00:00:00+00:00
[2021-09-21 01:37:19,944] {processor.py:170} INFO - Processing /home/airflow/.local/lib/python3.6/site-packages/airflow/example_dags/example_branch_day_of_week_operator.py took 0.102 seconds
[2021-09-21 01:37:50,672] {processor.py:162} INFO - Started process (PID=2575) to work on /home/airflow/.local/lib/python3.6/site-packages/airflow/example_dags/example_branch_day_of_week_operator.py
[2021-09-21 01:37:50,675] {processor.py:613} INFO - Processing file /home/airflow/.local/lib/python3.6/site-packages/airflow/example_dags/example_branch_day_of_week_operator.py for tasks to queue
[2021-09-21 01:37:50,677] {logging_mixin.py:109} INFO - [2021-09-21 01:37:50,676] {dagbag.py:496} INFO - Filling up the DagBag from /home/airflow/.local/lib/python3.6/site-packages/airflow/example_dags/example_branch_day_of_week_operator.py
[2021-09-21 01:37:50,691] {processor.py:623} INFO - DAG(s) dict_keys(['example_weekday_branch_operator']) retrieved from /home/airflow/.local/lib/python3.6/site-packages/airflow/example_dags/example_branch_day_of_week_operator.py
[2021-09-21 01:37:50,717] {logging_mixin.py:109} INFO - [2021-09-21 01:37:50,717] {dag.py:1834} INFO - Sync 1 DAGs
[2021-09-21 01:37:50,737] {logging_mixin.py:109} INFO - [2021-09-21 01:37:50,737] {dag.py:2287} INFO - Setting next_dagrun for example_weekday_branch_operator to 2021-09-19 00:00:00+00:00
[2021-09-21 01:37:50,748] {processor.py:170} INFO - Processing /home/airflow/.local/lib/python3.6/site-packages/airflow/example_dags/example_branch_day_of_week_operator.py took 0.080 seconds
[2021-09-21 01:38:21,706] {processor.py:162} INFO - Started process (PID=2640) to work on /home/airflow/.local/lib/python3.6/site-packages/airflow/example_dags/example_branch_day_of_week_operator.py
[2021-09-21 01:38:21,709] {processor.py:613} INFO - Processing file /home/airflow/.local/lib/python3.6/site-packages/airflow/example_dags/example_branch_day_of_week_operator.py for tasks to queue
[2021-09-21 01:38:21,711] {logging_mixin.py:109} INFO - [2021-09-21 01:38:21,711] {dagbag.py:496} INFO - Filling up the DagBag from /home/airflow/.local/lib/python3.6/site-packages/airflow/example_dags/example_branch_day_of_week_operator.py
[2021-09-21 01:38:21,733] {processor.py:623} INFO - DAG(s) dict_keys(['example_weekday_branch_operator']) retrieved from /home/airflow/.local/lib/python3.6/site-packages/airflow/example_dags/example_branch_day_of_week_operator.py
[2021-09-21 01:38:21,762] {logging_mixin.py:109} INFO - [2021-09-21 01:38:21,762] {dag.py:1834} INFO - Sync 1 DAGs
[2021-09-21 01:38:21,784] {logging_mixin.py:109} INFO - [2021-09-21 01:38:21,784] {dag.py:2287} INFO - Setting next_dagrun for example_weekday_branch_operator to 2021-09-19 00:00:00+00:00
[2021-09-21 01:38:21,801] {processor.py:170} INFO - Processing /home/airflow/.local/lib/python3.6/site-packages/airflow/example_dags/example_branch_day_of_week_operator.py took 0.100 seconds
[2021-09-21 01:38:52,144] {processor.py:162} INFO - Started process (PID=2692) to work on /home/airflow/.local/lib/python3.6/site-packages/airflow/example_dags/example_branch_day_of_week_operator.py
[2021-09-21 01:38:52,146] {processor.py:613} INFO - Processing file /home/airflow/.local/lib/python3.6/site-packages/airflow/example_dags/example_branch_day_of_week_operator.py for tasks to queue
[2021-09-21 01:38:52,148] {logging_mixin.py:109} INFO - [2021-09-21 01:38:52,148] {dagbag.py:496} INFO - Filling up the DagBag from /home/airflow/.local/lib/python3.6/site-packages/airflow/example_dags/example_branch_day_of_week_operator.py
[2021-09-21 01:38:52,163] {processor.py:623} INFO - DAG(s) dict_keys(['example_weekday_branch_operator']) retrieved from /home/airflow/.local/lib/python3.6/site-packages/airflow/example_dags/example_branch_day_of_week_operator.py
[2021-09-21 01:38:52,190] {logging_mixin.py:109} INFO - [2021-09-21 01:38:52,190] {dag.py:1834} INFO - Sync 1 DAGs
[2021-09-21 01:38:52,209] {logging_mixin.py:109} INFO - [2021-09-21 01:38:52,209] {dag.py:2287} INFO - Setting next_dagrun for example_weekday_branch_operator to 2021-09-19 00:00:00+00:00
[2021-09-21 01:38:52,220] {processor.py:170} INFO - Processing /home/airflow/.local/lib/python3.6/site-packages/airflow/example_dags/example_branch_day_of_week_operator.py took 0.084 seconds
[2021-09-21 01:39:22,286] {processor.py:162} INFO - Started process (PID=2755) to work on /home/airflow/.local/lib/python3.6/site-packages/airflow/example_dags/example_branch_day_of_week_operator.py
[2021-09-21 01:39:22,290] {processor.py:613} INFO - Processing file /home/airflow/.local/lib/python3.6/site-packages/airflow/example_dags/example_branch_day_of_week_operator.py for tasks to queue
[2021-09-21 01:39:22,292] {logging_mixin.py:109} INFO - [2021-09-21 01:39:22,291] {dagbag.py:496} INFO - Filling up the DagBag from /home/airflow/.local/lib/python3.6/site-packages/airflow/example_dags/example_branch_day_of_week_operator.py
[2021-09-21 01:39:22,308] {processor.py:623} INFO - DAG(s) dict_keys(['example_weekday_branch_operator']) retrieved from /home/airflow/.local/lib/python3.6/site-packages/airflow/example_dags/example_branch_day_of_week_operator.py
[2021-09-21 01:39:22,336] {logging_mixin.py:109} INFO - [2021-09-21 01:39:22,336] {dag.py:1834} INFO - Sync 1 DAGs
[2021-09-21 01:39:22,359] {logging_mixin.py:109} INFO - [2021-09-21 01:39:22,359] {dag.py:2287} INFO - Setting next_dagrun for example_weekday_branch_operator to 2021-09-19 00:00:00+00:00
[2021-09-21 01:39:22,373] {processor.py:170} INFO - Processing /home/airflow/.local/lib/python3.6/site-packages/airflow/example_dags/example_branch_day_of_week_operator.py took 0.092 seconds
[2021-09-21 01:39:52,436] {processor.py:162} INFO - Started process (PID=2817) to work on /home/airflow/.local/lib/python3.6/site-packages/airflow/example_dags/example_branch_day_of_week_operator.py
[2021-09-21 01:39:52,438] {processor.py:613} INFO - Processing file /home/airflow/.local/lib/python3.6/site-packages/airflow/example_dags/example_branch_day_of_week_operator.py for tasks to queue
[2021-09-21 01:39:52,440] {logging_mixin.py:109} INFO - [2021-09-21 01:39:52,440] {dagbag.py:496} INFO - Filling up the DagBag from /home/airflow/.local/lib/python3.6/site-packages/airflow/example_dags/example_branch_day_of_week_operator.py
[2021-09-21 01:39:52,455] {processor.py:623} INFO - DAG(s) dict_keys(['example_weekday_branch_operator']) retrieved from /home/airflow/.local/lib/python3.6/site-packages/airflow/example_dags/example_branch_day_of_week_operator.py
[2021-09-21 01:39:52,491] {logging_mixin.py:109} INFO - [2021-09-21 01:39:52,491] {dag.py:1834} INFO - Sync 1 DAGs
[2021-09-21 01:39:52,518] {logging_mixin.py:109} INFO - [2021-09-21 01:39:52,518] {dag.py:2287} INFO - Setting next_dagrun for example_weekday_branch_operator to 2021-09-19 00:00:00+00:00
[2021-09-21 01:39:52,543] {processor.py:170} INFO - Processing /home/airflow/.local/lib/python3.6/site-packages/airflow/example_dags/example_branch_day_of_week_operator.py took 0.112 seconds
[2021-09-21 01:40:23,430] {processor.py:162} INFO - Started process (PID=2870) to work on /home/airflow/.local/lib/python3.6/site-packages/airflow/example_dags/example_branch_day_of_week_operator.py
[2021-09-21 01:40:23,432] {processor.py:613} INFO - Processing file /home/airflow/.local/lib/python3.6/site-packages/airflow/example_dags/example_branch_day_of_week_operator.py for tasks to queue
[2021-09-21 01:40:23,434] {logging_mixin.py:109} INFO - [2021-09-21 01:40:23,434] {dagbag.py:496} INFO - Filling up the DagBag from /home/airflow/.local/lib/python3.6/site-packages/airflow/example_dags/example_branch_day_of_week_operator.py
[2021-09-21 01:40:23,448] {processor.py:623} INFO - DAG(s) dict_keys(['example_weekday_branch_operator']) retrieved from /home/airflow/.local/lib/python3.6/site-packages/airflow/example_dags/example_branch_day_of_week_operator.py
[2021-09-21 01:40:23,480] {logging_mixin.py:109} INFO - [2021-09-21 01:40:23,480] {dag.py:1834} INFO - Sync 1 DAGs
[2021-09-21 01:40:23,498] {logging_mixin.py:109} INFO - [2021-09-21 01:40:23,498] {dag.py:2287} INFO - Setting next_dagrun for example_weekday_branch_operator to 2021-09-19 00:00:00+00:00
[2021-09-21 01:40:23,509] {processor.py:170} INFO - Processing /home/airflow/.local/lib/python3.6/site-packages/airflow/example_dags/example_branch_day_of_week_operator.py took 0.084 seconds
[2021-09-21 01:40:54,085] {processor.py:162} INFO - Started process (PID=2933) to work on /home/airflow/.local/lib/python3.6/site-packages/airflow/example_dags/example_branch_day_of_week_operator.py
[2021-09-21 01:40:54,087] {processor.py:613} INFO - Processing file /home/airflow/.local/lib/python3.6/site-packages/airflow/example_dags/example_branch_day_of_week_operator.py for tasks to queue
[2021-09-21 01:40:54,089] {logging_mixin.py:109} INFO - [2021-09-21 01:40:54,088] {dagbag.py:496} INFO - Filling up the DagBag from /home/airflow/.local/lib/python3.6/site-packages/airflow/example_dags/example_branch_day_of_week_operator.py
[2021-09-21 01:40:54,104] {processor.py:623} INFO - DAG(s) dict_keys(['example_weekday_branch_operator']) retrieved from /home/airflow/.local/lib/python3.6/site-packages/airflow/example_dags/example_branch_day_of_week_operator.py
[2021-09-21 01:40:54,128] {logging_mixin.py:109} INFO - [2021-09-21 01:40:54,127] {dag.py:1834} INFO - Sync 1 DAGs
[2021-09-21 01:40:54,146] {logging_mixin.py:109} INFO - [2021-09-21 01:40:54,146] {dag.py:2287} INFO - Setting next_dagrun for example_weekday_branch_operator to 2021-09-19 00:00:00+00:00
[2021-09-21 01:40:54,158] {processor.py:170} INFO - Processing /home/airflow/.local/lib/python3.6/site-packages/airflow/example_dags/example_branch_day_of_week_operator.py took 0.077 seconds
[2021-09-21 01:41:25,002] {processor.py:162} INFO - Started process (PID=2997) to work on /home/airflow/.local/lib/python3.6/site-packages/airflow/example_dags/example_branch_day_of_week_operator.py
[2021-09-21 01:41:25,004] {processor.py:613} INFO - Processing file /home/airflow/.local/lib/python3.6/site-packages/airflow/example_dags/example_branch_day_of_week_operator.py for tasks to queue
[2021-09-21 01:41:25,006] {logging_mixin.py:109} INFO - [2021-09-21 01:41:25,006] {dagbag.py:496} INFO - Filling up the DagBag from /home/airflow/.local/lib/python3.6/site-packages/airflow/example_dags/example_branch_day_of_week_operator.py
[2021-09-21 01:41:25,022] {processor.py:623} INFO - DAG(s) dict_keys(['example_weekday_branch_operator']) retrieved from /home/airflow/.local/lib/python3.6/site-packages/airflow/example_dags/example_branch_day_of_week_operator.py
[2021-09-21 01:41:25,047] {logging_mixin.py:109} INFO - [2021-09-21 01:41:25,047] {dag.py:1834} INFO - Sync 1 DAGs
[2021-09-21 01:41:25,065] {logging_mixin.py:109} INFO - [2021-09-21 01:41:25,065] {dag.py:2287} INFO - Setting next_dagrun for example_weekday_branch_operator to 2021-09-19 00:00:00+00:00
[2021-09-21 01:41:25,076] {processor.py:170} INFO - Processing /home/airflow/.local/lib/python3.6/site-packages/airflow/example_dags/example_branch_day_of_week_operator.py took 0.078 seconds
[2021-09-21 01:41:55,339] {processor.py:162} INFO - Started process (PID=3051) to work on /home/airflow/.local/lib/python3.6/site-packages/airflow/example_dags/example_branch_day_of_week_operator.py
[2021-09-21 01:41:55,343] {processor.py:613} INFO - Processing file /home/airflow/.local/lib/python3.6/site-packages/airflow/example_dags/example_branch_day_of_week_operator.py for tasks to queue
[2021-09-21 01:41:55,346] {logging_mixin.py:109} INFO - [2021-09-21 01:41:55,346] {dagbag.py:496} INFO - Filling up the DagBag from /home/airflow/.local/lib/python3.6/site-packages/airflow/example_dags/example_branch_day_of_week_operator.py
[2021-09-21 01:41:55,369] {processor.py:623} INFO - DAG(s) dict_keys(['example_weekday_branch_operator']) retrieved from /home/airflow/.local/lib/python3.6/site-packages/airflow/example_dags/example_branch_day_of_week_operator.py
[2021-09-21 01:41:55,406] {logging_mixin.py:109} INFO - [2021-09-21 01:41:55,405] {dag.py:1834} INFO - Sync 1 DAGs
[2021-09-21 01:41:55,427] {logging_mixin.py:109} INFO - [2021-09-21 01:41:55,427] {dag.py:2287} INFO - Setting next_dagrun for example_weekday_branch_operator to 2021-09-19 00:00:00+00:00
[2021-09-21 01:41:55,440] {processor.py:170} INFO - Processing /home/airflow/.local/lib/python3.6/site-packages/airflow/example_dags/example_branch_day_of_week_operator.py took 0.107 seconds
[2021-09-21 01:42:25,494] {processor.py:162} INFO - Started process (PID=3117) to work on /home/airflow/.local/lib/python3.6/site-packages/airflow/example_dags/example_branch_day_of_week_operator.py
[2021-09-21 01:42:25,496] {processor.py:613} INFO - Processing file /home/airflow/.local/lib/python3.6/site-packages/airflow/example_dags/example_branch_day_of_week_operator.py for tasks to queue
[2021-09-21 01:42:25,497] {logging_mixin.py:109} INFO - [2021-09-21 01:42:25,497] {dagbag.py:496} INFO - Filling up the DagBag from /home/airflow/.local/lib/python3.6/site-packages/airflow/example_dags/example_branch_day_of_week_operator.py
[2021-09-21 01:42:25,513] {processor.py:623} INFO - DAG(s) dict_keys(['example_weekday_branch_operator']) retrieved from /home/airflow/.local/lib/python3.6/site-packages/airflow/example_dags/example_branch_day_of_week_operator.py
[2021-09-21 01:42:25,541] {logging_mixin.py:109} INFO - [2021-09-21 01:42:25,541] {dag.py:1834} INFO - Sync 1 DAGs
[2021-09-21 01:42:25,559] {logging_mixin.py:109} INFO - [2021-09-21 01:42:25,559] {dag.py:2287} INFO - Setting next_dagrun for example_weekday_branch_operator to 2021-09-19 00:00:00+00:00
[2021-09-21 01:42:25,572] {processor.py:170} INFO - Processing /home/airflow/.local/lib/python3.6/site-packages/airflow/example_dags/example_branch_day_of_week_operator.py took 0.083 seconds
[2021-09-21 01:42:55,702] {processor.py:162} INFO - Started process (PID=3171) to work on /home/airflow/.local/lib/python3.6/site-packages/airflow/example_dags/example_branch_day_of_week_operator.py
[2021-09-21 01:42:55,704] {processor.py:613} INFO - Processing file /home/airflow/.local/lib/python3.6/site-packages/airflow/example_dags/example_branch_day_of_week_operator.py for tasks to queue
[2021-09-21 01:42:55,705] {logging_mixin.py:109} INFO - [2021-09-21 01:42:55,705] {dagbag.py:496} INFO - Filling up the DagBag from /home/airflow/.local/lib/python3.6/site-packages/airflow/example_dags/example_branch_day_of_week_operator.py
[2021-09-21 01:42:55,719] {processor.py:623} INFO - DAG(s) dict_keys(['example_weekday_branch_operator']) retrieved from /home/airflow/.local/lib/python3.6/site-packages/airflow/example_dags/example_branch_day_of_week_operator.py
[2021-09-21 01:42:55,744] {logging_mixin.py:109} INFO - [2021-09-21 01:42:55,743] {dag.py:1834} INFO - Sync 1 DAGs
[2021-09-21 01:42:55,761] {logging_mixin.py:109} INFO - [2021-09-21 01:42:55,761] {dag.py:2287} INFO - Setting next_dagrun for example_weekday_branch_operator to 2021-09-19 00:00:00+00:00
[2021-09-21 01:42:55,771] {processor.py:170} INFO - Processing /home/airflow/.local/lib/python3.6/site-packages/airflow/example_dags/example_branch_day_of_week_operator.py took 0.074 seconds
[2021-09-21 01:43:26,424] {processor.py:162} INFO - Started process (PID=3232) to work on /home/airflow/.local/lib/python3.6/site-packages/airflow/example_dags/example_branch_day_of_week_operator.py
[2021-09-21 01:43:26,427] {processor.py:613} INFO - Processing file /home/airflow/.local/lib/python3.6/site-packages/airflow/example_dags/example_branch_day_of_week_operator.py for tasks to queue
[2021-09-21 01:43:26,429] {logging_mixin.py:109} INFO - [2021-09-21 01:43:26,429] {dagbag.py:496} INFO - Filling up the DagBag from /home/airflow/.local/lib/python3.6/site-packages/airflow/example_dags/example_branch_day_of_week_operator.py
[2021-09-21 01:43:26,449] {processor.py:623} INFO - DAG(s) dict_keys(['example_weekday_branch_operator']) retrieved from /home/airflow/.local/lib/python3.6/site-packages/airflow/example_dags/example_branch_day_of_week_operator.py
[2021-09-21 01:43:26,486] {logging_mixin.py:109} INFO - [2021-09-21 01:43:26,486] {dag.py:1834} INFO - Sync 1 DAGs
[2021-09-21 01:43:26,527] {logging_mixin.py:109} INFO - [2021-09-21 01:43:26,527] {dag.py:2287} INFO - Setting next_dagrun for example_weekday_branch_operator to 2021-09-19 00:00:00+00:00
[2021-09-21 01:43:26,550] {processor.py:170} INFO - Processing /home/airflow/.local/lib/python3.6/site-packages/airflow/example_dags/example_branch_day_of_week_operator.py took 0.131 seconds
[2021-09-21 01:43:56,576] {processor.py:162} INFO - Started process (PID=3284) to work on /home/airflow/.local/lib/python3.6/site-packages/airflow/example_dags/example_branch_day_of_week_operator.py
[2021-09-21 01:43:56,579] {processor.py:613} INFO - Processing file /home/airflow/.local/lib/python3.6/site-packages/airflow/example_dags/example_branch_day_of_week_operator.py for tasks to queue
[2021-09-21 01:43:56,581] {logging_mixin.py:109} INFO - [2021-09-21 01:43:56,580] {dagbag.py:496} INFO - Filling up the DagBag from /home/airflow/.local/lib/python3.6/site-packages/airflow/example_dags/example_branch_day_of_week_operator.py
[2021-09-21 01:43:56,596] {processor.py:623} INFO - DAG(s) dict_keys(['example_weekday_branch_operator']) retrieved from /home/airflow/.local/lib/python3.6/site-packages/airflow/example_dags/example_branch_day_of_week_operator.py
[2021-09-21 01:43:56,621] {logging_mixin.py:109} INFO - [2021-09-21 01:43:56,620] {dag.py:1834} INFO - Sync 1 DAGs
[2021-09-21 01:43:56,639] {logging_mixin.py:109} INFO - [2021-09-21 01:43:56,639] {dag.py:2287} INFO - Setting next_dagrun for example_weekday_branch_operator to 2021-09-19 00:00:00+00:00
[2021-09-21 01:43:56,652] {processor.py:170} INFO - Processing /home/airflow/.local/lib/python3.6/site-packages/airflow/example_dags/example_branch_day_of_week_operator.py took 0.079 seconds
[2021-09-21 01:44:27,328] {processor.py:162} INFO - Started process (PID=3348) to work on /home/airflow/.local/lib/python3.6/site-packages/airflow/example_dags/example_branch_day_of_week_operator.py
[2021-09-21 01:44:27,331] {processor.py:613} INFO - Processing file /home/airflow/.local/lib/python3.6/site-packages/airflow/example_dags/example_branch_day_of_week_operator.py for tasks to queue
[2021-09-21 01:44:27,332] {logging_mixin.py:109} INFO - [2021-09-21 01:44:27,332] {dagbag.py:496} INFO - Filling up the DagBag from /home/airflow/.local/lib/python3.6/site-packages/airflow/example_dags/example_branch_day_of_week_operator.py
[2021-09-21 01:44:27,346] {processor.py:623} INFO - DAG(s) dict_keys(['example_weekday_branch_operator']) retrieved from /home/airflow/.local/lib/python3.6/site-packages/airflow/example_dags/example_branch_day_of_week_operator.py
[2021-09-21 01:44:27,372] {logging_mixin.py:109} INFO - [2021-09-21 01:44:27,372] {dag.py:1834} INFO - Sync 1 DAGs
[2021-09-21 01:44:27,390] {logging_mixin.py:109} INFO - [2021-09-21 01:44:27,390] {dag.py:2287} INFO - Setting next_dagrun for example_weekday_branch_operator to 2021-09-19 00:00:00+00:00
[2021-09-21 01:44:27,400] {processor.py:170} INFO - Processing /home/airflow/.local/lib/python3.6/site-packages/airflow/example_dags/example_branch_day_of_week_operator.py took 0.076 seconds
[2021-09-21 01:44:57,490] {processor.py:162} INFO - Started process (PID=3400) to work on /home/airflow/.local/lib/python3.6/site-packages/airflow/example_dags/example_branch_day_of_week_operator.py
[2021-09-21 01:44:57,492] {processor.py:613} INFO - Processing file /home/airflow/.local/lib/python3.6/site-packages/airflow/example_dags/example_branch_day_of_week_operator.py for tasks to queue
[2021-09-21 01:44:57,493] {logging_mixin.py:109} INFO - [2021-09-21 01:44:57,493] {dagbag.py:496} INFO - Filling up the DagBag from /home/airflow/.local/lib/python3.6/site-packages/airflow/example_dags/example_branch_day_of_week_operator.py
[2021-09-21 01:44:57,507] {processor.py:623} INFO - DAG(s) dict_keys(['example_weekday_branch_operator']) retrieved from /home/airflow/.local/lib/python3.6/site-packages/airflow/example_dags/example_branch_day_of_week_operator.py
[2021-09-21 01:44:57,531] {logging_mixin.py:109} INFO - [2021-09-21 01:44:57,530] {dag.py:1834} INFO - Sync 1 DAGs
[2021-09-21 01:44:57,548] {logging_mixin.py:109} INFO - [2021-09-21 01:44:57,548] {dag.py:2287} INFO - Setting next_dagrun for example_weekday_branch_operator to 2021-09-19 00:00:00+00:00
[2021-09-21 01:44:57,567] {processor.py:170} INFO - Processing /home/airflow/.local/lib/python3.6/site-packages/airflow/example_dags/example_branch_day_of_week_operator.py took 0.080 seconds
[2021-09-21 01:45:27,993] {processor.py:162} INFO - Started process (PID=3457) to work on /home/airflow/.local/lib/python3.6/site-packages/airflow/example_dags/example_branch_day_of_week_operator.py
[2021-09-21 01:45:27,995] {processor.py:613} INFO - Processing file /home/airflow/.local/lib/python3.6/site-packages/airflow/example_dags/example_branch_day_of_week_operator.py for tasks to queue
[2021-09-21 01:45:27,997] {logging_mixin.py:109} INFO - [2021-09-21 01:45:27,996] {dagbag.py:496} INFO - Filling up the DagBag from /home/airflow/.local/lib/python3.6/site-packages/airflow/example_dags/example_branch_day_of_week_operator.py
[2021-09-21 01:45:28,011] {processor.py:623} INFO - DAG(s) dict_keys(['example_weekday_branch_operator']) retrieved from /home/airflow/.local/lib/python3.6/site-packages/airflow/example_dags/example_branch_day_of_week_operator.py
[2021-09-21 01:45:28,039] {logging_mixin.py:109} INFO - [2021-09-21 01:45:28,039] {dag.py:1834} INFO - Sync 1 DAGs
[2021-09-21 01:45:28,057] {logging_mixin.py:109} INFO - [2021-09-21 01:45:28,057] {dag.py:2287} INFO - Setting next_dagrun for example_weekday_branch_operator to 2021-09-19 00:00:00+00:00
[2021-09-21 01:45:28,071] {processor.py:170} INFO - Processing /home/airflow/.local/lib/python3.6/site-packages/airflow/example_dags/example_branch_day_of_week_operator.py took 0.082 seconds
[2021-09-21 01:45:58,785] {processor.py:162} INFO - Started process (PID=3519) to work on /home/airflow/.local/lib/python3.6/site-packages/airflow/example_dags/example_branch_day_of_week_operator.py
[2021-09-21 01:45:58,787] {processor.py:613} INFO - Processing file /home/airflow/.local/lib/python3.6/site-packages/airflow/example_dags/example_branch_day_of_week_operator.py for tasks to queue
[2021-09-21 01:45:58,788] {logging_mixin.py:109} INFO - [2021-09-21 01:45:58,788] {dagbag.py:496} INFO - Filling up the DagBag from /home/airflow/.local/lib/python3.6/site-packages/airflow/example_dags/example_branch_day_of_week_operator.py
[2021-09-21 01:45:58,801] {processor.py:623} INFO - DAG(s) dict_keys(['example_weekday_branch_operator']) retrieved from /home/airflow/.local/lib/python3.6/site-packages/airflow/example_dags/example_branch_day_of_week_operator.py
[2021-09-21 01:45:58,825] {logging_mixin.py:109} INFO - [2021-09-21 01:45:58,825] {dag.py:1834} INFO - Sync 1 DAGs
[2021-09-21 01:45:58,843] {logging_mixin.py:109} INFO - [2021-09-21 01:45:58,842] {dag.py:2287} INFO - Setting next_dagrun for example_weekday_branch_operator to 2021-09-19 00:00:00+00:00
[2021-09-21 01:45:58,853] {processor.py:170} INFO - Processing /home/airflow/.local/lib/python3.6/site-packages/airflow/example_dags/example_branch_day_of_week_operator.py took 0.072 seconds
[2021-09-21 01:46:30,052] {processor.py:162} INFO - Started process (PID=3581) to work on /home/airflow/.local/lib/python3.6/site-packages/airflow/example_dags/example_branch_day_of_week_operator.py
[2021-09-21 01:46:30,054] {processor.py:613} INFO - Processing file /home/airflow/.local/lib/python3.6/site-packages/airflow/example_dags/example_branch_day_of_week_operator.py for tasks to queue
[2021-09-21 01:46:30,056] {logging_mixin.py:109} INFO - [2021-09-21 01:46:30,056] {dagbag.py:496} INFO - Filling up the DagBag from /home/airflow/.local/lib/python3.6/site-packages/airflow/example_dags/example_branch_day_of_week_operator.py
[2021-09-21 01:46:30,073] {processor.py:623} INFO - DAG(s) dict_keys(['example_weekday_branch_operator']) retrieved from /home/airflow/.local/lib/python3.6/site-packages/airflow/example_dags/example_branch_day_of_week_operator.py
[2021-09-21 01:46:30,108] {logging_mixin.py:109} INFO - [2021-09-21 01:46:30,108] {dag.py:1834} INFO - Sync 1 DAGs
[2021-09-21 01:46:30,132] {logging_mixin.py:109} INFO - [2021-09-21 01:46:30,131] {dag.py:2287} INFO - Setting next_dagrun for example_weekday_branch_operator to 2021-09-19 00:00:00+00:00
[2021-09-21 01:46:30,145] {processor.py:170} INFO - Processing /home/airflow/.local/lib/python3.6/site-packages/airflow/example_dags/example_branch_day_of_week_operator.py took 0.099 seconds
[2021-09-21 01:47:01,267] {processor.py:162} INFO - Started process (PID=3637) to work on /home/airflow/.local/lib/python3.6/site-packages/airflow/example_dags/example_branch_day_of_week_operator.py
[2021-09-21 01:47:01,270] {processor.py:613} INFO - Processing file /home/airflow/.local/lib/python3.6/site-packages/airflow/example_dags/example_branch_day_of_week_operator.py for tasks to queue
[2021-09-21 01:47:01,272] {logging_mixin.py:109} INFO - [2021-09-21 01:47:01,272] {dagbag.py:496} INFO - Filling up the DagBag from /home/airflow/.local/lib/python3.6/site-packages/airflow/example_dags/example_branch_day_of_week_operator.py
[2021-09-21 01:47:01,292] {processor.py:623} INFO - DAG(s) dict_keys(['example_weekday_branch_operator']) retrieved from /home/airflow/.local/lib/python3.6/site-packages/airflow/example_dags/example_branch_day_of_week_operator.py
[2021-09-21 01:47:01,327] {logging_mixin.py:109} INFO - [2021-09-21 01:47:01,327] {dag.py:1834} INFO - Sync 1 DAGs
[2021-09-21 01:47:01,356] {logging_mixin.py:109} INFO - [2021-09-21 01:47:01,356] {dag.py:2287} INFO - Setting next_dagrun for example_weekday_branch_operator to 2021-09-19 00:00:00+00:00
[2021-09-21 01:47:01,371] {processor.py:170} INFO - Processing /home/airflow/.local/lib/python3.6/site-packages/airflow/example_dags/example_branch_day_of_week_operator.py took 0.109 seconds
[2021-09-21 01:47:31,568] {processor.py:162} INFO - Started process (PID=3702) to work on /home/airflow/.local/lib/python3.6/site-packages/airflow/example_dags/example_branch_day_of_week_operator.py
[2021-09-21 01:47:31,571] {processor.py:613} INFO - Processing file /home/airflow/.local/lib/python3.6/site-packages/airflow/example_dags/example_branch_day_of_week_operator.py for tasks to queue
[2021-09-21 01:47:31,573] {logging_mixin.py:109} INFO - [2021-09-21 01:47:31,573] {dagbag.py:496} INFO - Filling up the DagBag from /home/airflow/.local/lib/python3.6/site-packages/airflow/example_dags/example_branch_day_of_week_operator.py
[2021-09-21 01:47:31,592] {processor.py:623} INFO - DAG(s) dict_keys(['example_weekday_branch_operator']) retrieved from /home/airflow/.local/lib/python3.6/site-packages/airflow/example_dags/example_branch_day_of_week_operator.py
[2021-09-21 01:47:31,628] {logging_mixin.py:109} INFO - [2021-09-21 01:47:31,628] {dag.py:1834} INFO - Sync 1 DAGs
[2021-09-21 01:47:31,655] {logging_mixin.py:109} INFO - [2021-09-21 01:47:31,655] {dag.py:2287} INFO - Setting next_dagrun for example_weekday_branch_operator to 2021-09-19 00:00:00+00:00
[2021-09-21 01:47:31,670] {processor.py:170} INFO - Processing /home/airflow/.local/lib/python3.6/site-packages/airflow/example_dags/example_branch_day_of_week_operator.py took 0.106 seconds
[2021-09-21 01:48:02,609] {processor.py:162} INFO - Started process (PID=3755) to work on /home/airflow/.local/lib/python3.6/site-packages/airflow/example_dags/example_branch_day_of_week_operator.py
[2021-09-21 01:48:02,612] {processor.py:613} INFO - Processing file /home/airflow/.local/lib/python3.6/site-packages/airflow/example_dags/example_branch_day_of_week_operator.py for tasks to queue
[2021-09-21 01:48:02,614] {logging_mixin.py:109} INFO - [2021-09-21 01:48:02,614] {dagbag.py:496} INFO - Filling up the DagBag from /home/airflow/.local/lib/python3.6/site-packages/airflow/example_dags/example_branch_day_of_week_operator.py
[2021-09-21 01:48:02,631] {processor.py:623} INFO - DAG(s) dict_keys(['example_weekday_branch_operator']) retrieved from /home/airflow/.local/lib/python3.6/site-packages/airflow/example_dags/example_branch_day_of_week_operator.py
[2021-09-21 01:48:02,659] {logging_mixin.py:109} INFO - [2021-09-21 01:48:02,659] {dag.py:1834} INFO - Sync 1 DAGs
[2021-09-21 01:48:02,680] {logging_mixin.py:109} INFO - [2021-09-21 01:48:02,680] {dag.py:2287} INFO - Setting next_dagrun for example_weekday_branch_operator to 2021-09-19 00:00:00+00:00
[2021-09-21 01:48:02,694] {processor.py:170} INFO - Processing /home/airflow/.local/lib/python3.6/site-packages/airflow/example_dags/example_branch_day_of_week_operator.py took 0.089 seconds
[2021-09-21 01:48:32,930] {processor.py:162} INFO - Started process (PID=3820) to work on /home/airflow/.local/lib/python3.6/site-packages/airflow/example_dags/example_branch_day_of_week_operator.py
[2021-09-21 01:48:32,932] {processor.py:613} INFO - Processing file /home/airflow/.local/lib/python3.6/site-packages/airflow/example_dags/example_branch_day_of_week_operator.py for tasks to queue
[2021-09-21 01:48:32,933] {logging_mixin.py:109} INFO - [2021-09-21 01:48:32,933] {dagbag.py:496} INFO - Filling up the DagBag from /home/airflow/.local/lib/python3.6/site-packages/airflow/example_dags/example_branch_day_of_week_operator.py
[2021-09-21 01:48:32,950] {processor.py:623} INFO - DAG(s) dict_keys(['example_weekday_branch_operator']) retrieved from /home/airflow/.local/lib/python3.6/site-packages/airflow/example_dags/example_branch_day_of_week_operator.py
[2021-09-21 01:48:32,973] {logging_mixin.py:109} INFO - [2021-09-21 01:48:32,972] {dag.py:1834} INFO - Sync 1 DAGs
[2021-09-21 01:48:32,990] {logging_mixin.py:109} INFO - [2021-09-21 01:48:32,990] {dag.py:2287} INFO - Setting next_dagrun for example_weekday_branch_operator to 2021-09-19 00:00:00+00:00
[2021-09-21 01:48:33,005] {processor.py:170} INFO - Processing /home/airflow/.local/lib/python3.6/site-packages/airflow/example_dags/example_branch_day_of_week_operator.py took 0.080 seconds
[2021-09-21 01:49:03,183] {processor.py:162} INFO - Started process (PID=3872) to work on /home/airflow/.local/lib/python3.6/site-packages/airflow/example_dags/example_branch_day_of_week_operator.py
[2021-09-21 01:49:03,186] {processor.py:613} INFO - Processing file /home/airflow/.local/lib/python3.6/site-packages/airflow/example_dags/example_branch_day_of_week_operator.py for tasks to queue
[2021-09-21 01:49:03,187] {logging_mixin.py:109} INFO - [2021-09-21 01:49:03,187] {dagbag.py:496} INFO - Filling up the DagBag from /home/airflow/.local/lib/python3.6/site-packages/airflow/example_dags/example_branch_day_of_week_operator.py
[2021-09-21 01:49:03,201] {processor.py:623} INFO - DAG(s) dict_keys(['example_weekday_branch_operator']) retrieved from /home/airflow/.local/lib/python3.6/site-packages/airflow/example_dags/example_branch_day_of_week_operator.py
[2021-09-21 01:49:03,226] {logging_mixin.py:109} INFO - [2021-09-21 01:49:03,226] {dag.py:1834} INFO - Sync 1 DAGs
[2021-09-21 01:49:03,244] {logging_mixin.py:109} INFO - [2021-09-21 01:49:03,244] {dag.py:2287} INFO - Setting next_dagrun for example_weekday_branch_operator to 2021-09-19 00:00:00+00:00
[2021-09-21 01:49:03,256] {processor.py:170} INFO - Processing /home/airflow/.local/lib/python3.6/site-packages/airflow/example_dags/example_branch_day_of_week_operator.py took 0.077 seconds
[2021-09-21 01:49:33,488] {processor.py:162} INFO - Started process (PID=3935) to work on /home/airflow/.local/lib/python3.6/site-packages/airflow/example_dags/example_branch_day_of_week_operator.py
[2021-09-21 01:49:33,490] {processor.py:613} INFO - Processing file /home/airflow/.local/lib/python3.6/site-packages/airflow/example_dags/example_branch_day_of_week_operator.py for tasks to queue
[2021-09-21 01:49:33,492] {logging_mixin.py:109} INFO - [2021-09-21 01:49:33,492] {dagbag.py:496} INFO - Filling up the DagBag from /home/airflow/.local/lib/python3.6/site-packages/airflow/example_dags/example_branch_day_of_week_operator.py
[2021-09-21 01:49:33,508] {processor.py:623} INFO - DAG(s) dict_keys(['example_weekday_branch_operator']) retrieved from /home/airflow/.local/lib/python3.6/site-packages/airflow/example_dags/example_branch_day_of_week_operator.py
[2021-09-21 01:49:33,532] {logging_mixin.py:109} INFO - [2021-09-21 01:49:33,532] {dag.py:1834} INFO - Sync 1 DAGs
[2021-09-21 01:49:33,551] {logging_mixin.py:109} INFO - [2021-09-21 01:49:33,551] {dag.py:2287} INFO - Setting next_dagrun for example_weekday_branch_operator to 2021-09-19 00:00:00+00:00
[2021-09-21 01:49:33,564] {processor.py:170} INFO - Processing /home/airflow/.local/lib/python3.6/site-packages/airflow/example_dags/example_branch_day_of_week_operator.py took 0.084 seconds
[2021-09-21 01:50:03,862] {processor.py:162} INFO - Started process (PID=3999) to work on /home/airflow/.local/lib/python3.6/site-packages/airflow/example_dags/example_branch_day_of_week_operator.py
[2021-09-21 01:50:03,864] {processor.py:613} INFO - Processing file /home/airflow/.local/lib/python3.6/site-packages/airflow/example_dags/example_branch_day_of_week_operator.py for tasks to queue
[2021-09-21 01:50:03,866] {logging_mixin.py:109} INFO - [2021-09-21 01:50:03,866] {dagbag.py:496} INFO - Filling up the DagBag from /home/airflow/.local/lib/python3.6/site-packages/airflow/example_dags/example_branch_day_of_week_operator.py
[2021-09-21 01:50:03,880] {processor.py:623} INFO - DAG(s) dict_keys(['example_weekday_branch_operator']) retrieved from /home/airflow/.local/lib/python3.6/site-packages/airflow/example_dags/example_branch_day_of_week_operator.py
[2021-09-21 01:50:03,905] {logging_mixin.py:109} INFO - [2021-09-21 01:50:03,904] {dag.py:1834} INFO - Sync 1 DAGs
[2021-09-21 01:50:03,924] {logging_mixin.py:109} INFO - [2021-09-21 01:50:03,924] {dag.py:2287} INFO - Setting next_dagrun for example_weekday_branch_operator to 2021-09-19 00:00:00+00:00
[2021-09-21 01:50:03,936] {processor.py:170} INFO - Processing /home/airflow/.local/lib/python3.6/site-packages/airflow/example_dags/example_branch_day_of_week_operator.py took 0.077 seconds
[2021-09-21 01:50:34,734] {processor.py:162} INFO - Started process (PID=4050) to work on /home/airflow/.local/lib/python3.6/site-packages/airflow/example_dags/example_branch_day_of_week_operator.py
[2021-09-21 01:50:34,738] {processor.py:613} INFO - Processing file /home/airflow/.local/lib/python3.6/site-packages/airflow/example_dags/example_branch_day_of_week_operator.py for tasks to queue
[2021-09-21 01:50:34,741] {logging_mixin.py:109} INFO - [2021-09-21 01:50:34,740] {dagbag.py:496} INFO - Filling up the DagBag from /home/airflow/.local/lib/python3.6/site-packages/airflow/example_dags/example_branch_day_of_week_operator.py
[2021-09-21 01:50:34,761] {processor.py:623} INFO - DAG(s) dict_keys(['example_weekday_branch_operator']) retrieved from /home/airflow/.local/lib/python3.6/site-packages/airflow/example_dags/example_branch_day_of_week_operator.py
[2021-09-21 01:50:34,807] {logging_mixin.py:109} INFO - [2021-09-21 01:50:34,806] {dag.py:1834} INFO - Sync 1 DAGs
[2021-09-21 01:50:34,832] {logging_mixin.py:109} INFO - [2021-09-21 01:50:34,832] {dag.py:2287} INFO - Setting next_dagrun for example_weekday_branch_operator to 2021-09-19 00:00:00+00:00
[2021-09-21 01:50:34,846] {processor.py:170} INFO - Processing /home/airflow/.local/lib/python3.6/site-packages/airflow/example_dags/example_branch_day_of_week_operator.py took 0.121 seconds
[2021-09-21 01:51:04,994] {processor.py:162} INFO - Started process (PID=4114) to work on /home/airflow/.local/lib/python3.6/site-packages/airflow/example_dags/example_branch_day_of_week_operator.py
[2021-09-21 01:51:04,995] {processor.py:613} INFO - Processing file /home/airflow/.local/lib/python3.6/site-packages/airflow/example_dags/example_branch_day_of_week_operator.py for tasks to queue
[2021-09-21 01:51:04,997] {logging_mixin.py:109} INFO - [2021-09-21 01:51:04,997] {dagbag.py:496} INFO - Filling up the DagBag from /home/airflow/.local/lib/python3.6/site-packages/airflow/example_dags/example_branch_day_of_week_operator.py
[2021-09-21 01:51:05,011] {processor.py:623} INFO - DAG(s) dict_keys(['example_weekday_branch_operator']) retrieved from /home/airflow/.local/lib/python3.6/site-packages/airflow/example_dags/example_branch_day_of_week_operator.py
[2021-09-21 01:51:05,033] {logging_mixin.py:109} INFO - [2021-09-21 01:51:05,033] {dag.py:1834} INFO - Sync 1 DAGs
[2021-09-21 01:51:05,051] {logging_mixin.py:109} INFO - [2021-09-21 01:51:05,050] {dag.py:2287} INFO - Setting next_dagrun for example_weekday_branch_operator to 2021-09-19 00:00:00+00:00
[2021-09-21 01:51:05,064] {processor.py:170} INFO - Processing /home/airflow/.local/lib/python3.6/site-packages/airflow/example_dags/example_branch_day_of_week_operator.py took 0.074 seconds
[2021-09-21 01:51:35,348] {processor.py:162} INFO - Started process (PID=4167) to work on /home/airflow/.local/lib/python3.6/site-packages/airflow/example_dags/example_branch_day_of_week_operator.py
[2021-09-21 01:51:35,349] {processor.py:613} INFO - Processing file /home/airflow/.local/lib/python3.6/site-packages/airflow/example_dags/example_branch_day_of_week_operator.py for tasks to queue
[2021-09-21 01:51:35,351] {logging_mixin.py:109} INFO - [2021-09-21 01:51:35,351] {dagbag.py:496} INFO - Filling up the DagBag from /home/airflow/.local/lib/python3.6/site-packages/airflow/example_dags/example_branch_day_of_week_operator.py
[2021-09-21 01:51:35,366] {processor.py:623} INFO - DAG(s) dict_keys(['example_weekday_branch_operator']) retrieved from /home/airflow/.local/lib/python3.6/site-packages/airflow/example_dags/example_branch_day_of_week_operator.py
[2021-09-21 01:51:35,390] {logging_mixin.py:109} INFO - [2021-09-21 01:51:35,390] {dag.py:1834} INFO - Sync 1 DAGs
[2021-09-21 01:51:35,409] {logging_mixin.py:109} INFO - [2021-09-21 01:51:35,409] {dag.py:2287} INFO - Setting next_dagrun for example_weekday_branch_operator to 2021-09-19 00:00:00+00:00
[2021-09-21 01:51:35,419] {processor.py:170} INFO - Processing /home/airflow/.local/lib/python3.6/site-packages/airflow/example_dags/example_branch_day_of_week_operator.py took 0.076 seconds
[2021-09-21 01:52:05,684] {processor.py:162} INFO - Started process (PID=4230) to work on /home/airflow/.local/lib/python3.6/site-packages/airflow/example_dags/example_branch_day_of_week_operator.py
[2021-09-21 01:52:05,687] {processor.py:613} INFO - Processing file /home/airflow/.local/lib/python3.6/site-packages/airflow/example_dags/example_branch_day_of_week_operator.py for tasks to queue
[2021-09-21 01:52:05,689] {logging_mixin.py:109} INFO - [2021-09-21 01:52:05,689] {dagbag.py:496} INFO - Filling up the DagBag from /home/airflow/.local/lib/python3.6/site-packages/airflow/example_dags/example_branch_day_of_week_operator.py
[2021-09-21 01:52:05,705] {processor.py:623} INFO - DAG(s) dict_keys(['example_weekday_branch_operator']) retrieved from /home/airflow/.local/lib/python3.6/site-packages/airflow/example_dags/example_branch_day_of_week_operator.py
[2021-09-21 01:52:05,732] {logging_mixin.py:109} INFO - [2021-09-21 01:52:05,732] {dag.py:1834} INFO - Sync 1 DAGs
[2021-09-21 01:52:05,761] {logging_mixin.py:109} INFO - [2021-09-21 01:52:05,761] {dag.py:2287} INFO - Setting next_dagrun for example_weekday_branch_operator to 2021-09-19 00:00:00+00:00
[2021-09-21 01:52:05,779] {processor.py:170} INFO - Processing /home/airflow/.local/lib/python3.6/site-packages/airflow/example_dags/example_branch_day_of_week_operator.py took 0.099 seconds
[2021-09-21 01:52:35,966] {processor.py:162} INFO - Started process (PID=4285) to work on /home/airflow/.local/lib/python3.6/site-packages/airflow/example_dags/example_branch_day_of_week_operator.py
[2021-09-21 01:52:35,968] {processor.py:613} INFO - Processing file /home/airflow/.local/lib/python3.6/site-packages/airflow/example_dags/example_branch_day_of_week_operator.py for tasks to queue
[2021-09-21 01:52:35,970] {logging_mixin.py:109} INFO - [2021-09-21 01:52:35,970] {dagbag.py:496} INFO - Filling up the DagBag from /home/airflow/.local/lib/python3.6/site-packages/airflow/example_dags/example_branch_day_of_week_operator.py
[2021-09-21 01:52:35,986] {processor.py:623} INFO - DAG(s) dict_keys(['example_weekday_branch_operator']) retrieved from /home/airflow/.local/lib/python3.6/site-packages/airflow/example_dags/example_branch_day_of_week_operator.py
[2021-09-21 01:52:36,016] {logging_mixin.py:109} INFO - [2021-09-21 01:52:36,015] {dag.py:1834} INFO - Sync 1 DAGs
[2021-09-21 01:52:36,039] {logging_mixin.py:109} INFO - [2021-09-21 01:52:36,039] {dag.py:2287} INFO - Setting next_dagrun for example_weekday_branch_operator to 2021-09-19 00:00:00+00:00
[2021-09-21 01:52:36,050] {processor.py:170} INFO - Processing /home/airflow/.local/lib/python3.6/site-packages/airflow/example_dags/example_branch_day_of_week_operator.py took 0.089 seconds
