[2021-09-21 01:16:39,274] {processor.py:162} INFO - Started process (PID=36) to work on /home/airflow/.local/lib/python3.6/site-packages/airflow/example_dags/example_branch_python_dop_operator_3.py
[2021-09-21 01:16:39,282] {processor.py:613} INFO - Processing file /home/airflow/.local/lib/python3.6/site-packages/airflow/example_dags/example_branch_python_dop_operator_3.py for tasks to queue
[2021-09-21 01:16:39,284] {logging_mixin.py:109} INFO - [2021-09-21 01:16:39,284] {dagbag.py:496} INFO - Filling up the DagBag from /home/airflow/.local/lib/python3.6/site-packages/airflow/example_dags/example_branch_python_dop_operator_3.py
[2021-09-21 01:16:39,383] {processor.py:623} INFO - DAG(s) dict_keys(['example_branch_dop_operator_v3']) retrieved from /home/airflow/.local/lib/python3.6/site-packages/airflow/example_dags/example_branch_python_dop_operator_3.py
[2021-09-21 01:17:00,376] {logging_mixin.py:109} INFO - [2021-09-21 01:17:00,374] {dag.py:1834} INFO - Sync 1 DAGs
[2021-09-21 01:17:00,515] {logging_mixin.py:109} INFO - [2021-09-21 01:17:00,513] {dag.py:1853} INFO - Creating ORM DAG for example_branch_dop_operator_v3
[2021-09-21 01:17:00,540] {logging_mixin.py:109} INFO - [2021-09-21 01:17:00,540] {dag.py:2287} INFO - Setting next_dagrun for example_branch_dop_operator_v3 to 2021-09-19 00:00:00+00:00
[2021-09-21 01:17:00,602] {processor.py:170} INFO - Processing /home/airflow/.local/lib/python3.6/site-packages/airflow/example_dags/example_branch_python_dop_operator_3.py took 21.362 seconds
[2021-09-21 01:17:41,110] {processor.py:162} INFO - Started process (PID=290) to work on /home/airflow/.local/lib/python3.6/site-packages/airflow/example_dags/example_branch_python_dop_operator_3.py
[2021-09-21 01:17:41,112] {processor.py:613} INFO - Processing file /home/airflow/.local/lib/python3.6/site-packages/airflow/example_dags/example_branch_python_dop_operator_3.py for tasks to queue
[2021-09-21 01:17:41,114] {logging_mixin.py:109} INFO - [2021-09-21 01:17:41,114] {dagbag.py:496} INFO - Filling up the DagBag from /home/airflow/.local/lib/python3.6/site-packages/airflow/example_dags/example_branch_python_dop_operator_3.py
[2021-09-21 01:17:41,129] {processor.py:623} INFO - DAG(s) dict_keys(['example_branch_dop_operator_v3']) retrieved from /home/airflow/.local/lib/python3.6/site-packages/airflow/example_dags/example_branch_python_dop_operator_3.py
[2021-09-21 01:17:41,153] {logging_mixin.py:109} INFO - [2021-09-21 01:17:41,153] {dag.py:1834} INFO - Sync 1 DAGs
[2021-09-21 01:17:41,177] {logging_mixin.py:109} INFO - [2021-09-21 01:17:41,177] {dag.py:2287} INFO - Setting next_dagrun for example_branch_dop_operator_v3 to 2021-09-19 00:00:00+00:00
[2021-09-21 01:17:41,195] {processor.py:170} INFO - Processing /home/airflow/.local/lib/python3.6/site-packages/airflow/example_dags/example_branch_python_dop_operator_3.py took 0.088 seconds
[2021-09-21 01:18:11,283] {processor.py:162} INFO - Started process (PID=353) to work on /home/airflow/.local/lib/python3.6/site-packages/airflow/example_dags/example_branch_python_dop_operator_3.py
[2021-09-21 01:18:11,285] {processor.py:613} INFO - Processing file /home/airflow/.local/lib/python3.6/site-packages/airflow/example_dags/example_branch_python_dop_operator_3.py for tasks to queue
[2021-09-21 01:18:11,286] {logging_mixin.py:109} INFO - [2021-09-21 01:18:11,286] {dagbag.py:496} INFO - Filling up the DagBag from /home/airflow/.local/lib/python3.6/site-packages/airflow/example_dags/example_branch_python_dop_operator_3.py
[2021-09-21 01:18:11,301] {processor.py:623} INFO - DAG(s) dict_keys(['example_branch_dop_operator_v3']) retrieved from /home/airflow/.local/lib/python3.6/site-packages/airflow/example_dags/example_branch_python_dop_operator_3.py
[2021-09-21 01:18:11,323] {logging_mixin.py:109} INFO - [2021-09-21 01:18:11,322] {dag.py:1834} INFO - Sync 1 DAGs
[2021-09-21 01:18:11,343] {logging_mixin.py:109} INFO - [2021-09-21 01:18:11,343] {dag.py:2287} INFO - Setting next_dagrun for example_branch_dop_operator_v3 to 2021-09-19 00:00:00+00:00
[2021-09-21 01:18:11,352] {processor.py:170} INFO - Processing /home/airflow/.local/lib/python3.6/site-packages/airflow/example_dags/example_branch_python_dop_operator_3.py took 0.073 seconds
[2021-09-21 01:18:41,404] {processor.py:162} INFO - Started process (PID=418) to work on /home/airflow/.local/lib/python3.6/site-packages/airflow/example_dags/example_branch_python_dop_operator_3.py
[2021-09-21 01:18:41,406] {processor.py:613} INFO - Processing file /home/airflow/.local/lib/python3.6/site-packages/airflow/example_dags/example_branch_python_dop_operator_3.py for tasks to queue
[2021-09-21 01:18:41,407] {logging_mixin.py:109} INFO - [2021-09-21 01:18:41,407] {dagbag.py:496} INFO - Filling up the DagBag from /home/airflow/.local/lib/python3.6/site-packages/airflow/example_dags/example_branch_python_dop_operator_3.py
[2021-09-21 01:18:41,422] {processor.py:623} INFO - DAG(s) dict_keys(['example_branch_dop_operator_v3']) retrieved from /home/airflow/.local/lib/python3.6/site-packages/airflow/example_dags/example_branch_python_dop_operator_3.py
[2021-09-21 01:18:41,446] {logging_mixin.py:109} INFO - [2021-09-21 01:18:41,445] {dag.py:1834} INFO - Sync 1 DAGs
[2021-09-21 01:18:41,469] {logging_mixin.py:109} INFO - [2021-09-21 01:18:41,469] {dag.py:2287} INFO - Setting next_dagrun for example_branch_dop_operator_v3 to 2021-09-19 00:00:00+00:00
[2021-09-21 01:18:41,480] {processor.py:170} INFO - Processing /home/airflow/.local/lib/python3.6/site-packages/airflow/example_dags/example_branch_python_dop_operator_3.py took 0.080 seconds
[2021-09-21 01:19:11,548] {processor.py:162} INFO - Started process (PID=470) to work on /home/airflow/.local/lib/python3.6/site-packages/airflow/example_dags/example_branch_python_dop_operator_3.py
[2021-09-21 01:19:11,551] {processor.py:613} INFO - Processing file /home/airflow/.local/lib/python3.6/site-packages/airflow/example_dags/example_branch_python_dop_operator_3.py for tasks to queue
[2021-09-21 01:19:11,553] {logging_mixin.py:109} INFO - [2021-09-21 01:19:11,553] {dagbag.py:496} INFO - Filling up the DagBag from /home/airflow/.local/lib/python3.6/site-packages/airflow/example_dags/example_branch_python_dop_operator_3.py
[2021-09-21 01:19:11,571] {processor.py:623} INFO - DAG(s) dict_keys(['example_branch_dop_operator_v3']) retrieved from /home/airflow/.local/lib/python3.6/site-packages/airflow/example_dags/example_branch_python_dop_operator_3.py
[2021-09-21 01:19:11,600] {logging_mixin.py:109} INFO - [2021-09-21 01:19:11,599] {dag.py:1834} INFO - Sync 1 DAGs
[2021-09-21 01:19:11,631] {logging_mixin.py:109} INFO - [2021-09-21 01:19:11,631] {dag.py:2287} INFO - Setting next_dagrun for example_branch_dop_operator_v3 to 2021-09-19 00:00:00+00:00
[2021-09-21 01:19:11,647] {processor.py:170} INFO - Processing /home/airflow/.local/lib/python3.6/site-packages/airflow/example_dags/example_branch_python_dop_operator_3.py took 0.103 seconds
[2021-09-21 01:19:41,765] {processor.py:162} INFO - Started process (PID=534) to work on /home/airflow/.local/lib/python3.6/site-packages/airflow/example_dags/example_branch_python_dop_operator_3.py
[2021-09-21 01:19:41,767] {processor.py:613} INFO - Processing file /home/airflow/.local/lib/python3.6/site-packages/airflow/example_dags/example_branch_python_dop_operator_3.py for tasks to queue
[2021-09-21 01:19:41,768] {logging_mixin.py:109} INFO - [2021-09-21 01:19:41,768] {dagbag.py:496} INFO - Filling up the DagBag from /home/airflow/.local/lib/python3.6/site-packages/airflow/example_dags/example_branch_python_dop_operator_3.py
[2021-09-21 01:19:41,782] {processor.py:623} INFO - DAG(s) dict_keys(['example_branch_dop_operator_v3']) retrieved from /home/airflow/.local/lib/python3.6/site-packages/airflow/example_dags/example_branch_python_dop_operator_3.py
[2021-09-21 01:19:41,806] {logging_mixin.py:109} INFO - [2021-09-21 01:19:41,806] {dag.py:1834} INFO - Sync 1 DAGs
[2021-09-21 01:19:41,831] {logging_mixin.py:109} INFO - [2021-09-21 01:19:41,831] {dag.py:2287} INFO - Setting next_dagrun for example_branch_dop_operator_v3 to 2021-09-19 00:00:00+00:00
[2021-09-21 01:19:41,847] {processor.py:170} INFO - Processing /home/airflow/.local/lib/python3.6/site-packages/airflow/example_dags/example_branch_python_dop_operator_3.py took 0.085 seconds
[2021-09-21 01:20:11,948] {processor.py:162} INFO - Started process (PID=598) to work on /home/airflow/.local/lib/python3.6/site-packages/airflow/example_dags/example_branch_python_dop_operator_3.py
[2021-09-21 01:20:11,950] {processor.py:613} INFO - Processing file /home/airflow/.local/lib/python3.6/site-packages/airflow/example_dags/example_branch_python_dop_operator_3.py for tasks to queue
[2021-09-21 01:20:11,952] {logging_mixin.py:109} INFO - [2021-09-21 01:20:11,952] {dagbag.py:496} INFO - Filling up the DagBag from /home/airflow/.local/lib/python3.6/site-packages/airflow/example_dags/example_branch_python_dop_operator_3.py
[2021-09-21 01:20:11,979] {processor.py:623} INFO - DAG(s) dict_keys(['example_branch_dop_operator_v3']) retrieved from /home/airflow/.local/lib/python3.6/site-packages/airflow/example_dags/example_branch_python_dop_operator_3.py
[2021-09-21 01:20:12,012] {logging_mixin.py:109} INFO - [2021-09-21 01:20:12,012] {dag.py:1834} INFO - Sync 1 DAGs
[2021-09-21 01:20:12,039] {logging_mixin.py:109} INFO - [2021-09-21 01:20:12,039] {dag.py:2287} INFO - Setting next_dagrun for example_branch_dop_operator_v3 to 2021-09-19 00:00:00+00:00
[2021-09-21 01:20:12,053] {processor.py:170} INFO - Processing /home/airflow/.local/lib/python3.6/site-packages/airflow/example_dags/example_branch_python_dop_operator_3.py took 0.110 seconds
[2021-09-21 01:20:42,386] {processor.py:162} INFO - Started process (PID=649) to work on /home/airflow/.local/lib/python3.6/site-packages/airflow/example_dags/example_branch_python_dop_operator_3.py
[2021-09-21 01:20:42,388] {processor.py:613} INFO - Processing file /home/airflow/.local/lib/python3.6/site-packages/airflow/example_dags/example_branch_python_dop_operator_3.py for tasks to queue
[2021-09-21 01:20:42,390] {logging_mixin.py:109} INFO - [2021-09-21 01:20:42,390] {dagbag.py:496} INFO - Filling up the DagBag from /home/airflow/.local/lib/python3.6/site-packages/airflow/example_dags/example_branch_python_dop_operator_3.py
[2021-09-21 01:20:42,406] {processor.py:623} INFO - DAG(s) dict_keys(['example_branch_dop_operator_v3']) retrieved from /home/airflow/.local/lib/python3.6/site-packages/airflow/example_dags/example_branch_python_dop_operator_3.py
[2021-09-21 01:20:42,432] {logging_mixin.py:109} INFO - [2021-09-21 01:20:42,432] {dag.py:1834} INFO - Sync 1 DAGs
[2021-09-21 01:20:42,458] {logging_mixin.py:109} INFO - [2021-09-21 01:20:42,458] {dag.py:2287} INFO - Setting next_dagrun for example_branch_dop_operator_v3 to 2021-09-19 00:00:00+00:00
[2021-09-21 01:20:42,471] {processor.py:170} INFO - Processing /home/airflow/.local/lib/python3.6/site-packages/airflow/example_dags/example_branch_python_dop_operator_3.py took 0.088 seconds
[2021-09-21 01:21:12,979] {processor.py:162} INFO - Started process (PID=714) to work on /home/airflow/.local/lib/python3.6/site-packages/airflow/example_dags/example_branch_python_dop_operator_3.py
[2021-09-21 01:21:12,982] {processor.py:613} INFO - Processing file /home/airflow/.local/lib/python3.6/site-packages/airflow/example_dags/example_branch_python_dop_operator_3.py for tasks to queue
[2021-09-21 01:21:12,984] {logging_mixin.py:109} INFO - [2021-09-21 01:21:12,984] {dagbag.py:496} INFO - Filling up the DagBag from /home/airflow/.local/lib/python3.6/site-packages/airflow/example_dags/example_branch_python_dop_operator_3.py
[2021-09-21 01:21:13,006] {processor.py:623} INFO - DAG(s) dict_keys(['example_branch_dop_operator_v3']) retrieved from /home/airflow/.local/lib/python3.6/site-packages/airflow/example_dags/example_branch_python_dop_operator_3.py
[2021-09-21 01:21:13,051] {logging_mixin.py:109} INFO - [2021-09-21 01:21:13,050] {dag.py:1834} INFO - Sync 1 DAGs
[2021-09-21 01:21:13,097] {logging_mixin.py:109} INFO - [2021-09-21 01:21:13,097] {dag.py:2287} INFO - Setting next_dagrun for example_branch_dop_operator_v3 to 2021-09-19 00:00:00+00:00
[2021-09-21 01:21:13,111] {processor.py:170} INFO - Processing /home/airflow/.local/lib/python3.6/site-packages/airflow/example_dags/example_branch_python_dop_operator_3.py took 0.136 seconds
[2021-09-21 01:21:43,336] {processor.py:162} INFO - Started process (PID=766) to work on /home/airflow/.local/lib/python3.6/site-packages/airflow/example_dags/example_branch_python_dop_operator_3.py
[2021-09-21 01:21:43,338] {processor.py:613} INFO - Processing file /home/airflow/.local/lib/python3.6/site-packages/airflow/example_dags/example_branch_python_dop_operator_3.py for tasks to queue
[2021-09-21 01:21:43,339] {logging_mixin.py:109} INFO - [2021-09-21 01:21:43,339] {dagbag.py:496} INFO - Filling up the DagBag from /home/airflow/.local/lib/python3.6/site-packages/airflow/example_dags/example_branch_python_dop_operator_3.py
[2021-09-21 01:21:43,354] {processor.py:623} INFO - DAG(s) dict_keys(['example_branch_dop_operator_v3']) retrieved from /home/airflow/.local/lib/python3.6/site-packages/airflow/example_dags/example_branch_python_dop_operator_3.py
[2021-09-21 01:21:43,379] {logging_mixin.py:109} INFO - [2021-09-21 01:21:43,379] {dag.py:1834} INFO - Sync 1 DAGs
[2021-09-21 01:21:43,405] {logging_mixin.py:109} INFO - [2021-09-21 01:21:43,404] {dag.py:2287} INFO - Setting next_dagrun for example_branch_dop_operator_v3 to 2021-09-19 00:00:00+00:00
[2021-09-21 01:21:43,418] {processor.py:170} INFO - Processing /home/airflow/.local/lib/python3.6/site-packages/airflow/example_dags/example_branch_python_dop_operator_3.py took 0.086 seconds
[2021-09-21 01:22:14,146] {processor.py:162} INFO - Started process (PID=831) to work on /home/airflow/.local/lib/python3.6/site-packages/airflow/example_dags/example_branch_python_dop_operator_3.py
[2021-09-21 01:22:14,149] {processor.py:613} INFO - Processing file /home/airflow/.local/lib/python3.6/site-packages/airflow/example_dags/example_branch_python_dop_operator_3.py for tasks to queue
[2021-09-21 01:22:14,161] {logging_mixin.py:109} INFO - [2021-09-21 01:22:14,161] {dagbag.py:496} INFO - Filling up the DagBag from /home/airflow/.local/lib/python3.6/site-packages/airflow/example_dags/example_branch_python_dop_operator_3.py
[2021-09-21 01:22:14,187] {processor.py:623} INFO - DAG(s) dict_keys(['example_branch_dop_operator_v3']) retrieved from /home/airflow/.local/lib/python3.6/site-packages/airflow/example_dags/example_branch_python_dop_operator_3.py
[2021-09-21 01:22:14,521] {logging_mixin.py:109} INFO - [2021-09-21 01:22:14,520] {dag.py:1834} INFO - Sync 1 DAGs
[2021-09-21 01:22:14,793] {logging_mixin.py:109} INFO - [2021-09-21 01:22:14,786] {dag.py:2287} INFO - Setting next_dagrun for example_branch_dop_operator_v3 to 2021-09-19 00:00:00+00:00
[2021-09-21 01:22:14,962] {processor.py:170} INFO - Processing /home/airflow/.local/lib/python3.6/site-packages/airflow/example_dags/example_branch_python_dop_operator_3.py took 0.825 seconds
[2021-09-21 01:22:45,676] {processor.py:162} INFO - Started process (PID=883) to work on /home/airflow/.local/lib/python3.6/site-packages/airflow/example_dags/example_branch_python_dop_operator_3.py
[2021-09-21 01:22:45,678] {processor.py:613} INFO - Processing file /home/airflow/.local/lib/python3.6/site-packages/airflow/example_dags/example_branch_python_dop_operator_3.py for tasks to queue
[2021-09-21 01:22:45,680] {logging_mixin.py:109} INFO - [2021-09-21 01:22:45,680] {dagbag.py:496} INFO - Filling up the DagBag from /home/airflow/.local/lib/python3.6/site-packages/airflow/example_dags/example_branch_python_dop_operator_3.py
[2021-09-21 01:22:45,696] {processor.py:623} INFO - DAG(s) dict_keys(['example_branch_dop_operator_v3']) retrieved from /home/airflow/.local/lib/python3.6/site-packages/airflow/example_dags/example_branch_python_dop_operator_3.py
[2021-09-21 01:22:45,721] {logging_mixin.py:109} INFO - [2021-09-21 01:22:45,721] {dag.py:1834} INFO - Sync 1 DAGs
[2021-09-21 01:22:45,747] {logging_mixin.py:109} INFO - [2021-09-21 01:22:45,747] {dag.py:2287} INFO - Setting next_dagrun for example_branch_dop_operator_v3 to 2021-09-19 00:00:00+00:00
[2021-09-21 01:22:45,760] {processor.py:170} INFO - Processing /home/airflow/.local/lib/python3.6/site-packages/airflow/example_dags/example_branch_python_dop_operator_3.py took 0.087 seconds
[2021-09-21 01:23:16,139] {processor.py:162} INFO - Started process (PID=936) to work on /home/airflow/.local/lib/python3.6/site-packages/airflow/example_dags/example_branch_python_dop_operator_3.py
[2021-09-21 01:23:16,146] {processor.py:613} INFO - Processing file /home/airflow/.local/lib/python3.6/site-packages/airflow/example_dags/example_branch_python_dop_operator_3.py for tasks to queue
[2021-09-21 01:23:16,150] {logging_mixin.py:109} INFO - [2021-09-21 01:23:16,149] {dagbag.py:496} INFO - Filling up the DagBag from /home/airflow/.local/lib/python3.6/site-packages/airflow/example_dags/example_branch_python_dop_operator_3.py
[2021-09-21 01:23:16,223] {processor.py:623} INFO - DAG(s) dict_keys(['example_branch_dop_operator_v3']) retrieved from /home/airflow/.local/lib/python3.6/site-packages/airflow/example_dags/example_branch_python_dop_operator_3.py
[2021-09-21 01:23:16,388] {logging_mixin.py:109} INFO - [2021-09-21 01:23:16,387] {dag.py:1834} INFO - Sync 1 DAGs
[2021-09-21 01:23:16,544] {logging_mixin.py:109} INFO - [2021-09-21 01:23:16,543] {dag.py:2287} INFO - Setting next_dagrun for example_branch_dop_operator_v3 to 2021-09-19 00:00:00+00:00
[2021-09-21 01:23:16,636] {processor.py:170} INFO - Processing /home/airflow/.local/lib/python3.6/site-packages/airflow/example_dags/example_branch_python_dop_operator_3.py took 0.509 seconds
[2021-09-21 01:23:47,255] {processor.py:162} INFO - Started process (PID=989) to work on /home/airflow/.local/lib/python3.6/site-packages/airflow/example_dags/example_branch_python_dop_operator_3.py
[2021-09-21 01:23:47,258] {processor.py:613} INFO - Processing file /home/airflow/.local/lib/python3.6/site-packages/airflow/example_dags/example_branch_python_dop_operator_3.py for tasks to queue
[2021-09-21 01:23:47,261] {logging_mixin.py:109} INFO - [2021-09-21 01:23:47,260] {dagbag.py:496} INFO - Filling up the DagBag from /home/airflow/.local/lib/python3.6/site-packages/airflow/example_dags/example_branch_python_dop_operator_3.py
[2021-09-21 01:23:47,280] {processor.py:623} INFO - DAG(s) dict_keys(['example_branch_dop_operator_v3']) retrieved from /home/airflow/.local/lib/python3.6/site-packages/airflow/example_dags/example_branch_python_dop_operator_3.py
[2021-09-21 01:23:47,305] {logging_mixin.py:109} INFO - [2021-09-21 01:23:47,304] {dag.py:1834} INFO - Sync 1 DAGs
[2021-09-21 01:23:47,329] {logging_mixin.py:109} INFO - [2021-09-21 01:23:47,329] {dag.py:2287} INFO - Setting next_dagrun for example_branch_dop_operator_v3 to 2021-09-19 00:00:00+00:00
[2021-09-21 01:23:47,345] {processor.py:170} INFO - Processing /home/airflow/.local/lib/python3.6/site-packages/airflow/example_dags/example_branch_python_dop_operator_3.py took 0.094 seconds
[2021-09-21 01:24:18,093] {processor.py:162} INFO - Started process (PID=1053) to work on /home/airflow/.local/lib/python3.6/site-packages/airflow/example_dags/example_branch_python_dop_operator_3.py
[2021-09-21 01:24:18,097] {processor.py:613} INFO - Processing file /home/airflow/.local/lib/python3.6/site-packages/airflow/example_dags/example_branch_python_dop_operator_3.py for tasks to queue
[2021-09-21 01:24:18,100] {logging_mixin.py:109} INFO - [2021-09-21 01:24:18,100] {dagbag.py:496} INFO - Filling up the DagBag from /home/airflow/.local/lib/python3.6/site-packages/airflow/example_dags/example_branch_python_dop_operator_3.py
[2021-09-21 01:24:18,126] {processor.py:623} INFO - DAG(s) dict_keys(['example_branch_dop_operator_v3']) retrieved from /home/airflow/.local/lib/python3.6/site-packages/airflow/example_dags/example_branch_python_dop_operator_3.py
[2021-09-21 01:24:18,187] {logging_mixin.py:109} INFO - [2021-09-21 01:24:18,186] {dag.py:1834} INFO - Sync 1 DAGs
[2021-09-21 01:24:18,253] {logging_mixin.py:109} INFO - [2021-09-21 01:24:18,253] {dag.py:2287} INFO - Setting next_dagrun for example_branch_dop_operator_v3 to 2021-09-19 00:00:00+00:00
[2021-09-21 01:24:18,292] {processor.py:170} INFO - Processing /home/airflow/.local/lib/python3.6/site-packages/airflow/example_dags/example_branch_python_dop_operator_3.py took 0.205 seconds
[2021-09-21 01:24:48,692] {processor.py:162} INFO - Started process (PID=1105) to work on /home/airflow/.local/lib/python3.6/site-packages/airflow/example_dags/example_branch_python_dop_operator_3.py
[2021-09-21 01:24:48,696] {processor.py:613} INFO - Processing file /home/airflow/.local/lib/python3.6/site-packages/airflow/example_dags/example_branch_python_dop_operator_3.py for tasks to queue
[2021-09-21 01:24:48,700] {logging_mixin.py:109} INFO - [2021-09-21 01:24:48,700] {dagbag.py:496} INFO - Filling up the DagBag from /home/airflow/.local/lib/python3.6/site-packages/airflow/example_dags/example_branch_python_dop_operator_3.py
[2021-09-21 01:24:48,729] {processor.py:623} INFO - DAG(s) dict_keys(['example_branch_dop_operator_v3']) retrieved from /home/airflow/.local/lib/python3.6/site-packages/airflow/example_dags/example_branch_python_dop_operator_3.py
[2021-09-21 01:24:48,806] {logging_mixin.py:109} INFO - [2021-09-21 01:24:48,806] {dag.py:1834} INFO - Sync 1 DAGs
[2021-09-21 01:24:48,872] {logging_mixin.py:109} INFO - [2021-09-21 01:24:48,872] {dag.py:2287} INFO - Setting next_dagrun for example_branch_dop_operator_v3 to 2021-09-19 00:00:00+00:00
[2021-09-21 01:24:48,898] {processor.py:170} INFO - Processing /home/airflow/.local/lib/python3.6/site-packages/airflow/example_dags/example_branch_python_dop_operator_3.py took 0.215 seconds
[2021-09-21 01:25:22,946] {processor.py:162} INFO - Started process (PID=1156) to work on /home/airflow/.local/lib/python3.6/site-packages/airflow/example_dags/example_branch_python_dop_operator_3.py
[2021-09-21 01:25:22,951] {processor.py:613} INFO - Processing file /home/airflow/.local/lib/python3.6/site-packages/airflow/example_dags/example_branch_python_dop_operator_3.py for tasks to queue
[2021-09-21 01:25:22,955] {logging_mixin.py:109} INFO - [2021-09-21 01:25:22,954] {dagbag.py:496} INFO - Filling up the DagBag from /home/airflow/.local/lib/python3.6/site-packages/airflow/example_dags/example_branch_python_dop_operator_3.py
[2021-09-21 01:25:22,989] {processor.py:623} INFO - DAG(s) dict_keys(['example_branch_dop_operator_v3']) retrieved from /home/airflow/.local/lib/python3.6/site-packages/airflow/example_dags/example_branch_python_dop_operator_3.py
[2021-09-21 01:25:23,070] {logging_mixin.py:109} INFO - [2021-09-21 01:25:23,070] {dag.py:1834} INFO - Sync 1 DAGs
[2021-09-21 01:25:23,105] {logging_mixin.py:109} INFO - [2021-09-21 01:25:23,105] {dag.py:2287} INFO - Setting next_dagrun for example_branch_dop_operator_v3 to 2021-09-19 00:00:00+00:00
[2021-09-21 01:25:23,118] {processor.py:170} INFO - Processing /home/airflow/.local/lib/python3.6/site-packages/airflow/example_dags/example_branch_python_dop_operator_3.py took 0.185 seconds
[2021-09-21 01:25:53,297] {processor.py:162} INFO - Started process (PID=1210) to work on /home/airflow/.local/lib/python3.6/site-packages/airflow/example_dags/example_branch_python_dop_operator_3.py
[2021-09-21 01:25:53,300] {processor.py:613} INFO - Processing file /home/airflow/.local/lib/python3.6/site-packages/airflow/example_dags/example_branch_python_dop_operator_3.py for tasks to queue
[2021-09-21 01:25:53,302] {logging_mixin.py:109} INFO - [2021-09-21 01:25:53,302] {dagbag.py:496} INFO - Filling up the DagBag from /home/airflow/.local/lib/python3.6/site-packages/airflow/example_dags/example_branch_python_dop_operator_3.py
[2021-09-21 01:25:53,322] {processor.py:623} INFO - DAG(s) dict_keys(['example_branch_dop_operator_v3']) retrieved from /home/airflow/.local/lib/python3.6/site-packages/airflow/example_dags/example_branch_python_dop_operator_3.py
[2021-09-21 01:25:53,373] {logging_mixin.py:109} INFO - [2021-09-21 01:25:53,373] {dag.py:1834} INFO - Sync 1 DAGs
[2021-09-21 01:25:53,411] {logging_mixin.py:109} INFO - [2021-09-21 01:25:53,411] {dag.py:2287} INFO - Setting next_dagrun for example_branch_dop_operator_v3 to 2021-09-19 00:00:00+00:00
[2021-09-21 01:25:53,424] {processor.py:170} INFO - Processing /home/airflow/.local/lib/python3.6/site-packages/airflow/example_dags/example_branch_python_dop_operator_3.py took 0.136 seconds
[2021-09-21 01:26:24,257] {processor.py:162} INFO - Started process (PID=1272) to work on /home/airflow/.local/lib/python3.6/site-packages/airflow/example_dags/example_branch_python_dop_operator_3.py
[2021-09-21 01:26:24,261] {processor.py:613} INFO - Processing file /home/airflow/.local/lib/python3.6/site-packages/airflow/example_dags/example_branch_python_dop_operator_3.py for tasks to queue
[2021-09-21 01:26:24,264] {logging_mixin.py:109} INFO - [2021-09-21 01:26:24,264] {dagbag.py:496} INFO - Filling up the DagBag from /home/airflow/.local/lib/python3.6/site-packages/airflow/example_dags/example_branch_python_dop_operator_3.py
[2021-09-21 01:26:24,326] {processor.py:623} INFO - DAG(s) dict_keys(['example_branch_dop_operator_v3']) retrieved from /home/airflow/.local/lib/python3.6/site-packages/airflow/example_dags/example_branch_python_dop_operator_3.py
[2021-09-21 01:26:24,423] {logging_mixin.py:109} INFO - [2021-09-21 01:26:24,422] {dag.py:1834} INFO - Sync 1 DAGs
[2021-09-21 01:26:24,705] {logging_mixin.py:109} INFO - [2021-09-21 01:26:24,704] {dag.py:2287} INFO - Setting next_dagrun for example_branch_dop_operator_v3 to 2021-09-19 00:00:00+00:00
[2021-09-21 01:26:25,502] {processor.py:170} INFO - Processing /home/airflow/.local/lib/python3.6/site-packages/airflow/example_dags/example_branch_python_dop_operator_3.py took 1.239 seconds
[2021-09-21 01:26:57,166] {processor.py:162} INFO - Started process (PID=1325) to work on /home/airflow/.local/lib/python3.6/site-packages/airflow/example_dags/example_branch_python_dop_operator_3.py
[2021-09-21 01:26:57,172] {processor.py:613} INFO - Processing file /home/airflow/.local/lib/python3.6/site-packages/airflow/example_dags/example_branch_python_dop_operator_3.py for tasks to queue
[2021-09-21 01:26:57,175] {logging_mixin.py:109} INFO - [2021-09-21 01:26:57,174] {dagbag.py:496} INFO - Filling up the DagBag from /home/airflow/.local/lib/python3.6/site-packages/airflow/example_dags/example_branch_python_dop_operator_3.py
[2021-09-21 01:26:57,210] {processor.py:623} INFO - DAG(s) dict_keys(['example_branch_dop_operator_v3']) retrieved from /home/airflow/.local/lib/python3.6/site-packages/airflow/example_dags/example_branch_python_dop_operator_3.py
[2021-09-21 01:26:57,259] {logging_mixin.py:109} INFO - [2021-09-21 01:26:57,259] {dag.py:1834} INFO - Sync 1 DAGs
[2021-09-21 01:26:57,304] {logging_mixin.py:109} INFO - [2021-09-21 01:26:57,304] {dag.py:2287} INFO - Setting next_dagrun for example_branch_dop_operator_v3 to 2021-09-19 00:00:00+00:00
[2021-09-21 01:26:57,325] {processor.py:170} INFO - Processing /home/airflow/.local/lib/python3.6/site-packages/airflow/example_dags/example_branch_python_dop_operator_3.py took 0.166 seconds
[2021-09-21 01:27:27,697] {processor.py:162} INFO - Started process (PID=1378) to work on /home/airflow/.local/lib/python3.6/site-packages/airflow/example_dags/example_branch_python_dop_operator_3.py
[2021-09-21 01:27:27,703] {processor.py:613} INFO - Processing file /home/airflow/.local/lib/python3.6/site-packages/airflow/example_dags/example_branch_python_dop_operator_3.py for tasks to queue
[2021-09-21 01:27:27,712] {logging_mixin.py:109} INFO - [2021-09-21 01:27:27,712] {dagbag.py:496} INFO - Filling up the DagBag from /home/airflow/.local/lib/python3.6/site-packages/airflow/example_dags/example_branch_python_dop_operator_3.py
[2021-09-21 01:27:27,758] {processor.py:623} INFO - DAG(s) dict_keys(['example_branch_dop_operator_v3']) retrieved from /home/airflow/.local/lib/python3.6/site-packages/airflow/example_dags/example_branch_python_dop_operator_3.py
[2021-09-21 01:27:27,841] {logging_mixin.py:109} INFO - [2021-09-21 01:27:27,841] {dag.py:1834} INFO - Sync 1 DAGs
[2021-09-21 01:27:27,917] {logging_mixin.py:109} INFO - [2021-09-21 01:27:27,917] {dag.py:2287} INFO - Setting next_dagrun for example_branch_dop_operator_v3 to 2021-09-19 00:00:00+00:00
[2021-09-21 01:27:27,953] {processor.py:170} INFO - Processing /home/airflow/.local/lib/python3.6/site-packages/airflow/example_dags/example_branch_python_dop_operator_3.py took 0.272 seconds
[2021-09-21 01:27:58,680] {processor.py:162} INFO - Started process (PID=1429) to work on /home/airflow/.local/lib/python3.6/site-packages/airflow/example_dags/example_branch_python_dop_operator_3.py
[2021-09-21 01:27:58,682] {processor.py:613} INFO - Processing file /home/airflow/.local/lib/python3.6/site-packages/airflow/example_dags/example_branch_python_dop_operator_3.py for tasks to queue
[2021-09-21 01:27:58,684] {logging_mixin.py:109} INFO - [2021-09-21 01:27:58,683] {dagbag.py:496} INFO - Filling up the DagBag from /home/airflow/.local/lib/python3.6/site-packages/airflow/example_dags/example_branch_python_dop_operator_3.py
[2021-09-21 01:27:58,700] {processor.py:623} INFO - DAG(s) dict_keys(['example_branch_dop_operator_v3']) retrieved from /home/airflow/.local/lib/python3.6/site-packages/airflow/example_dags/example_branch_python_dop_operator_3.py
[2021-09-21 01:27:58,725] {logging_mixin.py:109} INFO - [2021-09-21 01:27:58,725] {dag.py:1834} INFO - Sync 1 DAGs
[2021-09-21 01:27:58,749] {logging_mixin.py:109} INFO - [2021-09-21 01:27:58,749] {dag.py:2287} INFO - Setting next_dagrun for example_branch_dop_operator_v3 to 2021-09-19 00:00:00+00:00
[2021-09-21 01:27:58,761] {processor.py:170} INFO - Processing /home/airflow/.local/lib/python3.6/site-packages/airflow/example_dags/example_branch_python_dop_operator_3.py took 0.084 seconds
[2021-09-21 01:28:29,388] {processor.py:162} INFO - Started process (PID=1493) to work on /home/airflow/.local/lib/python3.6/site-packages/airflow/example_dags/example_branch_python_dop_operator_3.py
[2021-09-21 01:28:29,392] {processor.py:613} INFO - Processing file /home/airflow/.local/lib/python3.6/site-packages/airflow/example_dags/example_branch_python_dop_operator_3.py for tasks to queue
[2021-09-21 01:28:29,395] {logging_mixin.py:109} INFO - [2021-09-21 01:28:29,395] {dagbag.py:496} INFO - Filling up the DagBag from /home/airflow/.local/lib/python3.6/site-packages/airflow/example_dags/example_branch_python_dop_operator_3.py
[2021-09-21 01:28:29,415] {processor.py:623} INFO - DAG(s) dict_keys(['example_branch_dop_operator_v3']) retrieved from /home/airflow/.local/lib/python3.6/site-packages/airflow/example_dags/example_branch_python_dop_operator_3.py
[2021-09-21 01:28:29,454] {logging_mixin.py:109} INFO - [2021-09-21 01:28:29,454] {dag.py:1834} INFO - Sync 1 DAGs
[2021-09-21 01:28:29,494] {logging_mixin.py:109} INFO - [2021-09-21 01:28:29,494] {dag.py:2287} INFO - Setting next_dagrun for example_branch_dop_operator_v3 to 2021-09-19 00:00:00+00:00
[2021-09-21 01:28:29,514] {processor.py:170} INFO - Processing /home/airflow/.local/lib/python3.6/site-packages/airflow/example_dags/example_branch_python_dop_operator_3.py took 0.132 seconds
[2021-09-21 01:29:00,058] {processor.py:162} INFO - Started process (PID=1545) to work on /home/airflow/.local/lib/python3.6/site-packages/airflow/example_dags/example_branch_python_dop_operator_3.py
[2021-09-21 01:29:00,062] {processor.py:613} INFO - Processing file /home/airflow/.local/lib/python3.6/site-packages/airflow/example_dags/example_branch_python_dop_operator_3.py for tasks to queue
[2021-09-21 01:29:00,063] {logging_mixin.py:109} INFO - [2021-09-21 01:29:00,063] {dagbag.py:496} INFO - Filling up the DagBag from /home/airflow/.local/lib/python3.6/site-packages/airflow/example_dags/example_branch_python_dop_operator_3.py
[2021-09-21 01:29:00,079] {processor.py:623} INFO - DAG(s) dict_keys(['example_branch_dop_operator_v3']) retrieved from /home/airflow/.local/lib/python3.6/site-packages/airflow/example_dags/example_branch_python_dop_operator_3.py
[2021-09-21 01:29:00,108] {logging_mixin.py:109} INFO - [2021-09-21 01:29:00,108] {dag.py:1834} INFO - Sync 1 DAGs
[2021-09-21 01:29:00,131] {logging_mixin.py:109} INFO - [2021-09-21 01:29:00,131] {dag.py:2287} INFO - Setting next_dagrun for example_branch_dop_operator_v3 to 2021-09-19 00:00:00+00:00
[2021-09-21 01:29:00,142] {processor.py:170} INFO - Processing /home/airflow/.local/lib/python3.6/site-packages/airflow/example_dags/example_branch_python_dop_operator_3.py took 0.087 seconds
[2021-09-21 01:29:30,967] {processor.py:162} INFO - Started process (PID=1610) to work on /home/airflow/.local/lib/python3.6/site-packages/airflow/example_dags/example_branch_python_dop_operator_3.py
[2021-09-21 01:29:30,970] {processor.py:613} INFO - Processing file /home/airflow/.local/lib/python3.6/site-packages/airflow/example_dags/example_branch_python_dop_operator_3.py for tasks to queue
[2021-09-21 01:29:30,972] {logging_mixin.py:109} INFO - [2021-09-21 01:29:30,972] {dagbag.py:496} INFO - Filling up the DagBag from /home/airflow/.local/lib/python3.6/site-packages/airflow/example_dags/example_branch_python_dop_operator_3.py
[2021-09-21 01:29:30,997] {processor.py:623} INFO - DAG(s) dict_keys(['example_branch_dop_operator_v3']) retrieved from /home/airflow/.local/lib/python3.6/site-packages/airflow/example_dags/example_branch_python_dop_operator_3.py
[2021-09-21 01:29:31,046] {logging_mixin.py:109} INFO - [2021-09-21 01:29:31,046] {dag.py:1834} INFO - Sync 1 DAGs
[2021-09-21 01:29:31,086] {logging_mixin.py:109} INFO - [2021-09-21 01:29:31,086] {dag.py:2287} INFO - Setting next_dagrun for example_branch_dop_operator_v3 to 2021-09-19 00:00:00+00:00
[2021-09-21 01:29:31,105] {processor.py:170} INFO - Processing /home/airflow/.local/lib/python3.6/site-packages/airflow/example_dags/example_branch_python_dop_operator_3.py took 0.143 seconds
[2021-09-21 01:30:01,286] {processor.py:162} INFO - Started process (PID=1671) to work on /home/airflow/.local/lib/python3.6/site-packages/airflow/example_dags/example_branch_python_dop_operator_3.py
[2021-09-21 01:30:01,288] {processor.py:613} INFO - Processing file /home/airflow/.local/lib/python3.6/site-packages/airflow/example_dags/example_branch_python_dop_operator_3.py for tasks to queue
[2021-09-21 01:30:01,289] {logging_mixin.py:109} INFO - [2021-09-21 01:30:01,289] {dagbag.py:496} INFO - Filling up the DagBag from /home/airflow/.local/lib/python3.6/site-packages/airflow/example_dags/example_branch_python_dop_operator_3.py
[2021-09-21 01:30:01,306] {processor.py:623} INFO - DAG(s) dict_keys(['example_branch_dop_operator_v3']) retrieved from /home/airflow/.local/lib/python3.6/site-packages/airflow/example_dags/example_branch_python_dop_operator_3.py
[2021-09-21 01:30:01,353] {logging_mixin.py:109} INFO - [2021-09-21 01:30:01,353] {dag.py:1834} INFO - Sync 1 DAGs
[2021-09-21 01:30:01,414] {logging_mixin.py:109} INFO - [2021-09-21 01:30:01,414] {dag.py:2287} INFO - Setting next_dagrun for example_branch_dop_operator_v3 to 2021-09-19 00:00:00+00:00
[2021-09-21 01:30:01,436] {processor.py:170} INFO - Processing /home/airflow/.local/lib/python3.6/site-packages/airflow/example_dags/example_branch_python_dop_operator_3.py took 0.155 seconds
[2021-09-21 01:30:32,166] {processor.py:162} INFO - Started process (PID=1726) to work on /home/airflow/.local/lib/python3.6/site-packages/airflow/example_dags/example_branch_python_dop_operator_3.py
[2021-09-21 01:30:32,168] {processor.py:613} INFO - Processing file /home/airflow/.local/lib/python3.6/site-packages/airflow/example_dags/example_branch_python_dop_operator_3.py for tasks to queue
[2021-09-21 01:30:32,170] {logging_mixin.py:109} INFO - [2021-09-21 01:30:32,170] {dagbag.py:496} INFO - Filling up the DagBag from /home/airflow/.local/lib/python3.6/site-packages/airflow/example_dags/example_branch_python_dop_operator_3.py
[2021-09-21 01:30:32,188] {processor.py:623} INFO - DAG(s) dict_keys(['example_branch_dop_operator_v3']) retrieved from /home/airflow/.local/lib/python3.6/site-packages/airflow/example_dags/example_branch_python_dop_operator_3.py
[2021-09-21 01:30:32,214] {logging_mixin.py:109} INFO - [2021-09-21 01:30:32,214] {dag.py:1834} INFO - Sync 1 DAGs
[2021-09-21 01:30:32,240] {logging_mixin.py:109} INFO - [2021-09-21 01:30:32,240] {dag.py:2287} INFO - Setting next_dagrun for example_branch_dop_operator_v3 to 2021-09-19 00:00:00+00:00
[2021-09-21 01:30:32,253] {processor.py:170} INFO - Processing /home/airflow/.local/lib/python3.6/site-packages/airflow/example_dags/example_branch_python_dop_operator_3.py took 0.091 seconds
[2021-09-21 01:31:02,319] {processor.py:162} INFO - Started process (PID=1789) to work on /home/airflow/.local/lib/python3.6/site-packages/airflow/example_dags/example_branch_python_dop_operator_3.py
[2021-09-21 01:31:02,321] {processor.py:613} INFO - Processing file /home/airflow/.local/lib/python3.6/site-packages/airflow/example_dags/example_branch_python_dop_operator_3.py for tasks to queue
[2021-09-21 01:31:02,323] {logging_mixin.py:109} INFO - [2021-09-21 01:31:02,323] {dagbag.py:496} INFO - Filling up the DagBag from /home/airflow/.local/lib/python3.6/site-packages/airflow/example_dags/example_branch_python_dop_operator_3.py
[2021-09-21 01:31:02,345] {processor.py:623} INFO - DAG(s) dict_keys(['example_branch_dop_operator_v3']) retrieved from /home/airflow/.local/lib/python3.6/site-packages/airflow/example_dags/example_branch_python_dop_operator_3.py
[2021-09-21 01:31:02,370] {logging_mixin.py:109} INFO - [2021-09-21 01:31:02,370] {dag.py:1834} INFO - Sync 1 DAGs
[2021-09-21 01:31:02,396] {logging_mixin.py:109} INFO - [2021-09-21 01:31:02,396] {dag.py:2287} INFO - Setting next_dagrun for example_branch_dop_operator_v3 to 2021-09-19 00:00:00+00:00
[2021-09-21 01:31:02,409] {processor.py:170} INFO - Processing /home/airflow/.local/lib/python3.6/site-packages/airflow/example_dags/example_branch_python_dop_operator_3.py took 0.097 seconds
[2021-09-21 01:31:32,580] {processor.py:162} INFO - Started process (PID=1842) to work on /home/airflow/.local/lib/python3.6/site-packages/airflow/example_dags/example_branch_python_dop_operator_3.py
[2021-09-21 01:31:32,582] {processor.py:613} INFO - Processing file /home/airflow/.local/lib/python3.6/site-packages/airflow/example_dags/example_branch_python_dop_operator_3.py for tasks to queue
[2021-09-21 01:31:32,584] {logging_mixin.py:109} INFO - [2021-09-21 01:31:32,583] {dagbag.py:496} INFO - Filling up the DagBag from /home/airflow/.local/lib/python3.6/site-packages/airflow/example_dags/example_branch_python_dop_operator_3.py
[2021-09-21 01:31:32,597] {processor.py:623} INFO - DAG(s) dict_keys(['example_branch_dop_operator_v3']) retrieved from /home/airflow/.local/lib/python3.6/site-packages/airflow/example_dags/example_branch_python_dop_operator_3.py
[2021-09-21 01:31:32,618] {logging_mixin.py:109} INFO - [2021-09-21 01:31:32,618] {dag.py:1834} INFO - Sync 1 DAGs
[2021-09-21 01:31:32,639] {logging_mixin.py:109} INFO - [2021-09-21 01:31:32,639] {dag.py:2287} INFO - Setting next_dagrun for example_branch_dop_operator_v3 to 2021-09-19 00:00:00+00:00
[2021-09-21 01:31:32,648] {processor.py:170} INFO - Processing /home/airflow/.local/lib/python3.6/site-packages/airflow/example_dags/example_branch_python_dop_operator_3.py took 0.073 seconds
[2021-09-21 01:32:03,570] {processor.py:162} INFO - Started process (PID=1906) to work on /home/airflow/.local/lib/python3.6/site-packages/airflow/example_dags/example_branch_python_dop_operator_3.py
[2021-09-21 01:32:03,572] {processor.py:613} INFO - Processing file /home/airflow/.local/lib/python3.6/site-packages/airflow/example_dags/example_branch_python_dop_operator_3.py for tasks to queue
[2021-09-21 01:32:03,574] {logging_mixin.py:109} INFO - [2021-09-21 01:32:03,574] {dagbag.py:496} INFO - Filling up the DagBag from /home/airflow/.local/lib/python3.6/site-packages/airflow/example_dags/example_branch_python_dop_operator_3.py
[2021-09-21 01:32:03,591] {processor.py:623} INFO - DAG(s) dict_keys(['example_branch_dop_operator_v3']) retrieved from /home/airflow/.local/lib/python3.6/site-packages/airflow/example_dags/example_branch_python_dop_operator_3.py
[2021-09-21 01:32:03,615] {logging_mixin.py:109} INFO - [2021-09-21 01:32:03,615] {dag.py:1834} INFO - Sync 1 DAGs
[2021-09-21 01:32:03,639] {logging_mixin.py:109} INFO - [2021-09-21 01:32:03,639] {dag.py:2287} INFO - Setting next_dagrun for example_branch_dop_operator_v3 to 2021-09-19 00:00:00+00:00
[2021-09-21 01:32:03,651] {processor.py:170} INFO - Processing /home/airflow/.local/lib/python3.6/site-packages/airflow/example_dags/example_branch_python_dop_operator_3.py took 0.085 seconds
[2021-09-21 01:32:34,217] {processor.py:162} INFO - Started process (PID=1957) to work on /home/airflow/.local/lib/python3.6/site-packages/airflow/example_dags/example_branch_python_dop_operator_3.py
[2021-09-21 01:32:34,221] {processor.py:613} INFO - Processing file /home/airflow/.local/lib/python3.6/site-packages/airflow/example_dags/example_branch_python_dop_operator_3.py for tasks to queue
[2021-09-21 01:32:34,223] {logging_mixin.py:109} INFO - [2021-09-21 01:32:34,222] {dagbag.py:496} INFO - Filling up the DagBag from /home/airflow/.local/lib/python3.6/site-packages/airflow/example_dags/example_branch_python_dop_operator_3.py
[2021-09-21 01:32:34,238] {processor.py:623} INFO - DAG(s) dict_keys(['example_branch_dop_operator_v3']) retrieved from /home/airflow/.local/lib/python3.6/site-packages/airflow/example_dags/example_branch_python_dop_operator_3.py
[2021-09-21 01:32:34,262] {logging_mixin.py:109} INFO - [2021-09-21 01:32:34,262] {dag.py:1834} INFO - Sync 1 DAGs
[2021-09-21 01:32:34,287] {logging_mixin.py:109} INFO - [2021-09-21 01:32:34,287] {dag.py:2287} INFO - Setting next_dagrun for example_branch_dop_operator_v3 to 2021-09-19 00:00:00+00:00
[2021-09-21 01:32:34,298] {processor.py:170} INFO - Processing /home/airflow/.local/lib/python3.6/site-packages/airflow/example_dags/example_branch_python_dop_operator_3.py took 0.085 seconds
[2021-09-21 01:33:04,927] {processor.py:162} INFO - Started process (PID=2023) to work on /home/airflow/.local/lib/python3.6/site-packages/airflow/example_dags/example_branch_python_dop_operator_3.py
[2021-09-21 01:33:04,929] {processor.py:613} INFO - Processing file /home/airflow/.local/lib/python3.6/site-packages/airflow/example_dags/example_branch_python_dop_operator_3.py for tasks to queue
[2021-09-21 01:33:04,930] {logging_mixin.py:109} INFO - [2021-09-21 01:33:04,930] {dagbag.py:496} INFO - Filling up the DagBag from /home/airflow/.local/lib/python3.6/site-packages/airflow/example_dags/example_branch_python_dop_operator_3.py
[2021-09-21 01:33:04,947] {processor.py:623} INFO - DAG(s) dict_keys(['example_branch_dop_operator_v3']) retrieved from /home/airflow/.local/lib/python3.6/site-packages/airflow/example_dags/example_branch_python_dop_operator_3.py
[2021-09-21 01:33:04,977] {logging_mixin.py:109} INFO - [2021-09-21 01:33:04,977] {dag.py:1834} INFO - Sync 1 DAGs
[2021-09-21 01:33:05,020] {logging_mixin.py:109} INFO - [2021-09-21 01:33:05,020] {dag.py:2287} INFO - Setting next_dagrun for example_branch_dop_operator_v3 to 2021-09-19 00:00:00+00:00
[2021-09-21 01:33:05,031] {processor.py:170} INFO - Processing /home/airflow/.local/lib/python3.6/site-packages/airflow/example_dags/example_branch_python_dop_operator_3.py took 0.110 seconds
[2021-09-21 01:33:35,703] {processor.py:162} INFO - Started process (PID=2086) to work on /home/airflow/.local/lib/python3.6/site-packages/airflow/example_dags/example_branch_python_dop_operator_3.py
[2021-09-21 01:33:35,707] {processor.py:613} INFO - Processing file /home/airflow/.local/lib/python3.6/site-packages/airflow/example_dags/example_branch_python_dop_operator_3.py for tasks to queue
[2021-09-21 01:33:35,708] {logging_mixin.py:109} INFO - [2021-09-21 01:33:35,708] {dagbag.py:496} INFO - Filling up the DagBag from /home/airflow/.local/lib/python3.6/site-packages/airflow/example_dags/example_branch_python_dop_operator_3.py
[2021-09-21 01:33:35,739] {processor.py:623} INFO - DAG(s) dict_keys(['example_branch_dop_operator_v3']) retrieved from /home/airflow/.local/lib/python3.6/site-packages/airflow/example_dags/example_branch_python_dop_operator_3.py
[2021-09-21 01:33:35,786] {logging_mixin.py:109} INFO - [2021-09-21 01:33:35,786] {dag.py:1834} INFO - Sync 1 DAGs
[2021-09-21 01:33:35,835] {logging_mixin.py:109} INFO - [2021-09-21 01:33:35,834] {dag.py:2287} INFO - Setting next_dagrun for example_branch_dop_operator_v3 to 2021-09-19 00:00:00+00:00
[2021-09-21 01:33:35,851] {processor.py:170} INFO - Processing /home/airflow/.local/lib/python3.6/site-packages/airflow/example_dags/example_branch_python_dop_operator_3.py took 0.156 seconds
[2021-09-21 01:34:06,459] {processor.py:162} INFO - Started process (PID=2140) to work on /home/airflow/.local/lib/python3.6/site-packages/airflow/example_dags/example_branch_python_dop_operator_3.py
[2021-09-21 01:34:06,461] {processor.py:613} INFO - Processing file /home/airflow/.local/lib/python3.6/site-packages/airflow/example_dags/example_branch_python_dop_operator_3.py for tasks to queue
[2021-09-21 01:34:06,463] {logging_mixin.py:109} INFO - [2021-09-21 01:34:06,463] {dagbag.py:496} INFO - Filling up the DagBag from /home/airflow/.local/lib/python3.6/site-packages/airflow/example_dags/example_branch_python_dop_operator_3.py
[2021-09-21 01:34:06,480] {processor.py:623} INFO - DAG(s) dict_keys(['example_branch_dop_operator_v3']) retrieved from /home/airflow/.local/lib/python3.6/site-packages/airflow/example_dags/example_branch_python_dop_operator_3.py
[2021-09-21 01:34:06,505] {logging_mixin.py:109} INFO - [2021-09-21 01:34:06,505] {dag.py:1834} INFO - Sync 1 DAGs
[2021-09-21 01:34:06,529] {logging_mixin.py:109} INFO - [2021-09-21 01:34:06,529] {dag.py:2287} INFO - Setting next_dagrun for example_branch_dop_operator_v3 to 2021-09-19 00:00:00+00:00
[2021-09-21 01:34:06,539] {processor.py:170} INFO - Processing /home/airflow/.local/lib/python3.6/site-packages/airflow/example_dags/example_branch_python_dop_operator_3.py took 0.085 seconds
[2021-09-21 01:34:37,081] {processor.py:162} INFO - Started process (PID=2203) to work on /home/airflow/.local/lib/python3.6/site-packages/airflow/example_dags/example_branch_python_dop_operator_3.py
[2021-09-21 01:34:37,083] {processor.py:613} INFO - Processing file /home/airflow/.local/lib/python3.6/site-packages/airflow/example_dags/example_branch_python_dop_operator_3.py for tasks to queue
[2021-09-21 01:34:37,086] {logging_mixin.py:109} INFO - [2021-09-21 01:34:37,086] {dagbag.py:496} INFO - Filling up the DagBag from /home/airflow/.local/lib/python3.6/site-packages/airflow/example_dags/example_branch_python_dop_operator_3.py
[2021-09-21 01:34:37,104] {processor.py:623} INFO - DAG(s) dict_keys(['example_branch_dop_operator_v3']) retrieved from /home/airflow/.local/lib/python3.6/site-packages/airflow/example_dags/example_branch_python_dop_operator_3.py
[2021-09-21 01:34:37,131] {logging_mixin.py:109} INFO - [2021-09-21 01:34:37,131] {dag.py:1834} INFO - Sync 1 DAGs
[2021-09-21 01:34:37,156] {logging_mixin.py:109} INFO - [2021-09-21 01:34:37,156] {dag.py:2287} INFO - Setting next_dagrun for example_branch_dop_operator_v3 to 2021-09-19 00:00:00+00:00
[2021-09-21 01:34:37,168] {processor.py:170} INFO - Processing /home/airflow/.local/lib/python3.6/site-packages/airflow/example_dags/example_branch_python_dop_operator_3.py took 0.093 seconds
[2021-09-21 01:35:07,441] {processor.py:162} INFO - Started process (PID=2255) to work on /home/airflow/.local/lib/python3.6/site-packages/airflow/example_dags/example_branch_python_dop_operator_3.py
[2021-09-21 01:35:07,443] {processor.py:613} INFO - Processing file /home/airflow/.local/lib/python3.6/site-packages/airflow/example_dags/example_branch_python_dop_operator_3.py for tasks to queue
[2021-09-21 01:35:07,445] {logging_mixin.py:109} INFO - [2021-09-21 01:35:07,445] {dagbag.py:496} INFO - Filling up the DagBag from /home/airflow/.local/lib/python3.6/site-packages/airflow/example_dags/example_branch_python_dop_operator_3.py
[2021-09-21 01:35:07,460] {processor.py:623} INFO - DAG(s) dict_keys(['example_branch_dop_operator_v3']) retrieved from /home/airflow/.local/lib/python3.6/site-packages/airflow/example_dags/example_branch_python_dop_operator_3.py
[2021-09-21 01:35:07,484] {logging_mixin.py:109} INFO - [2021-09-21 01:35:07,484] {dag.py:1834} INFO - Sync 1 DAGs
[2021-09-21 01:35:07,510] {logging_mixin.py:109} INFO - [2021-09-21 01:35:07,510] {dag.py:2287} INFO - Setting next_dagrun for example_branch_dop_operator_v3 to 2021-09-19 00:00:00+00:00
[2021-09-21 01:35:07,521] {processor.py:170} INFO - Processing /home/airflow/.local/lib/python3.6/site-packages/airflow/example_dags/example_branch_python_dop_operator_3.py took 0.084 seconds
[2021-09-21 01:35:38,069] {processor.py:162} INFO - Started process (PID=2319) to work on /home/airflow/.local/lib/python3.6/site-packages/airflow/example_dags/example_branch_python_dop_operator_3.py
[2021-09-21 01:35:38,070] {processor.py:613} INFO - Processing file /home/airflow/.local/lib/python3.6/site-packages/airflow/example_dags/example_branch_python_dop_operator_3.py for tasks to queue
[2021-09-21 01:35:38,072] {logging_mixin.py:109} INFO - [2021-09-21 01:35:38,071] {dagbag.py:496} INFO - Filling up the DagBag from /home/airflow/.local/lib/python3.6/site-packages/airflow/example_dags/example_branch_python_dop_operator_3.py
[2021-09-21 01:35:38,085] {processor.py:623} INFO - DAG(s) dict_keys(['example_branch_dop_operator_v3']) retrieved from /home/airflow/.local/lib/python3.6/site-packages/airflow/example_dags/example_branch_python_dop_operator_3.py
[2021-09-21 01:35:38,109] {logging_mixin.py:109} INFO - [2021-09-21 01:35:38,109] {dag.py:1834} INFO - Sync 1 DAGs
[2021-09-21 01:35:38,133] {logging_mixin.py:109} INFO - [2021-09-21 01:35:38,133] {dag.py:2287} INFO - Setting next_dagrun for example_branch_dop_operator_v3 to 2021-09-19 00:00:00+00:00
[2021-09-21 01:35:38,145] {processor.py:170} INFO - Processing /home/airflow/.local/lib/python3.6/site-packages/airflow/example_dags/example_branch_python_dop_operator_3.py took 0.080 seconds
[2021-09-21 01:36:08,985] {processor.py:162} INFO - Started process (PID=2384) to work on /home/airflow/.local/lib/python3.6/site-packages/airflow/example_dags/example_branch_python_dop_operator_3.py
[2021-09-21 01:36:08,988] {processor.py:613} INFO - Processing file /home/airflow/.local/lib/python3.6/site-packages/airflow/example_dags/example_branch_python_dop_operator_3.py for tasks to queue
[2021-09-21 01:36:08,990] {logging_mixin.py:109} INFO - [2021-09-21 01:36:08,990] {dagbag.py:496} INFO - Filling up the DagBag from /home/airflow/.local/lib/python3.6/site-packages/airflow/example_dags/example_branch_python_dop_operator_3.py
[2021-09-21 01:36:09,007] {processor.py:623} INFO - DAG(s) dict_keys(['example_branch_dop_operator_v3']) retrieved from /home/airflow/.local/lib/python3.6/site-packages/airflow/example_dags/example_branch_python_dop_operator_3.py
[2021-09-21 01:36:09,030] {logging_mixin.py:109} INFO - [2021-09-21 01:36:09,030] {dag.py:1834} INFO - Sync 1 DAGs
[2021-09-21 01:36:09,055] {logging_mixin.py:109} INFO - [2021-09-21 01:36:09,055] {dag.py:2287} INFO - Setting next_dagrun for example_branch_dop_operator_v3 to 2021-09-19 00:00:00+00:00
[2021-09-21 01:36:09,066] {processor.py:170} INFO - Processing /home/airflow/.local/lib/python3.6/site-packages/airflow/example_dags/example_branch_python_dop_operator_3.py took 0.087 seconds
[2021-09-21 01:36:42,665] {processor.py:162} INFO - Started process (PID=2439) to work on /home/airflow/.local/lib/python3.6/site-packages/airflow/example_dags/example_branch_python_dop_operator_3.py
[2021-09-21 01:36:42,671] {processor.py:613} INFO - Processing file /home/airflow/.local/lib/python3.6/site-packages/airflow/example_dags/example_branch_python_dop_operator_3.py for tasks to queue
[2021-09-21 01:36:42,677] {logging_mixin.py:109} INFO - [2021-09-21 01:36:42,677] {dagbag.py:496} INFO - Filling up the DagBag from /home/airflow/.local/lib/python3.6/site-packages/airflow/example_dags/example_branch_python_dop_operator_3.py
[2021-09-21 01:36:42,739] {processor.py:623} INFO - DAG(s) dict_keys(['example_branch_dop_operator_v3']) retrieved from /home/airflow/.local/lib/python3.6/site-packages/airflow/example_dags/example_branch_python_dop_operator_3.py
[2021-09-21 01:36:42,932] {logging_mixin.py:109} INFO - [2021-09-21 01:36:42,932] {dag.py:1834} INFO - Sync 1 DAGs
[2021-09-21 01:36:43,032] {logging_mixin.py:109} INFO - [2021-09-21 01:36:43,032] {dag.py:2287} INFO - Setting next_dagrun for example_branch_dop_operator_v3 to 2021-09-19 00:00:00+00:00
[2021-09-21 01:36:43,076] {processor.py:170} INFO - Processing /home/airflow/.local/lib/python3.6/site-packages/airflow/example_dags/example_branch_python_dop_operator_3.py took 0.433 seconds
[2021-09-21 01:37:14,013] {processor.py:162} INFO - Started process (PID=2493) to work on /home/airflow/.local/lib/python3.6/site-packages/airflow/example_dags/example_branch_python_dop_operator_3.py
[2021-09-21 01:37:14,030] {processor.py:613} INFO - Processing file /home/airflow/.local/lib/python3.6/site-packages/airflow/example_dags/example_branch_python_dop_operator_3.py for tasks to queue
[2021-09-21 01:37:14,034] {logging_mixin.py:109} INFO - [2021-09-21 01:37:14,034] {dagbag.py:496} INFO - Filling up the DagBag from /home/airflow/.local/lib/python3.6/site-packages/airflow/example_dags/example_branch_python_dop_operator_3.py
[2021-09-21 01:37:14,308] {processor.py:623} INFO - DAG(s) dict_keys(['example_branch_dop_operator_v3']) retrieved from /home/airflow/.local/lib/python3.6/site-packages/airflow/example_dags/example_branch_python_dop_operator_3.py
[2021-09-21 01:37:14,501] {logging_mixin.py:109} INFO - [2021-09-21 01:37:14,501] {dag.py:1834} INFO - Sync 1 DAGs
[2021-09-21 01:37:14,598] {logging_mixin.py:109} INFO - [2021-09-21 01:37:14,598] {dag.py:2287} INFO - Setting next_dagrun for example_branch_dop_operator_v3 to 2021-09-19 00:00:00+00:00
[2021-09-21 01:37:14,623] {processor.py:170} INFO - Processing /home/airflow/.local/lib/python3.6/site-packages/airflow/example_dags/example_branch_python_dop_operator_3.py took 0.624 seconds
[2021-09-21 01:37:44,767] {processor.py:162} INFO - Started process (PID=2557) to work on /home/airflow/.local/lib/python3.6/site-packages/airflow/example_dags/example_branch_python_dop_operator_3.py
[2021-09-21 01:37:44,769] {processor.py:613} INFO - Processing file /home/airflow/.local/lib/python3.6/site-packages/airflow/example_dags/example_branch_python_dop_operator_3.py for tasks to queue
[2021-09-21 01:37:44,770] {logging_mixin.py:109} INFO - [2021-09-21 01:37:44,770] {dagbag.py:496} INFO - Filling up the DagBag from /home/airflow/.local/lib/python3.6/site-packages/airflow/example_dags/example_branch_python_dop_operator_3.py
[2021-09-21 01:37:44,788] {processor.py:623} INFO - DAG(s) dict_keys(['example_branch_dop_operator_v3']) retrieved from /home/airflow/.local/lib/python3.6/site-packages/airflow/example_dags/example_branch_python_dop_operator_3.py
[2021-09-21 01:37:44,813] {logging_mixin.py:109} INFO - [2021-09-21 01:37:44,813] {dag.py:1834} INFO - Sync 1 DAGs
[2021-09-21 01:37:44,842] {logging_mixin.py:109} INFO - [2021-09-21 01:37:44,842] {dag.py:2287} INFO - Setting next_dagrun for example_branch_dop_operator_v3 to 2021-09-19 00:00:00+00:00
[2021-09-21 01:37:44,856] {processor.py:170} INFO - Processing /home/airflow/.local/lib/python3.6/site-packages/airflow/example_dags/example_branch_python_dop_operator_3.py took 0.093 seconds
[2021-09-21 01:38:15,508] {processor.py:162} INFO - Started process (PID=2621) to work on /home/airflow/.local/lib/python3.6/site-packages/airflow/example_dags/example_branch_python_dop_operator_3.py
[2021-09-21 01:38:15,513] {processor.py:613} INFO - Processing file /home/airflow/.local/lib/python3.6/site-packages/airflow/example_dags/example_branch_python_dop_operator_3.py for tasks to queue
[2021-09-21 01:38:15,517] {logging_mixin.py:109} INFO - [2021-09-21 01:38:15,516] {dagbag.py:496} INFO - Filling up the DagBag from /home/airflow/.local/lib/python3.6/site-packages/airflow/example_dags/example_branch_python_dop_operator_3.py
[2021-09-21 01:38:15,574] {processor.py:623} INFO - DAG(s) dict_keys(['example_branch_dop_operator_v3']) retrieved from /home/airflow/.local/lib/python3.6/site-packages/airflow/example_dags/example_branch_python_dop_operator_3.py
[2021-09-21 01:38:15,652] {logging_mixin.py:109} INFO - [2021-09-21 01:38:15,651] {dag.py:1834} INFO - Sync 1 DAGs
[2021-09-21 01:38:15,734] {logging_mixin.py:109} INFO - [2021-09-21 01:38:15,734] {dag.py:2287} INFO - Setting next_dagrun for example_branch_dop_operator_v3 to 2021-09-19 00:00:00+00:00
[2021-09-21 01:38:15,767] {processor.py:170} INFO - Processing /home/airflow/.local/lib/python3.6/site-packages/airflow/example_dags/example_branch_python_dop_operator_3.py took 0.272 seconds
[2021-09-21 01:38:45,859] {processor.py:162} INFO - Started process (PID=2672) to work on /home/airflow/.local/lib/python3.6/site-packages/airflow/example_dags/example_branch_python_dop_operator_3.py
[2021-09-21 01:38:45,861] {processor.py:613} INFO - Processing file /home/airflow/.local/lib/python3.6/site-packages/airflow/example_dags/example_branch_python_dop_operator_3.py for tasks to queue
[2021-09-21 01:38:45,863] {logging_mixin.py:109} INFO - [2021-09-21 01:38:45,863] {dagbag.py:496} INFO - Filling up the DagBag from /home/airflow/.local/lib/python3.6/site-packages/airflow/example_dags/example_branch_python_dop_operator_3.py
[2021-09-21 01:38:45,890] {processor.py:623} INFO - DAG(s) dict_keys(['example_branch_dop_operator_v3']) retrieved from /home/airflow/.local/lib/python3.6/site-packages/airflow/example_dags/example_branch_python_dop_operator_3.py
[2021-09-21 01:38:45,948] {logging_mixin.py:109} INFO - [2021-09-21 01:38:45,947] {dag.py:1834} INFO - Sync 1 DAGs
[2021-09-21 01:38:45,985] {logging_mixin.py:109} INFO - [2021-09-21 01:38:45,985] {dag.py:2287} INFO - Setting next_dagrun for example_branch_dop_operator_v3 to 2021-09-19 00:00:00+00:00
[2021-09-21 01:38:46,003] {processor.py:170} INFO - Processing /home/airflow/.local/lib/python3.6/site-packages/airflow/example_dags/example_branch_python_dop_operator_3.py took 0.150 seconds
[2021-09-21 01:39:16,050] {processor.py:162} INFO - Started process (PID=2734) to work on /home/airflow/.local/lib/python3.6/site-packages/airflow/example_dags/example_branch_python_dop_operator_3.py
[2021-09-21 01:39:16,056] {processor.py:613} INFO - Processing file /home/airflow/.local/lib/python3.6/site-packages/airflow/example_dags/example_branch_python_dop_operator_3.py for tasks to queue
[2021-09-21 01:39:16,057] {logging_mixin.py:109} INFO - [2021-09-21 01:39:16,057] {dagbag.py:496} INFO - Filling up the DagBag from /home/airflow/.local/lib/python3.6/site-packages/airflow/example_dags/example_branch_python_dop_operator_3.py
[2021-09-21 01:39:16,076] {processor.py:623} INFO - DAG(s) dict_keys(['example_branch_dop_operator_v3']) retrieved from /home/airflow/.local/lib/python3.6/site-packages/airflow/example_dags/example_branch_python_dop_operator_3.py
[2021-09-21 01:39:16,108] {logging_mixin.py:109} INFO - [2021-09-21 01:39:16,108] {dag.py:1834} INFO - Sync 1 DAGs
[2021-09-21 01:39:16,137] {logging_mixin.py:109} INFO - [2021-09-21 01:39:16,137] {dag.py:2287} INFO - Setting next_dagrun for example_branch_dop_operator_v3 to 2021-09-19 00:00:00+00:00
[2021-09-21 01:39:16,151] {processor.py:170} INFO - Processing /home/airflow/.local/lib/python3.6/site-packages/airflow/example_dags/example_branch_python_dop_operator_3.py took 0.104 seconds
[2021-09-21 01:39:46,407] {processor.py:162} INFO - Started process (PID=2787) to work on /home/airflow/.local/lib/python3.6/site-packages/airflow/example_dags/example_branch_python_dop_operator_3.py
[2021-09-21 01:39:46,409] {processor.py:613} INFO - Processing file /home/airflow/.local/lib/python3.6/site-packages/airflow/example_dags/example_branch_python_dop_operator_3.py for tasks to queue
[2021-09-21 01:39:46,410] {logging_mixin.py:109} INFO - [2021-09-21 01:39:46,410] {dagbag.py:496} INFO - Filling up the DagBag from /home/airflow/.local/lib/python3.6/site-packages/airflow/example_dags/example_branch_python_dop_operator_3.py
[2021-09-21 01:39:46,423] {processor.py:623} INFO - DAG(s) dict_keys(['example_branch_dop_operator_v3']) retrieved from /home/airflow/.local/lib/python3.6/site-packages/airflow/example_dags/example_branch_python_dop_operator_3.py
[2021-09-21 01:39:46,447] {logging_mixin.py:109} INFO - [2021-09-21 01:39:46,447] {dag.py:1834} INFO - Sync 1 DAGs
[2021-09-21 01:39:46,470] {logging_mixin.py:109} INFO - [2021-09-21 01:39:46,470] {dag.py:2287} INFO - Setting next_dagrun for example_branch_dop_operator_v3 to 2021-09-19 00:00:00+00:00
[2021-09-21 01:39:46,482] {processor.py:170} INFO - Processing /home/airflow/.local/lib/python3.6/site-packages/airflow/example_dags/example_branch_python_dop_operator_3.py took 0.078 seconds
[2021-09-21 01:40:17,292] {processor.py:162} INFO - Started process (PID=2850) to work on /home/airflow/.local/lib/python3.6/site-packages/airflow/example_dags/example_branch_python_dop_operator_3.py
[2021-09-21 01:40:17,296] {processor.py:613} INFO - Processing file /home/airflow/.local/lib/python3.6/site-packages/airflow/example_dags/example_branch_python_dop_operator_3.py for tasks to queue
[2021-09-21 01:40:17,297] {logging_mixin.py:109} INFO - [2021-09-21 01:40:17,297] {dagbag.py:496} INFO - Filling up the DagBag from /home/airflow/.local/lib/python3.6/site-packages/airflow/example_dags/example_branch_python_dop_operator_3.py
[2021-09-21 01:40:17,317] {processor.py:623} INFO - DAG(s) dict_keys(['example_branch_dop_operator_v3']) retrieved from /home/airflow/.local/lib/python3.6/site-packages/airflow/example_dags/example_branch_python_dop_operator_3.py
[2021-09-21 01:40:17,345] {logging_mixin.py:109} INFO - [2021-09-21 01:40:17,345] {dag.py:1834} INFO - Sync 1 DAGs
[2021-09-21 01:40:17,375] {logging_mixin.py:109} INFO - [2021-09-21 01:40:17,375] {dag.py:2287} INFO - Setting next_dagrun for example_branch_dop_operator_v3 to 2021-09-19 00:00:00+00:00
[2021-09-21 01:40:17,387] {processor.py:170} INFO - Processing /home/airflow/.local/lib/python3.6/site-packages/airflow/example_dags/example_branch_python_dop_operator_3.py took 0.100 seconds
[2021-09-21 01:40:48,139] {processor.py:162} INFO - Started process (PID=2902) to work on /home/airflow/.local/lib/python3.6/site-packages/airflow/example_dags/example_branch_python_dop_operator_3.py
[2021-09-21 01:40:48,141] {processor.py:613} INFO - Processing file /home/airflow/.local/lib/python3.6/site-packages/airflow/example_dags/example_branch_python_dop_operator_3.py for tasks to queue
[2021-09-21 01:40:48,143] {logging_mixin.py:109} INFO - [2021-09-21 01:40:48,143] {dagbag.py:496} INFO - Filling up the DagBag from /home/airflow/.local/lib/python3.6/site-packages/airflow/example_dags/example_branch_python_dop_operator_3.py
[2021-09-21 01:40:48,160] {processor.py:623} INFO - DAG(s) dict_keys(['example_branch_dop_operator_v3']) retrieved from /home/airflow/.local/lib/python3.6/site-packages/airflow/example_dags/example_branch_python_dop_operator_3.py
[2021-09-21 01:40:48,184] {logging_mixin.py:109} INFO - [2021-09-21 01:40:48,184] {dag.py:1834} INFO - Sync 1 DAGs
[2021-09-21 01:40:48,219] {logging_mixin.py:109} INFO - [2021-09-21 01:40:48,219] {dag.py:2287} INFO - Setting next_dagrun for example_branch_dop_operator_v3 to 2021-09-19 00:00:00+00:00
[2021-09-21 01:40:48,232] {processor.py:170} INFO - Processing /home/airflow/.local/lib/python3.6/site-packages/airflow/example_dags/example_branch_python_dop_operator_3.py took 0.097 seconds
[2021-09-21 01:41:19,011] {processor.py:162} INFO - Started process (PID=2966) to work on /home/airflow/.local/lib/python3.6/site-packages/airflow/example_dags/example_branch_python_dop_operator_3.py
[2021-09-21 01:41:19,014] {processor.py:613} INFO - Processing file /home/airflow/.local/lib/python3.6/site-packages/airflow/example_dags/example_branch_python_dop_operator_3.py for tasks to queue
[2021-09-21 01:41:19,015] {logging_mixin.py:109} INFO - [2021-09-21 01:41:19,015] {dagbag.py:496} INFO - Filling up the DagBag from /home/airflow/.local/lib/python3.6/site-packages/airflow/example_dags/example_branch_python_dop_operator_3.py
[2021-09-21 01:41:19,033] {processor.py:623} INFO - DAG(s) dict_keys(['example_branch_dop_operator_v3']) retrieved from /home/airflow/.local/lib/python3.6/site-packages/airflow/example_dags/example_branch_python_dop_operator_3.py
[2021-09-21 01:41:19,061] {logging_mixin.py:109} INFO - [2021-09-21 01:41:19,061] {dag.py:1834} INFO - Sync 1 DAGs
[2021-09-21 01:41:19,086] {logging_mixin.py:109} INFO - [2021-09-21 01:41:19,086] {dag.py:2287} INFO - Setting next_dagrun for example_branch_dop_operator_v3 to 2021-09-19 00:00:00+00:00
[2021-09-21 01:41:19,098] {processor.py:170} INFO - Processing /home/airflow/.local/lib/python3.6/site-packages/airflow/example_dags/example_branch_python_dop_operator_3.py took 0.092 seconds
[2021-09-21 01:41:49,204] {processor.py:162} INFO - Started process (PID=3031) to work on /home/airflow/.local/lib/python3.6/site-packages/airflow/example_dags/example_branch_python_dop_operator_3.py
[2021-09-21 01:41:49,206] {processor.py:613} INFO - Processing file /home/airflow/.local/lib/python3.6/site-packages/airflow/example_dags/example_branch_python_dop_operator_3.py for tasks to queue
[2021-09-21 01:41:49,208] {logging_mixin.py:109} INFO - [2021-09-21 01:41:49,208] {dagbag.py:496} INFO - Filling up the DagBag from /home/airflow/.local/lib/python3.6/site-packages/airflow/example_dags/example_branch_python_dop_operator_3.py
[2021-09-21 01:41:49,225] {processor.py:623} INFO - DAG(s) dict_keys(['example_branch_dop_operator_v3']) retrieved from /home/airflow/.local/lib/python3.6/site-packages/airflow/example_dags/example_branch_python_dop_operator_3.py
[2021-09-21 01:41:49,250] {logging_mixin.py:109} INFO - [2021-09-21 01:41:49,250] {dag.py:1834} INFO - Sync 1 DAGs
[2021-09-21 01:41:49,273] {logging_mixin.py:109} INFO - [2021-09-21 01:41:49,273] {dag.py:2287} INFO - Setting next_dagrun for example_branch_dop_operator_v3 to 2021-09-19 00:00:00+00:00
[2021-09-21 01:41:49,287] {processor.py:170} INFO - Processing /home/airflow/.local/lib/python3.6/site-packages/airflow/example_dags/example_branch_python_dop_operator_3.py took 0.088 seconds
[2021-09-21 01:42:19,395] {processor.py:162} INFO - Started process (PID=3086) to work on /home/airflow/.local/lib/python3.6/site-packages/airflow/example_dags/example_branch_python_dop_operator_3.py
[2021-09-21 01:42:19,397] {processor.py:613} INFO - Processing file /home/airflow/.local/lib/python3.6/site-packages/airflow/example_dags/example_branch_python_dop_operator_3.py for tasks to queue
[2021-09-21 01:42:19,399] {logging_mixin.py:109} INFO - [2021-09-21 01:42:19,399] {dagbag.py:496} INFO - Filling up the DagBag from /home/airflow/.local/lib/python3.6/site-packages/airflow/example_dags/example_branch_python_dop_operator_3.py
[2021-09-21 01:42:19,416] {processor.py:623} INFO - DAG(s) dict_keys(['example_branch_dop_operator_v3']) retrieved from /home/airflow/.local/lib/python3.6/site-packages/airflow/example_dags/example_branch_python_dop_operator_3.py
[2021-09-21 01:42:19,441] {logging_mixin.py:109} INFO - [2021-09-21 01:42:19,441] {dag.py:1834} INFO - Sync 1 DAGs
[2021-09-21 01:42:19,465] {logging_mixin.py:109} INFO - [2021-09-21 01:42:19,465] {dag.py:2287} INFO - Setting next_dagrun for example_branch_dop_operator_v3 to 2021-09-19 00:00:00+00:00
[2021-09-21 01:42:19,477] {processor.py:170} INFO - Processing /home/airflow/.local/lib/python3.6/site-packages/airflow/example_dags/example_branch_python_dop_operator_3.py took 0.086 seconds
[2021-09-21 01:42:49,665] {processor.py:162} INFO - Started process (PID=3151) to work on /home/airflow/.local/lib/python3.6/site-packages/airflow/example_dags/example_branch_python_dop_operator_3.py
[2021-09-21 01:42:49,667] {processor.py:613} INFO - Processing file /home/airflow/.local/lib/python3.6/site-packages/airflow/example_dags/example_branch_python_dop_operator_3.py for tasks to queue
[2021-09-21 01:42:49,668] {logging_mixin.py:109} INFO - [2021-09-21 01:42:49,668] {dagbag.py:496} INFO - Filling up the DagBag from /home/airflow/.local/lib/python3.6/site-packages/airflow/example_dags/example_branch_python_dop_operator_3.py
[2021-09-21 01:42:49,685] {processor.py:623} INFO - DAG(s) dict_keys(['example_branch_dop_operator_v3']) retrieved from /home/airflow/.local/lib/python3.6/site-packages/airflow/example_dags/example_branch_python_dop_operator_3.py
[2021-09-21 01:42:49,707] {logging_mixin.py:109} INFO - [2021-09-21 01:42:49,707] {dag.py:1834} INFO - Sync 1 DAGs
[2021-09-21 01:42:49,732] {logging_mixin.py:109} INFO - [2021-09-21 01:42:49,732] {dag.py:2287} INFO - Setting next_dagrun for example_branch_dop_operator_v3 to 2021-09-19 00:00:00+00:00
[2021-09-21 01:42:49,745] {processor.py:170} INFO - Processing /home/airflow/.local/lib/python3.6/site-packages/airflow/example_dags/example_branch_python_dop_operator_3.py took 0.085 seconds
[2021-09-21 01:43:22,880] {processor.py:162} INFO - Started process (PID=3202) to work on /home/airflow/.local/lib/python3.6/site-packages/airflow/example_dags/example_branch_python_dop_operator_3.py
[2021-09-21 01:43:23,033] {processor.py:613} INFO - Processing file /home/airflow/.local/lib/python3.6/site-packages/airflow/example_dags/example_branch_python_dop_operator_3.py for tasks to queue
[2021-09-21 01:43:23,046] {logging_mixin.py:109} INFO - [2021-09-21 01:43:23,045] {dagbag.py:496} INFO - Filling up the DagBag from /home/airflow/.local/lib/python3.6/site-packages/airflow/example_dags/example_branch_python_dop_operator_3.py
[2021-09-21 01:43:23,323] {processor.py:623} INFO - DAG(s) dict_keys(['example_branch_dop_operator_v3']) retrieved from /home/airflow/.local/lib/python3.6/site-packages/airflow/example_dags/example_branch_python_dop_operator_3.py
[2021-09-21 01:43:23,651] {logging_mixin.py:109} INFO - [2021-09-21 01:43:23,650] {dag.py:1834} INFO - Sync 1 DAGs
[2021-09-21 01:43:23,825] {logging_mixin.py:109} INFO - [2021-09-21 01:43:23,824] {dag.py:2287} INFO - Setting next_dagrun for example_branch_dop_operator_v3 to 2021-09-19 00:00:00+00:00
[2021-09-21 01:43:23,894] {processor.py:170} INFO - Processing /home/airflow/.local/lib/python3.6/site-packages/airflow/example_dags/example_branch_python_dop_operator_3.py took 1.196 seconds
[2021-09-21 01:43:54,605] {processor.py:162} INFO - Started process (PID=3264) to work on /home/airflow/.local/lib/python3.6/site-packages/airflow/example_dags/example_branch_python_dop_operator_3.py
[2021-09-21 01:43:54,607] {processor.py:613} INFO - Processing file /home/airflow/.local/lib/python3.6/site-packages/airflow/example_dags/example_branch_python_dop_operator_3.py for tasks to queue
[2021-09-21 01:43:54,609] {logging_mixin.py:109} INFO - [2021-09-21 01:43:54,609] {dagbag.py:496} INFO - Filling up the DagBag from /home/airflow/.local/lib/python3.6/site-packages/airflow/example_dags/example_branch_python_dop_operator_3.py
[2021-09-21 01:43:54,625] {processor.py:623} INFO - DAG(s) dict_keys(['example_branch_dop_operator_v3']) retrieved from /home/airflow/.local/lib/python3.6/site-packages/airflow/example_dags/example_branch_python_dop_operator_3.py
[2021-09-21 01:43:54,651] {logging_mixin.py:109} INFO - [2021-09-21 01:43:54,651] {dag.py:1834} INFO - Sync 1 DAGs
[2021-09-21 01:43:54,675] {logging_mixin.py:109} INFO - [2021-09-21 01:43:54,675] {dag.py:2287} INFO - Setting next_dagrun for example_branch_dop_operator_v3 to 2021-09-19 00:00:00+00:00
[2021-09-21 01:43:54,690] {processor.py:170} INFO - Processing /home/airflow/.local/lib/python3.6/site-packages/airflow/example_dags/example_branch_python_dop_operator_3.py took 0.089 seconds
[2021-09-21 01:44:25,325] {processor.py:162} INFO - Started process (PID=3328) to work on /home/airflow/.local/lib/python3.6/site-packages/airflow/example_dags/example_branch_python_dop_operator_3.py
[2021-09-21 01:44:25,327] {processor.py:613} INFO - Processing file /home/airflow/.local/lib/python3.6/site-packages/airflow/example_dags/example_branch_python_dop_operator_3.py for tasks to queue
[2021-09-21 01:44:25,329] {logging_mixin.py:109} INFO - [2021-09-21 01:44:25,328] {dagbag.py:496} INFO - Filling up the DagBag from /home/airflow/.local/lib/python3.6/site-packages/airflow/example_dags/example_branch_python_dop_operator_3.py
[2021-09-21 01:44:25,346] {processor.py:623} INFO - DAG(s) dict_keys(['example_branch_dop_operator_v3']) retrieved from /home/airflow/.local/lib/python3.6/site-packages/airflow/example_dags/example_branch_python_dop_operator_3.py
[2021-09-21 01:44:25,372] {logging_mixin.py:109} INFO - [2021-09-21 01:44:25,372] {dag.py:1834} INFO - Sync 1 DAGs
[2021-09-21 01:44:25,396] {logging_mixin.py:109} INFO - [2021-09-21 01:44:25,396] {dag.py:2287} INFO - Setting next_dagrun for example_branch_dop_operator_v3 to 2021-09-19 00:00:00+00:00
[2021-09-21 01:44:25,410] {processor.py:170} INFO - Processing /home/airflow/.local/lib/python3.6/site-packages/airflow/example_dags/example_branch_python_dop_operator_3.py took 0.089 seconds
[2021-09-21 01:44:56,249] {processor.py:162} INFO - Started process (PID=3380) to work on /home/airflow/.local/lib/python3.6/site-packages/airflow/example_dags/example_branch_python_dop_operator_3.py
[2021-09-21 01:44:56,251] {processor.py:613} INFO - Processing file /home/airflow/.local/lib/python3.6/site-packages/airflow/example_dags/example_branch_python_dop_operator_3.py for tasks to queue
[2021-09-21 01:44:56,253] {logging_mixin.py:109} INFO - [2021-09-21 01:44:56,252] {dagbag.py:496} INFO - Filling up the DagBag from /home/airflow/.local/lib/python3.6/site-packages/airflow/example_dags/example_branch_python_dop_operator_3.py
[2021-09-21 01:44:56,269] {processor.py:623} INFO - DAG(s) dict_keys(['example_branch_dop_operator_v3']) retrieved from /home/airflow/.local/lib/python3.6/site-packages/airflow/example_dags/example_branch_python_dop_operator_3.py
[2021-09-21 01:44:56,294] {logging_mixin.py:109} INFO - [2021-09-21 01:44:56,294] {dag.py:1834} INFO - Sync 1 DAGs
[2021-09-21 01:44:56,318] {logging_mixin.py:109} INFO - [2021-09-21 01:44:56,318] {dag.py:2287} INFO - Setting next_dagrun for example_branch_dop_operator_v3 to 2021-09-19 00:00:00+00:00
[2021-09-21 01:44:56,329] {processor.py:170} INFO - Processing /home/airflow/.local/lib/python3.6/site-packages/airflow/example_dags/example_branch_python_dop_operator_3.py took 0.084 seconds
[2021-09-21 01:45:27,246] {processor.py:162} INFO - Started process (PID=3444) to work on /home/airflow/.local/lib/python3.6/site-packages/airflow/example_dags/example_branch_python_dop_operator_3.py
[2021-09-21 01:45:27,249] {processor.py:613} INFO - Processing file /home/airflow/.local/lib/python3.6/site-packages/airflow/example_dags/example_branch_python_dop_operator_3.py for tasks to queue
[2021-09-21 01:45:27,251] {logging_mixin.py:109} INFO - [2021-09-21 01:45:27,251] {dagbag.py:496} INFO - Filling up the DagBag from /home/airflow/.local/lib/python3.6/site-packages/airflow/example_dags/example_branch_python_dop_operator_3.py
[2021-09-21 01:45:27,277] {processor.py:623} INFO - DAG(s) dict_keys(['example_branch_dop_operator_v3']) retrieved from /home/airflow/.local/lib/python3.6/site-packages/airflow/example_dags/example_branch_python_dop_operator_3.py
[2021-09-21 01:45:27,311] {logging_mixin.py:109} INFO - [2021-09-21 01:45:27,311] {dag.py:1834} INFO - Sync 1 DAGs
[2021-09-21 01:45:27,335] {logging_mixin.py:109} INFO - [2021-09-21 01:45:27,335] {dag.py:2287} INFO - Setting next_dagrun for example_branch_dop_operator_v3 to 2021-09-19 00:00:00+00:00
[2021-09-21 01:45:27,348] {processor.py:170} INFO - Processing /home/airflow/.local/lib/python3.6/site-packages/airflow/example_dags/example_branch_python_dop_operator_3.py took 0.107 seconds
[2021-09-21 01:45:58,112] {processor.py:162} INFO - Started process (PID=3507) to work on /home/airflow/.local/lib/python3.6/site-packages/airflow/example_dags/example_branch_python_dop_operator_3.py
[2021-09-21 01:45:58,114] {processor.py:613} INFO - Processing file /home/airflow/.local/lib/python3.6/site-packages/airflow/example_dags/example_branch_python_dop_operator_3.py for tasks to queue
[2021-09-21 01:45:58,115] {logging_mixin.py:109} INFO - [2021-09-21 01:45:58,115] {dagbag.py:496} INFO - Filling up the DagBag from /home/airflow/.local/lib/python3.6/site-packages/airflow/example_dags/example_branch_python_dop_operator_3.py
[2021-09-21 01:45:58,132] {processor.py:623} INFO - DAG(s) dict_keys(['example_branch_dop_operator_v3']) retrieved from /home/airflow/.local/lib/python3.6/site-packages/airflow/example_dags/example_branch_python_dop_operator_3.py
[2021-09-21 01:45:58,156] {logging_mixin.py:109} INFO - [2021-09-21 01:45:58,155] {dag.py:1834} INFO - Sync 1 DAGs
[2021-09-21 01:45:58,192] {logging_mixin.py:109} INFO - [2021-09-21 01:45:58,192] {dag.py:2287} INFO - Setting next_dagrun for example_branch_dop_operator_v3 to 2021-09-19 00:00:00+00:00
[2021-09-21 01:45:58,203] {processor.py:170} INFO - Processing /home/airflow/.local/lib/python3.6/site-packages/airflow/example_dags/example_branch_python_dop_operator_3.py took 0.095 seconds
[2021-09-21 01:46:29,193] {processor.py:162} INFO - Started process (PID=3559) to work on /home/airflow/.local/lib/python3.6/site-packages/airflow/example_dags/example_branch_python_dop_operator_3.py
[2021-09-21 01:46:29,195] {processor.py:613} INFO - Processing file /home/airflow/.local/lib/python3.6/site-packages/airflow/example_dags/example_branch_python_dop_operator_3.py for tasks to queue
[2021-09-21 01:46:29,197] {logging_mixin.py:109} INFO - [2021-09-21 01:46:29,197] {dagbag.py:496} INFO - Filling up the DagBag from /home/airflow/.local/lib/python3.6/site-packages/airflow/example_dags/example_branch_python_dop_operator_3.py
[2021-09-21 01:46:29,217] {processor.py:623} INFO - DAG(s) dict_keys(['example_branch_dop_operator_v3']) retrieved from /home/airflow/.local/lib/python3.6/site-packages/airflow/example_dags/example_branch_python_dop_operator_3.py
[2021-09-21 01:46:29,247] {logging_mixin.py:109} INFO - [2021-09-21 01:46:29,247] {dag.py:1834} INFO - Sync 1 DAGs
[2021-09-21 01:46:29,281] {logging_mixin.py:109} INFO - [2021-09-21 01:46:29,280] {dag.py:2287} INFO - Setting next_dagrun for example_branch_dop_operator_v3 to 2021-09-19 00:00:00+00:00
[2021-09-21 01:46:29,309] {processor.py:170} INFO - Processing /home/airflow/.local/lib/python3.6/site-packages/airflow/example_dags/example_branch_python_dop_operator_3.py took 0.123 seconds
[2021-09-21 01:47:00,180] {processor.py:162} INFO - Started process (PID=3625) to work on /home/airflow/.local/lib/python3.6/site-packages/airflow/example_dags/example_branch_python_dop_operator_3.py
[2021-09-21 01:47:00,183] {processor.py:613} INFO - Processing file /home/airflow/.local/lib/python3.6/site-packages/airflow/example_dags/example_branch_python_dop_operator_3.py for tasks to queue
[2021-09-21 01:47:00,186] {logging_mixin.py:109} INFO - [2021-09-21 01:47:00,185] {dagbag.py:496} INFO - Filling up the DagBag from /home/airflow/.local/lib/python3.6/site-packages/airflow/example_dags/example_branch_python_dop_operator_3.py
[2021-09-21 01:47:00,203] {processor.py:623} INFO - DAG(s) dict_keys(['example_branch_dop_operator_v3']) retrieved from /home/airflow/.local/lib/python3.6/site-packages/airflow/example_dags/example_branch_python_dop_operator_3.py
[2021-09-21 01:47:00,230] {logging_mixin.py:109} INFO - [2021-09-21 01:47:00,230] {dag.py:1834} INFO - Sync 1 DAGs
[2021-09-21 01:47:00,260] {logging_mixin.py:109} INFO - [2021-09-21 01:47:00,260] {dag.py:2287} INFO - Setting next_dagrun for example_branch_dop_operator_v3 to 2021-09-19 00:00:00+00:00
[2021-09-21 01:47:00,274] {processor.py:170} INFO - Processing /home/airflow/.local/lib/python3.6/site-packages/airflow/example_dags/example_branch_python_dop_operator_3.py took 0.099 seconds
[2021-09-21 01:47:30,345] {processor.py:162} INFO - Started process (PID=3679) to work on /home/airflow/.local/lib/python3.6/site-packages/airflow/example_dags/example_branch_python_dop_operator_3.py
[2021-09-21 01:47:30,348] {processor.py:613} INFO - Processing file /home/airflow/.local/lib/python3.6/site-packages/airflow/example_dags/example_branch_python_dop_operator_3.py for tasks to queue
[2021-09-21 01:47:30,350] {logging_mixin.py:109} INFO - [2021-09-21 01:47:30,350] {dagbag.py:496} INFO - Filling up the DagBag from /home/airflow/.local/lib/python3.6/site-packages/airflow/example_dags/example_branch_python_dop_operator_3.py
[2021-09-21 01:47:30,381] {processor.py:623} INFO - DAG(s) dict_keys(['example_branch_dop_operator_v3']) retrieved from /home/airflow/.local/lib/python3.6/site-packages/airflow/example_dags/example_branch_python_dop_operator_3.py
[2021-09-21 01:47:30,429] {logging_mixin.py:109} INFO - [2021-09-21 01:47:30,429] {dag.py:1834} INFO - Sync 1 DAGs
[2021-09-21 01:47:30,474] {logging_mixin.py:109} INFO - [2021-09-21 01:47:30,474] {dag.py:2287} INFO - Setting next_dagrun for example_branch_dop_operator_v3 to 2021-09-19 00:00:00+00:00
[2021-09-21 01:47:30,511] {processor.py:170} INFO - Processing /home/airflow/.local/lib/python3.6/site-packages/airflow/example_dags/example_branch_python_dop_operator_3.py took 0.171 seconds
[2021-09-21 01:48:00,790] {processor.py:162} INFO - Started process (PID=3743) to work on /home/airflow/.local/lib/python3.6/site-packages/airflow/example_dags/example_branch_python_dop_operator_3.py
[2021-09-21 01:48:00,792] {processor.py:613} INFO - Processing file /home/airflow/.local/lib/python3.6/site-packages/airflow/example_dags/example_branch_python_dop_operator_3.py for tasks to queue
[2021-09-21 01:48:00,793] {logging_mixin.py:109} INFO - [2021-09-21 01:48:00,793] {dagbag.py:496} INFO - Filling up the DagBag from /home/airflow/.local/lib/python3.6/site-packages/airflow/example_dags/example_branch_python_dop_operator_3.py
[2021-09-21 01:48:00,807] {processor.py:623} INFO - DAG(s) dict_keys(['example_branch_dop_operator_v3']) retrieved from /home/airflow/.local/lib/python3.6/site-packages/airflow/example_dags/example_branch_python_dop_operator_3.py
[2021-09-21 01:48:00,828] {logging_mixin.py:109} INFO - [2021-09-21 01:48:00,828] {dag.py:1834} INFO - Sync 1 DAGs
[2021-09-21 01:48:00,870] {logging_mixin.py:109} INFO - [2021-09-21 01:48:00,870] {dag.py:2287} INFO - Setting next_dagrun for example_branch_dop_operator_v3 to 2021-09-19 00:00:00+00:00
[2021-09-21 01:48:00,880] {processor.py:170} INFO - Processing /home/airflow/.local/lib/python3.6/site-packages/airflow/example_dags/example_branch_python_dop_operator_3.py took 0.094 seconds
[2021-09-21 01:48:31,147] {processor.py:162} INFO - Started process (PID=3808) to work on /home/airflow/.local/lib/python3.6/site-packages/airflow/example_dags/example_branch_python_dop_operator_3.py
[2021-09-21 01:48:31,148] {processor.py:613} INFO - Processing file /home/airflow/.local/lib/python3.6/site-packages/airflow/example_dags/example_branch_python_dop_operator_3.py for tasks to queue
[2021-09-21 01:48:31,150] {logging_mixin.py:109} INFO - [2021-09-21 01:48:31,150] {dagbag.py:496} INFO - Filling up the DagBag from /home/airflow/.local/lib/python3.6/site-packages/airflow/example_dags/example_branch_python_dop_operator_3.py
[2021-09-21 01:48:31,169] {processor.py:623} INFO - DAG(s) dict_keys(['example_branch_dop_operator_v3']) retrieved from /home/airflow/.local/lib/python3.6/site-packages/airflow/example_dags/example_branch_python_dop_operator_3.py
[2021-09-21 01:48:31,196] {logging_mixin.py:109} INFO - [2021-09-21 01:48:31,195] {dag.py:1834} INFO - Sync 1 DAGs
[2021-09-21 01:48:31,227] {logging_mixin.py:109} INFO - [2021-09-21 01:48:31,227] {dag.py:2287} INFO - Setting next_dagrun for example_branch_dop_operator_v3 to 2021-09-19 00:00:00+00:00
[2021-09-21 01:48:31,242] {processor.py:170} INFO - Processing /home/airflow/.local/lib/python3.6/site-packages/airflow/example_dags/example_branch_python_dop_operator_3.py took 0.100 seconds
[2021-09-21 01:49:01,455] {processor.py:162} INFO - Started process (PID=3860) to work on /home/airflow/.local/lib/python3.6/site-packages/airflow/example_dags/example_branch_python_dop_operator_3.py
[2021-09-21 01:49:01,458] {processor.py:613} INFO - Processing file /home/airflow/.local/lib/python3.6/site-packages/airflow/example_dags/example_branch_python_dop_operator_3.py for tasks to queue
[2021-09-21 01:49:01,460] {logging_mixin.py:109} INFO - [2021-09-21 01:49:01,460] {dagbag.py:496} INFO - Filling up the DagBag from /home/airflow/.local/lib/python3.6/site-packages/airflow/example_dags/example_branch_python_dop_operator_3.py
[2021-09-21 01:49:01,476] {processor.py:623} INFO - DAG(s) dict_keys(['example_branch_dop_operator_v3']) retrieved from /home/airflow/.local/lib/python3.6/site-packages/airflow/example_dags/example_branch_python_dop_operator_3.py
[2021-09-21 01:49:01,500] {logging_mixin.py:109} INFO - [2021-09-21 01:49:01,500] {dag.py:1834} INFO - Sync 1 DAGs
[2021-09-21 01:49:01,525] {logging_mixin.py:109} INFO - [2021-09-21 01:49:01,524] {dag.py:2287} INFO - Setting next_dagrun for example_branch_dop_operator_v3 to 2021-09-19 00:00:00+00:00
[2021-09-21 01:49:01,536] {processor.py:170} INFO - Processing /home/airflow/.local/lib/python3.6/site-packages/airflow/example_dags/example_branch_python_dop_operator_3.py took 0.085 seconds
[2021-09-21 01:49:31,850] {processor.py:162} INFO - Started process (PID=3923) to work on /home/airflow/.local/lib/python3.6/site-packages/airflow/example_dags/example_branch_python_dop_operator_3.py
[2021-09-21 01:49:31,852] {processor.py:613} INFO - Processing file /home/airflow/.local/lib/python3.6/site-packages/airflow/example_dags/example_branch_python_dop_operator_3.py for tasks to queue
[2021-09-21 01:49:31,854] {logging_mixin.py:109} INFO - [2021-09-21 01:49:31,854] {dagbag.py:496} INFO - Filling up the DagBag from /home/airflow/.local/lib/python3.6/site-packages/airflow/example_dags/example_branch_python_dop_operator_3.py
[2021-09-21 01:49:31,872] {processor.py:623} INFO - DAG(s) dict_keys(['example_branch_dop_operator_v3']) retrieved from /home/airflow/.local/lib/python3.6/site-packages/airflow/example_dags/example_branch_python_dop_operator_3.py
[2021-09-21 01:49:31,897] {logging_mixin.py:109} INFO - [2021-09-21 01:49:31,896] {dag.py:1834} INFO - Sync 1 DAGs
[2021-09-21 01:49:31,921] {logging_mixin.py:109} INFO - [2021-09-21 01:49:31,921] {dag.py:2287} INFO - Setting next_dagrun for example_branch_dop_operator_v3 to 2021-09-19 00:00:00+00:00
[2021-09-21 01:49:31,933] {processor.py:170} INFO - Processing /home/airflow/.local/lib/python3.6/site-packages/airflow/example_dags/example_branch_python_dop_operator_3.py took 0.087 seconds
[2021-09-21 01:50:02,102] {processor.py:162} INFO - Started process (PID=3984) to work on /home/airflow/.local/lib/python3.6/site-packages/airflow/example_dags/example_branch_python_dop_operator_3.py
[2021-09-21 01:50:02,104] {processor.py:613} INFO - Processing file /home/airflow/.local/lib/python3.6/site-packages/airflow/example_dags/example_branch_python_dop_operator_3.py for tasks to queue
[2021-09-21 01:50:02,106] {logging_mixin.py:109} INFO - [2021-09-21 01:50:02,106] {dagbag.py:496} INFO - Filling up the DagBag from /home/airflow/.local/lib/python3.6/site-packages/airflow/example_dags/example_branch_python_dop_operator_3.py
[2021-09-21 01:50:02,124] {processor.py:623} INFO - DAG(s) dict_keys(['example_branch_dop_operator_v3']) retrieved from /home/airflow/.local/lib/python3.6/site-packages/airflow/example_dags/example_branch_python_dop_operator_3.py
[2021-09-21 01:50:02,150] {logging_mixin.py:109} INFO - [2021-09-21 01:50:02,150] {dag.py:1834} INFO - Sync 1 DAGs
[2021-09-21 01:50:02,174] {logging_mixin.py:109} INFO - [2021-09-21 01:50:02,173] {dag.py:2287} INFO - Setting next_dagrun for example_branch_dop_operator_v3 to 2021-09-19 00:00:00+00:00
[2021-09-21 01:50:02,187] {processor.py:170} INFO - Processing /home/airflow/.local/lib/python3.6/site-packages/airflow/example_dags/example_branch_python_dop_operator_3.py took 0.090 seconds
[2021-09-21 01:50:32,981] {processor.py:162} INFO - Started process (PID=4038) to work on /home/airflow/.local/lib/python3.6/site-packages/airflow/example_dags/example_branch_python_dop_operator_3.py
[2021-09-21 01:50:32,985] {processor.py:613} INFO - Processing file /home/airflow/.local/lib/python3.6/site-packages/airflow/example_dags/example_branch_python_dop_operator_3.py for tasks to queue
[2021-09-21 01:50:32,986] {logging_mixin.py:109} INFO - [2021-09-21 01:50:32,986] {dagbag.py:496} INFO - Filling up the DagBag from /home/airflow/.local/lib/python3.6/site-packages/airflow/example_dags/example_branch_python_dop_operator_3.py
[2021-09-21 01:50:33,003] {processor.py:623} INFO - DAG(s) dict_keys(['example_branch_dop_operator_v3']) retrieved from /home/airflow/.local/lib/python3.6/site-packages/airflow/example_dags/example_branch_python_dop_operator_3.py
[2021-09-21 01:50:33,039] {logging_mixin.py:109} INFO - [2021-09-21 01:50:33,039] {dag.py:1834} INFO - Sync 1 DAGs
[2021-09-21 01:50:33,066] {logging_mixin.py:109} INFO - [2021-09-21 01:50:33,065] {dag.py:2287} INFO - Setting next_dagrun for example_branch_dop_operator_v3 to 2021-09-19 00:00:00+00:00
[2021-09-21 01:50:33,079] {processor.py:170} INFO - Processing /home/airflow/.local/lib/python3.6/site-packages/airflow/example_dags/example_branch_python_dop_operator_3.py took 0.102 seconds
[2021-09-21 01:51:03,182] {processor.py:162} INFO - Started process (PID=4101) to work on /home/airflow/.local/lib/python3.6/site-packages/airflow/example_dags/example_branch_python_dop_operator_3.py
[2021-09-21 01:51:03,186] {processor.py:613} INFO - Processing file /home/airflow/.local/lib/python3.6/site-packages/airflow/example_dags/example_branch_python_dop_operator_3.py for tasks to queue
[2021-09-21 01:51:03,188] {logging_mixin.py:109} INFO - [2021-09-21 01:51:03,188] {dagbag.py:496} INFO - Filling up the DagBag from /home/airflow/.local/lib/python3.6/site-packages/airflow/example_dags/example_branch_python_dop_operator_3.py
[2021-09-21 01:51:03,230] {processor.py:623} INFO - DAG(s) dict_keys(['example_branch_dop_operator_v3']) retrieved from /home/airflow/.local/lib/python3.6/site-packages/airflow/example_dags/example_branch_python_dop_operator_3.py
[2021-09-21 01:51:03,275] {logging_mixin.py:109} INFO - [2021-09-21 01:51:03,275] {dag.py:1834} INFO - Sync 1 DAGs
[2021-09-21 01:51:03,314] {logging_mixin.py:109} INFO - [2021-09-21 01:51:03,314] {dag.py:2287} INFO - Setting next_dagrun for example_branch_dop_operator_v3 to 2021-09-19 00:00:00+00:00
[2021-09-21 01:51:03,327] {processor.py:170} INFO - Processing /home/airflow/.local/lib/python3.6/site-packages/airflow/example_dags/example_branch_python_dop_operator_3.py took 0.151 seconds
[2021-09-21 01:51:33,633] {processor.py:162} INFO - Started process (PID=4155) to work on /home/airflow/.local/lib/python3.6/site-packages/airflow/example_dags/example_branch_python_dop_operator_3.py
[2021-09-21 01:51:33,636] {processor.py:613} INFO - Processing file /home/airflow/.local/lib/python3.6/site-packages/airflow/example_dags/example_branch_python_dop_operator_3.py for tasks to queue
[2021-09-21 01:51:33,637] {logging_mixin.py:109} INFO - [2021-09-21 01:51:33,637] {dagbag.py:496} INFO - Filling up the DagBag from /home/airflow/.local/lib/python3.6/site-packages/airflow/example_dags/example_branch_python_dop_operator_3.py
[2021-09-21 01:51:33,657] {processor.py:623} INFO - DAG(s) dict_keys(['example_branch_dop_operator_v3']) retrieved from /home/airflow/.local/lib/python3.6/site-packages/airflow/example_dags/example_branch_python_dop_operator_3.py
[2021-09-21 01:51:33,683] {logging_mixin.py:109} INFO - [2021-09-21 01:51:33,683] {dag.py:1834} INFO - Sync 1 DAGs
[2021-09-21 01:51:33,711] {logging_mixin.py:109} INFO - [2021-09-21 01:51:33,710] {dag.py:2287} INFO - Setting next_dagrun for example_branch_dop_operator_v3 to 2021-09-19 00:00:00+00:00
[2021-09-21 01:51:33,723] {processor.py:170} INFO - Processing /home/airflow/.local/lib/python3.6/site-packages/airflow/example_dags/example_branch_python_dop_operator_3.py took 0.095 seconds
[2021-09-21 01:52:04,605] {processor.py:162} INFO - Started process (PID=4214) to work on /home/airflow/.local/lib/python3.6/site-packages/airflow/example_dags/example_branch_python_dop_operator_3.py
[2021-09-21 01:52:04,611] {processor.py:613} INFO - Processing file /home/airflow/.local/lib/python3.6/site-packages/airflow/example_dags/example_branch_python_dop_operator_3.py for tasks to queue
[2021-09-21 01:52:04,613] {logging_mixin.py:109} INFO - [2021-09-21 01:52:04,612] {dagbag.py:496} INFO - Filling up the DagBag from /home/airflow/.local/lib/python3.6/site-packages/airflow/example_dags/example_branch_python_dop_operator_3.py
[2021-09-21 01:52:04,638] {processor.py:623} INFO - DAG(s) dict_keys(['example_branch_dop_operator_v3']) retrieved from /home/airflow/.local/lib/python3.6/site-packages/airflow/example_dags/example_branch_python_dop_operator_3.py
[2021-09-21 01:52:04,683] {logging_mixin.py:109} INFO - [2021-09-21 01:52:04,683] {dag.py:1834} INFO - Sync 1 DAGs
[2021-09-21 01:52:04,722] {logging_mixin.py:109} INFO - [2021-09-21 01:52:04,722] {dag.py:2287} INFO - Setting next_dagrun for example_branch_dop_operator_v3 to 2021-09-19 00:00:00+00:00
[2021-09-21 01:52:04,750] {processor.py:170} INFO - Processing /home/airflow/.local/lib/python3.6/site-packages/airflow/example_dags/example_branch_python_dop_operator_3.py took 0.152 seconds
[2021-09-21 01:52:35,233] {processor.py:162} INFO - Started process (PID=4273) to work on /home/airflow/.local/lib/python3.6/site-packages/airflow/example_dags/example_branch_python_dop_operator_3.py
[2021-09-21 01:52:35,234] {processor.py:613} INFO - Processing file /home/airflow/.local/lib/python3.6/site-packages/airflow/example_dags/example_branch_python_dop_operator_3.py for tasks to queue
[2021-09-21 01:52:35,236] {logging_mixin.py:109} INFO - [2021-09-21 01:52:35,236] {dagbag.py:496} INFO - Filling up the DagBag from /home/airflow/.local/lib/python3.6/site-packages/airflow/example_dags/example_branch_python_dop_operator_3.py
[2021-09-21 01:52:35,254] {processor.py:623} INFO - DAG(s) dict_keys(['example_branch_dop_operator_v3']) retrieved from /home/airflow/.local/lib/python3.6/site-packages/airflow/example_dags/example_branch_python_dop_operator_3.py
[2021-09-21 01:52:35,282] {logging_mixin.py:109} INFO - [2021-09-21 01:52:35,282] {dag.py:1834} INFO - Sync 1 DAGs
[2021-09-21 01:52:35,312] {logging_mixin.py:109} INFO - [2021-09-21 01:52:35,312] {dag.py:2287} INFO - Setting next_dagrun for example_branch_dop_operator_v3 to 2021-09-19 00:00:00+00:00
[2021-09-21 01:52:35,327] {processor.py:170} INFO - Processing /home/airflow/.local/lib/python3.6/site-packages/airflow/example_dags/example_branch_python_dop_operator_3.py took 0.099 seconds
