[2021-09-21 01:17:26,522] {processor.py:162} INFO - Started process (PID=186) to work on /home/airflow/.local/lib/python3.6/site-packages/airflow/example_dags/example_xcomargs.py
[2021-09-21 01:17:26,525] {processor.py:613} INFO - Processing file /home/airflow/.local/lib/python3.6/site-packages/airflow/example_dags/example_xcomargs.py for tasks to queue
[2021-09-21 01:17:26,526] {logging_mixin.py:109} INFO - [2021-09-21 01:17:26,526] {dagbag.py:496} INFO - Filling up the DagBag from /home/airflow/.local/lib/python3.6/site-packages/airflow/example_dags/example_xcomargs.py
[2021-09-21 01:17:26,552] {processor.py:623} INFO - DAG(s) dict_keys(['example_xcom_args', 'example_xcom_args_with_operators']) retrieved from /home/airflow/.local/lib/python3.6/site-packages/airflow/example_dags/example_xcomargs.py
[2021-09-21 01:17:28,712] {logging_mixin.py:109} INFO - [2021-09-21 01:17:28,711] {dag.py:1834} INFO - Sync 2 DAGs
[2021-09-21 01:17:28,723] {logging_mixin.py:109} INFO - [2021-09-21 01:17:28,722] {dag.py:1853} INFO - Creating ORM DAG for example_xcom_args
[2021-09-21 01:17:28,724] {logging_mixin.py:109} INFO - [2021-09-21 01:17:28,724] {dag.py:1853} INFO - Creating ORM DAG for example_xcom_args_with_operators
[2021-09-21 01:17:28,729] {logging_mixin.py:109} INFO - [2021-09-21 01:17:28,729] {dag.py:2287} INFO - Setting next_dagrun for example_xcom_args to None
[2021-09-21 01:17:28,730] {logging_mixin.py:109} INFO - [2021-09-21 01:17:28,730] {dag.py:2287} INFO - Setting next_dagrun for example_xcom_args_with_operators to None
[2021-09-21 01:17:28,742] {processor.py:170} INFO - Processing /home/airflow/.local/lib/python3.6/site-packages/airflow/example_dags/example_xcomargs.py took 2.223 seconds
[2021-09-21 01:17:58,804] {processor.py:162} INFO - Started process (PID=329) to work on /home/airflow/.local/lib/python3.6/site-packages/airflow/example_dags/example_xcomargs.py
[2021-09-21 01:17:58,806] {processor.py:613} INFO - Processing file /home/airflow/.local/lib/python3.6/site-packages/airflow/example_dags/example_xcomargs.py for tasks to queue
[2021-09-21 01:17:58,807] {logging_mixin.py:109} INFO - [2021-09-21 01:17:58,807] {dagbag.py:496} INFO - Filling up the DagBag from /home/airflow/.local/lib/python3.6/site-packages/airflow/example_dags/example_xcomargs.py
[2021-09-21 01:17:58,825] {processor.py:623} INFO - DAG(s) dict_keys(['example_xcom_args', 'example_xcom_args_with_operators']) retrieved from /home/airflow/.local/lib/python3.6/site-packages/airflow/example_dags/example_xcomargs.py
[2021-09-21 01:17:58,978] {logging_mixin.py:109} INFO - [2021-09-21 01:17:58,978] {dag.py:1834} INFO - Sync 2 DAGs
[2021-09-21 01:17:58,990] {logging_mixin.py:109} INFO - [2021-09-21 01:17:58,990] {dag.py:2287} INFO - Setting next_dagrun for example_xcom_args to None
[2021-09-21 01:17:58,991] {logging_mixin.py:109} INFO - [2021-09-21 01:17:58,991] {dag.py:2287} INFO - Setting next_dagrun for example_xcom_args_with_operators to None
[2021-09-21 01:17:59,003] {processor.py:170} INFO - Processing /home/airflow/.local/lib/python3.6/site-packages/airflow/example_dags/example_xcomargs.py took 0.203 seconds
[2021-09-21 01:18:29,350] {processor.py:162} INFO - Started process (PID=394) to work on /home/airflow/.local/lib/python3.6/site-packages/airflow/example_dags/example_xcomargs.py
[2021-09-21 01:18:29,352] {processor.py:613} INFO - Processing file /home/airflow/.local/lib/python3.6/site-packages/airflow/example_dags/example_xcomargs.py for tasks to queue
[2021-09-21 01:18:29,354] {logging_mixin.py:109} INFO - [2021-09-21 01:18:29,354] {dagbag.py:496} INFO - Filling up the DagBag from /home/airflow/.local/lib/python3.6/site-packages/airflow/example_dags/example_xcomargs.py
[2021-09-21 01:18:29,377] {processor.py:623} INFO - DAG(s) dict_keys(['example_xcom_args', 'example_xcom_args_with_operators']) retrieved from /home/airflow/.local/lib/python3.6/site-packages/airflow/example_dags/example_xcomargs.py
[2021-09-21 01:18:29,549] {logging_mixin.py:109} INFO - [2021-09-21 01:18:29,549] {dag.py:1834} INFO - Sync 2 DAGs
[2021-09-21 01:18:29,559] {logging_mixin.py:109} INFO - [2021-09-21 01:18:29,559] {dag.py:2287} INFO - Setting next_dagrun for example_xcom_args to None
[2021-09-21 01:18:29,561] {logging_mixin.py:109} INFO - [2021-09-21 01:18:29,561] {dag.py:2287} INFO - Setting next_dagrun for example_xcom_args_with_operators to None
[2021-09-21 01:18:29,571] {processor.py:170} INFO - Processing /home/airflow/.local/lib/python3.6/site-packages/airflow/example_dags/example_xcomargs.py took 0.225 seconds
[2021-09-21 01:18:59,595] {processor.py:162} INFO - Started process (PID=446) to work on /home/airflow/.local/lib/python3.6/site-packages/airflow/example_dags/example_xcomargs.py
[2021-09-21 01:18:59,597] {processor.py:613} INFO - Processing file /home/airflow/.local/lib/python3.6/site-packages/airflow/example_dags/example_xcomargs.py for tasks to queue
[2021-09-21 01:18:59,598] {logging_mixin.py:109} INFO - [2021-09-21 01:18:59,598] {dagbag.py:496} INFO - Filling up the DagBag from /home/airflow/.local/lib/python3.6/site-packages/airflow/example_dags/example_xcomargs.py
[2021-09-21 01:18:59,619] {processor.py:623} INFO - DAG(s) dict_keys(['example_xcom_args', 'example_xcom_args_with_operators']) retrieved from /home/airflow/.local/lib/python3.6/site-packages/airflow/example_dags/example_xcomargs.py
[2021-09-21 01:18:59,781] {logging_mixin.py:109} INFO - [2021-09-21 01:18:59,781] {dag.py:1834} INFO - Sync 2 DAGs
[2021-09-21 01:18:59,792] {logging_mixin.py:109} INFO - [2021-09-21 01:18:59,792] {dag.py:2287} INFO - Setting next_dagrun for example_xcom_args to None
[2021-09-21 01:18:59,794] {logging_mixin.py:109} INFO - [2021-09-21 01:18:59,794] {dag.py:2287} INFO - Setting next_dagrun for example_xcom_args_with_operators to None
[2021-09-21 01:18:59,803] {processor.py:170} INFO - Processing /home/airflow/.local/lib/python3.6/site-packages/airflow/example_dags/example_xcomargs.py took 0.212 seconds
[2021-09-21 01:19:30,676] {processor.py:162} INFO - Started process (PID=509) to work on /home/airflow/.local/lib/python3.6/site-packages/airflow/example_dags/example_xcomargs.py
[2021-09-21 01:19:30,679] {processor.py:613} INFO - Processing file /home/airflow/.local/lib/python3.6/site-packages/airflow/example_dags/example_xcomargs.py for tasks to queue
[2021-09-21 01:19:30,680] {logging_mixin.py:109} INFO - [2021-09-21 01:19:30,680] {dagbag.py:496} INFO - Filling up the DagBag from /home/airflow/.local/lib/python3.6/site-packages/airflow/example_dags/example_xcomargs.py
[2021-09-21 01:19:30,703] {processor.py:623} INFO - DAG(s) dict_keys(['example_xcom_args', 'example_xcom_args_with_operators']) retrieved from /home/airflow/.local/lib/python3.6/site-packages/airflow/example_dags/example_xcomargs.py
[2021-09-21 01:19:30,881] {logging_mixin.py:109} INFO - [2021-09-21 01:19:30,881] {dag.py:1834} INFO - Sync 2 DAGs
[2021-09-21 01:19:30,895] {logging_mixin.py:109} INFO - [2021-09-21 01:19:30,895] {dag.py:2287} INFO - Setting next_dagrun for example_xcom_args to None
[2021-09-21 01:19:30,897] {logging_mixin.py:109} INFO - [2021-09-21 01:19:30,897] {dag.py:2287} INFO - Setting next_dagrun for example_xcom_args_with_operators to None
[2021-09-21 01:19:30,962] {processor.py:170} INFO - Processing /home/airflow/.local/lib/python3.6/site-packages/airflow/example_dags/example_xcomargs.py took 0.290 seconds
[2021-09-21 01:20:01,899] {processor.py:162} INFO - Started process (PID=574) to work on /home/airflow/.local/lib/python3.6/site-packages/airflow/example_dags/example_xcomargs.py
[2021-09-21 01:20:01,901] {processor.py:613} INFO - Processing file /home/airflow/.local/lib/python3.6/site-packages/airflow/example_dags/example_xcomargs.py for tasks to queue
[2021-09-21 01:20:01,903] {logging_mixin.py:109} INFO - [2021-09-21 01:20:01,902] {dagbag.py:496} INFO - Filling up the DagBag from /home/airflow/.local/lib/python3.6/site-packages/airflow/example_dags/example_xcomargs.py
[2021-09-21 01:20:01,924] {processor.py:623} INFO - DAG(s) dict_keys(['example_xcom_args', 'example_xcom_args_with_operators']) retrieved from /home/airflow/.local/lib/python3.6/site-packages/airflow/example_dags/example_xcomargs.py
[2021-09-21 01:20:02,094] {logging_mixin.py:109} INFO - [2021-09-21 01:20:02,093] {dag.py:1834} INFO - Sync 2 DAGs
[2021-09-21 01:20:02,106] {logging_mixin.py:109} INFO - [2021-09-21 01:20:02,106] {dag.py:2287} INFO - Setting next_dagrun for example_xcom_args to None
[2021-09-21 01:20:02,108] {logging_mixin.py:109} INFO - [2021-09-21 01:20:02,108] {dag.py:2287} INFO - Setting next_dagrun for example_xcom_args_with_operators to None
[2021-09-21 01:20:02,119] {processor.py:170} INFO - Processing /home/airflow/.local/lib/python3.6/site-packages/airflow/example_dags/example_xcomargs.py took 0.224 seconds
[2021-09-21 01:20:33,021] {processor.py:162} INFO - Started process (PID=627) to work on /home/airflow/.local/lib/python3.6/site-packages/airflow/example_dags/example_xcomargs.py
[2021-09-21 01:20:33,024] {processor.py:613} INFO - Processing file /home/airflow/.local/lib/python3.6/site-packages/airflow/example_dags/example_xcomargs.py for tasks to queue
[2021-09-21 01:20:33,025] {logging_mixin.py:109} INFO - [2021-09-21 01:20:33,025] {dagbag.py:496} INFO - Filling up the DagBag from /home/airflow/.local/lib/python3.6/site-packages/airflow/example_dags/example_xcomargs.py
[2021-09-21 01:20:33,049] {processor.py:623} INFO - DAG(s) dict_keys(['example_xcom_args', 'example_xcom_args_with_operators']) retrieved from /home/airflow/.local/lib/python3.6/site-packages/airflow/example_dags/example_xcomargs.py
[2021-09-21 01:20:33,079] {logging_mixin.py:109} INFO - [2021-09-21 01:20:33,079] {dag.py:1834} INFO - Sync 2 DAGs
[2021-09-21 01:20:33,095] {logging_mixin.py:109} INFO - [2021-09-21 01:20:33,095] {dag.py:2287} INFO - Setting next_dagrun for example_xcom_args to None
[2021-09-21 01:20:33,097] {logging_mixin.py:109} INFO - [2021-09-21 01:20:33,096] {dag.py:2287} INFO - Setting next_dagrun for example_xcom_args_with_operators to None
[2021-09-21 01:20:33,108] {processor.py:170} INFO - Processing /home/airflow/.local/lib/python3.6/site-packages/airflow/example_dags/example_xcomargs.py took 0.090 seconds
[2021-09-21 01:21:03,367] {processor.py:162} INFO - Started process (PID=693) to work on /home/airflow/.local/lib/python3.6/site-packages/airflow/example_dags/example_xcomargs.py
[2021-09-21 01:21:03,369] {processor.py:613} INFO - Processing file /home/airflow/.local/lib/python3.6/site-packages/airflow/example_dags/example_xcomargs.py for tasks to queue
[2021-09-21 01:21:03,371] {logging_mixin.py:109} INFO - [2021-09-21 01:21:03,371] {dagbag.py:496} INFO - Filling up the DagBag from /home/airflow/.local/lib/python3.6/site-packages/airflow/example_dags/example_xcomargs.py
[2021-09-21 01:21:03,393] {processor.py:623} INFO - DAG(s) dict_keys(['example_xcom_args', 'example_xcom_args_with_operators']) retrieved from /home/airflow/.local/lib/python3.6/site-packages/airflow/example_dags/example_xcomargs.py
[2021-09-21 01:21:03,587] {logging_mixin.py:109} INFO - [2021-09-21 01:21:03,587] {dag.py:1834} INFO - Sync 2 DAGs
[2021-09-21 01:21:03,602] {logging_mixin.py:109} INFO - [2021-09-21 01:21:03,602] {dag.py:2287} INFO - Setting next_dagrun for example_xcom_args to None
[2021-09-21 01:21:03,603] {logging_mixin.py:109} INFO - [2021-09-21 01:21:03,603] {dag.py:2287} INFO - Setting next_dagrun for example_xcom_args_with_operators to None
[2021-09-21 01:21:03,618] {processor.py:170} INFO - Processing /home/airflow/.local/lib/python3.6/site-packages/airflow/example_dags/example_xcomargs.py took 0.254 seconds
[2021-09-21 01:21:33,771] {processor.py:162} INFO - Started process (PID=746) to work on /home/airflow/.local/lib/python3.6/site-packages/airflow/example_dags/example_xcomargs.py
[2021-09-21 01:21:33,774] {processor.py:613} INFO - Processing file /home/airflow/.local/lib/python3.6/site-packages/airflow/example_dags/example_xcomargs.py for tasks to queue
[2021-09-21 01:21:33,776] {logging_mixin.py:109} INFO - [2021-09-21 01:21:33,775] {dagbag.py:496} INFO - Filling up the DagBag from /home/airflow/.local/lib/python3.6/site-packages/airflow/example_dags/example_xcomargs.py
[2021-09-21 01:21:33,805] {processor.py:623} INFO - DAG(s) dict_keys(['example_xcom_args', 'example_xcom_args_with_operators']) retrieved from /home/airflow/.local/lib/python3.6/site-packages/airflow/example_dags/example_xcomargs.py
[2021-09-21 01:21:34,039] {logging_mixin.py:109} INFO - [2021-09-21 01:21:34,039] {dag.py:1834} INFO - Sync 2 DAGs
[2021-09-21 01:21:34,053] {logging_mixin.py:109} INFO - [2021-09-21 01:21:34,053] {dag.py:2287} INFO - Setting next_dagrun for example_xcom_args to None
[2021-09-21 01:21:34,055] {logging_mixin.py:109} INFO - [2021-09-21 01:21:34,055] {dag.py:2287} INFO - Setting next_dagrun for example_xcom_args_with_operators to None
[2021-09-21 01:21:34,073] {processor.py:170} INFO - Processing /home/airflow/.local/lib/python3.6/site-packages/airflow/example_dags/example_xcomargs.py took 0.308 seconds
[2021-09-21 01:22:04,635] {processor.py:162} INFO - Started process (PID=809) to work on /home/airflow/.local/lib/python3.6/site-packages/airflow/example_dags/example_xcomargs.py
[2021-09-21 01:22:04,638] {processor.py:613} INFO - Processing file /home/airflow/.local/lib/python3.6/site-packages/airflow/example_dags/example_xcomargs.py for tasks to queue
[2021-09-21 01:22:04,639] {logging_mixin.py:109} INFO - [2021-09-21 01:22:04,639] {dagbag.py:496} INFO - Filling up the DagBag from /home/airflow/.local/lib/python3.6/site-packages/airflow/example_dags/example_xcomargs.py
[2021-09-21 01:22:04,664] {processor.py:623} INFO - DAG(s) dict_keys(['example_xcom_args', 'example_xcom_args_with_operators']) retrieved from /home/airflow/.local/lib/python3.6/site-packages/airflow/example_dags/example_xcomargs.py
[2021-09-21 01:22:04,834] {logging_mixin.py:109} INFO - [2021-09-21 01:22:04,834] {dag.py:1834} INFO - Sync 2 DAGs
[2021-09-21 01:22:04,845] {logging_mixin.py:109} INFO - [2021-09-21 01:22:04,845] {dag.py:2287} INFO - Setting next_dagrun for example_xcom_args to None
[2021-09-21 01:22:04,846] {logging_mixin.py:109} INFO - [2021-09-21 01:22:04,846] {dag.py:2287} INFO - Setting next_dagrun for example_xcom_args_with_operators to None
[2021-09-21 01:22:04,857] {processor.py:170} INFO - Processing /home/airflow/.local/lib/python3.6/site-packages/airflow/example_dags/example_xcomargs.py took 0.226 seconds
[2021-09-21 01:22:34,894] {processor.py:162} INFO - Started process (PID=873) to work on /home/airflow/.local/lib/python3.6/site-packages/airflow/example_dags/example_xcomargs.py
[2021-09-21 01:22:34,897] {processor.py:613} INFO - Processing file /home/airflow/.local/lib/python3.6/site-packages/airflow/example_dags/example_xcomargs.py for tasks to queue
[2021-09-21 01:22:34,900] {logging_mixin.py:109} INFO - [2021-09-21 01:22:34,900] {dagbag.py:496} INFO - Filling up the DagBag from /home/airflow/.local/lib/python3.6/site-packages/airflow/example_dags/example_xcomargs.py
[2021-09-21 01:22:34,938] {processor.py:623} INFO - DAG(s) dict_keys(['example_xcom_args', 'example_xcom_args_with_operators']) retrieved from /home/airflow/.local/lib/python3.6/site-packages/airflow/example_dags/example_xcomargs.py
[2021-09-21 01:22:35,223] {logging_mixin.py:109} INFO - [2021-09-21 01:22:35,223] {dag.py:1834} INFO - Sync 2 DAGs
[2021-09-21 01:22:35,241] {logging_mixin.py:109} INFO - [2021-09-21 01:22:35,241] {dag.py:2287} INFO - Setting next_dagrun for example_xcom_args to None
[2021-09-21 01:22:35,243] {logging_mixin.py:109} INFO - [2021-09-21 01:22:35,243] {dag.py:2287} INFO - Setting next_dagrun for example_xcom_args_with_operators to None
[2021-09-21 01:22:35,259] {processor.py:170} INFO - Processing /home/airflow/.local/lib/python3.6/site-packages/airflow/example_dags/example_xcomargs.py took 0.372 seconds
[2021-09-21 01:23:05,946] {processor.py:162} INFO - Started process (PID=926) to work on /home/airflow/.local/lib/python3.6/site-packages/airflow/example_dags/example_xcomargs.py
[2021-09-21 01:23:05,949] {processor.py:613} INFO - Processing file /home/airflow/.local/lib/python3.6/site-packages/airflow/example_dags/example_xcomargs.py for tasks to queue
[2021-09-21 01:23:05,951] {logging_mixin.py:109} INFO - [2021-09-21 01:23:05,951] {dagbag.py:496} INFO - Filling up the DagBag from /home/airflow/.local/lib/python3.6/site-packages/airflow/example_dags/example_xcomargs.py
[2021-09-21 01:23:05,997] {processor.py:623} INFO - DAG(s) dict_keys(['example_xcom_args', 'example_xcom_args_with_operators']) retrieved from /home/airflow/.local/lib/python3.6/site-packages/airflow/example_dags/example_xcomargs.py
[2021-09-21 01:23:06,994] {logging_mixin.py:109} INFO - [2021-09-21 01:23:06,993] {dag.py:1834} INFO - Sync 2 DAGs
[2021-09-21 01:23:07,053] {logging_mixin.py:109} INFO - [2021-09-21 01:23:07,053] {dag.py:2287} INFO - Setting next_dagrun for example_xcom_args to None
[2021-09-21 01:23:07,057] {logging_mixin.py:109} INFO - [2021-09-21 01:23:07,057] {dag.py:2287} INFO - Setting next_dagrun for example_xcom_args_with_operators to None
[2021-09-21 01:23:07,103] {processor.py:170} INFO - Processing /home/airflow/.local/lib/python3.6/site-packages/airflow/example_dags/example_xcomargs.py took 1.164 seconds
[2021-09-21 01:23:37,796] {processor.py:162} INFO - Started process (PID=978) to work on /home/airflow/.local/lib/python3.6/site-packages/airflow/example_dags/example_xcomargs.py
[2021-09-21 01:23:37,824] {processor.py:613} INFO - Processing file /home/airflow/.local/lib/python3.6/site-packages/airflow/example_dags/example_xcomargs.py for tasks to queue
[2021-09-21 01:23:37,838] {logging_mixin.py:109} INFO - [2021-09-21 01:23:37,837] {dagbag.py:496} INFO - Filling up the DagBag from /home/airflow/.local/lib/python3.6/site-packages/airflow/example_dags/example_xcomargs.py
[2021-09-21 01:23:38,144] {processor.py:623} INFO - DAG(s) dict_keys(['example_xcom_args', 'example_xcom_args_with_operators']) retrieved from /home/airflow/.local/lib/python3.6/site-packages/airflow/example_dags/example_xcomargs.py
[2021-09-21 01:23:38,836] {logging_mixin.py:109} INFO - [2021-09-21 01:23:38,836] {dag.py:1834} INFO - Sync 2 DAGs
[2021-09-21 01:23:38,874] {logging_mixin.py:109} INFO - [2021-09-21 01:23:38,874] {dag.py:2287} INFO - Setting next_dagrun for example_xcom_args to None
[2021-09-21 01:23:38,880] {logging_mixin.py:109} INFO - [2021-09-21 01:23:38,879] {dag.py:2287} INFO - Setting next_dagrun for example_xcom_args_with_operators to None
[2021-09-21 01:23:38,912] {processor.py:170} INFO - Processing /home/airflow/.local/lib/python3.6/site-packages/airflow/example_dags/example_xcomargs.py took 1.132 seconds
[2021-09-21 01:24:09,628] {processor.py:162} INFO - Started process (PID=1033) to work on /home/airflow/.local/lib/python3.6/site-packages/airflow/example_dags/example_xcomargs.py
[2021-09-21 01:24:09,630] {processor.py:613} INFO - Processing file /home/airflow/.local/lib/python3.6/site-packages/airflow/example_dags/example_xcomargs.py for tasks to queue
[2021-09-21 01:24:09,632] {logging_mixin.py:109} INFO - [2021-09-21 01:24:09,632] {dagbag.py:496} INFO - Filling up the DagBag from /home/airflow/.local/lib/python3.6/site-packages/airflow/example_dags/example_xcomargs.py
[2021-09-21 01:24:09,656] {processor.py:623} INFO - DAG(s) dict_keys(['example_xcom_args', 'example_xcom_args_with_operators']) retrieved from /home/airflow/.local/lib/python3.6/site-packages/airflow/example_dags/example_xcomargs.py
[2021-09-21 01:24:09,847] {logging_mixin.py:109} INFO - [2021-09-21 01:24:09,846] {dag.py:1834} INFO - Sync 2 DAGs
[2021-09-21 01:24:09,859] {logging_mixin.py:109} INFO - [2021-09-21 01:24:09,859] {dag.py:2287} INFO - Setting next_dagrun for example_xcom_args to None
[2021-09-21 01:24:09,861] {logging_mixin.py:109} INFO - [2021-09-21 01:24:09,861] {dag.py:2287} INFO - Setting next_dagrun for example_xcom_args_with_operators to None
[2021-09-21 01:24:09,871] {processor.py:170} INFO - Processing /home/airflow/.local/lib/python3.6/site-packages/airflow/example_dags/example_xcomargs.py took 0.247 seconds
[2021-09-21 01:24:40,039] {processor.py:162} INFO - Started process (PID=1095) to work on /home/airflow/.local/lib/python3.6/site-packages/airflow/example_dags/example_xcomargs.py
[2021-09-21 01:24:40,042] {processor.py:613} INFO - Processing file /home/airflow/.local/lib/python3.6/site-packages/airflow/example_dags/example_xcomargs.py for tasks to queue
[2021-09-21 01:24:40,046] {logging_mixin.py:109} INFO - [2021-09-21 01:24:40,046] {dagbag.py:496} INFO - Filling up the DagBag from /home/airflow/.local/lib/python3.6/site-packages/airflow/example_dags/example_xcomargs.py
[2021-09-21 01:24:40,088] {processor.py:623} INFO - DAG(s) dict_keys(['example_xcom_args', 'example_xcom_args_with_operators']) retrieved from /home/airflow/.local/lib/python3.6/site-packages/airflow/example_dags/example_xcomargs.py
[2021-09-21 01:24:40,154] {logging_mixin.py:109} INFO - [2021-09-21 01:24:40,153] {dag.py:1834} INFO - Sync 2 DAGs
[2021-09-21 01:24:40,193] {logging_mixin.py:109} INFO - [2021-09-21 01:24:40,192] {dag.py:2287} INFO - Setting next_dagrun for example_xcom_args to None
[2021-09-21 01:24:40,198] {logging_mixin.py:109} INFO - [2021-09-21 01:24:40,198] {dag.py:2287} INFO - Setting next_dagrun for example_xcom_args_with_operators to None
[2021-09-21 01:24:40,244] {processor.py:170} INFO - Processing /home/airflow/.local/lib/python3.6/site-packages/airflow/example_dags/example_xcomargs.py took 0.213 seconds
[2021-09-21 01:25:10,452] {processor.py:162} INFO - Started process (PID=1149) to work on /home/airflow/.local/lib/python3.6/site-packages/airflow/example_dags/example_xcomargs.py
[2021-09-21 01:25:10,453] {processor.py:613} INFO - Processing file /home/airflow/.local/lib/python3.6/site-packages/airflow/example_dags/example_xcomargs.py for tasks to queue
[2021-09-21 01:25:10,459] {logging_mixin.py:109} INFO - [2021-09-21 01:25:10,459] {dagbag.py:496} INFO - Filling up the DagBag from /home/airflow/.local/lib/python3.6/site-packages/airflow/example_dags/example_xcomargs.py
[2021-09-21 01:25:10,483] {processor.py:623} INFO - DAG(s) dict_keys(['example_xcom_args', 'example_xcom_args_with_operators']) retrieved from /home/airflow/.local/lib/python3.6/site-packages/airflow/example_dags/example_xcomargs.py
[2021-09-21 01:25:10,514] {logging_mixin.py:109} INFO - [2021-09-21 01:25:10,514] {dag.py:1834} INFO - Sync 2 DAGs
[2021-09-21 01:25:10,536] {logging_mixin.py:109} INFO - [2021-09-21 01:25:10,536] {dag.py:2287} INFO - Setting next_dagrun for example_xcom_args to None
[2021-09-21 01:25:10,537] {logging_mixin.py:109} INFO - [2021-09-21 01:25:10,537] {dag.py:2287} INFO - Setting next_dagrun for example_xcom_args_with_operators to None
[2021-09-21 01:25:10,547] {processor.py:170} INFO - Processing /home/airflow/.local/lib/python3.6/site-packages/airflow/example_dags/example_xcomargs.py took 0.099 seconds
[2021-09-21 01:25:40,582] {processor.py:162} INFO - Started process (PID=1190) to work on /home/airflow/.local/lib/python3.6/site-packages/airflow/example_dags/example_xcomargs.py
[2021-09-21 01:25:40,586] {processor.py:613} INFO - Processing file /home/airflow/.local/lib/python3.6/site-packages/airflow/example_dags/example_xcomargs.py for tasks to queue
[2021-09-21 01:25:40,590] {logging_mixin.py:109} INFO - [2021-09-21 01:25:40,589] {dagbag.py:496} INFO - Filling up the DagBag from /home/airflow/.local/lib/python3.6/site-packages/airflow/example_dags/example_xcomargs.py
[2021-09-21 01:25:40,627] {processor.py:623} INFO - DAG(s) dict_keys(['example_xcom_args', 'example_xcom_args_with_operators']) retrieved from /home/airflow/.local/lib/python3.6/site-packages/airflow/example_dags/example_xcomargs.py
[2021-09-21 01:25:40,922] {logging_mixin.py:109} INFO - [2021-09-21 01:25:40,921] {dag.py:1834} INFO - Sync 2 DAGs
[2021-09-21 01:25:40,942] {logging_mixin.py:109} INFO - [2021-09-21 01:25:40,942] {dag.py:2287} INFO - Setting next_dagrun for example_xcom_args to None
[2021-09-21 01:25:40,944] {logging_mixin.py:109} INFO - [2021-09-21 01:25:40,944] {dag.py:2287} INFO - Setting next_dagrun for example_xcom_args_with_operators to None
[2021-09-21 01:25:40,964] {processor.py:170} INFO - Processing /home/airflow/.local/lib/python3.6/site-packages/airflow/example_dags/example_xcomargs.py took 0.387 seconds
[2021-09-21 01:26:11,777] {processor.py:162} INFO - Started process (PID=1254) to work on /home/airflow/.local/lib/python3.6/site-packages/airflow/example_dags/example_xcomargs.py
[2021-09-21 01:26:11,779] {processor.py:613} INFO - Processing file /home/airflow/.local/lib/python3.6/site-packages/airflow/example_dags/example_xcomargs.py for tasks to queue
[2021-09-21 01:26:11,782] {logging_mixin.py:109} INFO - [2021-09-21 01:26:11,781] {dagbag.py:496} INFO - Filling up the DagBag from /home/airflow/.local/lib/python3.6/site-packages/airflow/example_dags/example_xcomargs.py
[2021-09-21 01:26:11,809] {processor.py:623} INFO - DAG(s) dict_keys(['example_xcom_args', 'example_xcom_args_with_operators']) retrieved from /home/airflow/.local/lib/python3.6/site-packages/airflow/example_dags/example_xcomargs.py
[2021-09-21 01:26:12,171] {logging_mixin.py:109} INFO - [2021-09-21 01:26:12,171] {dag.py:1834} INFO - Sync 2 DAGs
[2021-09-21 01:26:12,208] {logging_mixin.py:109} INFO - [2021-09-21 01:26:12,208] {dag.py:2287} INFO - Setting next_dagrun for example_xcom_args to None
[2021-09-21 01:26:12,212] {logging_mixin.py:109} INFO - [2021-09-21 01:26:12,211] {dag.py:2287} INFO - Setting next_dagrun for example_xcom_args_with_operators to None
[2021-09-21 01:26:12,244] {processor.py:170} INFO - Processing /home/airflow/.local/lib/python3.6/site-packages/airflow/example_dags/example_xcomargs.py took 0.473 seconds
[2021-09-21 01:26:42,481] {processor.py:162} INFO - Started process (PID=1306) to work on /home/airflow/.local/lib/python3.6/site-packages/airflow/example_dags/example_xcomargs.py
[2021-09-21 01:26:42,483] {processor.py:613} INFO - Processing file /home/airflow/.local/lib/python3.6/site-packages/airflow/example_dags/example_xcomargs.py for tasks to queue
[2021-09-21 01:26:42,484] {logging_mixin.py:109} INFO - [2021-09-21 01:26:42,484] {dagbag.py:496} INFO - Filling up the DagBag from /home/airflow/.local/lib/python3.6/site-packages/airflow/example_dags/example_xcomargs.py
[2021-09-21 01:26:42,511] {processor.py:623} INFO - DAG(s) dict_keys(['example_xcom_args', 'example_xcom_args_with_operators']) retrieved from /home/airflow/.local/lib/python3.6/site-packages/airflow/example_dags/example_xcomargs.py
[2021-09-21 01:26:42,789] {logging_mixin.py:109} INFO - [2021-09-21 01:26:42,788] {dag.py:1834} INFO - Sync 2 DAGs
[2021-09-21 01:26:42,810] {logging_mixin.py:109} INFO - [2021-09-21 01:26:42,810] {dag.py:2287} INFO - Setting next_dagrun for example_xcom_args to None
[2021-09-21 01:26:42,812] {logging_mixin.py:109} INFO - [2021-09-21 01:26:42,812] {dag.py:2287} INFO - Setting next_dagrun for example_xcom_args_with_operators to None
[2021-09-21 01:26:42,829] {processor.py:170} INFO - Processing /home/airflow/.local/lib/python3.6/site-packages/airflow/example_dags/example_xcomargs.py took 0.352 seconds
[2021-09-21 01:27:13,105] {processor.py:162} INFO - Started process (PID=1360) to work on /home/airflow/.local/lib/python3.6/site-packages/airflow/example_dags/example_xcomargs.py
[2021-09-21 01:27:13,113] {processor.py:613} INFO - Processing file /home/airflow/.local/lib/python3.6/site-packages/airflow/example_dags/example_xcomargs.py for tasks to queue
[2021-09-21 01:27:13,117] {logging_mixin.py:109} INFO - [2021-09-21 01:27:13,117] {dagbag.py:496} INFO - Filling up the DagBag from /home/airflow/.local/lib/python3.6/site-packages/airflow/example_dags/example_xcomargs.py
[2021-09-21 01:27:13,351] {processor.py:623} INFO - DAG(s) dict_keys(['example_xcom_args', 'example_xcom_args_with_operators']) retrieved from /home/airflow/.local/lib/python3.6/site-packages/airflow/example_dags/example_xcomargs.py
[2021-09-21 01:27:18,829] {logging_mixin.py:109} INFO - [2021-09-21 01:27:18,805] {dag.py:1834} INFO - Sync 2 DAGs
[2021-09-21 01:27:19,308] {logging_mixin.py:109} INFO - [2021-09-21 01:27:19,308] {dag.py:2287} INFO - Setting next_dagrun for example_xcom_args to None
[2021-09-21 01:27:19,323] {logging_mixin.py:109} INFO - [2021-09-21 01:27:19,323] {dag.py:2287} INFO - Setting next_dagrun for example_xcom_args_with_operators to None
[2021-09-21 01:27:19,539] {processor.py:170} INFO - Processing /home/airflow/.local/lib/python3.6/site-packages/airflow/example_dags/example_xcomargs.py took 6.440 seconds
[2021-09-21 01:27:50,189] {processor.py:162} INFO - Started process (PID=1411) to work on /home/airflow/.local/lib/python3.6/site-packages/airflow/example_dags/example_xcomargs.py
[2021-09-21 01:27:50,192] {processor.py:613} INFO - Processing file /home/airflow/.local/lib/python3.6/site-packages/airflow/example_dags/example_xcomargs.py for tasks to queue
[2021-09-21 01:27:50,195] {logging_mixin.py:109} INFO - [2021-09-21 01:27:50,195] {dagbag.py:496} INFO - Filling up the DagBag from /home/airflow/.local/lib/python3.6/site-packages/airflow/example_dags/example_xcomargs.py
[2021-09-21 01:27:50,235] {processor.py:623} INFO - DAG(s) dict_keys(['example_xcom_args', 'example_xcom_args_with_operators']) retrieved from /home/airflow/.local/lib/python3.6/site-packages/airflow/example_dags/example_xcomargs.py
[2021-09-21 01:27:50,476] {logging_mixin.py:109} INFO - [2021-09-21 01:27:50,475] {dag.py:1834} INFO - Sync 2 DAGs
[2021-09-21 01:27:50,500] {logging_mixin.py:109} INFO - [2021-09-21 01:27:50,500] {dag.py:2287} INFO - Setting next_dagrun for example_xcom_args to None
[2021-09-21 01:27:50,504] {logging_mixin.py:109} INFO - [2021-09-21 01:27:50,504] {dag.py:2287} INFO - Setting next_dagrun for example_xcom_args_with_operators to None
[2021-09-21 01:27:50,525] {processor.py:170} INFO - Processing /home/airflow/.local/lib/python3.6/site-packages/airflow/example_dags/example_xcomargs.py took 0.349 seconds
[2021-09-21 01:28:20,852] {processor.py:162} INFO - Started process (PID=1475) to work on /home/airflow/.local/lib/python3.6/site-packages/airflow/example_dags/example_xcomargs.py
[2021-09-21 01:28:20,855] {processor.py:613} INFO - Processing file /home/airflow/.local/lib/python3.6/site-packages/airflow/example_dags/example_xcomargs.py for tasks to queue
[2021-09-21 01:28:20,857] {logging_mixin.py:109} INFO - [2021-09-21 01:28:20,857] {dagbag.py:496} INFO - Filling up the DagBag from /home/airflow/.local/lib/python3.6/site-packages/airflow/example_dags/example_xcomargs.py
[2021-09-21 01:28:20,881] {processor.py:623} INFO - DAG(s) dict_keys(['example_xcom_args', 'example_xcom_args_with_operators']) retrieved from /home/airflow/.local/lib/python3.6/site-packages/airflow/example_dags/example_xcomargs.py
[2021-09-21 01:28:21,116] {logging_mixin.py:109} INFO - [2021-09-21 01:28:21,116] {dag.py:1834} INFO - Sync 2 DAGs
[2021-09-21 01:28:21,130] {logging_mixin.py:109} INFO - [2021-09-21 01:28:21,130] {dag.py:2287} INFO - Setting next_dagrun for example_xcom_args to None
[2021-09-21 01:28:21,132] {logging_mixin.py:109} INFO - [2021-09-21 01:28:21,132] {dag.py:2287} INFO - Setting next_dagrun for example_xcom_args_with_operators to None
[2021-09-21 01:28:21,146] {processor.py:170} INFO - Processing /home/airflow/.local/lib/python3.6/site-packages/airflow/example_dags/example_xcomargs.py took 0.297 seconds
[2021-09-21 01:28:51,702] {processor.py:162} INFO - Started process (PID=1538) to work on /home/airflow/.local/lib/python3.6/site-packages/airflow/example_dags/example_xcomargs.py
[2021-09-21 01:28:51,705] {processor.py:613} INFO - Processing file /home/airflow/.local/lib/python3.6/site-packages/airflow/example_dags/example_xcomargs.py for tasks to queue
[2021-09-21 01:28:51,706] {logging_mixin.py:109} INFO - [2021-09-21 01:28:51,706] {dagbag.py:496} INFO - Filling up the DagBag from /home/airflow/.local/lib/python3.6/site-packages/airflow/example_dags/example_xcomargs.py
[2021-09-21 01:28:51,728] {processor.py:623} INFO - DAG(s) dict_keys(['example_xcom_args', 'example_xcom_args_with_operators']) retrieved from /home/airflow/.local/lib/python3.6/site-packages/airflow/example_dags/example_xcomargs.py
[2021-09-21 01:28:51,757] {logging_mixin.py:109} INFO - [2021-09-21 01:28:51,757] {dag.py:1834} INFO - Sync 2 DAGs
[2021-09-21 01:28:51,775] {logging_mixin.py:109} INFO - [2021-09-21 01:28:51,774] {dag.py:2287} INFO - Setting next_dagrun for example_xcom_args to None
[2021-09-21 01:28:51,776] {logging_mixin.py:109} INFO - [2021-09-21 01:28:51,776] {dag.py:2287} INFO - Setting next_dagrun for example_xcom_args_with_operators to None
[2021-09-21 01:28:51,793] {processor.py:170} INFO - Processing /home/airflow/.local/lib/python3.6/site-packages/airflow/example_dags/example_xcomargs.py took 0.095 seconds
[2021-09-21 01:29:22,406] {processor.py:162} INFO - Started process (PID=1592) to work on /home/airflow/.local/lib/python3.6/site-packages/airflow/example_dags/example_xcomargs.py
[2021-09-21 01:29:22,408] {processor.py:613} INFO - Processing file /home/airflow/.local/lib/python3.6/site-packages/airflow/example_dags/example_xcomargs.py for tasks to queue
[2021-09-21 01:29:22,410] {logging_mixin.py:109} INFO - [2021-09-21 01:29:22,410] {dagbag.py:496} INFO - Filling up the DagBag from /home/airflow/.local/lib/python3.6/site-packages/airflow/example_dags/example_xcomargs.py
[2021-09-21 01:29:22,439] {processor.py:623} INFO - DAG(s) dict_keys(['example_xcom_args', 'example_xcom_args_with_operators']) retrieved from /home/airflow/.local/lib/python3.6/site-packages/airflow/example_dags/example_xcomargs.py
[2021-09-21 01:29:22,646] {logging_mixin.py:109} INFO - [2021-09-21 01:29:22,646] {dag.py:1834} INFO - Sync 2 DAGs
[2021-09-21 01:29:22,669] {logging_mixin.py:109} INFO - [2021-09-21 01:29:22,669] {dag.py:2287} INFO - Setting next_dagrun for example_xcom_args to None
[2021-09-21 01:29:22,671] {logging_mixin.py:109} INFO - [2021-09-21 01:29:22,671] {dag.py:2287} INFO - Setting next_dagrun for example_xcom_args_with_operators to None
[2021-09-21 01:29:22,694] {processor.py:170} INFO - Processing /home/airflow/.local/lib/python3.6/site-packages/airflow/example_dags/example_xcomargs.py took 0.292 seconds
[2021-09-21 01:29:52,840] {processor.py:162} INFO - Started process (PID=1656) to work on /home/airflow/.local/lib/python3.6/site-packages/airflow/example_dags/example_xcomargs.py
[2021-09-21 01:29:52,842] {processor.py:613} INFO - Processing file /home/airflow/.local/lib/python3.6/site-packages/airflow/example_dags/example_xcomargs.py for tasks to queue
[2021-09-21 01:29:52,844] {logging_mixin.py:109} INFO - [2021-09-21 01:29:52,844] {dagbag.py:496} INFO - Filling up the DagBag from /home/airflow/.local/lib/python3.6/site-packages/airflow/example_dags/example_xcomargs.py
[2021-09-21 01:29:52,885] {processor.py:623} INFO - DAG(s) dict_keys(['example_xcom_args', 'example_xcom_args_with_operators']) retrieved from /home/airflow/.local/lib/python3.6/site-packages/airflow/example_dags/example_xcomargs.py
[2021-09-21 01:29:52,934] {logging_mixin.py:109} INFO - [2021-09-21 01:29:52,934] {dag.py:1834} INFO - Sync 2 DAGs
[2021-09-21 01:29:52,961] {logging_mixin.py:109} INFO - [2021-09-21 01:29:52,961] {dag.py:2287} INFO - Setting next_dagrun for example_xcom_args to None
[2021-09-21 01:29:52,964] {logging_mixin.py:109} INFO - [2021-09-21 01:29:52,964] {dag.py:2287} INFO - Setting next_dagrun for example_xcom_args_with_operators to None
[2021-09-21 01:29:52,975] {processor.py:170} INFO - Processing /home/airflow/.local/lib/python3.6/site-packages/airflow/example_dags/example_xcomargs.py took 0.144 seconds
[2021-09-21 01:30:23,783] {processor.py:162} INFO - Started process (PID=1709) to work on /home/airflow/.local/lib/python3.6/site-packages/airflow/example_dags/example_xcomargs.py
[2021-09-21 01:30:23,785] {processor.py:613} INFO - Processing file /home/airflow/.local/lib/python3.6/site-packages/airflow/example_dags/example_xcomargs.py for tasks to queue
[2021-09-21 01:30:23,787] {logging_mixin.py:109} INFO - [2021-09-21 01:30:23,787] {dagbag.py:496} INFO - Filling up the DagBag from /home/airflow/.local/lib/python3.6/site-packages/airflow/example_dags/example_xcomargs.py
[2021-09-21 01:30:23,812] {processor.py:623} INFO - DAG(s) dict_keys(['example_xcom_args', 'example_xcom_args_with_operators']) retrieved from /home/airflow/.local/lib/python3.6/site-packages/airflow/example_dags/example_xcomargs.py
[2021-09-21 01:30:23,839] {logging_mixin.py:109} INFO - [2021-09-21 01:30:23,839] {dag.py:1834} INFO - Sync 2 DAGs
[2021-09-21 01:30:23,855] {logging_mixin.py:109} INFO - [2021-09-21 01:30:23,855] {dag.py:2287} INFO - Setting next_dagrun for example_xcom_args to None
[2021-09-21 01:30:23,858] {logging_mixin.py:109} INFO - [2021-09-21 01:30:23,858] {dag.py:2287} INFO - Setting next_dagrun for example_xcom_args_with_operators to None
[2021-09-21 01:30:23,869] {processor.py:170} INFO - Processing /home/airflow/.local/lib/python3.6/site-packages/airflow/example_dags/example_xcomargs.py took 0.091 seconds
[2021-09-21 01:30:54,393] {processor.py:162} INFO - Started process (PID=1771) to work on /home/airflow/.local/lib/python3.6/site-packages/airflow/example_dags/example_xcomargs.py
[2021-09-21 01:30:54,401] {processor.py:613} INFO - Processing file /home/airflow/.local/lib/python3.6/site-packages/airflow/example_dags/example_xcomargs.py for tasks to queue
[2021-09-21 01:30:54,403] {logging_mixin.py:109} INFO - [2021-09-21 01:30:54,403] {dagbag.py:496} INFO - Filling up the DagBag from /home/airflow/.local/lib/python3.6/site-packages/airflow/example_dags/example_xcomargs.py
[2021-09-21 01:30:54,466] {processor.py:623} INFO - DAG(s) dict_keys(['example_xcom_args', 'example_xcom_args_with_operators']) retrieved from /home/airflow/.local/lib/python3.6/site-packages/airflow/example_dags/example_xcomargs.py
[2021-09-21 01:30:54,989] {logging_mixin.py:109} INFO - [2021-09-21 01:30:54,989] {dag.py:1834} INFO - Sync 2 DAGs
[2021-09-21 01:30:55,008] {logging_mixin.py:109} INFO - [2021-09-21 01:30:55,008] {dag.py:2287} INFO - Setting next_dagrun for example_xcom_args to None
[2021-09-21 01:30:55,011] {logging_mixin.py:109} INFO - [2021-09-21 01:30:55,011] {dag.py:2287} INFO - Setting next_dagrun for example_xcom_args_with_operators to None
[2021-09-21 01:30:55,032] {processor.py:170} INFO - Processing /home/airflow/.local/lib/python3.6/site-packages/airflow/example_dags/example_xcomargs.py took 0.645 seconds
[2021-09-21 01:31:25,078] {processor.py:162} INFO - Started process (PID=1835) to work on /home/airflow/.local/lib/python3.6/site-packages/airflow/example_dags/example_xcomargs.py
[2021-09-21 01:31:25,081] {processor.py:613} INFO - Processing file /home/airflow/.local/lib/python3.6/site-packages/airflow/example_dags/example_xcomargs.py for tasks to queue
[2021-09-21 01:31:25,083] {logging_mixin.py:109} INFO - [2021-09-21 01:31:25,083] {dagbag.py:496} INFO - Filling up the DagBag from /home/airflow/.local/lib/python3.6/site-packages/airflow/example_dags/example_xcomargs.py
[2021-09-21 01:31:25,108] {processor.py:623} INFO - DAG(s) dict_keys(['example_xcom_args', 'example_xcom_args_with_operators']) retrieved from /home/airflow/.local/lib/python3.6/site-packages/airflow/example_dags/example_xcomargs.py
[2021-09-21 01:31:25,291] {logging_mixin.py:109} INFO - [2021-09-21 01:31:25,291] {dag.py:1834} INFO - Sync 2 DAGs
[2021-09-21 01:31:25,308] {logging_mixin.py:109} INFO - [2021-09-21 01:31:25,308] {dag.py:2287} INFO - Setting next_dagrun for example_xcom_args to None
[2021-09-21 01:31:25,309] {logging_mixin.py:109} INFO - [2021-09-21 01:31:25,309] {dag.py:2287} INFO - Setting next_dagrun for example_xcom_args_with_operators to None
[2021-09-21 01:31:25,319] {processor.py:170} INFO - Processing /home/airflow/.local/lib/python3.6/site-packages/airflow/example_dags/example_xcomargs.py took 0.245 seconds
[2021-09-21 01:31:56,043] {processor.py:162} INFO - Started process (PID=1888) to work on /home/airflow/.local/lib/python3.6/site-packages/airflow/example_dags/example_xcomargs.py
[2021-09-21 01:31:56,045] {processor.py:613} INFO - Processing file /home/airflow/.local/lib/python3.6/site-packages/airflow/example_dags/example_xcomargs.py for tasks to queue
[2021-09-21 01:31:56,047] {logging_mixin.py:109} INFO - [2021-09-21 01:31:56,047] {dagbag.py:496} INFO - Filling up the DagBag from /home/airflow/.local/lib/python3.6/site-packages/airflow/example_dags/example_xcomargs.py
[2021-09-21 01:31:56,071] {processor.py:623} INFO - DAG(s) dict_keys(['example_xcom_args', 'example_xcom_args_with_operators']) retrieved from /home/airflow/.local/lib/python3.6/site-packages/airflow/example_dags/example_xcomargs.py
[2021-09-21 01:31:56,261] {logging_mixin.py:109} INFO - [2021-09-21 01:31:56,261] {dag.py:1834} INFO - Sync 2 DAGs
[2021-09-21 01:31:56,273] {logging_mixin.py:109} INFO - [2021-09-21 01:31:56,273] {dag.py:2287} INFO - Setting next_dagrun for example_xcom_args to None
[2021-09-21 01:31:56,274] {logging_mixin.py:109} INFO - [2021-09-21 01:31:56,274] {dag.py:2287} INFO - Setting next_dagrun for example_xcom_args_with_operators to None
[2021-09-21 01:31:56,287] {processor.py:170} INFO - Processing /home/airflow/.local/lib/python3.6/site-packages/airflow/example_dags/example_xcomargs.py took 0.248 seconds
[2021-09-21 01:32:26,752] {processor.py:162} INFO - Started process (PID=1950) to work on /home/airflow/.local/lib/python3.6/site-packages/airflow/example_dags/example_xcomargs.py
[2021-09-21 01:32:26,754] {processor.py:613} INFO - Processing file /home/airflow/.local/lib/python3.6/site-packages/airflow/example_dags/example_xcomargs.py for tasks to queue
[2021-09-21 01:32:26,755] {logging_mixin.py:109} INFO - [2021-09-21 01:32:26,755] {dagbag.py:496} INFO - Filling up the DagBag from /home/airflow/.local/lib/python3.6/site-packages/airflow/example_dags/example_xcomargs.py
[2021-09-21 01:32:26,779] {processor.py:623} INFO - DAG(s) dict_keys(['example_xcom_args', 'example_xcom_args_with_operators']) retrieved from /home/airflow/.local/lib/python3.6/site-packages/airflow/example_dags/example_xcomargs.py
[2021-09-21 01:32:26,815] {logging_mixin.py:109} INFO - [2021-09-21 01:32:26,815] {dag.py:1834} INFO - Sync 2 DAGs
[2021-09-21 01:32:26,831] {logging_mixin.py:109} INFO - [2021-09-21 01:32:26,831] {dag.py:2287} INFO - Setting next_dagrun for example_xcom_args to None
[2021-09-21 01:32:26,833] {logging_mixin.py:109} INFO - [2021-09-21 01:32:26,833] {dag.py:2287} INFO - Setting next_dagrun for example_xcom_args_with_operators to None
[2021-09-21 01:32:26,844] {processor.py:170} INFO - Processing /home/airflow/.local/lib/python3.6/site-packages/airflow/example_dags/example_xcomargs.py took 0.096 seconds
[2021-09-21 01:32:57,382] {processor.py:162} INFO - Started process (PID=2004) to work on /home/airflow/.local/lib/python3.6/site-packages/airflow/example_dags/example_xcomargs.py
[2021-09-21 01:32:57,384] {processor.py:613} INFO - Processing file /home/airflow/.local/lib/python3.6/site-packages/airflow/example_dags/example_xcomargs.py for tasks to queue
[2021-09-21 01:32:57,385] {logging_mixin.py:109} INFO - [2021-09-21 01:32:57,385] {dagbag.py:496} INFO - Filling up the DagBag from /home/airflow/.local/lib/python3.6/site-packages/airflow/example_dags/example_xcomargs.py
[2021-09-21 01:32:57,409] {processor.py:623} INFO - DAG(s) dict_keys(['example_xcom_args', 'example_xcom_args_with_operators']) retrieved from /home/airflow/.local/lib/python3.6/site-packages/airflow/example_dags/example_xcomargs.py
[2021-09-21 01:32:57,602] {logging_mixin.py:109} INFO - [2021-09-21 01:32:57,602] {dag.py:1834} INFO - Sync 2 DAGs
[2021-09-21 01:32:57,618] {logging_mixin.py:109} INFO - [2021-09-21 01:32:57,618] {dag.py:2287} INFO - Setting next_dagrun for example_xcom_args to None
[2021-09-21 01:32:57,620] {logging_mixin.py:109} INFO - [2021-09-21 01:32:57,620] {dag.py:2287} INFO - Setting next_dagrun for example_xcom_args_with_operators to None
[2021-09-21 01:32:57,637] {processor.py:170} INFO - Processing /home/airflow/.local/lib/python3.6/site-packages/airflow/example_dags/example_xcomargs.py took 0.259 seconds
[2021-09-21 01:33:28,183] {processor.py:162} INFO - Started process (PID=2069) to work on /home/airflow/.local/lib/python3.6/site-packages/airflow/example_dags/example_xcomargs.py
[2021-09-21 01:33:28,185] {processor.py:613} INFO - Processing file /home/airflow/.local/lib/python3.6/site-packages/airflow/example_dags/example_xcomargs.py for tasks to queue
[2021-09-21 01:33:28,187] {logging_mixin.py:109} INFO - [2021-09-21 01:33:28,187] {dagbag.py:496} INFO - Filling up the DagBag from /home/airflow/.local/lib/python3.6/site-packages/airflow/example_dags/example_xcomargs.py
[2021-09-21 01:33:28,228] {processor.py:623} INFO - DAG(s) dict_keys(['example_xcom_args', 'example_xcom_args_with_operators']) retrieved from /home/airflow/.local/lib/python3.6/site-packages/airflow/example_dags/example_xcomargs.py
[2021-09-21 01:33:28,426] {logging_mixin.py:109} INFO - [2021-09-21 01:33:28,425] {dag.py:1834} INFO - Sync 2 DAGs
[2021-09-21 01:33:28,443] {logging_mixin.py:109} INFO - [2021-09-21 01:33:28,443] {dag.py:2287} INFO - Setting next_dagrun for example_xcom_args to None
[2021-09-21 01:33:28,445] {logging_mixin.py:109} INFO - [2021-09-21 01:33:28,444] {dag.py:2287} INFO - Setting next_dagrun for example_xcom_args_with_operators to None
[2021-09-21 01:33:28,457] {processor.py:170} INFO - Processing /home/airflow/.local/lib/python3.6/site-packages/airflow/example_dags/example_xcomargs.py took 0.278 seconds
[2021-09-21 01:33:58,937] {processor.py:162} INFO - Started process (PID=2133) to work on /home/airflow/.local/lib/python3.6/site-packages/airflow/example_dags/example_xcomargs.py
[2021-09-21 01:33:58,941] {processor.py:613} INFO - Processing file /home/airflow/.local/lib/python3.6/site-packages/airflow/example_dags/example_xcomargs.py for tasks to queue
[2021-09-21 01:33:58,943] {logging_mixin.py:109} INFO - [2021-09-21 01:33:58,943] {dagbag.py:496} INFO - Filling up the DagBag from /home/airflow/.local/lib/python3.6/site-packages/airflow/example_dags/example_xcomargs.py
[2021-09-21 01:33:58,968] {processor.py:623} INFO - DAG(s) dict_keys(['example_xcom_args', 'example_xcom_args_with_operators']) retrieved from /home/airflow/.local/lib/python3.6/site-packages/airflow/example_dags/example_xcomargs.py
[2021-09-21 01:33:59,179] {logging_mixin.py:109} INFO - [2021-09-21 01:33:59,178] {dag.py:1834} INFO - Sync 2 DAGs
[2021-09-21 01:33:59,195] {logging_mixin.py:109} INFO - [2021-09-21 01:33:59,195] {dag.py:2287} INFO - Setting next_dagrun for example_xcom_args to None
[2021-09-21 01:33:59,196] {logging_mixin.py:109} INFO - [2021-09-21 01:33:59,196] {dag.py:2287} INFO - Setting next_dagrun for example_xcom_args_with_operators to None
[2021-09-21 01:33:59,209] {processor.py:170} INFO - Processing /home/airflow/.local/lib/python3.6/site-packages/airflow/example_dags/example_xcomargs.py took 0.279 seconds
[2021-09-21 01:34:29,492] {processor.py:162} INFO - Started process (PID=2185) to work on /home/airflow/.local/lib/python3.6/site-packages/airflow/example_dags/example_xcomargs.py
[2021-09-21 01:34:29,495] {processor.py:613} INFO - Processing file /home/airflow/.local/lib/python3.6/site-packages/airflow/example_dags/example_xcomargs.py for tasks to queue
[2021-09-21 01:34:29,497] {logging_mixin.py:109} INFO - [2021-09-21 01:34:29,497] {dagbag.py:496} INFO - Filling up the DagBag from /home/airflow/.local/lib/python3.6/site-packages/airflow/example_dags/example_xcomargs.py
[2021-09-21 01:34:29,524] {processor.py:623} INFO - DAG(s) dict_keys(['example_xcom_args', 'example_xcom_args_with_operators']) retrieved from /home/airflow/.local/lib/python3.6/site-packages/airflow/example_dags/example_xcomargs.py
[2021-09-21 01:34:29,739] {logging_mixin.py:109} INFO - [2021-09-21 01:34:29,739] {dag.py:1834} INFO - Sync 2 DAGs
[2021-09-21 01:34:29,752] {logging_mixin.py:109} INFO - [2021-09-21 01:34:29,752] {dag.py:2287} INFO - Setting next_dagrun for example_xcom_args to None
[2021-09-21 01:34:29,754] {logging_mixin.py:109} INFO - [2021-09-21 01:34:29,754] {dag.py:2287} INFO - Setting next_dagrun for example_xcom_args_with_operators to None
[2021-09-21 01:34:29,778] {processor.py:170} INFO - Processing /home/airflow/.local/lib/python3.6/site-packages/airflow/example_dags/example_xcomargs.py took 0.291 seconds
[2021-09-21 01:35:00,003] {processor.py:162} INFO - Started process (PID=2248) to work on /home/airflow/.local/lib/python3.6/site-packages/airflow/example_dags/example_xcomargs.py
[2021-09-21 01:35:00,005] {processor.py:613} INFO - Processing file /home/airflow/.local/lib/python3.6/site-packages/airflow/example_dags/example_xcomargs.py for tasks to queue
[2021-09-21 01:35:00,006] {logging_mixin.py:109} INFO - [2021-09-21 01:35:00,006] {dagbag.py:496} INFO - Filling up the DagBag from /home/airflow/.local/lib/python3.6/site-packages/airflow/example_dags/example_xcomargs.py
[2021-09-21 01:35:00,034] {processor.py:623} INFO - DAG(s) dict_keys(['example_xcom_args', 'example_xcom_args_with_operators']) retrieved from /home/airflow/.local/lib/python3.6/site-packages/airflow/example_dags/example_xcomargs.py
[2021-09-21 01:35:00,064] {logging_mixin.py:109} INFO - [2021-09-21 01:35:00,064] {dag.py:1834} INFO - Sync 2 DAGs
[2021-09-21 01:35:00,081] {logging_mixin.py:109} INFO - [2021-09-21 01:35:00,081] {dag.py:2287} INFO - Setting next_dagrun for example_xcom_args to None
[2021-09-21 01:35:00,083] {logging_mixin.py:109} INFO - [2021-09-21 01:35:00,083] {dag.py:2287} INFO - Setting next_dagrun for example_xcom_args_with_operators to None
[2021-09-21 01:35:00,094] {processor.py:170} INFO - Processing /home/airflow/.local/lib/python3.6/site-packages/airflow/example_dags/example_xcomargs.py took 0.096 seconds
[2021-09-21 01:35:30,644] {processor.py:162} INFO - Started process (PID=2301) to work on /home/airflow/.local/lib/python3.6/site-packages/airflow/example_dags/example_xcomargs.py
[2021-09-21 01:35:30,646] {processor.py:613} INFO - Processing file /home/airflow/.local/lib/python3.6/site-packages/airflow/example_dags/example_xcomargs.py for tasks to queue
[2021-09-21 01:35:30,647] {logging_mixin.py:109} INFO - [2021-09-21 01:35:30,647] {dagbag.py:496} INFO - Filling up the DagBag from /home/airflow/.local/lib/python3.6/site-packages/airflow/example_dags/example_xcomargs.py
[2021-09-21 01:35:30,672] {processor.py:623} INFO - DAG(s) dict_keys(['example_xcom_args', 'example_xcom_args_with_operators']) retrieved from /home/airflow/.local/lib/python3.6/site-packages/airflow/example_dags/example_xcomargs.py
[2021-09-21 01:35:30,699] {logging_mixin.py:109} INFO - [2021-09-21 01:35:30,699] {dag.py:1834} INFO - Sync 2 DAGs
[2021-09-21 01:35:30,715] {logging_mixin.py:109} INFO - [2021-09-21 01:35:30,715] {dag.py:2287} INFO - Setting next_dagrun for example_xcom_args to None
[2021-09-21 01:35:30,717] {logging_mixin.py:109} INFO - [2021-09-21 01:35:30,716] {dag.py:2287} INFO - Setting next_dagrun for example_xcom_args_with_operators to None
[2021-09-21 01:35:30,728] {processor.py:170} INFO - Processing /home/airflow/.local/lib/python3.6/site-packages/airflow/example_dags/example_xcomargs.py took 0.089 seconds
[2021-09-21 01:36:01,407] {processor.py:162} INFO - Started process (PID=2365) to work on /home/airflow/.local/lib/python3.6/site-packages/airflow/example_dags/example_xcomargs.py
[2021-09-21 01:36:01,410] {processor.py:613} INFO - Processing file /home/airflow/.local/lib/python3.6/site-packages/airflow/example_dags/example_xcomargs.py for tasks to queue
[2021-09-21 01:36:01,411] {logging_mixin.py:109} INFO - [2021-09-21 01:36:01,411] {dagbag.py:496} INFO - Filling up the DagBag from /home/airflow/.local/lib/python3.6/site-packages/airflow/example_dags/example_xcomargs.py
[2021-09-21 01:36:01,438] {processor.py:623} INFO - DAG(s) dict_keys(['example_xcom_args', 'example_xcom_args_with_operators']) retrieved from /home/airflow/.local/lib/python3.6/site-packages/airflow/example_dags/example_xcomargs.py
[2021-09-21 01:36:01,632] {logging_mixin.py:109} INFO - [2021-09-21 01:36:01,632] {dag.py:1834} INFO - Sync 2 DAGs
[2021-09-21 01:36:01,644] {logging_mixin.py:109} INFO - [2021-09-21 01:36:01,644] {dag.py:2287} INFO - Setting next_dagrun for example_xcom_args to None
[2021-09-21 01:36:01,645] {logging_mixin.py:109} INFO - [2021-09-21 01:36:01,645] {dag.py:2287} INFO - Setting next_dagrun for example_xcom_args_with_operators to None
[2021-09-21 01:36:01,656] {processor.py:170} INFO - Processing /home/airflow/.local/lib/python3.6/site-packages/airflow/example_dags/example_xcomargs.py took 0.252 seconds
[2021-09-21 01:36:31,743] {processor.py:162} INFO - Started process (PID=2432) to work on /home/airflow/.local/lib/python3.6/site-packages/airflow/example_dags/example_xcomargs.py
[2021-09-21 01:36:31,750] {processor.py:613} INFO - Processing file /home/airflow/.local/lib/python3.6/site-packages/airflow/example_dags/example_xcomargs.py for tasks to queue
[2021-09-21 01:36:31,766] {logging_mixin.py:109} INFO - [2021-09-21 01:36:31,765] {dagbag.py:496} INFO - Filling up the DagBag from /home/airflow/.local/lib/python3.6/site-packages/airflow/example_dags/example_xcomargs.py
[2021-09-21 01:36:31,860] {processor.py:623} INFO - DAG(s) dict_keys(['example_xcom_args', 'example_xcom_args_with_operators']) retrieved from /home/airflow/.local/lib/python3.6/site-packages/airflow/example_dags/example_xcomargs.py
[2021-09-21 01:36:32,894] {logging_mixin.py:109} INFO - [2021-09-21 01:36:32,894] {dag.py:1834} INFO - Sync 2 DAGs
[2021-09-21 01:36:32,933] {logging_mixin.py:109} INFO - [2021-09-21 01:36:32,933] {dag.py:2287} INFO - Setting next_dagrun for example_xcom_args to None
[2021-09-21 01:36:32,936] {logging_mixin.py:109} INFO - [2021-09-21 01:36:32,936] {dag.py:2287} INFO - Setting next_dagrun for example_xcom_args_with_operators to None
[2021-09-21 01:36:32,956] {processor.py:170} INFO - Processing /home/airflow/.local/lib/python3.6/site-packages/airflow/example_dags/example_xcomargs.py took 1.224 seconds
[2021-09-21 01:37:03,238] {processor.py:162} INFO - Started process (PID=2486) to work on /home/airflow/.local/lib/python3.6/site-packages/airflow/example_dags/example_xcomargs.py
[2021-09-21 01:37:03,240] {processor.py:613} INFO - Processing file /home/airflow/.local/lib/python3.6/site-packages/airflow/example_dags/example_xcomargs.py for tasks to queue
[2021-09-21 01:37:03,242] {logging_mixin.py:109} INFO - [2021-09-21 01:37:03,242] {dagbag.py:496} INFO - Filling up the DagBag from /home/airflow/.local/lib/python3.6/site-packages/airflow/example_dags/example_xcomargs.py
[2021-09-21 01:37:03,260] {processor.py:623} INFO - DAG(s) dict_keys(['example_xcom_args', 'example_xcom_args_with_operators']) retrieved from /home/airflow/.local/lib/python3.6/site-packages/airflow/example_dags/example_xcomargs.py
[2021-09-21 01:37:03,425] {logging_mixin.py:109} INFO - [2021-09-21 01:37:03,425] {dag.py:1834} INFO - Sync 2 DAGs
[2021-09-21 01:37:03,443] {logging_mixin.py:109} INFO - [2021-09-21 01:37:03,443] {dag.py:2287} INFO - Setting next_dagrun for example_xcom_args to None
[2021-09-21 01:37:03,444] {logging_mixin.py:109} INFO - [2021-09-21 01:37:03,444] {dag.py:2287} INFO - Setting next_dagrun for example_xcom_args_with_operators to None
[2021-09-21 01:37:03,463] {processor.py:170} INFO - Processing /home/airflow/.local/lib/python3.6/site-packages/airflow/example_dags/example_xcomargs.py took 0.229 seconds
[2021-09-21 01:37:34,231] {processor.py:162} INFO - Started process (PID=2538) to work on /home/airflow/.local/lib/python3.6/site-packages/airflow/example_dags/example_xcomargs.py
[2021-09-21 01:37:34,234] {processor.py:613} INFO - Processing file /home/airflow/.local/lib/python3.6/site-packages/airflow/example_dags/example_xcomargs.py for tasks to queue
[2021-09-21 01:37:34,235] {logging_mixin.py:109} INFO - [2021-09-21 01:37:34,235] {dagbag.py:496} INFO - Filling up the DagBag from /home/airflow/.local/lib/python3.6/site-packages/airflow/example_dags/example_xcomargs.py
[2021-09-21 01:37:34,260] {processor.py:623} INFO - DAG(s) dict_keys(['example_xcom_args', 'example_xcom_args_with_operators']) retrieved from /home/airflow/.local/lib/python3.6/site-packages/airflow/example_dags/example_xcomargs.py
[2021-09-21 01:37:34,440] {logging_mixin.py:109} INFO - [2021-09-21 01:37:34,440] {dag.py:1834} INFO - Sync 2 DAGs
[2021-09-21 01:37:34,452] {logging_mixin.py:109} INFO - [2021-09-21 01:37:34,452] {dag.py:2287} INFO - Setting next_dagrun for example_xcom_args to None
[2021-09-21 01:37:34,454] {logging_mixin.py:109} INFO - [2021-09-21 01:37:34,454] {dag.py:2287} INFO - Setting next_dagrun for example_xcom_args_with_operators to None
[2021-09-21 01:37:34,466] {processor.py:170} INFO - Processing /home/airflow/.local/lib/python3.6/site-packages/airflow/example_dags/example_xcomargs.py took 0.240 seconds
[2021-09-21 01:38:05,108] {processor.py:162} INFO - Started process (PID=2603) to work on /home/airflow/.local/lib/python3.6/site-packages/airflow/example_dags/example_xcomargs.py
[2021-09-21 01:38:05,110] {processor.py:613} INFO - Processing file /home/airflow/.local/lib/python3.6/site-packages/airflow/example_dags/example_xcomargs.py for tasks to queue
[2021-09-21 01:38:05,111] {logging_mixin.py:109} INFO - [2021-09-21 01:38:05,111] {dagbag.py:496} INFO - Filling up the DagBag from /home/airflow/.local/lib/python3.6/site-packages/airflow/example_dags/example_xcomargs.py
[2021-09-21 01:38:05,133] {processor.py:623} INFO - DAG(s) dict_keys(['example_xcom_args', 'example_xcom_args_with_operators']) retrieved from /home/airflow/.local/lib/python3.6/site-packages/airflow/example_dags/example_xcomargs.py
[2021-09-21 01:38:05,336] {logging_mixin.py:109} INFO - [2021-09-21 01:38:05,336] {dag.py:1834} INFO - Sync 2 DAGs
[2021-09-21 01:38:05,348] {logging_mixin.py:109} INFO - [2021-09-21 01:38:05,348] {dag.py:2287} INFO - Setting next_dagrun for example_xcom_args to None
[2021-09-21 01:38:05,350] {logging_mixin.py:109} INFO - [2021-09-21 01:38:05,350] {dag.py:2287} INFO - Setting next_dagrun for example_xcom_args_with_operators to None
[2021-09-21 01:38:05,362] {processor.py:170} INFO - Processing /home/airflow/.local/lib/python3.6/site-packages/airflow/example_dags/example_xcomargs.py took 0.259 seconds
[2021-09-21 01:38:35,471] {processor.py:162} INFO - Started process (PID=2658) to work on /home/airflow/.local/lib/python3.6/site-packages/airflow/example_dags/example_xcomargs.py
[2021-09-21 01:38:35,475] {processor.py:613} INFO - Processing file /home/airflow/.local/lib/python3.6/site-packages/airflow/example_dags/example_xcomargs.py for tasks to queue
[2021-09-21 01:38:35,476] {logging_mixin.py:109} INFO - [2021-09-21 01:38:35,476] {dagbag.py:496} INFO - Filling up the DagBag from /home/airflow/.local/lib/python3.6/site-packages/airflow/example_dags/example_xcomargs.py
[2021-09-21 01:38:35,502] {processor.py:623} INFO - DAG(s) dict_keys(['example_xcom_args', 'example_xcom_args_with_operators']) retrieved from /home/airflow/.local/lib/python3.6/site-packages/airflow/example_dags/example_xcomargs.py
[2021-09-21 01:38:35,714] {logging_mixin.py:109} INFO - [2021-09-21 01:38:35,714] {dag.py:1834} INFO - Sync 2 DAGs
[2021-09-21 01:38:35,728] {logging_mixin.py:109} INFO - [2021-09-21 01:38:35,728] {dag.py:2287} INFO - Setting next_dagrun for example_xcom_args to None
[2021-09-21 01:38:35,730] {logging_mixin.py:109} INFO - [2021-09-21 01:38:35,730] {dag.py:2287} INFO - Setting next_dagrun for example_xcom_args_with_operators to None
[2021-09-21 01:38:35,742] {processor.py:170} INFO - Processing /home/airflow/.local/lib/python3.6/site-packages/airflow/example_dags/example_xcomargs.py took 0.276 seconds
[2021-09-21 01:39:05,864] {processor.py:162} INFO - Started process (PID=2722) to work on /home/airflow/.local/lib/python3.6/site-packages/airflow/example_dags/example_xcomargs.py
[2021-09-21 01:39:05,867] {processor.py:613} INFO - Processing file /home/airflow/.local/lib/python3.6/site-packages/airflow/example_dags/example_xcomargs.py for tasks to queue
[2021-09-21 01:39:05,869] {logging_mixin.py:109} INFO - [2021-09-21 01:39:05,868] {dagbag.py:496} INFO - Filling up the DagBag from /home/airflow/.local/lib/python3.6/site-packages/airflow/example_dags/example_xcomargs.py
[2021-09-21 01:39:05,897] {processor.py:623} INFO - DAG(s) dict_keys(['example_xcom_args', 'example_xcom_args_with_operators']) retrieved from /home/airflow/.local/lib/python3.6/site-packages/airflow/example_dags/example_xcomargs.py
[2021-09-21 01:39:05,933] {logging_mixin.py:109} INFO - [2021-09-21 01:39:05,933] {dag.py:1834} INFO - Sync 2 DAGs
[2021-09-21 01:39:05,951] {logging_mixin.py:109} INFO - [2021-09-21 01:39:05,951] {dag.py:2287} INFO - Setting next_dagrun for example_xcom_args to None
[2021-09-21 01:39:05,953] {logging_mixin.py:109} INFO - [2021-09-21 01:39:05,953] {dag.py:2287} INFO - Setting next_dagrun for example_xcom_args_with_operators to None
[2021-09-21 01:39:05,966] {processor.py:170} INFO - Processing /home/airflow/.local/lib/python3.6/site-packages/airflow/example_dags/example_xcomargs.py took 0.107 seconds
[2021-09-21 01:39:36,023] {processor.py:162} INFO - Started process (PID=2772) to work on /home/airflow/.local/lib/python3.6/site-packages/airflow/example_dags/example_xcomargs.py
[2021-09-21 01:39:36,025] {processor.py:613} INFO - Processing file /home/airflow/.local/lib/python3.6/site-packages/airflow/example_dags/example_xcomargs.py for tasks to queue
[2021-09-21 01:39:36,027] {logging_mixin.py:109} INFO - [2021-09-21 01:39:36,026] {dagbag.py:496} INFO - Filling up the DagBag from /home/airflow/.local/lib/python3.6/site-packages/airflow/example_dags/example_xcomargs.py
[2021-09-21 01:39:36,052] {processor.py:623} INFO - DAG(s) dict_keys(['example_xcom_args', 'example_xcom_args_with_operators']) retrieved from /home/airflow/.local/lib/python3.6/site-packages/airflow/example_dags/example_xcomargs.py
[2021-09-21 01:39:36,220] {logging_mixin.py:109} INFO - [2021-09-21 01:39:36,220] {dag.py:1834} INFO - Sync 2 DAGs
[2021-09-21 01:39:36,231] {logging_mixin.py:109} INFO - [2021-09-21 01:39:36,231] {dag.py:2287} INFO - Setting next_dagrun for example_xcom_args to None
[2021-09-21 01:39:36,232] {logging_mixin.py:109} INFO - [2021-09-21 01:39:36,232] {dag.py:2287} INFO - Setting next_dagrun for example_xcom_args_with_operators to None
[2021-09-21 01:39:36,243] {processor.py:170} INFO - Processing /home/airflow/.local/lib/python3.6/site-packages/airflow/example_dags/example_xcomargs.py took 0.224 seconds
[2021-09-21 01:40:07,034] {processor.py:162} INFO - Started process (PID=2834) to work on /home/airflow/.local/lib/python3.6/site-packages/airflow/example_dags/example_xcomargs.py
[2021-09-21 01:40:07,036] {processor.py:613} INFO - Processing file /home/airflow/.local/lib/python3.6/site-packages/airflow/example_dags/example_xcomargs.py for tasks to queue
[2021-09-21 01:40:07,037] {logging_mixin.py:109} INFO - [2021-09-21 01:40:07,037] {dagbag.py:496} INFO - Filling up the DagBag from /home/airflow/.local/lib/python3.6/site-packages/airflow/example_dags/example_xcomargs.py
[2021-09-21 01:40:07,061] {processor.py:623} INFO - DAG(s) dict_keys(['example_xcom_args', 'example_xcom_args_with_operators']) retrieved from /home/airflow/.local/lib/python3.6/site-packages/airflow/example_dags/example_xcomargs.py
[2021-09-21 01:40:07,089] {logging_mixin.py:109} INFO - [2021-09-21 01:40:07,089] {dag.py:1834} INFO - Sync 2 DAGs
[2021-09-21 01:40:07,106] {logging_mixin.py:109} INFO - [2021-09-21 01:40:07,106] {dag.py:2287} INFO - Setting next_dagrun for example_xcom_args to None
[2021-09-21 01:40:07,108] {logging_mixin.py:109} INFO - [2021-09-21 01:40:07,107] {dag.py:2287} INFO - Setting next_dagrun for example_xcom_args_with_operators to None
[2021-09-21 01:40:07,119] {processor.py:170} INFO - Processing /home/airflow/.local/lib/python3.6/site-packages/airflow/example_dags/example_xcomargs.py took 0.089 seconds
[2021-09-21 01:40:37,748] {processor.py:162} INFO - Started process (PID=2896) to work on /home/airflow/.local/lib/python3.6/site-packages/airflow/example_dags/example_xcomargs.py
[2021-09-21 01:40:37,750] {processor.py:613} INFO - Processing file /home/airflow/.local/lib/python3.6/site-packages/airflow/example_dags/example_xcomargs.py for tasks to queue
[2021-09-21 01:40:37,752] {logging_mixin.py:109} INFO - [2021-09-21 01:40:37,752] {dagbag.py:496} INFO - Filling up the DagBag from /home/airflow/.local/lib/python3.6/site-packages/airflow/example_dags/example_xcomargs.py
[2021-09-21 01:40:37,771] {processor.py:623} INFO - DAG(s) dict_keys(['example_xcom_args', 'example_xcom_args_with_operators']) retrieved from /home/airflow/.local/lib/python3.6/site-packages/airflow/example_dags/example_xcomargs.py
[2021-09-21 01:40:37,940] {logging_mixin.py:109} INFO - [2021-09-21 01:40:37,940] {dag.py:1834} INFO - Sync 2 DAGs
[2021-09-21 01:40:37,951] {logging_mixin.py:109} INFO - [2021-09-21 01:40:37,951] {dag.py:2287} INFO - Setting next_dagrun for example_xcom_args to None
[2021-09-21 01:40:37,952] {logging_mixin.py:109} INFO - [2021-09-21 01:40:37,952] {dag.py:2287} INFO - Setting next_dagrun for example_xcom_args_with_operators to None
[2021-09-21 01:40:37,963] {processor.py:170} INFO - Processing /home/airflow/.local/lib/python3.6/site-packages/airflow/example_dags/example_xcomargs.py took 0.219 seconds
[2021-09-21 01:41:08,601] {processor.py:162} INFO - Started process (PID=2950) to work on /home/airflow/.local/lib/python3.6/site-packages/airflow/example_dags/example_xcomargs.py
[2021-09-21 01:41:08,603] {processor.py:613} INFO - Processing file /home/airflow/.local/lib/python3.6/site-packages/airflow/example_dags/example_xcomargs.py for tasks to queue
[2021-09-21 01:41:08,605] {logging_mixin.py:109} INFO - [2021-09-21 01:41:08,605] {dagbag.py:496} INFO - Filling up the DagBag from /home/airflow/.local/lib/python3.6/site-packages/airflow/example_dags/example_xcomargs.py
[2021-09-21 01:41:08,630] {processor.py:623} INFO - DAG(s) dict_keys(['example_xcom_args', 'example_xcom_args_with_operators']) retrieved from /home/airflow/.local/lib/python3.6/site-packages/airflow/example_dags/example_xcomargs.py
[2021-09-21 01:41:08,811] {logging_mixin.py:109} INFO - [2021-09-21 01:41:08,811] {dag.py:1834} INFO - Sync 2 DAGs
[2021-09-21 01:41:08,825] {logging_mixin.py:109} INFO - [2021-09-21 01:41:08,824] {dag.py:2287} INFO - Setting next_dagrun for example_xcom_args to None
[2021-09-21 01:41:08,826] {logging_mixin.py:109} INFO - [2021-09-21 01:41:08,826] {dag.py:2287} INFO - Setting next_dagrun for example_xcom_args_with_operators to None
[2021-09-21 01:41:08,845] {processor.py:170} INFO - Processing /home/airflow/.local/lib/python3.6/site-packages/airflow/example_dags/example_xcomargs.py took 0.249 seconds
[2021-09-21 01:41:39,522] {processor.py:162} INFO - Started process (PID=3015) to work on /home/airflow/.local/lib/python3.6/site-packages/airflow/example_dags/example_xcomargs.py
[2021-09-21 01:41:39,527] {processor.py:613} INFO - Processing file /home/airflow/.local/lib/python3.6/site-packages/airflow/example_dags/example_xcomargs.py for tasks to queue
[2021-09-21 01:41:39,528] {logging_mixin.py:109} INFO - [2021-09-21 01:41:39,528] {dagbag.py:496} INFO - Filling up the DagBag from /home/airflow/.local/lib/python3.6/site-packages/airflow/example_dags/example_xcomargs.py
[2021-09-21 01:41:39,557] {processor.py:623} INFO - DAG(s) dict_keys(['example_xcom_args', 'example_xcom_args_with_operators']) retrieved from /home/airflow/.local/lib/python3.6/site-packages/airflow/example_dags/example_xcomargs.py
[2021-09-21 01:41:39,855] {logging_mixin.py:109} INFO - [2021-09-21 01:41:39,854] {dag.py:1834} INFO - Sync 2 DAGs
[2021-09-21 01:41:39,878] {logging_mixin.py:109} INFO - [2021-09-21 01:41:39,878] {dag.py:2287} INFO - Setting next_dagrun for example_xcom_args to None
[2021-09-21 01:41:39,882] {logging_mixin.py:109} INFO - [2021-09-21 01:41:39,882] {dag.py:2287} INFO - Setting next_dagrun for example_xcom_args_with_operators to None
[2021-09-21 01:41:39,903] {processor.py:170} INFO - Processing /home/airflow/.local/lib/python3.6/site-packages/airflow/example_dags/example_xcomargs.py took 0.387 seconds
[2021-09-21 01:42:09,986] {processor.py:162} INFO - Started process (PID=3078) to work on /home/airflow/.local/lib/python3.6/site-packages/airflow/example_dags/example_xcomargs.py
[2021-09-21 01:42:09,988] {processor.py:613} INFO - Processing file /home/airflow/.local/lib/python3.6/site-packages/airflow/example_dags/example_xcomargs.py for tasks to queue
[2021-09-21 01:42:09,989] {logging_mixin.py:109} INFO - [2021-09-21 01:42:09,989] {dagbag.py:496} INFO - Filling up the DagBag from /home/airflow/.local/lib/python3.6/site-packages/airflow/example_dags/example_xcomargs.py
[2021-09-21 01:42:10,010] {processor.py:623} INFO - DAG(s) dict_keys(['example_xcom_args', 'example_xcom_args_with_operators']) retrieved from /home/airflow/.local/lib/python3.6/site-packages/airflow/example_dags/example_xcomargs.py
[2021-09-21 01:42:10,192] {logging_mixin.py:109} INFO - [2021-09-21 01:42:10,192] {dag.py:1834} INFO - Sync 2 DAGs
[2021-09-21 01:42:10,203] {logging_mixin.py:109} INFO - [2021-09-21 01:42:10,203] {dag.py:2287} INFO - Setting next_dagrun for example_xcom_args to None
[2021-09-21 01:42:10,204] {logging_mixin.py:109} INFO - [2021-09-21 01:42:10,204] {dag.py:2287} INFO - Setting next_dagrun for example_xcom_args_with_operators to None
[2021-09-21 01:42:10,215] {processor.py:170} INFO - Processing /home/airflow/.local/lib/python3.6/site-packages/airflow/example_dags/example_xcomargs.py took 0.235 seconds
[2021-09-21 01:42:40,254] {processor.py:162} INFO - Started process (PID=3135) to work on /home/airflow/.local/lib/python3.6/site-packages/airflow/example_dags/example_xcomargs.py
[2021-09-21 01:42:40,256] {processor.py:613} INFO - Processing file /home/airflow/.local/lib/python3.6/site-packages/airflow/example_dags/example_xcomargs.py for tasks to queue
[2021-09-21 01:42:40,257] {logging_mixin.py:109} INFO - [2021-09-21 01:42:40,257] {dagbag.py:496} INFO - Filling up the DagBag from /home/airflow/.local/lib/python3.6/site-packages/airflow/example_dags/example_xcomargs.py
[2021-09-21 01:42:40,282] {processor.py:623} INFO - DAG(s) dict_keys(['example_xcom_args', 'example_xcom_args_with_operators']) retrieved from /home/airflow/.local/lib/python3.6/site-packages/airflow/example_dags/example_xcomargs.py
[2021-09-21 01:42:40,452] {logging_mixin.py:109} INFO - [2021-09-21 01:42:40,452] {dag.py:1834} INFO - Sync 2 DAGs
[2021-09-21 01:42:40,464] {logging_mixin.py:109} INFO - [2021-09-21 01:42:40,464] {dag.py:2287} INFO - Setting next_dagrun for example_xcom_args to None
[2021-09-21 01:42:40,465] {logging_mixin.py:109} INFO - [2021-09-21 01:42:40,465] {dag.py:2287} INFO - Setting next_dagrun for example_xcom_args_with_operators to None
[2021-09-21 01:42:40,476] {processor.py:170} INFO - Processing /home/airflow/.local/lib/python3.6/site-packages/airflow/example_dags/example_xcomargs.py took 0.226 seconds
[2021-09-21 01:43:11,088] {processor.py:162} INFO - Started process (PID=3197) to work on /home/airflow/.local/lib/python3.6/site-packages/airflow/example_dags/example_xcomargs.py
[2021-09-21 01:43:11,090] {processor.py:613} INFO - Processing file /home/airflow/.local/lib/python3.6/site-packages/airflow/example_dags/example_xcomargs.py for tasks to queue
[2021-09-21 01:43:11,092] {logging_mixin.py:109} INFO - [2021-09-21 01:43:11,091] {dagbag.py:496} INFO - Filling up the DagBag from /home/airflow/.local/lib/python3.6/site-packages/airflow/example_dags/example_xcomargs.py
[2021-09-21 01:43:11,111] {processor.py:623} INFO - DAG(s) dict_keys(['example_xcom_args', 'example_xcom_args_with_operators']) retrieved from /home/airflow/.local/lib/python3.6/site-packages/airflow/example_dags/example_xcomargs.py
[2021-09-21 01:43:11,290] {logging_mixin.py:109} INFO - [2021-09-21 01:43:11,290] {dag.py:1834} INFO - Sync 2 DAGs
[2021-09-21 01:43:11,304] {logging_mixin.py:109} INFO - [2021-09-21 01:43:11,303] {dag.py:2287} INFO - Setting next_dagrun for example_xcom_args to None
[2021-09-21 01:43:11,305] {logging_mixin.py:109} INFO - [2021-09-21 01:43:11,305] {dag.py:2287} INFO - Setting next_dagrun for example_xcom_args_with_operators to None
[2021-09-21 01:43:11,317] {processor.py:170} INFO - Processing /home/airflow/.local/lib/python3.6/site-packages/airflow/example_dags/example_xcomargs.py took 0.234 seconds
[2021-09-21 01:43:41,354] {processor.py:162} INFO - Started process (PID=3249) to work on /home/airflow/.local/lib/python3.6/site-packages/airflow/example_dags/example_xcomargs.py
[2021-09-21 01:43:41,364] {processor.py:613} INFO - Processing file /home/airflow/.local/lib/python3.6/site-packages/airflow/example_dags/example_xcomargs.py for tasks to queue
[2021-09-21 01:43:41,377] {logging_mixin.py:109} INFO - [2021-09-21 01:43:41,377] {dagbag.py:496} INFO - Filling up the DagBag from /home/airflow/.local/lib/python3.6/site-packages/airflow/example_dags/example_xcomargs.py
[2021-09-21 01:43:41,409] {processor.py:623} INFO - DAG(s) dict_keys(['example_xcom_args', 'example_xcom_args_with_operators']) retrieved from /home/airflow/.local/lib/python3.6/site-packages/airflow/example_dags/example_xcomargs.py
[2021-09-21 01:43:41,458] {logging_mixin.py:109} INFO - [2021-09-21 01:43:41,458] {dag.py:1834} INFO - Sync 2 DAGs
[2021-09-21 01:43:41,476] {logging_mixin.py:109} INFO - [2021-09-21 01:43:41,476] {dag.py:2287} INFO - Setting next_dagrun for example_xcom_args to None
[2021-09-21 01:43:41,479] {logging_mixin.py:109} INFO - [2021-09-21 01:43:41,478] {dag.py:2287} INFO - Setting next_dagrun for example_xcom_args_with_operators to None
[2021-09-21 01:43:41,490] {processor.py:170} INFO - Processing /home/airflow/.local/lib/python3.6/site-packages/airflow/example_dags/example_xcomargs.py took 0.139 seconds
[2021-09-21 01:44:11,946] {processor.py:162} INFO - Started process (PID=3309) to work on /home/airflow/.local/lib/python3.6/site-packages/airflow/example_dags/example_xcomargs.py
[2021-09-21 01:44:11,949] {processor.py:613} INFO - Processing file /home/airflow/.local/lib/python3.6/site-packages/airflow/example_dags/example_xcomargs.py for tasks to queue
[2021-09-21 01:44:11,950] {logging_mixin.py:109} INFO - [2021-09-21 01:44:11,950] {dagbag.py:496} INFO - Filling up the DagBag from /home/airflow/.local/lib/python3.6/site-packages/airflow/example_dags/example_xcomargs.py
[2021-09-21 01:44:11,968] {processor.py:623} INFO - DAG(s) dict_keys(['example_xcom_args', 'example_xcom_args_with_operators']) retrieved from /home/airflow/.local/lib/python3.6/site-packages/airflow/example_dags/example_xcomargs.py
[2021-09-21 01:44:12,134] {logging_mixin.py:109} INFO - [2021-09-21 01:44:12,134] {dag.py:1834} INFO - Sync 2 DAGs
[2021-09-21 01:44:12,145] {logging_mixin.py:109} INFO - [2021-09-21 01:44:12,145] {dag.py:2287} INFO - Setting next_dagrun for example_xcom_args to None
[2021-09-21 01:44:12,146] {logging_mixin.py:109} INFO - [2021-09-21 01:44:12,146] {dag.py:2287} INFO - Setting next_dagrun for example_xcom_args_with_operators to None
[2021-09-21 01:44:12,157] {processor.py:170} INFO - Processing /home/airflow/.local/lib/python3.6/site-packages/airflow/example_dags/example_xcomargs.py took 0.213 seconds
[2021-09-21 01:44:42,843] {processor.py:162} INFO - Started process (PID=3364) to work on /home/airflow/.local/lib/python3.6/site-packages/airflow/example_dags/example_xcomargs.py
[2021-09-21 01:44:42,845] {processor.py:613} INFO - Processing file /home/airflow/.local/lib/python3.6/site-packages/airflow/example_dags/example_xcomargs.py for tasks to queue
[2021-09-21 01:44:42,847] {logging_mixin.py:109} INFO - [2021-09-21 01:44:42,847] {dagbag.py:496} INFO - Filling up the DagBag from /home/airflow/.local/lib/python3.6/site-packages/airflow/example_dags/example_xcomargs.py
[2021-09-21 01:44:42,870] {processor.py:623} INFO - DAG(s) dict_keys(['example_xcom_args', 'example_xcom_args_with_operators']) retrieved from /home/airflow/.local/lib/python3.6/site-packages/airflow/example_dags/example_xcomargs.py
[2021-09-21 01:44:43,038] {logging_mixin.py:109} INFO - [2021-09-21 01:44:43,037] {dag.py:1834} INFO - Sync 2 DAGs
[2021-09-21 01:44:43,055] {logging_mixin.py:109} INFO - [2021-09-21 01:44:43,055] {dag.py:2287} INFO - Setting next_dagrun for example_xcom_args to None
[2021-09-21 01:44:43,056] {logging_mixin.py:109} INFO - [2021-09-21 01:44:43,056] {dag.py:2287} INFO - Setting next_dagrun for example_xcom_args_with_operators to None
[2021-09-21 01:44:43,069] {processor.py:170} INFO - Processing /home/airflow/.local/lib/python3.6/site-packages/airflow/example_dags/example_xcomargs.py took 0.230 seconds
[2021-09-21 01:45:13,976] {processor.py:162} INFO - Started process (PID=3428) to work on /home/airflow/.local/lib/python3.6/site-packages/airflow/example_dags/example_xcomargs.py
[2021-09-21 01:45:13,979] {processor.py:613} INFO - Processing file /home/airflow/.local/lib/python3.6/site-packages/airflow/example_dags/example_xcomargs.py for tasks to queue
[2021-09-21 01:45:13,981] {logging_mixin.py:109} INFO - [2021-09-21 01:45:13,981] {dagbag.py:496} INFO - Filling up the DagBag from /home/airflow/.local/lib/python3.6/site-packages/airflow/example_dags/example_xcomargs.py
[2021-09-21 01:45:14,006] {processor.py:623} INFO - DAG(s) dict_keys(['example_xcom_args', 'example_xcom_args_with_operators']) retrieved from /home/airflow/.local/lib/python3.6/site-packages/airflow/example_dags/example_xcomargs.py
[2021-09-21 01:45:14,041] {logging_mixin.py:109} INFO - [2021-09-21 01:45:14,041] {dag.py:1834} INFO - Sync 2 DAGs
[2021-09-21 01:45:14,059] {logging_mixin.py:109} INFO - [2021-09-21 01:45:14,058] {dag.py:2287} INFO - Setting next_dagrun for example_xcom_args to None
[2021-09-21 01:45:14,061] {logging_mixin.py:109} INFO - [2021-09-21 01:45:14,060] {dag.py:2287} INFO - Setting next_dagrun for example_xcom_args_with_operators to None
[2021-09-21 01:45:14,073] {processor.py:170} INFO - Processing /home/airflow/.local/lib/python3.6/site-packages/airflow/example_dags/example_xcomargs.py took 0.101 seconds
[2021-09-21 01:45:44,662] {processor.py:162} INFO - Started process (PID=3491) to work on /home/airflow/.local/lib/python3.6/site-packages/airflow/example_dags/example_xcomargs.py
[2021-09-21 01:45:44,664] {processor.py:613} INFO - Processing file /home/airflow/.local/lib/python3.6/site-packages/airflow/example_dags/example_xcomargs.py for tasks to queue
[2021-09-21 01:45:44,666] {logging_mixin.py:109} INFO - [2021-09-21 01:45:44,665] {dagbag.py:496} INFO - Filling up the DagBag from /home/airflow/.local/lib/python3.6/site-packages/airflow/example_dags/example_xcomargs.py
[2021-09-21 01:45:44,689] {processor.py:623} INFO - DAG(s) dict_keys(['example_xcom_args', 'example_xcom_args_with_operators']) retrieved from /home/airflow/.local/lib/python3.6/site-packages/airflow/example_dags/example_xcomargs.py
[2021-09-21 01:45:44,920] {logging_mixin.py:109} INFO - [2021-09-21 01:45:44,919] {dag.py:1834} INFO - Sync 2 DAGs
[2021-09-21 01:45:44,932] {logging_mixin.py:109} INFO - [2021-09-21 01:45:44,932] {dag.py:2287} INFO - Setting next_dagrun for example_xcom_args to None
[2021-09-21 01:45:44,933] {logging_mixin.py:109} INFO - [2021-09-21 01:45:44,933] {dag.py:2287} INFO - Setting next_dagrun for example_xcom_args_with_operators to None
[2021-09-21 01:45:44,946] {processor.py:170} INFO - Processing /home/airflow/.local/lib/python3.6/site-packages/airflow/example_dags/example_xcomargs.py took 0.288 seconds
[2021-09-21 01:46:15,676] {processor.py:162} INFO - Started process (PID=3543) to work on /home/airflow/.local/lib/python3.6/site-packages/airflow/example_dags/example_xcomargs.py
[2021-09-21 01:46:15,680] {processor.py:613} INFO - Processing file /home/airflow/.local/lib/python3.6/site-packages/airflow/example_dags/example_xcomargs.py for tasks to queue
[2021-09-21 01:46:15,682] {logging_mixin.py:109} INFO - [2021-09-21 01:46:15,681] {dagbag.py:496} INFO - Filling up the DagBag from /home/airflow/.local/lib/python3.6/site-packages/airflow/example_dags/example_xcomargs.py
[2021-09-21 01:46:15,731] {processor.py:623} INFO - DAG(s) dict_keys(['example_xcom_args', 'example_xcom_args_with_operators']) retrieved from /home/airflow/.local/lib/python3.6/site-packages/airflow/example_dags/example_xcomargs.py
[2021-09-21 01:46:15,956] {logging_mixin.py:109} INFO - [2021-09-21 01:46:15,956] {dag.py:1834} INFO - Sync 2 DAGs
[2021-09-21 01:46:15,971] {logging_mixin.py:109} INFO - [2021-09-21 01:46:15,971] {dag.py:2287} INFO - Setting next_dagrun for example_xcom_args to None
[2021-09-21 01:46:15,973] {logging_mixin.py:109} INFO - [2021-09-21 01:46:15,973] {dag.py:2287} INFO - Setting next_dagrun for example_xcom_args_with_operators to None
[2021-09-21 01:46:15,988] {processor.py:170} INFO - Processing /home/airflow/.local/lib/python3.6/site-packages/airflow/example_dags/example_xcomargs.py took 0.320 seconds
[2021-09-21 01:46:46,135] {processor.py:162} INFO - Started process (PID=3608) to work on /home/airflow/.local/lib/python3.6/site-packages/airflow/example_dags/example_xcomargs.py
[2021-09-21 01:46:46,145] {processor.py:613} INFO - Processing file /home/airflow/.local/lib/python3.6/site-packages/airflow/example_dags/example_xcomargs.py for tasks to queue
[2021-09-21 01:46:46,155] {logging_mixin.py:109} INFO - [2021-09-21 01:46:46,155] {dagbag.py:496} INFO - Filling up the DagBag from /home/airflow/.local/lib/python3.6/site-packages/airflow/example_dags/example_xcomargs.py
[2021-09-21 01:46:46,240] {processor.py:623} INFO - DAG(s) dict_keys(['example_xcom_args', 'example_xcom_args_with_operators']) retrieved from /home/airflow/.local/lib/python3.6/site-packages/airflow/example_dags/example_xcomargs.py
[2021-09-21 01:46:46,773] {logging_mixin.py:109} INFO - [2021-09-21 01:46:46,772] {dag.py:1834} INFO - Sync 2 DAGs
[2021-09-21 01:46:46,822] {logging_mixin.py:109} INFO - [2021-09-21 01:46:46,822] {dag.py:2287} INFO - Setting next_dagrun for example_xcom_args to None
[2021-09-21 01:46:46,825] {logging_mixin.py:109} INFO - [2021-09-21 01:46:46,825] {dag.py:2287} INFO - Setting next_dagrun for example_xcom_args_with_operators to None
[2021-09-21 01:46:46,862] {processor.py:170} INFO - Processing /home/airflow/.local/lib/python3.6/site-packages/airflow/example_dags/example_xcomargs.py took 0.737 seconds
[2021-09-21 01:47:17,117] {processor.py:162} INFO - Started process (PID=3664) to work on /home/airflow/.local/lib/python3.6/site-packages/airflow/example_dags/example_xcomargs.py
[2021-09-21 01:47:17,119] {processor.py:613} INFO - Processing file /home/airflow/.local/lib/python3.6/site-packages/airflow/example_dags/example_xcomargs.py for tasks to queue
[2021-09-21 01:47:17,121] {logging_mixin.py:109} INFO - [2021-09-21 01:47:17,121] {dagbag.py:496} INFO - Filling up the DagBag from /home/airflow/.local/lib/python3.6/site-packages/airflow/example_dags/example_xcomargs.py
[2021-09-21 01:47:17,143] {processor.py:623} INFO - DAG(s) dict_keys(['example_xcom_args', 'example_xcom_args_with_operators']) retrieved from /home/airflow/.local/lib/python3.6/site-packages/airflow/example_dags/example_xcomargs.py
[2021-09-21 01:47:17,171] {logging_mixin.py:109} INFO - [2021-09-21 01:47:17,171] {dag.py:1834} INFO - Sync 2 DAGs
[2021-09-21 01:47:17,187] {logging_mixin.py:109} INFO - [2021-09-21 01:47:17,187] {dag.py:2287} INFO - Setting next_dagrun for example_xcom_args to None
[2021-09-21 01:47:17,189] {logging_mixin.py:109} INFO - [2021-09-21 01:47:17,189] {dag.py:2287} INFO - Setting next_dagrun for example_xcom_args_with_operators to None
[2021-09-21 01:47:17,201] {processor.py:170} INFO - Processing /home/airflow/.local/lib/python3.6/site-packages/airflow/example_dags/example_xcomargs.py took 0.088 seconds
[2021-09-21 01:47:47,387] {processor.py:162} INFO - Started process (PID=3728) to work on /home/airflow/.local/lib/python3.6/site-packages/airflow/example_dags/example_xcomargs.py
[2021-09-21 01:47:47,390] {processor.py:613} INFO - Processing file /home/airflow/.local/lib/python3.6/site-packages/airflow/example_dags/example_xcomargs.py for tasks to queue
[2021-09-21 01:47:47,392] {logging_mixin.py:109} INFO - [2021-09-21 01:47:47,392] {dagbag.py:496} INFO - Filling up the DagBag from /home/airflow/.local/lib/python3.6/site-packages/airflow/example_dags/example_xcomargs.py
[2021-09-21 01:47:47,417] {processor.py:623} INFO - DAG(s) dict_keys(['example_xcom_args', 'example_xcom_args_with_operators']) retrieved from /home/airflow/.local/lib/python3.6/site-packages/airflow/example_dags/example_xcomargs.py
[2021-09-21 01:47:47,607] {logging_mixin.py:109} INFO - [2021-09-21 01:47:47,607] {dag.py:1834} INFO - Sync 2 DAGs
[2021-09-21 01:47:47,619] {logging_mixin.py:109} INFO - [2021-09-21 01:47:47,619] {dag.py:2287} INFO - Setting next_dagrun for example_xcom_args to None
[2021-09-21 01:47:47,621] {logging_mixin.py:109} INFO - [2021-09-21 01:47:47,621] {dag.py:2287} INFO - Setting next_dagrun for example_xcom_args_with_operators to None
[2021-09-21 01:47:47,634] {processor.py:170} INFO - Processing /home/airflow/.local/lib/python3.6/site-packages/airflow/example_dags/example_xcomargs.py took 0.252 seconds
[2021-09-21 01:48:17,811] {processor.py:162} INFO - Started process (PID=3780) to work on /home/airflow/.local/lib/python3.6/site-packages/airflow/example_dags/example_xcomargs.py
[2021-09-21 01:48:17,814] {processor.py:613} INFO - Processing file /home/airflow/.local/lib/python3.6/site-packages/airflow/example_dags/example_xcomargs.py for tasks to queue
[2021-09-21 01:48:17,815] {logging_mixin.py:109} INFO - [2021-09-21 01:48:17,815] {dagbag.py:496} INFO - Filling up the DagBag from /home/airflow/.local/lib/python3.6/site-packages/airflow/example_dags/example_xcomargs.py
[2021-09-21 01:48:17,842] {processor.py:623} INFO - DAG(s) dict_keys(['example_xcom_args', 'example_xcom_args_with_operators']) retrieved from /home/airflow/.local/lib/python3.6/site-packages/airflow/example_dags/example_xcomargs.py
[2021-09-21 01:48:18,054] {logging_mixin.py:109} INFO - [2021-09-21 01:48:18,053] {dag.py:1834} INFO - Sync 2 DAGs
[2021-09-21 01:48:18,067] {logging_mixin.py:109} INFO - [2021-09-21 01:48:18,067] {dag.py:2287} INFO - Setting next_dagrun for example_xcom_args to None
[2021-09-21 01:48:18,069] {logging_mixin.py:109} INFO - [2021-09-21 01:48:18,069] {dag.py:2287} INFO - Setting next_dagrun for example_xcom_args_with_operators to None
[2021-09-21 01:48:18,080] {processor.py:170} INFO - Processing /home/airflow/.local/lib/python3.6/site-packages/airflow/example_dags/example_xcomargs.py took 0.274 seconds
[2021-09-21 01:48:48,179] {processor.py:162} INFO - Started process (PID=3847) to work on /home/airflow/.local/lib/python3.6/site-packages/airflow/example_dags/example_xcomargs.py
[2021-09-21 01:48:48,181] {processor.py:613} INFO - Processing file /home/airflow/.local/lib/python3.6/site-packages/airflow/example_dags/example_xcomargs.py for tasks to queue
[2021-09-21 01:48:48,183] {logging_mixin.py:109} INFO - [2021-09-21 01:48:48,182] {dagbag.py:496} INFO - Filling up the DagBag from /home/airflow/.local/lib/python3.6/site-packages/airflow/example_dags/example_xcomargs.py
[2021-09-21 01:48:48,203] {processor.py:623} INFO - DAG(s) dict_keys(['example_xcom_args', 'example_xcom_args_with_operators']) retrieved from /home/airflow/.local/lib/python3.6/site-packages/airflow/example_dags/example_xcomargs.py
[2021-09-21 01:48:48,380] {logging_mixin.py:109} INFO - [2021-09-21 01:48:48,380] {dag.py:1834} INFO - Sync 2 DAGs
[2021-09-21 01:48:48,391] {logging_mixin.py:109} INFO - [2021-09-21 01:48:48,391] {dag.py:2287} INFO - Setting next_dagrun for example_xcom_args to None
[2021-09-21 01:48:48,393] {logging_mixin.py:109} INFO - [2021-09-21 01:48:48,393] {dag.py:2287} INFO - Setting next_dagrun for example_xcom_args_with_operators to None
[2021-09-21 01:48:48,403] {processor.py:170} INFO - Processing /home/airflow/.local/lib/python3.6/site-packages/airflow/example_dags/example_xcomargs.py took 0.228 seconds
[2021-09-21 01:49:18,503] {processor.py:162} INFO - Started process (PID=3910) to work on /home/airflow/.local/lib/python3.6/site-packages/airflow/example_dags/example_xcomargs.py
[2021-09-21 01:49:18,508] {processor.py:613} INFO - Processing file /home/airflow/.local/lib/python3.6/site-packages/airflow/example_dags/example_xcomargs.py for tasks to queue
[2021-09-21 01:49:18,510] {logging_mixin.py:109} INFO - [2021-09-21 01:49:18,509] {dagbag.py:496} INFO - Filling up the DagBag from /home/airflow/.local/lib/python3.6/site-packages/airflow/example_dags/example_xcomargs.py
[2021-09-21 01:49:18,537] {processor.py:623} INFO - DAG(s) dict_keys(['example_xcom_args', 'example_xcom_args_with_operators']) retrieved from /home/airflow/.local/lib/python3.6/site-packages/airflow/example_dags/example_xcomargs.py
[2021-09-21 01:49:18,762] {logging_mixin.py:109} INFO - [2021-09-21 01:49:18,762] {dag.py:1834} INFO - Sync 2 DAGs
[2021-09-21 01:49:18,778] {logging_mixin.py:109} INFO - [2021-09-21 01:49:18,778] {dag.py:2287} INFO - Setting next_dagrun for example_xcom_args to None
[2021-09-21 01:49:18,781] {logging_mixin.py:109} INFO - [2021-09-21 01:49:18,781] {dag.py:2287} INFO - Setting next_dagrun for example_xcom_args_with_operators to None
[2021-09-21 01:49:18,797] {processor.py:170} INFO - Processing /home/airflow/.local/lib/python3.6/site-packages/airflow/example_dags/example_xcomargs.py took 0.299 seconds
[2021-09-21 01:49:48,969] {processor.py:162} INFO - Started process (PID=3962) to work on /home/airflow/.local/lib/python3.6/site-packages/airflow/example_dags/example_xcomargs.py
[2021-09-21 01:49:48,971] {processor.py:613} INFO - Processing file /home/airflow/.local/lib/python3.6/site-packages/airflow/example_dags/example_xcomargs.py for tasks to queue
[2021-09-21 01:49:48,972] {logging_mixin.py:109} INFO - [2021-09-21 01:49:48,972] {dagbag.py:496} INFO - Filling up the DagBag from /home/airflow/.local/lib/python3.6/site-packages/airflow/example_dags/example_xcomargs.py
[2021-09-21 01:49:48,994] {processor.py:623} INFO - DAG(s) dict_keys(['example_xcom_args', 'example_xcom_args_with_operators']) retrieved from /home/airflow/.local/lib/python3.6/site-packages/airflow/example_dags/example_xcomargs.py
[2021-09-21 01:49:49,205] {logging_mixin.py:109} INFO - [2021-09-21 01:49:49,205] {dag.py:1834} INFO - Sync 2 DAGs
[2021-09-21 01:49:49,222] {logging_mixin.py:109} INFO - [2021-09-21 01:49:49,221] {dag.py:2287} INFO - Setting next_dagrun for example_xcom_args to None
[2021-09-21 01:49:49,225] {logging_mixin.py:109} INFO - [2021-09-21 01:49:49,225] {dag.py:2287} INFO - Setting next_dagrun for example_xcom_args_with_operators to None
[2021-09-21 01:49:49,240] {processor.py:170} INFO - Processing /home/airflow/.local/lib/python3.6/site-packages/airflow/example_dags/example_xcomargs.py took 0.275 seconds
[2021-09-21 01:50:21,013] {processor.py:162} INFO - Started process (PID=4026) to work on /home/airflow/.local/lib/python3.6/site-packages/airflow/example_dags/example_xcomargs.py
[2021-09-21 01:50:21,026] {processor.py:613} INFO - Processing file /home/airflow/.local/lib/python3.6/site-packages/airflow/example_dags/example_xcomargs.py for tasks to queue
[2021-09-21 01:50:21,042] {logging_mixin.py:109} INFO - [2021-09-21 01:50:21,038] {dagbag.py:496} INFO - Filling up the DagBag from /home/airflow/.local/lib/python3.6/site-packages/airflow/example_dags/example_xcomargs.py
[2021-09-21 01:50:21,195] {processor.py:623} INFO - DAG(s) dict_keys(['example_xcom_args', 'example_xcom_args_with_operators']) retrieved from /home/airflow/.local/lib/python3.6/site-packages/airflow/example_dags/example_xcomargs.py
[2021-09-21 01:50:21,818] {logging_mixin.py:109} INFO - [2021-09-21 01:50:21,818] {dag.py:1834} INFO - Sync 2 DAGs
[2021-09-21 01:50:21,847] {logging_mixin.py:109} INFO - [2021-09-21 01:50:21,847] {dag.py:2287} INFO - Setting next_dagrun for example_xcom_args to None
[2021-09-21 01:50:21,850] {logging_mixin.py:109} INFO - [2021-09-21 01:50:21,850] {dag.py:2287} INFO - Setting next_dagrun for example_xcom_args_with_operators to None
[2021-09-21 01:50:21,882] {processor.py:170} INFO - Processing /home/airflow/.local/lib/python3.6/site-packages/airflow/example_dags/example_xcomargs.py took 0.899 seconds
[2021-09-21 01:50:51,955] {processor.py:162} INFO - Started process (PID=4087) to work on /home/airflow/.local/lib/python3.6/site-packages/airflow/example_dags/example_xcomargs.py
[2021-09-21 01:50:51,958] {processor.py:613} INFO - Processing file /home/airflow/.local/lib/python3.6/site-packages/airflow/example_dags/example_xcomargs.py for tasks to queue
[2021-09-21 01:50:51,960] {logging_mixin.py:109} INFO - [2021-09-21 01:50:51,960] {dagbag.py:496} INFO - Filling up the DagBag from /home/airflow/.local/lib/python3.6/site-packages/airflow/example_dags/example_xcomargs.py
[2021-09-21 01:50:51,984] {processor.py:623} INFO - DAG(s) dict_keys(['example_xcom_args', 'example_xcom_args_with_operators']) retrieved from /home/airflow/.local/lib/python3.6/site-packages/airflow/example_dags/example_xcomargs.py
[2021-09-21 01:50:52,209] {logging_mixin.py:109} INFO - [2021-09-21 01:50:52,209] {dag.py:1834} INFO - Sync 2 DAGs
[2021-09-21 01:50:52,225] {logging_mixin.py:109} INFO - [2021-09-21 01:50:52,225] {dag.py:2287} INFO - Setting next_dagrun for example_xcom_args to None
[2021-09-21 01:50:52,227] {logging_mixin.py:109} INFO - [2021-09-21 01:50:52,227] {dag.py:2287} INFO - Setting next_dagrun for example_xcom_args_with_operators to None
[2021-09-21 01:50:52,242] {processor.py:170} INFO - Processing /home/airflow/.local/lib/python3.6/site-packages/airflow/example_dags/example_xcomargs.py took 0.292 seconds
[2021-09-21 01:51:22,313] {processor.py:162} INFO - Started process (PID=4141) to work on /home/airflow/.local/lib/python3.6/site-packages/airflow/example_dags/example_xcomargs.py
[2021-09-21 01:51:22,317] {processor.py:613} INFO - Processing file /home/airflow/.local/lib/python3.6/site-packages/airflow/example_dags/example_xcomargs.py for tasks to queue
[2021-09-21 01:51:22,319] {logging_mixin.py:109} INFO - [2021-09-21 01:51:22,318] {dagbag.py:496} INFO - Filling up the DagBag from /home/airflow/.local/lib/python3.6/site-packages/airflow/example_dags/example_xcomargs.py
[2021-09-21 01:51:22,343] {processor.py:623} INFO - DAG(s) dict_keys(['example_xcom_args', 'example_xcom_args_with_operators']) retrieved from /home/airflow/.local/lib/python3.6/site-packages/airflow/example_dags/example_xcomargs.py
[2021-09-21 01:51:22,521] {logging_mixin.py:109} INFO - [2021-09-21 01:51:22,521] {dag.py:1834} INFO - Sync 2 DAGs
[2021-09-21 01:51:22,533] {logging_mixin.py:109} INFO - [2021-09-21 01:51:22,533] {dag.py:2287} INFO - Setting next_dagrun for example_xcom_args to None
[2021-09-21 01:51:22,535] {logging_mixin.py:109} INFO - [2021-09-21 01:51:22,535] {dag.py:2287} INFO - Setting next_dagrun for example_xcom_args_with_operators to None
[2021-09-21 01:51:22,548] {processor.py:170} INFO - Processing /home/airflow/.local/lib/python3.6/site-packages/airflow/example_dags/example_xcomargs.py took 0.239 seconds
[2021-09-21 01:51:52,620] {processor.py:162} INFO - Started process (PID=4205) to work on /home/airflow/.local/lib/python3.6/site-packages/airflow/example_dags/example_xcomargs.py
[2021-09-21 01:51:52,625] {processor.py:613} INFO - Processing file /home/airflow/.local/lib/python3.6/site-packages/airflow/example_dags/example_xcomargs.py for tasks to queue
[2021-09-21 01:51:52,628] {logging_mixin.py:109} INFO - [2021-09-21 01:51:52,627] {dagbag.py:496} INFO - Filling up the DagBag from /home/airflow/.local/lib/python3.6/site-packages/airflow/example_dags/example_xcomargs.py
[2021-09-21 01:51:52,684] {processor.py:623} INFO - DAG(s) dict_keys(['example_xcom_args', 'example_xcom_args_with_operators']) retrieved from /home/airflow/.local/lib/python3.6/site-packages/airflow/example_dags/example_xcomargs.py
[2021-09-21 01:51:53,488] {logging_mixin.py:109} INFO - [2021-09-21 01:51:53,488] {dag.py:1834} INFO - Sync 2 DAGs
[2021-09-21 01:51:53,523] {logging_mixin.py:109} INFO - [2021-09-21 01:51:53,523] {dag.py:2287} INFO - Setting next_dagrun for example_xcom_args to None
[2021-09-21 01:51:53,539] {logging_mixin.py:109} INFO - [2021-09-21 01:51:53,538] {dag.py:2287} INFO - Setting next_dagrun for example_xcom_args_with_operators to None
[2021-09-21 01:51:53,569] {processor.py:170} INFO - Processing /home/airflow/.local/lib/python3.6/site-packages/airflow/example_dags/example_xcomargs.py took 0.954 seconds
[2021-09-21 01:52:23,911] {processor.py:162} INFO - Started process (PID=4258) to work on /home/airflow/.local/lib/python3.6/site-packages/airflow/example_dags/example_xcomargs.py
[2021-09-21 01:52:23,914] {processor.py:613} INFO - Processing file /home/airflow/.local/lib/python3.6/site-packages/airflow/example_dags/example_xcomargs.py for tasks to queue
[2021-09-21 01:52:23,915] {logging_mixin.py:109} INFO - [2021-09-21 01:52:23,915] {dagbag.py:496} INFO - Filling up the DagBag from /home/airflow/.local/lib/python3.6/site-packages/airflow/example_dags/example_xcomargs.py
[2021-09-21 01:52:23,939] {processor.py:623} INFO - DAG(s) dict_keys(['example_xcom_args', 'example_xcom_args_with_operators']) retrieved from /home/airflow/.local/lib/python3.6/site-packages/airflow/example_dags/example_xcomargs.py
[2021-09-21 01:52:24,121] {logging_mixin.py:109} INFO - [2021-09-21 01:52:24,121] {dag.py:1834} INFO - Sync 2 DAGs
[2021-09-21 01:52:24,133] {logging_mixin.py:109} INFO - [2021-09-21 01:52:24,133] {dag.py:2287} INFO - Setting next_dagrun for example_xcom_args to None
[2021-09-21 01:52:24,135] {logging_mixin.py:109} INFO - [2021-09-21 01:52:24,135] {dag.py:2287} INFO - Setting next_dagrun for example_xcom_args_with_operators to None
[2021-09-21 01:52:24,147] {processor.py:170} INFO - Processing /home/airflow/.local/lib/python3.6/site-packages/airflow/example_dags/example_xcomargs.py took 0.241 seconds
