[2021-09-21 01:17:17,949] {processor.py:162} INFO - Started process (PID=137) to work on /home/airflow/.local/lib/python3.6/site-packages/airflow/example_dags/tutorial_taskflow_api_etl_virtualenv.py
[2021-09-21 01:17:17,955] {processor.py:613} INFO - Processing file /home/airflow/.local/lib/python3.6/site-packages/airflow/example_dags/tutorial_taskflow_api_etl_virtualenv.py for tasks to queue
[2021-09-21 01:17:17,964] {logging_mixin.py:109} INFO - [2021-09-21 01:17:17,964] {dagbag.py:496} INFO - Filling up the DagBag from /home/airflow/.local/lib/python3.6/site-packages/airflow/example_dags/tutorial_taskflow_api_etl_virtualenv.py
[2021-09-21 01:17:18,027] {processor.py:623} INFO - DAG(s) dict_keys(['tutorial_taskflow_api_etl_virtualenv']) retrieved from /home/airflow/.local/lib/python3.6/site-packages/airflow/example_dags/tutorial_taskflow_api_etl_virtualenv.py
[2021-09-21 01:17:21,041] {logging_mixin.py:109} INFO - [2021-09-21 01:17:21,032] {dag.py:1834} INFO - Sync 1 DAGs
[2021-09-21 01:17:21,076] {logging_mixin.py:109} INFO - [2021-09-21 01:17:21,072] {dag.py:1853} INFO - Creating ORM DAG for tutorial_taskflow_api_etl_virtualenv
[2021-09-21 01:17:21,090] {logging_mixin.py:109} INFO - [2021-09-21 01:17:21,090] {dag.py:2287} INFO - Setting next_dagrun for tutorial_taskflow_api_etl_virtualenv to None
[2021-09-21 01:17:21,123] {processor.py:170} INFO - Processing /home/airflow/.local/lib/python3.6/site-packages/airflow/example_dags/tutorial_taskflow_api_etl_virtualenv.py took 3.185 seconds
[2021-09-21 01:17:51,890] {processor.py:162} INFO - Started process (PID=311) to work on /home/airflow/.local/lib/python3.6/site-packages/airflow/example_dags/tutorial_taskflow_api_etl_virtualenv.py
[2021-09-21 01:17:51,893] {processor.py:613} INFO - Processing file /home/airflow/.local/lib/python3.6/site-packages/airflow/example_dags/tutorial_taskflow_api_etl_virtualenv.py for tasks to queue
[2021-09-21 01:17:51,895] {logging_mixin.py:109} INFO - [2021-09-21 01:17:51,895] {dagbag.py:496} INFO - Filling up the DagBag from /home/airflow/.local/lib/python3.6/site-packages/airflow/example_dags/tutorial_taskflow_api_etl_virtualenv.py
[2021-09-21 01:17:51,914] {processor.py:623} INFO - DAG(s) dict_keys(['tutorial_taskflow_api_etl_virtualenv']) retrieved from /home/airflow/.local/lib/python3.6/site-packages/airflow/example_dags/tutorial_taskflow_api_etl_virtualenv.py
[2021-09-21 01:17:52,084] {logging_mixin.py:109} INFO - [2021-09-21 01:17:52,084] {dag.py:1834} INFO - Sync 1 DAGs
[2021-09-21 01:17:52,096] {logging_mixin.py:109} INFO - [2021-09-21 01:17:52,095] {dag.py:2287} INFO - Setting next_dagrun for tutorial_taskflow_api_etl_virtualenv to None
[2021-09-21 01:17:52,106] {processor.py:170} INFO - Processing /home/airflow/.local/lib/python3.6/site-packages/airflow/example_dags/tutorial_taskflow_api_etl_virtualenv.py took 0.220 seconds
[2021-09-21 01:18:22,852] {processor.py:162} INFO - Started process (PID=374) to work on /home/airflow/.local/lib/python3.6/site-packages/airflow/example_dags/tutorial_taskflow_api_etl_virtualenv.py
[2021-09-21 01:18:22,854] {processor.py:613} INFO - Processing file /home/airflow/.local/lib/python3.6/site-packages/airflow/example_dags/tutorial_taskflow_api_etl_virtualenv.py for tasks to queue
[2021-09-21 01:18:22,855] {logging_mixin.py:109} INFO - [2021-09-21 01:18:22,855] {dagbag.py:496} INFO - Filling up the DagBag from /home/airflow/.local/lib/python3.6/site-packages/airflow/example_dags/tutorial_taskflow_api_etl_virtualenv.py
[2021-09-21 01:18:22,873] {processor.py:623} INFO - DAG(s) dict_keys(['tutorial_taskflow_api_etl_virtualenv']) retrieved from /home/airflow/.local/lib/python3.6/site-packages/airflow/example_dags/tutorial_taskflow_api_etl_virtualenv.py
[2021-09-21 01:18:23,040] {logging_mixin.py:109} INFO - [2021-09-21 01:18:23,040] {dag.py:1834} INFO - Sync 1 DAGs
[2021-09-21 01:18:23,050] {logging_mixin.py:109} INFO - [2021-09-21 01:18:23,050] {dag.py:2287} INFO - Setting next_dagrun for tutorial_taskflow_api_etl_virtualenv to None
[2021-09-21 01:18:23,061] {processor.py:170} INFO - Processing /home/airflow/.local/lib/python3.6/site-packages/airflow/example_dags/tutorial_taskflow_api_etl_virtualenv.py took 0.212 seconds
[2021-09-21 01:18:53,105] {processor.py:162} INFO - Started process (PID=440) to work on /home/airflow/.local/lib/python3.6/site-packages/airflow/example_dags/tutorial_taskflow_api_etl_virtualenv.py
[2021-09-21 01:18:53,107] {processor.py:613} INFO - Processing file /home/airflow/.local/lib/python3.6/site-packages/airflow/example_dags/tutorial_taskflow_api_etl_virtualenv.py for tasks to queue
[2021-09-21 01:18:53,109] {logging_mixin.py:109} INFO - [2021-09-21 01:18:53,109] {dagbag.py:496} INFO - Filling up the DagBag from /home/airflow/.local/lib/python3.6/site-packages/airflow/example_dags/tutorial_taskflow_api_etl_virtualenv.py
[2021-09-21 01:18:53,125] {processor.py:623} INFO - DAG(s) dict_keys(['tutorial_taskflow_api_etl_virtualenv']) retrieved from /home/airflow/.local/lib/python3.6/site-packages/airflow/example_dags/tutorial_taskflow_api_etl_virtualenv.py
[2021-09-21 01:18:53,148] {logging_mixin.py:109} INFO - [2021-09-21 01:18:53,148] {dag.py:1834} INFO - Sync 1 DAGs
[2021-09-21 01:18:53,163] {logging_mixin.py:109} INFO - [2021-09-21 01:18:53,163] {dag.py:2287} INFO - Setting next_dagrun for tutorial_taskflow_api_etl_virtualenv to None
[2021-09-21 01:18:53,173] {processor.py:170} INFO - Processing /home/airflow/.local/lib/python3.6/site-packages/airflow/example_dags/tutorial_taskflow_api_etl_virtualenv.py took 0.071 seconds
[2021-09-21 01:19:23,258] {processor.py:162} INFO - Started process (PID=492) to work on /home/airflow/.local/lib/python3.6/site-packages/airflow/example_dags/tutorial_taskflow_api_etl_virtualenv.py
[2021-09-21 01:19:23,260] {processor.py:613} INFO - Processing file /home/airflow/.local/lib/python3.6/site-packages/airflow/example_dags/tutorial_taskflow_api_etl_virtualenv.py for tasks to queue
[2021-09-21 01:19:23,261] {logging_mixin.py:109} INFO - [2021-09-21 01:19:23,261] {dagbag.py:496} INFO - Filling up the DagBag from /home/airflow/.local/lib/python3.6/site-packages/airflow/example_dags/tutorial_taskflow_api_etl_virtualenv.py
[2021-09-21 01:19:23,278] {processor.py:623} INFO - DAG(s) dict_keys(['tutorial_taskflow_api_etl_virtualenv']) retrieved from /home/airflow/.local/lib/python3.6/site-packages/airflow/example_dags/tutorial_taskflow_api_etl_virtualenv.py
[2021-09-21 01:19:23,435] {logging_mixin.py:109} INFO - [2021-09-21 01:19:23,434] {dag.py:1834} INFO - Sync 1 DAGs
[2021-09-21 01:19:23,445] {logging_mixin.py:109} INFO - [2021-09-21 01:19:23,445] {dag.py:2287} INFO - Setting next_dagrun for tutorial_taskflow_api_etl_virtualenv to None
[2021-09-21 01:19:23,456] {processor.py:170} INFO - Processing /home/airflow/.local/lib/python3.6/site-packages/airflow/example_dags/tutorial_taskflow_api_etl_virtualenv.py took 0.202 seconds
[2021-09-21 01:19:54,241] {processor.py:162} INFO - Started process (PID=555) to work on /home/airflow/.local/lib/python3.6/site-packages/airflow/example_dags/tutorial_taskflow_api_etl_virtualenv.py
[2021-09-21 01:19:54,244] {processor.py:613} INFO - Processing file /home/airflow/.local/lib/python3.6/site-packages/airflow/example_dags/tutorial_taskflow_api_etl_virtualenv.py for tasks to queue
[2021-09-21 01:19:54,247] {logging_mixin.py:109} INFO - [2021-09-21 01:19:54,247] {dagbag.py:496} INFO - Filling up the DagBag from /home/airflow/.local/lib/python3.6/site-packages/airflow/example_dags/tutorial_taskflow_api_etl_virtualenv.py
[2021-09-21 01:19:54,269] {processor.py:623} INFO - DAG(s) dict_keys(['tutorial_taskflow_api_etl_virtualenv']) retrieved from /home/airflow/.local/lib/python3.6/site-packages/airflow/example_dags/tutorial_taskflow_api_etl_virtualenv.py
[2021-09-21 01:19:54,450] {logging_mixin.py:109} INFO - [2021-09-21 01:19:54,450] {dag.py:1834} INFO - Sync 1 DAGs
[2021-09-21 01:19:54,462] {logging_mixin.py:109} INFO - [2021-09-21 01:19:54,462] {dag.py:2287} INFO - Setting next_dagrun for tutorial_taskflow_api_etl_virtualenv to None
[2021-09-21 01:19:54,475] {processor.py:170} INFO - Processing /home/airflow/.local/lib/python3.6/site-packages/airflow/example_dags/tutorial_taskflow_api_etl_virtualenv.py took 0.239 seconds
[2021-09-21 01:20:24,565] {processor.py:162} INFO - Started process (PID=619) to work on /home/airflow/.local/lib/python3.6/site-packages/airflow/example_dags/tutorial_taskflow_api_etl_virtualenv.py
[2021-09-21 01:20:24,567] {processor.py:613} INFO - Processing file /home/airflow/.local/lib/python3.6/site-packages/airflow/example_dags/tutorial_taskflow_api_etl_virtualenv.py for tasks to queue
[2021-09-21 01:20:24,569] {logging_mixin.py:109} INFO - [2021-09-21 01:20:24,569] {dagbag.py:496} INFO - Filling up the DagBag from /home/airflow/.local/lib/python3.6/site-packages/airflow/example_dags/tutorial_taskflow_api_etl_virtualenv.py
[2021-09-21 01:20:24,589] {processor.py:623} INFO - DAG(s) dict_keys(['tutorial_taskflow_api_etl_virtualenv']) retrieved from /home/airflow/.local/lib/python3.6/site-packages/airflow/example_dags/tutorial_taskflow_api_etl_virtualenv.py
[2021-09-21 01:20:24,771] {logging_mixin.py:109} INFO - [2021-09-21 01:20:24,771] {dag.py:1834} INFO - Sync 1 DAGs
[2021-09-21 01:20:24,782] {logging_mixin.py:109} INFO - [2021-09-21 01:20:24,782] {dag.py:2287} INFO - Setting next_dagrun for tutorial_taskflow_api_etl_virtualenv to None
[2021-09-21 01:20:24,793] {processor.py:170} INFO - Processing /home/airflow/.local/lib/python3.6/site-packages/airflow/example_dags/tutorial_taskflow_api_etl_virtualenv.py took 0.231 seconds
[2021-09-21 01:20:55,367] {processor.py:162} INFO - Started process (PID=674) to work on /home/airflow/.local/lib/python3.6/site-packages/airflow/example_dags/tutorial_taskflow_api_etl_virtualenv.py
[2021-09-21 01:20:55,377] {processor.py:613} INFO - Processing file /home/airflow/.local/lib/python3.6/site-packages/airflow/example_dags/tutorial_taskflow_api_etl_virtualenv.py for tasks to queue
[2021-09-21 01:20:55,385] {logging_mixin.py:109} INFO - [2021-09-21 01:20:55,385] {dagbag.py:496} INFO - Filling up the DagBag from /home/airflow/.local/lib/python3.6/site-packages/airflow/example_dags/tutorial_taskflow_api_etl_virtualenv.py
[2021-09-21 01:20:55,615] {processor.py:623} INFO - DAG(s) dict_keys(['tutorial_taskflow_api_etl_virtualenv']) retrieved from /home/airflow/.local/lib/python3.6/site-packages/airflow/example_dags/tutorial_taskflow_api_etl_virtualenv.py
[2021-09-21 01:20:56,096] {logging_mixin.py:109} INFO - [2021-09-21 01:20:56,096] {dag.py:1834} INFO - Sync 1 DAGs
[2021-09-21 01:20:56,119] {logging_mixin.py:109} INFO - [2021-09-21 01:20:56,119] {dag.py:2287} INFO - Setting next_dagrun for tutorial_taskflow_api_etl_virtualenv to None
[2021-09-21 01:20:56,149] {processor.py:170} INFO - Processing /home/airflow/.local/lib/python3.6/site-packages/airflow/example_dags/tutorial_taskflow_api_etl_virtualenv.py took 0.790 seconds
[2021-09-21 01:21:26,247] {processor.py:162} INFO - Started process (PID=740) to work on /home/airflow/.local/lib/python3.6/site-packages/airflow/example_dags/tutorial_taskflow_api_etl_virtualenv.py
[2021-09-21 01:21:26,249] {processor.py:613} INFO - Processing file /home/airflow/.local/lib/python3.6/site-packages/airflow/example_dags/tutorial_taskflow_api_etl_virtualenv.py for tasks to queue
[2021-09-21 01:21:26,251] {logging_mixin.py:109} INFO - [2021-09-21 01:21:26,251] {dagbag.py:496} INFO - Filling up the DagBag from /home/airflow/.local/lib/python3.6/site-packages/airflow/example_dags/tutorial_taskflow_api_etl_virtualenv.py
[2021-09-21 01:21:26,270] {processor.py:623} INFO - DAG(s) dict_keys(['tutorial_taskflow_api_etl_virtualenv']) retrieved from /home/airflow/.local/lib/python3.6/site-packages/airflow/example_dags/tutorial_taskflow_api_etl_virtualenv.py
[2021-09-21 01:21:26,450] {logging_mixin.py:109} INFO - [2021-09-21 01:21:26,450] {dag.py:1834} INFO - Sync 1 DAGs
[2021-09-21 01:21:26,462] {logging_mixin.py:109} INFO - [2021-09-21 01:21:26,462] {dag.py:2287} INFO - Setting next_dagrun for tutorial_taskflow_api_etl_virtualenv to None
[2021-09-21 01:21:26,474] {processor.py:170} INFO - Processing /home/airflow/.local/lib/python3.6/site-packages/airflow/example_dags/tutorial_taskflow_api_etl_virtualenv.py took 0.231 seconds
[2021-09-21 01:21:57,062] {processor.py:162} INFO - Started process (PID=790) to work on /home/airflow/.local/lib/python3.6/site-packages/airflow/example_dags/tutorial_taskflow_api_etl_virtualenv.py
[2021-09-21 01:21:57,065] {processor.py:613} INFO - Processing file /home/airflow/.local/lib/python3.6/site-packages/airflow/example_dags/tutorial_taskflow_api_etl_virtualenv.py for tasks to queue
[2021-09-21 01:21:57,066] {logging_mixin.py:109} INFO - [2021-09-21 01:21:57,066] {dagbag.py:496} INFO - Filling up the DagBag from /home/airflow/.local/lib/python3.6/site-packages/airflow/example_dags/tutorial_taskflow_api_etl_virtualenv.py
[2021-09-21 01:21:57,089] {processor.py:623} INFO - DAG(s) dict_keys(['tutorial_taskflow_api_etl_virtualenv']) retrieved from /home/airflow/.local/lib/python3.6/site-packages/airflow/example_dags/tutorial_taskflow_api_etl_virtualenv.py
[2021-09-21 01:21:57,291] {logging_mixin.py:109} INFO - [2021-09-21 01:21:57,291] {dag.py:1834} INFO - Sync 1 DAGs
[2021-09-21 01:21:57,302] {logging_mixin.py:109} INFO - [2021-09-21 01:21:57,302] {dag.py:2287} INFO - Setting next_dagrun for tutorial_taskflow_api_etl_virtualenv to None
[2021-09-21 01:21:57,312] {processor.py:170} INFO - Processing /home/airflow/.local/lib/python3.6/site-packages/airflow/example_dags/tutorial_taskflow_api_etl_virtualenv.py took 0.254 seconds
[2021-09-21 01:22:27,378] {processor.py:162} INFO - Started process (PID=857) to work on /home/airflow/.local/lib/python3.6/site-packages/airflow/example_dags/tutorial_taskflow_api_etl_virtualenv.py
[2021-09-21 01:22:27,380] {processor.py:613} INFO - Processing file /home/airflow/.local/lib/python3.6/site-packages/airflow/example_dags/tutorial_taskflow_api_etl_virtualenv.py for tasks to queue
[2021-09-21 01:22:27,382] {logging_mixin.py:109} INFO - [2021-09-21 01:22:27,382] {dagbag.py:496} INFO - Filling up the DagBag from /home/airflow/.local/lib/python3.6/site-packages/airflow/example_dags/tutorial_taskflow_api_etl_virtualenv.py
[2021-09-21 01:22:27,400] {processor.py:623} INFO - DAG(s) dict_keys(['tutorial_taskflow_api_etl_virtualenv']) retrieved from /home/airflow/.local/lib/python3.6/site-packages/airflow/example_dags/tutorial_taskflow_api_etl_virtualenv.py
[2021-09-21 01:22:27,586] {logging_mixin.py:109} INFO - [2021-09-21 01:22:27,586] {dag.py:1834} INFO - Sync 1 DAGs
[2021-09-21 01:22:27,605] {logging_mixin.py:109} INFO - [2021-09-21 01:22:27,605] {dag.py:2287} INFO - Setting next_dagrun for tutorial_taskflow_api_etl_virtualenv to None
[2021-09-21 01:22:27,617] {processor.py:170} INFO - Processing /home/airflow/.local/lib/python3.6/site-packages/airflow/example_dags/tutorial_taskflow_api_etl_virtualenv.py took 0.242 seconds
[2021-09-21 01:22:58,321] {processor.py:162} INFO - Started process (PID=909) to work on /home/airflow/.local/lib/python3.6/site-packages/airflow/example_dags/tutorial_taskflow_api_etl_virtualenv.py
[2021-09-21 01:22:58,333] {processor.py:613} INFO - Processing file /home/airflow/.local/lib/python3.6/site-packages/airflow/example_dags/tutorial_taskflow_api_etl_virtualenv.py for tasks to queue
[2021-09-21 01:22:58,337] {logging_mixin.py:109} INFO - [2021-09-21 01:22:58,336] {dagbag.py:496} INFO - Filling up the DagBag from /home/airflow/.local/lib/python3.6/site-packages/airflow/example_dags/tutorial_taskflow_api_etl_virtualenv.py
[2021-09-21 01:22:58,405] {processor.py:623} INFO - DAG(s) dict_keys(['tutorial_taskflow_api_etl_virtualenv']) retrieved from /home/airflow/.local/lib/python3.6/site-packages/airflow/example_dags/tutorial_taskflow_api_etl_virtualenv.py
[2021-09-21 01:22:58,948] {logging_mixin.py:109} INFO - [2021-09-21 01:22:58,948] {dag.py:1834} INFO - Sync 1 DAGs
[2021-09-21 01:22:58,992] {logging_mixin.py:109} INFO - [2021-09-21 01:22:58,991] {dag.py:2287} INFO - Setting next_dagrun for tutorial_taskflow_api_etl_virtualenv to None
[2021-09-21 01:22:59,021] {processor.py:170} INFO - Processing /home/airflow/.local/lib/python3.6/site-packages/airflow/example_dags/tutorial_taskflow_api_etl_virtualenv.py took 0.728 seconds
[2021-09-21 01:23:29,642] {processor.py:162} INFO - Started process (PID=962) to work on /home/airflow/.local/lib/python3.6/site-packages/airflow/example_dags/tutorial_taskflow_api_etl_virtualenv.py
[2021-09-21 01:23:29,651] {processor.py:613} INFO - Processing file /home/airflow/.local/lib/python3.6/site-packages/airflow/example_dags/tutorial_taskflow_api_etl_virtualenv.py for tasks to queue
[2021-09-21 01:23:29,656] {logging_mixin.py:109} INFO - [2021-09-21 01:23:29,656] {dagbag.py:496} INFO - Filling up the DagBag from /home/airflow/.local/lib/python3.6/site-packages/airflow/example_dags/tutorial_taskflow_api_etl_virtualenv.py
[2021-09-21 01:23:29,728] {processor.py:623} INFO - DAG(s) dict_keys(['tutorial_taskflow_api_etl_virtualenv']) retrieved from /home/airflow/.local/lib/python3.6/site-packages/airflow/example_dags/tutorial_taskflow_api_etl_virtualenv.py
[2021-09-21 01:23:31,240] {logging_mixin.py:109} INFO - [2021-09-21 01:23:31,240] {dag.py:1834} INFO - Sync 1 DAGs
[2021-09-21 01:23:31,286] {logging_mixin.py:109} INFO - [2021-09-21 01:23:31,285] {dag.py:2287} INFO - Setting next_dagrun for tutorial_taskflow_api_etl_virtualenv to None
[2021-09-21 01:23:31,322] {processor.py:170} INFO - Processing /home/airflow/.local/lib/python3.6/site-packages/airflow/example_dags/tutorial_taskflow_api_etl_virtualenv.py took 1.690 seconds
[2021-09-21 01:24:01,970] {processor.py:162} INFO - Started process (PID=1016) to work on /home/airflow/.local/lib/python3.6/site-packages/airflow/example_dags/tutorial_taskflow_api_etl_virtualenv.py
[2021-09-21 01:24:01,972] {processor.py:613} INFO - Processing file /home/airflow/.local/lib/python3.6/site-packages/airflow/example_dags/tutorial_taskflow_api_etl_virtualenv.py for tasks to queue
[2021-09-21 01:24:01,975] {logging_mixin.py:109} INFO - [2021-09-21 01:24:01,974] {dagbag.py:496} INFO - Filling up the DagBag from /home/airflow/.local/lib/python3.6/site-packages/airflow/example_dags/tutorial_taskflow_api_etl_virtualenv.py
[2021-09-21 01:24:01,994] {processor.py:623} INFO - DAG(s) dict_keys(['tutorial_taskflow_api_etl_virtualenv']) retrieved from /home/airflow/.local/lib/python3.6/site-packages/airflow/example_dags/tutorial_taskflow_api_etl_virtualenv.py
[2021-09-21 01:24:02,180] {logging_mixin.py:109} INFO - [2021-09-21 01:24:02,180] {dag.py:1834} INFO - Sync 1 DAGs
[2021-09-21 01:24:02,190] {logging_mixin.py:109} INFO - [2021-09-21 01:24:02,190] {dag.py:2287} INFO - Setting next_dagrun for tutorial_taskflow_api_etl_virtualenv to None
[2021-09-21 01:24:02,200] {processor.py:170} INFO - Processing /home/airflow/.local/lib/python3.6/site-packages/airflow/example_dags/tutorial_taskflow_api_etl_virtualenv.py took 0.234 seconds
[2021-09-21 01:24:32,285] {processor.py:162} INFO - Started process (PID=1079) to work on /home/airflow/.local/lib/python3.6/site-packages/airflow/example_dags/tutorial_taskflow_api_etl_virtualenv.py
[2021-09-21 01:24:32,287] {processor.py:613} INFO - Processing file /home/airflow/.local/lib/python3.6/site-packages/airflow/example_dags/tutorial_taskflow_api_etl_virtualenv.py for tasks to queue
[2021-09-21 01:24:32,289] {logging_mixin.py:109} INFO - [2021-09-21 01:24:32,289] {dagbag.py:496} INFO - Filling up the DagBag from /home/airflow/.local/lib/python3.6/site-packages/airflow/example_dags/tutorial_taskflow_api_etl_virtualenv.py
[2021-09-21 01:24:32,310] {processor.py:623} INFO - DAG(s) dict_keys(['tutorial_taskflow_api_etl_virtualenv']) retrieved from /home/airflow/.local/lib/python3.6/site-packages/airflow/example_dags/tutorial_taskflow_api_etl_virtualenv.py
[2021-09-21 01:24:32,580] {logging_mixin.py:109} INFO - [2021-09-21 01:24:32,580] {dag.py:1834} INFO - Sync 1 DAGs
[2021-09-21 01:24:32,596] {logging_mixin.py:109} INFO - [2021-09-21 01:24:32,596] {dag.py:2287} INFO - Setting next_dagrun for tutorial_taskflow_api_etl_virtualenv to None
[2021-09-21 01:24:32,611] {processor.py:170} INFO - Processing /home/airflow/.local/lib/python3.6/site-packages/airflow/example_dags/tutorial_taskflow_api_etl_virtualenv.py took 0.330 seconds
[2021-09-21 01:25:02,767] {processor.py:162} INFO - Started process (PID=1132) to work on /home/airflow/.local/lib/python3.6/site-packages/airflow/example_dags/tutorial_taskflow_api_etl_virtualenv.py
[2021-09-21 01:25:02,770] {processor.py:613} INFO - Processing file /home/airflow/.local/lib/python3.6/site-packages/airflow/example_dags/tutorial_taskflow_api_etl_virtualenv.py for tasks to queue
[2021-09-21 01:25:02,771] {logging_mixin.py:109} INFO - [2021-09-21 01:25:02,771] {dagbag.py:496} INFO - Filling up the DagBag from /home/airflow/.local/lib/python3.6/site-packages/airflow/example_dags/tutorial_taskflow_api_etl_virtualenv.py
[2021-09-21 01:25:02,790] {processor.py:623} INFO - DAG(s) dict_keys(['tutorial_taskflow_api_etl_virtualenv']) retrieved from /home/airflow/.local/lib/python3.6/site-packages/airflow/example_dags/tutorial_taskflow_api_etl_virtualenv.py
[2021-09-21 01:25:03,040] {logging_mixin.py:109} INFO - [2021-09-21 01:25:03,040] {dag.py:1834} INFO - Sync 1 DAGs
[2021-09-21 01:25:03,056] {logging_mixin.py:109} INFO - [2021-09-21 01:25:03,055] {dag.py:2287} INFO - Setting next_dagrun for tutorial_taskflow_api_etl_virtualenv to None
[2021-09-21 01:25:03,072] {processor.py:170} INFO - Processing /home/airflow/.local/lib/python3.6/site-packages/airflow/example_dags/tutorial_taskflow_api_etl_virtualenv.py took 0.308 seconds
[2021-09-21 01:25:33,117] {processor.py:162} INFO - Started process (PID=1185) to work on /home/airflow/.local/lib/python3.6/site-packages/airflow/example_dags/tutorial_taskflow_api_etl_virtualenv.py
[2021-09-21 01:25:33,119] {processor.py:613} INFO - Processing file /home/airflow/.local/lib/python3.6/site-packages/airflow/example_dags/tutorial_taskflow_api_etl_virtualenv.py for tasks to queue
[2021-09-21 01:25:33,122] {logging_mixin.py:109} INFO - [2021-09-21 01:25:33,121] {dagbag.py:496} INFO - Filling up the DagBag from /home/airflow/.local/lib/python3.6/site-packages/airflow/example_dags/tutorial_taskflow_api_etl_virtualenv.py
[2021-09-21 01:25:33,145] {processor.py:623} INFO - DAG(s) dict_keys(['tutorial_taskflow_api_etl_virtualenv']) retrieved from /home/airflow/.local/lib/python3.6/site-packages/airflow/example_dags/tutorial_taskflow_api_etl_virtualenv.py
[2021-09-21 01:25:33,420] {logging_mixin.py:109} INFO - [2021-09-21 01:25:33,420] {dag.py:1834} INFO - Sync 1 DAGs
[2021-09-21 01:25:33,436] {logging_mixin.py:109} INFO - [2021-09-21 01:25:33,436] {dag.py:2287} INFO - Setting next_dagrun for tutorial_taskflow_api_etl_virtualenv to None
[2021-09-21 01:25:33,453] {processor.py:170} INFO - Processing /home/airflow/.local/lib/python3.6/site-packages/airflow/example_dags/tutorial_taskflow_api_etl_virtualenv.py took 0.341 seconds
[2021-09-21 01:26:03,548] {processor.py:162} INFO - Started process (PID=1238) to work on /home/airflow/.local/lib/python3.6/site-packages/airflow/example_dags/tutorial_taskflow_api_etl_virtualenv.py
[2021-09-21 01:26:03,550] {processor.py:613} INFO - Processing file /home/airflow/.local/lib/python3.6/site-packages/airflow/example_dags/tutorial_taskflow_api_etl_virtualenv.py for tasks to queue
[2021-09-21 01:26:03,552] {logging_mixin.py:109} INFO - [2021-09-21 01:26:03,551] {dagbag.py:496} INFO - Filling up the DagBag from /home/airflow/.local/lib/python3.6/site-packages/airflow/example_dags/tutorial_taskflow_api_etl_virtualenv.py
[2021-09-21 01:26:03,584] {processor.py:623} INFO - DAG(s) dict_keys(['tutorial_taskflow_api_etl_virtualenv']) retrieved from /home/airflow/.local/lib/python3.6/site-packages/airflow/example_dags/tutorial_taskflow_api_etl_virtualenv.py
[2021-09-21 01:26:04,504] {logging_mixin.py:109} INFO - [2021-09-21 01:26:04,503] {dag.py:1834} INFO - Sync 1 DAGs
[2021-09-21 01:26:04,538] {logging_mixin.py:109} INFO - [2021-09-21 01:26:04,538] {dag.py:2287} INFO - Setting next_dagrun for tutorial_taskflow_api_etl_virtualenv to None
[2021-09-21 01:26:04,576] {processor.py:170} INFO - Processing /home/airflow/.local/lib/python3.6/site-packages/airflow/example_dags/tutorial_taskflow_api_etl_virtualenv.py took 1.032 seconds
[2021-09-21 01:26:35,063] {processor.py:162} INFO - Started process (PID=1290) to work on /home/airflow/.local/lib/python3.6/site-packages/airflow/example_dags/tutorial_taskflow_api_etl_virtualenv.py
[2021-09-21 01:26:35,067] {processor.py:613} INFO - Processing file /home/airflow/.local/lib/python3.6/site-packages/airflow/example_dags/tutorial_taskflow_api_etl_virtualenv.py for tasks to queue
[2021-09-21 01:26:35,069] {logging_mixin.py:109} INFO - [2021-09-21 01:26:35,068] {dagbag.py:496} INFO - Filling up the DagBag from /home/airflow/.local/lib/python3.6/site-packages/airflow/example_dags/tutorial_taskflow_api_etl_virtualenv.py
[2021-09-21 01:26:35,109] {processor.py:623} INFO - DAG(s) dict_keys(['tutorial_taskflow_api_etl_virtualenv']) retrieved from /home/airflow/.local/lib/python3.6/site-packages/airflow/example_dags/tutorial_taskflow_api_etl_virtualenv.py
[2021-09-21 01:26:35,340] {logging_mixin.py:109} INFO - [2021-09-21 01:26:35,340] {dag.py:1834} INFO - Sync 1 DAGs
[2021-09-21 01:26:35,361] {logging_mixin.py:109} INFO - [2021-09-21 01:26:35,361] {dag.py:2287} INFO - Setting next_dagrun for tutorial_taskflow_api_etl_virtualenv to None
[2021-09-21 01:26:35,376] {processor.py:170} INFO - Processing /home/airflow/.local/lib/python3.6/site-packages/airflow/example_dags/tutorial_taskflow_api_etl_virtualenv.py took 0.317 seconds
[2021-09-21 01:27:05,841] {processor.py:162} INFO - Started process (PID=1355) to work on /home/airflow/.local/lib/python3.6/site-packages/airflow/example_dags/tutorial_taskflow_api_etl_virtualenv.py
[2021-09-21 01:27:05,844] {processor.py:613} INFO - Processing file /home/airflow/.local/lib/python3.6/site-packages/airflow/example_dags/tutorial_taskflow_api_etl_virtualenv.py for tasks to queue
[2021-09-21 01:27:05,845] {logging_mixin.py:109} INFO - [2021-09-21 01:27:05,845] {dagbag.py:496} INFO - Filling up the DagBag from /home/airflow/.local/lib/python3.6/site-packages/airflow/example_dags/tutorial_taskflow_api_etl_virtualenv.py
[2021-09-21 01:27:05,868] {processor.py:623} INFO - DAG(s) dict_keys(['tutorial_taskflow_api_etl_virtualenv']) retrieved from /home/airflow/.local/lib/python3.6/site-packages/airflow/example_dags/tutorial_taskflow_api_etl_virtualenv.py
[2021-09-21 01:27:06,111] {logging_mixin.py:109} INFO - [2021-09-21 01:27:06,110] {dag.py:1834} INFO - Sync 1 DAGs
[2021-09-21 01:27:06,126] {logging_mixin.py:109} INFO - [2021-09-21 01:27:06,126] {dag.py:2287} INFO - Setting next_dagrun for tutorial_taskflow_api_etl_virtualenv to None
[2021-09-21 01:27:06,141] {processor.py:170} INFO - Processing /home/airflow/.local/lib/python3.6/site-packages/airflow/example_dags/tutorial_taskflow_api_etl_virtualenv.py took 0.305 seconds
[2021-09-21 01:27:38,013] {processor.py:162} INFO - Started process (PID=1396) to work on /home/airflow/.local/lib/python3.6/site-packages/airflow/example_dags/tutorial_taskflow_api_etl_virtualenv.py
[2021-09-21 01:27:38,041] {processor.py:613} INFO - Processing file /home/airflow/.local/lib/python3.6/site-packages/airflow/example_dags/tutorial_taskflow_api_etl_virtualenv.py for tasks to queue
[2021-09-21 01:27:38,053] {logging_mixin.py:109} INFO - [2021-09-21 01:27:38,053] {dagbag.py:496} INFO - Filling up the DagBag from /home/airflow/.local/lib/python3.6/site-packages/airflow/example_dags/tutorial_taskflow_api_etl_virtualenv.py
[2021-09-21 01:27:38,374] {processor.py:623} INFO - DAG(s) dict_keys(['tutorial_taskflow_api_etl_virtualenv']) retrieved from /home/airflow/.local/lib/python3.6/site-packages/airflow/example_dags/tutorial_taskflow_api_etl_virtualenv.py
[2021-09-21 01:27:38,954] {logging_mixin.py:109} INFO - [2021-09-21 01:27:38,954] {dag.py:1834} INFO - Sync 1 DAGs
[2021-09-21 01:27:38,974] {logging_mixin.py:109} INFO - [2021-09-21 01:27:38,974] {dag.py:2287} INFO - Setting next_dagrun for tutorial_taskflow_api_etl_virtualenv to None
[2021-09-21 01:27:38,989] {processor.py:170} INFO - Processing /home/airflow/.local/lib/python3.6/site-packages/airflow/example_dags/tutorial_taskflow_api_etl_virtualenv.py took 1.115 seconds
[2021-09-21 01:28:09,686] {processor.py:162} INFO - Started process (PID=1459) to work on /home/airflow/.local/lib/python3.6/site-packages/airflow/example_dags/tutorial_taskflow_api_etl_virtualenv.py
[2021-09-21 01:28:09,695] {processor.py:613} INFO - Processing file /home/airflow/.local/lib/python3.6/site-packages/airflow/example_dags/tutorial_taskflow_api_etl_virtualenv.py for tasks to queue
[2021-09-21 01:28:09,696] {logging_mixin.py:109} INFO - [2021-09-21 01:28:09,696] {dagbag.py:496} INFO - Filling up the DagBag from /home/airflow/.local/lib/python3.6/site-packages/airflow/example_dags/tutorial_taskflow_api_etl_virtualenv.py
[2021-09-21 01:28:09,724] {processor.py:623} INFO - DAG(s) dict_keys(['tutorial_taskflow_api_etl_virtualenv']) retrieved from /home/airflow/.local/lib/python3.6/site-packages/airflow/example_dags/tutorial_taskflow_api_etl_virtualenv.py
[2021-09-21 01:28:09,928] {logging_mixin.py:109} INFO - [2021-09-21 01:28:09,928] {dag.py:1834} INFO - Sync 1 DAGs
[2021-09-21 01:28:09,941] {logging_mixin.py:109} INFO - [2021-09-21 01:28:09,941] {dag.py:2287} INFO - Setting next_dagrun for tutorial_taskflow_api_etl_virtualenv to None
[2021-09-21 01:28:09,953] {processor.py:170} INFO - Processing /home/airflow/.local/lib/python3.6/site-packages/airflow/example_dags/tutorial_taskflow_api_etl_virtualenv.py took 0.274 seconds
[2021-09-21 01:28:40,350] {processor.py:162} INFO - Started process (PID=1522) to work on /home/airflow/.local/lib/python3.6/site-packages/airflow/example_dags/tutorial_taskflow_api_etl_virtualenv.py
[2021-09-21 01:28:40,389] {processor.py:613} INFO - Processing file /home/airflow/.local/lib/python3.6/site-packages/airflow/example_dags/tutorial_taskflow_api_etl_virtualenv.py for tasks to queue
[2021-09-21 01:28:40,392] {logging_mixin.py:109} INFO - [2021-09-21 01:28:40,392] {dagbag.py:496} INFO - Filling up the DagBag from /home/airflow/.local/lib/python3.6/site-packages/airflow/example_dags/tutorial_taskflow_api_etl_virtualenv.py
[2021-09-21 01:28:40,424] {processor.py:623} INFO - DAG(s) dict_keys(['tutorial_taskflow_api_etl_virtualenv']) retrieved from /home/airflow/.local/lib/python3.6/site-packages/airflow/example_dags/tutorial_taskflow_api_etl_virtualenv.py
[2021-09-21 01:28:40,680] {logging_mixin.py:109} INFO - [2021-09-21 01:28:40,680] {dag.py:1834} INFO - Sync 1 DAGs
[2021-09-21 01:28:40,698] {logging_mixin.py:109} INFO - [2021-09-21 01:28:40,698] {dag.py:2287} INFO - Setting next_dagrun for tutorial_taskflow_api_etl_virtualenv to None
[2021-09-21 01:28:40,714] {processor.py:170} INFO - Processing /home/airflow/.local/lib/python3.6/site-packages/airflow/example_dags/tutorial_taskflow_api_etl_virtualenv.py took 0.372 seconds
[2021-09-21 01:29:11,046] {processor.py:162} INFO - Started process (PID=1576) to work on /home/airflow/.local/lib/python3.6/site-packages/airflow/example_dags/tutorial_taskflow_api_etl_virtualenv.py
[2021-09-21 01:29:11,051] {processor.py:613} INFO - Processing file /home/airflow/.local/lib/python3.6/site-packages/airflow/example_dags/tutorial_taskflow_api_etl_virtualenv.py for tasks to queue
[2021-09-21 01:29:11,054] {logging_mixin.py:109} INFO - [2021-09-21 01:29:11,054] {dagbag.py:496} INFO - Filling up the DagBag from /home/airflow/.local/lib/python3.6/site-packages/airflow/example_dags/tutorial_taskflow_api_etl_virtualenv.py
[2021-09-21 01:29:11,090] {processor.py:623} INFO - DAG(s) dict_keys(['tutorial_taskflow_api_etl_virtualenv']) retrieved from /home/airflow/.local/lib/python3.6/site-packages/airflow/example_dags/tutorial_taskflow_api_etl_virtualenv.py
[2021-09-21 01:29:11,425] {logging_mixin.py:109} INFO - [2021-09-21 01:29:11,425] {dag.py:1834} INFO - Sync 1 DAGs
[2021-09-21 01:29:11,449] {logging_mixin.py:109} INFO - [2021-09-21 01:29:11,449] {dag.py:2287} INFO - Setting next_dagrun for tutorial_taskflow_api_etl_virtualenv to None
[2021-09-21 01:29:11,472] {processor.py:170} INFO - Processing /home/airflow/.local/lib/python3.6/site-packages/airflow/example_dags/tutorial_taskflow_api_etl_virtualenv.py took 0.434 seconds
[2021-09-21 01:29:41,500] {processor.py:162} INFO - Started process (PID=1641) to work on /home/airflow/.local/lib/python3.6/site-packages/airflow/example_dags/tutorial_taskflow_api_etl_virtualenv.py
[2021-09-21 01:29:41,502] {processor.py:613} INFO - Processing file /home/airflow/.local/lib/python3.6/site-packages/airflow/example_dags/tutorial_taskflow_api_etl_virtualenv.py for tasks to queue
[2021-09-21 01:29:41,504] {logging_mixin.py:109} INFO - [2021-09-21 01:29:41,503] {dagbag.py:496} INFO - Filling up the DagBag from /home/airflow/.local/lib/python3.6/site-packages/airflow/example_dags/tutorial_taskflow_api_etl_virtualenv.py
[2021-09-21 01:29:41,522] {processor.py:623} INFO - DAG(s) dict_keys(['tutorial_taskflow_api_etl_virtualenv']) retrieved from /home/airflow/.local/lib/python3.6/site-packages/airflow/example_dags/tutorial_taskflow_api_etl_virtualenv.py
[2021-09-21 01:29:41,738] {logging_mixin.py:109} INFO - [2021-09-21 01:29:41,737] {dag.py:1834} INFO - Sync 1 DAGs
[2021-09-21 01:29:41,757] {logging_mixin.py:109} INFO - [2021-09-21 01:29:41,757] {dag.py:2287} INFO - Setting next_dagrun for tutorial_taskflow_api_etl_virtualenv to None
[2021-09-21 01:29:41,774] {processor.py:170} INFO - Processing /home/airflow/.local/lib/python3.6/site-packages/airflow/example_dags/tutorial_taskflow_api_etl_virtualenv.py took 0.277 seconds
[2021-09-21 01:30:12,533] {processor.py:162} INFO - Started process (PID=1694) to work on /home/airflow/.local/lib/python3.6/site-packages/airflow/example_dags/tutorial_taskflow_api_etl_virtualenv.py
[2021-09-21 01:30:12,536] {processor.py:613} INFO - Processing file /home/airflow/.local/lib/python3.6/site-packages/airflow/example_dags/tutorial_taskflow_api_etl_virtualenv.py for tasks to queue
[2021-09-21 01:30:12,539] {logging_mixin.py:109} INFO - [2021-09-21 01:30:12,539] {dagbag.py:496} INFO - Filling up the DagBag from /home/airflow/.local/lib/python3.6/site-packages/airflow/example_dags/tutorial_taskflow_api_etl_virtualenv.py
[2021-09-21 01:30:12,560] {processor.py:623} INFO - DAG(s) dict_keys(['tutorial_taskflow_api_etl_virtualenv']) retrieved from /home/airflow/.local/lib/python3.6/site-packages/airflow/example_dags/tutorial_taskflow_api_etl_virtualenv.py
[2021-09-21 01:30:12,589] {logging_mixin.py:109} INFO - [2021-09-21 01:30:12,588] {dag.py:1834} INFO - Sync 1 DAGs
[2021-09-21 01:30:12,608] {logging_mixin.py:109} INFO - [2021-09-21 01:30:12,608] {dag.py:2287} INFO - Setting next_dagrun for tutorial_taskflow_api_etl_virtualenv to None
[2021-09-21 01:30:12,623] {processor.py:170} INFO - Processing /home/airflow/.local/lib/python3.6/site-packages/airflow/example_dags/tutorial_taskflow_api_etl_virtualenv.py took 0.095 seconds
[2021-09-21 01:30:43,152] {processor.py:162} INFO - Started process (PID=1756) to work on /home/airflow/.local/lib/python3.6/site-packages/airflow/example_dags/tutorial_taskflow_api_etl_virtualenv.py
[2021-09-21 01:30:43,154] {processor.py:613} INFO - Processing file /home/airflow/.local/lib/python3.6/site-packages/airflow/example_dags/tutorial_taskflow_api_etl_virtualenv.py for tasks to queue
[2021-09-21 01:30:43,156] {logging_mixin.py:109} INFO - [2021-09-21 01:30:43,156] {dagbag.py:496} INFO - Filling up the DagBag from /home/airflow/.local/lib/python3.6/site-packages/airflow/example_dags/tutorial_taskflow_api_etl_virtualenv.py
[2021-09-21 01:30:43,176] {processor.py:623} INFO - DAG(s) dict_keys(['tutorial_taskflow_api_etl_virtualenv']) retrieved from /home/airflow/.local/lib/python3.6/site-packages/airflow/example_dags/tutorial_taskflow_api_etl_virtualenv.py
[2021-09-21 01:30:43,351] {logging_mixin.py:109} INFO - [2021-09-21 01:30:43,351] {dag.py:1834} INFO - Sync 1 DAGs
[2021-09-21 01:30:43,367] {logging_mixin.py:109} INFO - [2021-09-21 01:30:43,367] {dag.py:2287} INFO - Setting next_dagrun for tutorial_taskflow_api_etl_virtualenv to None
[2021-09-21 01:30:43,380] {processor.py:170} INFO - Processing /home/airflow/.local/lib/python3.6/site-packages/airflow/example_dags/tutorial_taskflow_api_etl_virtualenv.py took 0.232 seconds
[2021-09-21 01:31:13,513] {processor.py:162} INFO - Started process (PID=1821) to work on /home/airflow/.local/lib/python3.6/site-packages/airflow/example_dags/tutorial_taskflow_api_etl_virtualenv.py
[2021-09-21 01:31:13,516] {processor.py:613} INFO - Processing file /home/airflow/.local/lib/python3.6/site-packages/airflow/example_dags/tutorial_taskflow_api_etl_virtualenv.py for tasks to queue
[2021-09-21 01:31:13,518] {logging_mixin.py:109} INFO - [2021-09-21 01:31:13,518] {dagbag.py:496} INFO - Filling up the DagBag from /home/airflow/.local/lib/python3.6/site-packages/airflow/example_dags/tutorial_taskflow_api_etl_virtualenv.py
[2021-09-21 01:31:13,549] {processor.py:623} INFO - DAG(s) dict_keys(['tutorial_taskflow_api_etl_virtualenv']) retrieved from /home/airflow/.local/lib/python3.6/site-packages/airflow/example_dags/tutorial_taskflow_api_etl_virtualenv.py
[2021-09-21 01:31:13,933] {logging_mixin.py:109} INFO - [2021-09-21 01:31:13,933] {dag.py:1834} INFO - Sync 1 DAGs
[2021-09-21 01:31:13,958] {logging_mixin.py:109} INFO - [2021-09-21 01:31:13,957] {dag.py:2287} INFO - Setting next_dagrun for tutorial_taskflow_api_etl_virtualenv to None
[2021-09-21 01:31:13,976] {processor.py:170} INFO - Processing /home/airflow/.local/lib/python3.6/site-packages/airflow/example_dags/tutorial_taskflow_api_etl_virtualenv.py took 0.469 seconds
[2021-09-21 01:31:44,856] {processor.py:162} INFO - Started process (PID=1874) to work on /home/airflow/.local/lib/python3.6/site-packages/airflow/example_dags/tutorial_taskflow_api_etl_virtualenv.py
[2021-09-21 01:31:44,859] {processor.py:613} INFO - Processing file /home/airflow/.local/lib/python3.6/site-packages/airflow/example_dags/tutorial_taskflow_api_etl_virtualenv.py for tasks to queue
[2021-09-21 01:31:44,860] {logging_mixin.py:109} INFO - [2021-09-21 01:31:44,860] {dagbag.py:496} INFO - Filling up the DagBag from /home/airflow/.local/lib/python3.6/site-packages/airflow/example_dags/tutorial_taskflow_api_etl_virtualenv.py
[2021-09-21 01:31:44,882] {processor.py:623} INFO - DAG(s) dict_keys(['tutorial_taskflow_api_etl_virtualenv']) retrieved from /home/airflow/.local/lib/python3.6/site-packages/airflow/example_dags/tutorial_taskflow_api_etl_virtualenv.py
[2021-09-21 01:31:45,074] {logging_mixin.py:109} INFO - [2021-09-21 01:31:45,074] {dag.py:1834} INFO - Sync 1 DAGs
[2021-09-21 01:31:45,085] {logging_mixin.py:109} INFO - [2021-09-21 01:31:45,085] {dag.py:2287} INFO - Setting next_dagrun for tutorial_taskflow_api_etl_virtualenv to None
[2021-09-21 01:31:45,096] {processor.py:170} INFO - Processing /home/airflow/.local/lib/python3.6/site-packages/airflow/example_dags/tutorial_taskflow_api_etl_virtualenv.py took 0.244 seconds
[2021-09-21 01:32:15,555] {processor.py:162} INFO - Started process (PID=1937) to work on /home/airflow/.local/lib/python3.6/site-packages/airflow/example_dags/tutorial_taskflow_api_etl_virtualenv.py
[2021-09-21 01:32:15,557] {processor.py:613} INFO - Processing file /home/airflow/.local/lib/python3.6/site-packages/airflow/example_dags/tutorial_taskflow_api_etl_virtualenv.py for tasks to queue
[2021-09-21 01:32:15,559] {logging_mixin.py:109} INFO - [2021-09-21 01:32:15,559] {dagbag.py:496} INFO - Filling up the DagBag from /home/airflow/.local/lib/python3.6/site-packages/airflow/example_dags/tutorial_taskflow_api_etl_virtualenv.py
[2021-09-21 01:32:15,577] {processor.py:623} INFO - DAG(s) dict_keys(['tutorial_taskflow_api_etl_virtualenv']) retrieved from /home/airflow/.local/lib/python3.6/site-packages/airflow/example_dags/tutorial_taskflow_api_etl_virtualenv.py
[2021-09-21 01:32:15,748] {logging_mixin.py:109} INFO - [2021-09-21 01:32:15,748] {dag.py:1834} INFO - Sync 1 DAGs
[2021-09-21 01:32:15,759] {logging_mixin.py:109} INFO - [2021-09-21 01:32:15,759] {dag.py:2287} INFO - Setting next_dagrun for tutorial_taskflow_api_etl_virtualenv to None
[2021-09-21 01:32:15,768] {processor.py:170} INFO - Processing /home/airflow/.local/lib/python3.6/site-packages/airflow/example_dags/tutorial_taskflow_api_etl_virtualenv.py took 0.217 seconds
[2021-09-21 01:32:46,177] {processor.py:162} INFO - Started process (PID=1998) to work on /home/airflow/.local/lib/python3.6/site-packages/airflow/example_dags/tutorial_taskflow_api_etl_virtualenv.py
[2021-09-21 01:32:46,179] {processor.py:613} INFO - Processing file /home/airflow/.local/lib/python3.6/site-packages/airflow/example_dags/tutorial_taskflow_api_etl_virtualenv.py for tasks to queue
[2021-09-21 01:32:46,180] {logging_mixin.py:109} INFO - [2021-09-21 01:32:46,180] {dagbag.py:496} INFO - Filling up the DagBag from /home/airflow/.local/lib/python3.6/site-packages/airflow/example_dags/tutorial_taskflow_api_etl_virtualenv.py
[2021-09-21 01:32:46,196] {processor.py:623} INFO - DAG(s) dict_keys(['tutorial_taskflow_api_etl_virtualenv']) retrieved from /home/airflow/.local/lib/python3.6/site-packages/airflow/example_dags/tutorial_taskflow_api_etl_virtualenv.py
[2021-09-21 01:32:46,364] {logging_mixin.py:109} INFO - [2021-09-21 01:32:46,364] {dag.py:1834} INFO - Sync 1 DAGs
[2021-09-21 01:32:46,376] {logging_mixin.py:109} INFO - [2021-09-21 01:32:46,376] {dag.py:2287} INFO - Setting next_dagrun for tutorial_taskflow_api_etl_virtualenv to None
[2021-09-21 01:32:46,388] {processor.py:170} INFO - Processing /home/airflow/.local/lib/python3.6/site-packages/airflow/example_dags/tutorial_taskflow_api_etl_virtualenv.py took 0.215 seconds
[2021-09-21 01:33:16,967] {processor.py:162} INFO - Started process (PID=2055) to work on /home/airflow/.local/lib/python3.6/site-packages/airflow/example_dags/tutorial_taskflow_api_etl_virtualenv.py
[2021-09-21 01:33:16,970] {processor.py:613} INFO - Processing file /home/airflow/.local/lib/python3.6/site-packages/airflow/example_dags/tutorial_taskflow_api_etl_virtualenv.py for tasks to queue
[2021-09-21 01:33:16,972] {logging_mixin.py:109} INFO - [2021-09-21 01:33:16,972] {dagbag.py:496} INFO - Filling up the DagBag from /home/airflow/.local/lib/python3.6/site-packages/airflow/example_dags/tutorial_taskflow_api_etl_virtualenv.py
[2021-09-21 01:33:16,993] {processor.py:623} INFO - DAG(s) dict_keys(['tutorial_taskflow_api_etl_virtualenv']) retrieved from /home/airflow/.local/lib/python3.6/site-packages/airflow/example_dags/tutorial_taskflow_api_etl_virtualenv.py
[2021-09-21 01:33:17,158] {logging_mixin.py:109} INFO - [2021-09-21 01:33:17,158] {dag.py:1834} INFO - Sync 1 DAGs
[2021-09-21 01:33:17,172] {logging_mixin.py:109} INFO - [2021-09-21 01:33:17,171] {dag.py:2287} INFO - Setting next_dagrun for tutorial_taskflow_api_etl_virtualenv to None
[2021-09-21 01:33:17,185] {processor.py:170} INFO - Processing /home/airflow/.local/lib/python3.6/site-packages/airflow/example_dags/tutorial_taskflow_api_etl_virtualenv.py took 0.221 seconds
[2021-09-21 01:33:47,727] {processor.py:162} INFO - Started process (PID=2119) to work on /home/airflow/.local/lib/python3.6/site-packages/airflow/example_dags/tutorial_taskflow_api_etl_virtualenv.py
[2021-09-21 01:33:47,729] {processor.py:613} INFO - Processing file /home/airflow/.local/lib/python3.6/site-packages/airflow/example_dags/tutorial_taskflow_api_etl_virtualenv.py for tasks to queue
[2021-09-21 01:33:47,730] {logging_mixin.py:109} INFO - [2021-09-21 01:33:47,730] {dagbag.py:496} INFO - Filling up the DagBag from /home/airflow/.local/lib/python3.6/site-packages/airflow/example_dags/tutorial_taskflow_api_etl_virtualenv.py
[2021-09-21 01:33:47,745] {processor.py:623} INFO - DAG(s) dict_keys(['tutorial_taskflow_api_etl_virtualenv']) retrieved from /home/airflow/.local/lib/python3.6/site-packages/airflow/example_dags/tutorial_taskflow_api_etl_virtualenv.py
[2021-09-21 01:33:47,932] {logging_mixin.py:109} INFO - [2021-09-21 01:33:47,932] {dag.py:1834} INFO - Sync 1 DAGs
[2021-09-21 01:33:47,943] {logging_mixin.py:109} INFO - [2021-09-21 01:33:47,943] {dag.py:2287} INFO - Setting next_dagrun for tutorial_taskflow_api_etl_virtualenv to None
[2021-09-21 01:33:47,954] {processor.py:170} INFO - Processing /home/airflow/.local/lib/python3.6/site-packages/airflow/example_dags/tutorial_taskflow_api_etl_virtualenv.py took 0.230 seconds
[2021-09-21 01:34:18,466] {processor.py:162} INFO - Started process (PID=2171) to work on /home/airflow/.local/lib/python3.6/site-packages/airflow/example_dags/tutorial_taskflow_api_etl_virtualenv.py
[2021-09-21 01:34:18,469] {processor.py:613} INFO - Processing file /home/airflow/.local/lib/python3.6/site-packages/airflow/example_dags/tutorial_taskflow_api_etl_virtualenv.py for tasks to queue
[2021-09-21 01:34:18,472] {logging_mixin.py:109} INFO - [2021-09-21 01:34:18,471] {dagbag.py:496} INFO - Filling up the DagBag from /home/airflow/.local/lib/python3.6/site-packages/airflow/example_dags/tutorial_taskflow_api_etl_virtualenv.py
[2021-09-21 01:34:18,557] {processor.py:623} INFO - DAG(s) dict_keys(['tutorial_taskflow_api_etl_virtualenv']) retrieved from /home/airflow/.local/lib/python3.6/site-packages/airflow/example_dags/tutorial_taskflow_api_etl_virtualenv.py
[2021-09-21 01:34:20,960] {logging_mixin.py:109} INFO - [2021-09-21 01:34:20,916] {dag.py:1834} INFO - Sync 1 DAGs
[2021-09-21 01:34:21,291] {logging_mixin.py:109} INFO - [2021-09-21 01:34:21,289] {dag.py:2287} INFO - Setting next_dagrun for tutorial_taskflow_api_etl_virtualenv to None
[2021-09-21 01:34:21,366] {processor.py:170} INFO - Processing /home/airflow/.local/lib/python3.6/site-packages/airflow/example_dags/tutorial_taskflow_api_etl_virtualenv.py took 2.941 seconds
[2021-09-21 01:34:51,466] {processor.py:162} INFO - Started process (PID=2235) to work on /home/airflow/.local/lib/python3.6/site-packages/airflow/example_dags/tutorial_taskflow_api_etl_virtualenv.py
[2021-09-21 01:34:51,468] {processor.py:613} INFO - Processing file /home/airflow/.local/lib/python3.6/site-packages/airflow/example_dags/tutorial_taskflow_api_etl_virtualenv.py for tasks to queue
[2021-09-21 01:34:51,469] {logging_mixin.py:109} INFO - [2021-09-21 01:34:51,469] {dagbag.py:496} INFO - Filling up the DagBag from /home/airflow/.local/lib/python3.6/site-packages/airflow/example_dags/tutorial_taskflow_api_etl_virtualenv.py
[2021-09-21 01:34:51,488] {processor.py:623} INFO - DAG(s) dict_keys(['tutorial_taskflow_api_etl_virtualenv']) retrieved from /home/airflow/.local/lib/python3.6/site-packages/airflow/example_dags/tutorial_taskflow_api_etl_virtualenv.py
[2021-09-21 01:34:51,661] {logging_mixin.py:109} INFO - [2021-09-21 01:34:51,661] {dag.py:1834} INFO - Sync 1 DAGs
[2021-09-21 01:34:51,673] {logging_mixin.py:109} INFO - [2021-09-21 01:34:51,672] {dag.py:2287} INFO - Setting next_dagrun for tutorial_taskflow_api_etl_virtualenv to None
[2021-09-21 01:34:51,683] {processor.py:170} INFO - Processing /home/airflow/.local/lib/python3.6/site-packages/airflow/example_dags/tutorial_taskflow_api_etl_virtualenv.py took 0.220 seconds
[2021-09-21 01:35:22,344] {processor.py:162} INFO - Started process (PID=2298) to work on /home/airflow/.local/lib/python3.6/site-packages/airflow/example_dags/tutorial_taskflow_api_etl_virtualenv.py
[2021-09-21 01:35:22,346] {processor.py:613} INFO - Processing file /home/airflow/.local/lib/python3.6/site-packages/airflow/example_dags/tutorial_taskflow_api_etl_virtualenv.py for tasks to queue
[2021-09-21 01:35:22,348] {logging_mixin.py:109} INFO - [2021-09-21 01:35:22,347] {dagbag.py:496} INFO - Filling up the DagBag from /home/airflow/.local/lib/python3.6/site-packages/airflow/example_dags/tutorial_taskflow_api_etl_virtualenv.py
[2021-09-21 01:35:22,367] {processor.py:623} INFO - DAG(s) dict_keys(['tutorial_taskflow_api_etl_virtualenv']) retrieved from /home/airflow/.local/lib/python3.6/site-packages/airflow/example_dags/tutorial_taskflow_api_etl_virtualenv.py
[2021-09-21 01:35:22,546] {logging_mixin.py:109} INFO - [2021-09-21 01:35:22,546] {dag.py:1834} INFO - Sync 1 DAGs
[2021-09-21 01:35:22,560] {logging_mixin.py:109} INFO - [2021-09-21 01:35:22,560] {dag.py:2287} INFO - Setting next_dagrun for tutorial_taskflow_api_etl_virtualenv to None
[2021-09-21 01:35:22,571] {processor.py:170} INFO - Processing /home/airflow/.local/lib/python3.6/site-packages/airflow/example_dags/tutorial_taskflow_api_etl_virtualenv.py took 0.232 seconds
[2021-09-21 01:35:53,022] {processor.py:162} INFO - Started process (PID=2351) to work on /home/airflow/.local/lib/python3.6/site-packages/airflow/example_dags/tutorial_taskflow_api_etl_virtualenv.py
[2021-09-21 01:35:53,024] {processor.py:613} INFO - Processing file /home/airflow/.local/lib/python3.6/site-packages/airflow/example_dags/tutorial_taskflow_api_etl_virtualenv.py for tasks to queue
[2021-09-21 01:35:53,026] {logging_mixin.py:109} INFO - [2021-09-21 01:35:53,026] {dagbag.py:496} INFO - Filling up the DagBag from /home/airflow/.local/lib/python3.6/site-packages/airflow/example_dags/tutorial_taskflow_api_etl_virtualenv.py
[2021-09-21 01:35:53,048] {processor.py:623} INFO - DAG(s) dict_keys(['tutorial_taskflow_api_etl_virtualenv']) retrieved from /home/airflow/.local/lib/python3.6/site-packages/airflow/example_dags/tutorial_taskflow_api_etl_virtualenv.py
[2021-09-21 01:35:53,310] {logging_mixin.py:109} INFO - [2021-09-21 01:35:53,310] {dag.py:1834} INFO - Sync 1 DAGs
[2021-09-21 01:35:53,322] {logging_mixin.py:109} INFO - [2021-09-21 01:35:53,322] {dag.py:2287} INFO - Setting next_dagrun for tutorial_taskflow_api_etl_virtualenv to None
[2021-09-21 01:35:53,334] {processor.py:170} INFO - Processing /home/airflow/.local/lib/python3.6/site-packages/airflow/example_dags/tutorial_taskflow_api_etl_virtualenv.py took 0.316 seconds
[2021-09-21 01:36:23,421] {processor.py:162} INFO - Started process (PID=2417) to work on /home/airflow/.local/lib/python3.6/site-packages/airflow/example_dags/tutorial_taskflow_api_etl_virtualenv.py
[2021-09-21 01:36:23,425] {processor.py:613} INFO - Processing file /home/airflow/.local/lib/python3.6/site-packages/airflow/example_dags/tutorial_taskflow_api_etl_virtualenv.py for tasks to queue
[2021-09-21 01:36:23,427] {logging_mixin.py:109} INFO - [2021-09-21 01:36:23,427] {dagbag.py:496} INFO - Filling up the DagBag from /home/airflow/.local/lib/python3.6/site-packages/airflow/example_dags/tutorial_taskflow_api_etl_virtualenv.py
[2021-09-21 01:36:23,460] {processor.py:623} INFO - DAG(s) dict_keys(['tutorial_taskflow_api_etl_virtualenv']) retrieved from /home/airflow/.local/lib/python3.6/site-packages/airflow/example_dags/tutorial_taskflow_api_etl_virtualenv.py
[2021-09-21 01:36:23,503] {logging_mixin.py:109} INFO - [2021-09-21 01:36:23,503] {dag.py:1834} INFO - Sync 1 DAGs
[2021-09-21 01:36:23,534] {logging_mixin.py:109} INFO - [2021-09-21 01:36:23,534] {dag.py:2287} INFO - Setting next_dagrun for tutorial_taskflow_api_etl_virtualenv to None
[2021-09-21 01:36:23,557] {processor.py:170} INFO - Processing /home/airflow/.local/lib/python3.6/site-packages/airflow/example_dags/tutorial_taskflow_api_etl_virtualenv.py took 0.144 seconds
[2021-09-21 01:36:53,887] {processor.py:162} INFO - Started process (PID=2472) to work on /home/airflow/.local/lib/python3.6/site-packages/airflow/example_dags/tutorial_taskflow_api_etl_virtualenv.py
[2021-09-21 01:36:53,891] {processor.py:613} INFO - Processing file /home/airflow/.local/lib/python3.6/site-packages/airflow/example_dags/tutorial_taskflow_api_etl_virtualenv.py for tasks to queue
[2021-09-21 01:36:53,893] {logging_mixin.py:109} INFO - [2021-09-21 01:36:53,893] {dagbag.py:496} INFO - Filling up the DagBag from /home/airflow/.local/lib/python3.6/site-packages/airflow/example_dags/tutorial_taskflow_api_etl_virtualenv.py
[2021-09-21 01:36:53,914] {processor.py:623} INFO - DAG(s) dict_keys(['tutorial_taskflow_api_etl_virtualenv']) retrieved from /home/airflow/.local/lib/python3.6/site-packages/airflow/example_dags/tutorial_taskflow_api_etl_virtualenv.py
[2021-09-21 01:36:54,136] {logging_mixin.py:109} INFO - [2021-09-21 01:36:54,136] {dag.py:1834} INFO - Sync 1 DAGs
[2021-09-21 01:36:54,149] {logging_mixin.py:109} INFO - [2021-09-21 01:36:54,149] {dag.py:2287} INFO - Setting next_dagrun for tutorial_taskflow_api_etl_virtualenv to None
[2021-09-21 01:36:54,162] {processor.py:170} INFO - Processing /home/airflow/.local/lib/python3.6/site-packages/airflow/example_dags/tutorial_taskflow_api_etl_virtualenv.py took 0.278 seconds
[2021-09-21 01:37:25,093] {processor.py:162} INFO - Started process (PID=2525) to work on /home/airflow/.local/lib/python3.6/site-packages/airflow/example_dags/tutorial_taskflow_api_etl_virtualenv.py
[2021-09-21 01:37:25,095] {processor.py:613} INFO - Processing file /home/airflow/.local/lib/python3.6/site-packages/airflow/example_dags/tutorial_taskflow_api_etl_virtualenv.py for tasks to queue
[2021-09-21 01:37:25,097] {logging_mixin.py:109} INFO - [2021-09-21 01:37:25,096] {dagbag.py:496} INFO - Filling up the DagBag from /home/airflow/.local/lib/python3.6/site-packages/airflow/example_dags/tutorial_taskflow_api_etl_virtualenv.py
[2021-09-21 01:37:25,117] {processor.py:623} INFO - DAG(s) dict_keys(['tutorial_taskflow_api_etl_virtualenv']) retrieved from /home/airflow/.local/lib/python3.6/site-packages/airflow/example_dags/tutorial_taskflow_api_etl_virtualenv.py
[2021-09-21 01:37:25,142] {logging_mixin.py:109} INFO - [2021-09-21 01:37:25,142] {dag.py:1834} INFO - Sync 1 DAGs
[2021-09-21 01:37:25,158] {logging_mixin.py:109} INFO - [2021-09-21 01:37:25,158] {dag.py:2287} INFO - Setting next_dagrun for tutorial_taskflow_api_etl_virtualenv to None
[2021-09-21 01:37:25,169] {processor.py:170} INFO - Processing /home/airflow/.local/lib/python3.6/site-packages/airflow/example_dags/tutorial_taskflow_api_etl_virtualenv.py took 0.081 seconds
[2021-09-21 01:37:55,819] {processor.py:162} INFO - Started process (PID=2590) to work on /home/airflow/.local/lib/python3.6/site-packages/airflow/example_dags/tutorial_taskflow_api_etl_virtualenv.py
[2021-09-21 01:37:55,821] {processor.py:613} INFO - Processing file /home/airflow/.local/lib/python3.6/site-packages/airflow/example_dags/tutorial_taskflow_api_etl_virtualenv.py for tasks to queue
[2021-09-21 01:37:55,822] {logging_mixin.py:109} INFO - [2021-09-21 01:37:55,822] {dagbag.py:496} INFO - Filling up the DagBag from /home/airflow/.local/lib/python3.6/site-packages/airflow/example_dags/tutorial_taskflow_api_etl_virtualenv.py
[2021-09-21 01:37:55,843] {processor.py:623} INFO - DAG(s) dict_keys(['tutorial_taskflow_api_etl_virtualenv']) retrieved from /home/airflow/.local/lib/python3.6/site-packages/airflow/example_dags/tutorial_taskflow_api_etl_virtualenv.py
[2021-09-21 01:37:56,024] {logging_mixin.py:109} INFO - [2021-09-21 01:37:56,024] {dag.py:1834} INFO - Sync 1 DAGs
[2021-09-21 01:37:56,034] {logging_mixin.py:109} INFO - [2021-09-21 01:37:56,034] {dag.py:2287} INFO - Setting next_dagrun for tutorial_taskflow_api_etl_virtualenv to None
[2021-09-21 01:37:56,044] {processor.py:170} INFO - Processing /home/airflow/.local/lib/python3.6/site-packages/airflow/example_dags/tutorial_taskflow_api_etl_virtualenv.py took 0.230 seconds
[2021-09-21 01:38:26,179] {processor.py:162} INFO - Started process (PID=2644) to work on /home/airflow/.local/lib/python3.6/site-packages/airflow/example_dags/tutorial_taskflow_api_etl_virtualenv.py
[2021-09-21 01:38:26,183] {processor.py:613} INFO - Processing file /home/airflow/.local/lib/python3.6/site-packages/airflow/example_dags/tutorial_taskflow_api_etl_virtualenv.py for tasks to queue
[2021-09-21 01:38:26,184] {logging_mixin.py:109} INFO - [2021-09-21 01:38:26,184] {dagbag.py:496} INFO - Filling up the DagBag from /home/airflow/.local/lib/python3.6/site-packages/airflow/example_dags/tutorial_taskflow_api_etl_virtualenv.py
[2021-09-21 01:38:26,204] {processor.py:623} INFO - DAG(s) dict_keys(['tutorial_taskflow_api_etl_virtualenv']) retrieved from /home/airflow/.local/lib/python3.6/site-packages/airflow/example_dags/tutorial_taskflow_api_etl_virtualenv.py
[2021-09-21 01:38:26,232] {logging_mixin.py:109} INFO - [2021-09-21 01:38:26,232] {dag.py:1834} INFO - Sync 1 DAGs
[2021-09-21 01:38:26,250] {logging_mixin.py:109} INFO - [2021-09-21 01:38:26,250] {dag.py:2287} INFO - Setting next_dagrun for tutorial_taskflow_api_etl_virtualenv to None
[2021-09-21 01:38:26,263] {processor.py:170} INFO - Processing /home/airflow/.local/lib/python3.6/site-packages/airflow/example_dags/tutorial_taskflow_api_etl_virtualenv.py took 0.088 seconds
[2021-09-21 01:38:56,623] {processor.py:162} INFO - Started process (PID=2707) to work on /home/airflow/.local/lib/python3.6/site-packages/airflow/example_dags/tutorial_taskflow_api_etl_virtualenv.py
[2021-09-21 01:38:56,625] {processor.py:613} INFO - Processing file /home/airflow/.local/lib/python3.6/site-packages/airflow/example_dags/tutorial_taskflow_api_etl_virtualenv.py for tasks to queue
[2021-09-21 01:38:56,627] {logging_mixin.py:109} INFO - [2021-09-21 01:38:56,627] {dagbag.py:496} INFO - Filling up the DagBag from /home/airflow/.local/lib/python3.6/site-packages/airflow/example_dags/tutorial_taskflow_api_etl_virtualenv.py
[2021-09-21 01:38:56,644] {processor.py:623} INFO - DAG(s) dict_keys(['tutorial_taskflow_api_etl_virtualenv']) retrieved from /home/airflow/.local/lib/python3.6/site-packages/airflow/example_dags/tutorial_taskflow_api_etl_virtualenv.py
[2021-09-21 01:38:56,666] {logging_mixin.py:109} INFO - [2021-09-21 01:38:56,666] {dag.py:1834} INFO - Sync 1 DAGs
[2021-09-21 01:38:56,679] {logging_mixin.py:109} INFO - [2021-09-21 01:38:56,679] {dag.py:2287} INFO - Setting next_dagrun for tutorial_taskflow_api_etl_virtualenv to None
[2021-09-21 01:38:56,690] {processor.py:170} INFO - Processing /home/airflow/.local/lib/python3.6/site-packages/airflow/example_dags/tutorial_taskflow_api_etl_virtualenv.py took 0.071 seconds
[2021-09-21 01:39:26,723] {processor.py:162} INFO - Started process (PID=2759) to work on /home/airflow/.local/lib/python3.6/site-packages/airflow/example_dags/tutorial_taskflow_api_etl_virtualenv.py
[2021-09-21 01:39:26,726] {processor.py:613} INFO - Processing file /home/airflow/.local/lib/python3.6/site-packages/airflow/example_dags/tutorial_taskflow_api_etl_virtualenv.py for tasks to queue
[2021-09-21 01:39:26,727] {logging_mixin.py:109} INFO - [2021-09-21 01:39:26,727] {dagbag.py:496} INFO - Filling up the DagBag from /home/airflow/.local/lib/python3.6/site-packages/airflow/example_dags/tutorial_taskflow_api_etl_virtualenv.py
[2021-09-21 01:39:26,749] {processor.py:623} INFO - DAG(s) dict_keys(['tutorial_taskflow_api_etl_virtualenv']) retrieved from /home/airflow/.local/lib/python3.6/site-packages/airflow/example_dags/tutorial_taskflow_api_etl_virtualenv.py
[2021-09-21 01:39:26,919] {logging_mixin.py:109} INFO - [2021-09-21 01:39:26,919] {dag.py:1834} INFO - Sync 1 DAGs
[2021-09-21 01:39:26,930] {logging_mixin.py:109} INFO - [2021-09-21 01:39:26,930] {dag.py:2287} INFO - Setting next_dagrun for tutorial_taskflow_api_etl_virtualenv to None
[2021-09-21 01:39:26,940] {processor.py:170} INFO - Processing /home/airflow/.local/lib/python3.6/site-packages/airflow/example_dags/tutorial_taskflow_api_etl_virtualenv.py took 0.222 seconds
[2021-09-21 01:39:57,867] {processor.py:162} INFO - Started process (PID=2821) to work on /home/airflow/.local/lib/python3.6/site-packages/airflow/example_dags/tutorial_taskflow_api_etl_virtualenv.py
[2021-09-21 01:39:57,870] {processor.py:613} INFO - Processing file /home/airflow/.local/lib/python3.6/site-packages/airflow/example_dags/tutorial_taskflow_api_etl_virtualenv.py for tasks to queue
[2021-09-21 01:39:57,871] {logging_mixin.py:109} INFO - [2021-09-21 01:39:57,871] {dagbag.py:496} INFO - Filling up the DagBag from /home/airflow/.local/lib/python3.6/site-packages/airflow/example_dags/tutorial_taskflow_api_etl_virtualenv.py
[2021-09-21 01:39:57,895] {processor.py:623} INFO - DAG(s) dict_keys(['tutorial_taskflow_api_etl_virtualenv']) retrieved from /home/airflow/.local/lib/python3.6/site-packages/airflow/example_dags/tutorial_taskflow_api_etl_virtualenv.py
[2021-09-21 01:39:58,149] {logging_mixin.py:109} INFO - [2021-09-21 01:39:58,148] {dag.py:1834} INFO - Sync 1 DAGs
[2021-09-21 01:39:58,164] {logging_mixin.py:109} INFO - [2021-09-21 01:39:58,164] {dag.py:2287} INFO - Setting next_dagrun for tutorial_taskflow_api_etl_virtualenv to None
[2021-09-21 01:39:58,185] {processor.py:170} INFO - Processing /home/airflow/.local/lib/python3.6/site-packages/airflow/example_dags/tutorial_taskflow_api_etl_virtualenv.py took 0.321 seconds
[2021-09-21 01:40:28,604] {processor.py:162} INFO - Started process (PID=2885) to work on /home/airflow/.local/lib/python3.6/site-packages/airflow/example_dags/tutorial_taskflow_api_etl_virtualenv.py
[2021-09-21 01:40:28,607] {processor.py:613} INFO - Processing file /home/airflow/.local/lib/python3.6/site-packages/airflow/example_dags/tutorial_taskflow_api_etl_virtualenv.py for tasks to queue
[2021-09-21 01:40:28,609] {logging_mixin.py:109} INFO - [2021-09-21 01:40:28,609] {dagbag.py:496} INFO - Filling up the DagBag from /home/airflow/.local/lib/python3.6/site-packages/airflow/example_dags/tutorial_taskflow_api_etl_virtualenv.py
[2021-09-21 01:40:28,630] {processor.py:623} INFO - DAG(s) dict_keys(['tutorial_taskflow_api_etl_virtualenv']) retrieved from /home/airflow/.local/lib/python3.6/site-packages/airflow/example_dags/tutorial_taskflow_api_etl_virtualenv.py
[2021-09-21 01:40:28,653] {logging_mixin.py:109} INFO - [2021-09-21 01:40:28,653] {dag.py:1834} INFO - Sync 1 DAGs
[2021-09-21 01:40:28,669] {logging_mixin.py:109} INFO - [2021-09-21 01:40:28,669] {dag.py:2287} INFO - Setting next_dagrun for tutorial_taskflow_api_etl_virtualenv to None
[2021-09-21 01:40:28,679] {processor.py:170} INFO - Processing /home/airflow/.local/lib/python3.6/site-packages/airflow/example_dags/tutorial_taskflow_api_etl_virtualenv.py took 0.082 seconds
[2021-09-21 01:40:59,307] {processor.py:162} INFO - Started process (PID=2937) to work on /home/airflow/.local/lib/python3.6/site-packages/airflow/example_dags/tutorial_taskflow_api_etl_virtualenv.py
[2021-09-21 01:40:59,309] {processor.py:613} INFO - Processing file /home/airflow/.local/lib/python3.6/site-packages/airflow/example_dags/tutorial_taskflow_api_etl_virtualenv.py for tasks to queue
[2021-09-21 01:40:59,310] {logging_mixin.py:109} INFO - [2021-09-21 01:40:59,310] {dagbag.py:496} INFO - Filling up the DagBag from /home/airflow/.local/lib/python3.6/site-packages/airflow/example_dags/tutorial_taskflow_api_etl_virtualenv.py
[2021-09-21 01:40:59,332] {processor.py:623} INFO - DAG(s) dict_keys(['tutorial_taskflow_api_etl_virtualenv']) retrieved from /home/airflow/.local/lib/python3.6/site-packages/airflow/example_dags/tutorial_taskflow_api_etl_virtualenv.py
[2021-09-21 01:40:59,498] {logging_mixin.py:109} INFO - [2021-09-21 01:40:59,498] {dag.py:1834} INFO - Sync 1 DAGs
[2021-09-21 01:40:59,510] {logging_mixin.py:109} INFO - [2021-09-21 01:40:59,509] {dag.py:2287} INFO - Setting next_dagrun for tutorial_taskflow_api_etl_virtualenv to None
[2021-09-21 01:40:59,519] {processor.py:170} INFO - Processing /home/airflow/.local/lib/python3.6/site-packages/airflow/example_dags/tutorial_taskflow_api_etl_virtualenv.py took 0.219 seconds
[2021-09-21 01:41:30,225] {processor.py:162} INFO - Started process (PID=3001) to work on /home/airflow/.local/lib/python3.6/site-packages/airflow/example_dags/tutorial_taskflow_api_etl_virtualenv.py
[2021-09-21 01:41:30,227] {processor.py:613} INFO - Processing file /home/airflow/.local/lib/python3.6/site-packages/airflow/example_dags/tutorial_taskflow_api_etl_virtualenv.py for tasks to queue
[2021-09-21 01:41:30,229] {logging_mixin.py:109} INFO - [2021-09-21 01:41:30,229] {dagbag.py:496} INFO - Filling up the DagBag from /home/airflow/.local/lib/python3.6/site-packages/airflow/example_dags/tutorial_taskflow_api_etl_virtualenv.py
[2021-09-21 01:41:30,248] {processor.py:623} INFO - DAG(s) dict_keys(['tutorial_taskflow_api_etl_virtualenv']) retrieved from /home/airflow/.local/lib/python3.6/site-packages/airflow/example_dags/tutorial_taskflow_api_etl_virtualenv.py
[2021-09-21 01:41:30,417] {logging_mixin.py:109} INFO - [2021-09-21 01:41:30,417] {dag.py:1834} INFO - Sync 1 DAGs
[2021-09-21 01:41:30,428] {logging_mixin.py:109} INFO - [2021-09-21 01:41:30,428] {dag.py:2287} INFO - Setting next_dagrun for tutorial_taskflow_api_etl_virtualenv to None
[2021-09-21 01:41:30,438] {processor.py:170} INFO - Processing /home/airflow/.local/lib/python3.6/site-packages/airflow/example_dags/tutorial_taskflow_api_etl_virtualenv.py took 0.217 seconds
[2021-09-21 01:42:00,624] {processor.py:162} INFO - Started process (PID=3067) to work on /home/airflow/.local/lib/python3.6/site-packages/airflow/example_dags/tutorial_taskflow_api_etl_virtualenv.py
[2021-09-21 01:42:00,629] {processor.py:613} INFO - Processing file /home/airflow/.local/lib/python3.6/site-packages/airflow/example_dags/tutorial_taskflow_api_etl_virtualenv.py for tasks to queue
[2021-09-21 01:42:00,631] {logging_mixin.py:109} INFO - [2021-09-21 01:42:00,631] {dagbag.py:496} INFO - Filling up the DagBag from /home/airflow/.local/lib/python3.6/site-packages/airflow/example_dags/tutorial_taskflow_api_etl_virtualenv.py
[2021-09-21 01:42:00,676] {processor.py:623} INFO - DAG(s) dict_keys(['tutorial_taskflow_api_etl_virtualenv']) retrieved from /home/airflow/.local/lib/python3.6/site-packages/airflow/example_dags/tutorial_taskflow_api_etl_virtualenv.py
[2021-09-21 01:42:01,040] {logging_mixin.py:109} INFO - [2021-09-21 01:42:01,040] {dag.py:1834} INFO - Sync 1 DAGs
[2021-09-21 01:42:01,058] {logging_mixin.py:109} INFO - [2021-09-21 01:42:01,058] {dag.py:2287} INFO - Setting next_dagrun for tutorial_taskflow_api_etl_virtualenv to None
[2021-09-21 01:42:01,078] {processor.py:170} INFO - Processing /home/airflow/.local/lib/python3.6/site-packages/airflow/example_dags/tutorial_taskflow_api_etl_virtualenv.py took 0.465 seconds
[2021-09-21 01:42:31,923] {processor.py:162} INFO - Started process (PID=3121) to work on /home/airflow/.local/lib/python3.6/site-packages/airflow/example_dags/tutorial_taskflow_api_etl_virtualenv.py
[2021-09-21 01:42:31,925] {processor.py:613} INFO - Processing file /home/airflow/.local/lib/python3.6/site-packages/airflow/example_dags/tutorial_taskflow_api_etl_virtualenv.py for tasks to queue
[2021-09-21 01:42:31,928] {logging_mixin.py:109} INFO - [2021-09-21 01:42:31,928] {dagbag.py:496} INFO - Filling up the DagBag from /home/airflow/.local/lib/python3.6/site-packages/airflow/example_dags/tutorial_taskflow_api_etl_virtualenv.py
[2021-09-21 01:42:31,952] {processor.py:623} INFO - DAG(s) dict_keys(['tutorial_taskflow_api_etl_virtualenv']) retrieved from /home/airflow/.local/lib/python3.6/site-packages/airflow/example_dags/tutorial_taskflow_api_etl_virtualenv.py
[2021-09-21 01:42:32,125] {logging_mixin.py:109} INFO - [2021-09-21 01:42:32,125] {dag.py:1834} INFO - Sync 1 DAGs
[2021-09-21 01:42:32,136] {logging_mixin.py:109} INFO - [2021-09-21 01:42:32,136] {dag.py:2287} INFO - Setting next_dagrun for tutorial_taskflow_api_etl_virtualenv to None
[2021-09-21 01:42:32,146] {processor.py:170} INFO - Processing /home/airflow/.local/lib/python3.6/site-packages/airflow/example_dags/tutorial_taskflow_api_etl_virtualenv.py took 0.226 seconds
[2021-09-21 01:43:02,965] {processor.py:162} INFO - Started process (PID=3185) to work on /home/airflow/.local/lib/python3.6/site-packages/airflow/example_dags/tutorial_taskflow_api_etl_virtualenv.py
[2021-09-21 01:43:02,967] {processor.py:613} INFO - Processing file /home/airflow/.local/lib/python3.6/site-packages/airflow/example_dags/tutorial_taskflow_api_etl_virtualenv.py for tasks to queue
[2021-09-21 01:43:02,968] {logging_mixin.py:109} INFO - [2021-09-21 01:43:02,968] {dagbag.py:496} INFO - Filling up the DagBag from /home/airflow/.local/lib/python3.6/site-packages/airflow/example_dags/tutorial_taskflow_api_etl_virtualenv.py
[2021-09-21 01:43:02,988] {processor.py:623} INFO - DAG(s) dict_keys(['tutorial_taskflow_api_etl_virtualenv']) retrieved from /home/airflow/.local/lib/python3.6/site-packages/airflow/example_dags/tutorial_taskflow_api_etl_virtualenv.py
[2021-09-21 01:43:03,012] {logging_mixin.py:109} INFO - [2021-09-21 01:43:03,012] {dag.py:1834} INFO - Sync 1 DAGs
[2021-09-21 01:43:03,027] {logging_mixin.py:109} INFO - [2021-09-21 01:43:03,027] {dag.py:2287} INFO - Setting next_dagrun for tutorial_taskflow_api_etl_virtualenv to None
[2021-09-21 01:43:03,037] {processor.py:170} INFO - Processing /home/airflow/.local/lib/python3.6/site-packages/airflow/example_dags/tutorial_taskflow_api_etl_virtualenv.py took 0.076 seconds
[2021-09-21 01:43:33,713] {processor.py:162} INFO - Started process (PID=3236) to work on /home/airflow/.local/lib/python3.6/site-packages/airflow/example_dags/tutorial_taskflow_api_etl_virtualenv.py
[2021-09-21 01:43:33,717] {processor.py:613} INFO - Processing file /home/airflow/.local/lib/python3.6/site-packages/airflow/example_dags/tutorial_taskflow_api_etl_virtualenv.py for tasks to queue
[2021-09-21 01:43:33,719] {logging_mixin.py:109} INFO - [2021-09-21 01:43:33,719] {dagbag.py:496} INFO - Filling up the DagBag from /home/airflow/.local/lib/python3.6/site-packages/airflow/example_dags/tutorial_taskflow_api_etl_virtualenv.py
[2021-09-21 01:43:33,762] {processor.py:623} INFO - DAG(s) dict_keys(['tutorial_taskflow_api_etl_virtualenv']) retrieved from /home/airflow/.local/lib/python3.6/site-packages/airflow/example_dags/tutorial_taskflow_api_etl_virtualenv.py
[2021-09-21 01:43:34,129] {logging_mixin.py:109} INFO - [2021-09-21 01:43:34,129] {dag.py:1834} INFO - Sync 1 DAGs
[2021-09-21 01:43:34,163] {logging_mixin.py:109} INFO - [2021-09-21 01:43:34,162] {dag.py:2287} INFO - Setting next_dagrun for tutorial_taskflow_api_etl_virtualenv to None
[2021-09-21 01:43:34,179] {processor.py:170} INFO - Processing /home/airflow/.local/lib/python3.6/site-packages/airflow/example_dags/tutorial_taskflow_api_etl_virtualenv.py took 0.472 seconds
[2021-09-21 01:44:04,797] {processor.py:162} INFO - Started process (PID=3299) to work on /home/airflow/.local/lib/python3.6/site-packages/airflow/example_dags/tutorial_taskflow_api_etl_virtualenv.py
[2021-09-21 01:44:04,812] {processor.py:613} INFO - Processing file /home/airflow/.local/lib/python3.6/site-packages/airflow/example_dags/tutorial_taskflow_api_etl_virtualenv.py for tasks to queue
[2021-09-21 01:44:04,814] {logging_mixin.py:109} INFO - [2021-09-21 01:44:04,813] {dagbag.py:496} INFO - Filling up the DagBag from /home/airflow/.local/lib/python3.6/site-packages/airflow/example_dags/tutorial_taskflow_api_etl_virtualenv.py
[2021-09-21 01:44:04,832] {processor.py:623} INFO - DAG(s) dict_keys(['tutorial_taskflow_api_etl_virtualenv']) retrieved from /home/airflow/.local/lib/python3.6/site-packages/airflow/example_dags/tutorial_taskflow_api_etl_virtualenv.py
[2021-09-21 01:44:04,856] {logging_mixin.py:109} INFO - [2021-09-21 01:44:04,856] {dag.py:1834} INFO - Sync 1 DAGs
[2021-09-21 01:44:04,871] {logging_mixin.py:109} INFO - [2021-09-21 01:44:04,871] {dag.py:2287} INFO - Setting next_dagrun for tutorial_taskflow_api_etl_virtualenv to None
[2021-09-21 01:44:04,884] {processor.py:170} INFO - Processing /home/airflow/.local/lib/python3.6/site-packages/airflow/example_dags/tutorial_taskflow_api_etl_virtualenv.py took 0.090 seconds
[2021-09-21 01:44:35,574] {processor.py:162} INFO - Started process (PID=3362) to work on /home/airflow/.local/lib/python3.6/site-packages/airflow/example_dags/tutorial_taskflow_api_etl_virtualenv.py
[2021-09-21 01:44:35,576] {processor.py:613} INFO - Processing file /home/airflow/.local/lib/python3.6/site-packages/airflow/example_dags/tutorial_taskflow_api_etl_virtualenv.py for tasks to queue
[2021-09-21 01:44:35,577] {logging_mixin.py:109} INFO - [2021-09-21 01:44:35,577] {dagbag.py:496} INFO - Filling up the DagBag from /home/airflow/.local/lib/python3.6/site-packages/airflow/example_dags/tutorial_taskflow_api_etl_virtualenv.py
[2021-09-21 01:44:35,597] {processor.py:623} INFO - DAG(s) dict_keys(['tutorial_taskflow_api_etl_virtualenv']) retrieved from /home/airflow/.local/lib/python3.6/site-packages/airflow/example_dags/tutorial_taskflow_api_etl_virtualenv.py
[2021-09-21 01:44:35,760] {logging_mixin.py:109} INFO - [2021-09-21 01:44:35,760] {dag.py:1834} INFO - Sync 1 DAGs
[2021-09-21 01:44:35,773] {logging_mixin.py:109} INFO - [2021-09-21 01:44:35,773] {dag.py:2287} INFO - Setting next_dagrun for tutorial_taskflow_api_etl_virtualenv to None
[2021-09-21 01:44:35,785] {processor.py:170} INFO - Processing /home/airflow/.local/lib/python3.6/site-packages/airflow/example_dags/tutorial_taskflow_api_etl_virtualenv.py took 0.215 seconds
[2021-09-21 01:45:05,836] {processor.py:162} INFO - Started process (PID=3415) to work on /home/airflow/.local/lib/python3.6/site-packages/airflow/example_dags/tutorial_taskflow_api_etl_virtualenv.py
[2021-09-21 01:45:05,839] {processor.py:613} INFO - Processing file /home/airflow/.local/lib/python3.6/site-packages/airflow/example_dags/tutorial_taskflow_api_etl_virtualenv.py for tasks to queue
[2021-09-21 01:45:05,840] {logging_mixin.py:109} INFO - [2021-09-21 01:45:05,840] {dagbag.py:496} INFO - Filling up the DagBag from /home/airflow/.local/lib/python3.6/site-packages/airflow/example_dags/tutorial_taskflow_api_etl_virtualenv.py
[2021-09-21 01:45:05,862] {processor.py:623} INFO - DAG(s) dict_keys(['tutorial_taskflow_api_etl_virtualenv']) retrieved from /home/airflow/.local/lib/python3.6/site-packages/airflow/example_dags/tutorial_taskflow_api_etl_virtualenv.py
[2021-09-21 01:45:05,896] {logging_mixin.py:109} INFO - [2021-09-21 01:45:05,896] {dag.py:1834} INFO - Sync 1 DAGs
[2021-09-21 01:45:05,911] {logging_mixin.py:109} INFO - [2021-09-21 01:45:05,911] {dag.py:2287} INFO - Setting next_dagrun for tutorial_taskflow_api_etl_virtualenv to None
[2021-09-21 01:45:05,922] {processor.py:170} INFO - Processing /home/airflow/.local/lib/python3.6/site-packages/airflow/example_dags/tutorial_taskflow_api_etl_virtualenv.py took 0.091 seconds
[2021-09-21 01:45:36,547] {processor.py:162} INFO - Started process (PID=3479) to work on /home/airflow/.local/lib/python3.6/site-packages/airflow/example_dags/tutorial_taskflow_api_etl_virtualenv.py
[2021-09-21 01:45:36,549] {processor.py:613} INFO - Processing file /home/airflow/.local/lib/python3.6/site-packages/airflow/example_dags/tutorial_taskflow_api_etl_virtualenv.py for tasks to queue
[2021-09-21 01:45:36,550] {logging_mixin.py:109} INFO - [2021-09-21 01:45:36,550] {dagbag.py:496} INFO - Filling up the DagBag from /home/airflow/.local/lib/python3.6/site-packages/airflow/example_dags/tutorial_taskflow_api_etl_virtualenv.py
[2021-09-21 01:45:36,569] {processor.py:623} INFO - DAG(s) dict_keys(['tutorial_taskflow_api_etl_virtualenv']) retrieved from /home/airflow/.local/lib/python3.6/site-packages/airflow/example_dags/tutorial_taskflow_api_etl_virtualenv.py
[2021-09-21 01:45:36,594] {logging_mixin.py:109} INFO - [2021-09-21 01:45:36,594] {dag.py:1834} INFO - Sync 1 DAGs
[2021-09-21 01:45:36,608] {logging_mixin.py:109} INFO - [2021-09-21 01:45:36,608] {dag.py:2287} INFO - Setting next_dagrun for tutorial_taskflow_api_etl_virtualenv to None
[2021-09-21 01:45:36,617] {processor.py:170} INFO - Processing /home/airflow/.local/lib/python3.6/site-packages/airflow/example_dags/tutorial_taskflow_api_etl_virtualenv.py took 0.073 seconds
[2021-09-21 01:46:07,366] {processor.py:162} INFO - Started process (PID=3541) to work on /home/airflow/.local/lib/python3.6/site-packages/airflow/example_dags/tutorial_taskflow_api_etl_virtualenv.py
[2021-09-21 01:46:07,368] {processor.py:613} INFO - Processing file /home/airflow/.local/lib/python3.6/site-packages/airflow/example_dags/tutorial_taskflow_api_etl_virtualenv.py for tasks to queue
[2021-09-21 01:46:07,370] {logging_mixin.py:109} INFO - [2021-09-21 01:46:07,369] {dagbag.py:496} INFO - Filling up the DagBag from /home/airflow/.local/lib/python3.6/site-packages/airflow/example_dags/tutorial_taskflow_api_etl_virtualenv.py
[2021-09-21 01:46:07,386] {processor.py:623} INFO - DAG(s) dict_keys(['tutorial_taskflow_api_etl_virtualenv']) retrieved from /home/airflow/.local/lib/python3.6/site-packages/airflow/example_dags/tutorial_taskflow_api_etl_virtualenv.py
[2021-09-21 01:46:07,571] {logging_mixin.py:109} INFO - [2021-09-21 01:46:07,571] {dag.py:1834} INFO - Sync 1 DAGs
[2021-09-21 01:46:07,585] {logging_mixin.py:109} INFO - [2021-09-21 01:46:07,585] {dag.py:2287} INFO - Setting next_dagrun for tutorial_taskflow_api_etl_virtualenv to None
[2021-09-21 01:46:07,598] {processor.py:170} INFO - Processing /home/airflow/.local/lib/python3.6/site-packages/airflow/example_dags/tutorial_taskflow_api_etl_virtualenv.py took 0.235 seconds
[2021-09-21 01:46:37,819] {processor.py:162} INFO - Started process (PID=3594) to work on /home/airflow/.local/lib/python3.6/site-packages/airflow/example_dags/tutorial_taskflow_api_etl_virtualenv.py
[2021-09-21 01:46:37,821] {processor.py:613} INFO - Processing file /home/airflow/.local/lib/python3.6/site-packages/airflow/example_dags/tutorial_taskflow_api_etl_virtualenv.py for tasks to queue
[2021-09-21 01:46:37,822] {logging_mixin.py:109} INFO - [2021-09-21 01:46:37,822] {dagbag.py:496} INFO - Filling up the DagBag from /home/airflow/.local/lib/python3.6/site-packages/airflow/example_dags/tutorial_taskflow_api_etl_virtualenv.py
[2021-09-21 01:46:37,843] {processor.py:623} INFO - DAG(s) dict_keys(['tutorial_taskflow_api_etl_virtualenv']) retrieved from /home/airflow/.local/lib/python3.6/site-packages/airflow/example_dags/tutorial_taskflow_api_etl_virtualenv.py
[2021-09-21 01:46:37,868] {logging_mixin.py:109} INFO - [2021-09-21 01:46:37,868] {dag.py:1834} INFO - Sync 1 DAGs
[2021-09-21 01:46:37,887] {logging_mixin.py:109} INFO - [2021-09-21 01:46:37,886] {dag.py:2287} INFO - Setting next_dagrun for tutorial_taskflow_api_etl_virtualenv to None
[2021-09-21 01:46:37,897] {processor.py:170} INFO - Processing /home/airflow/.local/lib/python3.6/site-packages/airflow/example_dags/tutorial_taskflow_api_etl_virtualenv.py took 0.082 seconds
[2021-09-21 01:47:08,181] {processor.py:162} INFO - Started process (PID=3661) to work on /home/airflow/.local/lib/python3.6/site-packages/airflow/example_dags/tutorial_taskflow_api_etl_virtualenv.py
[2021-09-21 01:47:08,184] {processor.py:613} INFO - Processing file /home/airflow/.local/lib/python3.6/site-packages/airflow/example_dags/tutorial_taskflow_api_etl_virtualenv.py for tasks to queue
[2021-09-21 01:47:08,186] {logging_mixin.py:109} INFO - [2021-09-21 01:47:08,186] {dagbag.py:496} INFO - Filling up the DagBag from /home/airflow/.local/lib/python3.6/site-packages/airflow/example_dags/tutorial_taskflow_api_etl_virtualenv.py
[2021-09-21 01:47:08,223] {processor.py:623} INFO - DAG(s) dict_keys(['tutorial_taskflow_api_etl_virtualenv']) retrieved from /home/airflow/.local/lib/python3.6/site-packages/airflow/example_dags/tutorial_taskflow_api_etl_virtualenv.py
[2021-09-21 01:47:08,709] {logging_mixin.py:109} INFO - [2021-09-21 01:47:08,709] {dag.py:1834} INFO - Sync 1 DAGs
[2021-09-21 01:47:08,757] {logging_mixin.py:109} INFO - [2021-09-21 01:47:08,757] {dag.py:2287} INFO - Setting next_dagrun for tutorial_taskflow_api_etl_virtualenv to None
[2021-09-21 01:47:08,814] {processor.py:170} INFO - Processing /home/airflow/.local/lib/python3.6/site-packages/airflow/example_dags/tutorial_taskflow_api_etl_virtualenv.py took 0.638 seconds
[2021-09-21 01:47:38,936] {processor.py:162} INFO - Started process (PID=3715) to work on /home/airflow/.local/lib/python3.6/site-packages/airflow/example_dags/tutorial_taskflow_api_etl_virtualenv.py
[2021-09-21 01:47:38,939] {processor.py:613} INFO - Processing file /home/airflow/.local/lib/python3.6/site-packages/airflow/example_dags/tutorial_taskflow_api_etl_virtualenv.py for tasks to queue
[2021-09-21 01:47:38,941] {logging_mixin.py:109} INFO - [2021-09-21 01:47:38,941] {dagbag.py:496} INFO - Filling up the DagBag from /home/airflow/.local/lib/python3.6/site-packages/airflow/example_dags/tutorial_taskflow_api_etl_virtualenv.py
[2021-09-21 01:47:38,970] {processor.py:623} INFO - DAG(s) dict_keys(['tutorial_taskflow_api_etl_virtualenv']) retrieved from /home/airflow/.local/lib/python3.6/site-packages/airflow/example_dags/tutorial_taskflow_api_etl_virtualenv.py
[2021-09-21 01:47:39,243] {logging_mixin.py:109} INFO - [2021-09-21 01:47:39,243] {dag.py:1834} INFO - Sync 1 DAGs
[2021-09-21 01:47:39,268] {logging_mixin.py:109} INFO - [2021-09-21 01:47:39,268] {dag.py:2287} INFO - Setting next_dagrun for tutorial_taskflow_api_etl_virtualenv to None
[2021-09-21 01:47:39,296] {processor.py:170} INFO - Processing /home/airflow/.local/lib/python3.6/site-packages/airflow/example_dags/tutorial_taskflow_api_etl_virtualenv.py took 0.366 seconds
[2021-09-21 01:48:09,495] {processor.py:162} INFO - Started process (PID=3778) to work on /home/airflow/.local/lib/python3.6/site-packages/airflow/example_dags/tutorial_taskflow_api_etl_virtualenv.py
[2021-09-21 01:48:09,497] {processor.py:613} INFO - Processing file /home/airflow/.local/lib/python3.6/site-packages/airflow/example_dags/tutorial_taskflow_api_etl_virtualenv.py for tasks to queue
[2021-09-21 01:48:09,499] {logging_mixin.py:109} INFO - [2021-09-21 01:48:09,499] {dagbag.py:496} INFO - Filling up the DagBag from /home/airflow/.local/lib/python3.6/site-packages/airflow/example_dags/tutorial_taskflow_api_etl_virtualenv.py
[2021-09-21 01:48:09,518] {processor.py:623} INFO - DAG(s) dict_keys(['tutorial_taskflow_api_etl_virtualenv']) retrieved from /home/airflow/.local/lib/python3.6/site-packages/airflow/example_dags/tutorial_taskflow_api_etl_virtualenv.py
[2021-09-21 01:48:09,717] {logging_mixin.py:109} INFO - [2021-09-21 01:48:09,717] {dag.py:1834} INFO - Sync 1 DAGs
[2021-09-21 01:48:09,733] {logging_mixin.py:109} INFO - [2021-09-21 01:48:09,733] {dag.py:2287} INFO - Setting next_dagrun for tutorial_taskflow_api_etl_virtualenv to None
[2021-09-21 01:48:09,745] {processor.py:170} INFO - Processing /home/airflow/.local/lib/python3.6/site-packages/airflow/example_dags/tutorial_taskflow_api_etl_virtualenv.py took 0.254 seconds
[2021-09-21 01:48:39,811] {processor.py:162} INFO - Started process (PID=3832) to work on /home/airflow/.local/lib/python3.6/site-packages/airflow/example_dags/tutorial_taskflow_api_etl_virtualenv.py
[2021-09-21 01:48:39,813] {processor.py:613} INFO - Processing file /home/airflow/.local/lib/python3.6/site-packages/airflow/example_dags/tutorial_taskflow_api_etl_virtualenv.py for tasks to queue
[2021-09-21 01:48:39,814] {logging_mixin.py:109} INFO - [2021-09-21 01:48:39,814] {dagbag.py:496} INFO - Filling up the DagBag from /home/airflow/.local/lib/python3.6/site-packages/airflow/example_dags/tutorial_taskflow_api_etl_virtualenv.py
[2021-09-21 01:48:39,835] {processor.py:623} INFO - DAG(s) dict_keys(['tutorial_taskflow_api_etl_virtualenv']) retrieved from /home/airflow/.local/lib/python3.6/site-packages/airflow/example_dags/tutorial_taskflow_api_etl_virtualenv.py
[2021-09-21 01:48:40,000] {logging_mixin.py:109} INFO - [2021-09-21 01:48:40,000] {dag.py:1834} INFO - Sync 1 DAGs
[2021-09-21 01:48:40,014] {logging_mixin.py:109} INFO - [2021-09-21 01:48:40,014] {dag.py:2287} INFO - Setting next_dagrun for tutorial_taskflow_api_etl_virtualenv to None
[2021-09-21 01:48:40,025] {processor.py:170} INFO - Processing /home/airflow/.local/lib/python3.6/site-packages/airflow/example_dags/tutorial_taskflow_api_etl_virtualenv.py took 0.219 seconds
[2021-09-21 01:49:10,089] {processor.py:162} INFO - Started process (PID=3895) to work on /home/airflow/.local/lib/python3.6/site-packages/airflow/example_dags/tutorial_taskflow_api_etl_virtualenv.py
[2021-09-21 01:49:10,091] {processor.py:613} INFO - Processing file /home/airflow/.local/lib/python3.6/site-packages/airflow/example_dags/tutorial_taskflow_api_etl_virtualenv.py for tasks to queue
[2021-09-21 01:49:10,093] {logging_mixin.py:109} INFO - [2021-09-21 01:49:10,092] {dagbag.py:496} INFO - Filling up the DagBag from /home/airflow/.local/lib/python3.6/site-packages/airflow/example_dags/tutorial_taskflow_api_etl_virtualenv.py
[2021-09-21 01:49:10,111] {processor.py:623} INFO - DAG(s) dict_keys(['tutorial_taskflow_api_etl_virtualenv']) retrieved from /home/airflow/.local/lib/python3.6/site-packages/airflow/example_dags/tutorial_taskflow_api_etl_virtualenv.py
[2021-09-21 01:49:10,282] {logging_mixin.py:109} INFO - [2021-09-21 01:49:10,282] {dag.py:1834} INFO - Sync 1 DAGs
[2021-09-21 01:49:10,299] {logging_mixin.py:109} INFO - [2021-09-21 01:49:10,299] {dag.py:2287} INFO - Setting next_dagrun for tutorial_taskflow_api_etl_virtualenv to None
[2021-09-21 01:49:10,316] {processor.py:170} INFO - Processing /home/airflow/.local/lib/python3.6/site-packages/airflow/example_dags/tutorial_taskflow_api_etl_virtualenv.py took 0.231 seconds
[2021-09-21 01:49:40,370] {processor.py:162} INFO - Started process (PID=3958) to work on /home/airflow/.local/lib/python3.6/site-packages/airflow/example_dags/tutorial_taskflow_api_etl_virtualenv.py
[2021-09-21 01:49:40,372] {processor.py:613} INFO - Processing file /home/airflow/.local/lib/python3.6/site-packages/airflow/example_dags/tutorial_taskflow_api_etl_virtualenv.py for tasks to queue
[2021-09-21 01:49:40,373] {logging_mixin.py:109} INFO - [2021-09-21 01:49:40,373] {dagbag.py:496} INFO - Filling up the DagBag from /home/airflow/.local/lib/python3.6/site-packages/airflow/example_dags/tutorial_taskflow_api_etl_virtualenv.py
[2021-09-21 01:49:40,390] {processor.py:623} INFO - DAG(s) dict_keys(['tutorial_taskflow_api_etl_virtualenv']) retrieved from /home/airflow/.local/lib/python3.6/site-packages/airflow/example_dags/tutorial_taskflow_api_etl_virtualenv.py
[2021-09-21 01:49:40,546] {logging_mixin.py:109} INFO - [2021-09-21 01:49:40,546] {dag.py:1834} INFO - Sync 1 DAGs
[2021-09-21 01:49:40,558] {logging_mixin.py:109} INFO - [2021-09-21 01:49:40,558] {dag.py:2287} INFO - Setting next_dagrun for tutorial_taskflow_api_etl_virtualenv to None
[2021-09-21 01:49:40,568] {processor.py:170} INFO - Processing /home/airflow/.local/lib/python3.6/site-packages/airflow/example_dags/tutorial_taskflow_api_etl_virtualenv.py took 0.205 seconds
[2021-09-21 01:50:10,754] {processor.py:162} INFO - Started process (PID=4011) to work on /home/airflow/.local/lib/python3.6/site-packages/airflow/example_dags/tutorial_taskflow_api_etl_virtualenv.py
[2021-09-21 01:50:10,756] {processor.py:613} INFO - Processing file /home/airflow/.local/lib/python3.6/site-packages/airflow/example_dags/tutorial_taskflow_api_etl_virtualenv.py for tasks to queue
[2021-09-21 01:50:10,759] {logging_mixin.py:109} INFO - [2021-09-21 01:50:10,759] {dagbag.py:496} INFO - Filling up the DagBag from /home/airflow/.local/lib/python3.6/site-packages/airflow/example_dags/tutorial_taskflow_api_etl_virtualenv.py
[2021-09-21 01:50:10,793] {processor.py:623} INFO - DAG(s) dict_keys(['tutorial_taskflow_api_etl_virtualenv']) retrieved from /home/airflow/.local/lib/python3.6/site-packages/airflow/example_dags/tutorial_taskflow_api_etl_virtualenv.py
[2021-09-21 01:50:11,004] {logging_mixin.py:109} INFO - [2021-09-21 01:50:11,004] {dag.py:1834} INFO - Sync 1 DAGs
[2021-09-21 01:50:11,027] {logging_mixin.py:109} INFO - [2021-09-21 01:50:11,027] {dag.py:2287} INFO - Setting next_dagrun for tutorial_taskflow_api_etl_virtualenv to None
[2021-09-21 01:50:11,044] {processor.py:170} INFO - Processing /home/airflow/.local/lib/python3.6/site-packages/airflow/example_dags/tutorial_taskflow_api_etl_virtualenv.py took 0.293 seconds
[2021-09-21 01:50:41,484] {processor.py:162} INFO - Started process (PID=4072) to work on /home/airflow/.local/lib/python3.6/site-packages/airflow/example_dags/tutorial_taskflow_api_etl_virtualenv.py
[2021-09-21 01:50:41,487] {processor.py:613} INFO - Processing file /home/airflow/.local/lib/python3.6/site-packages/airflow/example_dags/tutorial_taskflow_api_etl_virtualenv.py for tasks to queue
[2021-09-21 01:50:41,489] {logging_mixin.py:109} INFO - [2021-09-21 01:50:41,489] {dagbag.py:496} INFO - Filling up the DagBag from /home/airflow/.local/lib/python3.6/site-packages/airflow/example_dags/tutorial_taskflow_api_etl_virtualenv.py
[2021-09-21 01:50:41,514] {processor.py:623} INFO - DAG(s) dict_keys(['tutorial_taskflow_api_etl_virtualenv']) retrieved from /home/airflow/.local/lib/python3.6/site-packages/airflow/example_dags/tutorial_taskflow_api_etl_virtualenv.py
[2021-09-21 01:50:41,799] {logging_mixin.py:109} INFO - [2021-09-21 01:50:41,799] {dag.py:1834} INFO - Sync 1 DAGs
[2021-09-21 01:50:41,816] {logging_mixin.py:109} INFO - [2021-09-21 01:50:41,816] {dag.py:2287} INFO - Setting next_dagrun for tutorial_taskflow_api_etl_virtualenv to None
[2021-09-21 01:50:41,832] {processor.py:170} INFO - Processing /home/airflow/.local/lib/python3.6/site-packages/airflow/example_dags/tutorial_taskflow_api_etl_virtualenv.py took 0.352 seconds
[2021-09-21 01:51:12,002] {processor.py:162} INFO - Started process (PID=4126) to work on /home/airflow/.local/lib/python3.6/site-packages/airflow/example_dags/tutorial_taskflow_api_etl_virtualenv.py
[2021-09-21 01:51:12,004] {processor.py:613} INFO - Processing file /home/airflow/.local/lib/python3.6/site-packages/airflow/example_dags/tutorial_taskflow_api_etl_virtualenv.py for tasks to queue
[2021-09-21 01:51:12,005] {logging_mixin.py:109} INFO - [2021-09-21 01:51:12,005] {dagbag.py:496} INFO - Filling up the DagBag from /home/airflow/.local/lib/python3.6/site-packages/airflow/example_dags/tutorial_taskflow_api_etl_virtualenv.py
[2021-09-21 01:51:12,026] {processor.py:623} INFO - DAG(s) dict_keys(['tutorial_taskflow_api_etl_virtualenv']) retrieved from /home/airflow/.local/lib/python3.6/site-packages/airflow/example_dags/tutorial_taskflow_api_etl_virtualenv.py
[2021-09-21 01:51:12,052] {logging_mixin.py:109} INFO - [2021-09-21 01:51:12,052] {dag.py:1834} INFO - Sync 1 DAGs
[2021-09-21 01:51:12,067] {logging_mixin.py:109} INFO - [2021-09-21 01:51:12,067] {dag.py:2287} INFO - Setting next_dagrun for tutorial_taskflow_api_etl_virtualenv to None
[2021-09-21 01:51:12,078] {processor.py:170} INFO - Processing /home/airflow/.local/lib/python3.6/site-packages/airflow/example_dags/tutorial_taskflow_api_etl_virtualenv.py took 0.080 seconds
[2021-09-21 01:51:42,125] {processor.py:162} INFO - Started process (PID=4191) to work on /home/airflow/.local/lib/python3.6/site-packages/airflow/example_dags/tutorial_taskflow_api_etl_virtualenv.py
[2021-09-21 01:51:42,129] {processor.py:613} INFO - Processing file /home/airflow/.local/lib/python3.6/site-packages/airflow/example_dags/tutorial_taskflow_api_etl_virtualenv.py for tasks to queue
[2021-09-21 01:51:42,132] {logging_mixin.py:109} INFO - [2021-09-21 01:51:42,132] {dagbag.py:496} INFO - Filling up the DagBag from /home/airflow/.local/lib/python3.6/site-packages/airflow/example_dags/tutorial_taskflow_api_etl_virtualenv.py
[2021-09-21 01:51:42,155] {processor.py:623} INFO - DAG(s) dict_keys(['tutorial_taskflow_api_etl_virtualenv']) retrieved from /home/airflow/.local/lib/python3.6/site-packages/airflow/example_dags/tutorial_taskflow_api_etl_virtualenv.py
[2021-09-21 01:51:42,346] {logging_mixin.py:109} INFO - [2021-09-21 01:51:42,346] {dag.py:1834} INFO - Sync 1 DAGs
[2021-09-21 01:51:42,359] {logging_mixin.py:109} INFO - [2021-09-21 01:51:42,359] {dag.py:2287} INFO - Setting next_dagrun for tutorial_taskflow_api_etl_virtualenv to None
[2021-09-21 01:51:42,373] {processor.py:170} INFO - Processing /home/airflow/.local/lib/python3.6/site-packages/airflow/example_dags/tutorial_taskflow_api_etl_virtualenv.py took 0.254 seconds
[2021-09-21 01:52:12,551] {processor.py:162} INFO - Started process (PID=4242) to work on /home/airflow/.local/lib/python3.6/site-packages/airflow/example_dags/tutorial_taskflow_api_etl_virtualenv.py
[2021-09-21 01:52:12,553] {processor.py:613} INFO - Processing file /home/airflow/.local/lib/python3.6/site-packages/airflow/example_dags/tutorial_taskflow_api_etl_virtualenv.py for tasks to queue
[2021-09-21 01:52:12,554] {logging_mixin.py:109} INFO - [2021-09-21 01:52:12,554] {dagbag.py:496} INFO - Filling up the DagBag from /home/airflow/.local/lib/python3.6/site-packages/airflow/example_dags/tutorial_taskflow_api_etl_virtualenv.py
[2021-09-21 01:52:12,572] {processor.py:623} INFO - DAG(s) dict_keys(['tutorial_taskflow_api_etl_virtualenv']) retrieved from /home/airflow/.local/lib/python3.6/site-packages/airflow/example_dags/tutorial_taskflow_api_etl_virtualenv.py
[2021-09-21 01:52:12,735] {logging_mixin.py:109} INFO - [2021-09-21 01:52:12,735] {dag.py:1834} INFO - Sync 1 DAGs
[2021-09-21 01:52:12,746] {logging_mixin.py:109} INFO - [2021-09-21 01:52:12,746] {dag.py:2287} INFO - Setting next_dagrun for tutorial_taskflow_api_etl_virtualenv to None
[2021-09-21 01:52:12,757] {processor.py:170} INFO - Processing /home/airflow/.local/lib/python3.6/site-packages/airflow/example_dags/tutorial_taskflow_api_etl_virtualenv.py took 0.210 seconds
