[2021-09-21 01:17:21,232] {processor.py:162} INFO - Started process (PID=152) to work on /home/airflow/.local/lib/python3.6/site-packages/airflow/example_dags/tutorial.py
[2021-09-21 01:17:21,236] {processor.py:613} INFO - Processing file /home/airflow/.local/lib/python3.6/site-packages/airflow/example_dags/tutorial.py for tasks to queue
[2021-09-21 01:17:21,240] {logging_mixin.py:109} INFO - [2021-09-21 01:17:21,239] {dagbag.py:496} INFO - Filling up the DagBag from /home/airflow/.local/lib/python3.6/site-packages/airflow/example_dags/tutorial.py
[2021-09-21 01:17:21,259] {processor.py:623} INFO - DAG(s) dict_keys(['tutorial']) retrieved from /home/airflow/.local/lib/python3.6/site-packages/airflow/example_dags/tutorial.py
[2021-09-21 01:17:23,227] {logging_mixin.py:109} INFO - [2021-09-21 01:17:23,226] {dag.py:1834} INFO - Sync 1 DAGs
[2021-09-21 01:17:23,241] {logging_mixin.py:109} INFO - [2021-09-21 01:17:23,240] {dag.py:1853} INFO - Creating ORM DAG for tutorial
[2021-09-21 01:17:23,246] {logging_mixin.py:109} INFO - [2021-09-21 01:17:23,246] {dag.py:2287} INFO - Setting next_dagrun for tutorial to 2021-09-19 00:00:00+00:00
[2021-09-21 01:17:23,262] {processor.py:170} INFO - Processing /home/airflow/.local/lib/python3.6/site-packages/airflow/example_dags/tutorial.py took 2.072 seconds
[2021-09-21 01:17:54,000] {processor.py:162} INFO - Started process (PID=324) to work on /home/airflow/.local/lib/python3.6/site-packages/airflow/example_dags/tutorial.py
[2021-09-21 01:17:54,002] {processor.py:613} INFO - Processing file /home/airflow/.local/lib/python3.6/site-packages/airflow/example_dags/tutorial.py for tasks to queue
[2021-09-21 01:17:54,004] {logging_mixin.py:109} INFO - [2021-09-21 01:17:54,004] {dagbag.py:496} INFO - Filling up the DagBag from /home/airflow/.local/lib/python3.6/site-packages/airflow/example_dags/tutorial.py
[2021-09-21 01:17:54,023] {processor.py:623} INFO - DAG(s) dict_keys(['tutorial']) retrieved from /home/airflow/.local/lib/python3.6/site-packages/airflow/example_dags/tutorial.py
[2021-09-21 01:17:54,045] {logging_mixin.py:109} INFO - [2021-09-21 01:17:54,045] {dag.py:1834} INFO - Sync 1 DAGs
[2021-09-21 01:17:54,058] {logging_mixin.py:109} INFO - [2021-09-21 01:17:54,058] {dag.py:2287} INFO - Setting next_dagrun for tutorial to 2021-09-19 00:00:00+00:00
[2021-09-21 01:17:54,068] {processor.py:170} INFO - Processing /home/airflow/.local/lib/python3.6/site-packages/airflow/example_dags/tutorial.py took 0.071 seconds
[2021-09-21 01:18:24,969] {processor.py:162} INFO - Started process (PID=376) to work on /home/airflow/.local/lib/python3.6/site-packages/airflow/example_dags/tutorial.py
[2021-09-21 01:18:24,971] {processor.py:613} INFO - Processing file /home/airflow/.local/lib/python3.6/site-packages/airflow/example_dags/tutorial.py for tasks to queue
[2021-09-21 01:18:24,972] {logging_mixin.py:109} INFO - [2021-09-21 01:18:24,972] {dagbag.py:496} INFO - Filling up the DagBag from /home/airflow/.local/lib/python3.6/site-packages/airflow/example_dags/tutorial.py
[2021-09-21 01:18:24,987] {processor.py:623} INFO - DAG(s) dict_keys(['tutorial']) retrieved from /home/airflow/.local/lib/python3.6/site-packages/airflow/example_dags/tutorial.py
[2021-09-21 01:18:25,013] {logging_mixin.py:109} INFO - [2021-09-21 01:18:25,013] {dag.py:1834} INFO - Sync 1 DAGs
[2021-09-21 01:18:25,029] {logging_mixin.py:109} INFO - [2021-09-21 01:18:25,028] {dag.py:2287} INFO - Setting next_dagrun for tutorial to 2021-09-19 00:00:00+00:00
[2021-09-21 01:18:25,040] {processor.py:170} INFO - Processing /home/airflow/.local/lib/python3.6/site-packages/airflow/example_dags/tutorial.py took 0.075 seconds
[2021-09-21 01:18:55,129] {processor.py:162} INFO - Started process (PID=441) to work on /home/airflow/.local/lib/python3.6/site-packages/airflow/example_dags/tutorial.py
[2021-09-21 01:18:55,131] {processor.py:613} INFO - Processing file /home/airflow/.local/lib/python3.6/site-packages/airflow/example_dags/tutorial.py for tasks to queue
[2021-09-21 01:18:55,132] {logging_mixin.py:109} INFO - [2021-09-21 01:18:55,132] {dagbag.py:496} INFO - Filling up the DagBag from /home/airflow/.local/lib/python3.6/site-packages/airflow/example_dags/tutorial.py
[2021-09-21 01:18:55,146] {processor.py:623} INFO - DAG(s) dict_keys(['tutorial']) retrieved from /home/airflow/.local/lib/python3.6/site-packages/airflow/example_dags/tutorial.py
[2021-09-21 01:18:55,171] {logging_mixin.py:109} INFO - [2021-09-21 01:18:55,171] {dag.py:1834} INFO - Sync 1 DAGs
[2021-09-21 01:18:55,185] {logging_mixin.py:109} INFO - [2021-09-21 01:18:55,185] {dag.py:2287} INFO - Setting next_dagrun for tutorial to 2021-09-19 00:00:00+00:00
[2021-09-21 01:18:55,194] {processor.py:170} INFO - Processing /home/airflow/.local/lib/python3.6/site-packages/airflow/example_dags/tutorial.py took 0.070 seconds
[2021-09-21 01:19:25,276] {processor.py:162} INFO - Started process (PID=493) to work on /home/airflow/.local/lib/python3.6/site-packages/airflow/example_dags/tutorial.py
[2021-09-21 01:19:25,278] {processor.py:613} INFO - Processing file /home/airflow/.local/lib/python3.6/site-packages/airflow/example_dags/tutorial.py for tasks to queue
[2021-09-21 01:19:25,280] {logging_mixin.py:109} INFO - [2021-09-21 01:19:25,279] {dagbag.py:496} INFO - Filling up the DagBag from /home/airflow/.local/lib/python3.6/site-packages/airflow/example_dags/tutorial.py
[2021-09-21 01:19:25,295] {processor.py:623} INFO - DAG(s) dict_keys(['tutorial']) retrieved from /home/airflow/.local/lib/python3.6/site-packages/airflow/example_dags/tutorial.py
[2021-09-21 01:19:25,321] {logging_mixin.py:109} INFO - [2021-09-21 01:19:25,321] {dag.py:1834} INFO - Sync 1 DAGs
[2021-09-21 01:19:25,341] {logging_mixin.py:109} INFO - [2021-09-21 01:19:25,341] {dag.py:2287} INFO - Setting next_dagrun for tutorial to 2021-09-19 00:00:00+00:00
[2021-09-21 01:19:25,353] {processor.py:170} INFO - Processing /home/airflow/.local/lib/python3.6/site-packages/airflow/example_dags/tutorial.py took 0.081 seconds
[2021-09-21 01:19:55,511] {processor.py:162} INFO - Started process (PID=557) to work on /home/airflow/.local/lib/python3.6/site-packages/airflow/example_dags/tutorial.py
[2021-09-21 01:19:55,513] {processor.py:613} INFO - Processing file /home/airflow/.local/lib/python3.6/site-packages/airflow/example_dags/tutorial.py for tasks to queue
[2021-09-21 01:19:55,515] {logging_mixin.py:109} INFO - [2021-09-21 01:19:55,515] {dagbag.py:496} INFO - Filling up the DagBag from /home/airflow/.local/lib/python3.6/site-packages/airflow/example_dags/tutorial.py
[2021-09-21 01:19:55,530] {processor.py:623} INFO - DAG(s) dict_keys(['tutorial']) retrieved from /home/airflow/.local/lib/python3.6/site-packages/airflow/example_dags/tutorial.py
[2021-09-21 01:19:55,555] {logging_mixin.py:109} INFO - [2021-09-21 01:19:55,555] {dag.py:1834} INFO - Sync 1 DAGs
[2021-09-21 01:19:55,570] {logging_mixin.py:109} INFO - [2021-09-21 01:19:55,570] {dag.py:2287} INFO - Setting next_dagrun for tutorial to 2021-09-19 00:00:00+00:00
[2021-09-21 01:19:55,581] {processor.py:170} INFO - Processing /home/airflow/.local/lib/python3.6/site-packages/airflow/example_dags/tutorial.py took 0.073 seconds
[2021-09-21 01:20:25,674] {processor.py:162} INFO - Started process (PID=621) to work on /home/airflow/.local/lib/python3.6/site-packages/airflow/example_dags/tutorial.py
[2021-09-21 01:20:25,676] {processor.py:613} INFO - Processing file /home/airflow/.local/lib/python3.6/site-packages/airflow/example_dags/tutorial.py for tasks to queue
[2021-09-21 01:20:25,678] {logging_mixin.py:109} INFO - [2021-09-21 01:20:25,677] {dagbag.py:496} INFO - Filling up the DagBag from /home/airflow/.local/lib/python3.6/site-packages/airflow/example_dags/tutorial.py
[2021-09-21 01:20:25,693] {processor.py:623} INFO - DAG(s) dict_keys(['tutorial']) retrieved from /home/airflow/.local/lib/python3.6/site-packages/airflow/example_dags/tutorial.py
[2021-09-21 01:20:25,723] {logging_mixin.py:109} INFO - [2021-09-21 01:20:25,723] {dag.py:1834} INFO - Sync 1 DAGs
[2021-09-21 01:20:25,737] {logging_mixin.py:109} INFO - [2021-09-21 01:20:25,737] {dag.py:2287} INFO - Setting next_dagrun for tutorial to 2021-09-19 00:00:00+00:00
[2021-09-21 01:20:25,748] {processor.py:170} INFO - Processing /home/airflow/.local/lib/python3.6/site-packages/airflow/example_dags/tutorial.py took 0.078 seconds
[2021-09-21 01:20:55,904] {processor.py:162} INFO - Started process (PID=676) to work on /home/airflow/.local/lib/python3.6/site-packages/airflow/example_dags/tutorial.py
[2021-09-21 01:20:55,907] {processor.py:613} INFO - Processing file /home/airflow/.local/lib/python3.6/site-packages/airflow/example_dags/tutorial.py for tasks to queue
[2021-09-21 01:20:55,909] {logging_mixin.py:109} INFO - [2021-09-21 01:20:55,909] {dagbag.py:496} INFO - Filling up the DagBag from /home/airflow/.local/lib/python3.6/site-packages/airflow/example_dags/tutorial.py
[2021-09-21 01:20:55,928] {processor.py:623} INFO - DAG(s) dict_keys(['tutorial']) retrieved from /home/airflow/.local/lib/python3.6/site-packages/airflow/example_dags/tutorial.py
[2021-09-21 01:20:55,975] {logging_mixin.py:109} INFO - [2021-09-21 01:20:55,974] {dag.py:1834} INFO - Sync 1 DAGs
[2021-09-21 01:20:56,007] {logging_mixin.py:109} INFO - [2021-09-21 01:20:56,007] {dag.py:2287} INFO - Setting next_dagrun for tutorial to 2021-09-19 00:00:00+00:00
[2021-09-21 01:20:56,023] {processor.py:170} INFO - Processing /home/airflow/.local/lib/python3.6/site-packages/airflow/example_dags/tutorial.py took 0.127 seconds
[2021-09-21 01:21:26,145] {processor.py:162} INFO - Started process (PID=739) to work on /home/airflow/.local/lib/python3.6/site-packages/airflow/example_dags/tutorial.py
[2021-09-21 01:21:26,147] {processor.py:613} INFO - Processing file /home/airflow/.local/lib/python3.6/site-packages/airflow/example_dags/tutorial.py for tasks to queue
[2021-09-21 01:21:26,148] {logging_mixin.py:109} INFO - [2021-09-21 01:21:26,148] {dagbag.py:496} INFO - Filling up the DagBag from /home/airflow/.local/lib/python3.6/site-packages/airflow/example_dags/tutorial.py
[2021-09-21 01:21:26,164] {processor.py:623} INFO - DAG(s) dict_keys(['tutorial']) retrieved from /home/airflow/.local/lib/python3.6/site-packages/airflow/example_dags/tutorial.py
[2021-09-21 01:21:26,201] {logging_mixin.py:109} INFO - [2021-09-21 01:21:26,201] {dag.py:1834} INFO - Sync 1 DAGs
[2021-09-21 01:21:26,219] {logging_mixin.py:109} INFO - [2021-09-21 01:21:26,219] {dag.py:2287} INFO - Setting next_dagrun for tutorial to 2021-09-19 00:00:00+00:00
[2021-09-21 01:21:26,232] {processor.py:170} INFO - Processing /home/airflow/.local/lib/python3.6/site-packages/airflow/example_dags/tutorial.py took 0.092 seconds
[2021-09-21 01:21:57,173] {processor.py:162} INFO - Started process (PID=792) to work on /home/airflow/.local/lib/python3.6/site-packages/airflow/example_dags/tutorial.py
[2021-09-21 01:21:57,175] {processor.py:613} INFO - Processing file /home/airflow/.local/lib/python3.6/site-packages/airflow/example_dags/tutorial.py for tasks to queue
[2021-09-21 01:21:57,177] {logging_mixin.py:109} INFO - [2021-09-21 01:21:57,176] {dagbag.py:496} INFO - Filling up the DagBag from /home/airflow/.local/lib/python3.6/site-packages/airflow/example_dags/tutorial.py
[2021-09-21 01:21:57,190] {processor.py:623} INFO - DAG(s) dict_keys(['tutorial']) retrieved from /home/airflow/.local/lib/python3.6/site-packages/airflow/example_dags/tutorial.py
[2021-09-21 01:21:57,216] {logging_mixin.py:109} INFO - [2021-09-21 01:21:57,216] {dag.py:1834} INFO - Sync 1 DAGs
[2021-09-21 01:21:57,231] {logging_mixin.py:109} INFO - [2021-09-21 01:21:57,231] {dag.py:2287} INFO - Setting next_dagrun for tutorial to 2021-09-19 00:00:00+00:00
[2021-09-21 01:21:57,242] {processor.py:170} INFO - Processing /home/airflow/.local/lib/python3.6/site-packages/airflow/example_dags/tutorial.py took 0.073 seconds
[2021-09-21 01:22:27,276] {processor.py:162} INFO - Started process (PID=856) to work on /home/airflow/.local/lib/python3.6/site-packages/airflow/example_dags/tutorial.py
[2021-09-21 01:22:27,279] {processor.py:613} INFO - Processing file /home/airflow/.local/lib/python3.6/site-packages/airflow/example_dags/tutorial.py for tasks to queue
[2021-09-21 01:22:27,280] {logging_mixin.py:109} INFO - [2021-09-21 01:22:27,280] {dagbag.py:496} INFO - Filling up the DagBag from /home/airflow/.local/lib/python3.6/site-packages/airflow/example_dags/tutorial.py
[2021-09-21 01:22:27,296] {processor.py:623} INFO - DAG(s) dict_keys(['tutorial']) retrieved from /home/airflow/.local/lib/python3.6/site-packages/airflow/example_dags/tutorial.py
[2021-09-21 01:22:27,323] {logging_mixin.py:109} INFO - [2021-09-21 01:22:27,323] {dag.py:1834} INFO - Sync 1 DAGs
[2021-09-21 01:22:27,340] {logging_mixin.py:109} INFO - [2021-09-21 01:22:27,340] {dag.py:2287} INFO - Setting next_dagrun for tutorial to 2021-09-19 00:00:00+00:00
[2021-09-21 01:22:27,351] {processor.py:170} INFO - Processing /home/airflow/.local/lib/python3.6/site-packages/airflow/example_dags/tutorial.py took 0.079 seconds
[2021-09-21 01:22:57,784] {processor.py:162} INFO - Started process (PID=908) to work on /home/airflow/.local/lib/python3.6/site-packages/airflow/example_dags/tutorial.py
[2021-09-21 01:22:57,792] {processor.py:613} INFO - Processing file /home/airflow/.local/lib/python3.6/site-packages/airflow/example_dags/tutorial.py for tasks to queue
[2021-09-21 01:22:57,798] {logging_mixin.py:109} INFO - [2021-09-21 01:22:57,798] {dagbag.py:496} INFO - Filling up the DagBag from /home/airflow/.local/lib/python3.6/site-packages/airflow/example_dags/tutorial.py
[2021-09-21 01:22:57,889] {processor.py:623} INFO - DAG(s) dict_keys(['tutorial']) retrieved from /home/airflow/.local/lib/python3.6/site-packages/airflow/example_dags/tutorial.py
[2021-09-21 01:22:58,032] {logging_mixin.py:109} INFO - [2021-09-21 01:22:58,031] {dag.py:1834} INFO - Sync 1 DAGs
[2021-09-21 01:22:58,107] {logging_mixin.py:109} INFO - [2021-09-21 01:22:58,106] {dag.py:2287} INFO - Setting next_dagrun for tutorial to 2021-09-19 00:00:00+00:00
[2021-09-21 01:22:58,153] {processor.py:170} INFO - Processing /home/airflow/.local/lib/python3.6/site-packages/airflow/example_dags/tutorial.py took 0.385 seconds
[2021-09-21 01:23:28,366] {processor.py:162} INFO - Started process (PID=960) to work on /home/airflow/.local/lib/python3.6/site-packages/airflow/example_dags/tutorial.py
[2021-09-21 01:23:28,373] {processor.py:613} INFO - Processing file /home/airflow/.local/lib/python3.6/site-packages/airflow/example_dags/tutorial.py for tasks to queue
[2021-09-21 01:23:28,383] {logging_mixin.py:109} INFO - [2021-09-21 01:23:28,383] {dagbag.py:496} INFO - Filling up the DagBag from /home/airflow/.local/lib/python3.6/site-packages/airflow/example_dags/tutorial.py
[2021-09-21 01:23:28,467] {processor.py:623} INFO - DAG(s) dict_keys(['tutorial']) retrieved from /home/airflow/.local/lib/python3.6/site-packages/airflow/example_dags/tutorial.py
[2021-09-21 01:23:28,595] {logging_mixin.py:109} INFO - [2021-09-21 01:23:28,594] {dag.py:1834} INFO - Sync 1 DAGs
[2021-09-21 01:23:28,707] {logging_mixin.py:109} INFO - [2021-09-21 01:23:28,706] {dag.py:2287} INFO - Setting next_dagrun for tutorial to 2021-09-19 00:00:00+00:00
[2021-09-21 01:23:28,904] {processor.py:170} INFO - Processing /home/airflow/.local/lib/python3.6/site-packages/airflow/example_dags/tutorial.py took 0.557 seconds
[2021-09-21 01:23:59,951] {processor.py:162} INFO - Started process (PID=1015) to work on /home/airflow/.local/lib/python3.6/site-packages/airflow/example_dags/tutorial.py
[2021-09-21 01:23:59,954] {processor.py:613} INFO - Processing file /home/airflow/.local/lib/python3.6/site-packages/airflow/example_dags/tutorial.py for tasks to queue
[2021-09-21 01:23:59,955] {logging_mixin.py:109} INFO - [2021-09-21 01:23:59,955] {dagbag.py:496} INFO - Filling up the DagBag from /home/airflow/.local/lib/python3.6/site-packages/airflow/example_dags/tutorial.py
[2021-09-21 01:23:59,972] {processor.py:623} INFO - DAG(s) dict_keys(['tutorial']) retrieved from /home/airflow/.local/lib/python3.6/site-packages/airflow/example_dags/tutorial.py
[2021-09-21 01:24:00,001] {logging_mixin.py:109} INFO - [2021-09-21 01:24:00,000] {dag.py:1834} INFO - Sync 1 DAGs
[2021-09-21 01:24:00,022] {logging_mixin.py:109} INFO - [2021-09-21 01:24:00,022] {dag.py:2287} INFO - Setting next_dagrun for tutorial to 2021-09-19 00:00:00+00:00
[2021-09-21 01:24:00,032] {processor.py:170} INFO - Processing /home/airflow/.local/lib/python3.6/site-packages/airflow/example_dags/tutorial.py took 0.085 seconds
[2021-09-21 01:24:30,129] {processor.py:162} INFO - Started process (PID=1077) to work on /home/airflow/.local/lib/python3.6/site-packages/airflow/example_dags/tutorial.py
[2021-09-21 01:24:30,131] {processor.py:613} INFO - Processing file /home/airflow/.local/lib/python3.6/site-packages/airflow/example_dags/tutorial.py for tasks to queue
[2021-09-21 01:24:30,133] {logging_mixin.py:109} INFO - [2021-09-21 01:24:30,133] {dagbag.py:496} INFO - Filling up the DagBag from /home/airflow/.local/lib/python3.6/site-packages/airflow/example_dags/tutorial.py
[2021-09-21 01:24:30,148] {processor.py:623} INFO - DAG(s) dict_keys(['tutorial']) retrieved from /home/airflow/.local/lib/python3.6/site-packages/airflow/example_dags/tutorial.py
[2021-09-21 01:24:30,194] {logging_mixin.py:109} INFO - [2021-09-21 01:24:30,194] {dag.py:1834} INFO - Sync 1 DAGs
[2021-09-21 01:24:30,218] {logging_mixin.py:109} INFO - [2021-09-21 01:24:30,217] {dag.py:2287} INFO - Setting next_dagrun for tutorial to 2021-09-19 00:00:00+00:00
[2021-09-21 01:24:30,243] {processor.py:170} INFO - Processing /home/airflow/.local/lib/python3.6/site-packages/airflow/example_dags/tutorial.py took 0.119 seconds
[2021-09-21 01:25:00,389] {processor.py:162} INFO - Started process (PID=1130) to work on /home/airflow/.local/lib/python3.6/site-packages/airflow/example_dags/tutorial.py
[2021-09-21 01:25:00,392] {processor.py:613} INFO - Processing file /home/airflow/.local/lib/python3.6/site-packages/airflow/example_dags/tutorial.py for tasks to queue
[2021-09-21 01:25:00,401] {logging_mixin.py:109} INFO - [2021-09-21 01:25:00,399] {dagbag.py:496} INFO - Filling up the DagBag from /home/airflow/.local/lib/python3.6/site-packages/airflow/example_dags/tutorial.py
[2021-09-21 01:25:00,429] {processor.py:623} INFO - DAG(s) dict_keys(['tutorial']) retrieved from /home/airflow/.local/lib/python3.6/site-packages/airflow/example_dags/tutorial.py
[2021-09-21 01:25:00,492] {logging_mixin.py:109} INFO - [2021-09-21 01:25:00,492] {dag.py:1834} INFO - Sync 1 DAGs
[2021-09-21 01:25:00,525] {logging_mixin.py:109} INFO - [2021-09-21 01:25:00,525] {dag.py:2287} INFO - Setting next_dagrun for tutorial to 2021-09-19 00:00:00+00:00
[2021-09-21 01:25:00,569] {processor.py:170} INFO - Processing /home/airflow/.local/lib/python3.6/site-packages/airflow/example_dags/tutorial.py took 0.185 seconds
[2021-09-21 01:25:30,908] {processor.py:162} INFO - Started process (PID=1183) to work on /home/airflow/.local/lib/python3.6/site-packages/airflow/example_dags/tutorial.py
[2021-09-21 01:25:30,911] {processor.py:613} INFO - Processing file /home/airflow/.local/lib/python3.6/site-packages/airflow/example_dags/tutorial.py for tasks to queue
[2021-09-21 01:25:30,912] {logging_mixin.py:109} INFO - [2021-09-21 01:25:30,912] {dagbag.py:496} INFO - Filling up the DagBag from /home/airflow/.local/lib/python3.6/site-packages/airflow/example_dags/tutorial.py
[2021-09-21 01:25:30,928] {processor.py:623} INFO - DAG(s) dict_keys(['tutorial']) retrieved from /home/airflow/.local/lib/python3.6/site-packages/airflow/example_dags/tutorial.py
[2021-09-21 01:25:30,962] {logging_mixin.py:109} INFO - [2021-09-21 01:25:30,962] {dag.py:1834} INFO - Sync 1 DAGs
[2021-09-21 01:25:30,991] {logging_mixin.py:109} INFO - [2021-09-21 01:25:30,991] {dag.py:2287} INFO - Setting next_dagrun for tutorial to 2021-09-19 00:00:00+00:00
[2021-09-21 01:25:31,008] {processor.py:170} INFO - Processing /home/airflow/.local/lib/python3.6/site-packages/airflow/example_dags/tutorial.py took 0.104 seconds
[2021-09-21 01:26:01,192] {processor.py:162} INFO - Started process (PID=1236) to work on /home/airflow/.local/lib/python3.6/site-packages/airflow/example_dags/tutorial.py
[2021-09-21 01:26:01,194] {processor.py:613} INFO - Processing file /home/airflow/.local/lib/python3.6/site-packages/airflow/example_dags/tutorial.py for tasks to queue
[2021-09-21 01:26:01,196] {logging_mixin.py:109} INFO - [2021-09-21 01:26:01,196] {dagbag.py:496} INFO - Filling up the DagBag from /home/airflow/.local/lib/python3.6/site-packages/airflow/example_dags/tutorial.py
[2021-09-21 01:26:01,211] {processor.py:623} INFO - DAG(s) dict_keys(['tutorial']) retrieved from /home/airflow/.local/lib/python3.6/site-packages/airflow/example_dags/tutorial.py
[2021-09-21 01:26:01,239] {logging_mixin.py:109} INFO - [2021-09-21 01:26:01,239] {dag.py:1834} INFO - Sync 1 DAGs
[2021-09-21 01:26:01,255] {logging_mixin.py:109} INFO - [2021-09-21 01:26:01,255] {dag.py:2287} INFO - Setting next_dagrun for tutorial to 2021-09-19 00:00:00+00:00
[2021-09-21 01:26:01,271] {processor.py:170} INFO - Processing /home/airflow/.local/lib/python3.6/site-packages/airflow/example_dags/tutorial.py took 0.083 seconds
[2021-09-21 01:26:31,901] {processor.py:162} INFO - Started process (PID=1288) to work on /home/airflow/.local/lib/python3.6/site-packages/airflow/example_dags/tutorial.py
[2021-09-21 01:26:31,906] {processor.py:613} INFO - Processing file /home/airflow/.local/lib/python3.6/site-packages/airflow/example_dags/tutorial.py for tasks to queue
[2021-09-21 01:26:31,908] {logging_mixin.py:109} INFO - [2021-09-21 01:26:31,907] {dagbag.py:496} INFO - Filling up the DagBag from /home/airflow/.local/lib/python3.6/site-packages/airflow/example_dags/tutorial.py
[2021-09-21 01:26:31,924] {processor.py:623} INFO - DAG(s) dict_keys(['tutorial']) retrieved from /home/airflow/.local/lib/python3.6/site-packages/airflow/example_dags/tutorial.py
[2021-09-21 01:26:31,960] {logging_mixin.py:109} INFO - [2021-09-21 01:26:31,960] {dag.py:1834} INFO - Sync 1 DAGs
[2021-09-21 01:26:31,982] {logging_mixin.py:109} INFO - [2021-09-21 01:26:31,982] {dag.py:2287} INFO - Setting next_dagrun for tutorial to 2021-09-19 00:00:00+00:00
[2021-09-21 01:26:32,000] {processor.py:170} INFO - Processing /home/airflow/.local/lib/python3.6/site-packages/airflow/example_dags/tutorial.py took 0.103 seconds
[2021-09-21 01:27:02,605] {processor.py:162} INFO - Started process (PID=1341) to work on /home/airflow/.local/lib/python3.6/site-packages/airflow/example_dags/tutorial.py
[2021-09-21 01:27:02,611] {processor.py:613} INFO - Processing file /home/airflow/.local/lib/python3.6/site-packages/airflow/example_dags/tutorial.py for tasks to queue
[2021-09-21 01:27:02,616] {logging_mixin.py:109} INFO - [2021-09-21 01:27:02,615] {dagbag.py:496} INFO - Filling up the DagBag from /home/airflow/.local/lib/python3.6/site-packages/airflow/example_dags/tutorial.py
[2021-09-21 01:27:02,663] {processor.py:623} INFO - DAG(s) dict_keys(['tutorial']) retrieved from /home/airflow/.local/lib/python3.6/site-packages/airflow/example_dags/tutorial.py
[2021-09-21 01:27:02,718] {logging_mixin.py:109} INFO - [2021-09-21 01:27:02,718] {dag.py:1834} INFO - Sync 1 DAGs
[2021-09-21 01:27:02,760] {logging_mixin.py:109} INFO - [2021-09-21 01:27:02,760] {dag.py:2287} INFO - Setting next_dagrun for tutorial to 2021-09-19 00:00:00+00:00
[2021-09-21 01:27:02,795] {processor.py:170} INFO - Processing /home/airflow/.local/lib/python3.6/site-packages/airflow/example_dags/tutorial.py took 0.199 seconds
[2021-09-21 01:27:33,076] {processor.py:162} INFO - Started process (PID=1394) to work on /home/airflow/.local/lib/python3.6/site-packages/airflow/example_dags/tutorial.py
[2021-09-21 01:27:33,081] {processor.py:613} INFO - Processing file /home/airflow/.local/lib/python3.6/site-packages/airflow/example_dags/tutorial.py for tasks to queue
[2021-09-21 01:27:33,084] {logging_mixin.py:109} INFO - [2021-09-21 01:27:33,083] {dagbag.py:496} INFO - Filling up the DagBag from /home/airflow/.local/lib/python3.6/site-packages/airflow/example_dags/tutorial.py
[2021-09-21 01:27:33,109] {processor.py:623} INFO - DAG(s) dict_keys(['tutorial']) retrieved from /home/airflow/.local/lib/python3.6/site-packages/airflow/example_dags/tutorial.py
[2021-09-21 01:27:33,167] {logging_mixin.py:109} INFO - [2021-09-21 01:27:33,167] {dag.py:1834} INFO - Sync 1 DAGs
[2021-09-21 01:27:33,189] {logging_mixin.py:109} INFO - [2021-09-21 01:27:33,189] {dag.py:2287} INFO - Setting next_dagrun for tutorial to 2021-09-19 00:00:00+00:00
[2021-09-21 01:27:33,207] {processor.py:170} INFO - Processing /home/airflow/.local/lib/python3.6/site-packages/airflow/example_dags/tutorial.py took 0.136 seconds
[2021-09-21 01:28:03,453] {processor.py:162} INFO - Started process (PID=1456) to work on /home/airflow/.local/lib/python3.6/site-packages/airflow/example_dags/tutorial.py
[2021-09-21 01:28:03,458] {processor.py:613} INFO - Processing file /home/airflow/.local/lib/python3.6/site-packages/airflow/example_dags/tutorial.py for tasks to queue
[2021-09-21 01:28:03,460] {logging_mixin.py:109} INFO - [2021-09-21 01:28:03,460] {dagbag.py:496} INFO - Filling up the DagBag from /home/airflow/.local/lib/python3.6/site-packages/airflow/example_dags/tutorial.py
[2021-09-21 01:28:03,498] {processor.py:623} INFO - DAG(s) dict_keys(['tutorial']) retrieved from /home/airflow/.local/lib/python3.6/site-packages/airflow/example_dags/tutorial.py
[2021-09-21 01:28:03,554] {logging_mixin.py:109} INFO - [2021-09-21 01:28:03,553] {dag.py:1834} INFO - Sync 1 DAGs
[2021-09-21 01:28:03,576] {logging_mixin.py:109} INFO - [2021-09-21 01:28:03,576] {dag.py:2287} INFO - Setting next_dagrun for tutorial to 2021-09-19 00:00:00+00:00
[2021-09-21 01:28:03,592] {processor.py:170} INFO - Processing /home/airflow/.local/lib/python3.6/site-packages/airflow/example_dags/tutorial.py took 0.143 seconds
[2021-09-21 01:28:34,217] {processor.py:162} INFO - Started process (PID=1510) to work on /home/airflow/.local/lib/python3.6/site-packages/airflow/example_dags/tutorial.py
[2021-09-21 01:28:34,219] {processor.py:613} INFO - Processing file /home/airflow/.local/lib/python3.6/site-packages/airflow/example_dags/tutorial.py for tasks to queue
[2021-09-21 01:28:34,221] {logging_mixin.py:109} INFO - [2021-09-21 01:28:34,221] {dagbag.py:496} INFO - Filling up the DagBag from /home/airflow/.local/lib/python3.6/site-packages/airflow/example_dags/tutorial.py
[2021-09-21 01:28:34,235] {processor.py:623} INFO - DAG(s) dict_keys(['tutorial']) retrieved from /home/airflow/.local/lib/python3.6/site-packages/airflow/example_dags/tutorial.py
[2021-09-21 01:28:34,262] {logging_mixin.py:109} INFO - [2021-09-21 01:28:34,262] {dag.py:1834} INFO - Sync 1 DAGs
[2021-09-21 01:28:34,282] {logging_mixin.py:109} INFO - [2021-09-21 01:28:34,282] {dag.py:2287} INFO - Setting next_dagrun for tutorial to 2021-09-19 00:00:00+00:00
[2021-09-21 01:28:34,294] {processor.py:170} INFO - Processing /home/airflow/.local/lib/python3.6/site-packages/airflow/example_dags/tutorial.py took 0.081 seconds
[2021-09-21 01:29:04,905] {processor.py:162} INFO - Started process (PID=1574) to work on /home/airflow/.local/lib/python3.6/site-packages/airflow/example_dags/tutorial.py
[2021-09-21 01:29:04,907] {processor.py:613} INFO - Processing file /home/airflow/.local/lib/python3.6/site-packages/airflow/example_dags/tutorial.py for tasks to queue
[2021-09-21 01:29:04,909] {logging_mixin.py:109} INFO - [2021-09-21 01:29:04,908] {dagbag.py:496} INFO - Filling up the DagBag from /home/airflow/.local/lib/python3.6/site-packages/airflow/example_dags/tutorial.py
[2021-09-21 01:29:04,921] {processor.py:623} INFO - DAG(s) dict_keys(['tutorial']) retrieved from /home/airflow/.local/lib/python3.6/site-packages/airflow/example_dags/tutorial.py
[2021-09-21 01:29:04,946] {logging_mixin.py:109} INFO - [2021-09-21 01:29:04,945] {dag.py:1834} INFO - Sync 1 DAGs
[2021-09-21 01:29:04,961] {logging_mixin.py:109} INFO - [2021-09-21 01:29:04,961] {dag.py:2287} INFO - Setting next_dagrun for tutorial to 2021-09-19 00:00:00+00:00
[2021-09-21 01:29:04,972] {processor.py:170} INFO - Processing /home/airflow/.local/lib/python3.6/site-packages/airflow/example_dags/tutorial.py took 0.071 seconds
[2021-09-21 01:29:35,198] {processor.py:162} INFO - Started process (PID=1627) to work on /home/airflow/.local/lib/python3.6/site-packages/airflow/example_dags/tutorial.py
[2021-09-21 01:29:35,200] {processor.py:613} INFO - Processing file /home/airflow/.local/lib/python3.6/site-packages/airflow/example_dags/tutorial.py for tasks to queue
[2021-09-21 01:29:35,203] {logging_mixin.py:109} INFO - [2021-09-21 01:29:35,202] {dagbag.py:496} INFO - Filling up the DagBag from /home/airflow/.local/lib/python3.6/site-packages/airflow/example_dags/tutorial.py
[2021-09-21 01:29:35,241] {processor.py:623} INFO - DAG(s) dict_keys(['tutorial']) retrieved from /home/airflow/.local/lib/python3.6/site-packages/airflow/example_dags/tutorial.py
[2021-09-21 01:29:35,311] {logging_mixin.py:109} INFO - [2021-09-21 01:29:35,311] {dag.py:1834} INFO - Sync 1 DAGs
[2021-09-21 01:29:35,364] {logging_mixin.py:109} INFO - [2021-09-21 01:29:35,363] {dag.py:2287} INFO - Setting next_dagrun for tutorial to 2021-09-19 00:00:00+00:00
[2021-09-21 01:29:35,379] {processor.py:170} INFO - Processing /home/airflow/.local/lib/python3.6/site-packages/airflow/example_dags/tutorial.py took 0.187 seconds
[2021-09-21 01:30:06,298] {processor.py:162} INFO - Started process (PID=1691) to work on /home/airflow/.local/lib/python3.6/site-packages/airflow/example_dags/tutorial.py
[2021-09-21 01:30:06,303] {processor.py:613} INFO - Processing file /home/airflow/.local/lib/python3.6/site-packages/airflow/example_dags/tutorial.py for tasks to queue
[2021-09-21 01:30:06,307] {logging_mixin.py:109} INFO - [2021-09-21 01:30:06,306] {dagbag.py:496} INFO - Filling up the DagBag from /home/airflow/.local/lib/python3.6/site-packages/airflow/example_dags/tutorial.py
[2021-09-21 01:30:06,328] {processor.py:623} INFO - DAG(s) dict_keys(['tutorial']) retrieved from /home/airflow/.local/lib/python3.6/site-packages/airflow/example_dags/tutorial.py
[2021-09-21 01:30:06,367] {logging_mixin.py:109} INFO - [2021-09-21 01:30:06,366] {dag.py:1834} INFO - Sync 1 DAGs
[2021-09-21 01:30:06,387] {logging_mixin.py:109} INFO - [2021-09-21 01:30:06,387] {dag.py:2287} INFO - Setting next_dagrun for tutorial to 2021-09-19 00:00:00+00:00
[2021-09-21 01:30:06,398] {processor.py:170} INFO - Processing /home/airflow/.local/lib/python3.6/site-packages/airflow/example_dags/tutorial.py took 0.106 seconds
[2021-09-21 01:30:36,948] {processor.py:162} INFO - Started process (PID=1752) to work on /home/airflow/.local/lib/python3.6/site-packages/airflow/example_dags/tutorial.py
[2021-09-21 01:30:36,950] {processor.py:613} INFO - Processing file /home/airflow/.local/lib/python3.6/site-packages/airflow/example_dags/tutorial.py for tasks to queue
[2021-09-21 01:30:36,951] {logging_mixin.py:109} INFO - [2021-09-21 01:30:36,951] {dagbag.py:496} INFO - Filling up the DagBag from /home/airflow/.local/lib/python3.6/site-packages/airflow/example_dags/tutorial.py
[2021-09-21 01:30:36,962] {processor.py:623} INFO - DAG(s) dict_keys(['tutorial']) retrieved from /home/airflow/.local/lib/python3.6/site-packages/airflow/example_dags/tutorial.py
[2021-09-21 01:30:36,983] {logging_mixin.py:109} INFO - [2021-09-21 01:30:36,983] {dag.py:1834} INFO - Sync 1 DAGs
[2021-09-21 01:30:36,998] {logging_mixin.py:109} INFO - [2021-09-21 01:30:36,998] {dag.py:2287} INFO - Setting next_dagrun for tutorial to 2021-09-19 00:00:00+00:00
[2021-09-21 01:30:37,009] {processor.py:170} INFO - Processing /home/airflow/.local/lib/python3.6/site-packages/airflow/example_dags/tutorial.py took 0.064 seconds
[2021-09-21 01:31:07,040] {processor.py:162} INFO - Started process (PID=1805) to work on /home/airflow/.local/lib/python3.6/site-packages/airflow/example_dags/tutorial.py
[2021-09-21 01:31:07,042] {processor.py:613} INFO - Processing file /home/airflow/.local/lib/python3.6/site-packages/airflow/example_dags/tutorial.py for tasks to queue
[2021-09-21 01:31:07,043] {logging_mixin.py:109} INFO - [2021-09-21 01:31:07,043] {dagbag.py:496} INFO - Filling up the DagBag from /home/airflow/.local/lib/python3.6/site-packages/airflow/example_dags/tutorial.py
[2021-09-21 01:31:07,057] {processor.py:623} INFO - DAG(s) dict_keys(['tutorial']) retrieved from /home/airflow/.local/lib/python3.6/site-packages/airflow/example_dags/tutorial.py
[2021-09-21 01:31:07,081] {logging_mixin.py:109} INFO - [2021-09-21 01:31:07,080] {dag.py:1834} INFO - Sync 1 DAGs
[2021-09-21 01:31:07,095] {logging_mixin.py:109} INFO - [2021-09-21 01:31:07,095] {dag.py:2287} INFO - Setting next_dagrun for tutorial to 2021-09-19 00:00:00+00:00
[2021-09-21 01:31:07,106] {processor.py:170} INFO - Processing /home/airflow/.local/lib/python3.6/site-packages/airflow/example_dags/tutorial.py took 0.070 seconds
[2021-09-21 01:31:37,753] {processor.py:162} INFO - Started process (PID=1869) to work on /home/airflow/.local/lib/python3.6/site-packages/airflow/example_dags/tutorial.py
[2021-09-21 01:31:37,755] {processor.py:613} INFO - Processing file /home/airflow/.local/lib/python3.6/site-packages/airflow/example_dags/tutorial.py for tasks to queue
[2021-09-21 01:31:37,757] {logging_mixin.py:109} INFO - [2021-09-21 01:31:37,756] {dagbag.py:496} INFO - Filling up the DagBag from /home/airflow/.local/lib/python3.6/site-packages/airflow/example_dags/tutorial.py
[2021-09-21 01:31:37,792] {processor.py:623} INFO - DAG(s) dict_keys(['tutorial']) retrieved from /home/airflow/.local/lib/python3.6/site-packages/airflow/example_dags/tutorial.py
[2021-09-21 01:31:37,853] {logging_mixin.py:109} INFO - [2021-09-21 01:31:37,853] {dag.py:1834} INFO - Sync 1 DAGs
[2021-09-21 01:31:37,880] {logging_mixin.py:109} INFO - [2021-09-21 01:31:37,879] {dag.py:2287} INFO - Setting next_dagrun for tutorial to 2021-09-19 00:00:00+00:00
[2021-09-21 01:31:37,904] {processor.py:170} INFO - Processing /home/airflow/.local/lib/python3.6/site-packages/airflow/example_dags/tutorial.py took 0.155 seconds
[2021-09-21 01:32:08,400] {processor.py:162} INFO - Started process (PID=1922) to work on /home/airflow/.local/lib/python3.6/site-packages/airflow/example_dags/tutorial.py
[2021-09-21 01:32:08,402] {processor.py:613} INFO - Processing file /home/airflow/.local/lib/python3.6/site-packages/airflow/example_dags/tutorial.py for tasks to queue
[2021-09-21 01:32:08,404] {logging_mixin.py:109} INFO - [2021-09-21 01:32:08,404] {dagbag.py:496} INFO - Filling up the DagBag from /home/airflow/.local/lib/python3.6/site-packages/airflow/example_dags/tutorial.py
[2021-09-21 01:32:08,419] {processor.py:623} INFO - DAG(s) dict_keys(['tutorial']) retrieved from /home/airflow/.local/lib/python3.6/site-packages/airflow/example_dags/tutorial.py
[2021-09-21 01:32:08,467] {logging_mixin.py:109} INFO - [2021-09-21 01:32:08,467] {dag.py:1834} INFO - Sync 1 DAGs
[2021-09-21 01:32:08,490] {logging_mixin.py:109} INFO - [2021-09-21 01:32:08,490] {dag.py:2287} INFO - Setting next_dagrun for tutorial to 2021-09-19 00:00:00+00:00
[2021-09-21 01:32:08,500] {processor.py:170} INFO - Processing /home/airflow/.local/lib/python3.6/site-packages/airflow/example_dags/tutorial.py took 0.105 seconds
[2021-09-21 01:32:38,951] {processor.py:162} INFO - Started process (PID=1984) to work on /home/airflow/.local/lib/python3.6/site-packages/airflow/example_dags/tutorial.py
[2021-09-21 01:32:38,953] {processor.py:613} INFO - Processing file /home/airflow/.local/lib/python3.6/site-packages/airflow/example_dags/tutorial.py for tasks to queue
[2021-09-21 01:32:38,954] {logging_mixin.py:109} INFO - [2021-09-21 01:32:38,954] {dagbag.py:496} INFO - Filling up the DagBag from /home/airflow/.local/lib/python3.6/site-packages/airflow/example_dags/tutorial.py
[2021-09-21 01:32:38,972] {processor.py:623} INFO - DAG(s) dict_keys(['tutorial']) retrieved from /home/airflow/.local/lib/python3.6/site-packages/airflow/example_dags/tutorial.py
[2021-09-21 01:32:38,996] {logging_mixin.py:109} INFO - [2021-09-21 01:32:38,996] {dag.py:1834} INFO - Sync 1 DAGs
[2021-09-21 01:32:39,011] {logging_mixin.py:109} INFO - [2021-09-21 01:32:39,011] {dag.py:2287} INFO - Setting next_dagrun for tutorial to 2021-09-19 00:00:00+00:00
[2021-09-21 01:32:39,022] {processor.py:170} INFO - Processing /home/airflow/.local/lib/python3.6/site-packages/airflow/example_dags/tutorial.py took 0.074 seconds
[2021-09-21 01:33:09,670] {processor.py:162} INFO - Started process (PID=2050) to work on /home/airflow/.local/lib/python3.6/site-packages/airflow/example_dags/tutorial.py
[2021-09-21 01:33:09,672] {processor.py:613} INFO - Processing file /home/airflow/.local/lib/python3.6/site-packages/airflow/example_dags/tutorial.py for tasks to queue
[2021-09-21 01:33:09,673] {logging_mixin.py:109} INFO - [2021-09-21 01:33:09,673] {dagbag.py:496} INFO - Filling up the DagBag from /home/airflow/.local/lib/python3.6/site-packages/airflow/example_dags/tutorial.py
[2021-09-21 01:33:09,686] {processor.py:623} INFO - DAG(s) dict_keys(['tutorial']) retrieved from /home/airflow/.local/lib/python3.6/site-packages/airflow/example_dags/tutorial.py
[2021-09-21 01:33:09,712] {logging_mixin.py:109} INFO - [2021-09-21 01:33:09,712] {dag.py:1834} INFO - Sync 1 DAGs
[2021-09-21 01:33:09,729] {logging_mixin.py:109} INFO - [2021-09-21 01:33:09,729] {dag.py:2287} INFO - Setting next_dagrun for tutorial to 2021-09-19 00:00:00+00:00
[2021-09-21 01:33:09,743] {processor.py:170} INFO - Processing /home/airflow/.local/lib/python3.6/site-packages/airflow/example_dags/tutorial.py took 0.076 seconds
[2021-09-21 01:33:40,458] {processor.py:162} INFO - Started process (PID=2102) to work on /home/airflow/.local/lib/python3.6/site-packages/airflow/example_dags/tutorial.py
[2021-09-21 01:33:40,461] {processor.py:613} INFO - Processing file /home/airflow/.local/lib/python3.6/site-packages/airflow/example_dags/tutorial.py for tasks to queue
[2021-09-21 01:33:40,462] {logging_mixin.py:109} INFO - [2021-09-21 01:33:40,462] {dagbag.py:496} INFO - Filling up the DagBag from /home/airflow/.local/lib/python3.6/site-packages/airflow/example_dags/tutorial.py
[2021-09-21 01:33:40,477] {processor.py:623} INFO - DAG(s) dict_keys(['tutorial']) retrieved from /home/airflow/.local/lib/python3.6/site-packages/airflow/example_dags/tutorial.py
[2021-09-21 01:33:40,507] {logging_mixin.py:109} INFO - [2021-09-21 01:33:40,507] {dag.py:1834} INFO - Sync 1 DAGs
[2021-09-21 01:33:40,521] {logging_mixin.py:109} INFO - [2021-09-21 01:33:40,521] {dag.py:2287} INFO - Setting next_dagrun for tutorial to 2021-09-19 00:00:00+00:00
[2021-09-21 01:33:40,532] {processor.py:170} INFO - Processing /home/airflow/.local/lib/python3.6/site-packages/airflow/example_dags/tutorial.py took 0.078 seconds
[2021-09-21 01:34:11,177] {processor.py:162} INFO - Started process (PID=2166) to work on /home/airflow/.local/lib/python3.6/site-packages/airflow/example_dags/tutorial.py
[2021-09-21 01:34:11,179] {processor.py:613} INFO - Processing file /home/airflow/.local/lib/python3.6/site-packages/airflow/example_dags/tutorial.py for tasks to queue
[2021-09-21 01:34:11,181] {logging_mixin.py:109} INFO - [2021-09-21 01:34:11,181] {dagbag.py:496} INFO - Filling up the DagBag from /home/airflow/.local/lib/python3.6/site-packages/airflow/example_dags/tutorial.py
[2021-09-21 01:34:11,194] {processor.py:623} INFO - DAG(s) dict_keys(['tutorial']) retrieved from /home/airflow/.local/lib/python3.6/site-packages/airflow/example_dags/tutorial.py
[2021-09-21 01:34:11,219] {logging_mixin.py:109} INFO - [2021-09-21 01:34:11,219] {dag.py:1834} INFO - Sync 1 DAGs
[2021-09-21 01:34:11,236] {logging_mixin.py:109} INFO - [2021-09-21 01:34:11,236] {dag.py:2287} INFO - Setting next_dagrun for tutorial to 2021-09-19 00:00:00+00:00
[2021-09-21 01:34:11,248] {processor.py:170} INFO - Processing /home/airflow/.local/lib/python3.6/site-packages/airflow/example_dags/tutorial.py took 0.074 seconds
[2021-09-21 01:34:41,943] {processor.py:162} INFO - Started process (PID=2219) to work on /home/airflow/.local/lib/python3.6/site-packages/airflow/example_dags/tutorial.py
[2021-09-21 01:34:41,946] {processor.py:613} INFO - Processing file /home/airflow/.local/lib/python3.6/site-packages/airflow/example_dags/tutorial.py for tasks to queue
[2021-09-21 01:34:41,947] {logging_mixin.py:109} INFO - [2021-09-21 01:34:41,947] {dagbag.py:496} INFO - Filling up the DagBag from /home/airflow/.local/lib/python3.6/site-packages/airflow/example_dags/tutorial.py
[2021-09-21 01:34:41,963] {processor.py:623} INFO - DAG(s) dict_keys(['tutorial']) retrieved from /home/airflow/.local/lib/python3.6/site-packages/airflow/example_dags/tutorial.py
[2021-09-21 01:34:41,990] {logging_mixin.py:109} INFO - [2021-09-21 01:34:41,990] {dag.py:1834} INFO - Sync 1 DAGs
[2021-09-21 01:34:42,008] {logging_mixin.py:109} INFO - [2021-09-21 01:34:42,007] {dag.py:2287} INFO - Setting next_dagrun for tutorial to 2021-09-19 00:00:00+00:00
[2021-09-21 01:34:42,020] {processor.py:170} INFO - Processing /home/airflow/.local/lib/python3.6/site-packages/airflow/example_dags/tutorial.py took 0.081 seconds
[2021-09-21 01:35:12,383] {processor.py:162} INFO - Started process (PID=2281) to work on /home/airflow/.local/lib/python3.6/site-packages/airflow/example_dags/tutorial.py
[2021-09-21 01:35:12,385] {processor.py:613} INFO - Processing file /home/airflow/.local/lib/python3.6/site-packages/airflow/example_dags/tutorial.py for tasks to queue
[2021-09-21 01:35:12,387] {logging_mixin.py:109} INFO - [2021-09-21 01:35:12,386] {dagbag.py:496} INFO - Filling up the DagBag from /home/airflow/.local/lib/python3.6/site-packages/airflow/example_dags/tutorial.py
[2021-09-21 01:35:12,400] {processor.py:623} INFO - DAG(s) dict_keys(['tutorial']) retrieved from /home/airflow/.local/lib/python3.6/site-packages/airflow/example_dags/tutorial.py
[2021-09-21 01:35:12,435] {logging_mixin.py:109} INFO - [2021-09-21 01:35:12,434] {dag.py:1834} INFO - Sync 1 DAGs
[2021-09-21 01:35:12,451] {logging_mixin.py:109} INFO - [2021-09-21 01:35:12,450] {dag.py:2287} INFO - Setting next_dagrun for tutorial to 2021-09-19 00:00:00+00:00
[2021-09-21 01:35:12,462] {processor.py:170} INFO - Processing /home/airflow/.local/lib/python3.6/site-packages/airflow/example_dags/tutorial.py took 0.084 seconds
[2021-09-21 01:35:42,799] {processor.py:162} INFO - Started process (PID=2335) to work on /home/airflow/.local/lib/python3.6/site-packages/airflow/example_dags/tutorial.py
[2021-09-21 01:35:42,801] {processor.py:613} INFO - Processing file /home/airflow/.local/lib/python3.6/site-packages/airflow/example_dags/tutorial.py for tasks to queue
[2021-09-21 01:35:42,802] {logging_mixin.py:109} INFO - [2021-09-21 01:35:42,802] {dagbag.py:496} INFO - Filling up the DagBag from /home/airflow/.local/lib/python3.6/site-packages/airflow/example_dags/tutorial.py
[2021-09-21 01:35:42,818] {processor.py:623} INFO - DAG(s) dict_keys(['tutorial']) retrieved from /home/airflow/.local/lib/python3.6/site-packages/airflow/example_dags/tutorial.py
[2021-09-21 01:35:42,844] {logging_mixin.py:109} INFO - [2021-09-21 01:35:42,844] {dag.py:1834} INFO - Sync 1 DAGs
[2021-09-21 01:35:42,860] {logging_mixin.py:109} INFO - [2021-09-21 01:35:42,860] {dag.py:2287} INFO - Setting next_dagrun for tutorial to 2021-09-19 00:00:00+00:00
[2021-09-21 01:35:42,872] {processor.py:170} INFO - Processing /home/airflow/.local/lib/python3.6/site-packages/airflow/example_dags/tutorial.py took 0.078 seconds
[2021-09-21 01:36:13,760] {processor.py:162} INFO - Started process (PID=2400) to work on /home/airflow/.local/lib/python3.6/site-packages/airflow/example_dags/tutorial.py
[2021-09-21 01:36:13,764] {processor.py:613} INFO - Processing file /home/airflow/.local/lib/python3.6/site-packages/airflow/example_dags/tutorial.py for tasks to queue
[2021-09-21 01:36:13,767] {logging_mixin.py:109} INFO - [2021-09-21 01:36:13,767] {dagbag.py:496} INFO - Filling up the DagBag from /home/airflow/.local/lib/python3.6/site-packages/airflow/example_dags/tutorial.py
[2021-09-21 01:36:13,790] {processor.py:623} INFO - DAG(s) dict_keys(['tutorial']) retrieved from /home/airflow/.local/lib/python3.6/site-packages/airflow/example_dags/tutorial.py
[2021-09-21 01:36:13,836] {logging_mixin.py:109} INFO - [2021-09-21 01:36:13,836] {dag.py:1834} INFO - Sync 1 DAGs
[2021-09-21 01:36:13,857] {logging_mixin.py:109} INFO - [2021-09-21 01:36:13,856] {dag.py:2287} INFO - Setting next_dagrun for tutorial to 2021-09-19 00:00:00+00:00
[2021-09-21 01:36:13,887] {processor.py:170} INFO - Processing /home/airflow/.local/lib/python3.6/site-packages/airflow/example_dags/tutorial.py took 0.135 seconds
[2021-09-21 01:36:45,715] {processor.py:162} INFO - Started process (PID=2463) to work on /home/airflow/.local/lib/python3.6/site-packages/airflow/example_dags/tutorial.py
[2021-09-21 01:36:45,719] {processor.py:613} INFO - Processing file /home/airflow/.local/lib/python3.6/site-packages/airflow/example_dags/tutorial.py for tasks to queue
[2021-09-21 01:36:45,722] {logging_mixin.py:109} INFO - [2021-09-21 01:36:45,721] {dagbag.py:496} INFO - Filling up the DagBag from /home/airflow/.local/lib/python3.6/site-packages/airflow/example_dags/tutorial.py
[2021-09-21 01:36:45,778] {processor.py:623} INFO - DAG(s) dict_keys(['tutorial']) retrieved from /home/airflow/.local/lib/python3.6/site-packages/airflow/example_dags/tutorial.py
[2021-09-21 01:36:45,938] {logging_mixin.py:109} INFO - [2021-09-21 01:36:45,938] {dag.py:1834} INFO - Sync 1 DAGs
[2021-09-21 01:36:46,014] {logging_mixin.py:109} INFO - [2021-09-21 01:36:46,014] {dag.py:2287} INFO - Setting next_dagrun for tutorial to 2021-09-19 00:00:00+00:00
[2021-09-21 01:36:46,063] {processor.py:170} INFO - Processing /home/airflow/.local/lib/python3.6/site-packages/airflow/example_dags/tutorial.py took 0.352 seconds
[2021-09-21 01:37:16,485] {processor.py:162} INFO - Started process (PID=2515) to work on /home/airflow/.local/lib/python3.6/site-packages/airflow/example_dags/tutorial.py
[2021-09-21 01:37:16,487] {processor.py:613} INFO - Processing file /home/airflow/.local/lib/python3.6/site-packages/airflow/example_dags/tutorial.py for tasks to queue
[2021-09-21 01:37:16,489] {logging_mixin.py:109} INFO - [2021-09-21 01:37:16,489] {dagbag.py:496} INFO - Filling up the DagBag from /home/airflow/.local/lib/python3.6/site-packages/airflow/example_dags/tutorial.py
[2021-09-21 01:37:16,507] {processor.py:623} INFO - DAG(s) dict_keys(['tutorial']) retrieved from /home/airflow/.local/lib/python3.6/site-packages/airflow/example_dags/tutorial.py
[2021-09-21 01:37:16,538] {logging_mixin.py:109} INFO - [2021-09-21 01:37:16,537] {dag.py:1834} INFO - Sync 1 DAGs
[2021-09-21 01:37:16,559] {logging_mixin.py:109} INFO - [2021-09-21 01:37:16,559] {dag.py:2287} INFO - Setting next_dagrun for tutorial to 2021-09-19 00:00:00+00:00
[2021-09-21 01:37:16,574] {processor.py:170} INFO - Processing /home/airflow/.local/lib/python3.6/site-packages/airflow/example_dags/tutorial.py took 0.094 seconds
[2021-09-21 01:37:47,301] {processor.py:162} INFO - Started process (PID=2567) to work on /home/airflow/.local/lib/python3.6/site-packages/airflow/example_dags/tutorial.py
[2021-09-21 01:37:47,302] {processor.py:613} INFO - Processing file /home/airflow/.local/lib/python3.6/site-packages/airflow/example_dags/tutorial.py for tasks to queue
[2021-09-21 01:37:47,304] {logging_mixin.py:109} INFO - [2021-09-21 01:37:47,304] {dagbag.py:496} INFO - Filling up the DagBag from /home/airflow/.local/lib/python3.6/site-packages/airflow/example_dags/tutorial.py
[2021-09-21 01:37:47,316] {processor.py:623} INFO - DAG(s) dict_keys(['tutorial']) retrieved from /home/airflow/.local/lib/python3.6/site-packages/airflow/example_dags/tutorial.py
[2021-09-21 01:37:47,338] {logging_mixin.py:109} INFO - [2021-09-21 01:37:47,338] {dag.py:1834} INFO - Sync 1 DAGs
[2021-09-21 01:37:47,352] {logging_mixin.py:109} INFO - [2021-09-21 01:37:47,352] {dag.py:2287} INFO - Setting next_dagrun for tutorial to 2021-09-19 00:00:00+00:00
[2021-09-21 01:37:47,361] {processor.py:170} INFO - Processing /home/airflow/.local/lib/python3.6/site-packages/airflow/example_dags/tutorial.py took 0.064 seconds
[2021-09-21 01:38:17,935] {processor.py:162} INFO - Started process (PID=2632) to work on /home/airflow/.local/lib/python3.6/site-packages/airflow/example_dags/tutorial.py
[2021-09-21 01:38:17,938] {processor.py:613} INFO - Processing file /home/airflow/.local/lib/python3.6/site-packages/airflow/example_dags/tutorial.py for tasks to queue
[2021-09-21 01:38:17,941] {logging_mixin.py:109} INFO - [2021-09-21 01:38:17,941] {dagbag.py:496} INFO - Filling up the DagBag from /home/airflow/.local/lib/python3.6/site-packages/airflow/example_dags/tutorial.py
[2021-09-21 01:38:17,962] {processor.py:623} INFO - DAG(s) dict_keys(['tutorial']) retrieved from /home/airflow/.local/lib/python3.6/site-packages/airflow/example_dags/tutorial.py
[2021-09-21 01:38:18,008] {logging_mixin.py:109} INFO - [2021-09-21 01:38:18,008] {dag.py:1834} INFO - Sync 1 DAGs
[2021-09-21 01:38:18,035] {logging_mixin.py:109} INFO - [2021-09-21 01:38:18,035] {dag.py:2287} INFO - Setting next_dagrun for tutorial to 2021-09-19 00:00:00+00:00
[2021-09-21 01:38:18,057] {processor.py:170} INFO - Processing /home/airflow/.local/lib/python3.6/site-packages/airflow/example_dags/tutorial.py took 0.127 seconds
[2021-09-21 01:38:48,683] {processor.py:162} INFO - Started process (PID=2684) to work on /home/airflow/.local/lib/python3.6/site-packages/airflow/example_dags/tutorial.py
[2021-09-21 01:38:48,686] {processor.py:613} INFO - Processing file /home/airflow/.local/lib/python3.6/site-packages/airflow/example_dags/tutorial.py for tasks to queue
[2021-09-21 01:38:48,688] {logging_mixin.py:109} INFO - [2021-09-21 01:38:48,688] {dagbag.py:496} INFO - Filling up the DagBag from /home/airflow/.local/lib/python3.6/site-packages/airflow/example_dags/tutorial.py
[2021-09-21 01:38:48,704] {processor.py:623} INFO - DAG(s) dict_keys(['tutorial']) retrieved from /home/airflow/.local/lib/python3.6/site-packages/airflow/example_dags/tutorial.py
[2021-09-21 01:38:48,738] {logging_mixin.py:109} INFO - [2021-09-21 01:38:48,738] {dag.py:1834} INFO - Sync 1 DAGs
[2021-09-21 01:38:48,758] {logging_mixin.py:109} INFO - [2021-09-21 01:38:48,758] {dag.py:2287} INFO - Setting next_dagrun for tutorial to 2021-09-19 00:00:00+00:00
[2021-09-21 01:38:48,775] {processor.py:170} INFO - Processing /home/airflow/.local/lib/python3.6/site-packages/airflow/example_dags/tutorial.py took 0.096 seconds
[2021-09-21 01:39:18,872] {processor.py:162} INFO - Started process (PID=2747) to work on /home/airflow/.local/lib/python3.6/site-packages/airflow/example_dags/tutorial.py
[2021-09-21 01:39:18,878] {processor.py:613} INFO - Processing file /home/airflow/.local/lib/python3.6/site-packages/airflow/example_dags/tutorial.py for tasks to queue
[2021-09-21 01:39:18,879] {logging_mixin.py:109} INFO - [2021-09-21 01:39:18,879] {dagbag.py:496} INFO - Filling up the DagBag from /home/airflow/.local/lib/python3.6/site-packages/airflow/example_dags/tutorial.py
[2021-09-21 01:39:18,891] {processor.py:623} INFO - DAG(s) dict_keys(['tutorial']) retrieved from /home/airflow/.local/lib/python3.6/site-packages/airflow/example_dags/tutorial.py
[2021-09-21 01:39:18,913] {logging_mixin.py:109} INFO - [2021-09-21 01:39:18,913] {dag.py:1834} INFO - Sync 1 DAGs
[2021-09-21 01:39:18,926] {logging_mixin.py:109} INFO - [2021-09-21 01:39:18,925] {dag.py:2287} INFO - Setting next_dagrun for tutorial to 2021-09-19 00:00:00+00:00
[2021-09-21 01:39:18,936] {processor.py:170} INFO - Processing /home/airflow/.local/lib/python3.6/site-packages/airflow/example_dags/tutorial.py took 0.068 seconds
[2021-09-21 01:39:49,044] {processor.py:162} INFO - Started process (PID=2799) to work on /home/airflow/.local/lib/python3.6/site-packages/airflow/example_dags/tutorial.py
[2021-09-21 01:39:49,046] {processor.py:613} INFO - Processing file /home/airflow/.local/lib/python3.6/site-packages/airflow/example_dags/tutorial.py for tasks to queue
[2021-09-21 01:39:49,047] {logging_mixin.py:109} INFO - [2021-09-21 01:39:49,047] {dagbag.py:496} INFO - Filling up the DagBag from /home/airflow/.local/lib/python3.6/site-packages/airflow/example_dags/tutorial.py
[2021-09-21 01:39:49,060] {processor.py:623} INFO - DAG(s) dict_keys(['tutorial']) retrieved from /home/airflow/.local/lib/python3.6/site-packages/airflow/example_dags/tutorial.py
[2021-09-21 01:39:49,084] {logging_mixin.py:109} INFO - [2021-09-21 01:39:49,084] {dag.py:1834} INFO - Sync 1 DAGs
[2021-09-21 01:39:49,106] {logging_mixin.py:109} INFO - [2021-09-21 01:39:49,106] {dag.py:2287} INFO - Setting next_dagrun for tutorial to 2021-09-19 00:00:00+00:00
[2021-09-21 01:39:49,117] {processor.py:170} INFO - Processing /home/airflow/.local/lib/python3.6/site-packages/airflow/example_dags/tutorial.py took 0.077 seconds
[2021-09-21 01:40:19,143] {processor.py:162} INFO - Started process (PID=2862) to work on /home/airflow/.local/lib/python3.6/site-packages/airflow/example_dags/tutorial.py
[2021-09-21 01:40:19,145] {processor.py:613} INFO - Processing file /home/airflow/.local/lib/python3.6/site-packages/airflow/example_dags/tutorial.py for tasks to queue
[2021-09-21 01:40:19,146] {logging_mixin.py:109} INFO - [2021-09-21 01:40:19,146] {dagbag.py:496} INFO - Filling up the DagBag from /home/airflow/.local/lib/python3.6/site-packages/airflow/example_dags/tutorial.py
[2021-09-21 01:40:19,159] {processor.py:623} INFO - DAG(s) dict_keys(['tutorial']) retrieved from /home/airflow/.local/lib/python3.6/site-packages/airflow/example_dags/tutorial.py
[2021-09-21 01:40:19,184] {logging_mixin.py:109} INFO - [2021-09-21 01:40:19,184] {dag.py:1834} INFO - Sync 1 DAGs
[2021-09-21 01:40:19,201] {logging_mixin.py:109} INFO - [2021-09-21 01:40:19,201] {dag.py:2287} INFO - Setting next_dagrun for tutorial to 2021-09-19 00:00:00+00:00
[2021-09-21 01:40:19,210] {processor.py:170} INFO - Processing /home/airflow/.local/lib/python3.6/site-packages/airflow/example_dags/tutorial.py took 0.071 seconds
[2021-09-21 01:40:49,772] {processor.py:162} INFO - Started process (PID=2925) to work on /home/airflow/.local/lib/python3.6/site-packages/airflow/example_dags/tutorial.py
[2021-09-21 01:40:49,774] {processor.py:613} INFO - Processing file /home/airflow/.local/lib/python3.6/site-packages/airflow/example_dags/tutorial.py for tasks to queue
[2021-09-21 01:40:49,776] {logging_mixin.py:109} INFO - [2021-09-21 01:40:49,776] {dagbag.py:496} INFO - Filling up the DagBag from /home/airflow/.local/lib/python3.6/site-packages/airflow/example_dags/tutorial.py
[2021-09-21 01:40:49,789] {processor.py:623} INFO - DAG(s) dict_keys(['tutorial']) retrieved from /home/airflow/.local/lib/python3.6/site-packages/airflow/example_dags/tutorial.py
[2021-09-21 01:40:49,817] {logging_mixin.py:109} INFO - [2021-09-21 01:40:49,816] {dag.py:1834} INFO - Sync 1 DAGs
[2021-09-21 01:40:49,832] {logging_mixin.py:109} INFO - [2021-09-21 01:40:49,832] {dag.py:2287} INFO - Setting next_dagrun for tutorial to 2021-09-19 00:00:00+00:00
[2021-09-21 01:40:49,843] {processor.py:170} INFO - Processing /home/airflow/.local/lib/python3.6/site-packages/airflow/example_dags/tutorial.py took 0.074 seconds
[2021-09-21 01:41:20,595] {processor.py:162} INFO - Started process (PID=2978) to work on /home/airflow/.local/lib/python3.6/site-packages/airflow/example_dags/tutorial.py
[2021-09-21 01:41:20,597] {processor.py:613} INFO - Processing file /home/airflow/.local/lib/python3.6/site-packages/airflow/example_dags/tutorial.py for tasks to queue
[2021-09-21 01:41:20,598] {logging_mixin.py:109} INFO - [2021-09-21 01:41:20,598] {dagbag.py:496} INFO - Filling up the DagBag from /home/airflow/.local/lib/python3.6/site-packages/airflow/example_dags/tutorial.py
[2021-09-21 01:41:20,612] {processor.py:623} INFO - DAG(s) dict_keys(['tutorial']) retrieved from /home/airflow/.local/lib/python3.6/site-packages/airflow/example_dags/tutorial.py
[2021-09-21 01:41:20,635] {logging_mixin.py:109} INFO - [2021-09-21 01:41:20,635] {dag.py:1834} INFO - Sync 1 DAGs
[2021-09-21 01:41:20,650] {logging_mixin.py:109} INFO - [2021-09-21 01:41:20,650] {dag.py:2287} INFO - Setting next_dagrun for tutorial to 2021-09-19 00:00:00+00:00
[2021-09-21 01:41:20,673] {processor.py:170} INFO - Processing /home/airflow/.local/lib/python3.6/site-packages/airflow/example_dags/tutorial.py took 0.082 seconds
[2021-09-21 01:41:50,903] {processor.py:162} INFO - Started process (PID=3043) to work on /home/airflow/.local/lib/python3.6/site-packages/airflow/example_dags/tutorial.py
[2021-09-21 01:41:50,906] {processor.py:613} INFO - Processing file /home/airflow/.local/lib/python3.6/site-packages/airflow/example_dags/tutorial.py for tasks to queue
[2021-09-21 01:41:50,907] {logging_mixin.py:109} INFO - [2021-09-21 01:41:50,907] {dagbag.py:496} INFO - Filling up the DagBag from /home/airflow/.local/lib/python3.6/site-packages/airflow/example_dags/tutorial.py
[2021-09-21 01:41:50,922] {processor.py:623} INFO - DAG(s) dict_keys(['tutorial']) retrieved from /home/airflow/.local/lib/python3.6/site-packages/airflow/example_dags/tutorial.py
[2021-09-21 01:41:50,948] {logging_mixin.py:109} INFO - [2021-09-21 01:41:50,948] {dag.py:1834} INFO - Sync 1 DAGs
[2021-09-21 01:41:50,963] {logging_mixin.py:109} INFO - [2021-09-21 01:41:50,963] {dag.py:2287} INFO - Setting next_dagrun for tutorial to 2021-09-19 00:00:00+00:00
[2021-09-21 01:41:50,975] {processor.py:170} INFO - Processing /home/airflow/.local/lib/python3.6/site-packages/airflow/example_dags/tutorial.py took 0.075 seconds
[2021-09-21 01:42:21,024] {processor.py:162} INFO - Started process (PID=3098) to work on /home/airflow/.local/lib/python3.6/site-packages/airflow/example_dags/tutorial.py
[2021-09-21 01:42:21,026] {processor.py:613} INFO - Processing file /home/airflow/.local/lib/python3.6/site-packages/airflow/example_dags/tutorial.py for tasks to queue
[2021-09-21 01:42:21,028] {logging_mixin.py:109} INFO - [2021-09-21 01:42:21,028] {dagbag.py:496} INFO - Filling up the DagBag from /home/airflow/.local/lib/python3.6/site-packages/airflow/example_dags/tutorial.py
[2021-09-21 01:42:21,042] {processor.py:623} INFO - DAG(s) dict_keys(['tutorial']) retrieved from /home/airflow/.local/lib/python3.6/site-packages/airflow/example_dags/tutorial.py
[2021-09-21 01:42:21,067] {logging_mixin.py:109} INFO - [2021-09-21 01:42:21,067] {dag.py:1834} INFO - Sync 1 DAGs
[2021-09-21 01:42:21,083] {logging_mixin.py:109} INFO - [2021-09-21 01:42:21,083] {dag.py:2287} INFO - Setting next_dagrun for tutorial to 2021-09-19 00:00:00+00:00
[2021-09-21 01:42:21,095] {processor.py:170} INFO - Processing /home/airflow/.local/lib/python3.6/site-packages/airflow/example_dags/tutorial.py took 0.075 seconds
[2021-09-21 01:42:51,274] {processor.py:162} INFO - Started process (PID=3163) to work on /home/airflow/.local/lib/python3.6/site-packages/airflow/example_dags/tutorial.py
[2021-09-21 01:42:51,276] {processor.py:613} INFO - Processing file /home/airflow/.local/lib/python3.6/site-packages/airflow/example_dags/tutorial.py for tasks to queue
[2021-09-21 01:42:51,277] {logging_mixin.py:109} INFO - [2021-09-21 01:42:51,277] {dagbag.py:496} INFO - Filling up the DagBag from /home/airflow/.local/lib/python3.6/site-packages/airflow/example_dags/tutorial.py
[2021-09-21 01:42:51,292] {processor.py:623} INFO - DAG(s) dict_keys(['tutorial']) retrieved from /home/airflow/.local/lib/python3.6/site-packages/airflow/example_dags/tutorial.py
[2021-09-21 01:42:51,317] {logging_mixin.py:109} INFO - [2021-09-21 01:42:51,317] {dag.py:1834} INFO - Sync 1 DAGs
[2021-09-21 01:42:51,332] {logging_mixin.py:109} INFO - [2021-09-21 01:42:51,332] {dag.py:2287} INFO - Setting next_dagrun for tutorial to 2021-09-19 00:00:00+00:00
[2021-09-21 01:42:51,344] {processor.py:170} INFO - Processing /home/airflow/.local/lib/python3.6/site-packages/airflow/example_dags/tutorial.py took 0.074 seconds
[2021-09-21 01:43:25,440] {processor.py:162} INFO - Started process (PID=3224) to work on /home/airflow/.local/lib/python3.6/site-packages/airflow/example_dags/tutorial.py
[2021-09-21 01:43:25,446] {processor.py:613} INFO - Processing file /home/airflow/.local/lib/python3.6/site-packages/airflow/example_dags/tutorial.py for tasks to queue
[2021-09-21 01:43:25,449] {logging_mixin.py:109} INFO - [2021-09-21 01:43:25,449] {dagbag.py:496} INFO - Filling up the DagBag from /home/airflow/.local/lib/python3.6/site-packages/airflow/example_dags/tutorial.py
[2021-09-21 01:43:25,473] {processor.py:623} INFO - DAG(s) dict_keys(['tutorial']) retrieved from /home/airflow/.local/lib/python3.6/site-packages/airflow/example_dags/tutorial.py
[2021-09-21 01:43:25,525] {logging_mixin.py:109} INFO - [2021-09-21 01:43:25,524] {dag.py:1834} INFO - Sync 1 DAGs
[2021-09-21 01:43:25,568] {logging_mixin.py:109} INFO - [2021-09-21 01:43:25,568] {dag.py:2287} INFO - Setting next_dagrun for tutorial to 2021-09-19 00:00:00+00:00
[2021-09-21 01:43:25,611] {processor.py:170} INFO - Processing /home/airflow/.local/lib/python3.6/site-packages/airflow/example_dags/tutorial.py took 0.177 seconds
[2021-09-21 01:43:56,135] {processor.py:162} INFO - Started process (PID=3274) to work on /home/airflow/.local/lib/python3.6/site-packages/airflow/example_dags/tutorial.py
[2021-09-21 01:43:56,138] {processor.py:613} INFO - Processing file /home/airflow/.local/lib/python3.6/site-packages/airflow/example_dags/tutorial.py for tasks to queue
[2021-09-21 01:43:56,140] {logging_mixin.py:109} INFO - [2021-09-21 01:43:56,140] {dagbag.py:496} INFO - Filling up the DagBag from /home/airflow/.local/lib/python3.6/site-packages/airflow/example_dags/tutorial.py
[2021-09-21 01:43:56,155] {processor.py:623} INFO - DAG(s) dict_keys(['tutorial']) retrieved from /home/airflow/.local/lib/python3.6/site-packages/airflow/example_dags/tutorial.py
[2021-09-21 01:43:56,180] {logging_mixin.py:109} INFO - [2021-09-21 01:43:56,180] {dag.py:1834} INFO - Sync 1 DAGs
[2021-09-21 01:43:56,196] {logging_mixin.py:109} INFO - [2021-09-21 01:43:56,196] {dag.py:2287} INFO - Setting next_dagrun for tutorial to 2021-09-19 00:00:00+00:00
[2021-09-21 01:43:56,207] {processor.py:170} INFO - Processing /home/airflow/.local/lib/python3.6/site-packages/airflow/example_dags/tutorial.py took 0.075 seconds
[2021-09-21 01:44:26,837] {processor.py:162} INFO - Started process (PID=3338) to work on /home/airflow/.local/lib/python3.6/site-packages/airflow/example_dags/tutorial.py
[2021-09-21 01:44:26,839] {processor.py:613} INFO - Processing file /home/airflow/.local/lib/python3.6/site-packages/airflow/example_dags/tutorial.py for tasks to queue
[2021-09-21 01:44:26,841] {logging_mixin.py:109} INFO - [2021-09-21 01:44:26,841] {dagbag.py:496} INFO - Filling up the DagBag from /home/airflow/.local/lib/python3.6/site-packages/airflow/example_dags/tutorial.py
[2021-09-21 01:44:26,858] {processor.py:623} INFO - DAG(s) dict_keys(['tutorial']) retrieved from /home/airflow/.local/lib/python3.6/site-packages/airflow/example_dags/tutorial.py
[2021-09-21 01:44:26,884] {logging_mixin.py:109} INFO - [2021-09-21 01:44:26,884] {dag.py:1834} INFO - Sync 1 DAGs
[2021-09-21 01:44:26,901] {logging_mixin.py:109} INFO - [2021-09-21 01:44:26,901] {dag.py:2287} INFO - Setting next_dagrun for tutorial to 2021-09-19 00:00:00+00:00
[2021-09-21 01:44:26,913] {processor.py:170} INFO - Processing /home/airflow/.local/lib/python3.6/site-packages/airflow/example_dags/tutorial.py took 0.080 seconds
[2021-09-21 01:44:56,984] {processor.py:162} INFO - Started process (PID=3390) to work on /home/airflow/.local/lib/python3.6/site-packages/airflow/example_dags/tutorial.py
[2021-09-21 01:44:56,986] {processor.py:613} INFO - Processing file /home/airflow/.local/lib/python3.6/site-packages/airflow/example_dags/tutorial.py for tasks to queue
[2021-09-21 01:44:56,988] {logging_mixin.py:109} INFO - [2021-09-21 01:44:56,988] {dagbag.py:496} INFO - Filling up the DagBag from /home/airflow/.local/lib/python3.6/site-packages/airflow/example_dags/tutorial.py
[2021-09-21 01:44:57,001] {processor.py:623} INFO - DAG(s) dict_keys(['tutorial']) retrieved from /home/airflow/.local/lib/python3.6/site-packages/airflow/example_dags/tutorial.py
[2021-09-21 01:44:57,024] {logging_mixin.py:109} INFO - [2021-09-21 01:44:57,024] {dag.py:1834} INFO - Sync 1 DAGs
[2021-09-21 01:44:57,039] {logging_mixin.py:109} INFO - [2021-09-21 01:44:57,039] {dag.py:2287} INFO - Setting next_dagrun for tutorial to 2021-09-19 00:00:00+00:00
[2021-09-21 01:44:57,049] {processor.py:170} INFO - Processing /home/airflow/.local/lib/python3.6/site-packages/airflow/example_dags/tutorial.py took 0.069 seconds
[2021-09-21 01:45:27,867] {processor.py:162} INFO - Started process (PID=3454) to work on /home/airflow/.local/lib/python3.6/site-packages/airflow/example_dags/tutorial.py
[2021-09-21 01:45:27,869] {processor.py:613} INFO - Processing file /home/airflow/.local/lib/python3.6/site-packages/airflow/example_dags/tutorial.py for tasks to queue
[2021-09-21 01:45:27,871] {logging_mixin.py:109} INFO - [2021-09-21 01:45:27,870] {dagbag.py:496} INFO - Filling up the DagBag from /home/airflow/.local/lib/python3.6/site-packages/airflow/example_dags/tutorial.py
[2021-09-21 01:45:27,887] {processor.py:623} INFO - DAG(s) dict_keys(['tutorial']) retrieved from /home/airflow/.local/lib/python3.6/site-packages/airflow/example_dags/tutorial.py
[2021-09-21 01:45:27,913] {logging_mixin.py:109} INFO - [2021-09-21 01:45:27,913] {dag.py:1834} INFO - Sync 1 DAGs
[2021-09-21 01:45:27,928] {logging_mixin.py:109} INFO - [2021-09-21 01:45:27,928] {dag.py:2287} INFO - Setting next_dagrun for tutorial to 2021-09-19 00:00:00+00:00
[2021-09-21 01:45:27,940] {processor.py:170} INFO - Processing /home/airflow/.local/lib/python3.6/site-packages/airflow/example_dags/tutorial.py took 0.077 seconds
[2021-09-21 01:45:58,700] {processor.py:162} INFO - Started process (PID=3517) to work on /home/airflow/.local/lib/python3.6/site-packages/airflow/example_dags/tutorial.py
[2021-09-21 01:45:58,701] {processor.py:613} INFO - Processing file /home/airflow/.local/lib/python3.6/site-packages/airflow/example_dags/tutorial.py for tasks to queue
[2021-09-21 01:45:58,703] {logging_mixin.py:109} INFO - [2021-09-21 01:45:58,703] {dagbag.py:496} INFO - Filling up the DagBag from /home/airflow/.local/lib/python3.6/site-packages/airflow/example_dags/tutorial.py
[2021-09-21 01:45:58,716] {processor.py:623} INFO - DAG(s) dict_keys(['tutorial']) retrieved from /home/airflow/.local/lib/python3.6/site-packages/airflow/example_dags/tutorial.py
[2021-09-21 01:45:58,738] {logging_mixin.py:109} INFO - [2021-09-21 01:45:58,738] {dag.py:1834} INFO - Sync 1 DAGs
[2021-09-21 01:45:58,750] {logging_mixin.py:109} INFO - [2021-09-21 01:45:58,750] {dag.py:2287} INFO - Setting next_dagrun for tutorial to 2021-09-19 00:00:00+00:00
[2021-09-21 01:45:58,759] {processor.py:170} INFO - Processing /home/airflow/.local/lib/python3.6/site-packages/airflow/example_dags/tutorial.py took 0.063 seconds
[2021-09-21 01:46:29,923] {processor.py:162} INFO - Started process (PID=3579) to work on /home/airflow/.local/lib/python3.6/site-packages/airflow/example_dags/tutorial.py
[2021-09-21 01:46:29,926] {processor.py:613} INFO - Processing file /home/airflow/.local/lib/python3.6/site-packages/airflow/example_dags/tutorial.py for tasks to queue
[2021-09-21 01:46:29,928] {logging_mixin.py:109} INFO - [2021-09-21 01:46:29,927] {dagbag.py:496} INFO - Filling up the DagBag from /home/airflow/.local/lib/python3.6/site-packages/airflow/example_dags/tutorial.py
[2021-09-21 01:46:29,945] {processor.py:623} INFO - DAG(s) dict_keys(['tutorial']) retrieved from /home/airflow/.local/lib/python3.6/site-packages/airflow/example_dags/tutorial.py
[2021-09-21 01:46:29,982] {logging_mixin.py:109} INFO - [2021-09-21 01:46:29,982] {dag.py:1834} INFO - Sync 1 DAGs
[2021-09-21 01:46:30,004] {logging_mixin.py:109} INFO - [2021-09-21 01:46:30,004] {dag.py:2287} INFO - Setting next_dagrun for tutorial to 2021-09-19 00:00:00+00:00
[2021-09-21 01:46:30,019] {processor.py:170} INFO - Processing /home/airflow/.local/lib/python3.6/site-packages/airflow/example_dags/tutorial.py took 0.101 seconds
[2021-09-21 01:47:01,142] {processor.py:162} INFO - Started process (PID=3635) to work on /home/airflow/.local/lib/python3.6/site-packages/airflow/example_dags/tutorial.py
[2021-09-21 01:47:01,145] {processor.py:613} INFO - Processing file /home/airflow/.local/lib/python3.6/site-packages/airflow/example_dags/tutorial.py for tasks to queue
[2021-09-21 01:47:01,147] {logging_mixin.py:109} INFO - [2021-09-21 01:47:01,147] {dagbag.py:496} INFO - Filling up the DagBag from /home/airflow/.local/lib/python3.6/site-packages/airflow/example_dags/tutorial.py
[2021-09-21 01:47:01,169] {processor.py:623} INFO - DAG(s) dict_keys(['tutorial']) retrieved from /home/airflow/.local/lib/python3.6/site-packages/airflow/example_dags/tutorial.py
[2021-09-21 01:47:01,203] {logging_mixin.py:109} INFO - [2021-09-21 01:47:01,203] {dag.py:1834} INFO - Sync 1 DAGs
[2021-09-21 01:47:01,222] {logging_mixin.py:109} INFO - [2021-09-21 01:47:01,222] {dag.py:2287} INFO - Setting next_dagrun for tutorial to 2021-09-19 00:00:00+00:00
[2021-09-21 01:47:01,238] {processor.py:170} INFO - Processing /home/airflow/.local/lib/python3.6/site-packages/airflow/example_dags/tutorial.py took 0.107 seconds
[2021-09-21 01:47:31,440] {processor.py:162} INFO - Started process (PID=3700) to work on /home/airflow/.local/lib/python3.6/site-packages/airflow/example_dags/tutorial.py
[2021-09-21 01:47:31,442] {processor.py:613} INFO - Processing file /home/airflow/.local/lib/python3.6/site-packages/airflow/example_dags/tutorial.py for tasks to queue
[2021-09-21 01:47:31,444] {logging_mixin.py:109} INFO - [2021-09-21 01:47:31,444] {dagbag.py:496} INFO - Filling up the DagBag from /home/airflow/.local/lib/python3.6/site-packages/airflow/example_dags/tutorial.py
[2021-09-21 01:47:31,465] {processor.py:623} INFO - DAG(s) dict_keys(['tutorial']) retrieved from /home/airflow/.local/lib/python3.6/site-packages/airflow/example_dags/tutorial.py
[2021-09-21 01:47:31,501] {logging_mixin.py:109} INFO - [2021-09-21 01:47:31,501] {dag.py:1834} INFO - Sync 1 DAGs
[2021-09-21 01:47:31,523] {logging_mixin.py:109} INFO - [2021-09-21 01:47:31,523] {dag.py:2287} INFO - Setting next_dagrun for tutorial to 2021-09-19 00:00:00+00:00
[2021-09-21 01:47:31,539] {processor.py:170} INFO - Processing /home/airflow/.local/lib/python3.6/site-packages/airflow/example_dags/tutorial.py took 0.105 seconds
[2021-09-21 01:48:02,314] {processor.py:162} INFO - Started process (PID=3753) to work on /home/airflow/.local/lib/python3.6/site-packages/airflow/example_dags/tutorial.py
[2021-09-21 01:48:02,316] {processor.py:613} INFO - Processing file /home/airflow/.local/lib/python3.6/site-packages/airflow/example_dags/tutorial.py for tasks to queue
[2021-09-21 01:48:02,318] {logging_mixin.py:109} INFO - [2021-09-21 01:48:02,317] {dagbag.py:496} INFO - Filling up the DagBag from /home/airflow/.local/lib/python3.6/site-packages/airflow/example_dags/tutorial.py
[2021-09-21 01:48:02,333] {processor.py:623} INFO - DAG(s) dict_keys(['tutorial']) retrieved from /home/airflow/.local/lib/python3.6/site-packages/airflow/example_dags/tutorial.py
[2021-09-21 01:48:02,374] {logging_mixin.py:109} INFO - [2021-09-21 01:48:02,373] {dag.py:1834} INFO - Sync 1 DAGs
[2021-09-21 01:48:02,396] {logging_mixin.py:109} INFO - [2021-09-21 01:48:02,396] {dag.py:2287} INFO - Setting next_dagrun for tutorial to 2021-09-19 00:00:00+00:00
[2021-09-21 01:48:02,429] {processor.py:170} INFO - Processing /home/airflow/.local/lib/python3.6/site-packages/airflow/example_dags/tutorial.py took 0.120 seconds
[2021-09-21 01:48:32,705] {processor.py:162} INFO - Started process (PID=3818) to work on /home/airflow/.local/lib/python3.6/site-packages/airflow/example_dags/tutorial.py
[2021-09-21 01:48:32,707] {processor.py:613} INFO - Processing file /home/airflow/.local/lib/python3.6/site-packages/airflow/example_dags/tutorial.py for tasks to queue
[2021-09-21 01:48:32,709] {logging_mixin.py:109} INFO - [2021-09-21 01:48:32,709] {dagbag.py:496} INFO - Filling up the DagBag from /home/airflow/.local/lib/python3.6/site-packages/airflow/example_dags/tutorial.py
[2021-09-21 01:48:32,725] {processor.py:623} INFO - DAG(s) dict_keys(['tutorial']) retrieved from /home/airflow/.local/lib/python3.6/site-packages/airflow/example_dags/tutorial.py
[2021-09-21 01:48:32,753] {logging_mixin.py:109} INFO - [2021-09-21 01:48:32,753] {dag.py:1834} INFO - Sync 1 DAGs
[2021-09-21 01:48:32,770] {logging_mixin.py:109} INFO - [2021-09-21 01:48:32,770] {dag.py:2287} INFO - Setting next_dagrun for tutorial to 2021-09-19 00:00:00+00:00
[2021-09-21 01:48:32,782] {processor.py:170} INFO - Processing /home/airflow/.local/lib/python3.6/site-packages/airflow/example_dags/tutorial.py took 0.083 seconds
[2021-09-21 01:49:02,968] {processor.py:162} INFO - Started process (PID=3870) to work on /home/airflow/.local/lib/python3.6/site-packages/airflow/example_dags/tutorial.py
[2021-09-21 01:49:02,971] {processor.py:613} INFO - Processing file /home/airflow/.local/lib/python3.6/site-packages/airflow/example_dags/tutorial.py for tasks to queue
[2021-09-21 01:49:02,972] {logging_mixin.py:109} INFO - [2021-09-21 01:49:02,972] {dagbag.py:496} INFO - Filling up the DagBag from /home/airflow/.local/lib/python3.6/site-packages/airflow/example_dags/tutorial.py
[2021-09-21 01:49:02,988] {processor.py:623} INFO - DAG(s) dict_keys(['tutorial']) retrieved from /home/airflow/.local/lib/python3.6/site-packages/airflow/example_dags/tutorial.py
[2021-09-21 01:49:03,017] {logging_mixin.py:109} INFO - [2021-09-21 01:49:03,016] {dag.py:1834} INFO - Sync 1 DAGs
[2021-09-21 01:49:03,032] {logging_mixin.py:109} INFO - [2021-09-21 01:49:03,032] {dag.py:2287} INFO - Setting next_dagrun for tutorial to 2021-09-19 00:00:00+00:00
[2021-09-21 01:49:03,046] {processor.py:170} INFO - Processing /home/airflow/.local/lib/python3.6/site-packages/airflow/example_dags/tutorial.py took 0.081 seconds
[2021-09-21 01:49:33,370] {processor.py:162} INFO - Started process (PID=3933) to work on /home/airflow/.local/lib/python3.6/site-packages/airflow/example_dags/tutorial.py
[2021-09-21 01:49:33,373] {processor.py:613} INFO - Processing file /home/airflow/.local/lib/python3.6/site-packages/airflow/example_dags/tutorial.py for tasks to queue
[2021-09-21 01:49:33,375] {logging_mixin.py:109} INFO - [2021-09-21 01:49:33,375] {dagbag.py:496} INFO - Filling up the DagBag from /home/airflow/.local/lib/python3.6/site-packages/airflow/example_dags/tutorial.py
[2021-09-21 01:49:33,389] {processor.py:623} INFO - DAG(s) dict_keys(['tutorial']) retrieved from /home/airflow/.local/lib/python3.6/site-packages/airflow/example_dags/tutorial.py
[2021-09-21 01:49:33,425] {logging_mixin.py:109} INFO - [2021-09-21 01:49:33,424] {dag.py:1834} INFO - Sync 1 DAGs
[2021-09-21 01:49:33,443] {logging_mixin.py:109} INFO - [2021-09-21 01:49:33,443] {dag.py:2287} INFO - Setting next_dagrun for tutorial to 2021-09-19 00:00:00+00:00
[2021-09-21 01:49:33,458] {processor.py:170} INFO - Processing /home/airflow/.local/lib/python3.6/site-packages/airflow/example_dags/tutorial.py took 0.092 seconds
[2021-09-21 01:50:03,742] {processor.py:162} INFO - Started process (PID=3997) to work on /home/airflow/.local/lib/python3.6/site-packages/airflow/example_dags/tutorial.py
[2021-09-21 01:50:03,744] {processor.py:613} INFO - Processing file /home/airflow/.local/lib/python3.6/site-packages/airflow/example_dags/tutorial.py for tasks to queue
[2021-09-21 01:50:03,746] {logging_mixin.py:109} INFO - [2021-09-21 01:50:03,746] {dagbag.py:496} INFO - Filling up the DagBag from /home/airflow/.local/lib/python3.6/site-packages/airflow/example_dags/tutorial.py
[2021-09-21 01:50:03,766] {processor.py:623} INFO - DAG(s) dict_keys(['tutorial']) retrieved from /home/airflow/.local/lib/python3.6/site-packages/airflow/example_dags/tutorial.py
[2021-09-21 01:50:03,797] {logging_mixin.py:109} INFO - [2021-09-21 01:50:03,797] {dag.py:1834} INFO - Sync 1 DAGs
[2021-09-21 01:50:03,817] {logging_mixin.py:109} INFO - [2021-09-21 01:50:03,817] {dag.py:2287} INFO - Setting next_dagrun for tutorial to 2021-09-19 00:00:00+00:00
[2021-09-21 01:50:03,831] {processor.py:170} INFO - Processing /home/airflow/.local/lib/python3.6/site-packages/airflow/example_dags/tutorial.py took 0.094 seconds
[2021-09-21 01:50:34,572] {processor.py:162} INFO - Started process (PID=4048) to work on /home/airflow/.local/lib/python3.6/site-packages/airflow/example_dags/tutorial.py
[2021-09-21 01:50:34,575] {processor.py:613} INFO - Processing file /home/airflow/.local/lib/python3.6/site-packages/airflow/example_dags/tutorial.py for tasks to queue
[2021-09-21 01:50:34,577] {logging_mixin.py:109} INFO - [2021-09-21 01:50:34,577] {dagbag.py:496} INFO - Filling up the DagBag from /home/airflow/.local/lib/python3.6/site-packages/airflow/example_dags/tutorial.py
[2021-09-21 01:50:34,594] {processor.py:623} INFO - DAG(s) dict_keys(['tutorial']) retrieved from /home/airflow/.local/lib/python3.6/site-packages/airflow/example_dags/tutorial.py
[2021-09-21 01:50:34,642] {logging_mixin.py:109} INFO - [2021-09-21 01:50:34,642] {dag.py:1834} INFO - Sync 1 DAGs
[2021-09-21 01:50:34,673] {logging_mixin.py:109} INFO - [2021-09-21 01:50:34,673] {dag.py:2287} INFO - Setting next_dagrun for tutorial to 2021-09-19 00:00:00+00:00
[2021-09-21 01:50:34,692] {processor.py:170} INFO - Processing /home/airflow/.local/lib/python3.6/site-packages/airflow/example_dags/tutorial.py took 0.125 seconds
[2021-09-21 01:51:04,897] {processor.py:162} INFO - Started process (PID=4112) to work on /home/airflow/.local/lib/python3.6/site-packages/airflow/example_dags/tutorial.py
[2021-09-21 01:51:04,899] {processor.py:613} INFO - Processing file /home/airflow/.local/lib/python3.6/site-packages/airflow/example_dags/tutorial.py for tasks to queue
[2021-09-21 01:51:04,902] {logging_mixin.py:109} INFO - [2021-09-21 01:51:04,901] {dagbag.py:496} INFO - Filling up the DagBag from /home/airflow/.local/lib/python3.6/site-packages/airflow/example_dags/tutorial.py
[2021-09-21 01:51:04,916] {processor.py:623} INFO - DAG(s) dict_keys(['tutorial']) retrieved from /home/airflow/.local/lib/python3.6/site-packages/airflow/example_dags/tutorial.py
[2021-09-21 01:51:04,939] {logging_mixin.py:109} INFO - [2021-09-21 01:51:04,939] {dag.py:1834} INFO - Sync 1 DAGs
[2021-09-21 01:51:04,957] {logging_mixin.py:109} INFO - [2021-09-21 01:51:04,957] {dag.py:2287} INFO - Setting next_dagrun for tutorial to 2021-09-19 00:00:00+00:00
[2021-09-21 01:51:04,972] {processor.py:170} INFO - Processing /home/airflow/.local/lib/python3.6/site-packages/airflow/example_dags/tutorial.py took 0.080 seconds
[2021-09-21 01:51:35,258] {processor.py:162} INFO - Started process (PID=4165) to work on /home/airflow/.local/lib/python3.6/site-packages/airflow/example_dags/tutorial.py
[2021-09-21 01:51:35,260] {processor.py:613} INFO - Processing file /home/airflow/.local/lib/python3.6/site-packages/airflow/example_dags/tutorial.py for tasks to queue
[2021-09-21 01:51:35,261] {logging_mixin.py:109} INFO - [2021-09-21 01:51:35,261] {dagbag.py:496} INFO - Filling up the DagBag from /home/airflow/.local/lib/python3.6/site-packages/airflow/example_dags/tutorial.py
[2021-09-21 01:51:35,274] {processor.py:623} INFO - DAG(s) dict_keys(['tutorial']) retrieved from /home/airflow/.local/lib/python3.6/site-packages/airflow/example_dags/tutorial.py
[2021-09-21 01:51:35,295] {logging_mixin.py:109} INFO - [2021-09-21 01:51:35,295] {dag.py:1834} INFO - Sync 1 DAGs
[2021-09-21 01:51:35,310] {logging_mixin.py:109} INFO - [2021-09-21 01:51:35,310] {dag.py:2287} INFO - Setting next_dagrun for tutorial to 2021-09-19 00:00:00+00:00
[2021-09-21 01:51:35,320] {processor.py:170} INFO - Processing /home/airflow/.local/lib/python3.6/site-packages/airflow/example_dags/tutorial.py took 0.066 seconds
[2021-09-21 01:52:05,543] {processor.py:162} INFO - Started process (PID=4228) to work on /home/airflow/.local/lib/python3.6/site-packages/airflow/example_dags/tutorial.py
[2021-09-21 01:52:05,547] {processor.py:613} INFO - Processing file /home/airflow/.local/lib/python3.6/site-packages/airflow/example_dags/tutorial.py for tasks to queue
[2021-09-21 01:52:05,553] {logging_mixin.py:109} INFO - [2021-09-21 01:52:05,552] {dagbag.py:496} INFO - Filling up the DagBag from /home/airflow/.local/lib/python3.6/site-packages/airflow/example_dags/tutorial.py
[2021-09-21 01:52:05,581] {processor.py:623} INFO - DAG(s) dict_keys(['tutorial']) retrieved from /home/airflow/.local/lib/python3.6/site-packages/airflow/example_dags/tutorial.py
[2021-09-21 01:52:05,617] {logging_mixin.py:109} INFO - [2021-09-21 01:52:05,617] {dag.py:1834} INFO - Sync 1 DAGs
[2021-09-21 01:52:05,640] {logging_mixin.py:109} INFO - [2021-09-21 01:52:05,640] {dag.py:2287} INFO - Setting next_dagrun for tutorial to 2021-09-19 00:00:00+00:00
[2021-09-21 01:52:05,654] {processor.py:170} INFO - Processing /home/airflow/.local/lib/python3.6/site-packages/airflow/example_dags/tutorial.py took 0.117 seconds
[2021-09-21 01:52:35,839] {processor.py:162} INFO - Started process (PID=4283) to work on /home/airflow/.local/lib/python3.6/site-packages/airflow/example_dags/tutorial.py
[2021-09-21 01:52:35,842] {processor.py:613} INFO - Processing file /home/airflow/.local/lib/python3.6/site-packages/airflow/example_dags/tutorial.py for tasks to queue
[2021-09-21 01:52:35,845] {logging_mixin.py:109} INFO - [2021-09-21 01:52:35,844] {dagbag.py:496} INFO - Filling up the DagBag from /home/airflow/.local/lib/python3.6/site-packages/airflow/example_dags/tutorial.py
[2021-09-21 01:52:35,862] {processor.py:623} INFO - DAG(s) dict_keys(['tutorial']) retrieved from /home/airflow/.local/lib/python3.6/site-packages/airflow/example_dags/tutorial.py
[2021-09-21 01:52:35,898] {logging_mixin.py:109} INFO - [2021-09-21 01:52:35,898] {dag.py:1834} INFO - Sync 1 DAGs
[2021-09-21 01:52:35,923] {logging_mixin.py:109} INFO - [2021-09-21 01:52:35,923] {dag.py:2287} INFO - Setting next_dagrun for tutorial to 2021-09-19 00:00:00+00:00
[2021-09-21 01:52:35,936] {processor.py:170} INFO - Processing /home/airflow/.local/lib/python3.6/site-packages/airflow/example_dags/tutorial.py took 0.102 seconds
