[2021-09-21 01:17:28,799] {processor.py:162} INFO - Started process (PID=200) to work on /home/airflow/.local/lib/python3.6/site-packages/airflow/example_dags/tutorial_taskflow_api_etl.py
[2021-09-21 01:17:28,801] {processor.py:613} INFO - Processing file /home/airflow/.local/lib/python3.6/site-packages/airflow/example_dags/tutorial_taskflow_api_etl.py for tasks to queue
[2021-09-21 01:17:28,803] {logging_mixin.py:109} INFO - [2021-09-21 01:17:28,803] {dagbag.py:496} INFO - Filling up the DagBag from /home/airflow/.local/lib/python3.6/site-packages/airflow/example_dags/tutorial_taskflow_api_etl.py
[2021-09-21 01:17:28,824] {processor.py:623} INFO - DAG(s) dict_keys(['tutorial_taskflow_api_etl']) retrieved from /home/airflow/.local/lib/python3.6/site-packages/airflow/example_dags/tutorial_taskflow_api_etl.py
[2021-09-21 01:17:31,011] {logging_mixin.py:109} INFO - [2021-09-21 01:17:31,010] {dag.py:1834} INFO - Sync 1 DAGs
[2021-09-21 01:17:31,027] {logging_mixin.py:109} INFO - [2021-09-21 01:17:31,026] {dag.py:1853} INFO - Creating ORM DAG for tutorial_taskflow_api_etl
[2021-09-21 01:17:31,031] {logging_mixin.py:109} INFO - [2021-09-21 01:17:31,031] {dag.py:2287} INFO - Setting next_dagrun for tutorial_taskflow_api_etl to None
[2021-09-21 01:17:31,046] {processor.py:170} INFO - Processing /home/airflow/.local/lib/python3.6/site-packages/airflow/example_dags/tutorial_taskflow_api_etl.py took 2.250 seconds
[2021-09-21 01:18:01,197] {processor.py:162} INFO - Started process (PID=331) to work on /home/airflow/.local/lib/python3.6/site-packages/airflow/example_dags/tutorial_taskflow_api_etl.py
[2021-09-21 01:18:01,199] {processor.py:613} INFO - Processing file /home/airflow/.local/lib/python3.6/site-packages/airflow/example_dags/tutorial_taskflow_api_etl.py for tasks to queue
[2021-09-21 01:18:01,201] {logging_mixin.py:109} INFO - [2021-09-21 01:18:01,201] {dagbag.py:496} INFO - Filling up the DagBag from /home/airflow/.local/lib/python3.6/site-packages/airflow/example_dags/tutorial_taskflow_api_etl.py
[2021-09-21 01:18:01,216] {processor.py:623} INFO - DAG(s) dict_keys(['tutorial_taskflow_api_etl']) retrieved from /home/airflow/.local/lib/python3.6/site-packages/airflow/example_dags/tutorial_taskflow_api_etl.py
[2021-09-21 01:18:01,360] {logging_mixin.py:109} INFO - [2021-09-21 01:18:01,360] {dag.py:1834} INFO - Sync 1 DAGs
[2021-09-21 01:18:01,370] {logging_mixin.py:109} INFO - [2021-09-21 01:18:01,370] {dag.py:2287} INFO - Setting next_dagrun for tutorial_taskflow_api_etl to None
[2021-09-21 01:18:01,379] {processor.py:170} INFO - Processing /home/airflow/.local/lib/python3.6/site-packages/airflow/example_dags/tutorial_taskflow_api_etl.py took 0.185 seconds
[2021-09-21 01:18:31,456] {processor.py:162} INFO - Started process (PID=396) to work on /home/airflow/.local/lib/python3.6/site-packages/airflow/example_dags/tutorial_taskflow_api_etl.py
[2021-09-21 01:18:31,458] {processor.py:613} INFO - Processing file /home/airflow/.local/lib/python3.6/site-packages/airflow/example_dags/tutorial_taskflow_api_etl.py for tasks to queue
[2021-09-21 01:18:31,460] {logging_mixin.py:109} INFO - [2021-09-21 01:18:31,460] {dagbag.py:496} INFO - Filling up the DagBag from /home/airflow/.local/lib/python3.6/site-packages/airflow/example_dags/tutorial_taskflow_api_etl.py
[2021-09-21 01:18:31,477] {processor.py:623} INFO - DAG(s) dict_keys(['tutorial_taskflow_api_etl']) retrieved from /home/airflow/.local/lib/python3.6/site-packages/airflow/example_dags/tutorial_taskflow_api_etl.py
[2021-09-21 01:18:31,634] {logging_mixin.py:109} INFO - [2021-09-21 01:18:31,634] {dag.py:1834} INFO - Sync 1 DAGs
[2021-09-21 01:18:31,645] {logging_mixin.py:109} INFO - [2021-09-21 01:18:31,645] {dag.py:2287} INFO - Setting next_dagrun for tutorial_taskflow_api_etl to None
[2021-09-21 01:18:31,655] {processor.py:170} INFO - Processing /home/airflow/.local/lib/python3.6/site-packages/airflow/example_dags/tutorial_taskflow_api_etl.py took 0.203 seconds
[2021-09-21 01:19:01,710] {processor.py:162} INFO - Started process (PID=448) to work on /home/airflow/.local/lib/python3.6/site-packages/airflow/example_dags/tutorial_taskflow_api_etl.py
[2021-09-21 01:19:01,712] {processor.py:613} INFO - Processing file /home/airflow/.local/lib/python3.6/site-packages/airflow/example_dags/tutorial_taskflow_api_etl.py for tasks to queue
[2021-09-21 01:19:01,714] {logging_mixin.py:109} INFO - [2021-09-21 01:19:01,714] {dagbag.py:496} INFO - Filling up the DagBag from /home/airflow/.local/lib/python3.6/site-packages/airflow/example_dags/tutorial_taskflow_api_etl.py
[2021-09-21 01:19:01,733] {processor.py:623} INFO - DAG(s) dict_keys(['tutorial_taskflow_api_etl']) retrieved from /home/airflow/.local/lib/python3.6/site-packages/airflow/example_dags/tutorial_taskflow_api_etl.py
[2021-09-21 01:19:01,894] {logging_mixin.py:109} INFO - [2021-09-21 01:19:01,894] {dag.py:1834} INFO - Sync 1 DAGs
[2021-09-21 01:19:01,905] {logging_mixin.py:109} INFO - [2021-09-21 01:19:01,905] {dag.py:2287} INFO - Setting next_dagrun for tutorial_taskflow_api_etl to None
[2021-09-21 01:19:01,917] {processor.py:170} INFO - Processing /home/airflow/.local/lib/python3.6/site-packages/airflow/example_dags/tutorial_taskflow_api_etl.py took 0.211 seconds
[2021-09-21 01:19:32,014] {processor.py:162} INFO - Started process (PID=511) to work on /home/airflow/.local/lib/python3.6/site-packages/airflow/example_dags/tutorial_taskflow_api_etl.py
[2021-09-21 01:19:32,016] {processor.py:613} INFO - Processing file /home/airflow/.local/lib/python3.6/site-packages/airflow/example_dags/tutorial_taskflow_api_etl.py for tasks to queue
[2021-09-21 01:19:32,018] {logging_mixin.py:109} INFO - [2021-09-21 01:19:32,018] {dagbag.py:496} INFO - Filling up the DagBag from /home/airflow/.local/lib/python3.6/site-packages/airflow/example_dags/tutorial_taskflow_api_etl.py
[2021-09-21 01:19:32,037] {processor.py:623} INFO - DAG(s) dict_keys(['tutorial_taskflow_api_etl']) retrieved from /home/airflow/.local/lib/python3.6/site-packages/airflow/example_dags/tutorial_taskflow_api_etl.py
[2021-09-21 01:19:32,060] {logging_mixin.py:109} INFO - [2021-09-21 01:19:32,060] {dag.py:1834} INFO - Sync 1 DAGs
[2021-09-21 01:19:32,075] {logging_mixin.py:109} INFO - [2021-09-21 01:19:32,075] {dag.py:2287} INFO - Setting next_dagrun for tutorial_taskflow_api_etl to None
[2021-09-21 01:19:32,086] {processor.py:170} INFO - Processing /home/airflow/.local/lib/python3.6/site-packages/airflow/example_dags/tutorial_taskflow_api_etl.py took 0.076 seconds
[2021-09-21 01:20:02,146] {processor.py:162} INFO - Started process (PID=575) to work on /home/airflow/.local/lib/python3.6/site-packages/airflow/example_dags/tutorial_taskflow_api_etl.py
[2021-09-21 01:20:02,150] {processor.py:613} INFO - Processing file /home/airflow/.local/lib/python3.6/site-packages/airflow/example_dags/tutorial_taskflow_api_etl.py for tasks to queue
[2021-09-21 01:20:02,152] {logging_mixin.py:109} INFO - [2021-09-21 01:20:02,152] {dagbag.py:496} INFO - Filling up the DagBag from /home/airflow/.local/lib/python3.6/site-packages/airflow/example_dags/tutorial_taskflow_api_etl.py
[2021-09-21 01:20:02,171] {processor.py:623} INFO - DAG(s) dict_keys(['tutorial_taskflow_api_etl']) retrieved from /home/airflow/.local/lib/python3.6/site-packages/airflow/example_dags/tutorial_taskflow_api_etl.py
[2021-09-21 01:20:02,345] {logging_mixin.py:109} INFO - [2021-09-21 01:20:02,345] {dag.py:1834} INFO - Sync 1 DAGs
[2021-09-21 01:20:02,359] {logging_mixin.py:109} INFO - [2021-09-21 01:20:02,359] {dag.py:2287} INFO - Setting next_dagrun for tutorial_taskflow_api_etl to None
[2021-09-21 01:20:02,371] {processor.py:170} INFO - Processing /home/airflow/.local/lib/python3.6/site-packages/airflow/example_dags/tutorial_taskflow_api_etl.py took 0.229 seconds
[2021-09-21 01:20:33,024] {processor.py:162} INFO - Started process (PID=628) to work on /home/airflow/.local/lib/python3.6/site-packages/airflow/example_dags/tutorial_taskflow_api_etl.py
[2021-09-21 01:20:33,026] {processor.py:613} INFO - Processing file /home/airflow/.local/lib/python3.6/site-packages/airflow/example_dags/tutorial_taskflow_api_etl.py for tasks to queue
[2021-09-21 01:20:33,029] {logging_mixin.py:109} INFO - [2021-09-21 01:20:33,028] {dagbag.py:496} INFO - Filling up the DagBag from /home/airflow/.local/lib/python3.6/site-packages/airflow/example_dags/tutorial_taskflow_api_etl.py
[2021-09-21 01:20:33,049] {processor.py:623} INFO - DAG(s) dict_keys(['tutorial_taskflow_api_etl']) retrieved from /home/airflow/.local/lib/python3.6/site-packages/airflow/example_dags/tutorial_taskflow_api_etl.py
[2021-09-21 01:20:33,237] {logging_mixin.py:109} INFO - [2021-09-21 01:20:33,237] {dag.py:1834} INFO - Sync 1 DAGs
[2021-09-21 01:20:33,249] {logging_mixin.py:109} INFO - [2021-09-21 01:20:33,249] {dag.py:2287} INFO - Setting next_dagrun for tutorial_taskflow_api_etl to None
[2021-09-21 01:20:33,258] {processor.py:170} INFO - Processing /home/airflow/.local/lib/python3.6/site-packages/airflow/example_dags/tutorial_taskflow_api_etl.py took 0.239 seconds
[2021-09-21 01:21:03,367] {processor.py:162} INFO - Started process (PID=694) to work on /home/airflow/.local/lib/python3.6/site-packages/airflow/example_dags/tutorial_taskflow_api_etl.py
[2021-09-21 01:21:03,369] {processor.py:613} INFO - Processing file /home/airflow/.local/lib/python3.6/site-packages/airflow/example_dags/tutorial_taskflow_api_etl.py for tasks to queue
[2021-09-21 01:21:03,371] {logging_mixin.py:109} INFO - [2021-09-21 01:21:03,371] {dagbag.py:496} INFO - Filling up the DagBag from /home/airflow/.local/lib/python3.6/site-packages/airflow/example_dags/tutorial_taskflow_api_etl.py
[2021-09-21 01:21:03,390] {processor.py:623} INFO - DAG(s) dict_keys(['tutorial_taskflow_api_etl']) retrieved from /home/airflow/.local/lib/python3.6/site-packages/airflow/example_dags/tutorial_taskflow_api_etl.py
[2021-09-21 01:21:03,584] {logging_mixin.py:109} INFO - [2021-09-21 01:21:03,584] {dag.py:1834} INFO - Sync 1 DAGs
[2021-09-21 01:21:03,597] {logging_mixin.py:109} INFO - [2021-09-21 01:21:03,597] {dag.py:2287} INFO - Setting next_dagrun for tutorial_taskflow_api_etl to None
[2021-09-21 01:21:03,611] {processor.py:170} INFO - Processing /home/airflow/.local/lib/python3.6/site-packages/airflow/example_dags/tutorial_taskflow_api_etl.py took 0.247 seconds
[2021-09-21 01:21:33,775] {processor.py:162} INFO - Started process (PID=747) to work on /home/airflow/.local/lib/python3.6/site-packages/airflow/example_dags/tutorial_taskflow_api_etl.py
[2021-09-21 01:21:33,778] {processor.py:613} INFO - Processing file /home/airflow/.local/lib/python3.6/site-packages/airflow/example_dags/tutorial_taskflow_api_etl.py for tasks to queue
[2021-09-21 01:21:33,780] {logging_mixin.py:109} INFO - [2021-09-21 01:21:33,780] {dagbag.py:496} INFO - Filling up the DagBag from /home/airflow/.local/lib/python3.6/site-packages/airflow/example_dags/tutorial_taskflow_api_etl.py
[2021-09-21 01:21:33,803] {processor.py:623} INFO - DAG(s) dict_keys(['tutorial_taskflow_api_etl']) retrieved from /home/airflow/.local/lib/python3.6/site-packages/airflow/example_dags/tutorial_taskflow_api_etl.py
[2021-09-21 01:21:34,039] {logging_mixin.py:109} INFO - [2021-09-21 01:21:34,039] {dag.py:1834} INFO - Sync 1 DAGs
[2021-09-21 01:21:34,053] {logging_mixin.py:109} INFO - [2021-09-21 01:21:34,053] {dag.py:2287} INFO - Setting next_dagrun for tutorial_taskflow_api_etl to None
[2021-09-21 01:21:34,069] {processor.py:170} INFO - Processing /home/airflow/.local/lib/python3.6/site-packages/airflow/example_dags/tutorial_taskflow_api_etl.py took 0.299 seconds
[2021-09-21 01:22:04,641] {processor.py:162} INFO - Started process (PID=810) to work on /home/airflow/.local/lib/python3.6/site-packages/airflow/example_dags/tutorial_taskflow_api_etl.py
[2021-09-21 01:22:04,644] {processor.py:613} INFO - Processing file /home/airflow/.local/lib/python3.6/site-packages/airflow/example_dags/tutorial_taskflow_api_etl.py for tasks to queue
[2021-09-21 01:22:04,645] {logging_mixin.py:109} INFO - [2021-09-21 01:22:04,645] {dagbag.py:496} INFO - Filling up the DagBag from /home/airflow/.local/lib/python3.6/site-packages/airflow/example_dags/tutorial_taskflow_api_etl.py
[2021-09-21 01:22:04,666] {processor.py:623} INFO - DAG(s) dict_keys(['tutorial_taskflow_api_etl']) retrieved from /home/airflow/.local/lib/python3.6/site-packages/airflow/example_dags/tutorial_taskflow_api_etl.py
[2021-09-21 01:22:04,833] {logging_mixin.py:109} INFO - [2021-09-21 01:22:04,833] {dag.py:1834} INFO - Sync 1 DAGs
[2021-09-21 01:22:04,844] {logging_mixin.py:109} INFO - [2021-09-21 01:22:04,844] {dag.py:2287} INFO - Setting next_dagrun for tutorial_taskflow_api_etl to None
[2021-09-21 01:22:04,856] {processor.py:170} INFO - Processing /home/airflow/.local/lib/python3.6/site-packages/airflow/example_dags/tutorial_taskflow_api_etl.py took 0.218 seconds
[2021-09-21 01:22:34,904] {processor.py:162} INFO - Started process (PID=874) to work on /home/airflow/.local/lib/python3.6/site-packages/airflow/example_dags/tutorial_taskflow_api_etl.py
[2021-09-21 01:22:34,910] {processor.py:613} INFO - Processing file /home/airflow/.local/lib/python3.6/site-packages/airflow/example_dags/tutorial_taskflow_api_etl.py for tasks to queue
[2021-09-21 01:22:34,912] {logging_mixin.py:109} INFO - [2021-09-21 01:22:34,912] {dagbag.py:496} INFO - Filling up the DagBag from /home/airflow/.local/lib/python3.6/site-packages/airflow/example_dags/tutorial_taskflow_api_etl.py
[2021-09-21 01:22:34,938] {processor.py:623} INFO - DAG(s) dict_keys(['tutorial_taskflow_api_etl']) retrieved from /home/airflow/.local/lib/python3.6/site-packages/airflow/example_dags/tutorial_taskflow_api_etl.py
[2021-09-21 01:22:35,218] {logging_mixin.py:109} INFO - [2021-09-21 01:22:35,218] {dag.py:1834} INFO - Sync 1 DAGs
[2021-09-21 01:22:35,236] {logging_mixin.py:109} INFO - [2021-09-21 01:22:35,236] {dag.py:2287} INFO - Setting next_dagrun for tutorial_taskflow_api_etl to None
[2021-09-21 01:22:35,251] {processor.py:170} INFO - Processing /home/airflow/.local/lib/python3.6/site-packages/airflow/example_dags/tutorial_taskflow_api_etl.py took 0.354 seconds
[2021-09-21 01:23:05,967] {processor.py:162} INFO - Started process (PID=927) to work on /home/airflow/.local/lib/python3.6/site-packages/airflow/example_dags/tutorial_taskflow_api_etl.py
[2021-09-21 01:23:05,973] {processor.py:613} INFO - Processing file /home/airflow/.local/lib/python3.6/site-packages/airflow/example_dags/tutorial_taskflow_api_etl.py for tasks to queue
[2021-09-21 01:23:05,979] {logging_mixin.py:109} INFO - [2021-09-21 01:23:05,977] {dagbag.py:496} INFO - Filling up the DagBag from /home/airflow/.local/lib/python3.6/site-packages/airflow/example_dags/tutorial_taskflow_api_etl.py
[2021-09-21 01:23:06,029] {processor.py:623} INFO - DAG(s) dict_keys(['tutorial_taskflow_api_etl']) retrieved from /home/airflow/.local/lib/python3.6/site-packages/airflow/example_dags/tutorial_taskflow_api_etl.py
[2021-09-21 01:23:07,058] {logging_mixin.py:109} INFO - [2021-09-21 01:23:07,057] {dag.py:1834} INFO - Sync 1 DAGs
[2021-09-21 01:23:07,111] {logging_mixin.py:109} INFO - [2021-09-21 01:23:07,111] {dag.py:2287} INFO - Setting next_dagrun for tutorial_taskflow_api_etl to None
[2021-09-21 01:23:07,154] {processor.py:170} INFO - Processing /home/airflow/.local/lib/python3.6/site-packages/airflow/example_dags/tutorial_taskflow_api_etl.py took 1.204 seconds
[2021-09-21 01:23:38,057] {processor.py:162} INFO - Started process (PID=979) to work on /home/airflow/.local/lib/python3.6/site-packages/airflow/example_dags/tutorial_taskflow_api_etl.py
[2021-09-21 01:23:38,073] {processor.py:613} INFO - Processing file /home/airflow/.local/lib/python3.6/site-packages/airflow/example_dags/tutorial_taskflow_api_etl.py for tasks to queue
[2021-09-21 01:23:38,080] {logging_mixin.py:109} INFO - [2021-09-21 01:23:38,080] {dagbag.py:496} INFO - Filling up the DagBag from /home/airflow/.local/lib/python3.6/site-packages/airflow/example_dags/tutorial_taskflow_api_etl.py
[2021-09-21 01:23:38,169] {processor.py:623} INFO - DAG(s) dict_keys(['tutorial_taskflow_api_etl']) retrieved from /home/airflow/.local/lib/python3.6/site-packages/airflow/example_dags/tutorial_taskflow_api_etl.py
[2021-09-21 01:23:38,239] {logging_mixin.py:109} INFO - [2021-09-21 01:23:38,239] {dag.py:1834} INFO - Sync 1 DAGs
[2021-09-21 01:23:38,295] {logging_mixin.py:109} INFO - [2021-09-21 01:23:38,295] {dag.py:2287} INFO - Setting next_dagrun for tutorial_taskflow_api_etl to None
[2021-09-21 01:23:38,328] {processor.py:170} INFO - Processing /home/airflow/.local/lib/python3.6/site-packages/airflow/example_dags/tutorial_taskflow_api_etl.py took 0.446 seconds
[2021-09-21 01:24:08,453] {processor.py:162} INFO - Started process (PID=1032) to work on /home/airflow/.local/lib/python3.6/site-packages/airflow/example_dags/tutorial_taskflow_api_etl.py
[2021-09-21 01:24:08,456] {processor.py:613} INFO - Processing file /home/airflow/.local/lib/python3.6/site-packages/airflow/example_dags/tutorial_taskflow_api_etl.py for tasks to queue
[2021-09-21 01:24:08,459] {logging_mixin.py:109} INFO - [2021-09-21 01:24:08,459] {dagbag.py:496} INFO - Filling up the DagBag from /home/airflow/.local/lib/python3.6/site-packages/airflow/example_dags/tutorial_taskflow_api_etl.py
[2021-09-21 01:24:08,484] {processor.py:623} INFO - DAG(s) dict_keys(['tutorial_taskflow_api_etl']) retrieved from /home/airflow/.local/lib/python3.6/site-packages/airflow/example_dags/tutorial_taskflow_api_etl.py
[2021-09-21 01:24:08,648] {logging_mixin.py:109} INFO - [2021-09-21 01:24:08,648] {dag.py:1834} INFO - Sync 1 DAGs
[2021-09-21 01:24:08,659] {logging_mixin.py:109} INFO - [2021-09-21 01:24:08,659] {dag.py:2287} INFO - Setting next_dagrun for tutorial_taskflow_api_etl to None
[2021-09-21 01:24:08,670] {processor.py:170} INFO - Processing /home/airflow/.local/lib/python3.6/site-packages/airflow/example_dags/tutorial_taskflow_api_etl.py took 0.221 seconds
[2021-09-21 01:24:39,244] {processor.py:162} INFO - Started process (PID=1094) to work on /home/airflow/.local/lib/python3.6/site-packages/airflow/example_dags/tutorial_taskflow_api_etl.py
[2021-09-21 01:24:39,249] {processor.py:613} INFO - Processing file /home/airflow/.local/lib/python3.6/site-packages/airflow/example_dags/tutorial_taskflow_api_etl.py for tasks to queue
[2021-09-21 01:24:39,253] {logging_mixin.py:109} INFO - [2021-09-21 01:24:39,252] {dagbag.py:496} INFO - Filling up the DagBag from /home/airflow/.local/lib/python3.6/site-packages/airflow/example_dags/tutorial_taskflow_api_etl.py
[2021-09-21 01:24:39,318] {processor.py:623} INFO - DAG(s) dict_keys(['tutorial_taskflow_api_etl']) retrieved from /home/airflow/.local/lib/python3.6/site-packages/airflow/example_dags/tutorial_taskflow_api_etl.py
[2021-09-21 01:24:39,917] {logging_mixin.py:109} INFO - [2021-09-21 01:24:39,917] {dag.py:1834} INFO - Sync 1 DAGs
[2021-09-21 01:24:39,956] {logging_mixin.py:109} INFO - [2021-09-21 01:24:39,956] {dag.py:2287} INFO - Setting next_dagrun for tutorial_taskflow_api_etl to None
[2021-09-21 01:24:39,992] {processor.py:170} INFO - Processing /home/airflow/.local/lib/python3.6/site-packages/airflow/example_dags/tutorial_taskflow_api_etl.py took 0.758 seconds
[2021-09-21 01:25:10,142] {processor.py:162} INFO - Started process (PID=1148) to work on /home/airflow/.local/lib/python3.6/site-packages/airflow/example_dags/tutorial_taskflow_api_etl.py
[2021-09-21 01:25:10,148] {processor.py:613} INFO - Processing file /home/airflow/.local/lib/python3.6/site-packages/airflow/example_dags/tutorial_taskflow_api_etl.py for tasks to queue
[2021-09-21 01:25:10,150] {logging_mixin.py:109} INFO - [2021-09-21 01:25:10,150] {dagbag.py:496} INFO - Filling up the DagBag from /home/airflow/.local/lib/python3.6/site-packages/airflow/example_dags/tutorial_taskflow_api_etl.py
[2021-09-21 01:25:10,172] {processor.py:623} INFO - DAG(s) dict_keys(['tutorial_taskflow_api_etl']) retrieved from /home/airflow/.local/lib/python3.6/site-packages/airflow/example_dags/tutorial_taskflow_api_etl.py
[2021-09-21 01:25:10,386] {logging_mixin.py:109} INFO - [2021-09-21 01:25:10,385] {dag.py:1834} INFO - Sync 1 DAGs
[2021-09-21 01:25:10,406] {logging_mixin.py:109} INFO - [2021-09-21 01:25:10,406] {dag.py:2287} INFO - Setting next_dagrun for tutorial_taskflow_api_etl to None
[2021-09-21 01:25:10,422] {processor.py:170} INFO - Processing /home/airflow/.local/lib/python3.6/site-packages/airflow/example_dags/tutorial_taskflow_api_etl.py took 0.287 seconds
[2021-09-21 01:25:40,589] {processor.py:162} INFO - Started process (PID=1191) to work on /home/airflow/.local/lib/python3.6/site-packages/airflow/example_dags/tutorial_taskflow_api_etl.py
[2021-09-21 01:25:40,592] {processor.py:613} INFO - Processing file /home/airflow/.local/lib/python3.6/site-packages/airflow/example_dags/tutorial_taskflow_api_etl.py for tasks to queue
[2021-09-21 01:25:40,594] {logging_mixin.py:109} INFO - [2021-09-21 01:25:40,594] {dagbag.py:496} INFO - Filling up the DagBag from /home/airflow/.local/lib/python3.6/site-packages/airflow/example_dags/tutorial_taskflow_api_etl.py
[2021-09-21 01:25:40,625] {processor.py:623} INFO - DAG(s) dict_keys(['tutorial_taskflow_api_etl']) retrieved from /home/airflow/.local/lib/python3.6/site-packages/airflow/example_dags/tutorial_taskflow_api_etl.py
[2021-09-21 01:25:40,916] {logging_mixin.py:109} INFO - [2021-09-21 01:25:40,916] {dag.py:1834} INFO - Sync 1 DAGs
[2021-09-21 01:25:40,936] {logging_mixin.py:109} INFO - [2021-09-21 01:25:40,936] {dag.py:2287} INFO - Setting next_dagrun for tutorial_taskflow_api_etl to None
[2021-09-21 01:25:40,956] {processor.py:170} INFO - Processing /home/airflow/.local/lib/python3.6/site-packages/airflow/example_dags/tutorial_taskflow_api_etl.py took 0.374 seconds
[2021-09-21 01:26:11,776] {processor.py:162} INFO - Started process (PID=1255) to work on /home/airflow/.local/lib/python3.6/site-packages/airflow/example_dags/tutorial_taskflow_api_etl.py
[2021-09-21 01:26:11,779] {processor.py:613} INFO - Processing file /home/airflow/.local/lib/python3.6/site-packages/airflow/example_dags/tutorial_taskflow_api_etl.py for tasks to queue
[2021-09-21 01:26:11,782] {logging_mixin.py:109} INFO - [2021-09-21 01:26:11,782] {dagbag.py:496} INFO - Filling up the DagBag from /home/airflow/.local/lib/python3.6/site-packages/airflow/example_dags/tutorial_taskflow_api_etl.py
[2021-09-21 01:26:11,806] {processor.py:623} INFO - DAG(s) dict_keys(['tutorial_taskflow_api_etl']) retrieved from /home/airflow/.local/lib/python3.6/site-packages/airflow/example_dags/tutorial_taskflow_api_etl.py
[2021-09-21 01:26:12,173] {logging_mixin.py:109} INFO - [2021-09-21 01:26:12,173] {dag.py:1834} INFO - Sync 1 DAGs
[2021-09-21 01:26:12,195] {logging_mixin.py:109} INFO - [2021-09-21 01:26:12,195] {dag.py:2287} INFO - Setting next_dagrun for tutorial_taskflow_api_etl to None
[2021-09-21 01:26:12,220] {processor.py:170} INFO - Processing /home/airflow/.local/lib/python3.6/site-packages/airflow/example_dags/tutorial_taskflow_api_etl.py took 0.450 seconds
[2021-09-21 01:26:42,485] {processor.py:162} INFO - Started process (PID=1307) to work on /home/airflow/.local/lib/python3.6/site-packages/airflow/example_dags/tutorial_taskflow_api_etl.py
[2021-09-21 01:26:42,487] {processor.py:613} INFO - Processing file /home/airflow/.local/lib/python3.6/site-packages/airflow/example_dags/tutorial_taskflow_api_etl.py for tasks to queue
[2021-09-21 01:26:42,489] {logging_mixin.py:109} INFO - [2021-09-21 01:26:42,489] {dagbag.py:496} INFO - Filling up the DagBag from /home/airflow/.local/lib/python3.6/site-packages/airflow/example_dags/tutorial_taskflow_api_etl.py
[2021-09-21 01:26:42,513] {processor.py:623} INFO - DAG(s) dict_keys(['tutorial_taskflow_api_etl']) retrieved from /home/airflow/.local/lib/python3.6/site-packages/airflow/example_dags/tutorial_taskflow_api_etl.py
[2021-09-21 01:26:42,787] {logging_mixin.py:109} INFO - [2021-09-21 01:26:42,787] {dag.py:1834} INFO - Sync 1 DAGs
[2021-09-21 01:26:42,808] {logging_mixin.py:109} INFO - [2021-09-21 01:26:42,808] {dag.py:2287} INFO - Setting next_dagrun for tutorial_taskflow_api_etl to None
[2021-09-21 01:26:42,823] {processor.py:170} INFO - Processing /home/airflow/.local/lib/python3.6/site-packages/airflow/example_dags/tutorial_taskflow_api_etl.py took 0.343 seconds
[2021-09-21 01:27:13,445] {processor.py:162} INFO - Started process (PID=1361) to work on /home/airflow/.local/lib/python3.6/site-packages/airflow/example_dags/tutorial_taskflow_api_etl.py
[2021-09-21 01:27:13,454] {processor.py:613} INFO - Processing file /home/airflow/.local/lib/python3.6/site-packages/airflow/example_dags/tutorial_taskflow_api_etl.py for tasks to queue
[2021-09-21 01:27:13,470] {logging_mixin.py:109} INFO - [2021-09-21 01:27:13,470] {dagbag.py:496} INFO - Filling up the DagBag from /home/airflow/.local/lib/python3.6/site-packages/airflow/example_dags/tutorial_taskflow_api_etl.py
[2021-09-21 01:27:13,520] {processor.py:623} INFO - DAG(s) dict_keys(['tutorial_taskflow_api_etl']) retrieved from /home/airflow/.local/lib/python3.6/site-packages/airflow/example_dags/tutorial_taskflow_api_etl.py
[2021-09-21 01:27:19,312] {logging_mixin.py:109} INFO - [2021-09-21 01:27:19,288] {dag.py:1834} INFO - Sync 1 DAGs
[2021-09-21 01:27:19,623] {logging_mixin.py:109} INFO - [2021-09-21 01:27:19,623] {dag.py:2287} INFO - Setting next_dagrun for tutorial_taskflow_api_etl to None
[2021-09-21 01:27:19,806] {processor.py:170} INFO - Processing /home/airflow/.local/lib/python3.6/site-packages/airflow/example_dags/tutorial_taskflow_api_etl.py took 6.364 seconds
[2021-09-21 01:27:50,192] {processor.py:162} INFO - Started process (PID=1412) to work on /home/airflow/.local/lib/python3.6/site-packages/airflow/example_dags/tutorial_taskflow_api_etl.py
[2021-09-21 01:27:50,195] {processor.py:613} INFO - Processing file /home/airflow/.local/lib/python3.6/site-packages/airflow/example_dags/tutorial_taskflow_api_etl.py for tasks to queue
[2021-09-21 01:27:50,196] {logging_mixin.py:109} INFO - [2021-09-21 01:27:50,196] {dagbag.py:496} INFO - Filling up the DagBag from /home/airflow/.local/lib/python3.6/site-packages/airflow/example_dags/tutorial_taskflow_api_etl.py
[2021-09-21 01:27:50,227] {processor.py:623} INFO - DAG(s) dict_keys(['tutorial_taskflow_api_etl']) retrieved from /home/airflow/.local/lib/python3.6/site-packages/airflow/example_dags/tutorial_taskflow_api_etl.py
[2021-09-21 01:27:50,465] {logging_mixin.py:109} INFO - [2021-09-21 01:27:50,465] {dag.py:1834} INFO - Sync 1 DAGs
[2021-09-21 01:27:50,490] {logging_mixin.py:109} INFO - [2021-09-21 01:27:50,490] {dag.py:2287} INFO - Setting next_dagrun for tutorial_taskflow_api_etl to None
[2021-09-21 01:27:50,508] {processor.py:170} INFO - Processing /home/airflow/.local/lib/python3.6/site-packages/airflow/example_dags/tutorial_taskflow_api_etl.py took 0.321 seconds
[2021-09-21 01:28:20,858] {processor.py:162} INFO - Started process (PID=1476) to work on /home/airflow/.local/lib/python3.6/site-packages/airflow/example_dags/tutorial_taskflow_api_etl.py
[2021-09-21 01:28:20,861] {processor.py:613} INFO - Processing file /home/airflow/.local/lib/python3.6/site-packages/airflow/example_dags/tutorial_taskflow_api_etl.py for tasks to queue
[2021-09-21 01:28:20,862] {logging_mixin.py:109} INFO - [2021-09-21 01:28:20,862] {dagbag.py:496} INFO - Filling up the DagBag from /home/airflow/.local/lib/python3.6/site-packages/airflow/example_dags/tutorial_taskflow_api_etl.py
[2021-09-21 01:28:20,879] {processor.py:623} INFO - DAG(s) dict_keys(['tutorial_taskflow_api_etl']) retrieved from /home/airflow/.local/lib/python3.6/site-packages/airflow/example_dags/tutorial_taskflow_api_etl.py
[2021-09-21 01:28:21,114] {logging_mixin.py:109} INFO - [2021-09-21 01:28:21,114] {dag.py:1834} INFO - Sync 1 DAGs
[2021-09-21 01:28:21,128] {logging_mixin.py:109} INFO - [2021-09-21 01:28:21,128] {dag.py:2287} INFO - Setting next_dagrun for tutorial_taskflow_api_etl to None
[2021-09-21 01:28:21,143] {processor.py:170} INFO - Processing /home/airflow/.local/lib/python3.6/site-packages/airflow/example_dags/tutorial_taskflow_api_etl.py took 0.288 seconds
[2021-09-21 01:28:51,707] {processor.py:162} INFO - Started process (PID=1539) to work on /home/airflow/.local/lib/python3.6/site-packages/airflow/example_dags/tutorial_taskflow_api_etl.py
[2021-09-21 01:28:51,710] {processor.py:613} INFO - Processing file /home/airflow/.local/lib/python3.6/site-packages/airflow/example_dags/tutorial_taskflow_api_etl.py for tasks to queue
[2021-09-21 01:28:51,712] {logging_mixin.py:109} INFO - [2021-09-21 01:28:51,712] {dagbag.py:496} INFO - Filling up the DagBag from /home/airflow/.local/lib/python3.6/site-packages/airflow/example_dags/tutorial_taskflow_api_etl.py
[2021-09-21 01:28:51,732] {processor.py:623} INFO - DAG(s) dict_keys(['tutorial_taskflow_api_etl']) retrieved from /home/airflow/.local/lib/python3.6/site-packages/airflow/example_dags/tutorial_taskflow_api_etl.py
[2021-09-21 01:28:51,956] {logging_mixin.py:109} INFO - [2021-09-21 01:28:51,955] {dag.py:1834} INFO - Sync 1 DAGs
[2021-09-21 01:28:51,971] {logging_mixin.py:109} INFO - [2021-09-21 01:28:51,971] {dag.py:2287} INFO - Setting next_dagrun for tutorial_taskflow_api_etl to None
[2021-09-21 01:28:51,986] {processor.py:170} INFO - Processing /home/airflow/.local/lib/python3.6/site-packages/airflow/example_dags/tutorial_taskflow_api_etl.py took 0.283 seconds
[2021-09-21 01:29:22,411] {processor.py:162} INFO - Started process (PID=1593) to work on /home/airflow/.local/lib/python3.6/site-packages/airflow/example_dags/tutorial_taskflow_api_etl.py
[2021-09-21 01:29:22,415] {processor.py:613} INFO - Processing file /home/airflow/.local/lib/python3.6/site-packages/airflow/example_dags/tutorial_taskflow_api_etl.py for tasks to queue
[2021-09-21 01:29:22,418] {logging_mixin.py:109} INFO - [2021-09-21 01:29:22,418] {dagbag.py:496} INFO - Filling up the DagBag from /home/airflow/.local/lib/python3.6/site-packages/airflow/example_dags/tutorial_taskflow_api_etl.py
[2021-09-21 01:29:22,438] {processor.py:623} INFO - DAG(s) dict_keys(['tutorial_taskflow_api_etl']) retrieved from /home/airflow/.local/lib/python3.6/site-packages/airflow/example_dags/tutorial_taskflow_api_etl.py
[2021-09-21 01:29:22,652] {logging_mixin.py:109} INFO - [2021-09-21 01:29:22,651] {dag.py:1834} INFO - Sync 1 DAGs
[2021-09-21 01:29:22,669] {logging_mixin.py:109} INFO - [2021-09-21 01:29:22,669] {dag.py:2287} INFO - Setting next_dagrun for tutorial_taskflow_api_etl to None
[2021-09-21 01:29:22,687] {processor.py:170} INFO - Processing /home/airflow/.local/lib/python3.6/site-packages/airflow/example_dags/tutorial_taskflow_api_etl.py took 0.280 seconds
[2021-09-21 01:29:52,844] {processor.py:162} INFO - Started process (PID=1657) to work on /home/airflow/.local/lib/python3.6/site-packages/airflow/example_dags/tutorial_taskflow_api_etl.py
[2021-09-21 01:29:52,846] {processor.py:613} INFO - Processing file /home/airflow/.local/lib/python3.6/site-packages/airflow/example_dags/tutorial_taskflow_api_etl.py for tasks to queue
[2021-09-21 01:29:52,848] {logging_mixin.py:109} INFO - [2021-09-21 01:29:52,847] {dagbag.py:496} INFO - Filling up the DagBag from /home/airflow/.local/lib/python3.6/site-packages/airflow/example_dags/tutorial_taskflow_api_etl.py
[2021-09-21 01:29:52,870] {processor.py:623} INFO - DAG(s) dict_keys(['tutorial_taskflow_api_etl']) retrieved from /home/airflow/.local/lib/python3.6/site-packages/airflow/example_dags/tutorial_taskflow_api_etl.py
[2021-09-21 01:29:53,099] {logging_mixin.py:109} INFO - [2021-09-21 01:29:53,099] {dag.py:1834} INFO - Sync 1 DAGs
[2021-09-21 01:29:53,121] {logging_mixin.py:109} INFO - [2021-09-21 01:29:53,121] {dag.py:2287} INFO - Setting next_dagrun for tutorial_taskflow_api_etl to None
[2021-09-21 01:29:53,132] {processor.py:170} INFO - Processing /home/airflow/.local/lib/python3.6/site-packages/airflow/example_dags/tutorial_taskflow_api_etl.py took 0.293 seconds
[2021-09-21 01:30:23,787] {processor.py:162} INFO - Started process (PID=1710) to work on /home/airflow/.local/lib/python3.6/site-packages/airflow/example_dags/tutorial_taskflow_api_etl.py
[2021-09-21 01:30:23,789] {processor.py:613} INFO - Processing file /home/airflow/.local/lib/python3.6/site-packages/airflow/example_dags/tutorial_taskflow_api_etl.py for tasks to queue
[2021-09-21 01:30:23,791] {logging_mixin.py:109} INFO - [2021-09-21 01:30:23,790] {dagbag.py:496} INFO - Filling up the DagBag from /home/airflow/.local/lib/python3.6/site-packages/airflow/example_dags/tutorial_taskflow_api_etl.py
[2021-09-21 01:30:23,810] {processor.py:623} INFO - DAG(s) dict_keys(['tutorial_taskflow_api_etl']) retrieved from /home/airflow/.local/lib/python3.6/site-packages/airflow/example_dags/tutorial_taskflow_api_etl.py
[2021-09-21 01:30:23,984] {logging_mixin.py:109} INFO - [2021-09-21 01:30:23,984] {dag.py:1834} INFO - Sync 1 DAGs
[2021-09-21 01:30:23,996] {logging_mixin.py:109} INFO - [2021-09-21 01:30:23,996] {dag.py:2287} INFO - Setting next_dagrun for tutorial_taskflow_api_etl to None
[2021-09-21 01:30:24,006] {processor.py:170} INFO - Processing /home/airflow/.local/lib/python3.6/site-packages/airflow/example_dags/tutorial_taskflow_api_etl.py took 0.223 seconds
[2021-09-21 01:30:54,397] {processor.py:162} INFO - Started process (PID=1772) to work on /home/airflow/.local/lib/python3.6/site-packages/airflow/example_dags/tutorial_taskflow_api_etl.py
[2021-09-21 01:30:54,402] {processor.py:613} INFO - Processing file /home/airflow/.local/lib/python3.6/site-packages/airflow/example_dags/tutorial_taskflow_api_etl.py for tasks to queue
[2021-09-21 01:30:54,406] {logging_mixin.py:109} INFO - [2021-09-21 01:30:54,406] {dagbag.py:496} INFO - Filling up the DagBag from /home/airflow/.local/lib/python3.6/site-packages/airflow/example_dags/tutorial_taskflow_api_etl.py
[2021-09-21 01:30:54,458] {processor.py:623} INFO - DAG(s) dict_keys(['tutorial_taskflow_api_etl']) retrieved from /home/airflow/.local/lib/python3.6/site-packages/airflow/example_dags/tutorial_taskflow_api_etl.py
[2021-09-21 01:30:54,990] {logging_mixin.py:109} INFO - [2021-09-21 01:30:54,989] {dag.py:1834} INFO - Sync 1 DAGs
[2021-09-21 01:30:55,008] {logging_mixin.py:109} INFO - [2021-09-21 01:30:55,008] {dag.py:2287} INFO - Setting next_dagrun for tutorial_taskflow_api_etl to None
[2021-09-21 01:30:55,023] {processor.py:170} INFO - Processing /home/airflow/.local/lib/python3.6/site-packages/airflow/example_dags/tutorial_taskflow_api_etl.py took 0.634 seconds
[2021-09-21 01:31:25,091] {processor.py:162} INFO - Started process (PID=1836) to work on /home/airflow/.local/lib/python3.6/site-packages/airflow/example_dags/tutorial_taskflow_api_etl.py
[2021-09-21 01:31:25,094] {processor.py:613} INFO - Processing file /home/airflow/.local/lib/python3.6/site-packages/airflow/example_dags/tutorial_taskflow_api_etl.py for tasks to queue
[2021-09-21 01:31:25,097] {logging_mixin.py:109} INFO - [2021-09-21 01:31:25,097] {dagbag.py:496} INFO - Filling up the DagBag from /home/airflow/.local/lib/python3.6/site-packages/airflow/example_dags/tutorial_taskflow_api_etl.py
[2021-09-21 01:31:25,124] {processor.py:623} INFO - DAG(s) dict_keys(['tutorial_taskflow_api_etl']) retrieved from /home/airflow/.local/lib/python3.6/site-packages/airflow/example_dags/tutorial_taskflow_api_etl.py
[2021-09-21 01:31:25,297] {logging_mixin.py:109} INFO - [2021-09-21 01:31:25,297] {dag.py:1834} INFO - Sync 1 DAGs
[2021-09-21 01:31:25,307] {logging_mixin.py:109} INFO - [2021-09-21 01:31:25,307] {dag.py:2287} INFO - Setting next_dagrun for tutorial_taskflow_api_etl to None
[2021-09-21 01:31:25,318] {processor.py:170} INFO - Processing /home/airflow/.local/lib/python3.6/site-packages/airflow/example_dags/tutorial_taskflow_api_etl.py took 0.231 seconds
[2021-09-21 01:31:56,045] {processor.py:162} INFO - Started process (PID=1889) to work on /home/airflow/.local/lib/python3.6/site-packages/airflow/example_dags/tutorial_taskflow_api_etl.py
[2021-09-21 01:31:56,047] {processor.py:613} INFO - Processing file /home/airflow/.local/lib/python3.6/site-packages/airflow/example_dags/tutorial_taskflow_api_etl.py for tasks to queue
[2021-09-21 01:31:56,049] {logging_mixin.py:109} INFO - [2021-09-21 01:31:56,049] {dagbag.py:496} INFO - Filling up the DagBag from /home/airflow/.local/lib/python3.6/site-packages/airflow/example_dags/tutorial_taskflow_api_etl.py
[2021-09-21 01:31:56,069] {processor.py:623} INFO - DAG(s) dict_keys(['tutorial_taskflow_api_etl']) retrieved from /home/airflow/.local/lib/python3.6/site-packages/airflow/example_dags/tutorial_taskflow_api_etl.py
[2021-09-21 01:31:56,256] {logging_mixin.py:109} INFO - [2021-09-21 01:31:56,256] {dag.py:1834} INFO - Sync 1 DAGs
[2021-09-21 01:31:56,268] {logging_mixin.py:109} INFO - [2021-09-21 01:31:56,268] {dag.py:2287} INFO - Setting next_dagrun for tutorial_taskflow_api_etl to None
[2021-09-21 01:31:56,279] {processor.py:170} INFO - Processing /home/airflow/.local/lib/python3.6/site-packages/airflow/example_dags/tutorial_taskflow_api_etl.py took 0.239 seconds
[2021-09-21 01:32:26,762] {processor.py:162} INFO - Started process (PID=1951) to work on /home/airflow/.local/lib/python3.6/site-packages/airflow/example_dags/tutorial_taskflow_api_etl.py
[2021-09-21 01:32:26,766] {processor.py:613} INFO - Processing file /home/airflow/.local/lib/python3.6/site-packages/airflow/example_dags/tutorial_taskflow_api_etl.py for tasks to queue
[2021-09-21 01:32:26,768] {logging_mixin.py:109} INFO - [2021-09-21 01:32:26,768] {dagbag.py:496} INFO - Filling up the DagBag from /home/airflow/.local/lib/python3.6/site-packages/airflow/example_dags/tutorial_taskflow_api_etl.py
[2021-09-21 01:32:26,793] {processor.py:623} INFO - DAG(s) dict_keys(['tutorial_taskflow_api_etl']) retrieved from /home/airflow/.local/lib/python3.6/site-packages/airflow/example_dags/tutorial_taskflow_api_etl.py
[2021-09-21 01:32:27,006] {logging_mixin.py:109} INFO - [2021-09-21 01:32:27,006] {dag.py:1834} INFO - Sync 1 DAGs
[2021-09-21 01:32:27,019] {logging_mixin.py:109} INFO - [2021-09-21 01:32:27,019] {dag.py:2287} INFO - Setting next_dagrun for tutorial_taskflow_api_etl to None
[2021-09-21 01:32:27,035] {processor.py:170} INFO - Processing /home/airflow/.local/lib/python3.6/site-packages/airflow/example_dags/tutorial_taskflow_api_etl.py took 0.282 seconds
[2021-09-21 01:32:57,391] {processor.py:162} INFO - Started process (PID=2005) to work on /home/airflow/.local/lib/python3.6/site-packages/airflow/example_dags/tutorial_taskflow_api_etl.py
[2021-09-21 01:32:57,393] {processor.py:613} INFO - Processing file /home/airflow/.local/lib/python3.6/site-packages/airflow/example_dags/tutorial_taskflow_api_etl.py for tasks to queue
[2021-09-21 01:32:57,394] {logging_mixin.py:109} INFO - [2021-09-21 01:32:57,394] {dagbag.py:496} INFO - Filling up the DagBag from /home/airflow/.local/lib/python3.6/site-packages/airflow/example_dags/tutorial_taskflow_api_etl.py
[2021-09-21 01:32:57,414] {processor.py:623} INFO - DAG(s) dict_keys(['tutorial_taskflow_api_etl']) retrieved from /home/airflow/.local/lib/python3.6/site-packages/airflow/example_dags/tutorial_taskflow_api_etl.py
[2021-09-21 01:32:57,593] {logging_mixin.py:109} INFO - [2021-09-21 01:32:57,593] {dag.py:1834} INFO - Sync 1 DAGs
[2021-09-21 01:32:57,606] {logging_mixin.py:109} INFO - [2021-09-21 01:32:57,606] {dag.py:2287} INFO - Setting next_dagrun for tutorial_taskflow_api_etl to None
[2021-09-21 01:32:57,619] {processor.py:170} INFO - Processing /home/airflow/.local/lib/python3.6/site-packages/airflow/example_dags/tutorial_taskflow_api_etl.py took 0.232 seconds
[2021-09-21 01:33:28,187] {processor.py:162} INFO - Started process (PID=2070) to work on /home/airflow/.local/lib/python3.6/site-packages/airflow/example_dags/tutorial_taskflow_api_etl.py
[2021-09-21 01:33:28,190] {processor.py:613} INFO - Processing file /home/airflow/.local/lib/python3.6/site-packages/airflow/example_dags/tutorial_taskflow_api_etl.py for tasks to queue
[2021-09-21 01:33:28,192] {logging_mixin.py:109} INFO - [2021-09-21 01:33:28,192] {dagbag.py:496} INFO - Filling up the DagBag from /home/airflow/.local/lib/python3.6/site-packages/airflow/example_dags/tutorial_taskflow_api_etl.py
[2021-09-21 01:33:28,215] {processor.py:623} INFO - DAG(s) dict_keys(['tutorial_taskflow_api_etl']) retrieved from /home/airflow/.local/lib/python3.6/site-packages/airflow/example_dags/tutorial_taskflow_api_etl.py
[2021-09-21 01:33:28,412] {logging_mixin.py:109} INFO - [2021-09-21 01:33:28,412] {dag.py:1834} INFO - Sync 1 DAGs
[2021-09-21 01:33:28,438] {logging_mixin.py:109} INFO - [2021-09-21 01:33:28,438] {dag.py:2287} INFO - Setting next_dagrun for tutorial_taskflow_api_etl to None
[2021-09-21 01:33:28,457] {processor.py:170} INFO - Processing /home/airflow/.local/lib/python3.6/site-packages/airflow/example_dags/tutorial_taskflow_api_etl.py took 0.275 seconds
[2021-09-21 01:33:58,933] {processor.py:162} INFO - Started process (PID=2134) to work on /home/airflow/.local/lib/python3.6/site-packages/airflow/example_dags/tutorial_taskflow_api_etl.py
[2021-09-21 01:33:58,936] {processor.py:613} INFO - Processing file /home/airflow/.local/lib/python3.6/site-packages/airflow/example_dags/tutorial_taskflow_api_etl.py for tasks to queue
[2021-09-21 01:33:58,937] {logging_mixin.py:109} INFO - [2021-09-21 01:33:58,937] {dagbag.py:496} INFO - Filling up the DagBag from /home/airflow/.local/lib/python3.6/site-packages/airflow/example_dags/tutorial_taskflow_api_etl.py
[2021-09-21 01:33:58,954] {processor.py:623} INFO - DAG(s) dict_keys(['tutorial_taskflow_api_etl']) retrieved from /home/airflow/.local/lib/python3.6/site-packages/airflow/example_dags/tutorial_taskflow_api_etl.py
[2021-09-21 01:33:59,147] {logging_mixin.py:109} INFO - [2021-09-21 01:33:59,147] {dag.py:1834} INFO - Sync 1 DAGs
[2021-09-21 01:33:59,160] {logging_mixin.py:109} INFO - [2021-09-21 01:33:59,160] {dag.py:2287} INFO - Setting next_dagrun for tutorial_taskflow_api_etl to None
[2021-09-21 01:33:59,171] {processor.py:170} INFO - Processing /home/airflow/.local/lib/python3.6/site-packages/airflow/example_dags/tutorial_taskflow_api_etl.py took 0.241 seconds
[2021-09-21 01:34:29,494] {processor.py:162} INFO - Started process (PID=2186) to work on /home/airflow/.local/lib/python3.6/site-packages/airflow/example_dags/tutorial_taskflow_api_etl.py
[2021-09-21 01:34:29,496] {processor.py:613} INFO - Processing file /home/airflow/.local/lib/python3.6/site-packages/airflow/example_dags/tutorial_taskflow_api_etl.py for tasks to queue
[2021-09-21 01:34:29,497] {logging_mixin.py:109} INFO - [2021-09-21 01:34:29,497] {dagbag.py:496} INFO - Filling up the DagBag from /home/airflow/.local/lib/python3.6/site-packages/airflow/example_dags/tutorial_taskflow_api_etl.py
[2021-09-21 01:34:29,518] {processor.py:623} INFO - DAG(s) dict_keys(['tutorial_taskflow_api_etl']) retrieved from /home/airflow/.local/lib/python3.6/site-packages/airflow/example_dags/tutorial_taskflow_api_etl.py
[2021-09-21 01:34:29,731] {logging_mixin.py:109} INFO - [2021-09-21 01:34:29,731] {dag.py:1834} INFO - Sync 1 DAGs
[2021-09-21 01:34:29,746] {logging_mixin.py:109} INFO - [2021-09-21 01:34:29,746] {dag.py:2287} INFO - Setting next_dagrun for tutorial_taskflow_api_etl to None
[2021-09-21 01:34:29,759] {processor.py:170} INFO - Processing /home/airflow/.local/lib/python3.6/site-packages/airflow/example_dags/tutorial_taskflow_api_etl.py took 0.270 seconds
[2021-09-21 01:35:00,008] {processor.py:162} INFO - Started process (PID=2249) to work on /home/airflow/.local/lib/python3.6/site-packages/airflow/example_dags/tutorial_taskflow_api_etl.py
[2021-09-21 01:35:00,010] {processor.py:613} INFO - Processing file /home/airflow/.local/lib/python3.6/site-packages/airflow/example_dags/tutorial_taskflow_api_etl.py for tasks to queue
[2021-09-21 01:35:00,011] {logging_mixin.py:109} INFO - [2021-09-21 01:35:00,011] {dagbag.py:496} INFO - Filling up the DagBag from /home/airflow/.local/lib/python3.6/site-packages/airflow/example_dags/tutorial_taskflow_api_etl.py
[2021-09-21 01:35:00,033] {processor.py:623} INFO - DAG(s) dict_keys(['tutorial_taskflow_api_etl']) retrieved from /home/airflow/.local/lib/python3.6/site-packages/airflow/example_dags/tutorial_taskflow_api_etl.py
[2021-09-21 01:35:00,238] {logging_mixin.py:109} INFO - [2021-09-21 01:35:00,238] {dag.py:1834} INFO - Sync 1 DAGs
[2021-09-21 01:35:00,252] {logging_mixin.py:109} INFO - [2021-09-21 01:35:00,252] {dag.py:2287} INFO - Setting next_dagrun for tutorial_taskflow_api_etl to None
[2021-09-21 01:35:00,265] {processor.py:170} INFO - Processing /home/airflow/.local/lib/python3.6/site-packages/airflow/example_dags/tutorial_taskflow_api_etl.py took 0.262 seconds
[2021-09-21 01:35:30,647] {processor.py:162} INFO - Started process (PID=2302) to work on /home/airflow/.local/lib/python3.6/site-packages/airflow/example_dags/tutorial_taskflow_api_etl.py
[2021-09-21 01:35:30,649] {processor.py:613} INFO - Processing file /home/airflow/.local/lib/python3.6/site-packages/airflow/example_dags/tutorial_taskflow_api_etl.py for tasks to queue
[2021-09-21 01:35:30,651] {logging_mixin.py:109} INFO - [2021-09-21 01:35:30,651] {dagbag.py:496} INFO - Filling up the DagBag from /home/airflow/.local/lib/python3.6/site-packages/airflow/example_dags/tutorial_taskflow_api_etl.py
[2021-09-21 01:35:30,671] {processor.py:623} INFO - DAG(s) dict_keys(['tutorial_taskflow_api_etl']) retrieved from /home/airflow/.local/lib/python3.6/site-packages/airflow/example_dags/tutorial_taskflow_api_etl.py
[2021-09-21 01:35:30,862] {logging_mixin.py:109} INFO - [2021-09-21 01:35:30,862] {dag.py:1834} INFO - Sync 1 DAGs
[2021-09-21 01:35:30,873] {logging_mixin.py:109} INFO - [2021-09-21 01:35:30,873] {dag.py:2287} INFO - Setting next_dagrun for tutorial_taskflow_api_etl to None
[2021-09-21 01:35:30,882] {processor.py:170} INFO - Processing /home/airflow/.local/lib/python3.6/site-packages/airflow/example_dags/tutorial_taskflow_api_etl.py took 0.239 seconds
[2021-09-21 01:36:01,413] {processor.py:162} INFO - Started process (PID=2366) to work on /home/airflow/.local/lib/python3.6/site-packages/airflow/example_dags/tutorial_taskflow_api_etl.py
[2021-09-21 01:36:01,415] {processor.py:613} INFO - Processing file /home/airflow/.local/lib/python3.6/site-packages/airflow/example_dags/tutorial_taskflow_api_etl.py for tasks to queue
[2021-09-21 01:36:01,416] {logging_mixin.py:109} INFO - [2021-09-21 01:36:01,416] {dagbag.py:496} INFO - Filling up the DagBag from /home/airflow/.local/lib/python3.6/site-packages/airflow/example_dags/tutorial_taskflow_api_etl.py
[2021-09-21 01:36:01,439] {processor.py:623} INFO - DAG(s) dict_keys(['tutorial_taskflow_api_etl']) retrieved from /home/airflow/.local/lib/python3.6/site-packages/airflow/example_dags/tutorial_taskflow_api_etl.py
[2021-09-21 01:36:01,629] {logging_mixin.py:109} INFO - [2021-09-21 01:36:01,629] {dag.py:1834} INFO - Sync 1 DAGs
[2021-09-21 01:36:01,641] {logging_mixin.py:109} INFO - [2021-09-21 01:36:01,641] {dag.py:2287} INFO - Setting next_dagrun for tutorial_taskflow_api_etl to None
[2021-09-21 01:36:01,652] {processor.py:170} INFO - Processing /home/airflow/.local/lib/python3.6/site-packages/airflow/example_dags/tutorial_taskflow_api_etl.py took 0.243 seconds
[2021-09-21 01:36:31,802] {processor.py:162} INFO - Started process (PID=2433) to work on /home/airflow/.local/lib/python3.6/site-packages/airflow/example_dags/tutorial_taskflow_api_etl.py
[2021-09-21 01:36:31,809] {processor.py:613} INFO - Processing file /home/airflow/.local/lib/python3.6/site-packages/airflow/example_dags/tutorial_taskflow_api_etl.py for tasks to queue
[2021-09-21 01:36:31,816] {logging_mixin.py:109} INFO - [2021-09-21 01:36:31,815] {dagbag.py:496} INFO - Filling up the DagBag from /home/airflow/.local/lib/python3.6/site-packages/airflow/example_dags/tutorial_taskflow_api_etl.py
[2021-09-21 01:36:31,870] {processor.py:623} INFO - DAG(s) dict_keys(['tutorial_taskflow_api_etl']) retrieved from /home/airflow/.local/lib/python3.6/site-packages/airflow/example_dags/tutorial_taskflow_api_etl.py
[2021-09-21 01:36:32,983] {logging_mixin.py:109} INFO - [2021-09-21 01:36:32,983] {dag.py:1834} INFO - Sync 1 DAGs
[2021-09-21 01:36:33,032] {logging_mixin.py:109} INFO - [2021-09-21 01:36:33,032] {dag.py:2287} INFO - Setting next_dagrun for tutorial_taskflow_api_etl to None
[2021-09-21 01:36:33,065] {processor.py:170} INFO - Processing /home/airflow/.local/lib/python3.6/site-packages/airflow/example_dags/tutorial_taskflow_api_etl.py took 1.277 seconds
[2021-09-21 01:37:03,242] {processor.py:162} INFO - Started process (PID=2487) to work on /home/airflow/.local/lib/python3.6/site-packages/airflow/example_dags/tutorial_taskflow_api_etl.py
[2021-09-21 01:37:03,244] {processor.py:613} INFO - Processing file /home/airflow/.local/lib/python3.6/site-packages/airflow/example_dags/tutorial_taskflow_api_etl.py for tasks to queue
[2021-09-21 01:37:03,245] {logging_mixin.py:109} INFO - [2021-09-21 01:37:03,245] {dagbag.py:496} INFO - Filling up the DagBag from /home/airflow/.local/lib/python3.6/site-packages/airflow/example_dags/tutorial_taskflow_api_etl.py
[2021-09-21 01:37:03,260] {processor.py:623} INFO - DAG(s) dict_keys(['tutorial_taskflow_api_etl']) retrieved from /home/airflow/.local/lib/python3.6/site-packages/airflow/example_dags/tutorial_taskflow_api_etl.py
[2021-09-21 01:37:03,422] {logging_mixin.py:109} INFO - [2021-09-21 01:37:03,422] {dag.py:1834} INFO - Sync 1 DAGs
[2021-09-21 01:37:03,434] {logging_mixin.py:109} INFO - [2021-09-21 01:37:03,434] {dag.py:2287} INFO - Setting next_dagrun for tutorial_taskflow_api_etl to None
[2021-09-21 01:37:03,447] {processor.py:170} INFO - Processing /home/airflow/.local/lib/python3.6/site-packages/airflow/example_dags/tutorial_taskflow_api_etl.py took 0.209 seconds
[2021-09-21 01:37:34,233] {processor.py:162} INFO - Started process (PID=2539) to work on /home/airflow/.local/lib/python3.6/site-packages/airflow/example_dags/tutorial_taskflow_api_etl.py
[2021-09-21 01:37:34,236] {processor.py:613} INFO - Processing file /home/airflow/.local/lib/python3.6/site-packages/airflow/example_dags/tutorial_taskflow_api_etl.py for tasks to queue
[2021-09-21 01:37:34,237] {logging_mixin.py:109} INFO - [2021-09-21 01:37:34,237] {dagbag.py:496} INFO - Filling up the DagBag from /home/airflow/.local/lib/python3.6/site-packages/airflow/example_dags/tutorial_taskflow_api_etl.py
[2021-09-21 01:37:34,257] {processor.py:623} INFO - DAG(s) dict_keys(['tutorial_taskflow_api_etl']) retrieved from /home/airflow/.local/lib/python3.6/site-packages/airflow/example_dags/tutorial_taskflow_api_etl.py
[2021-09-21 01:37:34,438] {logging_mixin.py:109} INFO - [2021-09-21 01:37:34,437] {dag.py:1834} INFO - Sync 1 DAGs
[2021-09-21 01:37:34,450] {logging_mixin.py:109} INFO - [2021-09-21 01:37:34,450] {dag.py:2287} INFO - Setting next_dagrun for tutorial_taskflow_api_etl to None
[2021-09-21 01:37:34,462] {processor.py:170} INFO - Processing /home/airflow/.local/lib/python3.6/site-packages/airflow/example_dags/tutorial_taskflow_api_etl.py took 0.233 seconds
[2021-09-21 01:38:05,111] {processor.py:162} INFO - Started process (PID=2604) to work on /home/airflow/.local/lib/python3.6/site-packages/airflow/example_dags/tutorial_taskflow_api_etl.py
[2021-09-21 01:38:05,113] {processor.py:613} INFO - Processing file /home/airflow/.local/lib/python3.6/site-packages/airflow/example_dags/tutorial_taskflow_api_etl.py for tasks to queue
[2021-09-21 01:38:05,114] {logging_mixin.py:109} INFO - [2021-09-21 01:38:05,114] {dagbag.py:496} INFO - Filling up the DagBag from /home/airflow/.local/lib/python3.6/site-packages/airflow/example_dags/tutorial_taskflow_api_etl.py
[2021-09-21 01:38:05,132] {processor.py:623} INFO - DAG(s) dict_keys(['tutorial_taskflow_api_etl']) retrieved from /home/airflow/.local/lib/python3.6/site-packages/airflow/example_dags/tutorial_taskflow_api_etl.py
[2021-09-21 01:38:05,157] {logging_mixin.py:109} INFO - [2021-09-21 01:38:05,157] {dag.py:1834} INFO - Sync 1 DAGs
[2021-09-21 01:38:05,173] {logging_mixin.py:109} INFO - [2021-09-21 01:38:05,173] {dag.py:2287} INFO - Setting next_dagrun for tutorial_taskflow_api_etl to None
[2021-09-21 01:38:05,184] {processor.py:170} INFO - Processing /home/airflow/.local/lib/python3.6/site-packages/airflow/example_dags/tutorial_taskflow_api_etl.py took 0.077 seconds
[2021-09-21 01:38:35,353] {processor.py:162} INFO - Started process (PID=2656) to work on /home/airflow/.local/lib/python3.6/site-packages/airflow/example_dags/tutorial_taskflow_api_etl.py
[2021-09-21 01:38:35,356] {processor.py:613} INFO - Processing file /home/airflow/.local/lib/python3.6/site-packages/airflow/example_dags/tutorial_taskflow_api_etl.py for tasks to queue
[2021-09-21 01:38:35,357] {logging_mixin.py:109} INFO - [2021-09-21 01:38:35,357] {dagbag.py:496} INFO - Filling up the DagBag from /home/airflow/.local/lib/python3.6/site-packages/airflow/example_dags/tutorial_taskflow_api_etl.py
[2021-09-21 01:38:35,379] {processor.py:623} INFO - DAG(s) dict_keys(['tutorial_taskflow_api_etl']) retrieved from /home/airflow/.local/lib/python3.6/site-packages/airflow/example_dags/tutorial_taskflow_api_etl.py
[2021-09-21 01:38:35,625] {logging_mixin.py:109} INFO - [2021-09-21 01:38:35,625] {dag.py:1834} INFO - Sync 1 DAGs
[2021-09-21 01:38:35,638] {logging_mixin.py:109} INFO - [2021-09-21 01:38:35,638] {dag.py:2287} INFO - Setting next_dagrun for tutorial_taskflow_api_etl to None
[2021-09-21 01:38:35,649] {processor.py:170} INFO - Processing /home/airflow/.local/lib/python3.6/site-packages/airflow/example_dags/tutorial_taskflow_api_etl.py took 0.300 seconds
[2021-09-21 01:39:05,755] {processor.py:162} INFO - Started process (PID=2720) to work on /home/airflow/.local/lib/python3.6/site-packages/airflow/example_dags/tutorial_taskflow_api_etl.py
[2021-09-21 01:39:05,758] {processor.py:613} INFO - Processing file /home/airflow/.local/lib/python3.6/site-packages/airflow/example_dags/tutorial_taskflow_api_etl.py for tasks to queue
[2021-09-21 01:39:05,760] {logging_mixin.py:109} INFO - [2021-09-21 01:39:05,759] {dagbag.py:496} INFO - Filling up the DagBag from /home/airflow/.local/lib/python3.6/site-packages/airflow/example_dags/tutorial_taskflow_api_etl.py
[2021-09-21 01:39:05,781] {processor.py:623} INFO - DAG(s) dict_keys(['tutorial_taskflow_api_etl']) retrieved from /home/airflow/.local/lib/python3.6/site-packages/airflow/example_dags/tutorial_taskflow_api_etl.py
[2021-09-21 01:39:05,819] {logging_mixin.py:109} INFO - [2021-09-21 01:39:05,818] {dag.py:1834} INFO - Sync 1 DAGs
[2021-09-21 01:39:05,853] {logging_mixin.py:109} INFO - [2021-09-21 01:39:05,853] {dag.py:2287} INFO - Setting next_dagrun for tutorial_taskflow_api_etl to None
[2021-09-21 01:39:05,866] {processor.py:170} INFO - Processing /home/airflow/.local/lib/python3.6/site-packages/airflow/example_dags/tutorial_taskflow_api_etl.py took 0.116 seconds
[2021-09-21 01:39:36,026] {processor.py:162} INFO - Started process (PID=2773) to work on /home/airflow/.local/lib/python3.6/site-packages/airflow/example_dags/tutorial_taskflow_api_etl.py
[2021-09-21 01:39:36,031] {processor.py:613} INFO - Processing file /home/airflow/.local/lib/python3.6/site-packages/airflow/example_dags/tutorial_taskflow_api_etl.py for tasks to queue
[2021-09-21 01:39:36,032] {logging_mixin.py:109} INFO - [2021-09-21 01:39:36,032] {dagbag.py:496} INFO - Filling up the DagBag from /home/airflow/.local/lib/python3.6/site-packages/airflow/example_dags/tutorial_taskflow_api_etl.py
[2021-09-21 01:39:36,053] {processor.py:623} INFO - DAG(s) dict_keys(['tutorial_taskflow_api_etl']) retrieved from /home/airflow/.local/lib/python3.6/site-packages/airflow/example_dags/tutorial_taskflow_api_etl.py
[2021-09-21 01:39:36,217] {logging_mixin.py:109} INFO - [2021-09-21 01:39:36,217] {dag.py:1834} INFO - Sync 1 DAGs
[2021-09-21 01:39:36,228] {logging_mixin.py:109} INFO - [2021-09-21 01:39:36,228] {dag.py:2287} INFO - Setting next_dagrun for tutorial_taskflow_api_etl to None
[2021-09-21 01:39:36,238] {processor.py:170} INFO - Processing /home/airflow/.local/lib/python3.6/site-packages/airflow/example_dags/tutorial_taskflow_api_etl.py took 0.216 seconds
[2021-09-21 01:40:07,037] {processor.py:162} INFO - Started process (PID=2835) to work on /home/airflow/.local/lib/python3.6/site-packages/airflow/example_dags/tutorial_taskflow_api_etl.py
[2021-09-21 01:40:07,039] {processor.py:613} INFO - Processing file /home/airflow/.local/lib/python3.6/site-packages/airflow/example_dags/tutorial_taskflow_api_etl.py for tasks to queue
[2021-09-21 01:40:07,040] {logging_mixin.py:109} INFO - [2021-09-21 01:40:07,040] {dagbag.py:496} INFO - Filling up the DagBag from /home/airflow/.local/lib/python3.6/site-packages/airflow/example_dags/tutorial_taskflow_api_etl.py
[2021-09-21 01:40:07,061] {processor.py:623} INFO - DAG(s) dict_keys(['tutorial_taskflow_api_etl']) retrieved from /home/airflow/.local/lib/python3.6/site-packages/airflow/example_dags/tutorial_taskflow_api_etl.py
[2021-09-21 01:40:07,085] {logging_mixin.py:109} INFO - [2021-09-21 01:40:07,085] {dag.py:1834} INFO - Sync 1 DAGs
[2021-09-21 01:40:07,102] {logging_mixin.py:109} INFO - [2021-09-21 01:40:07,101] {dag.py:2287} INFO - Setting next_dagrun for tutorial_taskflow_api_etl to None
[2021-09-21 01:40:07,113] {processor.py:170} INFO - Processing /home/airflow/.local/lib/python3.6/site-packages/airflow/example_dags/tutorial_taskflow_api_etl.py took 0.081 seconds
[2021-09-21 01:40:37,749] {processor.py:162} INFO - Started process (PID=2897) to work on /home/airflow/.local/lib/python3.6/site-packages/airflow/example_dags/tutorial_taskflow_api_etl.py
[2021-09-21 01:40:37,751] {processor.py:613} INFO - Processing file /home/airflow/.local/lib/python3.6/site-packages/airflow/example_dags/tutorial_taskflow_api_etl.py for tasks to queue
[2021-09-21 01:40:37,752] {logging_mixin.py:109} INFO - [2021-09-21 01:40:37,752] {dagbag.py:496} INFO - Filling up the DagBag from /home/airflow/.local/lib/python3.6/site-packages/airflow/example_dags/tutorial_taskflow_api_etl.py
[2021-09-21 01:40:37,768] {processor.py:623} INFO - DAG(s) dict_keys(['tutorial_taskflow_api_etl']) retrieved from /home/airflow/.local/lib/python3.6/site-packages/airflow/example_dags/tutorial_taskflow_api_etl.py
[2021-09-21 01:40:37,937] {logging_mixin.py:109} INFO - [2021-09-21 01:40:37,936] {dag.py:1834} INFO - Sync 1 DAGs
[2021-09-21 01:40:37,949] {logging_mixin.py:109} INFO - [2021-09-21 01:40:37,949] {dag.py:2287} INFO - Setting next_dagrun for tutorial_taskflow_api_etl to None
[2021-09-21 01:40:37,962] {processor.py:170} INFO - Processing /home/airflow/.local/lib/python3.6/site-packages/airflow/example_dags/tutorial_taskflow_api_etl.py took 0.217 seconds
[2021-09-21 01:41:08,605] {processor.py:162} INFO - Started process (PID=2951) to work on /home/airflow/.local/lib/python3.6/site-packages/airflow/example_dags/tutorial_taskflow_api_etl.py
[2021-09-21 01:41:08,607] {processor.py:613} INFO - Processing file /home/airflow/.local/lib/python3.6/site-packages/airflow/example_dags/tutorial_taskflow_api_etl.py for tasks to queue
[2021-09-21 01:41:08,608] {logging_mixin.py:109} INFO - [2021-09-21 01:41:08,608] {dagbag.py:496} INFO - Filling up the DagBag from /home/airflow/.local/lib/python3.6/site-packages/airflow/example_dags/tutorial_taskflow_api_etl.py
[2021-09-21 01:41:08,629] {processor.py:623} INFO - DAG(s) dict_keys(['tutorial_taskflow_api_etl']) retrieved from /home/airflow/.local/lib/python3.6/site-packages/airflow/example_dags/tutorial_taskflow_api_etl.py
[2021-09-21 01:41:08,805] {logging_mixin.py:109} INFO - [2021-09-21 01:41:08,805] {dag.py:1834} INFO - Sync 1 DAGs
[2021-09-21 01:41:08,817] {logging_mixin.py:109} INFO - [2021-09-21 01:41:08,817] {dag.py:2287} INFO - Setting next_dagrun for tutorial_taskflow_api_etl to None
[2021-09-21 01:41:08,830] {processor.py:170} INFO - Processing /home/airflow/.local/lib/python3.6/site-packages/airflow/example_dags/tutorial_taskflow_api_etl.py took 0.229 seconds
[2021-09-21 01:41:39,527] {processor.py:162} INFO - Started process (PID=3016) to work on /home/airflow/.local/lib/python3.6/site-packages/airflow/example_dags/tutorial_taskflow_api_etl.py
[2021-09-21 01:41:39,529] {processor.py:613} INFO - Processing file /home/airflow/.local/lib/python3.6/site-packages/airflow/example_dags/tutorial_taskflow_api_etl.py for tasks to queue
[2021-09-21 01:41:39,531] {logging_mixin.py:109} INFO - [2021-09-21 01:41:39,531] {dagbag.py:496} INFO - Filling up the DagBag from /home/airflow/.local/lib/python3.6/site-packages/airflow/example_dags/tutorial_taskflow_api_etl.py
[2021-09-21 01:41:39,555] {processor.py:623} INFO - DAG(s) dict_keys(['tutorial_taskflow_api_etl']) retrieved from /home/airflow/.local/lib/python3.6/site-packages/airflow/example_dags/tutorial_taskflow_api_etl.py
[2021-09-21 01:41:39,840] {logging_mixin.py:109} INFO - [2021-09-21 01:41:39,839] {dag.py:1834} INFO - Sync 1 DAGs
[2021-09-21 01:41:39,858] {logging_mixin.py:109} INFO - [2021-09-21 01:41:39,858] {dag.py:2287} INFO - Setting next_dagrun for tutorial_taskflow_api_etl to None
[2021-09-21 01:41:39,878] {processor.py:170} INFO - Processing /home/airflow/.local/lib/python3.6/site-packages/airflow/example_dags/tutorial_taskflow_api_etl.py took 0.358 seconds
[2021-09-21 01:42:09,985] {processor.py:162} INFO - Started process (PID=3079) to work on /home/airflow/.local/lib/python3.6/site-packages/airflow/example_dags/tutorial_taskflow_api_etl.py
[2021-09-21 01:42:09,987] {processor.py:613} INFO - Processing file /home/airflow/.local/lib/python3.6/site-packages/airflow/example_dags/tutorial_taskflow_api_etl.py for tasks to queue
[2021-09-21 01:42:09,988] {logging_mixin.py:109} INFO - [2021-09-21 01:42:09,988] {dagbag.py:496} INFO - Filling up the DagBag from /home/airflow/.local/lib/python3.6/site-packages/airflow/example_dags/tutorial_taskflow_api_etl.py
[2021-09-21 01:42:10,004] {processor.py:623} INFO - DAG(s) dict_keys(['tutorial_taskflow_api_etl']) retrieved from /home/airflow/.local/lib/python3.6/site-packages/airflow/example_dags/tutorial_taskflow_api_etl.py
[2021-09-21 01:42:10,189] {logging_mixin.py:109} INFO - [2021-09-21 01:42:10,189] {dag.py:1834} INFO - Sync 1 DAGs
[2021-09-21 01:42:10,202] {logging_mixin.py:109} INFO - [2021-09-21 01:42:10,202] {dag.py:2287} INFO - Setting next_dagrun for tutorial_taskflow_api_etl to None
[2021-09-21 01:42:10,214] {processor.py:170} INFO - Processing /home/airflow/.local/lib/python3.6/site-packages/airflow/example_dags/tutorial_taskflow_api_etl.py took 0.232 seconds
[2021-09-21 01:42:40,263] {processor.py:162} INFO - Started process (PID=3136) to work on /home/airflow/.local/lib/python3.6/site-packages/airflow/example_dags/tutorial_taskflow_api_etl.py
[2021-09-21 01:42:40,265] {processor.py:613} INFO - Processing file /home/airflow/.local/lib/python3.6/site-packages/airflow/example_dags/tutorial_taskflow_api_etl.py for tasks to queue
[2021-09-21 01:42:40,267] {logging_mixin.py:109} INFO - [2021-09-21 01:42:40,266] {dagbag.py:496} INFO - Filling up the DagBag from /home/airflow/.local/lib/python3.6/site-packages/airflow/example_dags/tutorial_taskflow_api_etl.py
[2021-09-21 01:42:40,295] {processor.py:623} INFO - DAG(s) dict_keys(['tutorial_taskflow_api_etl']) retrieved from /home/airflow/.local/lib/python3.6/site-packages/airflow/example_dags/tutorial_taskflow_api_etl.py
[2021-09-21 01:42:40,461] {logging_mixin.py:109} INFO - [2021-09-21 01:42:40,461] {dag.py:1834} INFO - Sync 1 DAGs
[2021-09-21 01:42:40,473] {logging_mixin.py:109} INFO - [2021-09-21 01:42:40,473] {dag.py:2287} INFO - Setting next_dagrun for tutorial_taskflow_api_etl to None
[2021-09-21 01:42:40,484] {processor.py:170} INFO - Processing /home/airflow/.local/lib/python3.6/site-packages/airflow/example_dags/tutorial_taskflow_api_etl.py took 0.228 seconds
[2021-09-21 01:43:11,091] {processor.py:162} INFO - Started process (PID=3198) to work on /home/airflow/.local/lib/python3.6/site-packages/airflow/example_dags/tutorial_taskflow_api_etl.py
[2021-09-21 01:43:11,093] {processor.py:613} INFO - Processing file /home/airflow/.local/lib/python3.6/site-packages/airflow/example_dags/tutorial_taskflow_api_etl.py for tasks to queue
[2021-09-21 01:43:11,094] {logging_mixin.py:109} INFO - [2021-09-21 01:43:11,094] {dagbag.py:496} INFO - Filling up the DagBag from /home/airflow/.local/lib/python3.6/site-packages/airflow/example_dags/tutorial_taskflow_api_etl.py
[2021-09-21 01:43:11,122] {processor.py:623} INFO - DAG(s) dict_keys(['tutorial_taskflow_api_etl']) retrieved from /home/airflow/.local/lib/python3.6/site-packages/airflow/example_dags/tutorial_taskflow_api_etl.py
[2021-09-21 01:43:11,310] {logging_mixin.py:109} INFO - [2021-09-21 01:43:11,310] {dag.py:1834} INFO - Sync 1 DAGs
[2021-09-21 01:43:11,323] {logging_mixin.py:109} INFO - [2021-09-21 01:43:11,322] {dag.py:2287} INFO - Setting next_dagrun for tutorial_taskflow_api_etl to None
[2021-09-21 01:43:11,336] {processor.py:170} INFO - Processing /home/airflow/.local/lib/python3.6/site-packages/airflow/example_dags/tutorial_taskflow_api_etl.py took 0.248 seconds
[2021-09-21 01:43:41,517] {processor.py:162} INFO - Started process (PID=3250) to work on /home/airflow/.local/lib/python3.6/site-packages/airflow/example_dags/tutorial_taskflow_api_etl.py
[2021-09-21 01:43:41,520] {processor.py:613} INFO - Processing file /home/airflow/.local/lib/python3.6/site-packages/airflow/example_dags/tutorial_taskflow_api_etl.py for tasks to queue
[2021-09-21 01:43:41,521] {logging_mixin.py:109} INFO - [2021-09-21 01:43:41,521] {dagbag.py:496} INFO - Filling up the DagBag from /home/airflow/.local/lib/python3.6/site-packages/airflow/example_dags/tutorial_taskflow_api_etl.py
[2021-09-21 01:43:41,542] {processor.py:623} INFO - DAG(s) dict_keys(['tutorial_taskflow_api_etl']) retrieved from /home/airflow/.local/lib/python3.6/site-packages/airflow/example_dags/tutorial_taskflow_api_etl.py
[2021-09-21 01:43:41,772] {logging_mixin.py:109} INFO - [2021-09-21 01:43:41,772] {dag.py:1834} INFO - Sync 1 DAGs
[2021-09-21 01:43:41,786] {logging_mixin.py:109} INFO - [2021-09-21 01:43:41,786] {dag.py:2287} INFO - Setting next_dagrun for tutorial_taskflow_api_etl to None
[2021-09-21 01:43:41,801] {processor.py:170} INFO - Processing /home/airflow/.local/lib/python3.6/site-packages/airflow/example_dags/tutorial_taskflow_api_etl.py took 0.287 seconds
[2021-09-21 01:44:11,949] {processor.py:162} INFO - Started process (PID=3310) to work on /home/airflow/.local/lib/python3.6/site-packages/airflow/example_dags/tutorial_taskflow_api_etl.py
[2021-09-21 01:44:11,951] {processor.py:613} INFO - Processing file /home/airflow/.local/lib/python3.6/site-packages/airflow/example_dags/tutorial_taskflow_api_etl.py for tasks to queue
[2021-09-21 01:44:11,952] {logging_mixin.py:109} INFO - [2021-09-21 01:44:11,952] {dagbag.py:496} INFO - Filling up the DagBag from /home/airflow/.local/lib/python3.6/site-packages/airflow/example_dags/tutorial_taskflow_api_etl.py
[2021-09-21 01:44:11,968] {processor.py:623} INFO - DAG(s) dict_keys(['tutorial_taskflow_api_etl']) retrieved from /home/airflow/.local/lib/python3.6/site-packages/airflow/example_dags/tutorial_taskflow_api_etl.py
[2021-09-21 01:44:12,131] {logging_mixin.py:109} INFO - [2021-09-21 01:44:12,130] {dag.py:1834} INFO - Sync 1 DAGs
[2021-09-21 01:44:12,142] {logging_mixin.py:109} INFO - [2021-09-21 01:44:12,142] {dag.py:2287} INFO - Setting next_dagrun for tutorial_taskflow_api_etl to None
[2021-09-21 01:44:12,154] {processor.py:170} INFO - Processing /home/airflow/.local/lib/python3.6/site-packages/airflow/example_dags/tutorial_taskflow_api_etl.py took 0.209 seconds
[2021-09-21 01:44:42,847] {processor.py:162} INFO - Started process (PID=3365) to work on /home/airflow/.local/lib/python3.6/site-packages/airflow/example_dags/tutorial_taskflow_api_etl.py
[2021-09-21 01:44:42,849] {processor.py:613} INFO - Processing file /home/airflow/.local/lib/python3.6/site-packages/airflow/example_dags/tutorial_taskflow_api_etl.py for tasks to queue
[2021-09-21 01:44:42,851] {logging_mixin.py:109} INFO - [2021-09-21 01:44:42,851] {dagbag.py:496} INFO - Filling up the DagBag from /home/airflow/.local/lib/python3.6/site-packages/airflow/example_dags/tutorial_taskflow_api_etl.py
[2021-09-21 01:44:42,870] {processor.py:623} INFO - DAG(s) dict_keys(['tutorial_taskflow_api_etl']) retrieved from /home/airflow/.local/lib/python3.6/site-packages/airflow/example_dags/tutorial_taskflow_api_etl.py
[2021-09-21 01:44:43,033] {logging_mixin.py:109} INFO - [2021-09-21 01:44:43,033] {dag.py:1834} INFO - Sync 1 DAGs
[2021-09-21 01:44:43,050] {logging_mixin.py:109} INFO - [2021-09-21 01:44:43,050] {dag.py:2287} INFO - Setting next_dagrun for tutorial_taskflow_api_etl to None
[2021-09-21 01:44:43,063] {processor.py:170} INFO - Processing /home/airflow/.local/lib/python3.6/site-packages/airflow/example_dags/tutorial_taskflow_api_etl.py took 0.220 seconds
[2021-09-21 01:45:13,986] {processor.py:162} INFO - Started process (PID=3429) to work on /home/airflow/.local/lib/python3.6/site-packages/airflow/example_dags/tutorial_taskflow_api_etl.py
[2021-09-21 01:45:13,990] {processor.py:613} INFO - Processing file /home/airflow/.local/lib/python3.6/site-packages/airflow/example_dags/tutorial_taskflow_api_etl.py for tasks to queue
[2021-09-21 01:45:13,991] {logging_mixin.py:109} INFO - [2021-09-21 01:45:13,991] {dagbag.py:496} INFO - Filling up the DagBag from /home/airflow/.local/lib/python3.6/site-packages/airflow/example_dags/tutorial_taskflow_api_etl.py
[2021-09-21 01:45:14,011] {processor.py:623} INFO - DAG(s) dict_keys(['tutorial_taskflow_api_etl']) retrieved from /home/airflow/.local/lib/python3.6/site-packages/airflow/example_dags/tutorial_taskflow_api_etl.py
[2021-09-21 01:45:14,041] {logging_mixin.py:109} INFO - [2021-09-21 01:45:14,040] {dag.py:1834} INFO - Sync 1 DAGs
[2021-09-21 01:45:14,068] {logging_mixin.py:109} INFO - [2021-09-21 01:45:14,068] {dag.py:2287} INFO - Setting next_dagrun for tutorial_taskflow_api_etl to None
[2021-09-21 01:45:14,081] {processor.py:170} INFO - Processing /home/airflow/.local/lib/python3.6/site-packages/airflow/example_dags/tutorial_taskflow_api_etl.py took 0.098 seconds
[2021-09-21 01:45:44,665] {processor.py:162} INFO - Started process (PID=3492) to work on /home/airflow/.local/lib/python3.6/site-packages/airflow/example_dags/tutorial_taskflow_api_etl.py
[2021-09-21 01:45:44,667] {processor.py:613} INFO - Processing file /home/airflow/.local/lib/python3.6/site-packages/airflow/example_dags/tutorial_taskflow_api_etl.py for tasks to queue
[2021-09-21 01:45:44,669] {logging_mixin.py:109} INFO - [2021-09-21 01:45:44,669] {dagbag.py:496} INFO - Filling up the DagBag from /home/airflow/.local/lib/python3.6/site-packages/airflow/example_dags/tutorial_taskflow_api_etl.py
[2021-09-21 01:45:44,688] {processor.py:623} INFO - DAG(s) dict_keys(['tutorial_taskflow_api_etl']) retrieved from /home/airflow/.local/lib/python3.6/site-packages/airflow/example_dags/tutorial_taskflow_api_etl.py
[2021-09-21 01:45:44,916] {logging_mixin.py:109} INFO - [2021-09-21 01:45:44,916] {dag.py:1834} INFO - Sync 1 DAGs
[2021-09-21 01:45:44,929] {logging_mixin.py:109} INFO - [2021-09-21 01:45:44,928] {dag.py:2287} INFO - Setting next_dagrun for tutorial_taskflow_api_etl to None
[2021-09-21 01:45:44,940] {processor.py:170} INFO - Processing /home/airflow/.local/lib/python3.6/site-packages/airflow/example_dags/tutorial_taskflow_api_etl.py took 0.278 seconds
[2021-09-21 01:46:15,679] {processor.py:162} INFO - Started process (PID=3544) to work on /home/airflow/.local/lib/python3.6/site-packages/airflow/example_dags/tutorial_taskflow_api_etl.py
[2021-09-21 01:46:15,681] {processor.py:613} INFO - Processing file /home/airflow/.local/lib/python3.6/site-packages/airflow/example_dags/tutorial_taskflow_api_etl.py for tasks to queue
[2021-09-21 01:46:15,684] {logging_mixin.py:109} INFO - [2021-09-21 01:46:15,684] {dagbag.py:496} INFO - Filling up the DagBag from /home/airflow/.local/lib/python3.6/site-packages/airflow/example_dags/tutorial_taskflow_api_etl.py
[2021-09-21 01:46:15,702] {processor.py:623} INFO - DAG(s) dict_keys(['tutorial_taskflow_api_etl']) retrieved from /home/airflow/.local/lib/python3.6/site-packages/airflow/example_dags/tutorial_taskflow_api_etl.py
[2021-09-21 01:46:15,947] {logging_mixin.py:109} INFO - [2021-09-21 01:46:15,947] {dag.py:1834} INFO - Sync 1 DAGs
[2021-09-21 01:46:15,963] {logging_mixin.py:109} INFO - [2021-09-21 01:46:15,962] {dag.py:2287} INFO - Setting next_dagrun for tutorial_taskflow_api_etl to None
[2021-09-21 01:46:15,979] {processor.py:170} INFO - Processing /home/airflow/.local/lib/python3.6/site-packages/airflow/example_dags/tutorial_taskflow_api_etl.py took 0.313 seconds
[2021-09-21 01:46:46,161] {processor.py:162} INFO - Started process (PID=3609) to work on /home/airflow/.local/lib/python3.6/site-packages/airflow/example_dags/tutorial_taskflow_api_etl.py
[2021-09-21 01:46:46,167] {processor.py:613} INFO - Processing file /home/airflow/.local/lib/python3.6/site-packages/airflow/example_dags/tutorial_taskflow_api_etl.py for tasks to queue
[2021-09-21 01:46:46,172] {logging_mixin.py:109} INFO - [2021-09-21 01:46:46,172] {dagbag.py:496} INFO - Filling up the DagBag from /home/airflow/.local/lib/python3.6/site-packages/airflow/example_dags/tutorial_taskflow_api_etl.py
[2021-09-21 01:46:46,238] {processor.py:623} INFO - DAG(s) dict_keys(['tutorial_taskflow_api_etl']) retrieved from /home/airflow/.local/lib/python3.6/site-packages/airflow/example_dags/tutorial_taskflow_api_etl.py
[2021-09-21 01:46:46,758] {logging_mixin.py:109} INFO - [2021-09-21 01:46:46,757] {dag.py:1834} INFO - Sync 1 DAGs
[2021-09-21 01:46:46,794] {logging_mixin.py:109} INFO - [2021-09-21 01:46:46,794] {dag.py:2287} INFO - Setting next_dagrun for tutorial_taskflow_api_etl to None
[2021-09-21 01:46:46,822] {processor.py:170} INFO - Processing /home/airflow/.local/lib/python3.6/site-packages/airflow/example_dags/tutorial_taskflow_api_etl.py took 0.674 seconds
[2021-09-21 01:47:16,887] {processor.py:162} INFO - Started process (PID=3663) to work on /home/airflow/.local/lib/python3.6/site-packages/airflow/example_dags/tutorial_taskflow_api_etl.py
[2021-09-21 01:47:16,889] {processor.py:613} INFO - Processing file /home/airflow/.local/lib/python3.6/site-packages/airflow/example_dags/tutorial_taskflow_api_etl.py for tasks to queue
[2021-09-21 01:47:16,890] {logging_mixin.py:109} INFO - [2021-09-21 01:47:16,890] {dagbag.py:496} INFO - Filling up the DagBag from /home/airflow/.local/lib/python3.6/site-packages/airflow/example_dags/tutorial_taskflow_api_etl.py
[2021-09-21 01:47:16,905] {processor.py:623} INFO - DAG(s) dict_keys(['tutorial_taskflow_api_etl']) retrieved from /home/airflow/.local/lib/python3.6/site-packages/airflow/example_dags/tutorial_taskflow_api_etl.py
[2021-09-21 01:47:17,066] {logging_mixin.py:109} INFO - [2021-09-21 01:47:17,066] {dag.py:1834} INFO - Sync 1 DAGs
[2021-09-21 01:47:17,078] {logging_mixin.py:109} INFO - [2021-09-21 01:47:17,078] {dag.py:2287} INFO - Setting next_dagrun for tutorial_taskflow_api_etl to None
[2021-09-21 01:47:17,091] {processor.py:170} INFO - Processing /home/airflow/.local/lib/python3.6/site-packages/airflow/example_dags/tutorial_taskflow_api_etl.py took 0.207 seconds
[2021-09-21 01:47:47,390] {processor.py:162} INFO - Started process (PID=3729) to work on /home/airflow/.local/lib/python3.6/site-packages/airflow/example_dags/tutorial_taskflow_api_etl.py
[2021-09-21 01:47:47,392] {processor.py:613} INFO - Processing file /home/airflow/.local/lib/python3.6/site-packages/airflow/example_dags/tutorial_taskflow_api_etl.py for tasks to queue
[2021-09-21 01:47:47,393] {logging_mixin.py:109} INFO - [2021-09-21 01:47:47,393] {dagbag.py:496} INFO - Filling up the DagBag from /home/airflow/.local/lib/python3.6/site-packages/airflow/example_dags/tutorial_taskflow_api_etl.py
[2021-09-21 01:47:47,414] {processor.py:623} INFO - DAG(s) dict_keys(['tutorial_taskflow_api_etl']) retrieved from /home/airflow/.local/lib/python3.6/site-packages/airflow/example_dags/tutorial_taskflow_api_etl.py
[2021-09-21 01:47:47,598] {logging_mixin.py:109} INFO - [2021-09-21 01:47:47,598] {dag.py:1834} INFO - Sync 1 DAGs
[2021-09-21 01:47:47,617] {logging_mixin.py:109} INFO - [2021-09-21 01:47:47,617] {dag.py:2287} INFO - Setting next_dagrun for tutorial_taskflow_api_etl to None
[2021-09-21 01:47:47,631] {processor.py:170} INFO - Processing /home/airflow/.local/lib/python3.6/site-packages/airflow/example_dags/tutorial_taskflow_api_etl.py took 0.246 seconds
[2021-09-21 01:48:17,815] {processor.py:162} INFO - Started process (PID=3781) to work on /home/airflow/.local/lib/python3.6/site-packages/airflow/example_dags/tutorial_taskflow_api_etl.py
[2021-09-21 01:48:17,818] {processor.py:613} INFO - Processing file /home/airflow/.local/lib/python3.6/site-packages/airflow/example_dags/tutorial_taskflow_api_etl.py for tasks to queue
[2021-09-21 01:48:17,820] {logging_mixin.py:109} INFO - [2021-09-21 01:48:17,819] {dagbag.py:496} INFO - Filling up the DagBag from /home/airflow/.local/lib/python3.6/site-packages/airflow/example_dags/tutorial_taskflow_api_etl.py
[2021-09-21 01:48:17,840] {processor.py:623} INFO - DAG(s) dict_keys(['tutorial_taskflow_api_etl']) retrieved from /home/airflow/.local/lib/python3.6/site-packages/airflow/example_dags/tutorial_taskflow_api_etl.py
[2021-09-21 01:48:17,866] {logging_mixin.py:109} INFO - [2021-09-21 01:48:17,866] {dag.py:1834} INFO - Sync 1 DAGs
[2021-09-21 01:48:17,882] {logging_mixin.py:109} INFO - [2021-09-21 01:48:17,881] {dag.py:2287} INFO - Setting next_dagrun for tutorial_taskflow_api_etl to None
[2021-09-21 01:48:17,895] {processor.py:170} INFO - Processing /home/airflow/.local/lib/python3.6/site-packages/airflow/example_dags/tutorial_taskflow_api_etl.py took 0.085 seconds
[2021-09-21 01:48:48,085] {processor.py:162} INFO - Started process (PID=3845) to work on /home/airflow/.local/lib/python3.6/site-packages/airflow/example_dags/tutorial_taskflow_api_etl.py
[2021-09-21 01:48:48,088] {processor.py:613} INFO - Processing file /home/airflow/.local/lib/python3.6/site-packages/airflow/example_dags/tutorial_taskflow_api_etl.py for tasks to queue
[2021-09-21 01:48:48,090] {logging_mixin.py:109} INFO - [2021-09-21 01:48:48,089] {dagbag.py:496} INFO - Filling up the DagBag from /home/airflow/.local/lib/python3.6/site-packages/airflow/example_dags/tutorial_taskflow_api_etl.py
[2021-09-21 01:48:48,108] {processor.py:623} INFO - DAG(s) dict_keys(['tutorial_taskflow_api_etl']) retrieved from /home/airflow/.local/lib/python3.6/site-packages/airflow/example_dags/tutorial_taskflow_api_etl.py
[2021-09-21 01:48:48,288] {logging_mixin.py:109} INFO - [2021-09-21 01:48:48,288] {dag.py:1834} INFO - Sync 1 DAGs
[2021-09-21 01:48:48,300] {logging_mixin.py:109} INFO - [2021-09-21 01:48:48,300] {dag.py:2287} INFO - Setting next_dagrun for tutorial_taskflow_api_etl to None
[2021-09-21 01:48:48,310] {processor.py:170} INFO - Processing /home/airflow/.local/lib/python3.6/site-packages/airflow/example_dags/tutorial_taskflow_api_etl.py took 0.231 seconds
[2021-09-21 01:49:18,388] {processor.py:162} INFO - Started process (PID=3908) to work on /home/airflow/.local/lib/python3.6/site-packages/airflow/example_dags/tutorial_taskflow_api_etl.py
[2021-09-21 01:49:18,391] {processor.py:613} INFO - Processing file /home/airflow/.local/lib/python3.6/site-packages/airflow/example_dags/tutorial_taskflow_api_etl.py for tasks to queue
[2021-09-21 01:49:18,393] {logging_mixin.py:109} INFO - [2021-09-21 01:49:18,393] {dagbag.py:496} INFO - Filling up the DagBag from /home/airflow/.local/lib/python3.6/site-packages/airflow/example_dags/tutorial_taskflow_api_etl.py
[2021-09-21 01:49:18,416] {processor.py:623} INFO - DAG(s) dict_keys(['tutorial_taskflow_api_etl']) retrieved from /home/airflow/.local/lib/python3.6/site-packages/airflow/example_dags/tutorial_taskflow_api_etl.py
[2021-09-21 01:49:18,649] {logging_mixin.py:109} INFO - [2021-09-21 01:49:18,649] {dag.py:1834} INFO - Sync 1 DAGs
[2021-09-21 01:49:18,665] {logging_mixin.py:109} INFO - [2021-09-21 01:49:18,665] {dag.py:2287} INFO - Setting next_dagrun for tutorial_taskflow_api_etl to None
[2021-09-21 01:49:18,679] {processor.py:170} INFO - Processing /home/airflow/.local/lib/python3.6/site-packages/airflow/example_dags/tutorial_taskflow_api_etl.py took 0.296 seconds
[2021-09-21 01:49:48,735] {processor.py:162} INFO - Started process (PID=3961) to work on /home/airflow/.local/lib/python3.6/site-packages/airflow/example_dags/tutorial_taskflow_api_etl.py
[2021-09-21 01:49:48,737] {processor.py:613} INFO - Processing file /home/airflow/.local/lib/python3.6/site-packages/airflow/example_dags/tutorial_taskflow_api_etl.py for tasks to queue
[2021-09-21 01:49:48,738] {logging_mixin.py:109} INFO - [2021-09-21 01:49:48,738] {dagbag.py:496} INFO - Filling up the DagBag from /home/airflow/.local/lib/python3.6/site-packages/airflow/example_dags/tutorial_taskflow_api_etl.py
[2021-09-21 01:49:48,755] {processor.py:623} INFO - DAG(s) dict_keys(['tutorial_taskflow_api_etl']) retrieved from /home/airflow/.local/lib/python3.6/site-packages/airflow/example_dags/tutorial_taskflow_api_etl.py
[2021-09-21 01:49:48,919] {logging_mixin.py:109} INFO - [2021-09-21 01:49:48,919] {dag.py:1834} INFO - Sync 1 DAGs
[2021-09-21 01:49:48,934] {logging_mixin.py:109} INFO - [2021-09-21 01:49:48,934] {dag.py:2287} INFO - Setting next_dagrun for tutorial_taskflow_api_etl to None
[2021-09-21 01:49:48,946] {processor.py:170} INFO - Processing /home/airflow/.local/lib/python3.6/site-packages/airflow/example_dags/tutorial_taskflow_api_etl.py took 0.215 seconds
[2021-09-21 01:50:19,149] {processor.py:162} INFO - Started process (PID=4023) to work on /home/airflow/.local/lib/python3.6/site-packages/airflow/example_dags/tutorial_taskflow_api_etl.py
[2021-09-21 01:50:19,154] {processor.py:613} INFO - Processing file /home/airflow/.local/lib/python3.6/site-packages/airflow/example_dags/tutorial_taskflow_api_etl.py for tasks to queue
[2021-09-21 01:50:19,159] {logging_mixin.py:109} INFO - [2021-09-21 01:50:19,158] {dagbag.py:496} INFO - Filling up the DagBag from /home/airflow/.local/lib/python3.6/site-packages/airflow/example_dags/tutorial_taskflow_api_etl.py
[2021-09-21 01:50:19,200] {processor.py:623} INFO - DAG(s) dict_keys(['tutorial_taskflow_api_etl']) retrieved from /home/airflow/.local/lib/python3.6/site-packages/airflow/example_dags/tutorial_taskflow_api_etl.py
[2021-09-21 01:50:20,764] {logging_mixin.py:109} INFO - [2021-09-21 01:50:20,741] {dag.py:1834} INFO - Sync 1 DAGs
[2021-09-21 01:50:20,963] {logging_mixin.py:109} INFO - [2021-09-21 01:50:20,962] {dag.py:2287} INFO - Setting next_dagrun for tutorial_taskflow_api_etl to None
[2021-09-21 01:50:21,066] {processor.py:170} INFO - Processing /home/airflow/.local/lib/python3.6/site-packages/airflow/example_dags/tutorial_taskflow_api_etl.py took 1.943 seconds
[2021-09-21 01:50:51,960] {processor.py:162} INFO - Started process (PID=4088) to work on /home/airflow/.local/lib/python3.6/site-packages/airflow/example_dags/tutorial_taskflow_api_etl.py
[2021-09-21 01:50:51,962] {processor.py:613} INFO - Processing file /home/airflow/.local/lib/python3.6/site-packages/airflow/example_dags/tutorial_taskflow_api_etl.py for tasks to queue
[2021-09-21 01:50:51,963] {logging_mixin.py:109} INFO - [2021-09-21 01:50:51,963] {dagbag.py:496} INFO - Filling up the DagBag from /home/airflow/.local/lib/python3.6/site-packages/airflow/example_dags/tutorial_taskflow_api_etl.py
[2021-09-21 01:50:51,982] {processor.py:623} INFO - DAG(s) dict_keys(['tutorial_taskflow_api_etl']) retrieved from /home/airflow/.local/lib/python3.6/site-packages/airflow/example_dags/tutorial_taskflow_api_etl.py
[2021-09-21 01:50:52,213] {logging_mixin.py:109} INFO - [2021-09-21 01:50:52,213] {dag.py:1834} INFO - Sync 1 DAGs
[2021-09-21 01:50:52,226] {logging_mixin.py:109} INFO - [2021-09-21 01:50:52,226] {dag.py:2287} INFO - Setting next_dagrun for tutorial_taskflow_api_etl to None
[2021-09-21 01:50:52,241] {processor.py:170} INFO - Processing /home/airflow/.local/lib/python3.6/site-packages/airflow/example_dags/tutorial_taskflow_api_etl.py took 0.286 seconds
[2021-09-21 01:51:22,321] {processor.py:162} INFO - Started process (PID=4142) to work on /home/airflow/.local/lib/python3.6/site-packages/airflow/example_dags/tutorial_taskflow_api_etl.py
[2021-09-21 01:51:22,323] {processor.py:613} INFO - Processing file /home/airflow/.local/lib/python3.6/site-packages/airflow/example_dags/tutorial_taskflow_api_etl.py for tasks to queue
[2021-09-21 01:51:22,325] {logging_mixin.py:109} INFO - [2021-09-21 01:51:22,325] {dagbag.py:496} INFO - Filling up the DagBag from /home/airflow/.local/lib/python3.6/site-packages/airflow/example_dags/tutorial_taskflow_api_etl.py
[2021-09-21 01:51:22,347] {processor.py:623} INFO - DAG(s) dict_keys(['tutorial_taskflow_api_etl']) retrieved from /home/airflow/.local/lib/python3.6/site-packages/airflow/example_dags/tutorial_taskflow_api_etl.py
[2021-09-21 01:51:22,518] {logging_mixin.py:109} INFO - [2021-09-21 01:51:22,518] {dag.py:1834} INFO - Sync 1 DAGs
[2021-09-21 01:51:22,529] {logging_mixin.py:109} INFO - [2021-09-21 01:51:22,529] {dag.py:2287} INFO - Setting next_dagrun for tutorial_taskflow_api_etl to None
[2021-09-21 01:51:22,543] {processor.py:170} INFO - Processing /home/airflow/.local/lib/python3.6/site-packages/airflow/example_dags/tutorial_taskflow_api_etl.py took 0.228 seconds
[2021-09-21 01:51:52,643] {processor.py:162} INFO - Started process (PID=4206) to work on /home/airflow/.local/lib/python3.6/site-packages/airflow/example_dags/tutorial_taskflow_api_etl.py
[2021-09-21 01:51:52,648] {processor.py:613} INFO - Processing file /home/airflow/.local/lib/python3.6/site-packages/airflow/example_dags/tutorial_taskflow_api_etl.py for tasks to queue
[2021-09-21 01:51:52,653] {logging_mixin.py:109} INFO - [2021-09-21 01:51:52,652] {dagbag.py:496} INFO - Filling up the DagBag from /home/airflow/.local/lib/python3.6/site-packages/airflow/example_dags/tutorial_taskflow_api_etl.py
[2021-09-21 01:51:52,700] {processor.py:623} INFO - DAG(s) dict_keys(['tutorial_taskflow_api_etl']) retrieved from /home/airflow/.local/lib/python3.6/site-packages/airflow/example_dags/tutorial_taskflow_api_etl.py
[2021-09-21 01:51:53,419] {logging_mixin.py:109} INFO - [2021-09-21 01:51:53,419] {dag.py:1834} INFO - Sync 1 DAGs
[2021-09-21 01:51:53,467] {logging_mixin.py:109} INFO - [2021-09-21 01:51:53,467] {dag.py:2287} INFO - Setting next_dagrun for tutorial_taskflow_api_etl to None
[2021-09-21 01:51:53,493] {processor.py:170} INFO - Processing /home/airflow/.local/lib/python3.6/site-packages/airflow/example_dags/tutorial_taskflow_api_etl.py took 0.859 seconds
[2021-09-21 01:52:23,915] {processor.py:162} INFO - Started process (PID=4259) to work on /home/airflow/.local/lib/python3.6/site-packages/airflow/example_dags/tutorial_taskflow_api_etl.py
[2021-09-21 01:52:23,917] {processor.py:613} INFO - Processing file /home/airflow/.local/lib/python3.6/site-packages/airflow/example_dags/tutorial_taskflow_api_etl.py for tasks to queue
[2021-09-21 01:52:23,919] {logging_mixin.py:109} INFO - [2021-09-21 01:52:23,919] {dagbag.py:496} INFO - Filling up the DagBag from /home/airflow/.local/lib/python3.6/site-packages/airflow/example_dags/tutorial_taskflow_api_etl.py
[2021-09-21 01:52:23,945] {processor.py:623} INFO - DAG(s) dict_keys(['tutorial_taskflow_api_etl']) retrieved from /home/airflow/.local/lib/python3.6/site-packages/airflow/example_dags/tutorial_taskflow_api_etl.py
[2021-09-21 01:52:24,118] {logging_mixin.py:109} INFO - [2021-09-21 01:52:24,118] {dag.py:1834} INFO - Sync 1 DAGs
[2021-09-21 01:52:24,131] {logging_mixin.py:109} INFO - [2021-09-21 01:52:24,131] {dag.py:2287} INFO - Setting next_dagrun for tutorial_taskflow_api_etl to None
[2021-09-21 01:52:24,143] {processor.py:170} INFO - Processing /home/airflow/.local/lib/python3.6/site-packages/airflow/example_dags/tutorial_taskflow_api_etl.py took 0.232 seconds
