[2021-09-21 01:17:39,739] {processor.py:162} INFO - Started process (PID=281) to work on /home/airflow/.local/lib/python3.6/site-packages/airflow/example_dags/tutorial_etl_dag.py
[2021-09-21 01:17:39,741] {processor.py:613} INFO - Processing file /home/airflow/.local/lib/python3.6/site-packages/airflow/example_dags/tutorial_etl_dag.py for tasks to queue
[2021-09-21 01:17:39,743] {logging_mixin.py:109} INFO - [2021-09-21 01:17:39,742] {dagbag.py:496} INFO - Filling up the DagBag from /home/airflow/.local/lib/python3.6/site-packages/airflow/example_dags/tutorial_etl_dag.py
[2021-09-21 01:17:39,758] {processor.py:623} INFO - DAG(s) dict_keys(['tutorial_etl_dag']) retrieved from /home/airflow/.local/lib/python3.6/site-packages/airflow/example_dags/tutorial_etl_dag.py
[2021-09-21 01:17:41,670] {logging_mixin.py:109} INFO - [2021-09-21 01:17:41,669] {dag.py:1834} INFO - Sync 1 DAGs
[2021-09-21 01:17:41,680] {logging_mixin.py:109} INFO - [2021-09-21 01:17:41,679] {dag.py:1853} INFO - Creating ORM DAG for tutorial_etl_dag
[2021-09-21 01:17:41,684] {logging_mixin.py:109} INFO - [2021-09-21 01:17:41,684] {dag.py:2287} INFO - Setting next_dagrun for tutorial_etl_dag to None
[2021-09-21 01:17:41,693] {processor.py:170} INFO - Processing /home/airflow/.local/lib/python3.6/site-packages/airflow/example_dags/tutorial_etl_dag.py took 1.958 seconds
[2021-09-21 01:18:12,609] {processor.py:162} INFO - Started process (PID=358) to work on /home/airflow/.local/lib/python3.6/site-packages/airflow/example_dags/tutorial_etl_dag.py
[2021-09-21 01:18:12,611] {processor.py:613} INFO - Processing file /home/airflow/.local/lib/python3.6/site-packages/airflow/example_dags/tutorial_etl_dag.py for tasks to queue
[2021-09-21 01:18:12,613] {logging_mixin.py:109} INFO - [2021-09-21 01:18:12,613] {dagbag.py:496} INFO - Filling up the DagBag from /home/airflow/.local/lib/python3.6/site-packages/airflow/example_dags/tutorial_etl_dag.py
[2021-09-21 01:18:12,629] {processor.py:623} INFO - DAG(s) dict_keys(['tutorial_etl_dag']) retrieved from /home/airflow/.local/lib/python3.6/site-packages/airflow/example_dags/tutorial_etl_dag.py
[2021-09-21 01:18:12,653] {logging_mixin.py:109} INFO - [2021-09-21 01:18:12,652] {dag.py:1834} INFO - Sync 1 DAGs
[2021-09-21 01:18:12,667] {logging_mixin.py:109} INFO - [2021-09-21 01:18:12,667] {dag.py:2287} INFO - Setting next_dagrun for tutorial_etl_dag to None
[2021-09-21 01:18:12,678] {processor.py:170} INFO - Processing /home/airflow/.local/lib/python3.6/site-packages/airflow/example_dags/tutorial_etl_dag.py took 0.073 seconds
[2021-09-21 01:18:42,716] {processor.py:162} INFO - Started process (PID=423) to work on /home/airflow/.local/lib/python3.6/site-packages/airflow/example_dags/tutorial_etl_dag.py
[2021-09-21 01:18:42,718] {processor.py:613} INFO - Processing file /home/airflow/.local/lib/python3.6/site-packages/airflow/example_dags/tutorial_etl_dag.py for tasks to queue
[2021-09-21 01:18:42,720] {logging_mixin.py:109} INFO - [2021-09-21 01:18:42,719] {dagbag.py:496} INFO - Filling up the DagBag from /home/airflow/.local/lib/python3.6/site-packages/airflow/example_dags/tutorial_etl_dag.py
[2021-09-21 01:18:42,735] {processor.py:623} INFO - DAG(s) dict_keys(['tutorial_etl_dag']) retrieved from /home/airflow/.local/lib/python3.6/site-packages/airflow/example_dags/tutorial_etl_dag.py
[2021-09-21 01:18:42,763] {logging_mixin.py:109} INFO - [2021-09-21 01:18:42,763] {dag.py:1834} INFO - Sync 1 DAGs
[2021-09-21 01:18:42,779] {logging_mixin.py:109} INFO - [2021-09-21 01:18:42,779] {dag.py:2287} INFO - Setting next_dagrun for tutorial_etl_dag to None
[2021-09-21 01:18:42,790] {processor.py:170} INFO - Processing /home/airflow/.local/lib/python3.6/site-packages/airflow/example_dags/tutorial_etl_dag.py took 0.078 seconds
[2021-09-21 01:19:12,912] {processor.py:162} INFO - Started process (PID=475) to work on /home/airflow/.local/lib/python3.6/site-packages/airflow/example_dags/tutorial_etl_dag.py
[2021-09-21 01:19:12,914] {processor.py:613} INFO - Processing file /home/airflow/.local/lib/python3.6/site-packages/airflow/example_dags/tutorial_etl_dag.py for tasks to queue
[2021-09-21 01:19:12,916] {logging_mixin.py:109} INFO - [2021-09-21 01:19:12,916] {dagbag.py:496} INFO - Filling up the DagBag from /home/airflow/.local/lib/python3.6/site-packages/airflow/example_dags/tutorial_etl_dag.py
[2021-09-21 01:19:12,933] {processor.py:623} INFO - DAG(s) dict_keys(['tutorial_etl_dag']) retrieved from /home/airflow/.local/lib/python3.6/site-packages/airflow/example_dags/tutorial_etl_dag.py
[2021-09-21 01:19:12,960] {logging_mixin.py:109} INFO - [2021-09-21 01:19:12,960] {dag.py:1834} INFO - Sync 1 DAGs
[2021-09-21 01:19:12,990] {logging_mixin.py:109} INFO - [2021-09-21 01:19:12,990] {dag.py:2287} INFO - Setting next_dagrun for tutorial_etl_dag to None
[2021-09-21 01:19:13,003] {processor.py:170} INFO - Processing /home/airflow/.local/lib/python3.6/site-packages/airflow/example_dags/tutorial_etl_dag.py took 0.095 seconds
[2021-09-21 01:19:43,048] {processor.py:162} INFO - Started process (PID=539) to work on /home/airflow/.local/lib/python3.6/site-packages/airflow/example_dags/tutorial_etl_dag.py
[2021-09-21 01:19:43,049] {processor.py:613} INFO - Processing file /home/airflow/.local/lib/python3.6/site-packages/airflow/example_dags/tutorial_etl_dag.py for tasks to queue
[2021-09-21 01:19:43,051] {logging_mixin.py:109} INFO - [2021-09-21 01:19:43,051] {dagbag.py:496} INFO - Filling up the DagBag from /home/airflow/.local/lib/python3.6/site-packages/airflow/example_dags/tutorial_etl_dag.py
[2021-09-21 01:19:43,068] {processor.py:623} INFO - DAG(s) dict_keys(['tutorial_etl_dag']) retrieved from /home/airflow/.local/lib/python3.6/site-packages/airflow/example_dags/tutorial_etl_dag.py
[2021-09-21 01:19:43,096] {logging_mixin.py:109} INFO - [2021-09-21 01:19:43,096] {dag.py:1834} INFO - Sync 1 DAGs
[2021-09-21 01:19:43,117] {logging_mixin.py:109} INFO - [2021-09-21 01:19:43,117] {dag.py:2287} INFO - Setting next_dagrun for tutorial_etl_dag to None
[2021-09-21 01:19:43,138] {processor.py:170} INFO - Processing /home/airflow/.local/lib/python3.6/site-packages/airflow/example_dags/tutorial_etl_dag.py took 0.094 seconds
[2021-09-21 01:20:13,435] {processor.py:162} INFO - Started process (PID=603) to work on /home/airflow/.local/lib/python3.6/site-packages/airflow/example_dags/tutorial_etl_dag.py
[2021-09-21 01:20:13,438] {processor.py:613} INFO - Processing file /home/airflow/.local/lib/python3.6/site-packages/airflow/example_dags/tutorial_etl_dag.py for tasks to queue
[2021-09-21 01:20:13,441] {logging_mixin.py:109} INFO - [2021-09-21 01:20:13,441] {dagbag.py:496} INFO - Filling up the DagBag from /home/airflow/.local/lib/python3.6/site-packages/airflow/example_dags/tutorial_etl_dag.py
[2021-09-21 01:20:13,472] {processor.py:623} INFO - DAG(s) dict_keys(['tutorial_etl_dag']) retrieved from /home/airflow/.local/lib/python3.6/site-packages/airflow/example_dags/tutorial_etl_dag.py
[2021-09-21 01:20:13,526] {logging_mixin.py:109} INFO - [2021-09-21 01:20:13,526] {dag.py:1834} INFO - Sync 1 DAGs
[2021-09-21 01:20:13,583] {logging_mixin.py:109} INFO - [2021-09-21 01:20:13,583] {dag.py:2287} INFO - Setting next_dagrun for tutorial_etl_dag to None
[2021-09-21 01:20:13,607] {processor.py:170} INFO - Processing /home/airflow/.local/lib/python3.6/site-packages/airflow/example_dags/tutorial_etl_dag.py took 0.187 seconds
[2021-09-21 01:20:43,835] {processor.py:162} INFO - Started process (PID=657) to work on /home/airflow/.local/lib/python3.6/site-packages/airflow/example_dags/tutorial_etl_dag.py
[2021-09-21 01:20:43,837] {processor.py:613} INFO - Processing file /home/airflow/.local/lib/python3.6/site-packages/airflow/example_dags/tutorial_etl_dag.py for tasks to queue
[2021-09-21 01:20:43,838] {logging_mixin.py:109} INFO - [2021-09-21 01:20:43,838] {dagbag.py:496} INFO - Filling up the DagBag from /home/airflow/.local/lib/python3.6/site-packages/airflow/example_dags/tutorial_etl_dag.py
[2021-09-21 01:20:43,850] {processor.py:623} INFO - DAG(s) dict_keys(['tutorial_etl_dag']) retrieved from /home/airflow/.local/lib/python3.6/site-packages/airflow/example_dags/tutorial_etl_dag.py
[2021-09-21 01:20:43,871] {logging_mixin.py:109} INFO - [2021-09-21 01:20:43,871] {dag.py:1834} INFO - Sync 1 DAGs
[2021-09-21 01:20:43,891] {logging_mixin.py:109} INFO - [2021-09-21 01:20:43,890] {dag.py:2287} INFO - Setting next_dagrun for tutorial_etl_dag to None
[2021-09-21 01:20:43,901] {processor.py:170} INFO - Processing /home/airflow/.local/lib/python3.6/site-packages/airflow/example_dags/tutorial_etl_dag.py took 0.069 seconds
[2021-09-21 01:21:15,412] {processor.py:162} INFO - Started process (PID=722) to work on /home/airflow/.local/lib/python3.6/site-packages/airflow/example_dags/tutorial_etl_dag.py
[2021-09-21 01:21:15,417] {processor.py:613} INFO - Processing file /home/airflow/.local/lib/python3.6/site-packages/airflow/example_dags/tutorial_etl_dag.py for tasks to queue
[2021-09-21 01:21:15,420] {logging_mixin.py:109} INFO - [2021-09-21 01:21:15,420] {dagbag.py:496} INFO - Filling up the DagBag from /home/airflow/.local/lib/python3.6/site-packages/airflow/example_dags/tutorial_etl_dag.py
[2021-09-21 01:21:15,453] {processor.py:623} INFO - DAG(s) dict_keys(['tutorial_etl_dag']) retrieved from /home/airflow/.local/lib/python3.6/site-packages/airflow/example_dags/tutorial_etl_dag.py
[2021-09-21 01:21:15,533] {logging_mixin.py:109} INFO - [2021-09-21 01:21:15,533] {dag.py:1834} INFO - Sync 1 DAGs
[2021-09-21 01:21:15,580] {logging_mixin.py:109} INFO - [2021-09-21 01:21:15,580] {dag.py:2287} INFO - Setting next_dagrun for tutorial_etl_dag to None
[2021-09-21 01:21:15,604] {processor.py:170} INFO - Processing /home/airflow/.local/lib/python3.6/site-packages/airflow/example_dags/tutorial_etl_dag.py took 0.197 seconds
[2021-09-21 01:21:45,830] {processor.py:162} INFO - Started process (PID=774) to work on /home/airflow/.local/lib/python3.6/site-packages/airflow/example_dags/tutorial_etl_dag.py
[2021-09-21 01:21:45,832] {processor.py:613} INFO - Processing file /home/airflow/.local/lib/python3.6/site-packages/airflow/example_dags/tutorial_etl_dag.py for tasks to queue
[2021-09-21 01:21:45,834] {logging_mixin.py:109} INFO - [2021-09-21 01:21:45,834] {dagbag.py:496} INFO - Filling up the DagBag from /home/airflow/.local/lib/python3.6/site-packages/airflow/example_dags/tutorial_etl_dag.py
[2021-09-21 01:21:45,850] {processor.py:623} INFO - DAG(s) dict_keys(['tutorial_etl_dag']) retrieved from /home/airflow/.local/lib/python3.6/site-packages/airflow/example_dags/tutorial_etl_dag.py
[2021-09-21 01:21:45,876] {logging_mixin.py:109} INFO - [2021-09-21 01:21:45,876] {dag.py:1834} INFO - Sync 1 DAGs
[2021-09-21 01:21:45,893] {logging_mixin.py:109} INFO - [2021-09-21 01:21:45,893] {dag.py:2287} INFO - Setting next_dagrun for tutorial_etl_dag to None
[2021-09-21 01:21:45,907] {processor.py:170} INFO - Processing /home/airflow/.local/lib/python3.6/site-packages/airflow/example_dags/tutorial_etl_dag.py took 0.081 seconds
[2021-09-21 01:22:16,121] {processor.py:162} INFO - Started process (PID=839) to work on /home/airflow/.local/lib/python3.6/site-packages/airflow/example_dags/tutorial_etl_dag.py
[2021-09-21 01:22:16,125] {processor.py:613} INFO - Processing file /home/airflow/.local/lib/python3.6/site-packages/airflow/example_dags/tutorial_etl_dag.py for tasks to queue
[2021-09-21 01:22:16,127] {logging_mixin.py:109} INFO - [2021-09-21 01:22:16,127] {dagbag.py:496} INFO - Filling up the DagBag from /home/airflow/.local/lib/python3.6/site-packages/airflow/example_dags/tutorial_etl_dag.py
[2021-09-21 01:22:16,146] {processor.py:623} INFO - DAG(s) dict_keys(['tutorial_etl_dag']) retrieved from /home/airflow/.local/lib/python3.6/site-packages/airflow/example_dags/tutorial_etl_dag.py
[2021-09-21 01:22:16,176] {logging_mixin.py:109} INFO - [2021-09-21 01:22:16,176] {dag.py:1834} INFO - Sync 1 DAGs
[2021-09-21 01:22:16,197] {logging_mixin.py:109} INFO - [2021-09-21 01:22:16,197] {dag.py:2287} INFO - Setting next_dagrun for tutorial_etl_dag to None
[2021-09-21 01:22:16,209] {processor.py:170} INFO - Processing /home/airflow/.local/lib/python3.6/site-packages/airflow/example_dags/tutorial_etl_dag.py took 0.093 seconds
[2021-09-21 01:22:46,582] {processor.py:162} INFO - Started process (PID=901) to work on /home/airflow/.local/lib/python3.6/site-packages/airflow/example_dags/tutorial_etl_dag.py
[2021-09-21 01:22:46,585] {processor.py:613} INFO - Processing file /home/airflow/.local/lib/python3.6/site-packages/airflow/example_dags/tutorial_etl_dag.py for tasks to queue
[2021-09-21 01:22:46,587] {logging_mixin.py:109} INFO - [2021-09-21 01:22:46,587] {dagbag.py:496} INFO - Filling up the DagBag from /home/airflow/.local/lib/python3.6/site-packages/airflow/example_dags/tutorial_etl_dag.py
[2021-09-21 01:22:46,603] {processor.py:623} INFO - DAG(s) dict_keys(['tutorial_etl_dag']) retrieved from /home/airflow/.local/lib/python3.6/site-packages/airflow/example_dags/tutorial_etl_dag.py
[2021-09-21 01:22:46,634] {logging_mixin.py:109} INFO - [2021-09-21 01:22:46,634] {dag.py:1834} INFO - Sync 1 DAGs
[2021-09-21 01:22:46,666] {logging_mixin.py:109} INFO - [2021-09-21 01:22:46,666] {dag.py:2287} INFO - Setting next_dagrun for tutorial_etl_dag to None
[2021-09-21 01:22:46,698] {processor.py:170} INFO - Processing /home/airflow/.local/lib/python3.6/site-packages/airflow/example_dags/tutorial_etl_dag.py took 0.120 seconds
[2021-09-21 01:23:22,027] {processor.py:162} INFO - Started process (PID=953) to work on /home/airflow/.local/lib/python3.6/site-packages/airflow/example_dags/tutorial_etl_dag.py
[2021-09-21 01:23:22,038] {processor.py:613} INFO - Processing file /home/airflow/.local/lib/python3.6/site-packages/airflow/example_dags/tutorial_etl_dag.py for tasks to queue
[2021-09-21 01:23:22,050] {logging_mixin.py:109} INFO - [2021-09-21 01:23:22,049] {dagbag.py:496} INFO - Filling up the DagBag from /home/airflow/.local/lib/python3.6/site-packages/airflow/example_dags/tutorial_etl_dag.py
[2021-09-21 01:23:22,119] {processor.py:623} INFO - DAG(s) dict_keys(['tutorial_etl_dag']) retrieved from /home/airflow/.local/lib/python3.6/site-packages/airflow/example_dags/tutorial_etl_dag.py
[2021-09-21 01:23:22,557] {logging_mixin.py:109} INFO - [2021-09-21 01:23:22,554] {dag.py:1834} INFO - Sync 1 DAGs
[2021-09-21 01:23:23,006] {logging_mixin.py:109} INFO - [2021-09-21 01:23:23,006] {dag.py:2287} INFO - Setting next_dagrun for tutorial_etl_dag to None
[2021-09-21 01:23:23,080] {processor.py:170} INFO - Processing /home/airflow/.local/lib/python3.6/site-packages/airflow/example_dags/tutorial_etl_dag.py took 1.081 seconds
[2021-09-21 01:23:53,586] {processor.py:162} INFO - Started process (PID=1007) to work on /home/airflow/.local/lib/python3.6/site-packages/airflow/example_dags/tutorial_etl_dag.py
[2021-09-21 01:23:53,589] {processor.py:613} INFO - Processing file /home/airflow/.local/lib/python3.6/site-packages/airflow/example_dags/tutorial_etl_dag.py for tasks to queue
[2021-09-21 01:23:53,592] {logging_mixin.py:109} INFO - [2021-09-21 01:23:53,592] {dagbag.py:496} INFO - Filling up the DagBag from /home/airflow/.local/lib/python3.6/site-packages/airflow/example_dags/tutorial_etl_dag.py
[2021-09-21 01:23:53,608] {processor.py:623} INFO - DAG(s) dict_keys(['tutorial_etl_dag']) retrieved from /home/airflow/.local/lib/python3.6/site-packages/airflow/example_dags/tutorial_etl_dag.py
[2021-09-21 01:23:53,635] {logging_mixin.py:109} INFO - [2021-09-21 01:23:53,635] {dag.py:1834} INFO - Sync 1 DAGs
[2021-09-21 01:23:53,650] {logging_mixin.py:109} INFO - [2021-09-21 01:23:53,650] {dag.py:2287} INFO - Setting next_dagrun for tutorial_etl_dag to None
[2021-09-21 01:23:53,663] {processor.py:170} INFO - Processing /home/airflow/.local/lib/python3.6/site-packages/airflow/example_dags/tutorial_etl_dag.py took 0.082 seconds
[2021-09-21 01:24:23,786] {processor.py:162} INFO - Started process (PID=1059) to work on /home/airflow/.local/lib/python3.6/site-packages/airflow/example_dags/tutorial_etl_dag.py
[2021-09-21 01:24:23,788] {processor.py:613} INFO - Processing file /home/airflow/.local/lib/python3.6/site-packages/airflow/example_dags/tutorial_etl_dag.py for tasks to queue
[2021-09-21 01:24:23,790] {logging_mixin.py:109} INFO - [2021-09-21 01:24:23,790] {dagbag.py:496} INFO - Filling up the DagBag from /home/airflow/.local/lib/python3.6/site-packages/airflow/example_dags/tutorial_etl_dag.py
[2021-09-21 01:24:23,806] {processor.py:623} INFO - DAG(s) dict_keys(['tutorial_etl_dag']) retrieved from /home/airflow/.local/lib/python3.6/site-packages/airflow/example_dags/tutorial_etl_dag.py
[2021-09-21 01:24:23,834] {logging_mixin.py:109} INFO - [2021-09-21 01:24:23,833] {dag.py:1834} INFO - Sync 1 DAGs
[2021-09-21 01:24:23,850] {logging_mixin.py:109} INFO - [2021-09-21 01:24:23,850] {dag.py:2287} INFO - Setting next_dagrun for tutorial_etl_dag to None
[2021-09-21 01:24:23,862] {processor.py:170} INFO - Processing /home/airflow/.local/lib/python3.6/site-packages/airflow/example_dags/tutorial_etl_dag.py took 0.082 seconds
[2021-09-21 01:24:54,410] {processor.py:162} INFO - Started process (PID=1111) to work on /home/airflow/.local/lib/python3.6/site-packages/airflow/example_dags/tutorial_etl_dag.py
[2021-09-21 01:24:54,414] {processor.py:613} INFO - Processing file /home/airflow/.local/lib/python3.6/site-packages/airflow/example_dags/tutorial_etl_dag.py for tasks to queue
[2021-09-21 01:24:54,419] {logging_mixin.py:109} INFO - [2021-09-21 01:24:54,419] {dagbag.py:496} INFO - Filling up the DagBag from /home/airflow/.local/lib/python3.6/site-packages/airflow/example_dags/tutorial_etl_dag.py
[2021-09-21 01:24:54,435] {processor.py:623} INFO - DAG(s) dict_keys(['tutorial_etl_dag']) retrieved from /home/airflow/.local/lib/python3.6/site-packages/airflow/example_dags/tutorial_etl_dag.py
[2021-09-21 01:24:54,468] {logging_mixin.py:109} INFO - [2021-09-21 01:24:54,468] {dag.py:1834} INFO - Sync 1 DAGs
[2021-09-21 01:24:54,494] {logging_mixin.py:109} INFO - [2021-09-21 01:24:54,494] {dag.py:2287} INFO - Setting next_dagrun for tutorial_etl_dag to None
[2021-09-21 01:24:54,509] {processor.py:170} INFO - Processing /home/airflow/.local/lib/python3.6/site-packages/airflow/example_dags/tutorial_etl_dag.py took 0.104 seconds
[2021-09-21 01:25:24,933] {processor.py:162} INFO - Started process (PID=1164) to work on /home/airflow/.local/lib/python3.6/site-packages/airflow/example_dags/tutorial_etl_dag.py
[2021-09-21 01:25:24,935] {processor.py:613} INFO - Processing file /home/airflow/.local/lib/python3.6/site-packages/airflow/example_dags/tutorial_etl_dag.py for tasks to queue
[2021-09-21 01:25:24,938] {logging_mixin.py:109} INFO - [2021-09-21 01:25:24,938] {dagbag.py:496} INFO - Filling up the DagBag from /home/airflow/.local/lib/python3.6/site-packages/airflow/example_dags/tutorial_etl_dag.py
[2021-09-21 01:25:24,967] {processor.py:623} INFO - DAG(s) dict_keys(['tutorial_etl_dag']) retrieved from /home/airflow/.local/lib/python3.6/site-packages/airflow/example_dags/tutorial_etl_dag.py
[2021-09-21 01:25:25,001] {logging_mixin.py:109} INFO - [2021-09-21 01:25:25,000] {dag.py:1834} INFO - Sync 1 DAGs
[2021-09-21 01:25:25,029] {logging_mixin.py:109} INFO - [2021-09-21 01:25:25,029] {dag.py:2287} INFO - Setting next_dagrun for tutorial_etl_dag to None
[2021-09-21 01:25:25,044] {processor.py:170} INFO - Processing /home/airflow/.local/lib/python3.6/site-packages/airflow/example_dags/tutorial_etl_dag.py took 0.115 seconds
[2021-09-21 01:25:55,863] {processor.py:162} INFO - Started process (PID=1228) to work on /home/airflow/.local/lib/python3.6/site-packages/airflow/example_dags/tutorial_etl_dag.py
[2021-09-21 01:25:55,865] {processor.py:613} INFO - Processing file /home/airflow/.local/lib/python3.6/site-packages/airflow/example_dags/tutorial_etl_dag.py for tasks to queue
[2021-09-21 01:25:55,867] {logging_mixin.py:109} INFO - [2021-09-21 01:25:55,867] {dagbag.py:496} INFO - Filling up the DagBag from /home/airflow/.local/lib/python3.6/site-packages/airflow/example_dags/tutorial_etl_dag.py
[2021-09-21 01:25:55,892] {processor.py:623} INFO - DAG(s) dict_keys(['tutorial_etl_dag']) retrieved from /home/airflow/.local/lib/python3.6/site-packages/airflow/example_dags/tutorial_etl_dag.py
[2021-09-21 01:25:55,931] {logging_mixin.py:109} INFO - [2021-09-21 01:25:55,931] {dag.py:1834} INFO - Sync 1 DAGs
[2021-09-21 01:25:55,963] {logging_mixin.py:109} INFO - [2021-09-21 01:25:55,962] {dag.py:2287} INFO - Setting next_dagrun for tutorial_etl_dag to None
[2021-09-21 01:25:55,976] {processor.py:170} INFO - Processing /home/airflow/.local/lib/python3.6/site-packages/airflow/example_dags/tutorial_etl_dag.py took 0.121 seconds
[2021-09-21 01:26:28,380] {processor.py:162} INFO - Started process (PID=1282) to work on /home/airflow/.local/lib/python3.6/site-packages/airflow/example_dags/tutorial_etl_dag.py
[2021-09-21 01:26:28,385] {processor.py:613} INFO - Processing file /home/airflow/.local/lib/python3.6/site-packages/airflow/example_dags/tutorial_etl_dag.py for tasks to queue
[2021-09-21 01:26:28,391] {logging_mixin.py:109} INFO - [2021-09-21 01:26:28,390] {dagbag.py:496} INFO - Filling up the DagBag from /home/airflow/.local/lib/python3.6/site-packages/airflow/example_dags/tutorial_etl_dag.py
[2021-09-21 01:26:28,441] {processor.py:623} INFO - DAG(s) dict_keys(['tutorial_etl_dag']) retrieved from /home/airflow/.local/lib/python3.6/site-packages/airflow/example_dags/tutorial_etl_dag.py
[2021-09-21 01:26:28,537] {logging_mixin.py:109} INFO - [2021-09-21 01:26:28,535] {dag.py:1834} INFO - Sync 1 DAGs
[2021-09-21 01:26:28,597] {logging_mixin.py:109} INFO - [2021-09-21 01:26:28,596] {dag.py:2287} INFO - Setting next_dagrun for tutorial_etl_dag to None
[2021-09-21 01:26:28,631] {processor.py:170} INFO - Processing /home/airflow/.local/lib/python3.6/site-packages/airflow/example_dags/tutorial_etl_dag.py took 0.260 seconds
[2021-09-21 01:26:59,295] {processor.py:162} INFO - Started process (PID=1336) to work on /home/airflow/.local/lib/python3.6/site-packages/airflow/example_dags/tutorial_etl_dag.py
[2021-09-21 01:26:59,297] {processor.py:613} INFO - Processing file /home/airflow/.local/lib/python3.6/site-packages/airflow/example_dags/tutorial_etl_dag.py for tasks to queue
[2021-09-21 01:26:59,299] {logging_mixin.py:109} INFO - [2021-09-21 01:26:59,299] {dagbag.py:496} INFO - Filling up the DagBag from /home/airflow/.local/lib/python3.6/site-packages/airflow/example_dags/tutorial_etl_dag.py
[2021-09-21 01:26:59,325] {processor.py:623} INFO - DAG(s) dict_keys(['tutorial_etl_dag']) retrieved from /home/airflow/.local/lib/python3.6/site-packages/airflow/example_dags/tutorial_etl_dag.py
[2021-09-21 01:26:59,362] {logging_mixin.py:109} INFO - [2021-09-21 01:26:59,362] {dag.py:1834} INFO - Sync 1 DAGs
[2021-09-21 01:26:59,389] {logging_mixin.py:109} INFO - [2021-09-21 01:26:59,389] {dag.py:2287} INFO - Setting next_dagrun for tutorial_etl_dag to None
[2021-09-21 01:26:59,410] {processor.py:170} INFO - Processing /home/airflow/.local/lib/python3.6/site-packages/airflow/example_dags/tutorial_etl_dag.py took 0.122 seconds
[2021-09-21 01:27:30,909] {processor.py:162} INFO - Started process (PID=1390) to work on /home/airflow/.local/lib/python3.6/site-packages/airflow/example_dags/tutorial_etl_dag.py
[2021-09-21 01:27:30,913] {processor.py:613} INFO - Processing file /home/airflow/.local/lib/python3.6/site-packages/airflow/example_dags/tutorial_etl_dag.py for tasks to queue
[2021-09-21 01:27:30,916] {logging_mixin.py:109} INFO - [2021-09-21 01:27:30,916] {dagbag.py:496} INFO - Filling up the DagBag from /home/airflow/.local/lib/python3.6/site-packages/airflow/example_dags/tutorial_etl_dag.py
[2021-09-21 01:27:30,945] {processor.py:623} INFO - DAG(s) dict_keys(['tutorial_etl_dag']) retrieved from /home/airflow/.local/lib/python3.6/site-packages/airflow/example_dags/tutorial_etl_dag.py
[2021-09-21 01:27:30,984] {logging_mixin.py:109} INFO - [2021-09-21 01:27:30,984] {dag.py:1834} INFO - Sync 1 DAGs
[2021-09-21 01:27:31,006] {logging_mixin.py:109} INFO - [2021-09-21 01:27:31,006] {dag.py:2287} INFO - Setting next_dagrun for tutorial_etl_dag to None
[2021-09-21 01:27:31,025] {processor.py:170} INFO - Processing /home/airflow/.local/lib/python3.6/site-packages/airflow/example_dags/tutorial_etl_dag.py took 0.129 seconds
[2021-09-21 01:28:01,315] {processor.py:162} INFO - Started process (PID=1442) to work on /home/airflow/.local/lib/python3.6/site-packages/airflow/example_dags/tutorial_etl_dag.py
[2021-09-21 01:28:01,317] {processor.py:613} INFO - Processing file /home/airflow/.local/lib/python3.6/site-packages/airflow/example_dags/tutorial_etl_dag.py for tasks to queue
[2021-09-21 01:28:01,318] {logging_mixin.py:109} INFO - [2021-09-21 01:28:01,318] {dagbag.py:496} INFO - Filling up the DagBag from /home/airflow/.local/lib/python3.6/site-packages/airflow/example_dags/tutorial_etl_dag.py
[2021-09-21 01:28:01,333] {processor.py:623} INFO - DAG(s) dict_keys(['tutorial_etl_dag']) retrieved from /home/airflow/.local/lib/python3.6/site-packages/airflow/example_dags/tutorial_etl_dag.py
[2021-09-21 01:28:01,358] {logging_mixin.py:109} INFO - [2021-09-21 01:28:01,357] {dag.py:1834} INFO - Sync 1 DAGs
[2021-09-21 01:28:01,380] {logging_mixin.py:109} INFO - [2021-09-21 01:28:01,380] {dag.py:2287} INFO - Setting next_dagrun for tutorial_etl_dag to None
[2021-09-21 01:28:01,402] {processor.py:170} INFO - Processing /home/airflow/.local/lib/python3.6/site-packages/airflow/example_dags/tutorial_etl_dag.py took 0.090 seconds
[2021-09-21 01:28:32,075] {processor.py:162} INFO - Started process (PID=1506) to work on /home/airflow/.local/lib/python3.6/site-packages/airflow/example_dags/tutorial_etl_dag.py
[2021-09-21 01:28:32,076] {processor.py:613} INFO - Processing file /home/airflow/.local/lib/python3.6/site-packages/airflow/example_dags/tutorial_etl_dag.py for tasks to queue
[2021-09-21 01:28:32,077] {logging_mixin.py:109} INFO - [2021-09-21 01:28:32,077] {dagbag.py:496} INFO - Filling up the DagBag from /home/airflow/.local/lib/python3.6/site-packages/airflow/example_dags/tutorial_etl_dag.py
[2021-09-21 01:28:32,090] {processor.py:623} INFO - DAG(s) dict_keys(['tutorial_etl_dag']) retrieved from /home/airflow/.local/lib/python3.6/site-packages/airflow/example_dags/tutorial_etl_dag.py
[2021-09-21 01:28:32,111] {logging_mixin.py:109} INFO - [2021-09-21 01:28:32,111] {dag.py:1834} INFO - Sync 1 DAGs
[2021-09-21 01:28:32,125] {logging_mixin.py:109} INFO - [2021-09-21 01:28:32,125] {dag.py:2287} INFO - Setting next_dagrun for tutorial_etl_dag to None
[2021-09-21 01:28:32,137] {processor.py:170} INFO - Processing /home/airflow/.local/lib/python3.6/site-packages/airflow/example_dags/tutorial_etl_dag.py took 0.066 seconds
[2021-09-21 01:29:02,750] {processor.py:162} INFO - Started process (PID=1569) to work on /home/airflow/.local/lib/python3.6/site-packages/airflow/example_dags/tutorial_etl_dag.py
[2021-09-21 01:29:02,752] {processor.py:613} INFO - Processing file /home/airflow/.local/lib/python3.6/site-packages/airflow/example_dags/tutorial_etl_dag.py for tasks to queue
[2021-09-21 01:29:02,754] {logging_mixin.py:109} INFO - [2021-09-21 01:29:02,754] {dagbag.py:496} INFO - Filling up the DagBag from /home/airflow/.local/lib/python3.6/site-packages/airflow/example_dags/tutorial_etl_dag.py
[2021-09-21 01:29:02,769] {processor.py:623} INFO - DAG(s) dict_keys(['tutorial_etl_dag']) retrieved from /home/airflow/.local/lib/python3.6/site-packages/airflow/example_dags/tutorial_etl_dag.py
[2021-09-21 01:29:02,794] {logging_mixin.py:109} INFO - [2021-09-21 01:29:02,794] {dag.py:1834} INFO - Sync 1 DAGs
[2021-09-21 01:29:02,813] {logging_mixin.py:109} INFO - [2021-09-21 01:29:02,813] {dag.py:2287} INFO - Setting next_dagrun for tutorial_etl_dag to None
[2021-09-21 01:29:02,826] {processor.py:170} INFO - Processing /home/airflow/.local/lib/python3.6/site-packages/airflow/example_dags/tutorial_etl_dag.py took 0.081 seconds
[2021-09-21 01:29:33,798] {processor.py:162} INFO - Started process (PID=1623) to work on /home/airflow/.local/lib/python3.6/site-packages/airflow/example_dags/tutorial_etl_dag.py
[2021-09-21 01:29:33,800] {processor.py:613} INFO - Processing file /home/airflow/.local/lib/python3.6/site-packages/airflow/example_dags/tutorial_etl_dag.py for tasks to queue
[2021-09-21 01:29:33,801] {logging_mixin.py:109} INFO - [2021-09-21 01:29:33,801] {dagbag.py:496} INFO - Filling up the DagBag from /home/airflow/.local/lib/python3.6/site-packages/airflow/example_dags/tutorial_etl_dag.py
[2021-09-21 01:29:33,816] {processor.py:623} INFO - DAG(s) dict_keys(['tutorial_etl_dag']) retrieved from /home/airflow/.local/lib/python3.6/site-packages/airflow/example_dags/tutorial_etl_dag.py
[2021-09-21 01:29:33,843] {logging_mixin.py:109} INFO - [2021-09-21 01:29:33,843] {dag.py:1834} INFO - Sync 1 DAGs
[2021-09-21 01:29:33,865] {logging_mixin.py:109} INFO - [2021-09-21 01:29:33,865] {dag.py:2287} INFO - Setting next_dagrun for tutorial_etl_dag to None
[2021-09-21 01:29:33,883] {processor.py:170} INFO - Processing /home/airflow/.local/lib/python3.6/site-packages/airflow/example_dags/tutorial_etl_dag.py took 0.088 seconds
[2021-09-21 01:30:04,088] {processor.py:162} INFO - Started process (PID=1687) to work on /home/airflow/.local/lib/python3.6/site-packages/airflow/example_dags/tutorial_etl_dag.py
[2021-09-21 01:30:04,092] {processor.py:613} INFO - Processing file /home/airflow/.local/lib/python3.6/site-packages/airflow/example_dags/tutorial_etl_dag.py for tasks to queue
[2021-09-21 01:30:04,094] {logging_mixin.py:109} INFO - [2021-09-21 01:30:04,094] {dagbag.py:496} INFO - Filling up the DagBag from /home/airflow/.local/lib/python3.6/site-packages/airflow/example_dags/tutorial_etl_dag.py
[2021-09-21 01:30:04,115] {processor.py:623} INFO - DAG(s) dict_keys(['tutorial_etl_dag']) retrieved from /home/airflow/.local/lib/python3.6/site-packages/airflow/example_dags/tutorial_etl_dag.py
[2021-09-21 01:30:04,149] {logging_mixin.py:109} INFO - [2021-09-21 01:30:04,149] {dag.py:1834} INFO - Sync 1 DAGs
[2021-09-21 01:30:04,169] {logging_mixin.py:109} INFO - [2021-09-21 01:30:04,169] {dag.py:2287} INFO - Setting next_dagrun for tutorial_etl_dag to None
[2021-09-21 01:30:04,185] {processor.py:170} INFO - Processing /home/airflow/.local/lib/python3.6/site-packages/airflow/example_dags/tutorial_etl_dag.py took 0.102 seconds
[2021-09-21 01:30:34,804] {processor.py:162} INFO - Started process (PID=1739) to work on /home/airflow/.local/lib/python3.6/site-packages/airflow/example_dags/tutorial_etl_dag.py
[2021-09-21 01:30:34,806] {processor.py:613} INFO - Processing file /home/airflow/.local/lib/python3.6/site-packages/airflow/example_dags/tutorial_etl_dag.py for tasks to queue
[2021-09-21 01:30:34,808] {logging_mixin.py:109} INFO - [2021-09-21 01:30:34,808] {dagbag.py:496} INFO - Filling up the DagBag from /home/airflow/.local/lib/python3.6/site-packages/airflow/example_dags/tutorial_etl_dag.py
[2021-09-21 01:30:34,822] {processor.py:623} INFO - DAG(s) dict_keys(['tutorial_etl_dag']) retrieved from /home/airflow/.local/lib/python3.6/site-packages/airflow/example_dags/tutorial_etl_dag.py
[2021-09-21 01:30:34,845] {logging_mixin.py:109} INFO - [2021-09-21 01:30:34,845] {dag.py:1834} INFO - Sync 1 DAGs
[2021-09-21 01:30:34,860] {logging_mixin.py:109} INFO - [2021-09-21 01:30:34,860] {dag.py:2287} INFO - Setting next_dagrun for tutorial_etl_dag to None
[2021-09-21 01:30:34,870] {processor.py:170} INFO - Processing /home/airflow/.local/lib/python3.6/site-packages/airflow/example_dags/tutorial_etl_dag.py took 0.070 seconds
[2021-09-21 01:31:04,936] {processor.py:162} INFO - Started process (PID=1802) to work on /home/airflow/.local/lib/python3.6/site-packages/airflow/example_dags/tutorial_etl_dag.py
[2021-09-21 01:31:04,938] {processor.py:613} INFO - Processing file /home/airflow/.local/lib/python3.6/site-packages/airflow/example_dags/tutorial_etl_dag.py for tasks to queue
[2021-09-21 01:31:04,943] {logging_mixin.py:109} INFO - [2021-09-21 01:31:04,943] {dagbag.py:496} INFO - Filling up the DagBag from /home/airflow/.local/lib/python3.6/site-packages/airflow/example_dags/tutorial_etl_dag.py
[2021-09-21 01:31:04,957] {processor.py:623} INFO - DAG(s) dict_keys(['tutorial_etl_dag']) retrieved from /home/airflow/.local/lib/python3.6/site-packages/airflow/example_dags/tutorial_etl_dag.py
[2021-09-21 01:31:04,980] {logging_mixin.py:109} INFO - [2021-09-21 01:31:04,980] {dag.py:1834} INFO - Sync 1 DAGs
[2021-09-21 01:31:04,995] {logging_mixin.py:109} INFO - [2021-09-21 01:31:04,995] {dag.py:2287} INFO - Setting next_dagrun for tutorial_etl_dag to None
[2021-09-21 01:31:05,006] {processor.py:170} INFO - Processing /home/airflow/.local/lib/python3.6/site-packages/airflow/example_dags/tutorial_etl_dag.py took 0.073 seconds
[2021-09-21 01:31:36,584] {processor.py:162} INFO - Started process (PID=1866) to work on /home/airflow/.local/lib/python3.6/site-packages/airflow/example_dags/tutorial_etl_dag.py
[2021-09-21 01:31:36,587] {processor.py:613} INFO - Processing file /home/airflow/.local/lib/python3.6/site-packages/airflow/example_dags/tutorial_etl_dag.py for tasks to queue
[2021-09-21 01:31:36,592] {logging_mixin.py:109} INFO - [2021-09-21 01:31:36,592] {dagbag.py:496} INFO - Filling up the DagBag from /home/airflow/.local/lib/python3.6/site-packages/airflow/example_dags/tutorial_etl_dag.py
[2021-09-21 01:31:36,612] {processor.py:623} INFO - DAG(s) dict_keys(['tutorial_etl_dag']) retrieved from /home/airflow/.local/lib/python3.6/site-packages/airflow/example_dags/tutorial_etl_dag.py
[2021-09-21 01:31:36,643] {logging_mixin.py:109} INFO - [2021-09-21 01:31:36,643] {dag.py:1834} INFO - Sync 1 DAGs
[2021-09-21 01:31:36,669] {logging_mixin.py:109} INFO - [2021-09-21 01:31:36,668] {dag.py:2287} INFO - Setting next_dagrun for tutorial_etl_dag to None
[2021-09-21 01:31:36,690] {processor.py:170} INFO - Processing /home/airflow/.local/lib/python3.6/site-packages/airflow/example_dags/tutorial_etl_dag.py took 0.110 seconds
[2021-09-21 01:32:07,267] {processor.py:162} INFO - Started process (PID=1919) to work on /home/airflow/.local/lib/python3.6/site-packages/airflow/example_dags/tutorial_etl_dag.py
[2021-09-21 01:32:07,269] {processor.py:613} INFO - Processing file /home/airflow/.local/lib/python3.6/site-packages/airflow/example_dags/tutorial_etl_dag.py for tasks to queue
[2021-09-21 01:32:07,272] {logging_mixin.py:109} INFO - [2021-09-21 01:32:07,271] {dagbag.py:496} INFO - Filling up the DagBag from /home/airflow/.local/lib/python3.6/site-packages/airflow/example_dags/tutorial_etl_dag.py
[2021-09-21 01:32:07,288] {processor.py:623} INFO - DAG(s) dict_keys(['tutorial_etl_dag']) retrieved from /home/airflow/.local/lib/python3.6/site-packages/airflow/example_dags/tutorial_etl_dag.py
[2021-09-21 01:32:07,320] {logging_mixin.py:109} INFO - [2021-09-21 01:32:07,320] {dag.py:1834} INFO - Sync 1 DAGs
[2021-09-21 01:32:07,337] {logging_mixin.py:109} INFO - [2021-09-21 01:32:07,337] {dag.py:2287} INFO - Setting next_dagrun for tutorial_etl_dag to None
[2021-09-21 01:32:07,349] {processor.py:170} INFO - Processing /home/airflow/.local/lib/python3.6/site-packages/airflow/example_dags/tutorial_etl_dag.py took 0.086 seconds
[2021-09-21 01:32:37,849] {processor.py:162} INFO - Started process (PID=1981) to work on /home/airflow/.local/lib/python3.6/site-packages/airflow/example_dags/tutorial_etl_dag.py
[2021-09-21 01:32:37,851] {processor.py:613} INFO - Processing file /home/airflow/.local/lib/python3.6/site-packages/airflow/example_dags/tutorial_etl_dag.py for tasks to queue
[2021-09-21 01:32:37,853] {logging_mixin.py:109} INFO - [2021-09-21 01:32:37,853] {dagbag.py:496} INFO - Filling up the DagBag from /home/airflow/.local/lib/python3.6/site-packages/airflow/example_dags/tutorial_etl_dag.py
[2021-09-21 01:32:37,868] {processor.py:623} INFO - DAG(s) dict_keys(['tutorial_etl_dag']) retrieved from /home/airflow/.local/lib/python3.6/site-packages/airflow/example_dags/tutorial_etl_dag.py
[2021-09-21 01:32:37,891] {logging_mixin.py:109} INFO - [2021-09-21 01:32:37,891] {dag.py:1834} INFO - Sync 1 DAGs
[2021-09-21 01:32:37,909] {logging_mixin.py:109} INFO - [2021-09-21 01:32:37,909] {dag.py:2287} INFO - Setting next_dagrun for tutorial_etl_dag to None
[2021-09-21 01:32:37,923] {processor.py:170} INFO - Processing /home/airflow/.local/lib/python3.6/site-packages/airflow/example_dags/tutorial_etl_dag.py took 0.077 seconds
[2021-09-21 01:33:08,605] {processor.py:162} INFO - Started process (PID=2036) to work on /home/airflow/.local/lib/python3.6/site-packages/airflow/example_dags/tutorial_etl_dag.py
[2021-09-21 01:33:08,608] {processor.py:613} INFO - Processing file /home/airflow/.local/lib/python3.6/site-packages/airflow/example_dags/tutorial_etl_dag.py for tasks to queue
[2021-09-21 01:33:08,609] {logging_mixin.py:109} INFO - [2021-09-21 01:33:08,609] {dagbag.py:496} INFO - Filling up the DagBag from /home/airflow/.local/lib/python3.6/site-packages/airflow/example_dags/tutorial_etl_dag.py
[2021-09-21 01:33:08,624] {processor.py:623} INFO - DAG(s) dict_keys(['tutorial_etl_dag']) retrieved from /home/airflow/.local/lib/python3.6/site-packages/airflow/example_dags/tutorial_etl_dag.py
[2021-09-21 01:33:08,649] {logging_mixin.py:109} INFO - [2021-09-21 01:33:08,648] {dag.py:1834} INFO - Sync 1 DAGs
[2021-09-21 01:33:08,663] {logging_mixin.py:109} INFO - [2021-09-21 01:33:08,663] {dag.py:2287} INFO - Setting next_dagrun for tutorial_etl_dag to None
[2021-09-21 01:33:08,674] {processor.py:170} INFO - Processing /home/airflow/.local/lib/python3.6/site-packages/airflow/example_dags/tutorial_etl_dag.py took 0.072 seconds
[2021-09-21 01:33:39,381] {processor.py:162} INFO - Started process (PID=2099) to work on /home/airflow/.local/lib/python3.6/site-packages/airflow/example_dags/tutorial_etl_dag.py
[2021-09-21 01:33:39,384] {processor.py:613} INFO - Processing file /home/airflow/.local/lib/python3.6/site-packages/airflow/example_dags/tutorial_etl_dag.py for tasks to queue
[2021-09-21 01:33:39,386] {logging_mixin.py:109} INFO - [2021-09-21 01:33:39,385] {dagbag.py:496} INFO - Filling up the DagBag from /home/airflow/.local/lib/python3.6/site-packages/airflow/example_dags/tutorial_etl_dag.py
[2021-09-21 01:33:39,401] {processor.py:623} INFO - DAG(s) dict_keys(['tutorial_etl_dag']) retrieved from /home/airflow/.local/lib/python3.6/site-packages/airflow/example_dags/tutorial_etl_dag.py
[2021-09-21 01:33:39,425] {logging_mixin.py:109} INFO - [2021-09-21 01:33:39,425] {dag.py:1834} INFO - Sync 1 DAGs
[2021-09-21 01:33:39,441] {logging_mixin.py:109} INFO - [2021-09-21 01:33:39,441] {dag.py:2287} INFO - Setting next_dagrun for tutorial_etl_dag to None
[2021-09-21 01:33:39,453] {processor.py:170} INFO - Processing /home/airflow/.local/lib/python3.6/site-packages/airflow/example_dags/tutorial_etl_dag.py took 0.076 seconds
[2021-09-21 01:34:10,083] {processor.py:162} INFO - Started process (PID=2163) to work on /home/airflow/.local/lib/python3.6/site-packages/airflow/example_dags/tutorial_etl_dag.py
[2021-09-21 01:34:10,085] {processor.py:613} INFO - Processing file /home/airflow/.local/lib/python3.6/site-packages/airflow/example_dags/tutorial_etl_dag.py for tasks to queue
[2021-09-21 01:34:10,086] {logging_mixin.py:109} INFO - [2021-09-21 01:34:10,086] {dagbag.py:496} INFO - Filling up the DagBag from /home/airflow/.local/lib/python3.6/site-packages/airflow/example_dags/tutorial_etl_dag.py
[2021-09-21 01:34:10,099] {processor.py:623} INFO - DAG(s) dict_keys(['tutorial_etl_dag']) retrieved from /home/airflow/.local/lib/python3.6/site-packages/airflow/example_dags/tutorial_etl_dag.py
[2021-09-21 01:34:10,123] {logging_mixin.py:109} INFO - [2021-09-21 01:34:10,123] {dag.py:1834} INFO - Sync 1 DAGs
[2021-09-21 01:34:10,136] {logging_mixin.py:109} INFO - [2021-09-21 01:34:10,136] {dag.py:2287} INFO - Setting next_dagrun for tutorial_etl_dag to None
[2021-09-21 01:34:10,145] {processor.py:170} INFO - Processing /home/airflow/.local/lib/python3.6/site-packages/airflow/example_dags/tutorial_etl_dag.py took 0.066 seconds
[2021-09-21 01:34:40,865] {processor.py:162} INFO - Started process (PID=2216) to work on /home/airflow/.local/lib/python3.6/site-packages/airflow/example_dags/tutorial_etl_dag.py
[2021-09-21 01:34:40,869] {processor.py:613} INFO - Processing file /home/airflow/.local/lib/python3.6/site-packages/airflow/example_dags/tutorial_etl_dag.py for tasks to queue
[2021-09-21 01:34:40,872] {logging_mixin.py:109} INFO - [2021-09-21 01:34:40,872] {dagbag.py:496} INFO - Filling up the DagBag from /home/airflow/.local/lib/python3.6/site-packages/airflow/example_dags/tutorial_etl_dag.py
[2021-09-21 01:34:40,887] {processor.py:623} INFO - DAG(s) dict_keys(['tutorial_etl_dag']) retrieved from /home/airflow/.local/lib/python3.6/site-packages/airflow/example_dags/tutorial_etl_dag.py
[2021-09-21 01:34:40,912] {logging_mixin.py:109} INFO - [2021-09-21 01:34:40,912] {dag.py:1834} INFO - Sync 1 DAGs
[2021-09-21 01:34:40,927] {logging_mixin.py:109} INFO - [2021-09-21 01:34:40,927] {dag.py:2287} INFO - Setting next_dagrun for tutorial_etl_dag to None
[2021-09-21 01:34:40,948] {processor.py:170} INFO - Processing /home/airflow/.local/lib/python3.6/site-packages/airflow/example_dags/tutorial_etl_dag.py took 0.088 seconds
[2021-09-21 01:35:11,304] {processor.py:162} INFO - Started process (PID=2278) to work on /home/airflow/.local/lib/python3.6/site-packages/airflow/example_dags/tutorial_etl_dag.py
[2021-09-21 01:35:11,307] {processor.py:613} INFO - Processing file /home/airflow/.local/lib/python3.6/site-packages/airflow/example_dags/tutorial_etl_dag.py for tasks to queue
[2021-09-21 01:35:11,309] {logging_mixin.py:109} INFO - [2021-09-21 01:35:11,309] {dagbag.py:496} INFO - Filling up the DagBag from /home/airflow/.local/lib/python3.6/site-packages/airflow/example_dags/tutorial_etl_dag.py
[2021-09-21 01:35:11,332] {processor.py:623} INFO - DAG(s) dict_keys(['tutorial_etl_dag']) retrieved from /home/airflow/.local/lib/python3.6/site-packages/airflow/example_dags/tutorial_etl_dag.py
[2021-09-21 01:35:11,362] {logging_mixin.py:109} INFO - [2021-09-21 01:35:11,361] {dag.py:1834} INFO - Sync 1 DAGs
[2021-09-21 01:35:11,379] {logging_mixin.py:109} INFO - [2021-09-21 01:35:11,379] {dag.py:2287} INFO - Setting next_dagrun for tutorial_etl_dag to None
[2021-09-21 01:35:11,393] {processor.py:170} INFO - Processing /home/airflow/.local/lib/python3.6/site-packages/airflow/example_dags/tutorial_etl_dag.py took 0.095 seconds
[2021-09-21 01:35:41,733] {processor.py:162} INFO - Started process (PID=2333) to work on /home/airflow/.local/lib/python3.6/site-packages/airflow/example_dags/tutorial_etl_dag.py
[2021-09-21 01:35:41,735] {processor.py:613} INFO - Processing file /home/airflow/.local/lib/python3.6/site-packages/airflow/example_dags/tutorial_etl_dag.py for tasks to queue
[2021-09-21 01:35:41,736] {logging_mixin.py:109} INFO - [2021-09-21 01:35:41,736] {dagbag.py:496} INFO - Filling up the DagBag from /home/airflow/.local/lib/python3.6/site-packages/airflow/example_dags/tutorial_etl_dag.py
[2021-09-21 01:35:41,750] {processor.py:623} INFO - DAG(s) dict_keys(['tutorial_etl_dag']) retrieved from /home/airflow/.local/lib/python3.6/site-packages/airflow/example_dags/tutorial_etl_dag.py
[2021-09-21 01:35:41,775] {logging_mixin.py:109} INFO - [2021-09-21 01:35:41,775] {dag.py:1834} INFO - Sync 1 DAGs
[2021-09-21 01:35:41,789] {logging_mixin.py:109} INFO - [2021-09-21 01:35:41,789] {dag.py:2287} INFO - Setting next_dagrun for tutorial_etl_dag to None
[2021-09-21 01:35:41,800] {processor.py:170} INFO - Processing /home/airflow/.local/lib/python3.6/site-packages/airflow/example_dags/tutorial_etl_dag.py took 0.071 seconds
[2021-09-21 01:36:12,607] {processor.py:162} INFO - Started process (PID=2397) to work on /home/airflow/.local/lib/python3.6/site-packages/airflow/example_dags/tutorial_etl_dag.py
[2021-09-21 01:36:12,609] {processor.py:613} INFO - Processing file /home/airflow/.local/lib/python3.6/site-packages/airflow/example_dags/tutorial_etl_dag.py for tasks to queue
[2021-09-21 01:36:12,610] {logging_mixin.py:109} INFO - [2021-09-21 01:36:12,610] {dagbag.py:496} INFO - Filling up the DagBag from /home/airflow/.local/lib/python3.6/site-packages/airflow/example_dags/tutorial_etl_dag.py
[2021-09-21 01:36:12,624] {processor.py:623} INFO - DAG(s) dict_keys(['tutorial_etl_dag']) retrieved from /home/airflow/.local/lib/python3.6/site-packages/airflow/example_dags/tutorial_etl_dag.py
[2021-09-21 01:36:12,648] {logging_mixin.py:109} INFO - [2021-09-21 01:36:12,647] {dag.py:1834} INFO - Sync 1 DAGs
[2021-09-21 01:36:12,662] {logging_mixin.py:109} INFO - [2021-09-21 01:36:12,662] {dag.py:2287} INFO - Setting next_dagrun for tutorial_etl_dag to None
[2021-09-21 01:36:12,674] {processor.py:170} INFO - Processing /home/airflow/.local/lib/python3.6/site-packages/airflow/example_dags/tutorial_etl_dag.py took 0.071 seconds
[2021-09-21 01:36:46,123] {processor.py:162} INFO - Started process (PID=2465) to work on /home/airflow/.local/lib/python3.6/site-packages/airflow/example_dags/tutorial_etl_dag.py
[2021-09-21 01:36:46,132] {processor.py:613} INFO - Processing file /home/airflow/.local/lib/python3.6/site-packages/airflow/example_dags/tutorial_etl_dag.py for tasks to queue
[2021-09-21 01:36:46,136] {logging_mixin.py:109} INFO - [2021-09-21 01:36:46,135] {dagbag.py:496} INFO - Filling up the DagBag from /home/airflow/.local/lib/python3.6/site-packages/airflow/example_dags/tutorial_etl_dag.py
[2021-09-21 01:36:46,180] {processor.py:623} INFO - DAG(s) dict_keys(['tutorial_etl_dag']) retrieved from /home/airflow/.local/lib/python3.6/site-packages/airflow/example_dags/tutorial_etl_dag.py
[2021-09-21 01:36:46,325] {logging_mixin.py:109} INFO - [2021-09-21 01:36:46,324] {dag.py:1834} INFO - Sync 1 DAGs
[2021-09-21 01:36:46,394] {logging_mixin.py:109} INFO - [2021-09-21 01:36:46,394] {dag.py:2287} INFO - Setting next_dagrun for tutorial_etl_dag to None
[2021-09-21 01:36:46,456] {processor.py:170} INFO - Processing /home/airflow/.local/lib/python3.6/site-packages/airflow/example_dags/tutorial_etl_dag.py took 0.349 seconds
[2021-09-21 01:37:16,682] {processor.py:162} INFO - Started process (PID=2518) to work on /home/airflow/.local/lib/python3.6/site-packages/airflow/example_dags/tutorial_etl_dag.py
[2021-09-21 01:37:16,685] {processor.py:613} INFO - Processing file /home/airflow/.local/lib/python3.6/site-packages/airflow/example_dags/tutorial_etl_dag.py for tasks to queue
[2021-09-21 01:37:16,686] {logging_mixin.py:109} INFO - [2021-09-21 01:37:16,686] {dagbag.py:496} INFO - Filling up the DagBag from /home/airflow/.local/lib/python3.6/site-packages/airflow/example_dags/tutorial_etl_dag.py
[2021-09-21 01:37:16,704] {processor.py:623} INFO - DAG(s) dict_keys(['tutorial_etl_dag']) retrieved from /home/airflow/.local/lib/python3.6/site-packages/airflow/example_dags/tutorial_etl_dag.py
[2021-09-21 01:37:16,752] {logging_mixin.py:109} INFO - [2021-09-21 01:37:16,752] {dag.py:1834} INFO - Sync 1 DAGs
[2021-09-21 01:37:16,771] {logging_mixin.py:109} INFO - [2021-09-21 01:37:16,771] {dag.py:2287} INFO - Setting next_dagrun for tutorial_etl_dag to None
[2021-09-21 01:37:16,784] {processor.py:170} INFO - Processing /home/airflow/.local/lib/python3.6/site-packages/airflow/example_dags/tutorial_etl_dag.py took 0.107 seconds
[2021-09-21 01:37:47,581] {processor.py:162} INFO - Started process (PID=2572) to work on /home/airflow/.local/lib/python3.6/site-packages/airflow/example_dags/tutorial_etl_dag.py
[2021-09-21 01:37:47,582] {processor.py:613} INFO - Processing file /home/airflow/.local/lib/python3.6/site-packages/airflow/example_dags/tutorial_etl_dag.py for tasks to queue
[2021-09-21 01:37:47,584] {logging_mixin.py:109} INFO - [2021-09-21 01:37:47,584] {dagbag.py:496} INFO - Filling up the DagBag from /home/airflow/.local/lib/python3.6/site-packages/airflow/example_dags/tutorial_etl_dag.py
[2021-09-21 01:37:47,598] {processor.py:623} INFO - DAG(s) dict_keys(['tutorial_etl_dag']) retrieved from /home/airflow/.local/lib/python3.6/site-packages/airflow/example_dags/tutorial_etl_dag.py
[2021-09-21 01:37:47,622] {logging_mixin.py:109} INFO - [2021-09-21 01:37:47,622] {dag.py:1834} INFO - Sync 1 DAGs
[2021-09-21 01:37:47,639] {logging_mixin.py:109} INFO - [2021-09-21 01:37:47,638] {dag.py:2287} INFO - Setting next_dagrun for tutorial_etl_dag to None
[2021-09-21 01:37:47,652] {processor.py:170} INFO - Processing /home/airflow/.local/lib/python3.6/site-packages/airflow/example_dags/tutorial_etl_dag.py took 0.075 seconds
[2021-09-21 01:38:18,491] {processor.py:162} INFO - Started process (PID=2637) to work on /home/airflow/.local/lib/python3.6/site-packages/airflow/example_dags/tutorial_etl_dag.py
[2021-09-21 01:38:18,495] {processor.py:613} INFO - Processing file /home/airflow/.local/lib/python3.6/site-packages/airflow/example_dags/tutorial_etl_dag.py for tasks to queue
[2021-09-21 01:38:18,497] {logging_mixin.py:109} INFO - [2021-09-21 01:38:18,497] {dagbag.py:496} INFO - Filling up the DagBag from /home/airflow/.local/lib/python3.6/site-packages/airflow/example_dags/tutorial_etl_dag.py
[2021-09-21 01:38:18,524] {processor.py:623} INFO - DAG(s) dict_keys(['tutorial_etl_dag']) retrieved from /home/airflow/.local/lib/python3.6/site-packages/airflow/example_dags/tutorial_etl_dag.py
[2021-09-21 01:38:18,567] {logging_mixin.py:109} INFO - [2021-09-21 01:38:18,567] {dag.py:1834} INFO - Sync 1 DAGs
[2021-09-21 01:38:18,605] {logging_mixin.py:109} INFO - [2021-09-21 01:38:18,605] {dag.py:2287} INFO - Setting next_dagrun for tutorial_etl_dag to None
[2021-09-21 01:38:18,656] {processor.py:170} INFO - Processing /home/airflow/.local/lib/python3.6/site-packages/airflow/example_dags/tutorial_etl_dag.py took 0.174 seconds
[2021-09-21 01:38:49,046] {processor.py:162} INFO - Started process (PID=2689) to work on /home/airflow/.local/lib/python3.6/site-packages/airflow/example_dags/tutorial_etl_dag.py
[2021-09-21 01:38:49,048] {processor.py:613} INFO - Processing file /home/airflow/.local/lib/python3.6/site-packages/airflow/example_dags/tutorial_etl_dag.py for tasks to queue
[2021-09-21 01:38:49,050] {logging_mixin.py:109} INFO - [2021-09-21 01:38:49,050] {dagbag.py:496} INFO - Filling up the DagBag from /home/airflow/.local/lib/python3.6/site-packages/airflow/example_dags/tutorial_etl_dag.py
[2021-09-21 01:38:49,066] {processor.py:623} INFO - DAG(s) dict_keys(['tutorial_etl_dag']) retrieved from /home/airflow/.local/lib/python3.6/site-packages/airflow/example_dags/tutorial_etl_dag.py
[2021-09-21 01:38:49,096] {logging_mixin.py:109} INFO - [2021-09-21 01:38:49,096] {dag.py:1834} INFO - Sync 1 DAGs
[2021-09-21 01:38:49,115] {logging_mixin.py:109} INFO - [2021-09-21 01:38:49,115] {dag.py:2287} INFO - Setting next_dagrun for tutorial_etl_dag to None
[2021-09-21 01:38:49,128] {processor.py:170} INFO - Processing /home/airflow/.local/lib/python3.6/site-packages/airflow/example_dags/tutorial_etl_dag.py took 0.087 seconds
[2021-09-21 01:39:19,163] {processor.py:162} INFO - Started process (PID=2752) to work on /home/airflow/.local/lib/python3.6/site-packages/airflow/example_dags/tutorial_etl_dag.py
[2021-09-21 01:39:19,166] {processor.py:613} INFO - Processing file /home/airflow/.local/lib/python3.6/site-packages/airflow/example_dags/tutorial_etl_dag.py for tasks to queue
[2021-09-21 01:39:19,167] {logging_mixin.py:109} INFO - [2021-09-21 01:39:19,167] {dagbag.py:496} INFO - Filling up the DagBag from /home/airflow/.local/lib/python3.6/site-packages/airflow/example_dags/tutorial_etl_dag.py
[2021-09-21 01:39:19,180] {processor.py:623} INFO - DAG(s) dict_keys(['tutorial_etl_dag']) retrieved from /home/airflow/.local/lib/python3.6/site-packages/airflow/example_dags/tutorial_etl_dag.py
[2021-09-21 01:39:19,203] {logging_mixin.py:109} INFO - [2021-09-21 01:39:19,203] {dag.py:1834} INFO - Sync 1 DAGs
[2021-09-21 01:39:19,218] {logging_mixin.py:109} INFO - [2021-09-21 01:39:19,218] {dag.py:2287} INFO - Setting next_dagrun for tutorial_etl_dag to None
[2021-09-21 01:39:19,229] {processor.py:170} INFO - Processing /home/airflow/.local/lib/python3.6/site-packages/airflow/example_dags/tutorial_etl_dag.py took 0.070 seconds
[2021-09-21 01:39:49,357] {processor.py:162} INFO - Started process (PID=2804) to work on /home/airflow/.local/lib/python3.6/site-packages/airflow/example_dags/tutorial_etl_dag.py
[2021-09-21 01:39:49,359] {processor.py:613} INFO - Processing file /home/airflow/.local/lib/python3.6/site-packages/airflow/example_dags/tutorial_etl_dag.py for tasks to queue
[2021-09-21 01:39:49,361] {logging_mixin.py:109} INFO - [2021-09-21 01:39:49,360] {dagbag.py:496} INFO - Filling up the DagBag from /home/airflow/.local/lib/python3.6/site-packages/airflow/example_dags/tutorial_etl_dag.py
[2021-09-21 01:39:49,377] {processor.py:623} INFO - DAG(s) dict_keys(['tutorial_etl_dag']) retrieved from /home/airflow/.local/lib/python3.6/site-packages/airflow/example_dags/tutorial_etl_dag.py
[2021-09-21 01:39:49,403] {logging_mixin.py:109} INFO - [2021-09-21 01:39:49,403] {dag.py:1834} INFO - Sync 1 DAGs
[2021-09-21 01:39:49,420] {logging_mixin.py:109} INFO - [2021-09-21 01:39:49,420] {dag.py:2287} INFO - Setting next_dagrun for tutorial_etl_dag to None
[2021-09-21 01:39:49,431] {processor.py:170} INFO - Processing /home/airflow/.local/lib/python3.6/site-packages/airflow/example_dags/tutorial_etl_dag.py took 0.078 seconds
[2021-09-21 01:40:20,324] {processor.py:162} INFO - Started process (PID=2867) to work on /home/airflow/.local/lib/python3.6/site-packages/airflow/example_dags/tutorial_etl_dag.py
[2021-09-21 01:40:20,326] {processor.py:613} INFO - Processing file /home/airflow/.local/lib/python3.6/site-packages/airflow/example_dags/tutorial_etl_dag.py for tasks to queue
[2021-09-21 01:40:20,328] {logging_mixin.py:109} INFO - [2021-09-21 01:40:20,328] {dagbag.py:496} INFO - Filling up the DagBag from /home/airflow/.local/lib/python3.6/site-packages/airflow/example_dags/tutorial_etl_dag.py
[2021-09-21 01:40:20,342] {processor.py:623} INFO - DAG(s) dict_keys(['tutorial_etl_dag']) retrieved from /home/airflow/.local/lib/python3.6/site-packages/airflow/example_dags/tutorial_etl_dag.py
[2021-09-21 01:40:20,365] {logging_mixin.py:109} INFO - [2021-09-21 01:40:20,365] {dag.py:1834} INFO - Sync 1 DAGs
[2021-09-21 01:40:20,379] {logging_mixin.py:109} INFO - [2021-09-21 01:40:20,379] {dag.py:2287} INFO - Setting next_dagrun for tutorial_etl_dag to None
[2021-09-21 01:40:20,388] {processor.py:170} INFO - Processing /home/airflow/.local/lib/python3.6/site-packages/airflow/example_dags/tutorial_etl_dag.py took 0.068 seconds
[2021-09-21 01:40:51,007] {processor.py:162} INFO - Started process (PID=2930) to work on /home/airflow/.local/lib/python3.6/site-packages/airflow/example_dags/tutorial_etl_dag.py
[2021-09-21 01:40:51,009] {processor.py:613} INFO - Processing file /home/airflow/.local/lib/python3.6/site-packages/airflow/example_dags/tutorial_etl_dag.py for tasks to queue
[2021-09-21 01:40:51,012] {logging_mixin.py:109} INFO - [2021-09-21 01:40:51,011] {dagbag.py:496} INFO - Filling up the DagBag from /home/airflow/.local/lib/python3.6/site-packages/airflow/example_dags/tutorial_etl_dag.py
[2021-09-21 01:40:51,027] {processor.py:623} INFO - DAG(s) dict_keys(['tutorial_etl_dag']) retrieved from /home/airflow/.local/lib/python3.6/site-packages/airflow/example_dags/tutorial_etl_dag.py
[2021-09-21 01:40:51,054] {logging_mixin.py:109} INFO - [2021-09-21 01:40:51,054] {dag.py:1834} INFO - Sync 1 DAGs
[2021-09-21 01:40:51,069] {logging_mixin.py:109} INFO - [2021-09-21 01:40:51,069] {dag.py:2287} INFO - Setting next_dagrun for tutorial_etl_dag to None
[2021-09-21 01:40:51,079] {processor.py:170} INFO - Processing /home/airflow/.local/lib/python3.6/site-packages/airflow/example_dags/tutorial_etl_dag.py took 0.075 seconds
[2021-09-21 01:41:21,900] {processor.py:162} INFO - Started process (PID=2983) to work on /home/airflow/.local/lib/python3.6/site-packages/airflow/example_dags/tutorial_etl_dag.py
[2021-09-21 01:41:21,902] {processor.py:613} INFO - Processing file /home/airflow/.local/lib/python3.6/site-packages/airflow/example_dags/tutorial_etl_dag.py for tasks to queue
[2021-09-21 01:41:21,903] {logging_mixin.py:109} INFO - [2021-09-21 01:41:21,903] {dagbag.py:496} INFO - Filling up the DagBag from /home/airflow/.local/lib/python3.6/site-packages/airflow/example_dags/tutorial_etl_dag.py
[2021-09-21 01:41:21,916] {processor.py:623} INFO - DAG(s) dict_keys(['tutorial_etl_dag']) retrieved from /home/airflow/.local/lib/python3.6/site-packages/airflow/example_dags/tutorial_etl_dag.py
[2021-09-21 01:41:21,936] {logging_mixin.py:109} INFO - [2021-09-21 01:41:21,936] {dag.py:1834} INFO - Sync 1 DAGs
[2021-09-21 01:41:21,950] {logging_mixin.py:109} INFO - [2021-09-21 01:41:21,949] {dag.py:2287} INFO - Setting next_dagrun for tutorial_etl_dag to None
[2021-09-21 01:41:21,959] {processor.py:170} INFO - Processing /home/airflow/.local/lib/python3.6/site-packages/airflow/example_dags/tutorial_etl_dag.py took 0.063 seconds
[2021-09-21 01:41:52,215] {processor.py:162} INFO - Started process (PID=3048) to work on /home/airflow/.local/lib/python3.6/site-packages/airflow/example_dags/tutorial_etl_dag.py
[2021-09-21 01:41:52,217] {processor.py:613} INFO - Processing file /home/airflow/.local/lib/python3.6/site-packages/airflow/example_dags/tutorial_etl_dag.py for tasks to queue
[2021-09-21 01:41:52,218] {logging_mixin.py:109} INFO - [2021-09-21 01:41:52,218] {dagbag.py:496} INFO - Filling up the DagBag from /home/airflow/.local/lib/python3.6/site-packages/airflow/example_dags/tutorial_etl_dag.py
[2021-09-21 01:41:52,231] {processor.py:623} INFO - DAG(s) dict_keys(['tutorial_etl_dag']) retrieved from /home/airflow/.local/lib/python3.6/site-packages/airflow/example_dags/tutorial_etl_dag.py
[2021-09-21 01:41:52,256] {logging_mixin.py:109} INFO - [2021-09-21 01:41:52,256] {dag.py:1834} INFO - Sync 1 DAGs
[2021-09-21 01:41:52,269] {logging_mixin.py:109} INFO - [2021-09-21 01:41:52,269] {dag.py:2287} INFO - Setting next_dagrun for tutorial_etl_dag to None
[2021-09-21 01:41:52,278] {processor.py:170} INFO - Processing /home/airflow/.local/lib/python3.6/site-packages/airflow/example_dags/tutorial_etl_dag.py took 0.067 seconds
[2021-09-21 01:42:22,334] {processor.py:162} INFO - Started process (PID=3114) to work on /home/airflow/.local/lib/python3.6/site-packages/airflow/example_dags/tutorial_etl_dag.py
[2021-09-21 01:42:22,336] {processor.py:613} INFO - Processing file /home/airflow/.local/lib/python3.6/site-packages/airflow/example_dags/tutorial_etl_dag.py for tasks to queue
[2021-09-21 01:42:22,338] {logging_mixin.py:109} INFO - [2021-09-21 01:42:22,338] {dagbag.py:496} INFO - Filling up the DagBag from /home/airflow/.local/lib/python3.6/site-packages/airflow/example_dags/tutorial_etl_dag.py
[2021-09-21 01:42:22,353] {processor.py:623} INFO - DAG(s) dict_keys(['tutorial_etl_dag']) retrieved from /home/airflow/.local/lib/python3.6/site-packages/airflow/example_dags/tutorial_etl_dag.py
[2021-09-21 01:42:22,379] {logging_mixin.py:109} INFO - [2021-09-21 01:42:22,378] {dag.py:1834} INFO - Sync 1 DAGs
[2021-09-21 01:42:22,396] {logging_mixin.py:109} INFO - [2021-09-21 01:42:22,396] {dag.py:2287} INFO - Setting next_dagrun for tutorial_etl_dag to None
[2021-09-21 01:42:22,410] {processor.py:170} INFO - Processing /home/airflow/.local/lib/python3.6/site-packages/airflow/example_dags/tutorial_etl_dag.py took 0.080 seconds
[2021-09-21 01:42:52,578] {processor.py:162} INFO - Started process (PID=3168) to work on /home/airflow/.local/lib/python3.6/site-packages/airflow/example_dags/tutorial_etl_dag.py
[2021-09-21 01:42:52,580] {processor.py:613} INFO - Processing file /home/airflow/.local/lib/python3.6/site-packages/airflow/example_dags/tutorial_etl_dag.py for tasks to queue
[2021-09-21 01:42:52,582] {logging_mixin.py:109} INFO - [2021-09-21 01:42:52,582] {dagbag.py:496} INFO - Filling up the DagBag from /home/airflow/.local/lib/python3.6/site-packages/airflow/example_dags/tutorial_etl_dag.py
[2021-09-21 01:42:52,601] {processor.py:623} INFO - DAG(s) dict_keys(['tutorial_etl_dag']) retrieved from /home/airflow/.local/lib/python3.6/site-packages/airflow/example_dags/tutorial_etl_dag.py
[2021-09-21 01:42:52,625] {logging_mixin.py:109} INFO - [2021-09-21 01:42:52,625] {dag.py:1834} INFO - Sync 1 DAGs
[2021-09-21 01:42:52,645] {logging_mixin.py:109} INFO - [2021-09-21 01:42:52,645] {dag.py:2287} INFO - Setting next_dagrun for tutorial_etl_dag to None
[2021-09-21 01:42:52,657] {processor.py:170} INFO - Processing /home/airflow/.local/lib/python3.6/site-packages/airflow/example_dags/tutorial_etl_dag.py took 0.083 seconds
[2021-09-21 01:43:26,060] {processor.py:162} INFO - Started process (PID=3229) to work on /home/airflow/.local/lib/python3.6/site-packages/airflow/example_dags/tutorial_etl_dag.py
[2021-09-21 01:43:26,065] {processor.py:613} INFO - Processing file /home/airflow/.local/lib/python3.6/site-packages/airflow/example_dags/tutorial_etl_dag.py for tasks to queue
[2021-09-21 01:43:26,067] {logging_mixin.py:109} INFO - [2021-09-21 01:43:26,067] {dagbag.py:496} INFO - Filling up the DagBag from /home/airflow/.local/lib/python3.6/site-packages/airflow/example_dags/tutorial_etl_dag.py
[2021-09-21 01:43:26,096] {processor.py:623} INFO - DAG(s) dict_keys(['tutorial_etl_dag']) retrieved from /home/airflow/.local/lib/python3.6/site-packages/airflow/example_dags/tutorial_etl_dag.py
[2021-09-21 01:43:26,142] {logging_mixin.py:109} INFO - [2021-09-21 01:43:26,142] {dag.py:1834} INFO - Sync 1 DAGs
[2021-09-21 01:43:26,180] {logging_mixin.py:109} INFO - [2021-09-21 01:43:26,180] {dag.py:2287} INFO - Setting next_dagrun for tutorial_etl_dag to None
[2021-09-21 01:43:26,207] {processor.py:170} INFO - Processing /home/airflow/.local/lib/python3.6/site-packages/airflow/example_dags/tutorial_etl_dag.py took 0.152 seconds
[2021-09-21 01:43:56,470] {processor.py:162} INFO - Started process (PID=3281) to work on /home/airflow/.local/lib/python3.6/site-packages/airflow/example_dags/tutorial_etl_dag.py
[2021-09-21 01:43:56,472] {processor.py:613} INFO - Processing file /home/airflow/.local/lib/python3.6/site-packages/airflow/example_dags/tutorial_etl_dag.py for tasks to queue
[2021-09-21 01:43:56,474] {logging_mixin.py:109} INFO - [2021-09-21 01:43:56,474] {dagbag.py:496} INFO - Filling up the DagBag from /home/airflow/.local/lib/python3.6/site-packages/airflow/example_dags/tutorial_etl_dag.py
[2021-09-21 01:43:56,487] {processor.py:623} INFO - DAG(s) dict_keys(['tutorial_etl_dag']) retrieved from /home/airflow/.local/lib/python3.6/site-packages/airflow/example_dags/tutorial_etl_dag.py
[2021-09-21 01:43:56,516] {logging_mixin.py:109} INFO - [2021-09-21 01:43:56,516] {dag.py:1834} INFO - Sync 1 DAGs
[2021-09-21 01:43:56,538] {logging_mixin.py:109} INFO - [2021-09-21 01:43:56,538] {dag.py:2287} INFO - Setting next_dagrun for tutorial_etl_dag to None
[2021-09-21 01:43:56,549] {processor.py:170} INFO - Processing /home/airflow/.local/lib/python3.6/site-packages/airflow/example_dags/tutorial_etl_dag.py took 0.083 seconds
[2021-09-21 01:44:27,181] {processor.py:162} INFO - Started process (PID=3345) to work on /home/airflow/.local/lib/python3.6/site-packages/airflow/example_dags/tutorial_etl_dag.py
[2021-09-21 01:44:27,184] {processor.py:613} INFO - Processing file /home/airflow/.local/lib/python3.6/site-packages/airflow/example_dags/tutorial_etl_dag.py for tasks to queue
[2021-09-21 01:44:27,186] {logging_mixin.py:109} INFO - [2021-09-21 01:44:27,186] {dagbag.py:496} INFO - Filling up the DagBag from /home/airflow/.local/lib/python3.6/site-packages/airflow/example_dags/tutorial_etl_dag.py
[2021-09-21 01:44:27,217] {processor.py:623} INFO - DAG(s) dict_keys(['tutorial_etl_dag']) retrieved from /home/airflow/.local/lib/python3.6/site-packages/airflow/example_dags/tutorial_etl_dag.py
[2021-09-21 01:44:27,245] {logging_mixin.py:109} INFO - [2021-09-21 01:44:27,245] {dag.py:1834} INFO - Sync 1 DAGs
[2021-09-21 01:44:27,277] {logging_mixin.py:109} INFO - [2021-09-21 01:44:27,277] {dag.py:2287} INFO - Setting next_dagrun for tutorial_etl_dag to None
[2021-09-21 01:44:27,294] {processor.py:170} INFO - Processing /home/airflow/.local/lib/python3.6/site-packages/airflow/example_dags/tutorial_etl_dag.py took 0.121 seconds
[2021-09-21 01:44:57,382] {processor.py:162} INFO - Started process (PID=3397) to work on /home/airflow/.local/lib/python3.6/site-packages/airflow/example_dags/tutorial_etl_dag.py
[2021-09-21 01:44:57,384] {processor.py:613} INFO - Processing file /home/airflow/.local/lib/python3.6/site-packages/airflow/example_dags/tutorial_etl_dag.py for tasks to queue
[2021-09-21 01:44:57,385] {logging_mixin.py:109} INFO - [2021-09-21 01:44:57,385] {dagbag.py:496} INFO - Filling up the DagBag from /home/airflow/.local/lib/python3.6/site-packages/airflow/example_dags/tutorial_etl_dag.py
[2021-09-21 01:44:57,400] {processor.py:623} INFO - DAG(s) dict_keys(['tutorial_etl_dag']) retrieved from /home/airflow/.local/lib/python3.6/site-packages/airflow/example_dags/tutorial_etl_dag.py
[2021-09-21 01:44:57,424] {logging_mixin.py:109} INFO - [2021-09-21 01:44:57,424] {dag.py:1834} INFO - Sync 1 DAGs
[2021-09-21 01:44:57,443] {logging_mixin.py:109} INFO - [2021-09-21 01:44:57,443] {dag.py:2287} INFO - Setting next_dagrun for tutorial_etl_dag to None
[2021-09-21 01:44:57,455] {processor.py:170} INFO - Processing /home/airflow/.local/lib/python3.6/site-packages/airflow/example_dags/tutorial_etl_dag.py took 0.077 seconds
[2021-09-21 01:45:28,311] {processor.py:162} INFO - Started process (PID=3463) to work on /home/airflow/.local/lib/python3.6/site-packages/airflow/example_dags/tutorial_etl_dag.py
[2021-09-21 01:45:28,313] {processor.py:613} INFO - Processing file /home/airflow/.local/lib/python3.6/site-packages/airflow/example_dags/tutorial_etl_dag.py for tasks to queue
[2021-09-21 01:45:28,315] {logging_mixin.py:109} INFO - [2021-09-21 01:45:28,315] {dagbag.py:496} INFO - Filling up the DagBag from /home/airflow/.local/lib/python3.6/site-packages/airflow/example_dags/tutorial_etl_dag.py
[2021-09-21 01:45:28,328] {processor.py:623} INFO - DAG(s) dict_keys(['tutorial_etl_dag']) retrieved from /home/airflow/.local/lib/python3.6/site-packages/airflow/example_dags/tutorial_etl_dag.py
[2021-09-21 01:45:28,354] {logging_mixin.py:109} INFO - [2021-09-21 01:45:28,354] {dag.py:1834} INFO - Sync 1 DAGs
[2021-09-21 01:45:28,371] {logging_mixin.py:109} INFO - [2021-09-21 01:45:28,371] {dag.py:2287} INFO - Setting next_dagrun for tutorial_etl_dag to None
[2021-09-21 01:45:28,385] {processor.py:170} INFO - Processing /home/airflow/.local/lib/python3.6/site-packages/airflow/example_dags/tutorial_etl_dag.py took 0.078 seconds
[2021-09-21 01:45:59,163] {processor.py:162} INFO - Started process (PID=3526) to work on /home/airflow/.local/lib/python3.6/site-packages/airflow/example_dags/tutorial_etl_dag.py
[2021-09-21 01:45:59,166] {processor.py:613} INFO - Processing file /home/airflow/.local/lib/python3.6/site-packages/airflow/example_dags/tutorial_etl_dag.py for tasks to queue
[2021-09-21 01:45:59,167] {logging_mixin.py:109} INFO - [2021-09-21 01:45:59,167] {dagbag.py:496} INFO - Filling up the DagBag from /home/airflow/.local/lib/python3.6/site-packages/airflow/example_dags/tutorial_etl_dag.py
[2021-09-21 01:45:59,181] {processor.py:623} INFO - DAG(s) dict_keys(['tutorial_etl_dag']) retrieved from /home/airflow/.local/lib/python3.6/site-packages/airflow/example_dags/tutorial_etl_dag.py
[2021-09-21 01:45:59,208] {logging_mixin.py:109} INFO - [2021-09-21 01:45:59,207] {dag.py:1834} INFO - Sync 1 DAGs
[2021-09-21 01:45:59,222] {logging_mixin.py:109} INFO - [2021-09-21 01:45:59,222] {dag.py:2287} INFO - Setting next_dagrun for tutorial_etl_dag to None
[2021-09-21 01:45:59,233] {processor.py:170} INFO - Processing /home/airflow/.local/lib/python3.6/site-packages/airflow/example_dags/tutorial_etl_dag.py took 0.073 seconds
[2021-09-21 01:46:30,614] {processor.py:162} INFO - Started process (PID=3590) to work on /home/airflow/.local/lib/python3.6/site-packages/airflow/example_dags/tutorial_etl_dag.py
[2021-09-21 01:46:30,617] {processor.py:613} INFO - Processing file /home/airflow/.local/lib/python3.6/site-packages/airflow/example_dags/tutorial_etl_dag.py for tasks to queue
[2021-09-21 01:46:30,618] {logging_mixin.py:109} INFO - [2021-09-21 01:46:30,618] {dagbag.py:496} INFO - Filling up the DagBag from /home/airflow/.local/lib/python3.6/site-packages/airflow/example_dags/tutorial_etl_dag.py
[2021-09-21 01:46:30,636] {processor.py:623} INFO - DAG(s) dict_keys(['tutorial_etl_dag']) retrieved from /home/airflow/.local/lib/python3.6/site-packages/airflow/example_dags/tutorial_etl_dag.py
[2021-09-21 01:46:30,670] {logging_mixin.py:109} INFO - [2021-09-21 01:46:30,670] {dag.py:1834} INFO - Sync 1 DAGs
[2021-09-21 01:46:30,691] {logging_mixin.py:109} INFO - [2021-09-21 01:46:30,691] {dag.py:2287} INFO - Setting next_dagrun for tutorial_etl_dag to None
[2021-09-21 01:46:30,706] {processor.py:170} INFO - Processing /home/airflow/.local/lib/python3.6/site-packages/airflow/example_dags/tutorial_etl_dag.py took 0.097 seconds
[2021-09-21 01:47:01,835] {processor.py:162} INFO - Started process (PID=3645) to work on /home/airflow/.local/lib/python3.6/site-packages/airflow/example_dags/tutorial_etl_dag.py
[2021-09-21 01:47:01,843] {processor.py:613} INFO - Processing file /home/airflow/.local/lib/python3.6/site-packages/airflow/example_dags/tutorial_etl_dag.py for tasks to queue
[2021-09-21 01:47:01,846] {logging_mixin.py:109} INFO - [2021-09-21 01:47:01,846] {dagbag.py:496} INFO - Filling up the DagBag from /home/airflow/.local/lib/python3.6/site-packages/airflow/example_dags/tutorial_etl_dag.py
[2021-09-21 01:47:01,864] {processor.py:623} INFO - DAG(s) dict_keys(['tutorial_etl_dag']) retrieved from /home/airflow/.local/lib/python3.6/site-packages/airflow/example_dags/tutorial_etl_dag.py
[2021-09-21 01:47:01,897] {logging_mixin.py:109} INFO - [2021-09-21 01:47:01,897] {dag.py:1834} INFO - Sync 1 DAGs
[2021-09-21 01:47:01,915] {logging_mixin.py:109} INFO - [2021-09-21 01:47:01,915] {dag.py:2287} INFO - Setting next_dagrun for tutorial_etl_dag to None
[2021-09-21 01:47:01,927] {processor.py:170} INFO - Processing /home/airflow/.local/lib/python3.6/site-packages/airflow/example_dags/tutorial_etl_dag.py took 0.097 seconds
[2021-09-21 01:47:32,191] {processor.py:162} INFO - Started process (PID=3711) to work on /home/airflow/.local/lib/python3.6/site-packages/airflow/example_dags/tutorial_etl_dag.py
[2021-09-21 01:47:32,193] {processor.py:613} INFO - Processing file /home/airflow/.local/lib/python3.6/site-packages/airflow/example_dags/tutorial_etl_dag.py for tasks to queue
[2021-09-21 01:47:32,195] {logging_mixin.py:109} INFO - [2021-09-21 01:47:32,194] {dagbag.py:496} INFO - Filling up the DagBag from /home/airflow/.local/lib/python3.6/site-packages/airflow/example_dags/tutorial_etl_dag.py
[2021-09-21 01:47:32,212] {processor.py:623} INFO - DAG(s) dict_keys(['tutorial_etl_dag']) retrieved from /home/airflow/.local/lib/python3.6/site-packages/airflow/example_dags/tutorial_etl_dag.py
[2021-09-21 01:47:32,263] {logging_mixin.py:109} INFO - [2021-09-21 01:47:32,262] {dag.py:1834} INFO - Sync 1 DAGs
[2021-09-21 01:47:32,291] {logging_mixin.py:109} INFO - [2021-09-21 01:47:32,291] {dag.py:2287} INFO - Setting next_dagrun for tutorial_etl_dag to None
[2021-09-21 01:47:32,314] {processor.py:170} INFO - Processing /home/airflow/.local/lib/python3.6/site-packages/airflow/example_dags/tutorial_etl_dag.py took 0.129 seconds
[2021-09-21 01:48:03,072] {processor.py:162} INFO - Started process (PID=3763) to work on /home/airflow/.local/lib/python3.6/site-packages/airflow/example_dags/tutorial_etl_dag.py
[2021-09-21 01:48:03,075] {processor.py:613} INFO - Processing file /home/airflow/.local/lib/python3.6/site-packages/airflow/example_dags/tutorial_etl_dag.py for tasks to queue
[2021-09-21 01:48:03,077] {logging_mixin.py:109} INFO - [2021-09-21 01:48:03,077] {dagbag.py:496} INFO - Filling up the DagBag from /home/airflow/.local/lib/python3.6/site-packages/airflow/example_dags/tutorial_etl_dag.py
[2021-09-21 01:48:03,090] {processor.py:623} INFO - DAG(s) dict_keys(['tutorial_etl_dag']) retrieved from /home/airflow/.local/lib/python3.6/site-packages/airflow/example_dags/tutorial_etl_dag.py
[2021-09-21 01:48:03,112] {logging_mixin.py:109} INFO - [2021-09-21 01:48:03,112] {dag.py:1834} INFO - Sync 1 DAGs
[2021-09-21 01:48:03,127] {logging_mixin.py:109} INFO - [2021-09-21 01:48:03,127] {dag.py:2287} INFO - Setting next_dagrun for tutorial_etl_dag to None
[2021-09-21 01:48:03,140] {processor.py:170} INFO - Processing /home/airflow/.local/lib/python3.6/site-packages/airflow/example_dags/tutorial_etl_dag.py took 0.071 seconds
[2021-09-21 01:48:33,542] {processor.py:162} INFO - Started process (PID=3828) to work on /home/airflow/.local/lib/python3.6/site-packages/airflow/example_dags/tutorial_etl_dag.py
[2021-09-21 01:48:33,545] {processor.py:613} INFO - Processing file /home/airflow/.local/lib/python3.6/site-packages/airflow/example_dags/tutorial_etl_dag.py for tasks to queue
[2021-09-21 01:48:33,550] {logging_mixin.py:109} INFO - [2021-09-21 01:48:33,549] {dagbag.py:496} INFO - Filling up the DagBag from /home/airflow/.local/lib/python3.6/site-packages/airflow/example_dags/tutorial_etl_dag.py
[2021-09-21 01:48:33,579] {processor.py:623} INFO - DAG(s) dict_keys(['tutorial_etl_dag']) retrieved from /home/airflow/.local/lib/python3.6/site-packages/airflow/example_dags/tutorial_etl_dag.py
[2021-09-21 01:48:33,605] {logging_mixin.py:109} INFO - [2021-09-21 01:48:33,605] {dag.py:1834} INFO - Sync 1 DAGs
[2021-09-21 01:48:33,621] {logging_mixin.py:109} INFO - [2021-09-21 01:48:33,621] {dag.py:2287} INFO - Setting next_dagrun for tutorial_etl_dag to None
[2021-09-21 01:48:33,631] {processor.py:170} INFO - Processing /home/airflow/.local/lib/python3.6/site-packages/airflow/example_dags/tutorial_etl_dag.py took 0.095 seconds
[2021-09-21 01:49:03,670] {processor.py:162} INFO - Started process (PID=3880) to work on /home/airflow/.local/lib/python3.6/site-packages/airflow/example_dags/tutorial_etl_dag.py
[2021-09-21 01:49:03,673] {processor.py:613} INFO - Processing file /home/airflow/.local/lib/python3.6/site-packages/airflow/example_dags/tutorial_etl_dag.py for tasks to queue
[2021-09-21 01:49:03,674] {logging_mixin.py:109} INFO - [2021-09-21 01:49:03,674] {dagbag.py:496} INFO - Filling up the DagBag from /home/airflow/.local/lib/python3.6/site-packages/airflow/example_dags/tutorial_etl_dag.py
[2021-09-21 01:49:03,687] {processor.py:623} INFO - DAG(s) dict_keys(['tutorial_etl_dag']) retrieved from /home/airflow/.local/lib/python3.6/site-packages/airflow/example_dags/tutorial_etl_dag.py
[2021-09-21 01:49:03,711] {logging_mixin.py:109} INFO - [2021-09-21 01:49:03,711] {dag.py:1834} INFO - Sync 1 DAGs
[2021-09-21 01:49:03,727] {logging_mixin.py:109} INFO - [2021-09-21 01:49:03,727] {dag.py:2287} INFO - Setting next_dagrun for tutorial_etl_dag to None
[2021-09-21 01:49:03,739] {processor.py:170} INFO - Processing /home/airflow/.local/lib/python3.6/site-packages/airflow/example_dags/tutorial_etl_dag.py took 0.072 seconds
[2021-09-21 01:49:33,916] {processor.py:162} INFO - Started process (PID=3943) to work on /home/airflow/.local/lib/python3.6/site-packages/airflow/example_dags/tutorial_etl_dag.py
[2021-09-21 01:49:33,919] {processor.py:613} INFO - Processing file /home/airflow/.local/lib/python3.6/site-packages/airflow/example_dags/tutorial_etl_dag.py for tasks to queue
[2021-09-21 01:49:33,920] {logging_mixin.py:109} INFO - [2021-09-21 01:49:33,920] {dagbag.py:496} INFO - Filling up the DagBag from /home/airflow/.local/lib/python3.6/site-packages/airflow/example_dags/tutorial_etl_dag.py
[2021-09-21 01:49:33,934] {processor.py:623} INFO - DAG(s) dict_keys(['tutorial_etl_dag']) retrieved from /home/airflow/.local/lib/python3.6/site-packages/airflow/example_dags/tutorial_etl_dag.py
[2021-09-21 01:49:33,961] {logging_mixin.py:109} INFO - [2021-09-21 01:49:33,960] {dag.py:1834} INFO - Sync 1 DAGs
[2021-09-21 01:49:33,975] {logging_mixin.py:109} INFO - [2021-09-21 01:49:33,975] {dag.py:2287} INFO - Setting next_dagrun for tutorial_etl_dag to None
[2021-09-21 01:49:33,987] {processor.py:170} INFO - Processing /home/airflow/.local/lib/python3.6/site-packages/airflow/example_dags/tutorial_etl_dag.py took 0.074 seconds
[2021-09-21 01:50:04,327] {processor.py:162} INFO - Started process (PID=4007) to work on /home/airflow/.local/lib/python3.6/site-packages/airflow/example_dags/tutorial_etl_dag.py
[2021-09-21 01:50:04,329] {processor.py:613} INFO - Processing file /home/airflow/.local/lib/python3.6/site-packages/airflow/example_dags/tutorial_etl_dag.py for tasks to queue
[2021-09-21 01:50:04,331] {logging_mixin.py:109} INFO - [2021-09-21 01:50:04,330] {dagbag.py:496} INFO - Filling up the DagBag from /home/airflow/.local/lib/python3.6/site-packages/airflow/example_dags/tutorial_etl_dag.py
[2021-09-21 01:50:04,348] {processor.py:623} INFO - DAG(s) dict_keys(['tutorial_etl_dag']) retrieved from /home/airflow/.local/lib/python3.6/site-packages/airflow/example_dags/tutorial_etl_dag.py
[2021-09-21 01:50:04,377] {logging_mixin.py:109} INFO - [2021-09-21 01:50:04,377] {dag.py:1834} INFO - Sync 1 DAGs
[2021-09-21 01:50:04,396] {logging_mixin.py:109} INFO - [2021-09-21 01:50:04,396] {dag.py:2287} INFO - Setting next_dagrun for tutorial_etl_dag to None
[2021-09-21 01:50:04,410] {processor.py:170} INFO - Processing /home/airflow/.local/lib/python3.6/site-packages/airflow/example_dags/tutorial_etl_dag.py took 0.086 seconds
[2021-09-21 01:50:35,259] {processor.py:162} INFO - Started process (PID=4058) to work on /home/airflow/.local/lib/python3.6/site-packages/airflow/example_dags/tutorial_etl_dag.py
[2021-09-21 01:50:35,262] {processor.py:613} INFO - Processing file /home/airflow/.local/lib/python3.6/site-packages/airflow/example_dags/tutorial_etl_dag.py for tasks to queue
[2021-09-21 01:50:35,264] {logging_mixin.py:109} INFO - [2021-09-21 01:50:35,264] {dagbag.py:496} INFO - Filling up the DagBag from /home/airflow/.local/lib/python3.6/site-packages/airflow/example_dags/tutorial_etl_dag.py
[2021-09-21 01:50:35,281] {processor.py:623} INFO - DAG(s) dict_keys(['tutorial_etl_dag']) retrieved from /home/airflow/.local/lib/python3.6/site-packages/airflow/example_dags/tutorial_etl_dag.py
[2021-09-21 01:50:35,305] {logging_mixin.py:109} INFO - [2021-09-21 01:50:35,305] {dag.py:1834} INFO - Sync 1 DAGs
[2021-09-21 01:50:35,322] {logging_mixin.py:109} INFO - [2021-09-21 01:50:35,322] {dag.py:2287} INFO - Setting next_dagrun for tutorial_etl_dag to None
[2021-09-21 01:50:35,333] {processor.py:170} INFO - Processing /home/airflow/.local/lib/python3.6/site-packages/airflow/example_dags/tutorial_etl_dag.py took 0.080 seconds
[2021-09-21 01:51:05,575] {processor.py:162} INFO - Started process (PID=4122) to work on /home/airflow/.local/lib/python3.6/site-packages/airflow/example_dags/tutorial_etl_dag.py
[2021-09-21 01:51:05,580] {processor.py:613} INFO - Processing file /home/airflow/.local/lib/python3.6/site-packages/airflow/example_dags/tutorial_etl_dag.py for tasks to queue
[2021-09-21 01:51:05,581] {logging_mixin.py:109} INFO - [2021-09-21 01:51:05,581] {dagbag.py:496} INFO - Filling up the DagBag from /home/airflow/.local/lib/python3.6/site-packages/airflow/example_dags/tutorial_etl_dag.py
[2021-09-21 01:51:05,594] {processor.py:623} INFO - DAG(s) dict_keys(['tutorial_etl_dag']) retrieved from /home/airflow/.local/lib/python3.6/site-packages/airflow/example_dags/tutorial_etl_dag.py
[2021-09-21 01:51:05,616] {logging_mixin.py:109} INFO - [2021-09-21 01:51:05,616] {dag.py:1834} INFO - Sync 1 DAGs
[2021-09-21 01:51:05,630] {logging_mixin.py:109} INFO - [2021-09-21 01:51:05,630] {dag.py:2287} INFO - Setting next_dagrun for tutorial_etl_dag to None
[2021-09-21 01:51:05,639] {processor.py:170} INFO - Processing /home/airflow/.local/lib/python3.6/site-packages/airflow/example_dags/tutorial_etl_dag.py took 0.071 seconds
[2021-09-21 01:51:35,841] {processor.py:162} INFO - Started process (PID=4175) to work on /home/airflow/.local/lib/python3.6/site-packages/airflow/example_dags/tutorial_etl_dag.py
[2021-09-21 01:51:35,844] {processor.py:613} INFO - Processing file /home/airflow/.local/lib/python3.6/site-packages/airflow/example_dags/tutorial_etl_dag.py for tasks to queue
[2021-09-21 01:51:35,846] {logging_mixin.py:109} INFO - [2021-09-21 01:51:35,846] {dagbag.py:496} INFO - Filling up the DagBag from /home/airflow/.local/lib/python3.6/site-packages/airflow/example_dags/tutorial_etl_dag.py
[2021-09-21 01:51:35,864] {processor.py:623} INFO - DAG(s) dict_keys(['tutorial_etl_dag']) retrieved from /home/airflow/.local/lib/python3.6/site-packages/airflow/example_dags/tutorial_etl_dag.py
[2021-09-21 01:51:35,905] {logging_mixin.py:109} INFO - [2021-09-21 01:51:35,904] {dag.py:1834} INFO - Sync 1 DAGs
[2021-09-21 01:51:35,925] {logging_mixin.py:109} INFO - [2021-09-21 01:51:35,925] {dag.py:2287} INFO - Setting next_dagrun for tutorial_etl_dag to None
[2021-09-21 01:51:35,940] {processor.py:170} INFO - Processing /home/airflow/.local/lib/python3.6/site-packages/airflow/example_dags/tutorial_etl_dag.py took 0.103 seconds
[2021-09-21 01:52:06,223] {processor.py:162} INFO - Started process (PID=4238) to work on /home/airflow/.local/lib/python3.6/site-packages/airflow/example_dags/tutorial_etl_dag.py
[2021-09-21 01:52:06,228] {processor.py:613} INFO - Processing file /home/airflow/.local/lib/python3.6/site-packages/airflow/example_dags/tutorial_etl_dag.py for tasks to queue
[2021-09-21 01:52:06,231] {logging_mixin.py:109} INFO - [2021-09-21 01:52:06,231] {dagbag.py:496} INFO - Filling up the DagBag from /home/airflow/.local/lib/python3.6/site-packages/airflow/example_dags/tutorial_etl_dag.py
[2021-09-21 01:52:06,260] {processor.py:623} INFO - DAG(s) dict_keys(['tutorial_etl_dag']) retrieved from /home/airflow/.local/lib/python3.6/site-packages/airflow/example_dags/tutorial_etl_dag.py
[2021-09-21 01:52:06,314] {logging_mixin.py:109} INFO - [2021-09-21 01:52:06,314] {dag.py:1834} INFO - Sync 1 DAGs
[2021-09-21 01:52:06,343] {logging_mixin.py:109} INFO - [2021-09-21 01:52:06,343] {dag.py:2287} INFO - Setting next_dagrun for tutorial_etl_dag to None
[2021-09-21 01:52:06,361] {processor.py:170} INFO - Processing /home/airflow/.local/lib/python3.6/site-packages/airflow/example_dags/tutorial_etl_dag.py took 0.144 seconds
[2021-09-21 01:52:36,415] {processor.py:162} INFO - Started process (PID=4293) to work on /home/airflow/.local/lib/python3.6/site-packages/airflow/example_dags/tutorial_etl_dag.py
[2021-09-21 01:52:36,417] {processor.py:613} INFO - Processing file /home/airflow/.local/lib/python3.6/site-packages/airflow/example_dags/tutorial_etl_dag.py for tasks to queue
[2021-09-21 01:52:36,418] {logging_mixin.py:109} INFO - [2021-09-21 01:52:36,418] {dagbag.py:496} INFO - Filling up the DagBag from /home/airflow/.local/lib/python3.6/site-packages/airflow/example_dags/tutorial_etl_dag.py
[2021-09-21 01:52:36,432] {processor.py:623} INFO - DAG(s) dict_keys(['tutorial_etl_dag']) retrieved from /home/airflow/.local/lib/python3.6/site-packages/airflow/example_dags/tutorial_etl_dag.py
[2021-09-21 01:52:36,462] {logging_mixin.py:109} INFO - [2021-09-21 01:52:36,462] {dag.py:1834} INFO - Sync 1 DAGs
[2021-09-21 01:52:36,478] {logging_mixin.py:109} INFO - [2021-09-21 01:52:36,477] {dag.py:2287} INFO - Setting next_dagrun for tutorial_etl_dag to None
[2021-09-21 01:52:36,491] {processor.py:170} INFO - Processing /home/airflow/.local/lib/python3.6/site-packages/airflow/example_dags/tutorial_etl_dag.py took 0.080 seconds
